project.emulator.get_num_leaks() = 3
Sources
[{'clss': 'Lcom/fyber/offerwall/qi;',
  'method': '<init>(Landroid/content/Context;Lcom/fyber/fairbid/internal/Utils$a;)V',
  'name': ['UUID'],
  'num': 50,
  'source_class': 'Ljava/util/UUID;',
  'source_method': 'toString()Ljava/lang/String;'},
 {'clss': 'Lcom/fyber/fairbid/sdk/session/UserSession;',
  'method': '<init>(JLcom/fyber/fairbid/sdk/session/Storage;)V',
  'name': ['UUID'],
  'num': 180,
  'source_class': 'Ljava/util/UUID;',
  'source_method': 'toString()Ljava/lang/String;'},
 {'clss': 'Lcom/fyber/offerwall/v0;',
  'method': 'call()Ljava/lang/Object;',
  'name': ['AAID'],
  'num': 60,
  'source_class': 'Lcom/google/android/gms/ads/identifier/AdvertisingIdClient$Info;',
  'source_method': 'getId()Ljava/lang/String;'},
 {'clss': 'Lcom/fyber/offerwall/qi;', 'method': 'a()Ljava/lang/String;', 'name': ['UUID'], 'num': 118, 'source_class': 'Ljava/util/UUID;', 'source_method': 'toString()Ljava/lang/String;'},
 {'clss': 'Lcom/fyber/fairbid/http/requests/JsonPostBodyProvider;',
  'method': 'getContent()Ljava/lang/String;',
  'name': ['AAID', 'UUID'],
  'num': 92,
  'source_class': 'Lorg/json/JSONObject;',
  'source_method': 'toString()Ljava/lang/String;'},
 {'clss': 'Lcom/fyber/fairbid/http/connection/HttpClient;',
  'method': 'access$log(Lcom/fyber/fairbid/http/connection/HttpClient;Ljava/lang/String;Ljava/lang/String;Ljava/util/Map;Ljava/lang/String;)V',
  'name': ['AAID', 'UUID'],
  'num': 281,
  'source_class': 'Ljava/lang/StringBuilder;',
  'source_method': 'toString()Ljava/lang/String;'},
 {'clss': 'Lcom/fyber/fairbid/http/requests/JsonPostBodyProvider;',
  'method': 'getContent()Ljava/lang/String;',
  'name': ['AAID', 'UUID'],
  'num': 92,
  'source_class': 'Lorg/json/JSONObject;',
  'source_method': 'toString()Ljava/lang/String;'},
 {'clss': 'Lcom/fyber/inneractive/sdk/network/d0;',
  'method': '<init>(Lcom/fyber/inneractive/sdk/network/u;Lcom/fyber/inneractive/sdk/network/g;Lcom/fyber/inneractive/sdk/config/global/s;)V',
  'name': ['UUID'],
  'num': 104,
  'source_class': 'Ljava/util/UUID;',
  'source_method': 'toString()Ljava/lang/String;'},
 {'clss': 'Lcom/fyber/inneractive/sdk/network/d0;',
  'method': '<init>(Lcom/fyber/inneractive/sdk/network/u;Lcom/fyber/inneractive/sdk/network/g;Lcom/fyber/inneractive/sdk/config/global/s;)V',
  'name': ['UUID'],
  'num': 104,
  'source_class': 'Ljava/util/UUID;',
  'source_method': 'toString()Ljava/lang/String;'},
 {'clss': 'Lcom/fyber/fairbid/internal/Utils;',
  'method': 'getMapAsUrlParams(Ljava/util/Map;)Ljava/lang/String;',
  'name': ['UUID'],
  'num': 1164,
  'source_class': 'Ljava/util/Map$Entry;',
  'source_method': 'getValue()Ljava/lang/Object;'},
 {'clss': 'Lcom/fyber/fairbid/internal/Utils;',
  'method': 'getMapAsUrlParams(Ljava/util/Map;)Ljava/lang/String;',
  'name': ['AAID'],
  'num': 1164,
  'source_class': 'Ljava/util/Map$Entry;',
  'source_method': 'getValue()Ljava/lang/Object;'},
 {'clss': 'Lcom/fyber/fairbid/internal/Utils;',
  'method': 'getMapAsUrlParams(Ljava/util/Map;)Ljava/lang/String;',
  'name': ['AAID'],
  'num': 1164,
  'source_class': 'Ljava/util/Map$Entry;',
  'source_method': 'getValue()Ljava/lang/Object;'},
 {'clss': 'Lcom/fyber/fairbid/internal/Utils;',
  'method': 'getMapAsUrlParams(Ljava/util/Map;)Ljava/lang/String;',
  'name': ['UUID'],
  'num': 1164,
  'source_class': 'Ljava/util/Map$Entry;',
  'source_method': 'getValue()Ljava/lang/Object;'},
 {'clss': 'Lcom/fyber/fairbid/internal/Utils;',
  'method': 'getMapAsUrlParams(Ljava/util/Map;)Ljava/lang/String;',
  'name': ['AAID', 'UUID'],
  'num': 1180,
  'source_class': 'Landroid/net/Uri;',
  'source_method': 'getEncodedQuery()Ljava/lang/String;'},
 {'clss': 'Lcom/fyber/fairbid/http/connection/HttpClient;',
  'method': 'access$log(Lcom/fyber/fairbid/http/connection/HttpClient;Ljava/lang/String;Ljava/lang/String;Ljava/util/Map;Ljava/lang/String;)V',
  'name': ['AAID', 'UUID'],
  'num': 229,
  'source_class': 'Ljava/lang/StringBuilder;',
  'source_method': 'toString()Ljava/lang/String;'},
 {'clss': 'Lcom/fyber/fairbid/http/FairBidHttpUtils;',
  'method': 'urlBuilder(Ljava/lang/String;Ljava/util/Map;Ljava/lang/String;)Ljava/net/URL;',
  'name': ['UUID'],
  'num': 224,
  'source_class': 'Ljava/util/Map$Entry;',
  'source_method': 'getValue()Ljava/lang/Object;'},
 {'clss': 'Lcom/fyber/fairbid/http/FairBidHttpUtils;',
  'method': 'urlBuilder(Ljava/lang/String;Ljava/util/Map;Ljava/lang/String;)Ljava/net/URL;',
  'name': ['AAID'],
  'num': 224,
  'source_class': 'Ljava/util/Map$Entry;',
  'source_method': 'getValue()Ljava/lang/Object;'},
 {'clss': 'Lcom/fyber/fairbid/http/FairBidHttpUtils;',
  'method': 'urlBuilder(Ljava/lang/String;Ljava/util/Map;Ljava/lang/String;)Ljava/net/URL;',
  'name': ['AAID'],
  'num': 224,
  'source_class': 'Ljava/util/Map$Entry;',
  'source_method': 'getValue()Ljava/lang/Object;'},
 {'clss': 'Lcom/fyber/fairbid/http/FairBidHttpUtils;',
  'method': 'urlBuilder(Ljava/lang/String;Ljava/util/Map;Ljava/lang/String;)Ljava/net/URL;',
  'name': ['UUID'],
  'num': 224,
  'source_class': 'Ljava/util/Map$Entry;',
  'source_method': 'getValue()Ljava/lang/Object;'},
 {'clss': 'Lcom/fyber/fairbid/http/FairBidHttpUtils;',
  'method': 'urlBuilder(Ljava/lang/String;Ljava/util/Map;Ljava/lang/String;)Ljava/net/URL;',
  'name': ['AAID', 'UUID'],
  'num': 264,
  'source_class': 'Landroid/net/Uri;',
  'source_method': 'toString()Ljava/lang/String;'},
 {'clss': 'Lcom/fyber/inneractive/sdk/config/w;',
  'method': 'a(Landroid/content/Context;Lcom/fyber/inneractive/sdk/config/v;)V',
  'name': ['AAID'],
  'num': 18,
  'source_class': 'Lcom/google/android/gms/ads/identifier/AdvertisingIdClient$Info;',
  'source_method': 'getId()Ljava/lang/String;'},
 {'clss': 'Lcom/fyber/inneractive/sdk/logger/a;',
  'method': 'verbose(Ljava/lang/String;[Ljava/lang/Object;)V',
  'name': ['AAID'],
  'num': 173,
  'source_class': 'Ljava/lang/String;',
  'source_method': 'format(Ljava/lang/String;[Ljava/lang/Object;)Ljava/lang/String;'},
 {'clss': 'Lcom/fyber/inneractive/sdk/network/d0;',
  'method': '<init>(Lcom/fyber/inneractive/sdk/network/u;Lcom/fyber/inneractive/sdk/network/g;Lcom/fyber/inneractive/sdk/config/global/s;)V',
  'name': ['UUID'],
  'num': 104,
  'source_class': 'Ljava/util/UUID;',
  'source_method': 'toString()Ljava/lang/String;'},
 {'clss': 'Lcom/fyber/inneractive/sdk/network/d0;',
  'method': '<init>(Lcom/fyber/inneractive/sdk/network/u;Lcom/fyber/inneractive/sdk/network/g;Lcom/fyber/inneractive/sdk/config/global/s;)V',
  'name': ['UUID'],
  'num': 104,
  'source_class': 'Ljava/util/UUID;',
  'source_method': 'toString()Ljava/lang/String;'},
 {'clss': 'Lcom/fyber/inneractive/sdk/network/d0;',
  'method': '<init>(Lcom/fyber/inneractive/sdk/network/u;Lcom/fyber/inneractive/sdk/network/g;Lcom/fyber/inneractive/sdk/config/global/s;)V',
  'name': ['UUID'],
  'num': 104,
  'source_class': 'Ljava/util/UUID;',
  'source_method': 'toString()Ljava/lang/String;'},
 {'clss': 'Lcom/fyber/inneractive/sdk/network/d0;',
  'method': '<init>(Lcom/fyber/inneractive/sdk/network/u;Lcom/fyber/inneractive/sdk/network/g;Lcom/fyber/inneractive/sdk/config/global/s;)V',
  'name': ['UUID'],
  'num': 104,
  'source_class': 'Ljava/util/UUID;',
  'source_method': 'toString()Ljava/lang/String;'},
 {'clss': 'Lcom/fyber/fairbid/http/responses/JsonObjectResponseHandler$DefaultImpls;',
  'method': 'process(Lcom/fyber/fairbid/http/responses/JsonObjectResponseHandler;ILjava/lang/String;Ljava/io/InputStream;)Lorg/json/JSONObject;',
  'name': ['UUID'],
  'num': 46,
  'source_class': 'Lcom/fyber/offerwall/n9;',
  'source_method': 'a(Ljava/io/InputStream;)Ljava/lang/String;'},
 {'clss': 'Lcom/fyber/offerwall/pb;',
  'method': 'a(Lorg/json/JSONObject;)Lcom/fyber/offerwall/pb$a;',
  'name': ['UUID'],
  'num': 647,
  'source_class': 'Lorg/json/JSONObject;',
  'source_method': 'optString(Ljava/lang/String;Ljava/lang/String;)Ljava/lang/String;'},
 {'clss': 'Lcom/fyber/offerwall/rb;', 'method': 'a(Lorg/json/JSONObject;)V', 'name': ['UUID'], 'num': 55, 'source_class': 'Lorg/json/JSONObject;', 'source_method': 'toString()Ljava/lang/String;'},
 {'clss': 'Lcom/fyber/fairbid/http/requests/JsonPostBodyProvider;',
  'method': 'getContent()Ljava/lang/String;',
  'name': ['UUID'],
  'num': 92,
  'source_class': 'Lorg/json/JSONObject;',
  'source_method': 'toString()Ljava/lang/String;'},
 {'clss': 'Lcom/fyber/fairbid/http/connection/HttpClient;',
  'method': 'access$log(Lcom/fyber/fairbid/http/connection/HttpClient;Ljava/lang/String;Ljava/lang/String;Ljava/util/Map;Ljava/lang/String;)V',
  'name': ['UUID'],
  'num': 281,
  'source_class': 'Ljava/lang/StringBuilder;',
  'source_method': 'toString()Ljava/lang/String;'},
 {'clss': 'Lcom/fyber/fairbid/http/requests/JsonPostBodyProvider;',
  'method': 'getContent()Ljava/lang/String;',
  'name': ['UUID'],
  'num': 92,
  'source_class': 'Lorg/json/JSONObject;',
  'source_method': 'toString()Ljava/lang/String;'},
 {'clss': 'Lcom/fyber/fairbid/http/requests/JsonPostBodyProvider;',
  'method': 'getContent()Ljava/lang/String;',
  'name': ['AAID'],
  'num': 92,
  'source_class': 'Lorg/json/JSONObject;',
  'source_method': 'toString()Ljava/lang/String;'},
 {'clss': 'Lcom/fyber/fairbid/http/connection/HttpClient;',
  'method': 'access$log(Lcom/fyber/fairbid/http/connection/HttpClient;Ljava/lang/String;Ljava/lang/String;Ljava/util/Map;Ljava/lang/String;)V',
  'name': ['AAID', 'UUID'],
  'num': 281,
  'source_class': 'Ljava/lang/StringBuilder;',
  'source_method': 'toString()Ljava/lang/String;'},
 {'clss': 'Lcom/fyber/fairbid/http/FairBidHttpUtils;',
  'method': 'urlBuilder(Ljava/lang/String;Ljava/util/Map;Ljava/lang/String;)Ljava/net/URL;',
  'name': ['UUID'],
  'num': 264,
  'source_class': 'Landroid/net/Uri;',
  'source_method': 'toString()Ljava/lang/String;'},
 {'clss': 'Lcom/fyber/fairbid/http/requests/JsonPostBodyProvider;',
  'method': 'getContent()Ljava/lang/String;',
  'name': ['AAID'],
  'num': 92,
  'source_class': 'Lorg/json/JSONObject;',
  'source_method': 'toString()Ljava/lang/String;'},
 {'clss': 'Lcom/fyber/fairbid/http/requests/JsonPostBodyProvider;',
  'method': 'getContent()Ljava/lang/String;',
  'name': ['UUID'],
  'num': 92,
  'source_class': 'Lorg/json/JSONObject;',
  'source_method': 'toString()Ljava/lang/String;'},
 {'clss': 'Lcom/fyber/fairbid/http/connection/HttpClient;',
  'method': 'access$log(Lcom/fyber/fairbid/http/connection/HttpClient;Ljava/lang/String;Ljava/lang/String;Ljava/util/Map;Ljava/lang/String;)V',
  'name': ['UUID'],
  'num': 281,
  'source_class': 'Ljava/lang/StringBuilder;',
  'source_method': 'toString()Ljava/lang/String;'},
 {'clss': 'Lcom/fyber/fairbid/http/requests/JsonPostBodyProvider;',
  'method': 'getContent()Ljava/lang/String;',
  'name': ['UUID'],
  'num': 92,
  'source_class': 'Lorg/json/JSONObject;',
  'source_method': 'toString()Ljava/lang/String;'},
 {'clss': 'Lcom/fyber/fairbid/http/requests/JsonPostBodyProvider;',
  'method': 'getContent()Ljava/lang/String;',
  'name': ['UUID'],
  'num': 92,
  'source_class': 'Lorg/json/JSONObject;',
  'source_method': 'toString()Ljava/lang/String;'},
 {'clss': 'Lcom/fyber/fairbid/http/connection/HttpClient;',
  'method': 'access$log(Lcom/fyber/fairbid/http/connection/HttpClient;Ljava/lang/String;Ljava/lang/String;Ljava/util/Map;Ljava/lang/String;)V',
  'name': ['UUID'],
  'num': 281,
  'source_class': 'Ljava/lang/StringBuilder;',
  'source_method': 'toString()Ljava/lang/String;'},
 {'clss': 'Lcom/fyber/fairbid/http/requests/JsonPostBodyProvider;',
  'method': 'getContent()Ljava/lang/String;',
  'name': ['UUID'],
  'num': 92,
  'source_class': 'Lorg/json/JSONObject;',
  'source_method': 'toString()Ljava/lang/String;'},
 {'clss': 'Lcom/fyber/fairbid/mediation/request/MediationRequest;',
  'method': '<init>(Lcom/fyber/fairbid/internal/Constants$AdType;I)V',
  'name': ['UUID'],
  'num': 139,
  'source_class': 'Ljava/util/UUID;',
  'source_method': 'toString()Ljava/lang/String;'},
 {'clss': 'Lcom/fyber/fairbid/http/requests/JsonPostBodyProvider;',
  'method': 'getContent()Ljava/lang/String;',
  'name': ['UUID'],
  'num': 92,
  'source_class': 'Lorg/json/JSONObject;',
  'source_method': 'toString()Ljava/lang/String;'},
 {'clss': 'Lcom/fyber/fairbid/http/connection/HttpClient;',
  'method': 'access$log(Lcom/fyber/fairbid/http/connection/HttpClient;Ljava/lang/String;Ljava/lang/String;Ljava/util/Map;Ljava/lang/String;)V',
  'name': ['UUID'],
  'num': 281,
  'source_class': 'Ljava/lang/StringBuilder;',
  'source_method': 'toString()Ljava/lang/String;'},
 {'clss': 'Lcom/fyber/fairbid/http/requests/JsonPostBodyProvider;',
  'method': 'getContent()Ljava/lang/String;',
  'name': ['UUID'],
  'num': 92,
  'source_class': 'Lorg/json/JSONObject;',
  'source_method': 'toString()Ljava/lang/String;'},
 {'clss': 'Lcom/fyber/fairbid/http/requests/JsonPostBodyProvider;',
  'method': 'getContent()Ljava/lang/String;',
  'name': ['AAID', 'UUID'],
  'num': 92,
  'source_class': 'Lorg/json/JSONObject;',
  'source_method': 'toString()Ljava/lang/String;'},
 {'clss': 'Lcom/fyber/fairbid/http/connection/HttpClient;',
  'method': 'access$log(Lcom/fyber/fairbid/http/connection/HttpClient;Ljava/lang/String;Ljava/lang/String;Ljava/util/Map;Ljava/lang/String;)V',
  'name': ['AAID', 'UUID'],
  'num': 281,
  'source_class': 'Ljava/lang/StringBuilder;',
  'source_method': 'toString()Ljava/lang/String;'},
 {'clss': 'Lcom/fyber/fairbid/http/requests/JsonPostBodyProvider;',
  'method': 'getContent()Ljava/lang/String;',
  'name': ['AAID', 'UUID'],
  'num': 92,
  'source_class': 'Lorg/json/JSONObject;',
  'source_method': 'toString()Ljava/lang/String;'},
 {'clss': 'Lcom/fyber/fairbid/http/requests/JsonPostBodyProvider;',
  'method': 'getContent()Ljava/lang/String;',
  'name': ['UUID'],
  'num': 92,
  'source_class': 'Lorg/json/JSONObject;',
  'source_method': 'toString()Ljava/lang/String;'},
 {'clss': 'Lcom/fyber/fairbid/http/connection/HttpClient;',
  'method': 'access$log(Lcom/fyber/fairbid/http/connection/HttpClient;Ljava/lang/String;Ljava/lang/String;Ljava/util/Map;Ljava/lang/String;)V',
  'name': ['UUID'],
  'num': 281,
  'source_class': 'Ljava/lang/StringBuilder;',
  'source_method': 'toString()Ljava/lang/String;'},
 {'clss': 'Lcom/fyber/fairbid/http/requests/JsonPostBodyProvider;',
  'method': 'getContent()Ljava/lang/String;',
  'name': ['UUID'],
  'num': 92,
  'source_class': 'Lorg/json/JSONObject;',
  'source_method': 'toString()Ljava/lang/String;'},
 {'clss': 'Lcom/fyber/fairbid/http/requests/JsonPostBodyProvider;',
  'method': 'getContent()Ljava/lang/String;',
  'name': ['UUID'],
  'num': 92,
  'source_class': 'Lorg/json/JSONObject;',
  'source_method': 'toString()Ljava/lang/String;'},
 {'clss': 'Lcom/fyber/fairbid/http/connection/HttpClient;',
  'method': 'access$log(Lcom/fyber/fairbid/http/connection/HttpClient;Ljava/lang/String;Ljava/lang/String;Ljava/util/Map;Ljava/lang/String;)V',
  'name': ['UUID'],
  'num': 281,
  'source_class': 'Ljava/lang/StringBuilder;',
  'source_method': 'toString()Ljava/lang/String;'},
 {'clss': 'Lcom/fyber/fairbid/http/requests/JsonPostBodyProvider;',
  'method': 'getContent()Ljava/lang/String;',
  'name': ['UUID'],
  'num': 92,
  'source_class': 'Lorg/json/JSONObject;',
  'source_method': 'toString()Ljava/lang/String;'},
 {'clss': 'Lcom/fyber/fairbid/http/responses/JsonObjectResponseHandler$DefaultImpls;',
  'method': 'process(Lcom/fyber/fairbid/http/responses/JsonObjectResponseHandler;ILjava/lang/String;Ljava/io/InputStream;)Lorg/json/JSONObject;',
  'name': ['AAID'],
  'num': 46,
  'source_class': 'Lcom/fyber/offerwall/n9;',
  'source_method': 'a(Ljava/io/InputStream;)Ljava/lang/String;'},
 {'clss': 'Lcom/fyber/offerwall/s2;',
  'method': 'a(Lcom/fyber/offerwall/s2;Lcom/fyber/offerwall/a3;Ljava/util/List;ILcom/fyber/offerwall/z2;Ljava/lang/Throwable;)V',
  'name': ['AAID'],
  'num': 630,
  'source_class': 'Lorg/json/JSONObject;',
  'source_method': 'toString()Ljava/lang/String;'},
 {'clss': 'Lcom/fyber/fairbid/http/requests/JsonPostBodyProvider;',
  'method': 'getContent()Ljava/lang/String;',
  'name': ['UUID'],
  'num': 92,
  'source_class': 'Lorg/json/JSONObject;',
  'source_method': 'toString()Ljava/lang/String;'},
 {'clss': 'Lcom/fyber/fairbid/http/connection/HttpClient;',
  'method': 'access$log(Lcom/fyber/fairbid/http/connection/HttpClient;Ljava/lang/String;Ljava/lang/String;Ljava/util/Map;Ljava/lang/String;)V',
  'name': ['UUID'],
  'num': 281,
  'source_class': 'Ljava/lang/StringBuilder;',
  'source_method': 'toString()Ljava/lang/String;'},
 {'clss': 'Lcom/fyber/fairbid/http/requests/JsonPostBodyProvider;',
  'method': 'getContent()Ljava/lang/String;',
  'name': ['UUID'],
  'num': 92,
  'source_class': 'Lorg/json/JSONObject;',
  'source_method': 'toString()Ljava/lang/String;'},
 {'clss': 'Lcom/fyber/offerwall/fe;',
  'method': 'a(Lcom/fyber/offerwall/fe;Ljava/lang/String;[Ljava/lang/Object;)Ljava/lang/String;',
  'name': ['AAID'],
  'num': 187,
  'source_class': 'Ljava/lang/String;',
  'source_method': 'format(Ljava/util/Locale;Ljava/lang/String;[Ljava/lang/Object;)Ljava/lang/String;'},
 {'clss': 'Lcom/fyber/offerwall/s2$b;',
  'method': 'invoke(Ljava/lang/Object;)Ljava/lang/Object;',
  'name': ['AAID'],
  'num': 106,
  'source_class': 'Ljava/lang/StringBuilder;',
  'source_method': 'toString()Ljava/lang/String;'},
 {'clss': 'Lcom/fyber/offerwall/fe;',
  'method': 'a(Lcom/fyber/offerwall/fe;Ljava/lang/String;[Ljava/lang/Object;)Ljava/lang/String;',
  'name': ['AAID'],
  'num': 256,
  'source_class': 'Ljava/lang/StringBuilder;',
  'source_method': 'toString()Ljava/lang/String;'},
 {'clss': 'Lcom/fyber/offerwall/s2;',
  'method': 'a(Lcom/fyber/offerwall/s2;Lcom/fyber/offerwall/a3;Ljava/util/List;ILcom/fyber/offerwall/z2;Ljava/lang/Throwable;)V',
  'name': ['AAID'],
  'num': 938,
  'source_class': 'Lorg/json/JSONObject;',
  'source_method': 'optString(Ljava/lang/String;Ljava/lang/String;)Ljava/lang/String;'},
 {'clss': 'Lcom/fyber/marketplace/fairbid/impl/c;',
  'method': '<init>(Lorg/json/JSONObject;Lcom/fyber/inneractive/sdk/response/a;Ljava/util/Map;)V',
  'name': ['AAID'],
  'num': 50,
  'source_class': 'Lorg/json/JSONObject;',
  'source_method': 'optString(Ljava/lang/String;)Ljava/lang/String;'},
 {'clss': 'Lcom/fyber/inneractive/sdk/response/k;',
  'method': 'a()Ljava/lang/String;',
  'name': ['AAID'],
  'num': 37,
  'source_class': 'Ljava/lang/StringBuffer;',
  'source_method': 'toString()Ljava/lang/String;'},
 {'clss': 'Lcom/fyber/fairbid/http/requests/JsonPostBodyProvider;',
  'method': 'getContent()Ljava/lang/String;',
  'name': ['UUID'],
  'num': 92,
  'source_class': 'Lorg/json/JSONObject;',
  'source_method': 'toString()Ljava/lang/String;'},
 {'clss': 'Lcom/fyber/fairbid/http/connection/HttpClient;',
  'method': 'access$log(Lcom/fyber/fairbid/http/connection/HttpClient;Ljava/lang/String;Ljava/lang/String;Ljava/util/Map;Ljava/lang/String;)V',
  'name': ['UUID'],
  'num': 281,
  'source_class': 'Ljava/lang/StringBuilder;',
  'source_method': 'toString()Ljava/lang/String;'},
 {'clss': 'Lcom/fyber/fairbid/http/requests/JsonPostBodyProvider;',
  'method': 'getContent()Ljava/lang/String;',
  'name': ['UUID'],
  'num': 92,
  'source_class': 'Lorg/json/JSONObject;',
  'source_method': 'toString()Ljava/lang/String;'},
 {'clss': 'Lcom/fyber/fairbid/http/requests/JsonPostBodyProvider;',
  'method': 'getContent()Ljava/lang/String;',
  'name': ['UUID'],
  'num': 92,
  'source_class': 'Lorg/json/JSONObject;',
  'source_method': 'toString()Ljava/lang/String;'},
 {'clss': 'Lcom/fyber/fairbid/http/connection/HttpClient;',
  'method': 'access$log(Lcom/fyber/fairbid/http/connection/HttpClient;Ljava/lang/String;Ljava/lang/String;Ljava/util/Map;Ljava/lang/String;)V',
  'name': ['UUID'],
  'num': 281,
  'source_class': 'Ljava/lang/StringBuilder;',
  'source_method': 'toString()Ljava/lang/String;'},
 {'clss': 'Lcom/fyber/fairbid/http/requests/JsonPostBodyProvider;',
  'method': 'getContent()Ljava/lang/String;',
  'name': ['UUID'],
  'num': 92,
  'source_class': 'Lorg/json/JSONObject;',
  'source_method': 'toString()Ljava/lang/String;'}]
Sinks
[{"smali_tag": "6933_268", "clss": "Lcom/fyber/fairbid/http/FairBidHttpUtils;", "method": "urlBuilder(Ljava/lang/String;Ljava/util/Map;Ljava/lang/String;)Ljava/net/URL;", "num": 268, "sink_class": "Ljava/net/URL;", "sink_method": "<init>(Ljava/lang/String;)V", "sink_values": ["https://mediation.fyber.com/mediate?app_version=1.0%20(1)&device_model=sdk_gphone_x86_64&device_type=emu64xa&language=en&platform=android&device_width=1080&install_id=8c3e94cd-c58b-4b45-9b56-951d6b4196b5&plugin_framework=native&sdk_version=3.41.2&app_id=109613&device_dpi=2.625&orientation=portrait&device_id=4a16ccc6-e9d6-4d9a-885a-6259b15a2aed&connection_type=wifi&device_free_bytes=5260177408&os_version=13&advertising_id=4a16ccc6-e9d6-4d9a-885a-6259b15a2aed&locale_country=us&app_name=DT%20FairBid%20Sample&country_code=us&device_height=2201&sdk_session_id=c54d7afb-8a15-49ba-a913-3b6398609d29&hours_since_install=0&bundle_id=com.fyber.fairbid.sample&device_meta_type=phone&tracking_enabled=1"], "sources": ["AAID", "UUID"], "returned_value": null}, {"smali_tag": "6483_473", "clss": "Lcom/fyber/inneractive/sdk/network/i;", "method": "a(Lcom/fyber/inneractive/sdk/network/a0;Ljava/lang/String;Ljava/lang/String;)Lcom/fyber/inneractive/sdk/network/j;", "num": 473, "sink_class": "Ljava/net/URL;", "sink_method": "<init>(Ljava/lang/String;)V", "sink_values": ["https"], "sources": ["UUID"], "returned_value": null}, {"smali_tag": "6933_268", "clss": "Lcom/fyber/fairbid/http/FairBidHttpUtils;", "method": "urlBuilder(Ljava/lang/String;Ljava/util/Map;Ljava/lang/String;)Ljava/net/URL;", "num": 268, "sink_class": "Ljava/net/URL;", "sink_method": "<init>(Ljava/lang/String;)V", "sink_values": ["https://dau.fyber.com/reportActiveUser?app_version=1.0+(1)&install_id=8c3e94cd-c58b-4b45-9b56-951d6b4196b5&country_code=us&sdk_version=3.41.2&app_id=109613&lat_enabled=0"], "sources": ["UUID"], "returned_value": null}, {"smali_tag": "6483_473", "clss": "Lcom/fyber/inneractive/sdk/network/i;", "method": "a(Lcom/fyber/inneractive/sdk/network/a0;Ljava/lang/String;Ljava/lang/String;)Lcom/fyber/inneractive/sdk/network/j;", "num": 473, "sink_class": "Ljava/net/URL;", "sink_method": "<init>(Ljava/lang/String;)V", "sink_values": ["https"], "sources": ["UUID"], "returned_value": null}]