project.emulator.get_num_leaks() = 3
Sources
[{'clss': 'Lcom/singular/sdk/internal/Utils;',
  'method': 'getAndroidId(Landroid/content/Context;)Ljava/lang/String;',
  'name': ['AndroidID'],
  'num': 579,
  'source_class': 'Landroid/provider/Settings$Secure;',
  'source_method': 'getString(Landroid/content/ContentResolver;Ljava/lang/String;)Ljava/lang/String;'},
 {'clss': 'Lcom/singular/sdk/internal/Utils;',
  'method': 'createSingularId(Landroid/content/SharedPreferences;)Ljava/util/UUID;',
  'name': ['UUID'],
  'num': 219,
  'source_class': 'Ljava/util/UUID;',
  'source_method': 'toString()Ljava/lang/String;'},
 {'clss': 'Lcom/singular/sdk/internal/ApiManager;',
  'method': 'enqueue(Lcom/singular/sdk/internal/BaseApi;)V',
  'name': ['UUID'],
  'num': 254,
  'source_class': 'Ljava/util/UUID;',
  'source_method': 'toString()Ljava/lang/String;'},
 {'clss': 'Lcom/singular/sdk/internal/Utils;',
  'method': 'isEmptyOrNull(Ljava/lang/String;)Z',
  'name': ['UUID'],
  'num': 1636,
  'source_class': 'Ljava/lang/String;',
  'source_method': 'trim()Ljava/lang/String;'},
 {'clss': 'Lcom/singular/sdk/internal/BaseApi;',
  'method': 'toJsonAsString()Ljava/lang/String;',
  'name': ['UUID'],
  'num': 545,
  'source_class': 'Lorg/json/JSONObject;',
  'source_method': 'toString()Ljava/lang/String;'},
 {'clss': 'Lcom/singular/sdk/internal/SQLitePersistentQueue$SQLiteManager;',
  'method': 'getHead()Ljava/lang/String;',
  'name': ['UUID'],
  'num': 569,
  'source_class': 'Landroid/database/Cursor;',
  'source_method': 'getString(I)Ljava/lang/String;'},
 {'clss': 'Lcom/singular/sdk/internal/BaseApi;',
  'method': 'fromString(Ljava/lang/String;)Ljava/util/Map;',
  'name': ['UUID'],
  'num': 327,
  'source_class': 'Lorg/json/JSONObject;',
  'source_method': 'get(Ljava/lang/String;)Ljava/lang/Object;'},
 {'clss': 'Lcom/singular/sdk/internal/SingularRequestHandler;',
  'method': 'getQueryString(Lcom/singular/sdk/internal/SingularInstance;Ljava/util/Map;J)Ljava/lang/String;',
  'name': ['UUID'],
  'num': 638,
  'source_class': 'Ljava/util/Map$Entry;',
  'source_method': 'getValue()Ljava/lang/Object;'},
 {'clss': 'Lcom/singular/sdk/internal/SingularRequestHandler;',
  'method': 'getQueryString(Lcom/singular/sdk/internal/SingularInstance;Ljava/util/Map;J)Ljava/lang/String;',
  'name': ['UUID'],
  'num': 648,
  'source_class': 'Ljava/net/URLEncoder;',
  'source_method': 'encode(Ljava/lang/String;Ljava/lang/String;)Ljava/lang/String;'},
 {'clss': 'Lcom/singular/sdk/internal/SingularRequestHandler;',
  'method': 'getQueryString(Lcom/singular/sdk/internal/SingularInstance;Ljava/util/Map;J)Ljava/lang/String;',
  'name': ['UUID'],
  'num': 692,
  'source_class': 'Ljava/lang/StringBuilder;',
  'source_method': 'toString()Ljava/lang/String;'},
 {'clss': 'Lcom/singular/sdk/internal/SingularRequestHandler;',
  'method': 'appendHash(Ljava/lang/String;Ljava/lang/String;)Ljava/lang/String;',
  'name': ['UUID'],
  'num': 83,
  'source_class': 'Ljava/lang/String;',
  'source_method': 'format(Ljava/lang/String;[Ljava/lang/Object;)Ljava/lang/String;'},
 {'clss': 'Lcom/singular/sdk/internal/SingularRequestHandler;',
  'method': 'appendHash(Ljava/lang/String;Ljava/lang/String;)Ljava/lang/String;',
  'name': ['UUID'],
  'num': 129,
  'source_class': 'Ljava/lang/StringBuilder;',
  'source_method': 'toString()Ljava/lang/String;'},
 {'clss': 'Lcom/singular/sdk/internal/SingularRequestHandler;',
  'method': 'buildRequest(Lcom/singular/sdk/internal/SingularInstance;Ljava/lang/String;Ljava/util/Map;J)Ljava/net/HttpURLConnection;',
  'name': ['UUID'],
  'num': 200,
  'source_class': 'Ljava/lang/StringBuilder;',
  'source_method': 'toString()Ljava/lang/String;'},
 {'clss': 'Lcom/singular/sdk/internal/SQLitePersistentQueue$SQLiteManager;',
  'method': 'removeHead(Landroid/database/sqlite/SQLiteDatabase;)Ljava/lang/String;',
  'name': ['UUID'],
  'num': 368,
  'source_class': 'Landroid/database/Cursor;',
  'source_method': 'getString(I)Ljava/lang/String;'},
 {'clss': 'Lcom/singular/sdk/internal/Utils;',
  'method': 'getSingularId(Landroid/content/Context;)Ljava/util/UUID;',
  'name': ['UUID'],
  'num': 1192,
  'source_class': 'Landroid/content/SharedPreferences;',
  'source_method': 'getString(Ljava/lang/String;Ljava/lang/String;)Ljava/lang/String;'},
 {'clss': 'Lcom/singular/sdk/internal/ApiManager;',
  'method': 'enqueue(Lcom/singular/sdk/internal/BaseApi;)V',
  'name': ['UUID'],
  'num': 254,
  'source_class': 'Ljava/util/UUID;',
  'source_method': 'toString()Ljava/lang/String;'},
 {'clss': 'Lcom/singular/sdk/internal/Utils;',
  'method': 'isEmptyOrNull(Ljava/lang/String;)Z',
  'name': ['UUID'],
  'num': 1636,
  'source_class': 'Ljava/lang/String;',
  'source_method': 'trim()Ljava/lang/String;'},
 {'clss': 'Lcom/singular/sdk/internal/BaseApi;',
  'method': 'toJsonAsString()Ljava/lang/String;',
  'name': ['UUID'],
  'num': 545,
  'source_class': 'Lorg/json/JSONObject;',
  'source_method': 'toString()Ljava/lang/String;'},
 {'clss': 'Lcom/singular/sdk/internal/SQLitePersistentQueue$SQLiteManager;',
  'method': 'getHead()Ljava/lang/String;',
  'name': ['UUID'],
  'num': 569,
  'source_class': 'Landroid/database/Cursor;',
  'source_method': 'getString(I)Ljava/lang/String;'},
 {'clss': 'Lcom/singular/sdk/internal/BaseApi;',
  'method': 'fromString(Ljava/lang/String;)Ljava/util/Map;',
  'name': ['UUID'],
  'num': 327,
  'source_class': 'Lorg/json/JSONObject;',
  'source_method': 'get(Ljava/lang/String;)Ljava/lang/Object;'},
 {'clss': 'Lcom/singular/sdk/internal/SingularRequestHandler;',
  'method': 'getQueryString(Lcom/singular/sdk/internal/SingularInstance;Ljava/util/Map;J)Ljava/lang/String;',
  'name': ['UUID'],
  'num': 638,
  'source_class': 'Ljava/util/Map$Entry;',
  'source_method': 'getValue()Ljava/lang/Object;'},
 {'clss': 'Lcom/singular/sdk/internal/SingularRequestHandler;',
  'method': 'getQueryString(Lcom/singular/sdk/internal/SingularInstance;Ljava/util/Map;J)Ljava/lang/String;',
  'name': ['UUID'],
  'num': 648,
  'source_class': 'Ljava/net/URLEncoder;',
  'source_method': 'encode(Ljava/lang/String;Ljava/lang/String;)Ljava/lang/String;'},
 {'clss': 'Lcom/singular/sdk/internal/SingularRequestHandler;',
  'method': 'getQueryString(Lcom/singular/sdk/internal/SingularInstance;Ljava/util/Map;J)Ljava/lang/String;',
  'name': ['UUID'],
  'num': 692,
  'source_class': 'Ljava/lang/StringBuilder;',
  'source_method': 'toString()Ljava/lang/String;'},
 {'clss': 'Lcom/singular/sdk/internal/SingularRequestHandler;',
  'method': 'appendHash(Ljava/lang/String;Ljava/lang/String;)Ljava/lang/String;',
  'name': ['UUID'],
  'num': 83,
  'source_class': 'Ljava/lang/String;',
  'source_method': 'format(Ljava/lang/String;[Ljava/lang/Object;)Ljava/lang/String;'},
 {'clss': 'Lcom/singular/sdk/internal/SingularRequestHandler;',
  'method': 'appendHash(Ljava/lang/String;Ljava/lang/String;)Ljava/lang/String;',
  'name': ['UUID'],
  'num': 129,
  'source_class': 'Ljava/lang/StringBuilder;',
  'source_method': 'toString()Ljava/lang/String;'},
 {'clss': 'Lcom/singular/sdk/internal/SingularRequestHandler;',
  'method': 'buildRequest(Lcom/singular/sdk/internal/SingularInstance;Ljava/lang/String;Ljava/util/Map;J)Ljava/net/HttpURLConnection;',
  'name': ['UUID'],
  'num': 200,
  'source_class': 'Ljava/lang/StringBuilder;',
  'source_method': 'toString()Ljava/lang/String;'},
 {'clss': 'Lcom/singular/sdk/internal/SQLitePersistentQueue$SQLiteManager;',
  'method': 'removeHead(Landroid/database/sqlite/SQLiteDatabase;)Ljava/lang/String;',
  'name': ['UUID'],
  'num': 368,
  'source_class': 'Landroid/database/Cursor;',
  'source_method': 'getString(I)Ljava/lang/String;'},
 {'clss': 'Lcom/singular/sdk/internal/Utils;',
  'method': 'getSingularId(Landroid/content/Context;)Ljava/util/UUID;',
  'name': ['UUID'],
  'num': 1192,
  'source_class': 'Landroid/content/SharedPreferences;',
  'source_method': 'getString(Ljava/lang/String;Ljava/lang/String;)Ljava/lang/String;'},
 {'clss': 'Lcom/singular/sdk/internal/ApiManager;',
  'method': 'enqueue(Lcom/singular/sdk/internal/BaseApi;)V',
  'name': ['UUID'],
  'num': 254,
  'source_class': 'Ljava/util/UUID;',
  'source_method': 'toString()Ljava/lang/String;'},
 {'clss': 'Lcom/singular/sdk/internal/Utils;',
  'method': 'isEmptyOrNull(Ljava/lang/String;)Z',
  'name': ['UUID'],
  'num': 1636,
  'source_class': 'Ljava/lang/String;',
  'source_method': 'trim()Ljava/lang/String;'},
 {'clss': 'Lcom/singular/sdk/internal/BaseApi;',
  'method': 'toJsonAsString()Ljava/lang/String;',
  'name': ['UUID'],
  'num': 545,
  'source_class': 'Lorg/json/JSONObject;',
  'source_method': 'toString()Ljava/lang/String;'},
 {'clss': 'Lcom/singular/sdk/internal/SQLitePersistentQueue$SQLiteManager;',
  'method': 'getHead()Ljava/lang/String;',
  'name': ['UUID'],
  'num': 569,
  'source_class': 'Landroid/database/Cursor;',
  'source_method': 'getString(I)Ljava/lang/String;'},
 {'clss': 'Lcom/singular/sdk/internal/BaseApi;',
  'method': 'fromString(Ljava/lang/String;)Ljava/util/Map;',
  'name': ['UUID'],
  'num': 327,
  'source_class': 'Lorg/json/JSONObject;',
  'source_method': 'get(Ljava/lang/String;)Ljava/lang/Object;'},
 {'clss': 'Lcom/singular/sdk/internal/SingularRequestHandler;',
  'method': 'getQueryString(Lcom/singular/sdk/internal/SingularInstance;Ljava/util/Map;J)Ljava/lang/String;',
  'name': ['UUID'],
  'num': 638,
  'source_class': 'Ljava/util/Map$Entry;',
  'source_method': 'getValue()Ljava/lang/Object;'},
 {'clss': 'Lcom/singular/sdk/internal/SingularRequestHandler;',
  'method': 'getQueryString(Lcom/singular/sdk/internal/SingularInstance;Ljava/util/Map;J)Ljava/lang/String;',
  'name': ['UUID'],
  'num': 648,
  'source_class': 'Ljava/net/URLEncoder;',
  'source_method': 'encode(Ljava/lang/String;Ljava/lang/String;)Ljava/lang/String;'}]
Sinks
[{"smali_tag": "5500_648", "clss": "Lcom/singular/sdk/internal/SingularRequestHandler;", "method": "getQueryString(Lcom/singular/sdk/internal/SingularInstance;Ljava/util/Map;J)Ljava/lang/String;", "num": 648, "sink_class": "Ljava/net/URLEncoder;", "sink_method": "encode(Ljava/lang/String;Ljava/lang/String;)Ljava/lang/String;", "sink_values": ["dafff823-9b6c-4b1d-9335-edb17a8da838"], "sources": ["UUID"], "returned_value": null}, {"smali_tag": "5500_207", "clss": "Lcom/singular/sdk/internal/SingularRequestHandler;", "method": "buildRequest(Lcom/singular/sdk/internal/SingularInstance;Ljava/lang/String;Ljava/util/Map;J)Ljava/net/HttpURLConnection;", "num": 207, "sink_class": "Ljava/net/URL;", "sink_method": "<init>(Ljava/lang/String;)V", "sink_values": ["https://sdk-api-v1.singular.net/api/v1/start?a=se_team_9b3431b0&ab=arm64-v8a&aifa=434ceb01-7f34-44db-bf40-aac89d9fb38e&asid_scope=1&asid_timeinterval=0.185&av=1.5&br=google&c=wifi&current_device_time=1696663025648&ddl_enabled=true&ddl_to=60&de=blueline&device_type=phone&device_user_agent=Dalvik%2F2.1.0+%28Linux%3B+U%3B+Android+9%3B+Pixel+3+Build%2FPQ2A.190205.001%29&dnt=-1&event_index=0&i=net.singular.singularsampleapp&install_ref=%7B%22installBeginTimestampSeconds%22%3A0%2C%22referrer%22%3A%22utm_source%3Dgoogle-play%26utm_medium%3Dorganic%22%2C%22installBeginTimestampServerSeconds%22%3A0%2C%22clickTimestampSeconds%22%3A0%2C%22referrer_source%22%3A%22service%22%2C%22clickTimestampServerSeconds%22%3A0%2C%22current_device_time%22%3A1696663025556%2C%22installVersion%22%3Anull%7D&install_ref_timeinterval=0.042&install_time=1696663022438&is=true&k=AIFA&lag=0.28&lc=ja_JP&ma=Google&mo=Pixel+3&n=Singular+Sample+App&p=Android&pr=blueline&rt=json&s=1696663025469&sdk=Singular%2Fv12.0.9&singular_install_id=dafff823-9b6c-4b1d-9335-edb17a8da838&u=434ceb01-7f34-44db-bf40-aac89d9fb38e&update_time=1696663022438&v=9&h=34456186f0ca9b4a5745e8f4b5395589d7844fe1"], "sources": ["UUID"], "returned_value": null}, {"smali_tag": "5500_648", "clss": "Lcom/singular/sdk/internal/SingularRequestHandler;", "method": "getQueryString(Lcom/singular/sdk/internal/SingularInstance;Ljava/util/Map;J)Ljava/lang/String;", "num": 648, "sink_class": "Ljava/net/URLEncoder;", "sink_method": "encode(Ljava/lang/String;Ljava/lang/String;)Ljava/lang/String;", "sink_values": ["dafff823-9b6c-4b1d-9335-edb17a8da838"], "sources": ["UUID"], "returned_value": null}, {"smali_tag": "5500_207", "clss": "Lcom/singular/sdk/internal/SingularRequestHandler;", "method": "buildRequest(Lcom/singular/sdk/internal/SingularInstance;Ljava/lang/String;Ljava/util/Map;J)Ljava/net/HttpURLConnection;", "num": 207, "sink_class": "Ljava/net/URL;", "sink_method": "<init>(Ljava/lang/String;)V", "sink_values": ["https://sdk-api-v1.singular.net/api/v1/event?a=se_team_9b3431b0&aifa=434ceb01-7f34-44db-bf40-aac89d9fb38e&av=1.5&c=wifi&event_index=1&i=net.singular.singularsampleapp&k=AIFA&lag=0.1&n=__LicensingStatus&p=Android&rt=json&s=1696663025469&sdk=Singular%2Fv12.0.9&seq=1&singular_install_id=dafff823-9b6c-4b1d-9335-edb17a8da838&t=1.439&u=434ceb01-7f34-44db-bf40-aac89d9fb38e&h=5fac55b3b7b493cd364cf668f67d255e468871e9"], "sources": ["UUID"], "returned_value": null}, {"smali_tag": "5500_1194", "clss": "Lcom/singular/sdk/internal/SingularRequestHandler;", "method": "setPayloadForRequest(Ljava/net/HttpURLConnection;Ljava/util/Map;Ljava/lang/String;)V", "num": 1194, "sink_class": "Ljava/io/OutputStreamWriter;", "sink_method": "write(Ljava/lang/String;)V", "sink_values": ["{\"payload\":\"{\\\"e\\\":\\\"{\\\\\\\"responseCode\\\\\\\":\\\\\\\"1\\\\\\\",\\\\\\\"signedData\\\\\\\":\\\\\\\"1|776620758|net.singular.singularsampleapp|7|ANlOHQPJbDfxV5NX1qp34yLjuxxEd8vt1Q==|1696663023225:LU=http:\\\\\\\\\\\\\\/\\\\\\\\\\\\\\/play.google.com\\\\\\\\\\\\\\/store\\\\\\\\\\\\\\/license\\\\\\\\\\\\\\/paywall?id%3Dnet.singular.singularsampleapp\\\\\\\",\\\\\\\"signature\\\\\\\":\\\\\\\"a9pzMuiiXOsXmmEmG61GB+V0o4sJLPR+k0s7cWKdNefJKsVRysqSq167qxrO6+picf9b\\\\\\\\\\\\\\/sFdIeqlieb51\\\\\\\\\\\\\\/WDxmoEQmoumqEO01zncGtBrJzdyEkCDKUVZfgfxQzCwlkV6+hZehCpA4zBNt7dZ+SDjmeZQYCbg4fL9WxU8VarzNhdntcaUlfb0FEC78ZRN\\\\\\\\\\\\\\/43iJeiP3V5FE32FQ4cepn9x+InWu1eFRDHXeSwAFH\\\\\\\\\\\\\\/ANS9g4a6AfmaV5sAkEthTicHFVzjAxmU3wuQi4jicBM1cu+l\\\\\\\\\\\\\\/nBUIKtc4hcftdmEXvFl37NN6E1SJI0AxBo7FbAMxiRSXa1NyCuWX122SnPg5w==\\\\\\\",\\\\\\\"is_revenue_event\\\\\\\":false}\\\"}\",\"signature\":\"d06b1eb7b4d09f259cd173ae9ae4a73e60d1c739\"}"], "sources": ["UUID"], "returned_value": null}, {"smali_tag": "5500_648", "clss": "Lcom/singular/sdk/internal/SingularRequestHandler;", "method": "getQueryString(Lcom/singular/sdk/internal/SingularInstance;Ljava/util/Map;J)Ljava/lang/String;", "num": 648, "sink_class": "Ljava/net/URLEncoder;", "sink_method": "encode(Ljava/lang/String;Ljava/lang/String;)Ljava/lang/String;", "sink_values": ["dafff823-9b6c-4b1d-9335-edb17a8da838"], "sources": ["UUID"], "returned_value": null}]