project.emulator.get_num_leaks() = 1
Sources
[{'clss': 'Lcom/freshchat/consumer/sdk/j/d;',
  'method': 'C(Landroid/content/Context;)Ljava/lang/String;',
  'name': ['UUID'],
  'num': 27,
  'source_class': 'Ljava/util/UUID;',
  'source_method': 'toString()Ljava/lang/String;'},
 {'clss': 'Lcom/freshchat/consumer/sdk/j/i;',
  'method': 'a(Ljava/lang/String;Ljava/lang/String;)Ljava/lang/String;',
  'name': ['UUID'],
  'num': 274,
  'source_class': 'Ljava/util/Map;',
  'source_method': 'get(Ljava/lang/Object;)Ljava/lang/Object;'},
 {'clss': 'Lcom/freshchat/consumer/sdk/j/i;',
  'method': 'a(Ljava/lang/String;Ljava/lang/String;)Ljava/lang/String;',
  'name': ['UUID'],
  'num': 274,
  'source_class': 'Ljava/util/Map;',
  'source_method': 'get(Ljava/lang/Object;)Ljava/lang/Object;'},
 {'clss': 'Lcom/freshchat/consumer/sdk/j/i;',
  'method': 'a(Ljava/lang/String;Ljava/lang/String;)Ljava/lang/String;',
  'name': ['UUID'],
  'num': 274,
  'source_class': 'Ljava/util/Map;',
  'source_method': 'get(Ljava/lang/Object;)Ljava/lang/Object;'},
 {'clss': 'Lcom/freshchat/consumer/sdk/j/a;',
  'method': 'a(Ljava/lang/String;Lcom/freshchat/consumer/sdk/b/e;)Ljava/lang/String;',
  'name': ['UUID'],
  'num': 753,
  'source_class': 'Ljava/lang/String;',
  'source_method': 'replace(Ljava/lang/CharSequence;Ljava/lang/CharSequence;)Ljava/lang/String;'},
 {'clss': 'Lcom/freshchat/consumer/sdk/j/i;',
  'method': 'a(Ljava/lang/String;Ljava/lang/String;)Ljava/lang/String;',
  'name': ['UUID'],
  'num': 274,
  'source_class': 'Ljava/util/Map;',
  'source_method': 'get(Ljava/lang/Object;)Ljava/lang/Object;'},
 {'clss': 'Lcom/freshchat/consumer/sdk/j/i;',
  'method': 'a(Ljava/lang/String;Ljava/lang/String;)Ljava/lang/String;',
  'name': ['UUID'],
  'num': 274,
  'source_class': 'Ljava/util/Map;',
  'source_method': 'get(Ljava/lang/Object;)Ljava/lang/Object;'},
 {'clss': 'Lcom/freshchat/consumer/sdk/j/i;',
  'method': 'a(Ljava/lang/String;Ljava/lang/String;)Ljava/lang/String;',
  'name': ['UUID'],
  'num': 274,
  'source_class': 'Ljava/util/Map;',
  'source_method': 'get(Ljava/lang/Object;)Ljava/lang/Object;'},
 {'clss': 'Lcom/freshchat/consumer/sdk/j/i;',
  'method': 'a(Ljava/lang/String;Ljava/lang/String;)Ljava/lang/String;',
  'name': ['UUID'],
  'num': 274,
  'source_class': 'Ljava/util/Map;',
  'source_method': 'get(Ljava/lang/Object;)Ljava/lang/Object;'},
 {'clss': 'Lcom/freshchat/consumer/sdk/j/d;',
  'method': 'C(Landroid/content/Context;)Ljava/lang/String;',
  'name': ['UUID'],
  'num': 27,
  'source_class': 'Ljava/util/UUID;',
  'source_method': 'toString()Ljava/lang/String;'},
 {'clss': 'Lcom/freshchat/consumer/sdk/j/i;',
  'method': 'a(Ljava/lang/String;Ljava/lang/String;)Ljava/lang/String;',
  'name': ['UUID'],
  'num': 274,
  'source_class': 'Ljava/util/Map;',
  'source_method': 'get(Ljava/lang/Object;)Ljava/lang/Object;'},
 {'clss': 'Lcom/freshchat/consumer/sdk/j/i;',
  'method': 'a(Ljava/lang/String;Ljava/lang/String;)Ljava/lang/String;',
  'name': ['UUID'],
  'num': 274,
  'source_class': 'Ljava/util/Map;',
  'source_method': 'get(Ljava/lang/Object;)Ljava/lang/Object;'},
 {'clss': 'Lcom/freshchat/consumer/sdk/j/i;',
  'method': 'a(Ljava/lang/String;Ljava/lang/String;)Ljava/lang/String;',
  'name': ['UUID'],
  'num': 274,
  'source_class': 'Ljava/util/Map;',
  'source_method': 'get(Ljava/lang/Object;)Ljava/lang/Object;'},
 {'clss': 'Lcom/freshchat/consumer/sdk/j/i;',
  'method': 'a(Ljava/lang/String;Ljava/lang/String;)Ljava/lang/String;',
  'name': ['UUID'],
  'num': 274,
  'source_class': 'Ljava/util/Map;',
  'source_method': 'get(Ljava/lang/Object;)Ljava/lang/Object;'}]
Sinks
[{"smali_tag": "6504_242", "clss": "Lcom/freshchat/consumer/sdk/e/c;", "method": "a(Ljava/lang/String;Ljava/lang/String;Ljava/util/Map;)Ljava/net/HttpURLConnection;", "num": 242, "sink_class": "Ljava/net/URL;", "sink_method": "<init>(Ljava/lang/String;)V", "sink_values": ["https"], "sources": ["UUID"], "returned_value": null}, {"smali_tag": "6504_242", "clss": "Lcom/freshchat/consumer/sdk/e/c;", "method": "a(Ljava/lang/String;Ljava/lang/String;Ljava/util/Map;)Ljava/net/HttpURLConnection;", "num": 242, "sink_class": "Ljava/net/URL;", "sink_method": "<init>(Ljava/lang/String;)V", "sink_values": ["https://msdk.au.freshchat.com/app/services/app/abeaa0e6-b2de-4852-9a75-90d91e64294f/user/365e1971-92c4-4723-bcdc-3b37d1f3f9f0/activity?source=MOBILE&t=eb7a2fa0-edeb-468e-bbcd-3459103f30c0"], "sources": ["UUID"], "returned_value": null}, {"smali_tag": "6504_242", "clss": "Lcom/freshchat/consumer/sdk/e/c;", "method": "a(Ljava/lang/String;Ljava/lang/String;Ljava/util/Map;)Ljava/net/HttpURLConnection;", "num": 242, "sink_class": "Ljava/net/URL;", "sink_method": "<init>(Ljava/lang/String;)V", "sink_values": ["https://msdk.au.freshchat.com/app/services/app/abeaa0e6-b2de-4852-9a75-90d91e64294f/channel/v2?t=eb7a2fa0-edeb-468e-bbcd-3459103f30c0&locale=en-US"], "sources": ["UUID"], "returned_value": null}, {"smali_tag": "6504_242", "clss": "Lcom/freshchat/consumer/sdk/e/c;", "method": "a(Ljava/lang/String;Ljava/lang/String;Ljava/util/Map;)Ljava/net/HttpURLConnection;", "num": 242, "sink_class": "Ljava/net/URL;", "sink_method": "<init>(Ljava/lang/String;)V", "sink_values": ["https://msdk.au.freshchat.com/app/services/app/abeaa0e6-b2de-4852-9a75-90d91e64294f/sdk/faq/v2/category?t=eb7a2fa0-edeb-468e-bbcd-3459103f30c0&platform=android&locale=en-US"], "sources": ["UUID"], "returned_value": null}, {"smali_tag": "6504_242", "clss": "Lcom/freshchat/consumer/sdk/e/c;", "method": "a(Ljava/lang/String;Ljava/lang/String;Ljava/util/Map;)Ljava/net/HttpURLConnection;", "num": 242, "sink_class": "Ljava/net/URL;", "sink_method": "<init>(Ljava/lang/String;)V", "sink_values": ["https://msdk.au.freshchat.com/app/services/app/abeaa0e6-b2de-4852-9a75-90d91e64294f/channel/v2?t=eb7a2fa0-edeb-468e-bbcd-3459103f30c0&locale=en-US"], "sources": ["UUID"], "returned_value": null}]