project.emulator.get_num_leaks() = 6
Sources
[{'clss': 'Lcom/fyber/offerwall/qi;',
  'method': '<init>(Landroid/content/Context;Lcom/fyber/fairbid/internal/Utils$a;)V',
  'name': ['UUID'],
  'num': 50,
  'source_class': 'Ljava/util/UUID;',
  'source_method': 'toString()Ljava/lang/String;'},
 {'clss': 'Lcom/fyber/fairbid/sdk/session/UserSession;',
  'method': '<init>(JLcom/fyber/fairbid/sdk/session/Storage;)V',
  'name': ['UUID'],
  'num': 180,
  'source_class': 'Ljava/util/UUID;',
  'source_method': 'toString()Ljava/lang/String;'},
 {'clss': 'Lcom/fyber/offerwall/v0;',
  'method': 'call()Ljava/lang/Object;',
  'name': ['AAID'],
  'num': 60,
  'source_class': 'Lcom/google/android/gms/ads/identifier/AdvertisingIdClient$Info;',
  'source_method': 'getId()Ljava/lang/String;'},
 {'clss': 'Lcom/fyber/offerwall/qi;', 'method': 'a()Ljava/lang/String;', 'name': ['UUID'], 'num': 118, 'source_class': 'Ljava/util/UUID;', 'source_method': 'toString()Ljava/lang/String;'},
 {'clss': 'Lcom/fyber/fairbid/http/requests/JsonPostBodyProvider;',
  'method': 'getContent()Ljava/lang/String;',
  'name': ['AAID', 'UUID'],
  'num': 92,
  'source_class': 'Lorg/json/JSONObject;',
  'source_method': 'toString()Ljava/lang/String;'},
 {'clss': 'Lcom/fyber/fairbid/http/connection/HttpClient;',
  'method': 'access$log(Lcom/fyber/fairbid/http/connection/HttpClient;Ljava/lang/String;Ljava/lang/String;Ljava/util/Map;Ljava/lang/String;)V',
  'name': ['AAID', 'UUID'],
  'num': 281,
  'source_class': 'Ljava/lang/StringBuilder;',
  'source_method': 'toString()Ljava/lang/String;'},
 {'clss': 'Lcom/fyber/fairbid/http/requests/JsonPostBodyProvider;',
  'method': 'getContent()Ljava/lang/String;',
  'name': ['AAID', 'UUID'],
  'num': 92,
  'source_class': 'Lorg/json/JSONObject;',
  'source_method': 'toString()Ljava/lang/String;'},
 {'clss': 'Lcom/fyber/inneractive/sdk/network/d0;',
  'method': '<init>(Lcom/fyber/inneractive/sdk/network/u;Lcom/fyber/inneractive/sdk/network/g;Lcom/fyber/inneractive/sdk/config/global/s;)V',
  'name': ['UUID'],
  'num': 104,
  'source_class': 'Ljava/util/UUID;',
  'source_method': 'toString()Ljava/lang/String;'},
 {'clss': 'Lcom/fyber/inneractive/sdk/config/w;',
  'method': 'a(Landroid/content/Context;Lcom/fyber/inneractive/sdk/config/v;)V',
  'name': ['AAID'],
  'num': 18,
  'source_class': 'Lcom/google/android/gms/ads/identifier/AdvertisingIdClient$Info;',
  'source_method': 'getId()Ljava/lang/String;'},
 {'clss': 'Lcom/fyber/inneractive/sdk/network/d0;',
  'method': '<init>(Lcom/fyber/inneractive/sdk/network/u;Lcom/fyber/inneractive/sdk/network/g;Lcom/fyber/inneractive/sdk/config/global/s;)V',
  'name': ['UUID'],
  'num': 104,
  'source_class': 'Ljava/util/UUID;',
  'source_method': 'toString()Ljava/lang/String;'},
 {'clss': 'Lcom/fyber/fairbid/internal/Utils;',
  'method': 'getMapAsUrlParams(Ljava/util/Map;)Ljava/lang/String;',
  'name': ['UUID'],
  'num': 1164,
  'source_class': 'Ljava/util/Map$Entry;',
  'source_method': 'getValue()Ljava/lang/Object;'},
 {'clss': 'Lcom/fyber/fairbid/internal/Utils;',
  'method': 'getMapAsUrlParams(Ljava/util/Map;)Ljava/lang/String;',
  'name': ['AAID'],
  'num': 1164,
  'source_class': 'Ljava/util/Map$Entry;',
  'source_method': 'getValue()Ljava/lang/Object;'},
 {'clss': 'Lcom/fyber/fairbid/internal/Utils;',
  'method': 'getMapAsUrlParams(Ljava/util/Map;)Ljava/lang/String;',
  'name': ['AAID'],
  'num': 1164,
  'source_class': 'Ljava/util/Map$Entry;',
  'source_method': 'getValue()Ljava/lang/Object;'},
 {'clss': 'Lcom/fyber/fairbid/internal/Utils;',
  'method': 'getMapAsUrlParams(Ljava/util/Map;)Ljava/lang/String;',
  'name': ['UUID'],
  'num': 1164,
  'source_class': 'Ljava/util/Map$Entry;',
  'source_method': 'getValue()Ljava/lang/Object;'},
 {'clss': 'Lcom/fyber/fairbid/internal/Utils;',
  'method': 'getMapAsUrlParams(Ljava/util/Map;)Ljava/lang/String;',
  'name': ['AAID', 'UUID'],
  'num': 1180,
  'source_class': 'Landroid/net/Uri;',
  'source_method': 'getEncodedQuery()Ljava/lang/String;'},
 {'clss': 'Lcom/fyber/fairbid/http/connection/HttpClient;',
  'method': 'access$log(Lcom/fyber/fairbid/http/connection/HttpClient;Ljava/lang/String;Ljava/lang/String;Ljava/util/Map;Ljava/lang/String;)V',
  'name': ['AAID', 'UUID'],
  'num': 229,
  'source_class': 'Ljava/lang/StringBuilder;',
  'source_method': 'toString()Ljava/lang/String;'},
 {'clss': 'Lcom/fyber/fairbid/http/FairBidHttpUtils;',
  'method': 'urlBuilder(Ljava/lang/String;Ljava/util/Map;Ljava/lang/String;)Ljava/net/URL;',
  'name': ['UUID'],
  'num': 224,
  'source_class': 'Ljava/util/Map$Entry;',
  'source_method': 'getValue()Ljava/lang/Object;'},
 {'clss': 'Lcom/fyber/fairbid/http/FairBidHttpUtils;',
  'method': 'urlBuilder(Ljava/lang/String;Ljava/util/Map;Ljava/lang/String;)Ljava/net/URL;',
  'name': ['AAID'],
  'num': 224,
  'source_class': 'Ljava/util/Map$Entry;',
  'source_method': 'getValue()Ljava/lang/Object;'},
 {'clss': 'Lcom/fyber/fairbid/http/FairBidHttpUtils;',
  'method': 'urlBuilder(Ljava/lang/String;Ljava/util/Map;Ljava/lang/String;)Ljava/net/URL;',
  'name': ['AAID'],
  'num': 224,
  'source_class': 'Ljava/util/Map$Entry;',
  'source_method': 'getValue()Ljava/lang/Object;'},
 {'clss': 'Lcom/fyber/fairbid/http/FairBidHttpUtils;',
  'method': 'urlBuilder(Ljava/lang/String;Ljava/util/Map;Ljava/lang/String;)Ljava/net/URL;',
  'name': ['UUID'],
  'num': 224,
  'source_class': 'Ljava/util/Map$Entry;',
  'source_method': 'getValue()Ljava/lang/Object;'},
 {'clss': 'Lcom/fyber/fairbid/http/FairBidHttpUtils;',
  'method': 'urlBuilder(Ljava/lang/String;Ljava/util/Map;Ljava/lang/String;)Ljava/net/URL;',
  'name': ['AAID', 'UUID'],
  'num': 264,
  'source_class': 'Landroid/net/Uri;',
  'source_method': 'toString()Ljava/lang/String;'},
 {'clss': 'Lcom/fyber/fairbid/http/responses/JsonObjectResponseHandler$DefaultImpls;',
  'method': 'process(Lcom/fyber/fairbid/http/responses/JsonObjectResponseHandler;ILjava/lang/String;Ljava/io/InputStream;)Lorg/json/JSONObject;',
  'name': ['UUID'],
  'num': 46,
  'source_class': 'Lcom/fyber/offerwall/n9;',
  'source_method': 'a(Ljava/io/InputStream;)Ljava/lang/String;'},
 {'clss': 'Lcom/fyber/inneractive/sdk/network/d0;',
  'method': '<init>(Lcom/fyber/inneractive/sdk/network/u;Lcom/fyber/inneractive/sdk/network/g;Lcom/fyber/inneractive/sdk/config/global/s;)V',
  'name': ['UUID'],
  'num': 104,
  'source_class': 'Ljava/util/UUID;',
  'source_method': 'toString()Ljava/lang/String;'},
 {'clss': 'Lcom/fyber/inneractive/sdk/network/d0;',
  'method': '<init>(Lcom/fyber/inneractive/sdk/network/u;Lcom/fyber/inneractive/sdk/network/g;Lcom/fyber/inneractive/sdk/config/global/s;)V',
  'name': ['UUID'],
  'num': 104,
  'source_class': 'Ljava/util/UUID;',
  'source_method': 'toString()Ljava/lang/String;'},
 {'clss': 'Lcom/fyber/inneractive/sdk/network/d0;',
  'method': '<init>(Lcom/fyber/inneractive/sdk/network/u;Lcom/fyber/inneractive/sdk/network/g;Lcom/fyber/inneractive/sdk/config/global/s;)V',
  'name': ['UUID'],
  'num': 104,
  'source_class': 'Ljava/util/UUID;',
  'source_method': 'toString()Ljava/lang/String;'},
 {'clss': 'Lcom/fyber/offerwall/pb;',
  'method': 'a(Lorg/json/JSONObject;)Lcom/fyber/offerwall/pb$a;',
  'name': ['UUID'],
  'num': 647,
  'source_class': 'Lorg/json/JSONObject;',
  'source_method': 'optString(Ljava/lang/String;Ljava/lang/String;)Ljava/lang/String;'},
 {'clss': 'Lcom/fyber/offerwall/rb;', 'method': 'a(Lorg/json/JSONObject;)V', 'name': ['UUID'], 'num': 55, 'source_class': 'Lorg/json/JSONObject;', 'source_method': 'toString()Ljava/lang/String;'},
 {'clss': 'Lcom/fyber/inneractive/sdk/network/d0;',
  'method': '<init>(Lcom/fyber/inneractive/sdk/network/u;Lcom/fyber/inneractive/sdk/network/g;Lcom/fyber/inneractive/sdk/config/global/s;)V',
  'name': ['UUID'],
  'num': 104,
  'source_class': 'Ljava/util/UUID;',
  'source_method': 'toString()Ljava/lang/String;'},
 {'clss': 'Lcom/fyber/fairbid/http/requests/JsonPostBodyProvider;',
  'method': 'getContent()Ljava/lang/String;',
  'name': ['UUID'],
  'num': 92,
  'source_class': 'Lorg/json/JSONObject;',
  'source_method': 'toString()Ljava/lang/String;'},
 {'clss': 'Lcom/fyber/fairbid/http/connection/HttpClient;',
  'method': 'access$log(Lcom/fyber/fairbid/http/connection/HttpClient;Ljava/lang/String;Ljava/lang/String;Ljava/util/Map;Ljava/lang/String;)V',
  'name': ['UUID'],
  'num': 281,
  'source_class': 'Ljava/lang/StringBuilder;',
  'source_method': 'toString()Ljava/lang/String;'},
 {'clss': 'Lcom/fyber/fairbid/http/requests/JsonPostBodyProvider;',
  'method': 'getContent()Ljava/lang/String;',
  'name': ['UUID'],
  'num': 92,
  'source_class': 'Lorg/json/JSONObject;',
  'source_method': 'toString()Ljava/lang/String;'},
 {'clss': 'Lcom/fyber/fairbid/http/requests/JsonPostBodyProvider;',
  'method': 'getContent()Ljava/lang/String;',
  'name': ['AAID'],
  'num': 92,
  'source_class': 'Lorg/json/JSONObject;',
  'source_method': 'toString()Ljava/lang/String;'},
 {'clss': 'Lcom/fyber/fairbid/http/connection/HttpClient;',
  'method': 'access$log(Lcom/fyber/fairbid/http/connection/HttpClient;Ljava/lang/String;Ljava/lang/String;Ljava/util/Map;Ljava/lang/String;)V',
  'name': ['AAID', 'UUID'],
  'num': 281,
  'source_class': 'Ljava/lang/StringBuilder;',
  'source_method': 'toString()Ljava/lang/String;'},
 {'clss': 'Lcom/fyber/fairbid/http/FairBidHttpUtils;',
  'method': 'urlBuilder(Ljava/lang/String;Ljava/util/Map;Ljava/lang/String;)Ljava/net/URL;',
  'name': ['UUID'],
  'num': 264,
  'source_class': 'Landroid/net/Uri;',
  'source_method': 'toString()Ljava/lang/String;'},
 {'clss': 'Lcom/fyber/fairbid/http/requests/JsonPostBodyProvider;',
  'method': 'getContent()Ljava/lang/String;',
  'name': ['AAID'],
  'num': 92,
  'source_class': 'Lorg/json/JSONObject;',
  'source_method': 'toString()Ljava/lang/String;'},
 {'clss': 'Lcom/fyber/fairbid/http/requests/JsonPostBodyProvider;',
  'method': 'getContent()Ljava/lang/String;',
  'name': ['UUID'],
  'num': 92,
  'source_class': 'Lorg/json/JSONObject;',
  'source_method': 'toString()Ljava/lang/String;'},
 {'clss': 'Lcom/fyber/fairbid/http/connection/HttpClient;',
  'method': 'access$log(Lcom/fyber/fairbid/http/connection/HttpClient;Ljava/lang/String;Ljava/lang/String;Ljava/util/Map;Ljava/lang/String;)V',
  'name': ['UUID'],
  'num': 281,
  'source_class': 'Ljava/lang/StringBuilder;',
  'source_method': 'toString()Ljava/lang/String;'},
 {'clss': 'Lcom/fyber/fairbid/http/requests/JsonPostBodyProvider;',
  'method': 'getContent()Ljava/lang/String;',
  'name': ['UUID'],
  'num': 92,
  'source_class': 'Lorg/json/JSONObject;',
  'source_method': 'toString()Ljava/lang/String;'},
 {'clss': 'Lcom/fyber/fairbid/http/requests/JsonPostBodyProvider;',
  'method': 'getContent()Ljava/lang/String;',
  'name': ['UUID'],
  'num': 92,
  'source_class': 'Lorg/json/JSONObject;',
  'source_method': 'toString()Ljava/lang/String;'},
 {'clss': 'Lcom/fyber/fairbid/http/connection/HttpClient;',
  'method': 'access$log(Lcom/fyber/fairbid/http/connection/HttpClient;Ljava/lang/String;Ljava/lang/String;Ljava/util/Map;Ljava/lang/String;)V',
  'name': ['UUID'],
  'num': 281,
  'source_class': 'Ljava/lang/StringBuilder;',
  'source_method': 'toString()Ljava/lang/String;'},
 {'clss': 'Lcom/fyber/fairbid/http/requests/JsonPostBodyProvider;',
  'method': 'getContent()Ljava/lang/String;',
  'name': ['UUID'],
  'num': 92,
  'source_class': 'Lorg/json/JSONObject;',
  'source_method': 'toString()Ljava/lang/String;'},
 {'clss': 'Lcom/fyber/fairbid/mediation/request/MediationRequest;',
  'method': '<init>(Lcom/fyber/fairbid/internal/Constants$AdType;I)V',
  'name': ['UUID'],
  'num': 139,
  'source_class': 'Ljava/util/UUID;',
  'source_method': 'toString()Ljava/lang/String;'},
 {'clss': 'Lcom/fyber/fairbid/http/requests/JsonPostBodyProvider;',
  'method': 'getContent()Ljava/lang/String;',
  'name': ['UUID'],
  'num': 92,
  'source_class': 'Lorg/json/JSONObject;',
  'source_method': 'toString()Ljava/lang/String;'},
 {'clss': 'Lcom/fyber/fairbid/http/connection/HttpClient;',
  'method': 'access$log(Lcom/fyber/fairbid/http/connection/HttpClient;Ljava/lang/String;Ljava/lang/String;Ljava/util/Map;Ljava/lang/String;)V',
  'name': ['UUID'],
  'num': 281,
  'source_class': 'Ljava/lang/StringBuilder;',
  'source_method': 'toString()Ljava/lang/String;'},
 {'clss': 'Lcom/fyber/fairbid/http/requests/JsonPostBodyProvider;',
  'method': 'getContent()Ljava/lang/String;',
  'name': ['UUID'],
  'num': 92,
  'source_class': 'Lorg/json/JSONObject;',
  'source_method': 'toString()Ljava/lang/String;'},
 {'clss': 'Lcom/fyber/fairbid/http/requests/JsonPostBodyProvider;',
  'method': 'getContent()Ljava/lang/String;',
  'name': ['UUID'],
  'num': 92,
  'source_class': 'Lorg/json/JSONObject;',
  'source_method': 'toString()Ljava/lang/String;'},
 {'clss': 'Lcom/fyber/fairbid/http/connection/HttpClient;',
  'method': 'access$log(Lcom/fyber/fairbid/http/connection/HttpClient;Ljava/lang/String;Ljava/lang/String;Ljava/util/Map;Ljava/lang/String;)V',
  'name': ['UUID'],
  'num': 281,
  'source_class': 'Ljava/lang/StringBuilder;',
  'source_method': 'toString()Ljava/lang/String;'},
 {'clss': 'Lcom/fyber/fairbid/http/requests/JsonPostBodyProvider;',
  'method': 'getContent()Ljava/lang/String;',
  'name': ['UUID'],
  'num': 92,
  'source_class': 'Lorg/json/JSONObject;',
  'source_method': 'toString()Ljava/lang/String;'},
 {'clss': 'Lcom/fyber/fairbid/http/requests/JsonPostBodyProvider;',
  'method': 'getContent()Ljava/lang/String;',
  'name': ['AAID', 'UUID'],
  'num': 92,
  'source_class': 'Lorg/json/JSONObject;',
  'source_method': 'toString()Ljava/lang/String;'},
 {'clss': 'Lcom/fyber/fairbid/http/connection/HttpClient;',
  'method': 'access$log(Lcom/fyber/fairbid/http/connection/HttpClient;Ljava/lang/String;Ljava/lang/String;Ljava/util/Map;Ljava/lang/String;)V',
  'name': ['AAID', 'UUID'],
  'num': 281,
  'source_class': 'Ljava/lang/StringBuilder;',
  'source_method': 'toString()Ljava/lang/String;'},
 {'clss': 'Lcom/fyber/fairbid/http/requests/JsonPostBodyProvider;',
  'method': 'getContent()Ljava/lang/String;',
  'name': ['AAID', 'UUID'],
  'num': 92,
  'source_class': 'Lorg/json/JSONObject;',
  'source_method': 'toString()Ljava/lang/String;'},
 {'clss': 'Lcom/fyber/fairbid/http/requests/JsonPostBodyProvider;',
  'method': 'getContent()Ljava/lang/String;',
  'name': ['UUID'],
  'num': 92,
  'source_class': 'Lorg/json/JSONObject;',
  'source_method': 'toString()Ljava/lang/String;'},
 {'clss': 'Lcom/fyber/fairbid/http/connection/HttpClient;',
  'method': 'access$log(Lcom/fyber/fairbid/http/connection/HttpClient;Ljava/lang/String;Ljava/lang/String;Ljava/util/Map;Ljava/lang/String;)V',
  'name': ['UUID'],
  'num': 281,
  'source_class': 'Ljava/lang/StringBuilder;',
  'source_method': 'toString()Ljava/lang/String;'},
 {'clss': 'Lcom/fyber/fairbid/http/requests/JsonPostBodyProvider;',
  'method': 'getContent()Ljava/lang/String;',
  'name': ['UUID'],
  'num': 92,
  'source_class': 'Lorg/json/JSONObject;',
  'source_method': 'toString()Ljava/lang/String;'},
 {'clss': 'Lcom/fyber/fairbid/http/responses/JsonObjectResponseHandler$DefaultImpls;',
  'method': 'process(Lcom/fyber/fairbid/http/responses/JsonObjectResponseHandler;ILjava/lang/String;Ljava/io/InputStream;)Lorg/json/JSONObject;',
  'name': ['AAID'],
  'num': 46,
  'source_class': 'Lcom/fyber/offerwall/n9;',
  'source_method': 'a(Ljava/io/InputStream;)Ljava/lang/String;'},
 {'clss': 'Lcom/fyber/offerwall/s2;',
  'method': 'a(Lcom/fyber/offerwall/s2;Lcom/fyber/offerwall/a3;Ljava/util/List;ILcom/fyber/offerwall/z2;Ljava/lang/Throwable;)V',
  'name': ['AAID'],
  'num': 630,
  'source_class': 'Lorg/json/JSONObject;',
  'source_method': 'toString()Ljava/lang/String;'},
 {'clss': 'Lcom/fyber/offerwall/fe;',
  'method': 'a(Lcom/fyber/offerwall/fe;Ljava/lang/String;[Ljava/lang/Object;)Ljava/lang/String;',
  'name': ['AAID'],
  'num': 187,
  'source_class': 'Ljava/lang/String;',
  'source_method': 'format(Ljava/util/Locale;Ljava/lang/String;[Ljava/lang/Object;)Ljava/lang/String;'},
 {'clss': 'Lcom/fyber/offerwall/s2$b;',
  'method': 'invoke(Ljava/lang/Object;)Ljava/lang/Object;',
  'name': ['AAID'],
  'num': 106,
  'source_class': 'Ljava/lang/StringBuilder;',
  'source_method': 'toString()Ljava/lang/String;'},
 {'clss': 'Lcom/fyber/offerwall/fe;',
  'method': 'a(Lcom/fyber/offerwall/fe;Ljava/lang/String;[Ljava/lang/Object;)Ljava/lang/String;',
  'name': ['AAID'],
  'num': 256,
  'source_class': 'Ljava/lang/StringBuilder;',
  'source_method': 'toString()Ljava/lang/String;'},
 {'clss': 'Lcom/fyber/fairbid/http/requests/JsonPostBodyProvider;',
  'method': 'getContent()Ljava/lang/String;',
  'name': ['UUID'],
  'num': 92,
  'source_class': 'Lorg/json/JSONObject;',
  'source_method': 'toString()Ljava/lang/String;'},
 {'clss': 'Lcom/fyber/offerwall/s2;',
  'method': 'a(Lcom/fyber/offerwall/s2;Lcom/fyber/offerwall/a3;Ljava/util/List;ILcom/fyber/offerwall/z2;Ljava/lang/Throwable;)V',
  'name': ['AAID'],
  'num': 938,
  'source_class': 'Lorg/json/JSONObject;',
  'source_method': 'optString(Ljava/lang/String;Ljava/lang/String;)Ljava/lang/String;'},
 {'clss': 'Lcom/fyber/fairbid/http/connection/HttpClient;',
  'method': 'access$log(Lcom/fyber/fairbid/http/connection/HttpClient;Ljava/lang/String;Ljava/lang/String;Ljava/util/Map;Ljava/lang/String;)V',
  'name': ['UUID'],
  'num': 281,
  'source_class': 'Ljava/lang/StringBuilder;',
  'source_method': 'toString()Ljava/lang/String;'},
 {'clss': 'Lcom/fyber/fairbid/http/requests/JsonPostBodyProvider;',
  'method': 'getContent()Ljava/lang/String;',
  'name': ['UUID'],
  'num': 92,
  'source_class': 'Lorg/json/JSONObject;',
  'source_method': 'toString()Ljava/lang/String;'},
 {'clss': 'Lcom/fyber/fairbid/http/requests/JsonPostBodyProvider;',
  'method': 'getContent()Ljava/lang/String;',
  'name': ['UUID'],
  'num': 92,
  'source_class': 'Lorg/json/JSONObject;',
  'source_method': 'toString()Ljava/lang/String;'},
 {'clss': 'Lcom/fyber/fairbid/http/connection/HttpClient;',
  'method': 'access$log(Lcom/fyber/fairbid/http/connection/HttpClient;Ljava/lang/String;Ljava/lang/String;Ljava/util/Map;Ljava/lang/String;)V',
  'name': ['UUID'],
  'num': 281,
  'source_class': 'Ljava/lang/StringBuilder;',
  'source_method': 'toString()Ljava/lang/String;'},
 {'clss': 'Lcom/fyber/fairbid/http/requests/JsonPostBodyProvider;',
  'method': 'getContent()Ljava/lang/String;',
  'name': ['UUID'],
  'num': 92,
  'source_class': 'Lorg/json/JSONObject;',
  'source_method': 'toString()Ljava/lang/String;'},
 {'clss': 'Lcom/fyber/marketplace/fairbid/impl/c;',
  'method': '<init>(Lorg/json/JSONObject;Lcom/fyber/inneractive/sdk/response/a;Ljava/util/Map;)V',
  'name': ['AAID'],
  'num': 50,
  'source_class': 'Lorg/json/JSONObject;',
  'source_method': 'optString(Ljava/lang/String;)Ljava/lang/String;'},
 {'clss': 'Lcom/fyber/fairbid/http/requests/JsonPostBodyProvider;',
  'method': 'getContent()Ljava/lang/String;',
  'name': ['UUID'],
  'num': 92,
  'source_class': 'Lorg/json/JSONObject;',
  'source_method': 'toString()Ljava/lang/String;'},
 {'clss': 'Lcom/fyber/fairbid/http/connection/HttpClient;',
  'method': 'access$log(Lcom/fyber/fairbid/http/connection/HttpClient;Ljava/lang/String;Ljava/lang/String;Ljava/util/Map;Ljava/lang/String;)V',
  'name': ['UUID'],
  'num': 281,
  'source_class': 'Ljava/lang/StringBuilder;',
  'source_method': 'toString()Ljava/lang/String;'},
 {'clss': 'Lcom/fyber/fairbid/http/requests/JsonPostBodyProvider;',
  'method': 'getContent()Ljava/lang/String;',
  'name': ['UUID'],
  'num': 92,
  'source_class': 'Lorg/json/JSONObject;',
  'source_method': 'toString()Ljava/lang/String;'},
 {'clss': 'Lcom/fyber/inneractive/sdk/response/k;',
  'method': 'a()Ljava/lang/String;',
  'name': ['AAID'],
  'num': 37,
  'source_class': 'Ljava/lang/StringBuffer;',
  'source_method': 'toString()Ljava/lang/String;'},
 {'clss': 'Lcom/fyber/offerwall/qi;',
  'method': '<init>(Landroid/content/Context;Lcom/fyber/fairbid/internal/Utils$a;)V',
  'name': ['UUID'],
  'num': 50,
  'source_class': 'Ljava/util/UUID;',
  'source_method': 'toString()Ljava/lang/String;'},
 {'clss': 'Lcom/fyber/fairbid/sdk/session/UserSession;',
  'method': '<init>(JLcom/fyber/fairbid/sdk/session/Storage;)V',
  'name': ['UUID'],
  'num': 180,
  'source_class': 'Ljava/util/UUID;',
  'source_method': 'toString()Ljava/lang/String;'},
 {'clss': 'Lcom/fyber/offerwall/v0;',
  'method': 'call()Ljava/lang/Object;',
  'name': ['AAID'],
  'num': 60,
  'source_class': 'Lcom/google/android/gms/ads/identifier/AdvertisingIdClient$Info;',
  'source_method': 'getId()Ljava/lang/String;'},
 {'clss': 'Lcom/fyber/offerwall/qi;',
  'method': 'a()Ljava/lang/String;',
  'name': ['UUID'],
  'num': 108,
  'source_class': 'Landroid/content/SharedPreferences;',
  'source_method': 'getString(Ljava/lang/String;Ljava/lang/String;)Ljava/lang/String;'},
 {'clss': 'Lcom/fyber/fairbid/http/requests/JsonPostBodyProvider;',
  'method': 'getContent()Ljava/lang/String;',
  'name': ['AAID', 'UUID'],
  'num': 92,
  'source_class': 'Lorg/json/JSONObject;',
  'source_method': 'toString()Ljava/lang/String;'},
 {'clss': 'Lcom/fyber/fairbid/http/connection/HttpClient;',
  'method': 'access$log(Lcom/fyber/fairbid/http/connection/HttpClient;Ljava/lang/String;Ljava/lang/String;Ljava/util/Map;Ljava/lang/String;)V',
  'name': ['AAID', 'UUID'],
  'num': 281,
  'source_class': 'Ljava/lang/StringBuilder;',
  'source_method': 'toString()Ljava/lang/String;'},
 {'clss': 'Lcom/fyber/fairbid/http/requests/JsonPostBodyProvider;',
  'method': 'getContent()Ljava/lang/String;',
  'name': ['AAID', 'UUID'],
  'num': 92,
  'source_class': 'Lorg/json/JSONObject;',
  'source_method': 'toString()Ljava/lang/String;'},
 {'clss': 'Lcom/fyber/inneractive/sdk/network/d0;',
  'method': '<init>(Lcom/fyber/inneractive/sdk/network/u;Lcom/fyber/inneractive/sdk/network/g;Lcom/fyber/inneractive/sdk/config/global/s;)V',
  'name': ['UUID'],
  'num': 104,
  'source_class': 'Ljava/util/UUID;',
  'source_method': 'toString()Ljava/lang/String;'},
 {'clss': 'Lcom/fyber/inneractive/sdk/config/w;',
  'method': 'a(Landroid/content/Context;Lcom/fyber/inneractive/sdk/config/v;)V',
  'name': ['AAID'],
  'num': 18,
  'source_class': 'Lcom/google/android/gms/ads/identifier/AdvertisingIdClient$Info;',
  'source_method': 'getId()Ljava/lang/String;'},
 {'clss': 'Lcom/fyber/inneractive/sdk/network/d0;',
  'method': '<init>(Lcom/fyber/inneractive/sdk/network/u;Lcom/fyber/inneractive/sdk/network/g;Lcom/fyber/inneractive/sdk/config/global/s;)V',
  'name': ['UUID'],
  'num': 104,
  'source_class': 'Ljava/util/UUID;',
  'source_method': 'toString()Ljava/lang/String;'},
 {'clss': 'Lcom/fyber/inneractive/sdk/network/d0;',
  'method': '<init>(Lcom/fyber/inneractive/sdk/network/u;Lcom/fyber/inneractive/sdk/network/g;Lcom/fyber/inneractive/sdk/config/global/s;)V',
  'name': ['UUID'],
  'num': 104,
  'source_class': 'Ljava/util/UUID;',
  'source_method': 'toString()Ljava/lang/String;'},
 {'clss': 'Lcom/fyber/inneractive/sdk/network/d0;',
  'method': '<init>(Lcom/fyber/inneractive/sdk/network/u;Lcom/fyber/inneractive/sdk/network/g;Lcom/fyber/inneractive/sdk/config/global/s;)V',
  'name': ['UUID'],
  'num': 104,
  'source_class': 'Ljava/util/UUID;',
  'source_method': 'toString()Ljava/lang/String;'},
 {'clss': 'Lcom/fyber/inneractive/sdk/network/d0;',
  'method': '<init>(Lcom/fyber/inneractive/sdk/network/u;Lcom/fyber/inneractive/sdk/network/g;Lcom/fyber/inneractive/sdk/config/global/s;)V',
  'name': ['UUID'],
  'num': 104,
  'source_class': 'Ljava/util/UUID;',
  'source_method': 'toString()Ljava/lang/String;'},
 {'clss': 'Lcom/fyber/fairbid/internal/Utils;',
  'method': 'getMapAsUrlParams(Ljava/util/Map;)Ljava/lang/String;',
  'name': ['UUID'],
  'num': 1164,
  'source_class': 'Ljava/util/Map$Entry;',
  'source_method': 'getValue()Ljava/lang/Object;'},
 {'clss': 'Lcom/fyber/fairbid/internal/Utils;',
  'method': 'getMapAsUrlParams(Ljava/util/Map;)Ljava/lang/String;',
  'name': ['AAID'],
  'num': 1164,
  'source_class': 'Ljava/util/Map$Entry;',
  'source_method': 'getValue()Ljava/lang/Object;'},
 {'clss': 'Lcom/fyber/fairbid/internal/Utils;',
  'method': 'getMapAsUrlParams(Ljava/util/Map;)Ljava/lang/String;',
  'name': ['AAID'],
  'num': 1164,
  'source_class': 'Ljava/util/Map$Entry;',
  'source_method': 'getValue()Ljava/lang/Object;'},
 {'clss': 'Lcom/fyber/fairbid/internal/Utils;',
  'method': 'getMapAsUrlParams(Ljava/util/Map;)Ljava/lang/String;',
  'name': ['UUID'],
  'num': 1164,
  'source_class': 'Ljava/util/Map$Entry;',
  'source_method': 'getValue()Ljava/lang/Object;'},
 {'clss': 'Lcom/fyber/fairbid/internal/Utils;',
  'method': 'getMapAsUrlParams(Ljava/util/Map;)Ljava/lang/String;',
  'name': ['AAID', 'UUID'],
  'num': 1180,
  'source_class': 'Landroid/net/Uri;',
  'source_method': 'getEncodedQuery()Ljava/lang/String;'},
 {'clss': 'Lcom/fyber/fairbid/http/connection/HttpClient;',
  'method': 'access$log(Lcom/fyber/fairbid/http/connection/HttpClient;Ljava/lang/String;Ljava/lang/String;Ljava/util/Map;Ljava/lang/String;)V',
  'name': ['AAID', 'UUID'],
  'num': 229,
  'source_class': 'Ljava/lang/StringBuilder;',
  'source_method': 'toString()Ljava/lang/String;'},
 {'clss': 'Lcom/fyber/fairbid/http/FairBidHttpUtils;',
  'method': 'urlBuilder(Ljava/lang/String;Ljava/util/Map;Ljava/lang/String;)Ljava/net/URL;',
  'name': ['UUID'],
  'num': 224,
  'source_class': 'Ljava/util/Map$Entry;',
  'source_method': 'getValue()Ljava/lang/Object;'},
 {'clss': 'Lcom/fyber/fairbid/http/FairBidHttpUtils;',
  'method': 'urlBuilder(Ljava/lang/String;Ljava/util/Map;Ljava/lang/String;)Ljava/net/URL;',
  'name': ['AAID'],
  'num': 224,
  'source_class': 'Ljava/util/Map$Entry;',
  'source_method': 'getValue()Ljava/lang/Object;'},
 {'clss': 'Lcom/fyber/fairbid/http/FairBidHttpUtils;',
  'method': 'urlBuilder(Ljava/lang/String;Ljava/util/Map;Ljava/lang/String;)Ljava/net/URL;',
  'name': ['AAID'],
  'num': 224,
  'source_class': 'Ljava/util/Map$Entry;',
  'source_method': 'getValue()Ljava/lang/Object;'},
 {'clss': 'Lcom/fyber/fairbid/http/FairBidHttpUtils;',
  'method': 'urlBuilder(Ljava/lang/String;Ljava/util/Map;Ljava/lang/String;)Ljava/net/URL;',
  'name': ['UUID'],
  'num': 224,
  'source_class': 'Ljava/util/Map$Entry;',
  'source_method': 'getValue()Ljava/lang/Object;'},
 {'clss': 'Lcom/fyber/fairbid/http/FairBidHttpUtils;',
  'method': 'urlBuilder(Ljava/lang/String;Ljava/util/Map;Ljava/lang/String;)Ljava/net/URL;',
  'name': ['AAID', 'UUID'],
  'num': 264,
  'source_class': 'Landroid/net/Uri;',
  'source_method': 'toString()Ljava/lang/String;'},
 {'clss': 'Lcom/fyber/inneractive/sdk/network/d0;',
  'method': '<init>(Lcom/fyber/inneractive/sdk/network/u;Lcom/fyber/inneractive/sdk/network/g;Lcom/fyber/inneractive/sdk/config/global/s;)V',
  'name': ['UUID'],
  'num': 104,
  'source_class': 'Ljava/util/UUID;',
  'source_method': 'toString()Ljava/lang/String;'},
 {'clss': 'Lcom/fyber/fairbid/http/responses/JsonObjectResponseHandler$DefaultImpls;',
  'method': 'process(Lcom/fyber/fairbid/http/responses/JsonObjectResponseHandler;ILjava/lang/String;Ljava/io/InputStream;)Lorg/json/JSONObject;',
  'name': ['UUID'],
  'num': 46,
  'source_class': 'Lcom/fyber/offerwall/n9;',
  'source_method': 'a(Ljava/io/InputStream;)Ljava/lang/String;'},
 {'clss': 'Lcom/fyber/offerwall/pb;',
  'method': 'a(Lorg/json/JSONObject;)Lcom/fyber/offerwall/pb$a;',
  'name': ['UUID'],
  'num': 647,
  'source_class': 'Lorg/json/JSONObject;',
  'source_method': 'optString(Ljava/lang/String;Ljava/lang/String;)Ljava/lang/String;'},
 {'clss': 'Lcom/fyber/offerwall/rb;', 'method': 'a(Lorg/json/JSONObject;)V', 'name': ['UUID'], 'num': 55, 'source_class': 'Lorg/json/JSONObject;', 'source_method': 'toString()Ljava/lang/String;'},
 {'clss': 'Lcom/fyber/fairbid/http/requests/JsonPostBodyProvider;',
  'method': 'getContent()Ljava/lang/String;',
  'name': ['UUID'],
  'num': 92,
  'source_class': 'Lorg/json/JSONObject;',
  'source_method': 'toString()Ljava/lang/String;'},
 {'clss': 'Lcom/fyber/fairbid/http/connection/HttpClient;',
  'method': 'access$log(Lcom/fyber/fairbid/http/connection/HttpClient;Ljava/lang/String;Ljava/lang/String;Ljava/util/Map;Ljava/lang/String;)V',
  'name': ['UUID'],
  'num': 281,
  'source_class': 'Ljava/lang/StringBuilder;',
  'source_method': 'toString()Ljava/lang/String;'},
 {'clss': 'Lcom/fyber/fairbid/http/requests/JsonPostBodyProvider;',
  'method': 'getContent()Ljava/lang/String;',
  'name': ['UUID'],
  'num': 92,
  'source_class': 'Lorg/json/JSONObject;',
  'source_method': 'toString()Ljava/lang/String;'},
 {'clss': 'Lcom/fyber/fairbid/http/requests/JsonPostBodyProvider;',
  'method': 'getContent()Ljava/lang/String;',
  'name': ['AAID'],
  'num': 92,
  'source_class': 'Lorg/json/JSONObject;',
  'source_method': 'toString()Ljava/lang/String;'},
 {'clss': 'Lcom/fyber/fairbid/http/connection/HttpClient;',
  'method': 'access$log(Lcom/fyber/fairbid/http/connection/HttpClient;Ljava/lang/String;Ljava/lang/String;Ljava/util/Map;Ljava/lang/String;)V',
  'name': ['AAID', 'UUID'],
  'num': 281,
  'source_class': 'Ljava/lang/StringBuilder;',
  'source_method': 'toString()Ljava/lang/String;'},
 {'clss': 'Lcom/fyber/fairbid/http/FairBidHttpUtils;',
  'method': 'urlBuilder(Ljava/lang/String;Ljava/util/Map;Ljava/lang/String;)Ljava/net/URL;',
  'name': ['UUID'],
  'num': 264,
  'source_class': 'Landroid/net/Uri;',
  'source_method': 'toString()Ljava/lang/String;'},
 {'clss': 'Lcom/fyber/fairbid/http/requests/JsonPostBodyProvider;',
  'method': 'getContent()Ljava/lang/String;',
  'name': ['AAID'],
  'num': 92,
  'source_class': 'Lorg/json/JSONObject;',
  'source_method': 'toString()Ljava/lang/String;'},
 {'clss': 'Lcom/fyber/fairbid/http/requests/JsonPostBodyProvider;',
  'method': 'getContent()Ljava/lang/String;',
  'name': ['UUID'],
  'num': 92,
  'source_class': 'Lorg/json/JSONObject;',
  'source_method': 'toString()Ljava/lang/String;'},
 {'clss': 'Lcom/fyber/fairbid/http/connection/HttpClient;',
  'method': 'access$log(Lcom/fyber/fairbid/http/connection/HttpClient;Ljava/lang/String;Ljava/lang/String;Ljava/util/Map;Ljava/lang/String;)V',
  'name': ['UUID'],
  'num': 281,
  'source_class': 'Ljava/lang/StringBuilder;',
  'source_method': 'toString()Ljava/lang/String;'},
 {'clss': 'Lcom/fyber/fairbid/http/requests/JsonPostBodyProvider;',
  'method': 'getContent()Ljava/lang/String;',
  'name': ['UUID'],
  'num': 92,
  'source_class': 'Lorg/json/JSONObject;',
  'source_method': 'toString()Ljava/lang/String;'},
 {'clss': 'Lcom/fyber/fairbid/http/requests/JsonPostBodyProvider;',
  'method': 'getContent()Ljava/lang/String;',
  'name': ['UUID'],
  'num': 92,
  'source_class': 'Lorg/json/JSONObject;',
  'source_method': 'toString()Ljava/lang/String;'},
 {'clss': 'Lcom/fyber/fairbid/http/connection/HttpClient;',
  'method': 'access$log(Lcom/fyber/fairbid/http/connection/HttpClient;Ljava/lang/String;Ljava/lang/String;Ljava/util/Map;Ljava/lang/String;)V',
  'name': ['UUID'],
  'num': 281,
  'source_class': 'Ljava/lang/StringBuilder;',
  'source_method': 'toString()Ljava/lang/String;'},
 {'clss': 'Lcom/fyber/fairbid/http/requests/JsonPostBodyProvider;',
  'method': 'getContent()Ljava/lang/String;',
  'name': ['UUID'],
  'num': 92,
  'source_class': 'Lorg/json/JSONObject;',
  'source_method': 'toString()Ljava/lang/String;'},
 {'clss': 'Lcom/fyber/fairbid/mediation/request/MediationRequest;',
  'method': '<init>(Lcom/fyber/fairbid/internal/Constants$AdType;I)V',
  'name': ['UUID'],
  'num': 139,
  'source_class': 'Ljava/util/UUID;',
  'source_method': 'toString()Ljava/lang/String;'},
 {'clss': 'Lcom/fyber/fairbid/http/requests/JsonPostBodyProvider;',
  'method': 'getContent()Ljava/lang/String;',
  'name': ['UUID'],
  'num': 92,
  'source_class': 'Lorg/json/JSONObject;',
  'source_method': 'toString()Ljava/lang/String;'},
 {'clss': 'Lcom/fyber/fairbid/http/connection/HttpClient;',
  'method': 'access$log(Lcom/fyber/fairbid/http/connection/HttpClient;Ljava/lang/String;Ljava/lang/String;Ljava/util/Map;Ljava/lang/String;)V',
  'name': ['UUID'],
  'num': 281,
  'source_class': 'Ljava/lang/StringBuilder;',
  'source_method': 'toString()Ljava/lang/String;'},
 {'clss': 'Lcom/fyber/fairbid/http/requests/JsonPostBodyProvider;',
  'method': 'getContent()Ljava/lang/String;',
  'name': ['UUID'],
  'num': 92,
  'source_class': 'Lorg/json/JSONObject;',
  'source_method': 'toString()Ljava/lang/String;'},
 {'clss': 'Lcom/fyber/fairbid/http/requests/JsonPostBodyProvider;',
  'method': 'getContent()Ljava/lang/String;',
  'name': ['UUID'],
  'num': 92,
  'source_class': 'Lorg/json/JSONObject;',
  'source_method': 'toString()Ljava/lang/String;'},
 {'clss': 'Lcom/fyber/fairbid/http/connection/HttpClient;',
  'method': 'access$log(Lcom/fyber/fairbid/http/connection/HttpClient;Ljava/lang/String;Ljava/lang/String;Ljava/util/Map;Ljava/lang/String;)V',
  'name': ['UUID'],
  'num': 281,
  'source_class': 'Ljava/lang/StringBuilder;',
  'source_method': 'toString()Ljava/lang/String;'},
 {'clss': 'Lcom/fyber/fairbid/http/requests/JsonPostBodyProvider;',
  'method': 'getContent()Ljava/lang/String;',
  'name': ['UUID'],
  'num': 92,
  'source_class': 'Lorg/json/JSONObject;',
  'source_method': 'toString()Ljava/lang/String;'},
 {'clss': 'Lcom/fyber/fairbid/http/requests/JsonPostBodyProvider;',
  'method': 'getContent()Ljava/lang/String;',
  'name': ['AAID', 'UUID'],
  'num': 92,
  'source_class': 'Lorg/json/JSONObject;',
  'source_method': 'toString()Ljava/lang/String;'},
 {'clss': 'Lcom/fyber/fairbid/http/connection/HttpClient;',
  'method': 'access$log(Lcom/fyber/fairbid/http/connection/HttpClient;Ljava/lang/String;Ljava/lang/String;Ljava/util/Map;Ljava/lang/String;)V',
  'name': ['AAID', 'UUID'],
  'num': 281,
  'source_class': 'Ljava/lang/StringBuilder;',
  'source_method': 'toString()Ljava/lang/String;'},
 {'clss': 'Lcom/fyber/fairbid/http/requests/JsonPostBodyProvider;',
  'method': 'getContent()Ljava/lang/String;',
  'name': ['AAID', 'UUID'],
  'num': 92,
  'source_class': 'Lorg/json/JSONObject;',
  'source_method': 'toString()Ljava/lang/String;'},
 {'clss': 'Lcom/fyber/fairbid/http/requests/JsonPostBodyProvider;',
  'method': 'getContent()Ljava/lang/String;',
  'name': ['UUID'],
  'num': 92,
  'source_class': 'Lorg/json/JSONObject;',
  'source_method': 'toString()Ljava/lang/String;'},
 {'clss': 'Lcom/fyber/fairbid/http/connection/HttpClient;',
  'method': 'access$log(Lcom/fyber/fairbid/http/connection/HttpClient;Ljava/lang/String;Ljava/lang/String;Ljava/util/Map;Ljava/lang/String;)V',
  'name': ['UUID'],
  'num': 281,
  'source_class': 'Ljava/lang/StringBuilder;',
  'source_method': 'toString()Ljava/lang/String;'},
 {'clss': 'Lcom/fyber/fairbid/http/requests/JsonPostBodyProvider;',
  'method': 'getContent()Ljava/lang/String;',
  'name': ['UUID'],
  'num': 92,
  'source_class': 'Lorg/json/JSONObject;',
  'source_method': 'toString()Ljava/lang/String;'},
 {'clss': 'Lcom/fyber/fairbid/http/requests/JsonPostBodyProvider;',
  'method': 'getContent()Ljava/lang/String;',
  'name': ['UUID'],
  'num': 92,
  'source_class': 'Lorg/json/JSONObject;',
  'source_method': 'toString()Ljava/lang/String;'},
 {'clss': 'Lcom/fyber/fairbid/http/connection/HttpClient;',
  'method': 'access$log(Lcom/fyber/fairbid/http/connection/HttpClient;Ljava/lang/String;Ljava/lang/String;Ljava/util/Map;Ljava/lang/String;)V',
  'name': ['UUID'],
  'num': 281,
  'source_class': 'Ljava/lang/StringBuilder;',
  'source_method': 'toString()Ljava/lang/String;'},
 {'clss': 'Lcom/fyber/fairbid/http/requests/JsonPostBodyProvider;',
  'method': 'getContent()Ljava/lang/String;',
  'name': ['UUID'],
  'num': 92,
  'source_class': 'Lorg/json/JSONObject;',
  'source_method': 'toString()Ljava/lang/String;'},
 {'clss': 'Lcom/fyber/fairbid/http/requests/JsonPostBodyProvider;',
  'method': 'getContent()Ljava/lang/String;',
  'name': ['UUID'],
  'num': 92,
  'source_class': 'Lorg/json/JSONObject;',
  'source_method': 'toString()Ljava/lang/String;'},
 {'clss': 'Lcom/fyber/fairbid/http/connection/HttpClient;',
  'method': 'access$log(Lcom/fyber/fairbid/http/connection/HttpClient;Ljava/lang/String;Ljava/lang/String;Ljava/util/Map;Ljava/lang/String;)V',
  'name': ['UUID'],
  'num': 281,
  'source_class': 'Ljava/lang/StringBuilder;',
  'source_method': 'toString()Ljava/lang/String;'},
 {'clss': 'Lcom/fyber/fairbid/http/requests/JsonPostBodyProvider;',
  'method': 'getContent()Ljava/lang/String;',
  'name': ['UUID'],
  'num': 92,
  'source_class': 'Lorg/json/JSONObject;',
  'source_method': 'toString()Ljava/lang/String;'},
 {'clss': 'Lcom/fyber/fairbid/http/requests/JsonPostBodyProvider;',
  'method': 'getContent()Ljava/lang/String;',
  'name': ['UUID'],
  'num': 92,
  'source_class': 'Lorg/json/JSONObject;',
  'source_method': 'toString()Ljava/lang/String;'},
 {'clss': 'Lcom/fyber/fairbid/http/connection/HttpClient;',
  'method': 'access$log(Lcom/fyber/fairbid/http/connection/HttpClient;Ljava/lang/String;Ljava/lang/String;Ljava/util/Map;Ljava/lang/String;)V',
  'name': ['UUID'],
  'num': 281,
  'source_class': 'Ljava/lang/StringBuilder;',
  'source_method': 'toString()Ljava/lang/String;'},
 {'clss': 'Lcom/fyber/fairbid/http/requests/JsonPostBodyProvider;',
  'method': 'getContent()Ljava/lang/String;',
  'name': ['UUID'],
  'num': 92,
  'source_class': 'Lorg/json/JSONObject;',
  'source_method': 'toString()Ljava/lang/String;'},
 {'clss': 'Lcom/fyber/offerwall/f5;',
  'method': 'a(Lcom/fyber/offerwall/u1;)V',
  'name': ['AAID', 'UUID'],
  'num': 316,
  'source_class': 'Lorg/json/JSONObject;',
  'source_method': 'toString()Ljava/lang/String;'},
 {'clss': 'Lcom/fyber/fairbid/http/requests/JsonPostBodyProvider;',
  'method': 'getContent()Ljava/lang/String;',
  'name': ['AAID', 'UUID'],
  'num': 92,
  'source_class': 'Lorg/json/JSONObject;',
  'source_method': 'toString()Ljava/lang/String;'},
 {'clss': 'Lcom/fyber/fairbid/http/connection/HttpClient;',
  'method': 'access$log(Lcom/fyber/fairbid/http/connection/HttpClient;Ljava/lang/String;Ljava/lang/String;Ljava/util/Map;Ljava/lang/String;)V',
  'name': ['AAID', 'UUID'],
  'num': 281,
  'source_class': 'Ljava/lang/StringBuilder;',
  'source_method': 'toString()Ljava/lang/String;'},
 {'clss': 'Lcom/fyber/fairbid/http/requests/JsonPostBodyProvider;',
  'method': 'getContent()Ljava/lang/String;',
  'name': ['AAID', 'UUID'],
  'num': 92,
  'source_class': 'Lorg/json/JSONObject;',
  'source_method': 'toString()Ljava/lang/String;'},
 {'clss': 'Lcom/fyber/fairbid/http/requests/JsonPostBodyProvider;',
  'method': 'getContent()Ljava/lang/String;',
  'name': ['UUID'],
  'num': 92,
  'source_class': 'Lorg/json/JSONObject;',
  'source_method': 'toString()Ljava/lang/String;'},
 {'clss': 'Lcom/fyber/fairbid/http/connection/HttpClient;',
  'method': 'access$log(Lcom/fyber/fairbid/http/connection/HttpClient;Ljava/lang/String;Ljava/lang/String;Ljava/util/Map;Ljava/lang/String;)V',
  'name': ['UUID'],
  'num': 281,
  'source_class': 'Ljava/lang/StringBuilder;',
  'source_method': 'toString()Ljava/lang/String;'},
 {'clss': 'Lcom/fyber/fairbid/http/requests/JsonPostBodyProvider;',
  'method': 'getContent()Ljava/lang/String;',
  'name': ['UUID'],
  'num': 92,
  'source_class': 'Lorg/json/JSONObject;',
  'source_method': 'toString()Ljava/lang/String;'},
 {'clss': 'Lcom/fyber/offerwall/fg;',
  'method': '<init>(Lcom/fyber/offerwall/dg;JLcom/fyber/fairbid/ads/ShowOptions;)V',
  'name': ['UUID'],
  'num': 84,
  'source_class': 'Ljava/util/UUID;',
  'source_method': 'toString()Ljava/lang/String;'},
 {'clss': 'Lcom/fyber/fairbid/mediation/request/MediationRequest;',
  'method': '<init>(Lcom/fyber/fairbid/internal/Constants$AdType;I)V',
  'name': ['UUID'],
  'num': 139,
  'source_class': 'Ljava/util/UUID;',
  'source_method': 'toString()Ljava/lang/String;'},
 {'clss': 'Lcom/fyber/fairbid/http/requests/JsonPostBodyProvider;',
  'method': 'getContent()Ljava/lang/String;',
  'name': ['UUID'],
  'num': 92,
  'source_class': 'Lorg/json/JSONObject;',
  'source_method': 'toString()Ljava/lang/String;'},
 {'clss': 'Lcom/fyber/fairbid/http/connection/HttpClient;',
  'method': 'access$log(Lcom/fyber/fairbid/http/connection/HttpClient;Ljava/lang/String;Ljava/lang/String;Ljava/util/Map;Ljava/lang/String;)V',
  'name': ['UUID'],
  'num': 281,
  'source_class': 'Ljava/lang/StringBuilder;',
  'source_method': 'toString()Ljava/lang/String;'},
 {'clss': 'Lcom/fyber/fairbid/http/requests/JsonPostBodyProvider;',
  'method': 'getContent()Ljava/lang/String;',
  'name': ['UUID'],
  'num': 92,
  'source_class': 'Lorg/json/JSONObject;',
  'source_method': 'toString()Ljava/lang/String;'},
 {'clss': 'Lcom/fyber/offerwall/qi;',
  'method': '<init>(Landroid/content/Context;Lcom/fyber/fairbid/internal/Utils$a;)V',
  'name': ['UUID'],
  'num': 50,
  'source_class': 'Ljava/util/UUID;',
  'source_method': 'toString()Ljava/lang/String;'},
 {'clss': 'Lcom/fyber/fairbid/sdk/session/UserSession;',
  'method': '<init>(JLcom/fyber/fairbid/sdk/session/Storage;)V',
  'name': ['UUID'],
  'num': 180,
  'source_class': 'Ljava/util/UUID;',
  'source_method': 'toString()Ljava/lang/String;'},
 {'clss': 'Lcom/fyber/offerwall/v0;',
  'method': 'call()Ljava/lang/Object;',
  'name': ['AAID'],
  'num': 60,
  'source_class': 'Lcom/google/android/gms/ads/identifier/AdvertisingIdClient$Info;',
  'source_method': 'getId()Ljava/lang/String;'},
 {'clss': 'Lcom/fyber/offerwall/qi;',
  'method': 'a()Ljava/lang/String;',
  'name': ['UUID'],
  'num': 108,
  'source_class': 'Landroid/content/SharedPreferences;',
  'source_method': 'getString(Ljava/lang/String;Ljava/lang/String;)Ljava/lang/String;'},
 {'clss': 'Lcom/fyber/fairbid/http/requests/JsonPostBodyProvider;',
  'method': 'getContent()Ljava/lang/String;',
  'name': ['AAID', 'UUID'],
  'num': 92,
  'source_class': 'Lorg/json/JSONObject;',
  'source_method': 'toString()Ljava/lang/String;'},
 {'clss': 'Lcom/fyber/fairbid/http/connection/HttpClient;',
  'method': 'access$log(Lcom/fyber/fairbid/http/connection/HttpClient;Ljava/lang/String;Ljava/lang/String;Ljava/util/Map;Ljava/lang/String;)V',
  'name': ['AAID', 'UUID'],
  'num': 281,
  'source_class': 'Ljava/lang/StringBuilder;',
  'source_method': 'toString()Ljava/lang/String;'},
 {'clss': 'Lcom/fyber/fairbid/http/requests/JsonPostBodyProvider;',
  'method': 'getContent()Ljava/lang/String;',
  'name': ['AAID', 'UUID'],
  'num': 92,
  'source_class': 'Lorg/json/JSONObject;',
  'source_method': 'toString()Ljava/lang/String;'},
 {'clss': 'Lcom/fyber/inneractive/sdk/network/d0;',
  'method': '<init>(Lcom/fyber/inneractive/sdk/network/u;Lcom/fyber/inneractive/sdk/network/g;Lcom/fyber/inneractive/sdk/config/global/s;)V',
  'name': ['UUID'],
  'num': 104,
  'source_class': 'Ljava/util/UUID;',
  'source_method': 'toString()Ljava/lang/String;'},
 {'clss': 'Lcom/fyber/inneractive/sdk/config/w;',
  'method': 'a(Landroid/content/Context;Lcom/fyber/inneractive/sdk/config/v;)V',
  'name': ['AAID'],
  'num': 18,
  'source_class': 'Lcom/google/android/gms/ads/identifier/AdvertisingIdClient$Info;',
  'source_method': 'getId()Ljava/lang/String;'},
 {'clss': 'Lcom/fyber/inneractive/sdk/network/d0;',
  'method': '<init>(Lcom/fyber/inneractive/sdk/network/u;Lcom/fyber/inneractive/sdk/network/g;Lcom/fyber/inneractive/sdk/config/global/s;)V',
  'name': ['UUID'],
  'num': 104,
  'source_class': 'Ljava/util/UUID;',
  'source_method': 'toString()Ljava/lang/String;'},
 {'clss': 'Lcom/fyber/inneractive/sdk/network/d0;',
  'method': '<init>(Lcom/fyber/inneractive/sdk/network/u;Lcom/fyber/inneractive/sdk/network/g;Lcom/fyber/inneractive/sdk/config/global/s;)V',
  'name': ['UUID'],
  'num': 104,
  'source_class': 'Ljava/util/UUID;',
  'source_method': 'toString()Ljava/lang/String;'},
 {'clss': 'Lcom/fyber/inneractive/sdk/network/d0;',
  'method': '<init>(Lcom/fyber/inneractive/sdk/network/u;Lcom/fyber/inneractive/sdk/network/g;Lcom/fyber/inneractive/sdk/config/global/s;)V',
  'name': ['UUID'],
  'num': 104,
  'source_class': 'Ljava/util/UUID;',
  'source_method': 'toString()Ljava/lang/String;'},
 {'clss': 'Lcom/fyber/inneractive/sdk/network/d0;',
  'method': '<init>(Lcom/fyber/inneractive/sdk/network/u;Lcom/fyber/inneractive/sdk/network/g;Lcom/fyber/inneractive/sdk/config/global/s;)V',
  'name': ['UUID'],
  'num': 104,
  'source_class': 'Ljava/util/UUID;',
  'source_method': 'toString()Ljava/lang/String;'},
 {'clss': 'Lcom/fyber/fairbid/internal/Utils;',
  'method': 'getMapAsUrlParams(Ljava/util/Map;)Ljava/lang/String;',
  'name': ['UUID'],
  'num': 1164,
  'source_class': 'Ljava/util/Map$Entry;',
  'source_method': 'getValue()Ljava/lang/Object;'},
 {'clss': 'Lcom/fyber/fairbid/internal/Utils;',
  'method': 'getMapAsUrlParams(Ljava/util/Map;)Ljava/lang/String;',
  'name': ['AAID'],
  'num': 1164,
  'source_class': 'Ljava/util/Map$Entry;',
  'source_method': 'getValue()Ljava/lang/Object;'},
 {'clss': 'Lcom/fyber/fairbid/internal/Utils;',
  'method': 'getMapAsUrlParams(Ljava/util/Map;)Ljava/lang/String;',
  'name': ['AAID'],
  'num': 1164,
  'source_class': 'Ljava/util/Map$Entry;',
  'source_method': 'getValue()Ljava/lang/Object;'},
 {'clss': 'Lcom/fyber/fairbid/internal/Utils;',
  'method': 'getMapAsUrlParams(Ljava/util/Map;)Ljava/lang/String;',
  'name': ['UUID'],
  'num': 1164,
  'source_class': 'Ljava/util/Map$Entry;',
  'source_method': 'getValue()Ljava/lang/Object;'},
 {'clss': 'Lcom/fyber/fairbid/internal/Utils;',
  'method': 'getMapAsUrlParams(Ljava/util/Map;)Ljava/lang/String;',
  'name': ['AAID', 'UUID'],
  'num': 1180,
  'source_class': 'Landroid/net/Uri;',
  'source_method': 'getEncodedQuery()Ljava/lang/String;'},
 {'clss': 'Lcom/fyber/fairbid/http/connection/HttpClient;',
  'method': 'access$log(Lcom/fyber/fairbid/http/connection/HttpClient;Ljava/lang/String;Ljava/lang/String;Ljava/util/Map;Ljava/lang/String;)V',
  'name': ['AAID', 'UUID'],
  'num': 229,
  'source_class': 'Ljava/lang/StringBuilder;',
  'source_method': 'toString()Ljava/lang/String;'},
 {'clss': 'Lcom/fyber/fairbid/http/FairBidHttpUtils;',
  'method': 'urlBuilder(Ljava/lang/String;Ljava/util/Map;Ljava/lang/String;)Ljava/net/URL;',
  'name': ['UUID'],
  'num': 224,
  'source_class': 'Ljava/util/Map$Entry;',
  'source_method': 'getValue()Ljava/lang/Object;'},
 {'clss': 'Lcom/fyber/fairbid/http/FairBidHttpUtils;',
  'method': 'urlBuilder(Ljava/lang/String;Ljava/util/Map;Ljava/lang/String;)Ljava/net/URL;',
  'name': ['AAID'],
  'num': 224,
  'source_class': 'Ljava/util/Map$Entry;',
  'source_method': 'getValue()Ljava/lang/Object;'},
 {'clss': 'Lcom/fyber/fairbid/http/FairBidHttpUtils;',
  'method': 'urlBuilder(Ljava/lang/String;Ljava/util/Map;Ljava/lang/String;)Ljava/net/URL;',
  'name': ['AAID'],
  'num': 224,
  'source_class': 'Ljava/util/Map$Entry;',
  'source_method': 'getValue()Ljava/lang/Object;'},
 {'clss': 'Lcom/fyber/fairbid/http/FairBidHttpUtils;',
  'method': 'urlBuilder(Ljava/lang/String;Ljava/util/Map;Ljava/lang/String;)Ljava/net/URL;',
  'name': ['UUID'],
  'num': 224,
  'source_class': 'Ljava/util/Map$Entry;',
  'source_method': 'getValue()Ljava/lang/Object;'},
 {'clss': 'Lcom/fyber/fairbid/http/FairBidHttpUtils;',
  'method': 'urlBuilder(Ljava/lang/String;Ljava/util/Map;Ljava/lang/String;)Ljava/net/URL;',
  'name': ['AAID', 'UUID'],
  'num': 264,
  'source_class': 'Landroid/net/Uri;',
  'source_method': 'toString()Ljava/lang/String;'},
 {'clss': 'Lcom/fyber/inneractive/sdk/network/d0;',
  'method': '<init>(Lcom/fyber/inneractive/sdk/network/u;Lcom/fyber/inneractive/sdk/network/g;Lcom/fyber/inneractive/sdk/config/global/s;)V',
  'name': ['UUID'],
  'num': 104,
  'source_class': 'Ljava/util/UUID;',
  'source_method': 'toString()Ljava/lang/String;'},
 {'clss': 'Lcom/fyber/fairbid/http/responses/JsonObjectResponseHandler$DefaultImpls;',
  'method': 'process(Lcom/fyber/fairbid/http/responses/JsonObjectResponseHandler;ILjava/lang/String;Ljava/io/InputStream;)Lorg/json/JSONObject;',
  'name': ['UUID'],
  'num': 46,
  'source_class': 'Lcom/fyber/offerwall/n9;',
  'source_method': 'a(Ljava/io/InputStream;)Ljava/lang/String;'},
 {'clss': 'Lcom/fyber/offerwall/pb;',
  'method': 'a(Lorg/json/JSONObject;)Lcom/fyber/offerwall/pb$a;',
  'name': ['UUID'],
  'num': 647,
  'source_class': 'Lorg/json/JSONObject;',
  'source_method': 'optString(Ljava/lang/String;Ljava/lang/String;)Ljava/lang/String;'},
 {'clss': 'Lcom/fyber/offerwall/rb;', 'method': 'a(Lorg/json/JSONObject;)V', 'name': ['UUID'], 'num': 55, 'source_class': 'Lorg/json/JSONObject;', 'source_method': 'toString()Ljava/lang/String;'},
 {'clss': 'Lcom/fyber/fairbid/http/requests/JsonPostBodyProvider;',
  'method': 'getContent()Ljava/lang/String;',
  'name': ['UUID'],
  'num': 92,
  'source_class': 'Lorg/json/JSONObject;',
  'source_method': 'toString()Ljava/lang/String;'},
 {'clss': 'Lcom/fyber/fairbid/http/connection/HttpClient;',
  'method': 'access$log(Lcom/fyber/fairbid/http/connection/HttpClient;Ljava/lang/String;Ljava/lang/String;Ljava/util/Map;Ljava/lang/String;)V',
  'name': ['UUID'],
  'num': 281,
  'source_class': 'Ljava/lang/StringBuilder;',
  'source_method': 'toString()Ljava/lang/String;'},
 {'clss': 'Lcom/fyber/fairbid/http/requests/JsonPostBodyProvider;',
  'method': 'getContent()Ljava/lang/String;',
  'name': ['UUID'],
  'num': 92,
  'source_class': 'Lorg/json/JSONObject;',
  'source_method': 'toString()Ljava/lang/String;'},
 {'clss': 'Lcom/fyber/fairbid/http/requests/JsonPostBodyProvider;',
  'method': 'getContent()Ljava/lang/String;',
  'name': ['AAID'],
  'num': 92,
  'source_class': 'Lorg/json/JSONObject;',
  'source_method': 'toString()Ljava/lang/String;'},
 {'clss': 'Lcom/fyber/fairbid/http/connection/HttpClient;',
  'method': 'access$log(Lcom/fyber/fairbid/http/connection/HttpClient;Ljava/lang/String;Ljava/lang/String;Ljava/util/Map;Ljava/lang/String;)V',
  'name': ['AAID', 'UUID'],
  'num': 281,
  'source_class': 'Ljava/lang/StringBuilder;',
  'source_method': 'toString()Ljava/lang/String;'},
 {'clss': 'Lcom/fyber/fairbid/http/FairBidHttpUtils;',
  'method': 'urlBuilder(Ljava/lang/String;Ljava/util/Map;Ljava/lang/String;)Ljava/net/URL;',
  'name': ['UUID'],
  'num': 264,
  'source_class': 'Landroid/net/Uri;',
  'source_method': 'toString()Ljava/lang/String;'},
 {'clss': 'Lcom/fyber/fairbid/http/requests/JsonPostBodyProvider;',
  'method': 'getContent()Ljava/lang/String;',
  'name': ['AAID'],
  'num': 92,
  'source_class': 'Lorg/json/JSONObject;',
  'source_method': 'toString()Ljava/lang/String;'},
 {'clss': 'Lcom/fyber/fairbid/http/requests/JsonPostBodyProvider;',
  'method': 'getContent()Ljava/lang/String;',
  'name': ['UUID'],
  'num': 92,
  'source_class': 'Lorg/json/JSONObject;',
  'source_method': 'toString()Ljava/lang/String;'},
 {'clss': 'Lcom/fyber/fairbid/http/connection/HttpClient;',
  'method': 'access$log(Lcom/fyber/fairbid/http/connection/HttpClient;Ljava/lang/String;Ljava/lang/String;Ljava/util/Map;Ljava/lang/String;)V',
  'name': ['UUID'],
  'num': 281,
  'source_class': 'Ljava/lang/StringBuilder;',
  'source_method': 'toString()Ljava/lang/String;'},
 {'clss': 'Lcom/fyber/fairbid/http/requests/JsonPostBodyProvider;',
  'method': 'getContent()Ljava/lang/String;',
  'name': ['UUID'],
  'num': 92,
  'source_class': 'Lorg/json/JSONObject;',
  'source_method': 'toString()Ljava/lang/String;'},
 {'clss': 'Lcom/fyber/fairbid/http/requests/JsonPostBodyProvider;',
  'method': 'getContent()Ljava/lang/String;',
  'name': ['UUID'],
  'num': 92,
  'source_class': 'Lorg/json/JSONObject;',
  'source_method': 'toString()Ljava/lang/String;'},
 {'clss': 'Lcom/fyber/fairbid/http/connection/HttpClient;',
  'method': 'access$log(Lcom/fyber/fairbid/http/connection/HttpClient;Ljava/lang/String;Ljava/lang/String;Ljava/util/Map;Ljava/lang/String;)V',
  'name': ['UUID'],
  'num': 281,
  'source_class': 'Ljava/lang/StringBuilder;',
  'source_method': 'toString()Ljava/lang/String;'},
 {'clss': 'Lcom/fyber/fairbid/http/requests/JsonPostBodyProvider;',
  'method': 'getContent()Ljava/lang/String;',
  'name': ['UUID'],
  'num': 92,
  'source_class': 'Lorg/json/JSONObject;',
  'source_method': 'toString()Ljava/lang/String;'},
 {'clss': 'Lcom/fyber/fairbid/mediation/request/MediationRequest;',
  'method': '<init>(Lcom/fyber/fairbid/internal/Constants$AdType;I)V',
  'name': ['UUID'],
  'num': 139,
  'source_class': 'Ljava/util/UUID;',
  'source_method': 'toString()Ljava/lang/String;'},
 {'clss': 'Lcom/fyber/fairbid/http/requests/JsonPostBodyProvider;',
  'method': 'getContent()Ljava/lang/String;',
  'name': ['UUID'],
  'num': 92,
  'source_class': 'Lorg/json/JSONObject;',
  'source_method': 'toString()Ljava/lang/String;'},
 {'clss': 'Lcom/fyber/fairbid/http/connection/HttpClient;',
  'method': 'access$log(Lcom/fyber/fairbid/http/connection/HttpClient;Ljava/lang/String;Ljava/lang/String;Ljava/util/Map;Ljava/lang/String;)V',
  'name': ['UUID'],
  'num': 281,
  'source_class': 'Ljava/lang/StringBuilder;',
  'source_method': 'toString()Ljava/lang/String;'},
 {'clss': 'Lcom/fyber/fairbid/http/requests/JsonPostBodyProvider;',
  'method': 'getContent()Ljava/lang/String;',
  'name': ['UUID'],
  'num': 92,
  'source_class': 'Lorg/json/JSONObject;',
  'source_method': 'toString()Ljava/lang/String;'},
 {'clss': 'Lcom/fyber/fairbid/http/requests/JsonPostBodyProvider;',
  'method': 'getContent()Ljava/lang/String;',
  'name': ['UUID'],
  'num': 92,
  'source_class': 'Lorg/json/JSONObject;',
  'source_method': 'toString()Ljava/lang/String;'},
 {'clss': 'Lcom/fyber/fairbid/http/connection/HttpClient;',
  'method': 'access$log(Lcom/fyber/fairbid/http/connection/HttpClient;Ljava/lang/String;Ljava/lang/String;Ljava/util/Map;Ljava/lang/String;)V',
  'name': ['UUID'],
  'num': 281,
  'source_class': 'Ljava/lang/StringBuilder;',
  'source_method': 'toString()Ljava/lang/String;'},
 {'clss': 'Lcom/fyber/fairbid/http/requests/JsonPostBodyProvider;',
  'method': 'getContent()Ljava/lang/String;',
  'name': ['UUID'],
  'num': 92,
  'source_class': 'Lorg/json/JSONObject;',
  'source_method': 'toString()Ljava/lang/String;'},
 {'clss': 'Lcom/fyber/fairbid/http/requests/JsonPostBodyProvider;',
  'method': 'getContent()Ljava/lang/String;',
  'name': ['AAID', 'UUID'],
  'num': 92,
  'source_class': 'Lorg/json/JSONObject;',
  'source_method': 'toString()Ljava/lang/String;'},
 {'clss': 'Lcom/fyber/fairbid/http/connection/HttpClient;',
  'method': 'access$log(Lcom/fyber/fairbid/http/connection/HttpClient;Ljava/lang/String;Ljava/lang/String;Ljava/util/Map;Ljava/lang/String;)V',
  'name': ['AAID', 'UUID'],
  'num': 281,
  'source_class': 'Ljava/lang/StringBuilder;',
  'source_method': 'toString()Ljava/lang/String;'},
 {'clss': 'Lcom/fyber/fairbid/http/requests/JsonPostBodyProvider;',
  'method': 'getContent()Ljava/lang/String;',
  'name': ['AAID', 'UUID'],
  'num': 92,
  'source_class': 'Lorg/json/JSONObject;',
  'source_method': 'toString()Ljava/lang/String;'},
 {'clss': 'Lcom/fyber/fairbid/http/requests/JsonPostBodyProvider;',
  'method': 'getContent()Ljava/lang/String;',
  'name': ['UUID'],
  'num': 92,
  'source_class': 'Lorg/json/JSONObject;',
  'source_method': 'toString()Ljava/lang/String;'},
 {'clss': 'Lcom/fyber/fairbid/http/connection/HttpClient;',
  'method': 'access$log(Lcom/fyber/fairbid/http/connection/HttpClient;Ljava/lang/String;Ljava/lang/String;Ljava/util/Map;Ljava/lang/String;)V',
  'name': ['UUID'],
  'num': 281,
  'source_class': 'Ljava/lang/StringBuilder;',
  'source_method': 'toString()Ljava/lang/String;'},
 {'clss': 'Lcom/fyber/fairbid/http/requests/JsonPostBodyProvider;',
  'method': 'getContent()Ljava/lang/String;',
  'name': ['UUID'],
  'num': 92,
  'source_class': 'Lorg/json/JSONObject;',
  'source_method': 'toString()Ljava/lang/String;'},
 {'clss': 'Lcom/fyber/fairbid/http/responses/JsonObjectResponseHandler$DefaultImpls;',
  'method': 'process(Lcom/fyber/fairbid/http/responses/JsonObjectResponseHandler;ILjava/lang/String;Ljava/io/InputStream;)Lorg/json/JSONObject;',
  'name': ['AAID'],
  'num': 46,
  'source_class': 'Lcom/fyber/offerwall/n9;',
  'source_method': 'a(Ljava/io/InputStream;)Ljava/lang/String;'},
 {'clss': 'Lcom/fyber/offerwall/s2;',
  'method': 'a(Lcom/fyber/offerwall/s2;Lcom/fyber/offerwall/a3;Ljava/util/List;ILcom/fyber/offerwall/z2;Ljava/lang/Throwable;)V',
  'name': ['AAID'],
  'num': 630,
  'source_class': 'Lorg/json/JSONObject;',
  'source_method': 'toString()Ljava/lang/String;'},
 {'clss': 'Lcom/fyber/offerwall/fe;',
  'method': 'a(Lcom/fyber/offerwall/fe;Ljava/lang/String;[Ljava/lang/Object;)Ljava/lang/String;',
  'name': ['AAID'],
  'num': 187,
  'source_class': 'Ljava/lang/String;',
  'source_method': 'format(Ljava/util/Locale;Ljava/lang/String;[Ljava/lang/Object;)Ljava/lang/String;'},
 {'clss': 'Lcom/fyber/offerwall/s2$b;',
  'method': 'invoke(Ljava/lang/Object;)Ljava/lang/Object;',
  'name': ['AAID'],
  'num': 106,
  'source_class': 'Ljava/lang/StringBuilder;',
  'source_method': 'toString()Ljava/lang/String;'},
 {'clss': 'Lcom/fyber/offerwall/fe;',
  'method': 'a(Lcom/fyber/offerwall/fe;Ljava/lang/String;[Ljava/lang/Object;)Ljava/lang/String;',
  'name': ['AAID'],
  'num': 256,
  'source_class': 'Ljava/lang/StringBuilder;',
  'source_method': 'toString()Ljava/lang/String;'},
 {'clss': 'Lcom/fyber/fairbid/http/requests/JsonPostBodyProvider;',
  'method': 'getContent()Ljava/lang/String;',
  'name': ['UUID'],
  'num': 92,
  'source_class': 'Lorg/json/JSONObject;',
  'source_method': 'toString()Ljava/lang/String;'},
 {'clss': 'Lcom/fyber/fairbid/http/connection/HttpClient;',
  'method': 'access$log(Lcom/fyber/fairbid/http/connection/HttpClient;Ljava/lang/String;Ljava/lang/String;Ljava/util/Map;Ljava/lang/String;)V',
  'name': ['UUID'],
  'num': 281,
  'source_class': 'Ljava/lang/StringBuilder;',
  'source_method': 'toString()Ljava/lang/String;'},
 {'clss': 'Lcom/fyber/fairbid/http/requests/JsonPostBodyProvider;',
  'method': 'getContent()Ljava/lang/String;',
  'name': ['UUID'],
  'num': 92,
  'source_class': 'Lorg/json/JSONObject;',
  'source_method': 'toString()Ljava/lang/String;'},
 {'clss': 'Lcom/fyber/offerwall/s2;',
  'method': 'a(Lcom/fyber/offerwall/s2;Lcom/fyber/offerwall/a3;Ljava/util/List;ILcom/fyber/offerwall/z2;Ljava/lang/Throwable;)V',
  'name': ['AAID'],
  'num': 938,
  'source_class': 'Lorg/json/JSONObject;',
  'source_method': 'optString(Ljava/lang/String;Ljava/lang/String;)Ljava/lang/String;'},
 {'clss': 'Lcom/fyber/fairbid/http/requests/JsonPostBodyProvider;',
  'method': 'getContent()Ljava/lang/String;',
  'name': ['UUID'],
  'num': 92,
  'source_class': 'Lorg/json/JSONObject;',
  'source_method': 'toString()Ljava/lang/String;'},
 {'clss': 'Lcom/fyber/fairbid/http/connection/HttpClient;',
  'method': 'access$log(Lcom/fyber/fairbid/http/connection/HttpClient;Ljava/lang/String;Ljava/lang/String;Ljava/util/Map;Ljava/lang/String;)V',
  'name': ['UUID'],
  'num': 281,
  'source_class': 'Ljava/lang/StringBuilder;',
  'source_method': 'toString()Ljava/lang/String;'},
 {'clss': 'Lcom/fyber/fairbid/http/requests/JsonPostBodyProvider;',
  'method': 'getContent()Ljava/lang/String;',
  'name': ['UUID'],
  'num': 92,
  'source_class': 'Lorg/json/JSONObject;',
  'source_method': 'toString()Ljava/lang/String;'},
 {'clss': 'Lcom/fyber/marketplace/fairbid/impl/c;',
  'method': '<init>(Lorg/json/JSONObject;Lcom/fyber/inneractive/sdk/response/a;Ljava/util/Map;)V',
  'name': ['AAID'],
  'num': 50,
  'source_class': 'Lorg/json/JSONObject;',
  'source_method': 'optString(Ljava/lang/String;)Ljava/lang/String;'},
 {'clss': 'Lcom/fyber/fairbid/http/requests/JsonPostBodyProvider;',
  'method': 'getContent()Ljava/lang/String;',
  'name': ['UUID'],
  'num': 92,
  'source_class': 'Lorg/json/JSONObject;',
  'source_method': 'toString()Ljava/lang/String;'},
 {'clss': 'Lcom/fyber/fairbid/http/connection/HttpClient;',
  'method': 'access$log(Lcom/fyber/fairbid/http/connection/HttpClient;Ljava/lang/String;Ljava/lang/String;Ljava/util/Map;Ljava/lang/String;)V',
  'name': ['UUID'],
  'num': 281,
  'source_class': 'Ljava/lang/StringBuilder;',
  'source_method': 'toString()Ljava/lang/String;'},
 {'clss': 'Lcom/fyber/fairbid/http/requests/JsonPostBodyProvider;',
  'method': 'getContent()Ljava/lang/String;',
  'name': ['UUID'],
  'num': 92,
  'source_class': 'Lorg/json/JSONObject;',
  'source_method': 'toString()Ljava/lang/String;'},
 {'clss': 'Lcom/fyber/inneractive/sdk/response/k;',
  'method': 'a()Ljava/lang/String;',
  'name': ['AAID'],
  'num': 37,
  'source_class': 'Ljava/lang/StringBuffer;',
  'source_method': 'toString()Ljava/lang/String;'},
 {'clss': 'Lcom/fyber/inneractive/sdk/response/d;',
  'method': 'b(Ljava/lang/String;)V',
  'name': ['AAID'],
  'num': 562,
  'source_class': 'Ljava/lang/String;',
  'source_method': 'replaceFirst(Ljava/lang/String;Ljava/lang/String;)Ljava/lang/String;'},
 {'clss': 'Lcom/fyber/inneractive/sdk/util/u0;',
  'method': 'a(Lorg/w3c/dom/Node;)Ljava/lang/String;',
  'name': ['AAID'],
  'num': 57,
  'source_class': 'Lorg/w3c/dom/Node;',
  'source_method': 'getNodeValue()Ljava/lang/String;'},
 {'clss': 'Lcom/fyber/inneractive/sdk/util/u0;',
  'method': 'a(Lorg/w3c/dom/Node;)Ljava/lang/String;',
  'name': ['AAID'],
  'num': 68,
  'source_class': 'Lorg/w3c/dom/Node;',
  'source_method': 'getNodeValue()Ljava/lang/String;'},
 {'clss': 'Lcom/fyber/inneractive/sdk/util/u0;',
  'method': 'a(Lorg/w3c/dom/Node;)Ljava/lang/String;',
  'name': ['AAID'],
  'num': 57,
  'source_class': 'Lorg/w3c/dom/Node;',
  'source_method': 'getNodeValue()Ljava/lang/String;'},
 {'clss': 'Lcom/fyber/inneractive/sdk/util/u0;',
  'method': 'a(Lorg/w3c/dom/Node;)Ljava/lang/String;',
  'name': ['AAID'],
  'num': 68,
  'source_class': 'Lorg/w3c/dom/Node;',
  'source_method': 'getNodeValue()Ljava/lang/String;'},
 {'clss': 'Lcom/fyber/inneractive/sdk/util/u0;',
  'method': 'a(Lorg/w3c/dom/Node;)Ljava/lang/String;',
  'name': ['AAID'],
  'num': 57,
  'source_class': 'Lorg/w3c/dom/Node;',
  'source_method': 'getNodeValue()Ljava/lang/String;'},
 {'clss': 'Lcom/fyber/inneractive/sdk/util/u0;',
  'method': 'a(Lorg/w3c/dom/Node;)Ljava/lang/String;',
  'name': ['AAID'],
  'num': 68,
  'source_class': 'Lorg/w3c/dom/Node;',
  'source_method': 'getNodeValue()Ljava/lang/String;'},
 {'clss': 'Lcom/fyber/inneractive/sdk/util/u0;',
  'method': 'a(Lorg/w3c/dom/Node;)Ljava/lang/String;',
  'name': ['AAID'],
  'num': 57,
  'source_class': 'Lorg/w3c/dom/Node;',
  'source_method': 'getNodeValue()Ljava/lang/String;'},
 {'clss': 'Lcom/fyber/inneractive/sdk/util/u0;',
  'method': 'a(Lorg/w3c/dom/Node;)Ljava/lang/String;',
  'name': ['AAID'],
  'num': 68,
  'source_class': 'Lorg/w3c/dom/Node;',
  'source_method': 'getNodeValue()Ljava/lang/String;'},
 {'clss': 'Lcom/fyber/inneractive/sdk/util/u0;',
  'method': 'a(Lorg/w3c/dom/Node;)Ljava/lang/String;',
  'name': ['AAID'],
  'num': 57,
  'source_class': 'Lorg/w3c/dom/Node;',
  'source_method': 'getNodeValue()Ljava/lang/String;'},
 {'clss': 'Lcom/fyber/inneractive/sdk/util/u0;',
  'method': 'a(Lorg/w3c/dom/Node;)Ljava/lang/String;',
  'name': ['AAID'],
  'num': 68,
  'source_class': 'Lorg/w3c/dom/Node;',
  'source_method': 'getNodeValue()Ljava/lang/String;'},
 {'clss': 'Lcom/fyber/inneractive/sdk/util/u0;',
  'method': 'a(Lorg/w3c/dom/Node;)Ljava/lang/String;',
  'name': ['AAID'],
  'num': 57,
  'source_class': 'Lorg/w3c/dom/Node;',
  'source_method': 'getNodeValue()Ljava/lang/String;'},
 {'clss': 'Lcom/fyber/inneractive/sdk/util/u0;',
  'method': 'a(Lorg/w3c/dom/Node;)Ljava/lang/String;',
  'name': ['AAID'],
  'num': 68,
  'source_class': 'Lorg/w3c/dom/Node;',
  'source_method': 'getNodeValue()Ljava/lang/String;'},
 {'clss': 'Lcom/fyber/inneractive/sdk/util/u0;',
  'method': 'a(Lorg/w3c/dom/Node;)Ljava/lang/String;',
  'name': ['AAID'],
  'num': 57,
  'source_class': 'Lorg/w3c/dom/Node;',
  'source_method': 'getNodeValue()Ljava/lang/String;'},
 {'clss': 'Lcom/fyber/inneractive/sdk/util/u0;',
  'method': 'a(Lorg/w3c/dom/Node;)Ljava/lang/String;',
  'name': ['AAID'],
  'num': 68,
  'source_class': 'Lorg/w3c/dom/Node;',
  'source_method': 'getNodeValue()Ljava/lang/String;'},
 {'clss': 'Lcom/fyber/inneractive/sdk/flow/vast/d;',
  'method': 'a(Lcom/fyber/inneractive/sdk/model/vast/b;Lcom/fyber/inneractive/sdk/model/vast/e;Z)V',
  'name': ['AAID'],
  'num': 521,
  'source_class': 'Ljava/util/Iterator;',
  'source_method': 'next()Ljava/lang/Object;'},
 {'clss': 'Lcom/fyber/inneractive/sdk/logger/a;',
  'method': 'debug(Ljava/lang/String;[Ljava/lang/Object;)V',
  'name': ['AAID'],
  'num': 28,
  'source_class': 'Ljava/lang/String;',
  'source_method': 'format(Ljava/lang/String;[Ljava/lang/Object;)Ljava/lang/String;'},
 {'clss': 'Lcom/fyber/inneractive/sdk/flow/vast/d;',
  'method': 'a(Lcom/fyber/inneractive/sdk/model/vast/b;Lcom/fyber/inneractive/sdk/model/vast/e;Z)V',
  'name': ['AAID'],
  'num': 521,
  'source_class': 'Ljava/util/Iterator;',
  'source_method': 'next()Ljava/lang/Object;'},
 {'clss': 'Lcom/fyber/inneractive/sdk/logger/a;',
  'method': 'debug(Ljava/lang/String;[Ljava/lang/Object;)V',
  'name': ['AAID'],
  'num': 28,
  'source_class': 'Ljava/lang/String;',
  'source_method': 'format(Ljava/lang/String;[Ljava/lang/Object;)Ljava/lang/String;'},
 {'clss': 'Lcom/fyber/inneractive/sdk/flow/vast/d;',
  'method': 'a(Lcom/fyber/inneractive/sdk/model/vast/b;Lcom/fyber/inneractive/sdk/model/vast/e;Z)V',
  'name': ['AAID'],
  'num': 521,
  'source_class': 'Ljava/util/Iterator;',
  'source_method': 'next()Ljava/lang/Object;'},
 {'clss': 'Lcom/fyber/inneractive/sdk/logger/a;',
  'method': 'debug(Ljava/lang/String;[Ljava/lang/Object;)V',
  'name': ['AAID'],
  'num': 28,
  'source_class': 'Ljava/lang/String;',
  'source_method': 'format(Ljava/lang/String;[Ljava/lang/Object;)Ljava/lang/String;'},
 {'clss': 'Lcom/fyber/inneractive/sdk/flow/vast/d;',
  'method': 'a(Lcom/fyber/inneractive/sdk/model/vast/b;Lcom/fyber/inneractive/sdk/model/vast/e;Z)V',
  'name': ['AAID'],
  'num': 1096,
  'source_class': 'Ljava/util/Iterator;',
  'source_method': 'next()Ljava/lang/Object;'},
 {'clss': 'Lcom/fyber/inneractive/sdk/flow/vast/d;',
  'method': 'a(Lcom/fyber/inneractive/sdk/model/vast/b;Lcom/fyber/inneractive/sdk/model/vast/e;Z)V',
  'name': ['AAID'],
  'num': 1096,
  'source_class': 'Ljava/util/Iterator;',
  'source_method': 'next()Ljava/lang/Object;'},
 {'clss': 'Lcom/fyber/inneractive/sdk/flow/vast/d;',
  'method': 'a(Lcom/fyber/inneractive/sdk/model/vast/b;Lcom/fyber/inneractive/sdk/model/vast/f;Z)V',
  'name': ['AAID'],
  'num': 1359,
  'source_class': 'Ljava/util/Iterator;',
  'source_method': 'next()Ljava/lang/Object;'},
 {'clss': 'Lcom/fyber/inneractive/sdk/flow/vast/d;',
  'method': 'a(Lcom/fyber/inneractive/sdk/model/vast/b;Lcom/fyber/inneractive/sdk/model/vast/g;ZIILjava/lang/String;Ljava/lang/String;Ljava/util/List;Ljava/util/List;Ljava/lang/String;Lcom/fyber/inneractive/sdk/model/vast/h;)V',
  'name': ['AAID'],
  'num': 1954,
  'source_class': 'Ljava/util/Iterator;',
  'source_method': 'next()Ljava/lang/Object;'},
 {'clss': 'Lcom/fyber/inneractive/sdk/network/d0;',
  'method': '<init>(Lcom/fyber/inneractive/sdk/network/u;Lcom/fyber/inneractive/sdk/network/g;Lcom/fyber/inneractive/sdk/config/global/s;)V',
  'name': ['UUID'],
  'num': 104,
  'source_class': 'Ljava/util/UUID;',
  'source_method': 'toString()Ljava/lang/String;'},
 {'clss': 'Lcom/fyber/inneractive/sdk/util/o;',
  'method': 'doInBackground([Ljava/lang/Object;)Ljava/lang/Object;',
  'name': ['UUID'],
  'num': 109,
  'source_class': 'Ljava/util/UUID;',
  'source_method': 'toString()Ljava/lang/String;'},
 {'clss': 'Lcom/fyber/inneractive/sdk/util/o;',
  'method': 'doInBackground([Ljava/lang/Object;)Ljava/lang/Object;',
  'name': ['UUID'],
  'num': 123,
  'source_class': 'Ljava/lang/StringBuilder;',
  'source_method': 'toString()Ljava/lang/String;'},
 {'clss': 'Lcom/fyber/inneractive/sdk/util/o;',
  'method': 'doInBackground([Ljava/lang/Object;)Ljava/lang/Object;',
  'name': ['UUID'],
  'num': 248,
  'source_class': 'Ljava/io/File;',
  'source_method': 'getPath()Ljava/lang/String;'},
 {'clss': 'Lcom/fyber/inneractive/sdk/model/vast/c;',
  'method': 'toString()Ljava/lang/String;',
  'name': ['AAID'],
  'num': 324,
  'source_class': 'Ljava/lang/StringBuilder;',
  'source_method': 'toString()Ljava/lang/String;'},
 {'clss': 'Lcom/fyber/inneractive/sdk/logger/a;',
  'method': 'debug(Ljava/lang/String;[Ljava/lang/Object;)V',
  'name': ['AAID'],
  'num': 28,
  'source_class': 'Ljava/lang/String;',
  'source_method': 'format(Ljava/lang/String;[Ljava/lang/Object;)Ljava/lang/String;'},
 {'clss': 'Lcom/fyber/inneractive/sdk/network/d0;',
  'method': '<init>(Lcom/fyber/inneractive/sdk/network/u;Lcom/fyber/inneractive/sdk/network/g;Lcom/fyber/inneractive/sdk/config/global/s;)V',
  'name': ['UUID'],
  'num': 104,
  'source_class': 'Ljava/util/UUID;',
  'source_method': 'toString()Ljava/lang/String;'},
 {'clss': 'Lcom/fyber/fairbid/http/connection/HttpConnection;', 'method': 'c(Ljava/net/HttpURLConnection;)V', 'name': ['UUID'], 'num': 489, 'source_class': None, 'source_method': None},
 {'clss': 'Lcom/fyber/fairbid/http/connection/HttpConnection;', 'method': 'c(Ljava/net/HttpURLConnection;)V', 'name': ['UUID'], 'num': 518, 'source_class': None, 'source_method': None},
 {'clss': 'Lcom/fyber/fairbid/http/connection/HttpConnection;',
  'method': 'call()Lcom/fyber/fairbid/http/responses/HttpResponse;',
  'name': ['UUID'],
  'num': 824,
  'source_class': None,
  'source_method': None}]
Sinks
[{"smali_tag": "6933_268", "clss": "Lcom/fyber/fairbid/http/FairBidHttpUtils;", "method": "urlBuilder(Ljava/lang/String;Ljava/util/Map;Ljava/lang/String;)Ljava/net/URL;", "num": 268, "sink_class": "Ljava/net/URL;", "sink_method": "<init>(Ljava/lang/String;)V", "sink_values": ["https://mediation.fyber.com/mediate?app_version=1.0%20(1)&device_model=Pixel%203&device_type=blueline&language=ja&platform=android&device_width=1080&install_id=3e6c32fe-0f7e-44fc-a992-e4dab596817d&plugin_framework=native&sdk_version=3.41.2&app_id=109613&sdk_init_timestamp=1696659070479&device_dpi=2.75&orientation=portrait&device_id=434ceb01-7f34-44db-bf40-aac89d9fb38e&connection_type=wifi&device_free_bytes=49352892416&os_version=9&advertising_id=434ceb01-7f34-44db-bf40-aac89d9fb38e&locale_country=jp&app_name=DT%20FairBid%20Sample&country_code=jp&device_height=2028&sdk_session_id=ecca5a9d-cdca-4930-b067-5aaa815e22ed&hours_since_install=0&bundle_id=com.fyber.fairbid.sample&device_meta_type=phone&tracking_enabled=1"], "sources": ["AAID", "UUID"], "returned_value": null}, {"smali_tag": "6933_268", "clss": "Lcom/fyber/fairbid/http/FairBidHttpUtils;", "method": "urlBuilder(Ljava/lang/String;Ljava/util/Map;Ljava/lang/String;)Ljava/net/URL;", "num": 268, "sink_class": "Ljava/net/URL;", "sink_method": "<init>(Ljava/lang/String;)V", "sink_values": ["https://dau.fyber.com/reportActiveUser?app_version=1.0+(1)&install_id=3e6c32fe-0f7e-44fc-a992-e4dab596817d&country_code=jp&sdk_version=3.41.2&app_id=109613&lat_enabled=0"], "sources": ["UUID"], "returned_value": null}, {"smali_tag": "6933_268", "clss": "Lcom/fyber/fairbid/http/FairBidHttpUtils;", "method": "urlBuilder(Ljava/lang/String;Ljava/util/Map;Ljava/lang/String;)Ljava/net/URL;", "num": 268, "sink_class": "Ljava/net/URL;", "sink_method": "<init>(Ljava/lang/String;)V", "sink_values": ["https://fev.fyber.com/event"], "sources": ["AAID"], "returned_value": null}, {"smali_tag": "6483_473", "clss": "Lcom/fyber/inneractive/sdk/network/i;", "method": "a(Lcom/fyber/inneractive/sdk/network/a0;Ljava/lang/String;Ljava/lang/String;)Lcom/fyber/inneractive/sdk/network/j;", "num": 473, "sink_class": "Ljava/net/URL;", "sink_method": "<init>(Ljava/lang/String;)V", "sink_values": ["https"], "sources": ["AAID", "UUID"], "returned_value": null}, {"smali_tag": "6933_268", "clss": "Lcom/fyber/fairbid/http/FairBidHttpUtils;", "method": "urlBuilder(Ljava/lang/String;Ljava/util/Map;Ljava/lang/String;)Ljava/net/URL;", "num": 268, "sink_class": "Ljava/net/URL;", "sink_method": "<init>(Ljava/lang/String;)V", "sink_values": ["https://mediation.fyber.com/mediate?app_version=1.0%20(1)&device_model=Pixel%203&device_type=blueline&language=ja&platform=android&device_width=1080&install_id=3e6c32fe-0f7e-44fc-a992-e4dab596817d&plugin_framework=native&sdk_version=3.41.2&app_id=109613&sdk_init_timestamp=1696659094823&device_dpi=2.75&orientation=portrait&device_id=434ceb01-7f34-44db-bf40-aac89d9fb38e&connection_type=wifi&device_free_bytes=49285632000&os_version=9&advertising_id=434ceb01-7f34-44db-bf40-aac89d9fb38e&locale_country=jp&app_name=DT%20FairBid%20Sample&country_code=jp&device_height=2028&sdk_session_id=e1911ec4-6b60-45ae-9ce0-e17749a9f867&hours_since_install=0&bundle_id=com.fyber.fairbid.sample&device_meta_type=phone&tracking_enabled=1"], "sources": ["AAID", "UUID"], "returned_value": null}, {"smali_tag": "6933_268", "clss": "Lcom/fyber/fairbid/http/FairBidHttpUtils;", "method": "urlBuilder(Ljava/lang/String;Ljava/util/Map;Ljava/lang/String;)Ljava/net/URL;", "num": 268, "sink_class": "Ljava/net/URL;", "sink_method": "<init>(Ljava/lang/String;)V", "sink_values": ["https://dau.fyber.com/reportActiveUser?app_version=1.0+(1)&install_id=3e6c32fe-0f7e-44fc-a992-e4dab596817d&country_code=jp&sdk_version=3.41.2&app_id=109613&lat_enabled=0"], "sources": ["UUID"], "returned_value": null}, {"smali_tag": "6483_473", "clss": "Lcom/fyber/inneractive/sdk/network/i;", "method": "a(Lcom/fyber/inneractive/sdk/network/a0;Ljava/lang/String;Ljava/lang/String;)Lcom/fyber/inneractive/sdk/network/j;", "num": 473, "sink_class": "Ljava/net/URL;", "sink_method": "<init>(Ljava/lang/String;)V", "sink_values": ["https"], "sources": ["AAID", "UUID"], "returned_value": null}, {"smali_tag": "6483_473", "clss": "Lcom/fyber/inneractive/sdk/network/i;", "method": "a(Lcom/fyber/inneractive/sdk/network/a0;Ljava/lang/String;Ljava/lang/String;)Lcom/fyber/inneractive/sdk/network/j;", "num": 473, "sink_class": "Ljava/net/URL;", "sink_method": "<init>(Ljava/lang/String;)V", "sink_values": ["https"], "sources": ["AAID", "UUID"], "returned_value": null}, {"smali_tag": "6933_268", "clss": "Lcom/fyber/fairbid/http/FairBidHttpUtils;", "method": "urlBuilder(Ljava/lang/String;Ljava/util/Map;Ljava/lang/String;)Ljava/net/URL;", "num": 268, "sink_class": "Ljava/net/URL;", "sink_method": "<init>(Ljava/lang/String;)V", "sink_values": ["https://mediation.fyber.com/mediate?app_version=1.0%20(1)&device_model=Pixel%203&device_type=blueline&language=ja&platform=android&device_width=1080&install_id=3e6c32fe-0f7e-44fc-a992-e4dab596817d&plugin_framework=native&sdk_version=3.41.2&app_id=109613&sdk_init_timestamp=1696659144705&device_dpi=2.75&orientation=portrait&device_id=434ceb01-7f34-44db-bf40-aac89d9fb38e&connection_type=wifi&device_free_bytes=49220988928&os_version=9&advertising_id=434ceb01-7f34-44db-bf40-aac89d9fb38e&locale_country=jp&app_name=DT%20FairBid%20Sample&country_code=jp&device_height=2028&sdk_session_id=c2a7fdc1-3232-4d0d-855b-7056499cae1d&hours_since_install=0&bundle_id=com.fyber.fairbid.sample&device_meta_type=phone&tracking_enabled=1"], "sources": ["AAID", "UUID"], "returned_value": null}, {"smali_tag": "6933_268", "clss": "Lcom/fyber/fairbid/http/FairBidHttpUtils;", "method": "urlBuilder(Ljava/lang/String;Ljava/util/Map;Ljava/lang/String;)Ljava/net/URL;", "num": 268, "sink_class": "Ljava/net/URL;", "sink_method": "<init>(Ljava/lang/String;)V", "sink_values": ["https://dau.fyber.com/reportActiveUser?app_version=1.0+(1)&install_id=3e6c32fe-0f7e-44fc-a992-e4dab596817d&country_code=jp&sdk_version=3.41.2&app_id=109613&lat_enabled=0"], "sources": ["UUID"], "returned_value": null}, {"smali_tag": "6933_268", "clss": "Lcom/fyber/fairbid/http/FairBidHttpUtils;", "method": "urlBuilder(Ljava/lang/String;Ljava/util/Map;Ljava/lang/String;)Ljava/net/URL;", "num": 268, "sink_class": "Ljava/net/URL;", "sink_method": "<init>(Ljava/lang/String;)V", "sink_values": ["https://fairbid.inner-active.mobi/simpleM2M/fyberMediation?spotId=197405"], "sources": ["AAID", "UUID"], "returned_value": null}, {"smali_tag": "6933_268", "clss": "Lcom/fyber/fairbid/http/FairBidHttpUtils;", "method": "urlBuilder(Ljava/lang/String;Ljava/util/Map;Ljava/lang/String;)Ljava/net/URL;", "num": 268, "sink_class": "Ljava/net/URL;", "sink_method": "<init>(Ljava/lang/String;)V", "sink_values": ["https://fev.fyber.com/event"], "sources": ["AAID"], "returned_value": null}, {"smali_tag": "6483_473", "clss": "Lcom/fyber/inneractive/sdk/network/i;", "method": "a(Lcom/fyber/inneractive/sdk/network/a0;Ljava/lang/String;Ljava/lang/String;)Lcom/fyber/inneractive/sdk/network/j;", "num": 473, "sink_class": "Ljava/net/URL;", "sink_method": "<init>(Ljava/lang/String;)V", "sink_values": ["https"], "sources": ["AAID", "UUID"], "returned_value": null}, {"smali_tag": "6483_473", "clss": "Lcom/fyber/inneractive/sdk/network/i;", "method": "a(Lcom/fyber/inneractive/sdk/network/a0;Ljava/lang/String;Ljava/lang/String;)Lcom/fyber/inneractive/sdk/network/j;", "num": 473, "sink_class": "Ljava/net/URL;", "sink_method": "<init>(Ljava/lang/String;)V", "sink_values": ["https"], "sources": ["AAID", "UUID"], "returned_value": null}, {"smali_tag": "5384_156", "clss": "Lcom/fyber/inneractive/sdk/util/o;", "method": "doInBackground([Ljava/lang/Object;)Ljava/lang/Object;", "num": 156, "sink_class": "Ljava/net/URL;", "sink_method": "<init>(Ljava/lang/String;)V", "sink_values": ["https"], "sources": ["AAID", "UUID"], "returned_value": null}, {"smali_tag": "6483_473", "clss": "Lcom/fyber/inneractive/sdk/network/i;", "method": "a(Lcom/fyber/inneractive/sdk/network/a0;Ljava/lang/String;Ljava/lang/String;)Lcom/fyber/inneractive/sdk/network/j;", "num": 473, "sink_class": "Ljava/net/URL;", "sink_method": "<init>(Ljava/lang/String;)V", "sink_values": ["https"], "sources": ["AAID", "UUID"], "returned_value": null}]