project.emulator.get_num_leaks() = 1
Sources
[{'clss': 'Lcom/google/android/gms/internal/ads/zzbzm;',
  'method': 'zzy(Landroid/content/Context;)Ljava/lang/String;',
  'name': ['AndroidID'],
  'num': 1557,
  'source_class': 'Landroid/provider/Settings$Secure;',
  'source_method': 'getString(Landroid/content/ContentResolver;Ljava/lang/String;)Ljava/lang/String;'},
 {'clss': 'Lcom/google/android/gms/internal/ads/zzbzm;',
  'method': 'zzy(Landroid/content/Context;)Ljava/lang/String;',
  'name': ['AndroidID'],
  'num': 1557,
  'source_class': 'Landroid/provider/Settings$Secure;',
  'source_method': 'getString(Landroid/content/ContentResolver;Ljava/lang/String;)Ljava/lang/String;'},
 {'clss': 'Lcom/google/android/gms/internal/ads/zzduu;',
  'method': 'zzb()Ljava/lang/Object;',
  'name': ['UUID'],
  'num': 40,
  'source_class': 'Ljava/util/UUID;',
  'source_method': 'toString()Ljava/lang/String;'},
 {'clss': 'Lcom/google/android/gms/internal/ads/zzbnc;',
  'method': 'zzd(Lcom/google/android/gms/internal/ads/zzbnc;Lcom/google/android/gms/internal/ads/zzbme;Lcom/google/android/gms/internal/ads/zzbml;Ljava/lang/Object;Lcom/google/android/gms/internal/ads/zzcal;)V',
  'name': ['UUID'],
  'num': 60,
  'source_class': 'Ljava/util/UUID;',
  'source_method': 'toString()Ljava/lang/String;'},
 {'clss': 'Lcom/google/android/gms/internal/ads/zzblc;',
  'method': 'zzd(Lcom/google/android/gms/internal/ads/zzbld;Ljava/lang/String;Lorg/json/JSONObject;)V',
  'name': ['UUID'],
  'num': 128,
  'source_class': 'Lorg/json/JSONObject;',
  'source_method': 'toString()Ljava/lang/String;'},
 {'clss': 'Lcom/google/android/gms/internal/ads/zzblc;',
  'method': 'zzc(Lcom/google/android/gms/internal/ads/zzbld;Ljava/lang/String;Ljava/lang/String;)V',
  'name': ['UUID'],
  'num': 114,
  'source_class': 'Ljava/lang/StringBuilder;',
  'source_method': 'toString()Ljava/lang/String;'},
 {'clss': 'Lcom/google/android/gms/internal/ads/zzcfz;', 'method': 'run()V', 'name': ['UUID'], 'num': 34, 'source_class': None, 'source_method': None},
 {'clss': 'Lcom/google/android/gms/internal/ads/zzcfi;',
  'method': 'zzj(Landroid/net/Uri;)V',
  'name': ['UUID'],
  'num': 2927,
  'source_class': 'Landroid/net/Uri;',
  'source_method': 'getEncodedQuery()Ljava/lang/String;'},
 {'clss': 'Lcom/google/android/gms/ads/internal/util/zzs;',
  'method': 'zzL(Landroid/net/Uri;)Ljava/util/Map;',
  'name': ['UUID'],
  'num': 1011,
  'source_class': 'Landroid/net/Uri;',
  'source_method': 'getQueryParameter(Ljava/lang/String;)Ljava/lang/String;'},
 {'clss': 'Lcom/google/android/gms/ads/internal/util/zzs;',
  'method': 'zzL(Landroid/net/Uri;)Ljava/util/Map;',
  'name': ['UUID'],
  'num': 1011,
  'source_class': 'Landroid/net/Uri;',
  'source_method': 'getQueryParameter(Ljava/lang/String;)Ljava/lang/String;'},
 {'clss': 'Lcom/google/android/gms/internal/ads/zzbiw;',
  'method': 'zza(Ljava/lang/Object;Ljava/util/Map;)V',
  'name': ['UUID'],
  'num': 49,
  'source_class': 'Ljava/util/Map;',
  'source_method': 'get(Ljava/lang/Object;)Ljava/lang/Object;'},
 {'clss': 'Lcom/google/android/gms/internal/ads/zzbnc;',
  'method': 'zzd(Lcom/google/android/gms/internal/ads/zzbnc;Lcom/google/android/gms/internal/ads/zzbme;Lcom/google/android/gms/internal/ads/zzbml;Ljava/lang/Object;Lcom/google/android/gms/internal/ads/zzcal;)V',
  'name': ['UUID'],
  'num': 60,
  'source_class': 'Ljava/util/UUID;',
  'source_method': 'toString()Ljava/lang/String;'},
 {'clss': 'Lcom/google/android/gms/internal/ads/zzblc;',
  'method': 'zzd(Lcom/google/android/gms/internal/ads/zzbld;Ljava/lang/String;Lorg/json/JSONObject;)V',
  'name': ['UUID'],
  'num': 128,
  'source_class': 'Lorg/json/JSONObject;',
  'source_method': 'toString()Ljava/lang/String;'},
 {'clss': 'Lcom/google/android/gms/internal/ads/zzblc;',
  'method': 'zzc(Lcom/google/android/gms/internal/ads/zzbld;Ljava/lang/String;Ljava/lang/String;)V',
  'name': ['UUID'],
  'num': 114,
  'source_class': 'Ljava/lang/StringBuilder;',
  'source_method': 'toString()Ljava/lang/String;'},
 {'clss': 'Lcom/google/android/gms/internal/ads/zzcfz;', 'method': 'run()V', 'name': ['UUID'], 'num': 34, 'source_class': None, 'source_method': None},
 {'clss': 'Lcom/google/android/gms/internal/ads/zzcfi;',
  'method': 'zzj(Landroid/net/Uri;)V',
  'name': ['UUID'],
  'num': 2927,
  'source_class': 'Landroid/net/Uri;',
  'source_method': 'getEncodedQuery()Ljava/lang/String;'},
 {'clss': 'Lcom/google/android/gms/ads/internal/util/zzs;',
  'method': 'zzL(Landroid/net/Uri;)Ljava/util/Map;',
  'name': ['UUID'],
  'num': 1011,
  'source_class': 'Landroid/net/Uri;',
  'source_method': 'getQueryParameter(Ljava/lang/String;)Ljava/lang/String;'},
 {'clss': 'Lcom/google/android/gms/ads/internal/util/zzs;',
  'method': 'zzL(Landroid/net/Uri;)Ljava/util/Map;',
  'name': ['UUID'],
  'num': 1011,
  'source_class': 'Landroid/net/Uri;',
  'source_method': 'getQueryParameter(Ljava/lang/String;)Ljava/lang/String;'},
 {'clss': 'Lcom/google/android/gms/internal/ads/zzbiw;',
  'method': 'zza(Ljava/lang/Object;Ljava/util/Map;)V',
  'name': ['UUID'],
  'num': 49,
  'source_class': 'Ljava/util/Map;',
  'source_method': 'get(Ljava/lang/Object;)Ljava/lang/Object;'},
 {'clss': 'Lcom/google/android/gms/internal/ads/zzcod;',
  'method': 'zzb()Ljava/lang/Object;',
  'name': ['UUID'],
  'num': 83,
  'source_class': 'Ljava/util/UUID;',
  'source_method': 'toString()Ljava/lang/String;'},
 {'clss': 'Lcom/google/android/gms/internal/ads/zzfgs;',
  'method': '<init>(Lcom/google/android/gms/internal/ads/zzfgp;Lcom/google/android/gms/internal/ads/zzfgq;)V',
  'name': ['UUID'],
  'num': 69,
  'source_class': 'Ljava/util/UUID;',
  'source_method': 'toString()Ljava/lang/String;'},
 {'clss': 'Lcom/google/android/gms/internal/ads/zzfhi;',
  'method': 'zzb(Landroid/webkit/WebView;Ljava/lang/String;[Ljava/lang/Object;)V',
  'name': ['UUID'],
  'num': 160,
  'source_class': 'Ljava/lang/StringBuilder;',
  'source_method': 'toString()Ljava/lang/String;'},
 {'clss': 'Lcom/google/android/gms/internal/ads/zzbnk;',
  'method': 'zzc(Ljava/lang/Object;Lcom/google/android/gms/internal/ads/zzbml;)Lcom/google/android/gms/internal/ads/zzfwb;',
  'name': ['UUID'],
  'num': 96,
  'source_class': 'Ljava/util/UUID;',
  'source_method': 'toString()Ljava/lang/String;'},
 {'clss': 'Lcom/google/android/gms/internal/ads/zzblc;',
  'method': 'zzd(Lcom/google/android/gms/internal/ads/zzbld;Ljava/lang/String;Lorg/json/JSONObject;)V',
  'name': ['UUID'],
  'num': 128,
  'source_class': 'Lorg/json/JSONObject;',
  'source_method': 'toString()Ljava/lang/String;'},
 {'clss': 'Lcom/google/android/gms/internal/ads/zzblc;',
  'method': 'zzc(Lcom/google/android/gms/internal/ads/zzbld;Ljava/lang/String;Ljava/lang/String;)V',
  'name': ['UUID'],
  'num': 114,
  'source_class': 'Ljava/lang/StringBuilder;',
  'source_method': 'toString()Ljava/lang/String;'},
 {'clss': 'Lcom/google/android/gms/internal/ads/zzfhy;',
  'method': 'zzd(Landroid/view/View;)Ljava/lang/String;',
  'name': ['UUID'],
  'num': 165,
  'source_class': 'Ljava/util/HashMap;',
  'source_method': 'get(Ljava/lang/Object;)Ljava/lang/Object;'},
 {'clss': 'Lcom/google/android/gms/internal/ads/zzbnk;',
  'method': 'zzc(Ljava/lang/Object;Lcom/google/android/gms/internal/ads/zzbml;)Lcom/google/android/gms/internal/ads/zzfwb;',
  'name': ['UUID'],
  'num': 96,
  'source_class': 'Ljava/util/UUID;',
  'source_method': 'toString()Ljava/lang/String;'},
 {'clss': 'Lcom/google/android/gms/internal/ads/zzblc;',
  'method': 'zzd(Lcom/google/android/gms/internal/ads/zzbld;Ljava/lang/String;Lorg/json/JSONObject;)V',
  'name': ['UUID'],
  'num': 128,
  'source_class': 'Lorg/json/JSONObject;',
  'source_method': 'toString()Ljava/lang/String;'},
 {'clss': 'Lcom/google/android/gms/internal/ads/zzfhi;',
  'method': 'zzb(Landroid/webkit/WebView;Ljava/lang/String;[Ljava/lang/Object;)V',
  'name': ['UUID'],
  'num': 160,
  'source_class': 'Ljava/lang/StringBuilder;',
  'source_method': 'toString()Ljava/lang/String;'},
 {'clss': 'Lcom/google/android/gms/internal/ads/zzblc;',
  'method': 'zzc(Lcom/google/android/gms/internal/ads/zzbld;Ljava/lang/String;Ljava/lang/String;)V',
  'name': ['UUID'],
  'num': 114,
  'source_class': 'Ljava/lang/StringBuilder;',
  'source_method': 'toString()Ljava/lang/String;'},
 {'clss': 'Lcom/google/android/gms/internal/ads/zzbnk;',
  'method': 'zzc(Ljava/lang/Object;Lcom/google/android/gms/internal/ads/zzbml;)Lcom/google/android/gms/internal/ads/zzfwb;',
  'name': ['UUID'],
  'num': 96,
  'source_class': 'Ljava/util/UUID;',
  'source_method': 'toString()Ljava/lang/String;'},
 {'clss': 'Lcom/google/android/gms/internal/ads/zzblc;',
  'method': 'zzd(Lcom/google/android/gms/internal/ads/zzbld;Ljava/lang/String;Lorg/json/JSONObject;)V',
  'name': ['UUID'],
  'num': 128,
  'source_class': 'Lorg/json/JSONObject;',
  'source_method': 'toString()Ljava/lang/String;'},
 {'clss': 'Lcom/google/android/gms/internal/ads/zzblc;',
  'method': 'zzc(Lcom/google/android/gms/internal/ads/zzbld;Ljava/lang/String;Ljava/lang/String;)V',
  'name': ['UUID'],
  'num': 114,
  'source_class': 'Ljava/lang/StringBuilder;',
  'source_method': 'toString()Ljava/lang/String;'},
 {'clss': 'Lcom/google/android/gms/internal/ads/zzbnk;',
  'method': 'zzc(Ljava/lang/Object;Lcom/google/android/gms/internal/ads/zzbml;)Lcom/google/android/gms/internal/ads/zzfwb;',
  'name': ['UUID'],
  'num': 96,
  'source_class': 'Ljava/util/UUID;',
  'source_method': 'toString()Ljava/lang/String;'},
 {'clss': 'Lcom/google/android/gms/internal/ads/zzblc;',
  'method': 'zzd(Lcom/google/android/gms/internal/ads/zzbld;Ljava/lang/String;Lorg/json/JSONObject;)V',
  'name': ['UUID'],
  'num': 128,
  'source_class': 'Lorg/json/JSONObject;',
  'source_method': 'toString()Ljava/lang/String;'},
 {'clss': 'Lcom/google/android/gms/internal/ads/zzblc;',
  'method': 'zzc(Lcom/google/android/gms/internal/ads/zzbld;Ljava/lang/String;Ljava/lang/String;)V',
  'name': ['UUID'],
  'num': 114,
  'source_class': 'Ljava/lang/StringBuilder;',
  'source_method': 'toString()Ljava/lang/String;'},
 {'clss': 'Lcom/google/android/gms/internal/ads/zzbnk;',
  'method': 'zzc(Ljava/lang/Object;Lcom/google/android/gms/internal/ads/zzbml;)Lcom/google/android/gms/internal/ads/zzfwb;',
  'name': ['UUID'],
  'num': 96,
  'source_class': 'Ljava/util/UUID;',
  'source_method': 'toString()Ljava/lang/String;'},
 {'clss': 'Lcom/google/android/gms/internal/ads/zzblc;',
  'method': 'zzd(Lcom/google/android/gms/internal/ads/zzbld;Ljava/lang/String;Lorg/json/JSONObject;)V',
  'name': ['UUID'],
  'num': 128,
  'source_class': 'Lorg/json/JSONObject;',
  'source_method': 'toString()Ljava/lang/String;'},
 {'clss': 'Lcom/google/android/gms/internal/ads/zzblc;',
  'method': 'zzc(Lcom/google/android/gms/internal/ads/zzbld;Ljava/lang/String;Ljava/lang/String;)V',
  'name': ['UUID'],
  'num': 114,
  'source_class': 'Ljava/lang/StringBuilder;',
  'source_method': 'toString()Ljava/lang/String;'},
 {'clss': 'Lcom/google/android/gms/internal/ads/zzcfz;', 'method': 'run()V', 'name': ['UUID'], 'num': 34, 'source_class': None, 'source_method': None},
 {'clss': 'Lcom/google/android/gms/internal/ads/zzcfi;',
  'method': 'zzj(Landroid/net/Uri;)V',
  'name': ['UUID'],
  'num': 3032,
  'source_class': 'Ljava/lang/String;',
  'source_method': 'valueOf(Ljava/lang/Object;)Ljava/lang/String;'},
 {'clss': 'Lcom/google/android/gms/internal/ads/zzcfi;',
  'method': 'zzj(Landroid/net/Uri;)V',
  'name': ['UUID'],
  'num': 3042,
  'source_class': 'Ljava/lang/String;',
  'source_method': 'concat(Ljava/lang/String;)Ljava/lang/String;'},
 {'clss': 'Lcom/google/android/gms/internal/ads/zzcfz;', 'method': 'run()V', 'name': ['UUID'], 'num': 34, 'source_class': None, 'source_method': None},
 {'clss': 'Lcom/google/android/gms/internal/ads/zzcfi;',
  'method': 'zzj(Landroid/net/Uri;)V',
  'name': ['UUID'],
  'num': 3032,
  'source_class': 'Ljava/lang/String;',
  'source_method': 'valueOf(Ljava/lang/Object;)Ljava/lang/String;'},
 {'clss': 'Lcom/google/android/gms/internal/ads/zzcfi;',
  'method': 'zzj(Landroid/net/Uri;)V',
  'name': ['UUID'],
  'num': 3042,
  'source_class': 'Ljava/lang/String;',
  'source_method': 'concat(Ljava/lang/String;)Ljava/lang/String;'},
 {'clss': 'Lcom/google/android/gms/internal/ads/zzcfz;', 'method': 'run()V', 'name': ['UUID'], 'num': 34, 'source_class': None, 'source_method': None},
 {'clss': 'Lcom/google/android/gms/internal/ads/zzbnk;',
  'method': 'zzc(Ljava/lang/Object;Lcom/google/android/gms/internal/ads/zzbml;)Lcom/google/android/gms/internal/ads/zzfwb;',
  'name': ['UUID'],
  'num': 96,
  'source_class': 'Ljava/util/UUID;',
  'source_method': 'toString()Ljava/lang/String;'},
 {'clss': 'Lcom/google/android/gms/internal/ads/zzcfi;',
  'method': 'zzj(Landroid/net/Uri;)V',
  'name': ['UUID'],
  'num': 2927,
  'source_class': 'Landroid/net/Uri;',
  'source_method': 'getEncodedQuery()Ljava/lang/String;'},
 {'clss': 'Lcom/google/android/gms/ads/internal/util/zzs;',
  'method': 'zzL(Landroid/net/Uri;)Ljava/util/Map;',
  'name': ['UUID'],
  'num': 1011,
  'source_class': 'Landroid/net/Uri;',
  'source_method': 'getQueryParameter(Ljava/lang/String;)Ljava/lang/String;'},
 {'clss': 'Lcom/google/android/gms/ads/internal/util/zzs;',
  'method': 'zzL(Landroid/net/Uri;)Ljava/util/Map;',
  'name': ['UUID'],
  'num': 1011,
  'source_class': 'Landroid/net/Uri;',
  'source_method': 'getQueryParameter(Ljava/lang/String;)Ljava/lang/String;'},
 {'clss': 'Lcom/google/android/gms/internal/ads/zzblc;',
  'method': 'zzd(Lcom/google/android/gms/internal/ads/zzbld;Ljava/lang/String;Lorg/json/JSONObject;)V',
  'name': ['UUID'],
  'num': 128,
  'source_class': 'Lorg/json/JSONObject;',
  'source_method': 'toString()Ljava/lang/String;'},
 {'clss': 'Lcom/google/android/gms/internal/ads/zzblc;',
  'method': 'zzc(Lcom/google/android/gms/internal/ads/zzbld;Ljava/lang/String;Ljava/lang/String;)V',
  'name': ['UUID'],
  'num': 114,
  'source_class': 'Ljava/lang/StringBuilder;',
  'source_method': 'toString()Ljava/lang/String;'},
 {'clss': 'Lcom/google/android/gms/internal/ads/zzbiw;',
  'method': 'zza(Ljava/lang/Object;Ljava/util/Map;)V',
  'name': ['UUID'],
  'num': 49,
  'source_class': 'Ljava/util/Map;',
  'source_method': 'get(Ljava/lang/Object;)Ljava/lang/Object;'},
 {'clss': 'Lcom/google/android/gms/internal/ads/zzcfz;', 'method': 'run()V', 'name': ['UUID'], 'num': 34, 'source_class': None, 'source_method': None},
 {'clss': 'Lcom/google/android/gms/internal/ads/zzcfi;',
  'method': 'zzj(Landroid/net/Uri;)V',
  'name': ['UUID'],
  'num': 2927,
  'source_class': 'Landroid/net/Uri;',
  'source_method': 'getEncodedQuery()Ljava/lang/String;'},
 {'clss': 'Lcom/google/android/gms/ads/internal/util/zzs;',
  'method': 'zzL(Landroid/net/Uri;)Ljava/util/Map;',
  'name': ['UUID'],
  'num': 1011,
  'source_class': 'Landroid/net/Uri;',
  'source_method': 'getQueryParameter(Ljava/lang/String;)Ljava/lang/String;'},
 {'clss': 'Lcom/google/android/gms/ads/internal/util/zzs;',
  'method': 'zzL(Landroid/net/Uri;)Ljava/util/Map;',
  'name': ['UUID'],
  'num': 1011,
  'source_class': 'Landroid/net/Uri;',
  'source_method': 'getQueryParameter(Ljava/lang/String;)Ljava/lang/String;'},
 {'clss': 'Lcom/google/android/gms/internal/ads/zzbiw;',
  'method': 'zza(Ljava/lang/Object;Ljava/util/Map;)V',
  'name': ['UUID'],
  'num': 49,
  'source_class': 'Ljava/util/Map;',
  'source_method': 'get(Ljava/lang/Object;)Ljava/lang/Object;'},
 {'clss': 'Lcom/google/android/gms/internal/ads/zzcfz;', 'method': 'run()V', 'name': ['UUID'], 'num': 34, 'source_class': None, 'source_method': None},
 {'clss': 'Lcom/google/android/gms/internal/ads/zzcfi;',
  'method': 'zzj(Landroid/net/Uri;)V',
  'name': ['UUID'],
  'num': 2927,
  'source_class': 'Landroid/net/Uri;',
  'source_method': 'getEncodedQuery()Ljava/lang/String;'},
 {'clss': 'Lcom/google/android/gms/ads/internal/util/zzs;',
  'method': 'zzL(Landroid/net/Uri;)Ljava/util/Map;',
  'name': ['UUID'],
  'num': 1011,
  'source_class': 'Landroid/net/Uri;',
  'source_method': 'getQueryParameter(Ljava/lang/String;)Ljava/lang/String;'},
 {'clss': 'Lcom/google/android/gms/ads/internal/util/zzs;',
  'method': 'zzL(Landroid/net/Uri;)Ljava/util/Map;',
  'name': ['UUID'],
  'num': 1011,
  'source_class': 'Landroid/net/Uri;',
  'source_method': 'getQueryParameter(Ljava/lang/String;)Ljava/lang/String;'},
 {'clss': 'Lcom/google/android/gms/internal/ads/zzbiw;',
  'method': 'zza(Ljava/lang/Object;Ljava/util/Map;)V',
  'name': ['UUID'],
  'num': 49,
  'source_class': 'Ljava/util/Map;',
  'source_method': 'get(Ljava/lang/Object;)Ljava/lang/Object;'},
 {'clss': 'Lcom/google/android/gms/internal/ads/zzfhy;',
  'method': 'zzd(Landroid/view/View;)Ljava/lang/String;',
  'name': ['UUID'],
  'num': 165,
  'source_class': 'Ljava/util/HashMap;',
  'source_method': 'get(Ljava/lang/Object;)Ljava/lang/Object;'},
 {'clss': 'Lcom/google/android/gms/internal/ads/zzfil;',
  'method': 'doInBackground([Ljava/lang/Object;)Ljava/lang/Object;',
  'name': ['UUID'],
  'num': 50,
  'source_class': 'Lorg/json/JSONObject;',
  'source_method': 'toString()Ljava/lang/String;'},
 {'clss': 'Lcom/google/android/gms/internal/ads/zzcfz;', 'method': 'run()V', 'name': ['UUID'], 'num': 34, 'source_class': None, 'source_method': None},
 {'clss': 'Lcom/google/android/gms/internal/ads/zzcfi;',
  'method': 'zzj(Landroid/net/Uri;)V',
  'name': ['UUID'],
  'num': 2927,
  'source_class': 'Landroid/net/Uri;',
  'source_method': 'getEncodedQuery()Ljava/lang/String;'},
 {'clss': 'Lcom/google/android/gms/ads/internal/util/zzs;',
  'method': 'zzL(Landroid/net/Uri;)Ljava/util/Map;',
  'name': ['UUID'],
  'num': 1011,
  'source_class': 'Landroid/net/Uri;',
  'source_method': 'getQueryParameter(Ljava/lang/String;)Ljava/lang/String;'},
 {'clss': 'Lcom/google/android/gms/ads/internal/util/zzs;',
  'method': 'zzL(Landroid/net/Uri;)Ljava/util/Map;',
  'name': ['UUID'],
  'num': 1011,
  'source_class': 'Landroid/net/Uri;',
  'source_method': 'getQueryParameter(Ljava/lang/String;)Ljava/lang/String;'},
 {'clss': 'Lcom/google/android/gms/internal/ads/zzbiw;',
  'method': 'zza(Ljava/lang/Object;Ljava/util/Map;)V',
  'name': ['UUID'],
  'num': 49,
  'source_class': 'Ljava/util/Map;',
  'source_method': 'get(Ljava/lang/Object;)Ljava/lang/Object;'},
 {'clss': 'Lcom/google/android/gms/internal/ads/zzcfz;', 'method': 'run()V', 'name': ['UUID'], 'num': 34, 'source_class': None, 'source_method': None},
 {'clss': 'Lcom/google/android/gms/internal/ads/zzcfi;',
  'method': 'zzj(Landroid/net/Uri;)V',
  'name': ['UUID'],
  'num': 2927,
  'source_class': 'Landroid/net/Uri;',
  'source_method': 'getEncodedQuery()Ljava/lang/String;'},
 {'clss': 'Lcom/google/android/gms/ads/internal/util/zzs;',
  'method': 'zzL(Landroid/net/Uri;)Ljava/util/Map;',
  'name': ['UUID'],
  'num': 1011,
  'source_class': 'Landroid/net/Uri;',
  'source_method': 'getQueryParameter(Ljava/lang/String;)Ljava/lang/String;'},
 {'clss': 'Lcom/google/android/gms/ads/internal/util/zzs;',
  'method': 'zzL(Landroid/net/Uri;)Ljava/util/Map;',
  'name': ['UUID'],
  'num': 1011,
  'source_class': 'Landroid/net/Uri;',
  'source_method': 'getQueryParameter(Ljava/lang/String;)Ljava/lang/String;'},
 {'clss': 'Lcom/google/android/gms/internal/ads/zzbiw;',
  'method': 'zza(Ljava/lang/Object;Ljava/util/Map;)V',
  'name': ['UUID'],
  'num': 49,
  'source_class': 'Ljava/util/Map;',
  'source_method': 'get(Ljava/lang/Object;)Ljava/lang/Object;'},
 {'clss': 'Lcom/google/android/gms/internal/ads/zzfht;',
  'method': 'zzg(Lorg/json/JSONObject;Lorg/json/JSONObject;)Z',
  'name': ['UUID'],
  'num': 419,
  'source_class': 'Lorg/json/JSONObject;',
  'source_method': 'optString(Ljava/lang/String;Ljava/lang/String;)Ljava/lang/String;'},
 {'clss': 'Lcom/google/android/gms/internal/ads/zzfht;',
  'method': 'zzg(Lorg/json/JSONObject;Lorg/json/JSONObject;)Z',
  'name': ['UUID'],
  'num': 424,
  'source_class': 'Lorg/json/JSONObject;',
  'source_method': 'optString(Ljava/lang/String;Ljava/lang/String;)Ljava/lang/String;'},
 {'clss': 'Lcom/google/android/gms/internal/ads/zzcfz;', 'method': 'run()V', 'name': ['UUID'], 'num': 34, 'source_class': None, 'source_method': None},
 {'clss': 'Lcom/google/android/gms/internal/ads/zzcfi;',
  'method': 'zzj(Landroid/net/Uri;)V',
  'name': ['UUID'],
  'num': 2927,
  'source_class': 'Landroid/net/Uri;',
  'source_method': 'getEncodedQuery()Ljava/lang/String;'},
 {'clss': 'Lcom/google/android/gms/ads/internal/util/zzs;',
  'method': 'zzL(Landroid/net/Uri;)Ljava/util/Map;',
  'name': ['UUID'],
  'num': 1011,
  'source_class': 'Landroid/net/Uri;',
  'source_method': 'getQueryParameter(Ljava/lang/String;)Ljava/lang/String;'},
 {'clss': 'Lcom/google/android/gms/ads/internal/util/zzs;',
  'method': 'zzL(Landroid/net/Uri;)Ljava/util/Map;',
  'name': ['UUID'],
  'num': 1011,
  'source_class': 'Landroid/net/Uri;',
  'source_method': 'getQueryParameter(Ljava/lang/String;)Ljava/lang/String;'},
 {'clss': 'Lcom/google/android/gms/internal/ads/zzbiw;',
  'method': 'zza(Ljava/lang/Object;Ljava/util/Map;)V',
  'name': ['UUID'],
  'num': 49,
  'source_class': 'Ljava/util/Map;',
  'source_method': 'get(Ljava/lang/Object;)Ljava/lang/Object;'},
 {'clss': 'Lcom/google/android/gms/internal/ads/zzfhy;',
  'method': 'zzd(Landroid/view/View;)Ljava/lang/String;',
  'name': ['UUID'],
  'num': 165,
  'source_class': 'Ljava/util/HashMap;',
  'source_method': 'get(Ljava/lang/Object;)Ljava/lang/Object;'},
 {'clss': 'Lcom/google/android/gms/internal/ads/zzcfz;', 'method': 'run()V', 'name': ['UUID'], 'num': 34, 'source_class': None, 'source_method': None},
 {'clss': 'Lcom/google/android/gms/internal/ads/zzcfi;',
  'method': 'zzj(Landroid/net/Uri;)V',
  'name': ['UUID'],
  'num': 2927,
  'source_class': 'Landroid/net/Uri;',
  'source_method': 'getEncodedQuery()Ljava/lang/String;'},
 {'clss': 'Lcom/google/android/gms/ads/internal/util/zzs;',
  'method': 'zzL(Landroid/net/Uri;)Ljava/util/Map;',
  'name': ['UUID'],
  'num': 1011,
  'source_class': 'Landroid/net/Uri;',
  'source_method': 'getQueryParameter(Ljava/lang/String;)Ljava/lang/String;'},
 {'clss': 'Lcom/google/android/gms/internal/ads/zzfht;',
  'method': 'zzg(Lorg/json/JSONObject;Lorg/json/JSONObject;)Z',
  'name': ['UUID'],
  'num': 419,
  'source_class': 'Lorg/json/JSONObject;',
  'source_method': 'optString(Ljava/lang/String;Ljava/lang/String;)Ljava/lang/String;'},
 {'clss': 'Lcom/google/android/gms/internal/ads/zzfht;',
  'method': 'zzg(Lorg/json/JSONObject;Lorg/json/JSONObject;)Z',
  'name': ['UUID'],
  'num': 424,
  'source_class': 'Lorg/json/JSONObject;',
  'source_method': 'optString(Ljava/lang/String;Ljava/lang/String;)Ljava/lang/String;'},
 {'clss': 'Lcom/google/android/gms/internal/ads/zzcnu;',
  'method': 'zzg(Lcom/google/android/gms/internal/ads/zzcnu;Ljava/util/Map;)Z',
  'name': ['UUID'],
  'num': 73,
  'source_class': 'Ljava/util/Map;',
  'source_method': 'get(Ljava/lang/Object;)Ljava/lang/Object;'},
 {'clss': 'Lcom/google/android/gms/internal/ads/zzbnk;',
  'method': 'zzc(Ljava/lang/Object;Lcom/google/android/gms/internal/ads/zzbml;)Lcom/google/android/gms/internal/ads/zzfwb;',
  'name': ['UUID'],
  'num': 96,
  'source_class': 'Ljava/util/UUID;',
  'source_method': 'toString()Ljava/lang/String;'},
 {'clss': 'Lcom/google/android/gms/internal/ads/zzblc;',
  'method': 'zzd(Lcom/google/android/gms/internal/ads/zzbld;Ljava/lang/String;Lorg/json/JSONObject;)V',
  'name': ['UUID'],
  'num': 128,
  'source_class': 'Lorg/json/JSONObject;',
  'source_method': 'toString()Ljava/lang/String;'},
 {'clss': 'Lcom/google/android/gms/internal/ads/zzblc;',
  'method': 'zzc(Lcom/google/android/gms/internal/ads/zzbld;Ljava/lang/String;Ljava/lang/String;)V',
  'name': ['UUID'],
  'num': 114,
  'source_class': 'Ljava/lang/StringBuilder;',
  'source_method': 'toString()Ljava/lang/String;'},
 {'clss': 'Lcom/google/android/gms/internal/ads/zzcfz;', 'method': 'run()V', 'name': ['UUID'], 'num': 34, 'source_class': None, 'source_method': None},
 {'clss': 'Lcom/google/android/gms/internal/ads/zzcfi;',
  'method': 'zzj(Landroid/net/Uri;)V',
  'name': ['UUID'],
  'num': 2927,
  'source_class': 'Landroid/net/Uri;',
  'source_method': 'getEncodedQuery()Ljava/lang/String;'},
 {'clss': 'Lcom/google/android/gms/ads/internal/util/zzs;',
  'method': 'zzL(Landroid/net/Uri;)Ljava/util/Map;',
  'name': ['UUID'],
  'num': 1011,
  'source_class': 'Landroid/net/Uri;',
  'source_method': 'getQueryParameter(Ljava/lang/String;)Ljava/lang/String;'},
 {'clss': 'Lcom/google/android/gms/ads/internal/util/zzs;',
  'method': 'zzL(Landroid/net/Uri;)Ljava/util/Map;',
  'name': ['UUID'],
  'num': 1011,
  'source_class': 'Landroid/net/Uri;',
  'source_method': 'getQueryParameter(Ljava/lang/String;)Ljava/lang/String;'},
 {'clss': 'Lcom/google/android/gms/internal/ads/zzbiw;',
  'method': 'zza(Ljava/lang/Object;Ljava/util/Map;)V',
  'name': ['UUID'],
  'num': 49,
  'source_class': 'Ljava/util/Map;',
  'source_method': 'get(Ljava/lang/Object;)Ljava/lang/Object;'},
 {'clss': 'Lcom/google/android/gms/internal/ads/zzfhy;',
  'method': 'zzd(Landroid/view/View;)Ljava/lang/String;',
  'name': ['UUID'],
  'num': 165,
  'source_class': 'Ljava/util/HashMap;',
  'source_method': 'get(Ljava/lang/Object;)Ljava/lang/Object;'},
 {'clss': 'Lcom/google/android/gms/internal/ads/zzfht;',
  'method': 'zzg(Lorg/json/JSONObject;Lorg/json/JSONObject;)Z',
  'name': ['UUID'],
  'num': 419,
  'source_class': 'Lorg/json/JSONObject;',
  'source_method': 'optString(Ljava/lang/String;Ljava/lang/String;)Ljava/lang/String;'},
 {'clss': 'Lcom/google/android/gms/internal/ads/zzfht;',
  'method': 'zzg(Lorg/json/JSONObject;Lorg/json/JSONObject;)Z',
  'name': ['UUID'],
  'num': 424,
  'source_class': 'Lorg/json/JSONObject;',
  'source_method': 'optString(Ljava/lang/String;Ljava/lang/String;)Ljava/lang/String;'},
 {'clss': 'Lcom/google/android/gms/internal/ads/zzcfz;', 'method': 'run()V', 'name': ['UUID'], 'num': 34, 'source_class': None, 'source_method': None},
 {'clss': 'Lcom/google/android/gms/internal/ads/zzcfi;',
  'method': 'zzj(Landroid/net/Uri;)V',
  'name': ['UUID'],
  'num': 2927,
  'source_class': 'Landroid/net/Uri;',
  'source_method': 'getEncodedQuery()Ljava/lang/String;'},
 {'clss': 'Lcom/google/android/gms/ads/internal/util/zzs;',
  'method': 'zzL(Landroid/net/Uri;)Ljava/util/Map;',
  'name': ['UUID'],
  'num': 1011,
  'source_class': 'Landroid/net/Uri;',
  'source_method': 'getQueryParameter(Ljava/lang/String;)Ljava/lang/String;'},
 {'clss': 'Lcom/google/android/gms/internal/ads/zzcnu;',
  'method': 'zzg(Lcom/google/android/gms/internal/ads/zzcnu;Ljava/util/Map;)Z',
  'name': ['UUID'],
  'num': 73,
  'source_class': 'Ljava/util/Map;',
  'source_method': 'get(Ljava/lang/Object;)Ljava/lang/Object;'},
 {'clss': 'Lcom/google/android/gms/internal/ads/zzbnk;',
  'method': 'zzc(Ljava/lang/Object;Lcom/google/android/gms/internal/ads/zzbml;)Lcom/google/android/gms/internal/ads/zzfwb;',
  'name': ['UUID'],
  'num': 96,
  'source_class': 'Ljava/util/UUID;',
  'source_method': 'toString()Ljava/lang/String;'},
 {'clss': 'Lcom/google/android/gms/internal/ads/zzblc;',
  'method': 'zzd(Lcom/google/android/gms/internal/ads/zzbld;Ljava/lang/String;Lorg/json/JSONObject;)V',
  'name': ['UUID'],
  'num': 128,
  'source_class': 'Lorg/json/JSONObject;',
  'source_method': 'toString()Ljava/lang/String;'},
 {'clss': 'Lcom/google/android/gms/internal/ads/zzblc;',
  'method': 'zzc(Lcom/google/android/gms/internal/ads/zzbld;Ljava/lang/String;Ljava/lang/String;)V',
  'name': ['UUID'],
  'num': 114,
  'source_class': 'Ljava/lang/StringBuilder;',
  'source_method': 'toString()Ljava/lang/String;'},
 {'clss': 'Lcom/google/android/gms/internal/ads/zzcfz;', 'method': 'run()V', 'name': ['UUID'], 'num': 34, 'source_class': None, 'source_method': None},
 {'clss': 'Lcom/google/android/gms/internal/ads/zzcfi;',
  'method': 'zzj(Landroid/net/Uri;)V',
  'name': ['UUID'],
  'num': 2927,
  'source_class': 'Landroid/net/Uri;',
  'source_method': 'getEncodedQuery()Ljava/lang/String;'},
 {'clss': 'Lcom/google/android/gms/ads/internal/util/zzs;',
  'method': 'zzL(Landroid/net/Uri;)Ljava/util/Map;',
  'name': ['UUID'],
  'num': 1011,
  'source_class': 'Landroid/net/Uri;',
  'source_method': 'getQueryParameter(Ljava/lang/String;)Ljava/lang/String;'},
 {'clss': 'Lcom/google/android/gms/ads/internal/util/zzs;',
  'method': 'zzL(Landroid/net/Uri;)Ljava/util/Map;',
  'name': ['UUID'],
  'num': 1011,
  'source_class': 'Landroid/net/Uri;',
  'source_method': 'getQueryParameter(Ljava/lang/String;)Ljava/lang/String;'},
 {'clss': 'Lcom/google/android/gms/internal/ads/zzbiw;',
  'method': 'zza(Ljava/lang/Object;Ljava/util/Map;)V',
  'name': ['UUID'],
  'num': 49,
  'source_class': 'Ljava/util/Map;',
  'source_method': 'get(Ljava/lang/Object;)Ljava/lang/Object;'},
 {'clss': 'Lcom/google/android/gms/internal/ads/zzfhy;',
  'method': 'zzd(Landroid/view/View;)Ljava/lang/String;',
  'name': ['UUID'],
  'num': 165,
  'source_class': 'Ljava/util/HashMap;',
  'source_method': 'get(Ljava/lang/Object;)Ljava/lang/Object;'},
 {'clss': 'Lcom/google/android/gms/internal/ads/zzfht;',
  'method': 'zzg(Lorg/json/JSONObject;Lorg/json/JSONObject;)Z',
  'name': ['UUID'],
  'num': 419,
  'source_class': 'Lorg/json/JSONObject;',
  'source_method': 'optString(Ljava/lang/String;Ljava/lang/String;)Ljava/lang/String;'},
 {'clss': 'Lcom/google/android/gms/internal/ads/zzfht;',
  'method': 'zzg(Lorg/json/JSONObject;Lorg/json/JSONObject;)Z',
  'name': ['UUID'],
  'num': 424,
  'source_class': 'Lorg/json/JSONObject;',
  'source_method': 'optString(Ljava/lang/String;Ljava/lang/String;)Ljava/lang/String;'},
 {'clss': 'Lcom/google/android/gms/internal/ads/zzcfz;', 'method': 'run()V', 'name': ['UUID'], 'num': 34, 'source_class': None, 'source_method': None},
 {'clss': 'Lcom/google/android/gms/internal/ads/zzcfi;',
  'method': 'zzj(Landroid/net/Uri;)V',
  'name': ['UUID'],
  'num': 2927,
  'source_class': 'Landroid/net/Uri;',
  'source_method': 'getEncodedQuery()Ljava/lang/String;'},
 {'clss': 'Lcom/google/android/gms/ads/internal/util/zzs;',
  'method': 'zzL(Landroid/net/Uri;)Ljava/util/Map;',
  'name': ['UUID'],
  'num': 1011,
  'source_class': 'Landroid/net/Uri;',
  'source_method': 'getQueryParameter(Ljava/lang/String;)Ljava/lang/String;'},
 {'clss': 'Lcom/google/android/gms/internal/ads/zzcnu;',
  'method': 'zzg(Lcom/google/android/gms/internal/ads/zzcnu;Ljava/util/Map;)Z',
  'name': ['UUID'],
  'num': 73,
  'source_class': 'Ljava/util/Map;',
  'source_method': 'get(Ljava/lang/Object;)Ljava/lang/Object;'},
 {'clss': 'Lcom/google/android/gms/internal/ads/zzbnk;',
  'method': 'zzc(Ljava/lang/Object;Lcom/google/android/gms/internal/ads/zzbml;)Lcom/google/android/gms/internal/ads/zzfwb;',
  'name': ['UUID'],
  'num': 96,
  'source_class': 'Ljava/util/UUID;',
  'source_method': 'toString()Ljava/lang/String;'},
 {'clss': 'Lcom/google/android/gms/internal/ads/zzblc;',
  'method': 'zzd(Lcom/google/android/gms/internal/ads/zzbld;Ljava/lang/String;Lorg/json/JSONObject;)V',
  'name': ['UUID'],
  'num': 128,
  'source_class': 'Lorg/json/JSONObject;',
  'source_method': 'toString()Ljava/lang/String;'},
 {'clss': 'Lcom/google/android/gms/internal/ads/zzblc;',
  'method': 'zzc(Lcom/google/android/gms/internal/ads/zzbld;Ljava/lang/String;Ljava/lang/String;)V',
  'name': ['UUID'],
  'num': 114,
  'source_class': 'Ljava/lang/StringBuilder;',
  'source_method': 'toString()Ljava/lang/String;'},
 {'clss': 'Lcom/google/android/gms/internal/ads/zzcfz;', 'method': 'run()V', 'name': ['UUID'], 'num': 34, 'source_class': None, 'source_method': None},
 {'clss': 'Lcom/google/android/gms/internal/ads/zzcfi;',
  'method': 'zzj(Landroid/net/Uri;)V',
  'name': ['UUID'],
  'num': 2927,
  'source_class': 'Landroid/net/Uri;',
  'source_method': 'getEncodedQuery()Ljava/lang/String;'},
 {'clss': 'Lcom/google/android/gms/ads/internal/util/zzs;',
  'method': 'zzL(Landroid/net/Uri;)Ljava/util/Map;',
  'name': ['UUID'],
  'num': 1011,
  'source_class': 'Landroid/net/Uri;',
  'source_method': 'getQueryParameter(Ljava/lang/String;)Ljava/lang/String;'},
 {'clss': 'Lcom/google/android/gms/ads/internal/util/zzs;',
  'method': 'zzL(Landroid/net/Uri;)Ljava/util/Map;',
  'name': ['UUID'],
  'num': 1011,
  'source_class': 'Landroid/net/Uri;',
  'source_method': 'getQueryParameter(Ljava/lang/String;)Ljava/lang/String;'},
 {'clss': 'Lcom/google/android/gms/internal/ads/zzbiw;',
  'method': 'zza(Ljava/lang/Object;Ljava/util/Map;)V',
  'name': ['UUID'],
  'num': 49,
  'source_class': 'Ljava/util/Map;',
  'source_method': 'get(Ljava/lang/Object;)Ljava/lang/Object;'},
 {'clss': 'Lcom/google/android/gms/internal/ads/zzfhy;',
  'method': 'zzd(Landroid/view/View;)Ljava/lang/String;',
  'name': ['UUID'],
  'num': 165,
  'source_class': 'Ljava/util/HashMap;',
  'source_method': 'get(Ljava/lang/Object;)Ljava/lang/Object;'},
 {'clss': 'Lcom/google/android/gms/internal/ads/zzfht;',
  'method': 'zzg(Lorg/json/JSONObject;Lorg/json/JSONObject;)Z',
  'name': ['UUID'],
  'num': 419,
  'source_class': 'Lorg/json/JSONObject;',
  'source_method': 'optString(Ljava/lang/String;Ljava/lang/String;)Ljava/lang/String;'},
 {'clss': 'Lcom/google/android/gms/internal/ads/zzfht;',
  'method': 'zzg(Lorg/json/JSONObject;Lorg/json/JSONObject;)Z',
  'name': ['UUID'],
  'num': 424,
  'source_class': 'Lorg/json/JSONObject;',
  'source_method': 'optString(Ljava/lang/String;Ljava/lang/String;)Ljava/lang/String;'},
 {'clss': 'Lcom/google/android/gms/internal/ads/zzcfz;', 'method': 'run()V', 'name': ['UUID'], 'num': 34, 'source_class': None, 'source_method': None},
 {'clss': 'Lcom/google/android/gms/internal/ads/zzcfi;',
  'method': 'zzj(Landroid/net/Uri;)V',
  'name': ['UUID'],
  'num': 2927,
  'source_class': 'Landroid/net/Uri;',
  'source_method': 'getEncodedQuery()Ljava/lang/String;'},
 {'clss': 'Lcom/google/android/gms/ads/internal/util/zzs;',
  'method': 'zzL(Landroid/net/Uri;)Ljava/util/Map;',
  'name': ['UUID'],
  'num': 1011,
  'source_class': 'Landroid/net/Uri;',
  'source_method': 'getQueryParameter(Ljava/lang/String;)Ljava/lang/String;'},
 {'clss': 'Lcom/google/android/gms/internal/ads/zzcnu;',
  'method': 'zzg(Lcom/google/android/gms/internal/ads/zzcnu;Ljava/util/Map;)Z',
  'name': ['UUID'],
  'num': 73,
  'source_class': 'Ljava/util/Map;',
  'source_method': 'get(Ljava/lang/Object;)Ljava/lang/Object;'},
 {'clss': 'Lcom/google/android/gms/internal/ads/zzbnk;',
  'method': 'zzc(Ljava/lang/Object;Lcom/google/android/gms/internal/ads/zzbml;)Lcom/google/android/gms/internal/ads/zzfwb;',
  'name': ['UUID'],
  'num': 96,
  'source_class': 'Ljava/util/UUID;',
  'source_method': 'toString()Ljava/lang/String;'},
 {'clss': 'Lcom/google/android/gms/internal/ads/zzblc;',
  'method': 'zzd(Lcom/google/android/gms/internal/ads/zzbld;Ljava/lang/String;Lorg/json/JSONObject;)V',
  'name': ['UUID'],
  'num': 128,
  'source_class': 'Lorg/json/JSONObject;',
  'source_method': 'toString()Ljava/lang/String;'},
 {'clss': 'Lcom/google/android/gms/internal/ads/zzblc;',
  'method': 'zzc(Lcom/google/android/gms/internal/ads/zzbld;Ljava/lang/String;Ljava/lang/String;)V',
  'name': ['UUID'],
  'num': 114,
  'source_class': 'Ljava/lang/StringBuilder;',
  'source_method': 'toString()Ljava/lang/String;'},
 {'clss': 'Lcom/google/android/gms/internal/ads/zzcfz;', 'method': 'run()V', 'name': ['UUID'], 'num': 34, 'source_class': None, 'source_method': None},
 {'clss': 'Lcom/google/android/gms/internal/ads/zzcfi;',
  'method': 'zzj(Landroid/net/Uri;)V',
  'name': ['UUID'],
  'num': 3032,
  'source_class': 'Ljava/lang/String;',
  'source_method': 'valueOf(Ljava/lang/Object;)Ljava/lang/String;'},
 {'clss': 'Lcom/google/android/gms/internal/ads/zzcfi;',
  'method': 'zzj(Landroid/net/Uri;)V',
  'name': ['UUID'],
  'num': 3042,
  'source_class': 'Ljava/lang/String;',
  'source_method': 'concat(Ljava/lang/String;)Ljava/lang/String;'},
 {'clss': 'Lcom/google/android/gms/internal/ads/zzcfz;', 'method': 'run()V', 'name': ['UUID'], 'num': 34, 'source_class': None, 'source_method': None},
 {'clss': 'Lcom/google/android/gms/internal/ads/zzcfi;',
  'method': 'zzj(Landroid/net/Uri;)V',
  'name': ['UUID'],
  'num': 2927,
  'source_class': 'Landroid/net/Uri;',
  'source_method': 'getEncodedQuery()Ljava/lang/String;'},
 {'clss': 'Lcom/google/android/gms/ads/internal/util/zzs;',
  'method': 'zzL(Landroid/net/Uri;)Ljava/util/Map;',
  'name': ['UUID'],
  'num': 1011,
  'source_class': 'Landroid/net/Uri;',
  'source_method': 'getQueryParameter(Ljava/lang/String;)Ljava/lang/String;'},
 {'clss': 'Lcom/google/android/gms/ads/internal/util/zzs;',
  'method': 'zzL(Landroid/net/Uri;)Ljava/util/Map;',
  'name': ['UUID'],
  'num': 1011,
  'source_class': 'Landroid/net/Uri;',
  'source_method': 'getQueryParameter(Ljava/lang/String;)Ljava/lang/String;'},
 {'clss': 'Lcom/google/android/gms/internal/ads/zzbiw;',
  'method': 'zza(Ljava/lang/Object;Ljava/util/Map;)V',
  'name': ['UUID'],
  'num': 49,
  'source_class': 'Ljava/util/Map;',
  'source_method': 'get(Ljava/lang/Object;)Ljava/lang/Object;'},
 {'clss': 'Lcom/google/android/gms/internal/ads/zzfhy;',
  'method': 'zzd(Landroid/view/View;)Ljava/lang/String;',
  'name': ['UUID'],
  'num': 165,
  'source_class': 'Ljava/util/HashMap;',
  'source_method': 'get(Ljava/lang/Object;)Ljava/lang/Object;'},
 {'clss': 'Lcom/google/android/gms/internal/ads/zzfht;',
  'method': 'zzg(Lorg/json/JSONObject;Lorg/json/JSONObject;)Z',
  'name': ['UUID'],
  'num': 419,
  'source_class': 'Lorg/json/JSONObject;',
  'source_method': 'optString(Ljava/lang/String;Ljava/lang/String;)Ljava/lang/String;'},
 {'clss': 'Lcom/google/android/gms/internal/ads/zzfht;',
  'method': 'zzg(Lorg/json/JSONObject;Lorg/json/JSONObject;)Z',
  'name': ['UUID'],
  'num': 424,
  'source_class': 'Lorg/json/JSONObject;',
  'source_method': 'optString(Ljava/lang/String;Ljava/lang/String;)Ljava/lang/String;'},
 {'clss': 'Lcom/google/android/gms/internal/ads/zzfhy;',
  'method': 'zzd(Landroid/view/View;)Ljava/lang/String;',
  'name': ['UUID'],
  'num': 165,
  'source_class': 'Ljava/util/HashMap;',
  'source_method': 'get(Ljava/lang/Object;)Ljava/lang/Object;'},
 {'clss': 'Lcom/google/android/gms/internal/ads/zzfht;',
  'method': 'zzg(Lorg/json/JSONObject;Lorg/json/JSONObject;)Z',
  'name': ['UUID'],
  'num': 419,
  'source_class': 'Lorg/json/JSONObject;',
  'source_method': 'optString(Ljava/lang/String;Ljava/lang/String;)Ljava/lang/String;'},
 {'clss': 'Lcom/google/android/gms/internal/ads/zzfht;',
  'method': 'zzg(Lorg/json/JSONObject;Lorg/json/JSONObject;)Z',
  'name': ['UUID'],
  'num': 424,
  'source_class': 'Lorg/json/JSONObject;',
  'source_method': 'optString(Ljava/lang/String;Ljava/lang/String;)Ljava/lang/String;'},
 {'clss': 'Lcom/google/android/gms/internal/ads/zzcfz;', 'method': 'run()V', 'name': ['UUID'], 'num': 34, 'source_class': None, 'source_method': None},
 {'clss': 'Lcom/google/android/gms/internal/ads/zzcfi;',
  'method': 'zzj(Landroid/net/Uri;)V',
  'name': ['UUID'],
  'num': 2927,
  'source_class': 'Landroid/net/Uri;',
  'source_method': 'getEncodedQuery()Ljava/lang/String;'},
 {'clss': 'Lcom/google/android/gms/ads/internal/util/zzs;',
  'method': 'zzL(Landroid/net/Uri;)Ljava/util/Map;',
  'name': ['UUID'],
  'num': 1011,
  'source_class': 'Landroid/net/Uri;',
  'source_method': 'getQueryParameter(Ljava/lang/String;)Ljava/lang/String;'},
 {'clss': 'Lcom/google/android/gms/internal/ads/zzcnu;',
  'method': 'zzg(Lcom/google/android/gms/internal/ads/zzcnu;Ljava/util/Map;)Z',
  'name': ['UUID'],
  'num': 73,
  'source_class': 'Ljava/util/Map;',
  'source_method': 'get(Ljava/lang/Object;)Ljava/lang/Object;'},
 {'clss': 'Lcom/google/android/gms/internal/ads/zzbnk;',
  'method': 'zzc(Ljava/lang/Object;Lcom/google/android/gms/internal/ads/zzbml;)Lcom/google/android/gms/internal/ads/zzfwb;',
  'name': ['UUID'],
  'num': 96,
  'source_class': 'Ljava/util/UUID;',
  'source_method': 'toString()Ljava/lang/String;'},
 {'clss': 'Lcom/google/android/gms/internal/ads/zzblc;',
  'method': 'zzd(Lcom/google/android/gms/internal/ads/zzbld;Ljava/lang/String;Lorg/json/JSONObject;)V',
  'name': ['UUID'],
  'num': 128,
  'source_class': 'Lorg/json/JSONObject;',
  'source_method': 'toString()Ljava/lang/String;'},
 {'clss': 'Lcom/google/android/gms/internal/ads/zzblc;',
  'method': 'zzc(Lcom/google/android/gms/internal/ads/zzbld;Ljava/lang/String;Ljava/lang/String;)V',
  'name': ['UUID'],
  'num': 114,
  'source_class': 'Ljava/lang/StringBuilder;',
  'source_method': 'toString()Ljava/lang/String;'},
 {'clss': 'Lcom/google/android/gms/internal/ads/zzfhy;',
  'method': 'zzd(Landroid/view/View;)Ljava/lang/String;',
  'name': ['UUID'],
  'num': 165,
  'source_class': 'Ljava/util/HashMap;',
  'source_method': 'get(Ljava/lang/Object;)Ljava/lang/Object;'},
 {'clss': 'Lcom/google/android/gms/internal/ads/zzcfz;', 'method': 'run()V', 'name': ['UUID'], 'num': 34, 'source_class': None, 'source_method': None},
 {'clss': 'Lcom/google/android/gms/internal/ads/zzcfi;',
  'method': 'zzj(Landroid/net/Uri;)V',
  'name': ['UUID'],
  'num': 2927,
  'source_class': 'Landroid/net/Uri;',
  'source_method': 'getEncodedQuery()Ljava/lang/String;'},
 {'clss': 'Lcom/google/android/gms/ads/internal/util/zzs;',
  'method': 'zzL(Landroid/net/Uri;)Ljava/util/Map;',
  'name': ['UUID'],
  'num': 1011,
  'source_class': 'Landroid/net/Uri;',
  'source_method': 'getQueryParameter(Ljava/lang/String;)Ljava/lang/String;'},
 {'clss': 'Lcom/google/android/gms/ads/internal/util/zzs;',
  'method': 'zzL(Landroid/net/Uri;)Ljava/util/Map;',
  'name': ['UUID'],
  'num': 1011,
  'source_class': 'Landroid/net/Uri;',
  'source_method': 'getQueryParameter(Ljava/lang/String;)Ljava/lang/String;'},
 {'clss': 'Lcom/google/android/gms/internal/ads/zzbiw;',
  'method': 'zza(Ljava/lang/Object;Ljava/util/Map;)V',
  'name': ['UUID'],
  'num': 49,
  'source_class': 'Ljava/util/Map;',
  'source_method': 'get(Ljava/lang/Object;)Ljava/lang/Object;'},
 {'clss': 'Lcom/google/android/gms/internal/ads/zzfht;',
  'method': 'zzg(Lorg/json/JSONObject;Lorg/json/JSONObject;)Z',
  'name': ['UUID'],
  'num': 419,
  'source_class': 'Lorg/json/JSONObject;',
  'source_method': 'optString(Ljava/lang/String;Ljava/lang/String;)Ljava/lang/String;'},
 {'clss': 'Lcom/google/android/gms/internal/ads/zzfht;',
  'method': 'zzg(Lorg/json/JSONObject;Lorg/json/JSONObject;)Z',
  'name': ['UUID'],
  'num': 424,
  'source_class': 'Lorg/json/JSONObject;',
  'source_method': 'optString(Ljava/lang/String;Ljava/lang/String;)Ljava/lang/String;'},
 {'clss': 'Lcom/google/android/gms/internal/ads/zzfhy;',
  'method': 'zzd(Landroid/view/View;)Ljava/lang/String;',
  'name': ['UUID'],
  'num': 165,
  'source_class': 'Ljava/util/HashMap;',
  'source_method': 'get(Ljava/lang/Object;)Ljava/lang/Object;'},
 {'clss': 'Lcom/google/android/gms/internal/ads/zzfht;',
  'method': 'zzg(Lorg/json/JSONObject;Lorg/json/JSONObject;)Z',
  'name': ['UUID'],
  'num': 419,
  'source_class': 'Lorg/json/JSONObject;',
  'source_method': 'optString(Ljava/lang/String;Ljava/lang/String;)Ljava/lang/String;'},
 {'clss': 'Lcom/google/android/gms/internal/ads/zzfht;',
  'method': 'zzg(Lorg/json/JSONObject;Lorg/json/JSONObject;)Z',
  'name': ['UUID'],
  'num': 424,
  'source_class': 'Lorg/json/JSONObject;',
  'source_method': 'optString(Ljava/lang/String;Ljava/lang/String;)Ljava/lang/String;'},
 {'clss': 'Lcom/google/android/gms/internal/ads/zzfhy;',
  'method': 'zzd(Landroid/view/View;)Ljava/lang/String;',
  'name': ['UUID'],
  'num': 165,
  'source_class': 'Ljava/util/HashMap;',
  'source_method': 'get(Ljava/lang/Object;)Ljava/lang/Object;'},
 {'clss': 'Lcom/google/android/gms/internal/ads/zzfht;',
  'method': 'zzg(Lorg/json/JSONObject;Lorg/json/JSONObject;)Z',
  'name': ['UUID'],
  'num': 419,
  'source_class': 'Lorg/json/JSONObject;',
  'source_method': 'optString(Ljava/lang/String;Ljava/lang/String;)Ljava/lang/String;'},
 {'clss': 'Lcom/google/android/gms/internal/ads/zzfht;',
  'method': 'zzg(Lorg/json/JSONObject;Lorg/json/JSONObject;)Z',
  'name': ['UUID'],
  'num': 424,
  'source_class': 'Lorg/json/JSONObject;',
  'source_method': 'optString(Ljava/lang/String;Ljava/lang/String;)Ljava/lang/String;'},
 {'clss': 'Lcom/google/android/gms/internal/ads/zzfhy;',
  'method': 'zzd(Landroid/view/View;)Ljava/lang/String;',
  'name': ['UUID'],
  'num': 165,
  'source_class': 'Ljava/util/HashMap;',
  'source_method': 'get(Ljava/lang/Object;)Ljava/lang/Object;'},
 {'clss': 'Lcom/google/android/gms/internal/ads/zzfht;',
  'method': 'zzg(Lorg/json/JSONObject;Lorg/json/JSONObject;)Z',
  'name': ['UUID'],
  'num': 419,
  'source_class': 'Lorg/json/JSONObject;',
  'source_method': 'optString(Ljava/lang/String;Ljava/lang/String;)Ljava/lang/String;'},
 {'clss': 'Lcom/google/android/gms/internal/ads/zzfht;',
  'method': 'zzg(Lorg/json/JSONObject;Lorg/json/JSONObject;)Z',
  'name': ['UUID'],
  'num': 424,
  'source_class': 'Lorg/json/JSONObject;',
  'source_method': 'optString(Ljava/lang/String;Ljava/lang/String;)Ljava/lang/String;'},
 {'clss': 'Lcom/google/android/gms/internal/ads/zzfhy;',
  'method': 'zzd(Landroid/view/View;)Ljava/lang/String;',
  'name': ['UUID'],
  'num': 165,
  'source_class': 'Ljava/util/HashMap;',
  'source_method': 'get(Ljava/lang/Object;)Ljava/lang/Object;'},
 {'clss': 'Lcom/google/android/gms/internal/ads/zzcfz;', 'method': 'run()V', 'name': ['UUID'], 'num': 34, 'source_class': None, 'source_method': None},
 {'clss': 'Lcom/google/android/gms/internal/ads/zzcfi;',
  'method': 'zzj(Landroid/net/Uri;)V',
  'name': ['UUID'],
  'num': 2927,
  'source_class': 'Landroid/net/Uri;',
  'source_method': 'getEncodedQuery()Ljava/lang/String;'},
 {'clss': 'Lcom/google/android/gms/ads/internal/util/zzs;',
  'method': 'zzL(Landroid/net/Uri;)Ljava/util/Map;',
  'name': ['UUID'],
  'num': 1011,
  'source_class': 'Landroid/net/Uri;',
  'source_method': 'getQueryParameter(Ljava/lang/String;)Ljava/lang/String;'},
 {'clss': 'Lcom/google/android/gms/internal/ads/zzcnu;',
  'method': 'zzg(Lcom/google/android/gms/internal/ads/zzcnu;Ljava/util/Map;)Z',
  'name': ['UUID'],
  'num': 73,
  'source_class': 'Ljava/util/Map;',
  'source_method': 'get(Ljava/lang/Object;)Ljava/lang/Object;'},
 {'clss': 'Lcom/google/android/gms/internal/ads/zzfht;',
  'method': 'zzg(Lorg/json/JSONObject;Lorg/json/JSONObject;)Z',
  'name': ['UUID'],
  'num': 419,
  'source_class': 'Lorg/json/JSONObject;',
  'source_method': 'optString(Ljava/lang/String;Ljava/lang/String;)Ljava/lang/String;'},
 {'clss': 'Lcom/google/android/gms/internal/ads/zzfht;',
  'method': 'zzg(Lorg/json/JSONObject;Lorg/json/JSONObject;)Z',
  'name': ['UUID'],
  'num': 424,
  'source_class': 'Lorg/json/JSONObject;',
  'source_method': 'optString(Ljava/lang/String;Ljava/lang/String;)Ljava/lang/String;'},
 {'clss': 'Lcom/google/android/gms/internal/ads/zzbnk;',
  'method': 'zzc(Ljava/lang/Object;Lcom/google/android/gms/internal/ads/zzbml;)Lcom/google/android/gms/internal/ads/zzfwb;',
  'name': ['UUID'],
  'num': 96,
  'source_class': 'Ljava/util/UUID;',
  'source_method': 'toString()Ljava/lang/String;'},
 {'clss': 'Lcom/google/android/gms/internal/ads/zzblc;',
  'method': 'zzd(Lcom/google/android/gms/internal/ads/zzbld;Ljava/lang/String;Lorg/json/JSONObject;)V',
  'name': ['UUID'],
  'num': 128,
  'source_class': 'Lorg/json/JSONObject;',
  'source_method': 'toString()Ljava/lang/String;'},
 {'clss': 'Lcom/google/android/gms/internal/ads/zzblc;',
  'method': 'zzc(Lcom/google/android/gms/internal/ads/zzbld;Ljava/lang/String;Ljava/lang/String;)V',
  'name': ['UUID'],
  'num': 114,
  'source_class': 'Ljava/lang/StringBuilder;',
  'source_method': 'toString()Ljava/lang/String;'},
 {'clss': 'Lcom/google/android/gms/internal/ads/zzcfz;', 'method': 'run()V', 'name': ['UUID'], 'num': 34, 'source_class': None, 'source_method': None},
 {'clss': 'Lcom/google/android/gms/internal/ads/zzcfi;',
  'method': 'zzj(Landroid/net/Uri;)V',
  'name': ['UUID'],
  'num': 2927,
  'source_class': 'Landroid/net/Uri;',
  'source_method': 'getEncodedQuery()Ljava/lang/String;'},
 {'clss': 'Lcom/google/android/gms/ads/internal/util/zzs;',
  'method': 'zzL(Landroid/net/Uri;)Ljava/util/Map;',
  'name': ['UUID'],
  'num': 1011,
  'source_class': 'Landroid/net/Uri;',
  'source_method': 'getQueryParameter(Ljava/lang/String;)Ljava/lang/String;'},
 {'clss': 'Lcom/google/android/gms/ads/internal/util/zzs;',
  'method': 'zzL(Landroid/net/Uri;)Ljava/util/Map;',
  'name': ['UUID'],
  'num': 1011,
  'source_class': 'Landroid/net/Uri;',
  'source_method': 'getQueryParameter(Ljava/lang/String;)Ljava/lang/String;'},
 {'clss': 'Lcom/google/android/gms/internal/ads/zzbiw;',
  'method': 'zza(Ljava/lang/Object;Ljava/util/Map;)V',
  'name': ['UUID'],
  'num': 49,
  'source_class': 'Ljava/util/Map;',
  'source_method': 'get(Ljava/lang/Object;)Ljava/lang/Object;'},
 {'clss': 'Lcom/google/android/gms/internal/ads/zzfhy;',
  'method': 'zzd(Landroid/view/View;)Ljava/lang/String;',
  'name': ['UUID'],
  'num': 165,
  'source_class': 'Ljava/util/HashMap;',
  'source_method': 'get(Ljava/lang/Object;)Ljava/lang/Object;'},
 {'clss': 'Lcom/google/android/gms/internal/ads/zzfht;',
  'method': 'zzg(Lorg/json/JSONObject;Lorg/json/JSONObject;)Z',
  'name': ['UUID'],
  'num': 419,
  'source_class': 'Lorg/json/JSONObject;',
  'source_method': 'optString(Ljava/lang/String;Ljava/lang/String;)Ljava/lang/String;'},
 {'clss': 'Lcom/google/android/gms/internal/ads/zzfht;',
  'method': 'zzg(Lorg/json/JSONObject;Lorg/json/JSONObject;)Z',
  'name': ['UUID'],
  'num': 424,
  'source_class': 'Lorg/json/JSONObject;',
  'source_method': 'optString(Ljava/lang/String;Ljava/lang/String;)Ljava/lang/String;'},
 {'clss': 'Lcom/google/android/gms/internal/ads/zzfhy;',
  'method': 'zzd(Landroid/view/View;)Ljava/lang/String;',
  'name': ['UUID'],
  'num': 165,
  'source_class': 'Ljava/util/HashMap;',
  'source_method': 'get(Ljava/lang/Object;)Ljava/lang/Object;'},
 {'clss': 'Lcom/google/android/gms/internal/ads/zzfht;',
  'method': 'zzg(Lorg/json/JSONObject;Lorg/json/JSONObject;)Z',
  'name': ['UUID'],
  'num': 419,
  'source_class': 'Lorg/json/JSONObject;',
  'source_method': 'optString(Ljava/lang/String;Ljava/lang/String;)Ljava/lang/String;'},
 {'clss': 'Lcom/google/android/gms/internal/ads/zzfht;',
  'method': 'zzg(Lorg/json/JSONObject;Lorg/json/JSONObject;)Z',
  'name': ['UUID'],
  'num': 424,
  'source_class': 'Lorg/json/JSONObject;',
  'source_method': 'optString(Ljava/lang/String;Ljava/lang/String;)Ljava/lang/String;'},
 {'clss': 'Lcom/google/android/gms/internal/ads/zzfhy;',
  'method': 'zzd(Landroid/view/View;)Ljava/lang/String;',
  'name': ['UUID'],
  'num': 165,
  'source_class': 'Ljava/util/HashMap;',
  'source_method': 'get(Ljava/lang/Object;)Ljava/lang/Object;'},
 {'clss': 'Lcom/google/android/gms/internal/ads/zzfht;',
  'method': 'zzg(Lorg/json/JSONObject;Lorg/json/JSONObject;)Z',
  'name': ['UUID'],
  'num': 419,
  'source_class': 'Lorg/json/JSONObject;',
  'source_method': 'optString(Ljava/lang/String;Ljava/lang/String;)Ljava/lang/String;'},
 {'clss': 'Lcom/google/android/gms/internal/ads/zzfht;',
  'method': 'zzg(Lorg/json/JSONObject;Lorg/json/JSONObject;)Z',
  'name': ['UUID'],
  'num': 424,
  'source_class': 'Lorg/json/JSONObject;',
  'source_method': 'optString(Ljava/lang/String;Ljava/lang/String;)Ljava/lang/String;'},
 {'clss': 'Lcom/google/android/gms/internal/ads/zzfhy;',
  'method': 'zzd(Landroid/view/View;)Ljava/lang/String;',
  'name': ['UUID'],
  'num': 165,
  'source_class': 'Ljava/util/HashMap;',
  'source_method': 'get(Ljava/lang/Object;)Ljava/lang/Object;'},
 {'clss': 'Lcom/google/android/gms/internal/ads/zzfht;',
  'method': 'zzg(Lorg/json/JSONObject;Lorg/json/JSONObject;)Z',
  'name': ['UUID'],
  'num': 419,
  'source_class': 'Lorg/json/JSONObject;',
  'source_method': 'optString(Ljava/lang/String;Ljava/lang/String;)Ljava/lang/String;'},
 {'clss': 'Lcom/google/android/gms/internal/ads/zzfht;',
  'method': 'zzg(Lorg/json/JSONObject;Lorg/json/JSONObject;)Z',
  'name': ['UUID'],
  'num': 424,
  'source_class': 'Lorg/json/JSONObject;',
  'source_method': 'optString(Ljava/lang/String;Ljava/lang/String;)Ljava/lang/String;'},
 {'clss': 'Lcom/google/android/gms/internal/ads/zzfhy;',
  'method': 'zzd(Landroid/view/View;)Ljava/lang/String;',
  'name': ['UUID'],
  'num': 165,
  'source_class': 'Ljava/util/HashMap;',
  'source_method': 'get(Ljava/lang/Object;)Ljava/lang/Object;'},
 {'clss': 'Lcom/google/android/gms/internal/ads/zzfht;',
  'method': 'zzg(Lorg/json/JSONObject;Lorg/json/JSONObject;)Z',
  'name': ['UUID'],
  'num': 419,
  'source_class': 'Lorg/json/JSONObject;',
  'source_method': 'optString(Ljava/lang/String;Ljava/lang/String;)Ljava/lang/String;'},
 {'clss': 'Lcom/google/android/gms/internal/ads/zzfht;',
  'method': 'zzg(Lorg/json/JSONObject;Lorg/json/JSONObject;)Z',
  'name': ['UUID'],
  'num': 424,
  'source_class': 'Lorg/json/JSONObject;',
  'source_method': 'optString(Ljava/lang/String;Ljava/lang/String;)Ljava/lang/String;'},
 {'clss': 'Lcom/google/android/gms/internal/ads/zzfhy;',
  'method': 'zzd(Landroid/view/View;)Ljava/lang/String;',
  'name': ['UUID'],
  'num': 165,
  'source_class': 'Ljava/util/HashMap;',
  'source_method': 'get(Ljava/lang/Object;)Ljava/lang/Object;'},
 {'clss': 'Lcom/google/android/gms/internal/ads/zzfht;',
  'method': 'zzg(Lorg/json/JSONObject;Lorg/json/JSONObject;)Z',
  'name': ['UUID'],
  'num': 419,
  'source_class': 'Lorg/json/JSONObject;',
  'source_method': 'optString(Ljava/lang/String;Ljava/lang/String;)Ljava/lang/String;'},
 {'clss': 'Lcom/google/android/gms/internal/ads/zzfht;',
  'method': 'zzg(Lorg/json/JSONObject;Lorg/json/JSONObject;)Z',
  'name': ['UUID'],
  'num': 424,
  'source_class': 'Lorg/json/JSONObject;',
  'source_method': 'optString(Ljava/lang/String;Ljava/lang/String;)Ljava/lang/String;'},
 {'clss': 'Lcom/google/android/gms/internal/ads/zzfhy;',
  'method': 'zzd(Landroid/view/View;)Ljava/lang/String;',
  'name': ['UUID'],
  'num': 165,
  'source_class': 'Ljava/util/HashMap;',
  'source_method': 'get(Ljava/lang/Object;)Ljava/lang/Object;'},
 {'clss': 'Lcom/google/android/gms/internal/ads/zzfht;',
  'method': 'zzg(Lorg/json/JSONObject;Lorg/json/JSONObject;)Z',
  'name': ['UUID'],
  'num': 419,
  'source_class': 'Lorg/json/JSONObject;',
  'source_method': 'optString(Ljava/lang/String;Ljava/lang/String;)Ljava/lang/String;'},
 {'clss': 'Lcom/google/android/gms/internal/ads/zzfht;',
  'method': 'zzg(Lorg/json/JSONObject;Lorg/json/JSONObject;)Z',
  'name': ['UUID'],
  'num': 424,
  'source_class': 'Lorg/json/JSONObject;',
  'source_method': 'optString(Ljava/lang/String;Ljava/lang/String;)Ljava/lang/String;'},
 {'clss': 'Lcom/google/android/gms/internal/ads/zzfhy;',
  'method': 'zzd(Landroid/view/View;)Ljava/lang/String;',
  'name': ['UUID'],
  'num': 165,
  'source_class': 'Ljava/util/HashMap;',
  'source_method': 'get(Ljava/lang/Object;)Ljava/lang/Object;'},
 {'clss': 'Lcom/google/android/gms/internal/ads/zzfht;',
  'method': 'zzg(Lorg/json/JSONObject;Lorg/json/JSONObject;)Z',
  'name': ['UUID'],
  'num': 419,
  'source_class': 'Lorg/json/JSONObject;',
  'source_method': 'optString(Ljava/lang/String;Ljava/lang/String;)Ljava/lang/String;'},
 {'clss': 'Lcom/google/android/gms/internal/ads/zzfht;',
  'method': 'zzg(Lorg/json/JSONObject;Lorg/json/JSONObject;)Z',
  'name': ['UUID'],
  'num': 424,
  'source_class': 'Lorg/json/JSONObject;',
  'source_method': 'optString(Ljava/lang/String;Ljava/lang/String;)Ljava/lang/String;'},
 {'clss': 'Lcom/google/android/gms/internal/ads/zzcfz;', 'method': 'run()V', 'name': ['UUID'], 'num': 34, 'source_class': None, 'source_method': None},
 {'clss': 'Lcom/google/android/gms/internal/ads/zzcfi;',
  'method': 'zzj(Landroid/net/Uri;)V',
  'name': ['UUID'],
  'num': 2927,
  'source_class': 'Landroid/net/Uri;',
  'source_method': 'getEncodedQuery()Ljava/lang/String;'},
 {'clss': 'Lcom/google/android/gms/ads/internal/util/zzs;',
  'method': 'zzL(Landroid/net/Uri;)Ljava/util/Map;',
  'name': ['UUID'],
  'num': 1011,
  'source_class': 'Landroid/net/Uri;',
  'source_method': 'getQueryParameter(Ljava/lang/String;)Ljava/lang/String;'},
 {'clss': 'Lcom/google/android/gms/internal/ads/zzcnu;',
  'method': 'zzg(Lcom/google/android/gms/internal/ads/zzcnu;Ljava/util/Map;)Z',
  'name': ['UUID'],
  'num': 73,
  'source_class': 'Ljava/util/Map;',
  'source_method': 'get(Ljava/lang/Object;)Ljava/lang/Object;'},
 {'clss': 'Lcom/google/android/gms/internal/ads/zzbnk;',
  'method': 'zzc(Ljava/lang/Object;Lcom/google/android/gms/internal/ads/zzbml;)Lcom/google/android/gms/internal/ads/zzfwb;',
  'name': ['UUID'],
  'num': 96,
  'source_class': 'Ljava/util/UUID;',
  'source_method': 'toString()Ljava/lang/String;'},
 {'clss': 'Lcom/google/android/gms/internal/ads/zzblc;',
  'method': 'zzd(Lcom/google/android/gms/internal/ads/zzbld;Ljava/lang/String;Lorg/json/JSONObject;)V',
  'name': ['UUID'],
  'num': 128,
  'source_class': 'Lorg/json/JSONObject;',
  'source_method': 'toString()Ljava/lang/String;'},
 {'clss': 'Lcom/google/android/gms/internal/ads/zzblc;',
  'method': 'zzc(Lcom/google/android/gms/internal/ads/zzbld;Ljava/lang/String;Ljava/lang/String;)V',
  'name': ['UUID'],
  'num': 114,
  'source_class': 'Ljava/lang/StringBuilder;',
  'source_method': 'toString()Ljava/lang/String;'},
 {'clss': 'Lcom/google/android/gms/internal/ads/zzcfz;', 'method': 'run()V', 'name': ['UUID'], 'num': 34, 'source_class': None, 'source_method': None},
 {'clss': 'Lcom/google/android/gms/internal/ads/zzcfi;',
  'method': 'zzj(Landroid/net/Uri;)V',
  'name': ['UUID'],
  'num': 2927,
  'source_class': 'Landroid/net/Uri;',
  'source_method': 'getEncodedQuery()Ljava/lang/String;'},
 {'clss': 'Lcom/google/android/gms/ads/internal/util/zzs;',
  'method': 'zzL(Landroid/net/Uri;)Ljava/util/Map;',
  'name': ['UUID'],
  'num': 1011,
  'source_class': 'Landroid/net/Uri;',
  'source_method': 'getQueryParameter(Ljava/lang/String;)Ljava/lang/String;'},
 {'clss': 'Lcom/google/android/gms/ads/internal/util/zzs;',
  'method': 'zzL(Landroid/net/Uri;)Ljava/util/Map;',
  'name': ['UUID'],
  'num': 1011,
  'source_class': 'Landroid/net/Uri;',
  'source_method': 'getQueryParameter(Ljava/lang/String;)Ljava/lang/String;'},
 {'clss': 'Lcom/google/android/gms/internal/ads/zzbiw;',
  'method': 'zza(Ljava/lang/Object;Ljava/util/Map;)V',
  'name': ['UUID'],
  'num': 49,
  'source_class': 'Ljava/util/Map;',
  'source_method': 'get(Ljava/lang/Object;)Ljava/lang/Object;'},
 {'clss': 'Lcom/google/android/gms/internal/ads/zzfhy;',
  'method': 'zzd(Landroid/view/View;)Ljava/lang/String;',
  'name': ['UUID'],
  'num': 165,
  'source_class': 'Ljava/util/HashMap;',
  'source_method': 'get(Ljava/lang/Object;)Ljava/lang/Object;'},
 {'clss': 'Lcom/google/android/gms/internal/ads/zzfht;',
  'method': 'zzg(Lorg/json/JSONObject;Lorg/json/JSONObject;)Z',
  'name': ['UUID'],
  'num': 419,
  'source_class': 'Lorg/json/JSONObject;',
  'source_method': 'optString(Ljava/lang/String;Ljava/lang/String;)Ljava/lang/String;'},
 {'clss': 'Lcom/google/android/gms/internal/ads/zzfht;',
  'method': 'zzg(Lorg/json/JSONObject;Lorg/json/JSONObject;)Z',
  'name': ['UUID'],
  'num': 424,
  'source_class': 'Lorg/json/JSONObject;',
  'source_method': 'optString(Ljava/lang/String;Ljava/lang/String;)Ljava/lang/String;'},
 {'clss': 'Lcom/google/android/gms/internal/ads/zzfhy;',
  'method': 'zzd(Landroid/view/View;)Ljava/lang/String;',
  'name': ['UUID'],
  'num': 165,
  'source_class': 'Ljava/util/HashMap;',
  'source_method': 'get(Ljava/lang/Object;)Ljava/lang/Object;'},
 {'clss': 'Lcom/google/android/gms/internal/ads/zzfht;',
  'method': 'zzg(Lorg/json/JSONObject;Lorg/json/JSONObject;)Z',
  'name': ['UUID'],
  'num': 419,
  'source_class': 'Lorg/json/JSONObject;',
  'source_method': 'optString(Ljava/lang/String;Ljava/lang/String;)Ljava/lang/String;'},
 {'clss': 'Lcom/google/android/gms/internal/ads/zzfht;',
  'method': 'zzg(Lorg/json/JSONObject;Lorg/json/JSONObject;)Z',
  'name': ['UUID'],
  'num': 424,
  'source_class': 'Lorg/json/JSONObject;',
  'source_method': 'optString(Ljava/lang/String;Ljava/lang/String;)Ljava/lang/String;'},
 {'clss': 'Lcom/google/android/gms/internal/ads/zzfhy;',
  'method': 'zzd(Landroid/view/View;)Ljava/lang/String;',
  'name': ['UUID'],
  'num': 165,
  'source_class': 'Ljava/util/HashMap;',
  'source_method': 'get(Ljava/lang/Object;)Ljava/lang/Object;'},
 {'clss': 'Lcom/google/android/gms/internal/ads/zzfht;',
  'method': 'zzg(Lorg/json/JSONObject;Lorg/json/JSONObject;)Z',
  'name': ['UUID'],
  'num': 419,
  'source_class': 'Lorg/json/JSONObject;',
  'source_method': 'optString(Ljava/lang/String;Ljava/lang/String;)Ljava/lang/String;'},
 {'clss': 'Lcom/google/android/gms/internal/ads/zzfht;',
  'method': 'zzg(Lorg/json/JSONObject;Lorg/json/JSONObject;)Z',
  'name': ['UUID'],
  'num': 424,
  'source_class': 'Lorg/json/JSONObject;',
  'source_method': 'optString(Ljava/lang/String;Ljava/lang/String;)Ljava/lang/String;'}]
Sinks
[{"smali_tag": "3077_79", "clss": "Lcom/google/android/gms/internal/ads/zzbzy;", "method": "zza(Ljava/lang/String;)Z", "num": 79, "sink_class": "Ljava/net/URL;", "sink_method": "<init>(Ljava/lang/String;)V", "sink_values": ["https://pagead2.googleadservices.com/pagead/adview?ai=CDh2xRNUjZYjXMM7RqAGXpaugDgDrhMiRgQnAjbcBEAEgwuzcIGCJs8-EnBSIAQGgAfvU0tcDqQIjVYVVNVWlPqgDAaoE-gJP0PGYa5Yqmg2wnRlXBotNvMTHIkJNVAKVOYsnvmkaiOSZhWtbTjQjiYN7nbmPqzi0kbViYvaqwaIUyKq5eaudGrBSmOBxcghn7QSxWKoz62pg3n6e1l_4SAFaro_fMw4wKNE_7QTIe565TivKtk5i0IUMs8KVA-7QdupEb9iIL1tTm1o2nJH6Y52zAI0IH71F84tuGp8IbjIFER2tWgMZ_L3Fx8_YpoZbT01AbkM0ZuYOsUvTEC-Y5tvFGAHc2tlzV2qwArFmPBpPJfY9XN7rylinfDxlBxByB50QFDWIlZSaFtZ6bgTqPhBR4tfpq28DNlyWl_HmBFOGAuMX2VoZaxq8mcBFEX0JEyIJ2E6Imz_pL3B7Txi_1UQPPD-ndpw_ujxln5jMkxtbHnjsvqphOQJhsRjhQzFaWTX0yDOKoo2GRaS7vfHmRAQbvynLhVNGWwYpvt6KP3rtpA_Kt5mX7Y0UNIqcNsH8yPRv3dW3exxMTXfdxZ6IwJzABIGApJqGAogF3eGguQaQBgHABguAB-2qrSiYBwGoB6a-G6gH1ckbqAf-nrECqAfz0RuoB5bYG6gHqpuxAqgHg62xAqgH_56xAqgH35-xAqgHjtwbqAfJnLEC2AcBoAi1zj2wCALSCBQIhGEQARhfMgKKQjoCwEBIvf3BOoAKAqoNAkpQghRDGkFtb2JpbGVhcHA6OjItY29tLmdvb2dsZS5hbmRyb2lkLmdtcy5leGFtcGxlLmFkYXB0aXZlYmFubmVyZXhhbXBsZdAVAZgWAfgWAYAXAbIXGgoYCAASFHB1Yi0zOTQwMjU2MDk5OTQyNTQ0&sigh=5sBihlcztK0&cid=CAQSKQDICaaNFd-gIwVD9ZR8ZKDEkeutf6ZRHjp-u4RanxQXSrUM1HyoleoAGAE&gvr=1&ms=CoACrFdKix3yd9_Gi1uYns3Bfv8g74FOM00ODhpeAKszh7IgxZX1H9n6BS0R2aqJOF4Ps7VDkTuVvFlLA7PQpq1qjur1YEVg18bOthfFZeQglOmCzSXpLP71jDDmMuniHl9_DqdMMzT3MKJkbSovfjGhuaAoM9s6SH3ixVoH_I2_ARYl_Rp5Owgkq2u4TDB5yX3fDRvH1598soxG_OJdUvZ89iGTjav73YUblFmfTx2ajNZ24Uw5CU5uLyFxnpZe4rGoQCWux6dBx2eAnfYeCn9u0E-DZfrgTyxQIgSXygmLYr3A5HmcecrMDrCGkAKWDPB5e9gFOCz_vAfcHz0YdPijahIQitXdo4Rg_jENRJhnriiAhw"], "sources": ["UUID"], "returned_value": null}]