project.emulator.get_num_leaks() = 2
Sources
[{'clss': 'Lcom/facebook/appevents/internal/SessionInfo;',
  'method': 'writeSessionToDisk()V',
  'name': ['UUID'],
  'num': 472,
  'source_class': 'Ljava/util/UUID;',
  'source_method': 'toString()Ljava/lang/String;'},
 {'clss': 'Lcom/facebook/appevents/AppEvent;',
  'method': 'calculateChecksum()Ljava/lang/String;',
  'name': ['UUID'],
  'num': 271,
  'source_class': 'Lorg/json/JSONObject;',
  'source_method': 'toString()Ljava/lang/String;'},
 {'clss': 'Lcom/facebook/appevents/SessionEventsState;',
  'method': 'populateRequest(Lcom/facebook/GraphRequest;Landroid/content/Context;ILorg/json/JSONArray;Z)V',
  'name': ['UUID'],
  'num': 256,
  'source_class': 'Lorg/json/JSONArray;',
  'source_method': 'toString()Ljava/lang/String;'},
 {'clss': 'Lcom/facebook/GraphRequest$Serializer;',
  'method': 'write(Ljava/lang/String;[Ljava/lang/Object;)V',
  'name': ['UUID'],
  'num': 307,
  'source_class': 'Ljava/lang/String;',
  'source_method': 'format(Ljava/util/Locale;Ljava/lang/String;[Ljava/lang/Object;)Ljava/lang/String;'},
 {'clss': 'Lcom/facebook/GraphRequest$Serializer;',
  'method': 'write(Ljava/lang/String;[Ljava/lang/Object;)V',
  'name': ['UUID'],
  'num': 317,
  'source_class': 'Ljava/net/URLEncoder;',
  'source_method': 'encode(Ljava/lang/String;Ljava/lang/String;)Ljava/lang/String;'},
 {'clss': 'Lcom/facebook/login/widget/LoginButton;',
  'method': '<init>(Landroid/content/Context;Landroid/util/AttributeSet;IILjava/lang/String;Ljava/lang/String;)V',
  'name': ['UUID'],
  'num': 541,
  'source_class': 'Ljava/util/UUID;',
  'source_method': 'toString()Ljava/lang/String;'},
 {'clss': 'Lcom/facebook/appevents/AppEvent;',
  'method': 'calculateChecksum()Ljava/lang/String;',
  'name': ['UUID'],
  'num': 271,
  'source_class': 'Lorg/json/JSONObject;',
  'source_method': 'toString()Ljava/lang/String;'},
 {'clss': 'Lcom/facebook/appevents/AppEvent;',
  'method': 'calculateChecksum()Ljava/lang/String;',
  'name': ['UUID'],
  'num': 271,
  'source_class': 'Lorg/json/JSONObject;',
  'source_method': 'toString()Ljava/lang/String;'},
 {'clss': 'Lcom/facebook/appevents/AppEvent;',
  'method': 'calculateChecksum()Ljava/lang/String;',
  'name': ['UUID'],
  'num': 271,
  'source_class': 'Lorg/json/JSONObject;',
  'source_method': 'toString()Ljava/lang/String;'},
 {'clss': 'Lcom/facebook/appevents/SessionEventsState;',
  'method': 'populateRequest(Lcom/facebook/GraphRequest;Landroid/content/Context;ILorg/json/JSONArray;Z)V',
  'name': ['UUID'],
  'num': 256,
  'source_class': 'Lorg/json/JSONArray;',
  'source_method': 'toString()Ljava/lang/String;'},
 {'clss': 'Lcom/facebook/GraphRequest$Serializer;',
  'method': 'write(Ljava/lang/String;[Ljava/lang/Object;)V',
  'name': ['UUID'],
  'num': 307,
  'source_class': 'Ljava/lang/String;',
  'source_method': 'format(Ljava/util/Locale;Ljava/lang/String;[Ljava/lang/Object;)Ljava/lang/String;'},
 {'clss': 'Lcom/facebook/GraphRequest$Serializer;',
  'method': 'write(Ljava/lang/String;[Ljava/lang/Object;)V',
  'name': ['UUID'],
  'num': 317,
  'source_class': 'Ljava/net/URLEncoder;',
  'source_method': 'encode(Ljava/lang/String;Ljava/lang/String;)Ljava/lang/String;'},
 {'clss': 'Lcom/facebook/appevents/internal/SessionInfo;',
  'method': 'writeSessionToDisk()V',
  'name': ['UUID'],
  'num': 472,
  'source_class': 'Ljava/util/UUID;',
  'source_method': 'toString()Ljava/lang/String;'},
 {'clss': 'Lcom/facebook/appevents/internal/SessionInfo;',
  'method': 'writeSessionToDisk()V',
  'name': ['UUID'],
  'num': 472,
  'source_class': 'Ljava/util/UUID;',
  'source_method': 'toString()Ljava/lang/String;'},
 {'clss': 'Lcom/facebook/appevents/AppEvent;',
  'method': 'calculateChecksum()Ljava/lang/String;',
  'name': ['UUID'],
  'num': 271,
  'source_class': 'Lorg/json/JSONObject;',
  'source_method': 'toString()Ljava/lang/String;'},
 {'clss': 'Lcom/facebook/appevents/internal/SessionInfo;',
  'method': 'writeSessionToDisk()V',
  'name': ['UUID'],
  'num': 472,
  'source_class': 'Ljava/util/UUID;',
  'source_method': 'toString()Ljava/lang/String;'},
 {'clss': 'Lcom/facebook/appevents/internal/SessionInfo;',
  'method': 'writeSessionToDisk()V',
  'name': ['UUID'],
  'num': 472,
  'source_class': 'Ljava/util/UUID;',
  'source_method': 'toString()Ljava/lang/String;'},
 {'clss': 'Lcom/facebook/appevents/AppEvent;',
  'method': 'writeReplace()Ljava/lang/Object;',
  'name': ['UUID'],
  'num': 748,
  'source_class': 'Lorg/json/JSONObject;',
  'source_method': 'toString()Ljava/lang/String;'},
 {'clss': 'Lcom/facebook/appevents/AppEvent;',
  'method': 'writeReplace()Ljava/lang/Object;',
  'name': ['UUID'],
  'num': 748,
  'source_class': 'Lorg/json/JSONObject;',
  'source_method': 'toString()Ljava/lang/String;'},
 {'clss': 'Lcom/facebook/appevents/AppEvent;',
  'method': 'writeReplace()Ljava/lang/Object;',
  'name': ['UUID'],
  'num': 748,
  'source_class': 'Lorg/json/JSONObject;',
  'source_method': 'toString()Ljava/lang/String;'},
 {'clss': 'Lcom/facebook/appevents/AppEvent;',
  'method': 'writeReplace()Ljava/lang/Object;',
  'name': ['UUID'],
  'num': 748,
  'source_class': 'Lorg/json/JSONObject;',
  'source_method': 'toString()Ljava/lang/String;'},
 {'clss': 'Lcom/facebook/appevents/AppEvent;',
  'method': 'writeReplace()Ljava/lang/Object;',
  'name': ['UUID'],
  'num': 748,
  'source_class': 'Lorg/json/JSONObject;',
  'source_method': 'toString()Ljava/lang/String;'},
 {'clss': 'Lcom/facebook/appevents/AppEvent;',
  'method': 'writeReplace()Ljava/lang/Object;',
  'name': ['UUID'],
  'num': 748,
  'source_class': 'Lorg/json/JSONObject;',
  'source_method': 'toString()Ljava/lang/String;'},
 {'clss': 'Lcom/facebook/appevents/internal/SessionInfo;',
  'method': 'writeSessionToDisk()V',
  'name': ['UUID'],
  'num': 472,
  'source_class': 'Ljava/util/UUID;',
  'source_method': 'toString()Ljava/lang/String;'},
 {'clss': 'Lcom/facebook/appevents/AppEvent$SerializationProxyV2;', 'method': 'readResolve()Ljava/lang/Object;', 'name': ['UUID'], 'num': 126, 'source_class': None, 'source_method': None},
 {'clss': 'Lcom/facebook/appevents/AppEvent$SerializationProxyV2;', 'method': 'readResolve()Ljava/lang/Object;', 'name': ['UUID'], 'num': 126, 'source_class': None, 'source_method': None},
 {'clss': 'Lcom/facebook/appevents/AppEvent$SerializationProxyV2;', 'method': 'readResolve()Ljava/lang/Object;', 'name': ['UUID'], 'num': 126, 'source_class': None, 'source_method': None},
 {'clss': 'Lcom/facebook/appevents/AppEvent$SerializationProxyV2;', 'method': 'readResolve()Ljava/lang/Object;', 'name': ['UUID'], 'num': 126, 'source_class': None, 'source_method': None},
 {'clss': 'Lcom/facebook/appevents/AppEvent$SerializationProxyV2;', 'method': 'readResolve()Ljava/lang/Object;', 'name': ['UUID'], 'num': 126, 'source_class': None, 'source_method': None},
 {'clss': 'Lcom/facebook/appevents/AppEvent$SerializationProxyV2;', 'method': 'readResolve()Ljava/lang/Object;', 'name': ['UUID'], 'num': 126, 'source_class': None, 'source_method': None},
 {'clss': 'Lcom/facebook/appevents/AppEvent;',
  'method': 'writeReplace()Ljava/lang/Object;',
  'name': ['UUID'],
  'num': 748,
  'source_class': 'Lorg/json/JSONObject;',
  'source_method': 'toString()Ljava/lang/String;'},
 {'clss': 'Lcom/facebook/appevents/AppEvent;',
  'method': 'writeReplace()Ljava/lang/Object;',
  'name': ['UUID'],
  'num': 748,
  'source_class': 'Lorg/json/JSONObject;',
  'source_method': 'toString()Ljava/lang/String;'},
 {'clss': 'Lcom/facebook/appevents/AppEvent;',
  'method': 'writeReplace()Ljava/lang/Object;',
  'name': ['UUID'],
  'num': 748,
  'source_class': 'Lorg/json/JSONObject;',
  'source_method': 'toString()Ljava/lang/String;'},
 {'clss': 'Lcom/facebook/appevents/AppEvent;',
  'method': 'writeReplace()Ljava/lang/Object;',
  'name': ['UUID'],
  'num': 748,
  'source_class': 'Lorg/json/JSONObject;',
  'source_method': 'toString()Ljava/lang/String;'},
 {'clss': 'Lcom/facebook/appevents/AppEvent;',
  'method': 'writeReplace()Ljava/lang/Object;',
  'name': ['UUID'],
  'num': 748,
  'source_class': 'Lorg/json/JSONObject;',
  'source_method': 'toString()Ljava/lang/String;'},
 {'clss': 'Lcom/facebook/appevents/AppEvent;',
  'method': 'writeReplace()Ljava/lang/Object;',
  'name': ['UUID'],
  'num': 748,
  'source_class': 'Lorg/json/JSONObject;',
  'source_method': 'toString()Ljava/lang/String;'},
 {'clss': 'Lcom/facebook/appevents/AppEvent$SerializationProxyV2;', 'method': 'readResolve()Ljava/lang/Object;', 'name': ['UUID'], 'num': 126, 'source_class': None, 'source_method': None},
 {'clss': 'Lcom/facebook/appevents/AppEvent$SerializationProxyV2;', 'method': 'readResolve()Ljava/lang/Object;', 'name': ['UUID'], 'num': 126, 'source_class': None, 'source_method': None},
 {'clss': 'Lcom/facebook/appevents/AppEvent$SerializationProxyV2;', 'method': 'readResolve()Ljava/lang/Object;', 'name': ['UUID'], 'num': 126, 'source_class': None, 'source_method': None},
 {'clss': 'Lcom/facebook/appevents/AppEvent$SerializationProxyV2;', 'method': 'readResolve()Ljava/lang/Object;', 'name': ['UUID'], 'num': 126, 'source_class': None, 'source_method': None},
 {'clss': 'Lcom/facebook/appevents/AppEvent$SerializationProxyV2;', 'method': 'readResolve()Ljava/lang/Object;', 'name': ['UUID'], 'num': 126, 'source_class': None, 'source_method': None},
 {'clss': 'Lcom/facebook/appevents/AppEvent$SerializationProxyV2;', 'method': 'readResolve()Ljava/lang/Object;', 'name': ['UUID'], 'num': 126, 'source_class': None, 'source_method': None},
 {'clss': 'Lcom/facebook/appevents/AppEvent;',
  'method': 'writeReplace()Ljava/lang/Object;',
  'name': ['UUID'],
  'num': 748,
  'source_class': 'Lorg/json/JSONObject;',
  'source_method': 'toString()Ljava/lang/String;'},
 {'clss': 'Lcom/facebook/appevents/AppEvent;',
  'method': 'writeReplace()Ljava/lang/Object;',
  'name': ['UUID'],
  'num': 748,
  'source_class': 'Lorg/json/JSONObject;',
  'source_method': 'toString()Ljava/lang/String;'},
 {'clss': 'Lcom/facebook/appevents/AppEvent;',
  'method': 'writeReplace()Ljava/lang/Object;',
  'name': ['UUID'],
  'num': 748,
  'source_class': 'Lorg/json/JSONObject;',
  'source_method': 'toString()Ljava/lang/String;'},
 {'clss': 'Lcom/facebook/appevents/AppEvent;',
  'method': 'writeReplace()Ljava/lang/Object;',
  'name': ['UUID'],
  'num': 748,
  'source_class': 'Lorg/json/JSONObject;',
  'source_method': 'toString()Ljava/lang/String;'},
 {'clss': 'Lcom/facebook/appevents/AppEvent;',
  'method': 'writeReplace()Ljava/lang/Object;',
  'name': ['UUID'],
  'num': 748,
  'source_class': 'Lorg/json/JSONObject;',
  'source_method': 'toString()Ljava/lang/String;'},
 {'clss': 'Lcom/facebook/appevents/AppEvent;',
  'method': 'writeReplace()Ljava/lang/Object;',
  'name': ['UUID'],
  'num': 748,
  'source_class': 'Lorg/json/JSONObject;',
  'source_method': 'toString()Ljava/lang/String;'},
 {'clss': 'Lcom/facebook/appevents/internal/SessionInfo;',
  'method': 'writeSessionToDisk()V',
  'name': ['UUID'],
  'num': 472,
  'source_class': 'Ljava/util/UUID;',
  'source_method': 'toString()Ljava/lang/String;'},
 {'clss': 'Lcom/facebook/appevents/internal/SessionInfo;',
  'method': 'writeSessionToDisk()V',
  'name': ['UUID'],
  'num': 472,
  'source_class': 'Ljava/util/UUID;',
  'source_method': 'toString()Ljava/lang/String;'},
 {'clss': 'Lcom/facebook/appevents/internal/SessionInfo;',
  'method': 'writeSessionToDisk()V',
  'name': ['UUID'],
  'num': 472,
  'source_class': 'Ljava/util/UUID;',
  'source_method': 'toString()Ljava/lang/String;'},
 {'clss': 'Lcom/facebook/appevents/AppEvent$SerializationProxyV2;', 'method': 'readResolve()Ljava/lang/Object;', 'name': ['UUID'], 'num': 126, 'source_class': None, 'source_method': None},
 {'clss': 'Lcom/facebook/appevents/AppEvent$SerializationProxyV2;', 'method': 'readResolve()Ljava/lang/Object;', 'name': ['UUID'], 'num': 126, 'source_class': None, 'source_method': None},
 {'clss': 'Lcom/facebook/appevents/AppEvent$SerializationProxyV2;', 'method': 'readResolve()Ljava/lang/Object;', 'name': ['UUID'], 'num': 126, 'source_class': None, 'source_method': None},
 {'clss': 'Lcom/facebook/appevents/AppEvent$SerializationProxyV2;', 'method': 'readResolve()Ljava/lang/Object;', 'name': ['UUID'], 'num': 126, 'source_class': None, 'source_method': None},
 {'clss': 'Lcom/facebook/appevents/AppEvent$SerializationProxyV2;', 'method': 'readResolve()Ljava/lang/Object;', 'name': ['UUID'], 'num': 126, 'source_class': None, 'source_method': None},
 {'clss': 'Lcom/facebook/appevents/AppEvent$SerializationProxyV2;', 'method': 'readResolve()Ljava/lang/Object;', 'name': ['UUID'], 'num': 126, 'source_class': None, 'source_method': None},
 {'clss': 'Lcom/facebook/appevents/AppEvent;',
  'method': 'writeReplace()Ljava/lang/Object;',
  'name': ['UUID'],
  'num': 748,
  'source_class': 'Lorg/json/JSONObject;',
  'source_method': 'toString()Ljava/lang/String;'},
 {'clss': 'Lcom/facebook/appevents/AppEvent;',
  'method': 'writeReplace()Ljava/lang/Object;',
  'name': ['UUID'],
  'num': 748,
  'source_class': 'Lorg/json/JSONObject;',
  'source_method': 'toString()Ljava/lang/String;'},
 {'clss': 'Lcom/facebook/appevents/AppEvent;',
  'method': 'writeReplace()Ljava/lang/Object;',
  'name': ['UUID'],
  'num': 748,
  'source_class': 'Lorg/json/JSONObject;',
  'source_method': 'toString()Ljava/lang/String;'},
 {'clss': 'Lcom/facebook/appevents/AppEvent;',
  'method': 'writeReplace()Ljava/lang/Object;',
  'name': ['UUID'],
  'num': 748,
  'source_class': 'Lorg/json/JSONObject;',
  'source_method': 'toString()Ljava/lang/String;'},
 {'clss': 'Lcom/facebook/appevents/AppEvent;',
  'method': 'writeReplace()Ljava/lang/Object;',
  'name': ['UUID'],
  'num': 748,
  'source_class': 'Lorg/json/JSONObject;',
  'source_method': 'toString()Ljava/lang/String;'},
 {'clss': 'Lcom/facebook/appevents/AppEvent;',
  'method': 'writeReplace()Ljava/lang/Object;',
  'name': ['UUID'],
  'num': 748,
  'source_class': 'Lorg/json/JSONObject;',
  'source_method': 'toString()Ljava/lang/String;'},
 {'clss': 'Lcom/facebook/appevents/AppEvent;',
  'method': 'writeReplace()Ljava/lang/Object;',
  'name': ['UUID'],
  'num': 748,
  'source_class': 'Lorg/json/JSONObject;',
  'source_method': 'toString()Ljava/lang/String;'},
 {'clss': 'Lcom/facebook/appevents/AppEvent;',
  'method': 'writeReplace()Ljava/lang/Object;',
  'name': ['UUID'],
  'num': 748,
  'source_class': 'Lorg/json/JSONObject;',
  'source_method': 'toString()Ljava/lang/String;'},
 {'clss': 'Lcom/facebook/appevents/internal/SessionInfo;',
  'method': 'writeSessionToDisk()V',
  'name': ['UUID'],
  'num': 472,
  'source_class': 'Ljava/util/UUID;',
  'source_method': 'toString()Ljava/lang/String;'},
 {'clss': 'Lcom/facebook/appevents/internal/SessionInfo;',
  'method': 'writeSessionToDisk()V',
  'name': ['UUID'],
  'num': 472,
  'source_class': 'Ljava/util/UUID;',
  'source_method': 'toString()Ljava/lang/String;'},
 {'clss': 'Lcom/facebook/appevents/internal/SessionInfo;',
  'method': 'writeSessionToDisk()V',
  'name': ['UUID'],
  'num': 472,
  'source_class': 'Ljava/util/UUID;',
  'source_method': 'toString()Ljava/lang/String;'},
 {'clss': 'Lcom/facebook/appevents/internal/SessionInfo;',
  'method': 'writeSessionToDisk()V',
  'name': ['UUID'],
  'num': 472,
  'source_class': 'Ljava/util/UUID;',
  'source_method': 'toString()Ljava/lang/String;'},
 {'clss': 'Lcom/facebook/appevents/AppEvent$SerializationProxyV2;', 'method': 'readResolve()Ljava/lang/Object;', 'name': ['UUID'], 'num': 126, 'source_class': None, 'source_method': None},
 {'clss': 'Lcom/facebook/appevents/AppEvent$SerializationProxyV2;', 'method': 'readResolve()Ljava/lang/Object;', 'name': ['UUID'], 'num': 126, 'source_class': None, 'source_method': None},
 {'clss': 'Lcom/facebook/appevents/AppEvent$SerializationProxyV2;', 'method': 'readResolve()Ljava/lang/Object;', 'name': ['UUID'], 'num': 126, 'source_class': None, 'source_method': None},
 {'clss': 'Lcom/facebook/appevents/AppEvent$SerializationProxyV2;', 'method': 'readResolve()Ljava/lang/Object;', 'name': ['UUID'], 'num': 126, 'source_class': None, 'source_method': None},
 {'clss': 'Lcom/facebook/appevents/AppEvent$SerializationProxyV2;', 'method': 'readResolve()Ljava/lang/Object;', 'name': ['UUID'], 'num': 126, 'source_class': None, 'source_method': None},
 {'clss': 'Lcom/facebook/appevents/AppEvent$SerializationProxyV2;', 'method': 'readResolve()Ljava/lang/Object;', 'name': ['UUID'], 'num': 126, 'source_class': None, 'source_method': None},
 {'clss': 'Lcom/facebook/appevents/AppEvent$SerializationProxyV2;', 'method': 'readResolve()Ljava/lang/Object;', 'name': ['UUID'], 'num': 126, 'source_class': None, 'source_method': None},
 {'clss': 'Lcom/facebook/appevents/AppEvent$SerializationProxyV2;', 'method': 'readResolve()Ljava/lang/Object;', 'name': ['UUID'], 'num': 126, 'source_class': None, 'source_method': None},
 {'clss': 'Lcom/facebook/appevents/AppEvent;',
  'method': 'writeReplace()Ljava/lang/Object;',
  'name': ['UUID'],
  'num': 748,
  'source_class': 'Lorg/json/JSONObject;',
  'source_method': 'toString()Ljava/lang/String;'},
 {'clss': 'Lcom/facebook/appevents/AppEvent;',
  'method': 'writeReplace()Ljava/lang/Object;',
  'name': ['UUID'],
  'num': 748,
  'source_class': 'Lorg/json/JSONObject;',
  'source_method': 'toString()Ljava/lang/String;'},
 {'clss': 'Lcom/facebook/appevents/AppEvent;',
  'method': 'writeReplace()Ljava/lang/Object;',
  'name': ['UUID'],
  'num': 748,
  'source_class': 'Lorg/json/JSONObject;',
  'source_method': 'toString()Ljava/lang/String;'},
 {'clss': 'Lcom/facebook/appevents/AppEvent;',
  'method': 'writeReplace()Ljava/lang/Object;',
  'name': ['UUID'],
  'num': 748,
  'source_class': 'Lorg/json/JSONObject;',
  'source_method': 'toString()Ljava/lang/String;'},
 {'clss': 'Lcom/facebook/appevents/AppEvent;',
  'method': 'writeReplace()Ljava/lang/Object;',
  'name': ['UUID'],
  'num': 748,
  'source_class': 'Lorg/json/JSONObject;',
  'source_method': 'toString()Ljava/lang/String;'},
 {'clss': 'Lcom/facebook/appevents/AppEvent;',
  'method': 'writeReplace()Ljava/lang/Object;',
  'name': ['UUID'],
  'num': 748,
  'source_class': 'Lorg/json/JSONObject;',
  'source_method': 'toString()Ljava/lang/String;'},
 {'clss': 'Lcom/facebook/appevents/AppEvent;',
  'method': 'writeReplace()Ljava/lang/Object;',
  'name': ['UUID'],
  'num': 748,
  'source_class': 'Lorg/json/JSONObject;',
  'source_method': 'toString()Ljava/lang/String;'},
 {'clss': 'Lcom/facebook/appevents/AppEvent;',
  'method': 'writeReplace()Ljava/lang/Object;',
  'name': ['UUID'],
  'num': 748,
  'source_class': 'Lorg/json/JSONObject;',
  'source_method': 'toString()Ljava/lang/String;'},
 {'clss': 'Lcom/facebook/appevents/AppEvent;',
  'method': 'writeReplace()Ljava/lang/Object;',
  'name': ['UUID'],
  'num': 748,
  'source_class': 'Lorg/json/JSONObject;',
  'source_method': 'toString()Ljava/lang/String;'},
 {'clss': 'Lcom/facebook/appevents/AppEvent;',
  'method': 'writeReplace()Ljava/lang/Object;',
  'name': ['UUID'],
  'num': 748,
  'source_class': 'Lorg/json/JSONObject;',
  'source_method': 'toString()Ljava/lang/String;'},
 {'clss': 'Lcom/facebook/appevents/AppEvent;',
  'method': 'writeReplace()Ljava/lang/Object;',
  'name': ['UUID'],
  'num': 748,
  'source_class': 'Lorg/json/JSONObject;',
  'source_method': 'toString()Ljava/lang/String;'},
 {'clss': 'Lcom/facebook/appevents/AppEvent;',
  'method': 'writeReplace()Ljava/lang/Object;',
  'name': ['UUID'],
  'num': 748,
  'source_class': 'Lorg/json/JSONObject;',
  'source_method': 'toString()Ljava/lang/String;'},
 {'clss': 'Lcom/facebook/appevents/AppEvent;',
  'method': 'writeReplace()Ljava/lang/Object;',
  'name': ['UUID'],
  'num': 748,
  'source_class': 'Lorg/json/JSONObject;',
  'source_method': 'toString()Ljava/lang/String;'},
 {'clss': 'Lcom/facebook/appevents/internal/SessionInfo;',
  'method': 'writeSessionToDisk()V',
  'name': ['UUID'],
  'num': 472,
  'source_class': 'Ljava/util/UUID;',
  'source_method': 'toString()Ljava/lang/String;'},
 {'clss': 'Lcom/facebook/appevents/internal/SessionInfo;',
  'method': 'writeSessionToDisk()V',
  'name': ['UUID'],
  'num': 472,
  'source_class': 'Ljava/util/UUID;',
  'source_method': 'toString()Ljava/lang/String;'},
 {'clss': 'Lcom/facebook/appevents/AppEvent$SerializationProxyV2;', 'method': 'readResolve()Ljava/lang/Object;', 'name': ['UUID'], 'num': 126, 'source_class': None, 'source_method': None},
 {'clss': 'Lcom/facebook/appevents/AppEvent$SerializationProxyV2;', 'method': 'readResolve()Ljava/lang/Object;', 'name': ['UUID'], 'num': 126, 'source_class': None, 'source_method': None},
 {'clss': 'Lcom/facebook/appevents/AppEvent$SerializationProxyV2;', 'method': 'readResolve()Ljava/lang/Object;', 'name': ['UUID'], 'num': 126, 'source_class': None, 'source_method': None},
 {'clss': 'Lcom/facebook/appevents/AppEvent$SerializationProxyV2;', 'method': 'readResolve()Ljava/lang/Object;', 'name': ['UUID'], 'num': 126, 'source_class': None, 'source_method': None},
 {'clss': 'Lcom/facebook/appevents/AppEvent$SerializationProxyV2;', 'method': 'readResolve()Ljava/lang/Object;', 'name': ['UUID'], 'num': 126, 'source_class': None, 'source_method': None},
 {'clss': 'Lcom/facebook/appevents/AppEvent$SerializationProxyV2;', 'method': 'readResolve()Ljava/lang/Object;', 'name': ['UUID'], 'num': 126, 'source_class': None, 'source_method': None},
 {'clss': 'Lcom/facebook/appevents/AppEvent$SerializationProxyV2;', 'method': 'readResolve()Ljava/lang/Object;', 'name': ['UUID'], 'num': 126, 'source_class': None, 'source_method': None},
 {'clss': 'Lcom/facebook/appevents/AppEvent$SerializationProxyV2;', 'method': 'readResolve()Ljava/lang/Object;', 'name': ['UUID'], 'num': 126, 'source_class': None, 'source_method': None},
 {'clss': 'Lcom/facebook/appevents/AppEvent$SerializationProxyV2;', 'method': 'readResolve()Ljava/lang/Object;', 'name': ['UUID'], 'num': 126, 'source_class': None, 'source_method': None},
 {'clss': 'Lcom/facebook/appevents/AppEvent$SerializationProxyV2;', 'method': 'readResolve()Ljava/lang/Object;', 'name': ['UUID'], 'num': 126, 'source_class': None, 'source_method': None},
 {'clss': 'Lcom/facebook/appevents/AppEvent$SerializationProxyV2;', 'method': 'readResolve()Ljava/lang/Object;', 'name': ['UUID'], 'num': 126, 'source_class': None, 'source_method': None},
 {'clss': 'Lcom/facebook/appevents/AppEvent$SerializationProxyV2;', 'method': 'readResolve()Ljava/lang/Object;', 'name': ['UUID'], 'num': 126, 'source_class': None, 'source_method': None},
 {'clss': 'Lcom/facebook/appevents/AppEvent$SerializationProxyV2;', 'method': 'readResolve()Ljava/lang/Object;', 'name': ['UUID'], 'num': 126, 'source_class': None, 'source_method': None},
 {'clss': 'Lcom/facebook/appevents/AppEvent;',
  'method': 'calculateChecksum()Ljava/lang/String;',
  'name': ['UUID'],
  'num': 271,
  'source_class': 'Lorg/json/JSONObject;',
  'source_method': 'toString()Ljava/lang/String;'},
 {'clss': 'Lcom/facebook/appevents/AppEvent;',
  'method': 'calculateChecksum()Ljava/lang/String;',
  'name': ['UUID'],
  'num': 271,
  'source_class': 'Lorg/json/JSONObject;',
  'source_method': 'toString()Ljava/lang/String;'},
 {'clss': 'Lcom/facebook/appevents/AppEvent;',
  'method': 'calculateChecksum()Ljava/lang/String;',
  'name': ['UUID'],
  'num': 271,
  'source_class': 'Lorg/json/JSONObject;',
  'source_method': 'toString()Ljava/lang/String;'},
 {'clss': 'Lcom/facebook/appevents/AppEvent;',
  'method': 'calculateChecksum()Ljava/lang/String;',
  'name': ['UUID'],
  'num': 271,
  'source_class': 'Lorg/json/JSONObject;',
  'source_method': 'toString()Ljava/lang/String;'},
 {'clss': 'Lcom/facebook/appevents/AppEvent;',
  'method': 'calculateChecksum()Ljava/lang/String;',
  'name': ['UUID'],
  'num': 271,
  'source_class': 'Lorg/json/JSONObject;',
  'source_method': 'toString()Ljava/lang/String;'},
 {'clss': 'Lcom/facebook/appevents/AppEvent;',
  'method': 'calculateChecksum()Ljava/lang/String;',
  'name': ['UUID'],
  'num': 271,
  'source_class': 'Lorg/json/JSONObject;',
  'source_method': 'toString()Ljava/lang/String;'},
 {'clss': 'Lcom/facebook/appevents/AppEvent;',
  'method': 'calculateChecksum()Ljava/lang/String;',
  'name': ['UUID'],
  'num': 271,
  'source_class': 'Lorg/json/JSONObject;',
  'source_method': 'toString()Ljava/lang/String;'},
 {'clss': 'Lcom/facebook/appevents/AppEvent;',
  'method': 'calculateChecksum()Ljava/lang/String;',
  'name': ['UUID'],
  'num': 271,
  'source_class': 'Lorg/json/JSONObject;',
  'source_method': 'toString()Ljava/lang/String;'},
 {'clss': 'Lcom/facebook/appevents/AppEvent;',
  'method': 'calculateChecksum()Ljava/lang/String;',
  'name': ['UUID'],
  'num': 271,
  'source_class': 'Lorg/json/JSONObject;',
  'source_method': 'toString()Ljava/lang/String;'},
 {'clss': 'Lcom/facebook/appevents/AppEvent;',
  'method': 'calculateChecksum()Ljava/lang/String;',
  'name': ['UUID'],
  'num': 271,
  'source_class': 'Lorg/json/JSONObject;',
  'source_method': 'toString()Ljava/lang/String;'},
 {'clss': 'Lcom/facebook/appevents/AppEvent;',
  'method': 'calculateChecksum()Ljava/lang/String;',
  'name': ['UUID'],
  'num': 271,
  'source_class': 'Lorg/json/JSONObject;',
  'source_method': 'toString()Ljava/lang/String;'},
 {'clss': 'Lcom/facebook/appevents/AppEvent;',
  'method': 'calculateChecksum()Ljava/lang/String;',
  'name': ['UUID'],
  'num': 271,
  'source_class': 'Lorg/json/JSONObject;',
  'source_method': 'toString()Ljava/lang/String;'},
 {'clss': 'Lcom/facebook/appevents/AppEvent;',
  'method': 'calculateChecksum()Ljava/lang/String;',
  'name': ['UUID'],
  'num': 271,
  'source_class': 'Lorg/json/JSONObject;',
  'source_method': 'toString()Ljava/lang/String;'},
 {'clss': 'Lcom/facebook/appevents/AppEvent;',
  'method': 'calculateChecksum()Ljava/lang/String;',
  'name': ['UUID'],
  'num': 271,
  'source_class': 'Lorg/json/JSONObject;',
  'source_method': 'toString()Ljava/lang/String;'},
 {'clss': 'Lcom/facebook/appevents/SessionEventsState;',
  'method': 'populateRequest(Lcom/facebook/GraphRequest;Landroid/content/Context;ILorg/json/JSONArray;Z)V',
  'name': ['UUID'],
  'num': 256,
  'source_class': 'Lorg/json/JSONArray;',
  'source_method': 'toString()Ljava/lang/String;'},
 {'clss': 'Lcom/facebook/GraphRequest$Serializer;',
  'method': 'write(Ljava/lang/String;[Ljava/lang/Object;)V',
  'name': ['UUID'],
  'num': 307,
  'source_class': 'Ljava/lang/String;',
  'source_method': 'format(Ljava/util/Locale;Ljava/lang/String;[Ljava/lang/Object;)Ljava/lang/String;'},
 {'clss': 'Lcom/facebook/GraphRequest$Serializer;',
  'method': 'write(Ljava/lang/String;[Ljava/lang/Object;)V',
  'name': ['UUID'],
  'num': 317,
  'source_class': 'Ljava/net/URLEncoder;',
  'source_method': 'encode(Ljava/lang/String;Ljava/lang/String;)Ljava/lang/String;'}]
Sinks
[{"smali_tag": "9098_4469", "clss": "Lcom/facebook/GraphRequest$Companion;", "method": "toHttpConnection(Lcom/facebook/GraphRequestBatch;)Ljava/net/HttpURLConnection;", "num": 4469, "sink_class": "Ljava/net/URL;", "sink_method": "<init>(Ljava/lang/String;)V", "sink_values": ["https://graph.facebook.com/v16.0/{app_id}/activities"], "sources": ["UUID"], "returned_value": null}, {"smali_tag": "9192_317", "clss": "Lcom/facebook/GraphRequest$Serializer;", "method": "write(Ljava/lang/String;[Ljava/lang/Object;)V", "num": 317, "sink_class": "Ljava/net/URLEncoder;", "sink_method": "encode(Ljava/lang/String;Ljava/lang/String;)Ljava/lang/String;", "sink_values": ["json"], "sources": ["UUID"], "returned_value": null}, {"smali_tag": "9192_317", "clss": "Lcom/facebook/GraphRequest$Serializer;", "method": "write(Ljava/lang/String;[Ljava/lang/Object;)V", "num": 317, "sink_class": "Ljava/net/URLEncoder;", "sink_method": "encode(Ljava/lang/String;Ljava/lang/String;)Ljava/lang/String;", "sink_values": ["android"], "sources": ["UUID"], "returned_value": null}, {"smali_tag": "9192_317", "clss": "Lcom/facebook/GraphRequest$Serializer;", "method": "write(Ljava/lang/String;[Ljava/lang/Object;)V", "num": 317, "sink_class": "Ljava/net/URLEncoder;", "sink_method": "encode(Ljava/lang/String;Ljava/lang/String;)Ljava/lang/String;", "sink_values": ["[{\"_eventName\":\"fb_mobile_activate_app\",\"_eventName_md5\":\"cb7f3b6cd294afce05ece615d43ea7b9\",\"_logTime\":1696844465,\"_ui\":\"MainActivity\",\"_session_id\":\"569868d0-3ee2-4b71-b65a-005545383599\",\"fb_mobile_launch_source\":\"Unclassified\",\"fb_mobile_pckg_fp\":\"dc955586420aed9658a9d7761d5bf808\",\"fb_mobile_app_cert_hash\":\"ZxeuLZcVSqh\\/eyRMSuL3q72MO8g=\\n\"}]"], "sources": ["UUID"], "returned_value": null}, {"smali_tag": "9098_4469", "clss": "Lcom/facebook/GraphRequest$Companion;", "method": "toHttpConnection(Lcom/facebook/GraphRequestBatch;)Ljava/net/HttpURLConnection;", "num": 4469, "sink_class": "Ljava/net/URL;", "sink_method": "<init>(Ljava/lang/String;)V", "sink_values": ["https://graph.facebook.com/v16.0/app/mobile_sdk_gk?access_token=%7Bapp_id%7D%7C%7Bclient_token%7D&fields=gatekeepers&format=json&sdk_version=16.2.0&sdk=android&platform=android"], "sources": ["UUID"], "returned_value": null}, {"smali_tag": "9098_4469", "clss": "Lcom/facebook/GraphRequest$Companion;", "method": "toHttpConnection(Lcom/facebook/GraphRequestBatch;)Ljava/net/HttpURLConnection;", "num": 4469, "sink_class": "Ljava/net/URL;", "sink_method": "<init>(Ljava/lang/String;)V", "sink_values": ["https://graph.facebook.com/v16.0/{app_id}/activities"], "sources": ["UUID"], "returned_value": null}, {"smali_tag": "9192_317", "clss": "Lcom/facebook/GraphRequest$Serializer;", "method": "write(Ljava/lang/String;[Ljava/lang/Object;)V", "num": 317, "sink_class": "Ljava/net/URLEncoder;", "sink_method": "encode(Ljava/lang/String;Ljava/lang/String;)Ljava/lang/String;", "sink_values": ["json"], "sources": ["UUID"], "returned_value": null}, {"smali_tag": "9192_317", "clss": "Lcom/facebook/GraphRequest$Serializer;", "method": "write(Ljava/lang/String;[Ljava/lang/Object;)V", "num": 317, "sink_class": "Ljava/net/URLEncoder;", "sink_method": "encode(Ljava/lang/String;Ljava/lang/String;)Ljava/lang/String;", "sink_values": ["android"], "sources": ["UUID"], "returned_value": null}, {"smali_tag": "9098_4469", "clss": "Lcom/facebook/GraphRequest$Companion;", "method": "toHttpConnection(Lcom/facebook/GraphRequestBatch;)Ljava/net/HttpURLConnection;", "num": 4469, "sink_class": "Ljava/net/URL;", "sink_method": "<init>(Ljava/lang/String;)V", "sink_values": ["https://graph.facebook.com/v16.0/app/mobile_sdk_gk?access_token=%7Bapp_id%7D%7C%7Bclient_token%7D&fields=gatekeepers&format=json&sdk_version=16.2.0&sdk=android&platform=android"], "sources": ["UUID"], "returned_value": null}, {"smali_tag": "9098_4469", "clss": "Lcom/facebook/GraphRequest$Companion;", "method": "toHttpConnection(Lcom/facebook/GraphRequestBatch;)Ljava/net/HttpURLConnection;", "num": 4469, "sink_class": "Ljava/net/URL;", "sink_method": "<init>(Ljava/lang/String;)V", "sink_values": ["https://graph.facebook.com/v16.0/app/mobile_sdk_gk?access_token=%7Bapp_id%7D%7C%7Bclient_token%7D&fields=gatekeepers&format=json&sdk_version=16.2.0&sdk=android&platform=android"], "sources": ["UUID"], "returned_value": null}, {"smali_tag": "9098_4469", "clss": "Lcom/facebook/GraphRequest$Companion;", "method": "toHttpConnection(Lcom/facebook/GraphRequestBatch;)Ljava/net/HttpURLConnection;", "num": 4469, "sink_class": "Ljava/net/URL;", "sink_method": "<init>(Ljava/lang/String;)V", "sink_values": ["https://graph.facebook.com/v16.0/app/mobile_sdk_gk?access_token=%7Bapp_id%7D%7C%7Bclient_token%7D&fields=gatekeepers&format=json&sdk_version=16.2.0&sdk=android&platform=android"], "sources": ["UUID"], "returned_value": null}, {"smali_tag": "9098_4469", "clss": "Lcom/facebook/GraphRequest$Companion;", "method": "toHttpConnection(Lcom/facebook/GraphRequestBatch;)Ljava/net/HttpURLConnection;", "num": 4469, "sink_class": "Ljava/net/URL;", "sink_method": "<init>(Ljava/lang/String;)V", "sink_values": ["https://graph.facebook.com/v16.0/{app_id}/activities"], "sources": ["UUID"], "returned_value": null}, {"smali_tag": "9192_317", "clss": "Lcom/facebook/GraphRequest$Serializer;", "method": "write(Ljava/lang/String;[Ljava/lang/Object;)V", "num": 317, "sink_class": "Ljava/net/URLEncoder;", "sink_method": "encode(Ljava/lang/String;Ljava/lang/String;)Ljava/lang/String;", "sink_values": ["json"], "sources": ["UUID"], "returned_value": null}, {"smali_tag": "9192_317", "clss": "Lcom/facebook/GraphRequest$Serializer;", "method": "write(Ljava/lang/String;[Ljava/lang/Object;)V", "num": 317, "sink_class": "Ljava/net/URLEncoder;", "sink_method": "encode(Ljava/lang/String;Ljava/lang/String;)Ljava/lang/String;", "sink_values": ["android"], "sources": ["UUID"], "returned_value": null}, {"smali_tag": "9192_317", "clss": "Lcom/facebook/GraphRequest$Serializer;", "method": "write(Ljava/lang/String;[Ljava/lang/Object;)V", "num": 317, "sink_class": "Ljava/net/URLEncoder;", "sink_method": "encode(Ljava/lang/String;Ljava/lang/String;)Ljava/lang/String;", "sink_values": ["[{\"_eventName\":\"fb_mobile_activate_app\",\"_eventName_md5\":\"cb7f3b6cd294afce05ece615d43ea7b9\",\"_logTime\":1696844465,\"_ui\":\"MainActivity\",\"_session_id\":\"569868d0-3ee2-4b71-b65a-005545383599\",\"fb_mobile_launch_source\":\"Unclassified\",\"fb_mobile_pckg_fp\":\"dc955586420aed9658a9d7761d5bf808\",\"fb_mobile_app_cert_hash\":\"ZxeuLZcVSqh\\/eyRMSuL3q72MO8g=\\n\"}]"], "sources": ["UUID"], "returned_value": null}, {"smali_tag": "9098_4469", "clss": "Lcom/facebook/GraphRequest$Companion;", "method": "toHttpConnection(Lcom/facebook/GraphRequestBatch;)Ljava/net/HttpURLConnection;", "num": 4469, "sink_class": "Ljava/net/URL;", "sink_method": "<init>(Ljava/lang/String;)V", "sink_values": ["https://graph.facebook.com/v16.0/app/mobile_sdk_gk?access_token=%7Bapp_id%7D%7C%7Bclient_token%7D&fields=gatekeepers&format=json&sdk_version=16.2.0&sdk=android&platform=android"], "sources": ["UUID"], "returned_value": null}, {"smali_tag": "9098_4469", "clss": "Lcom/facebook/GraphRequest$Companion;", "method": "toHttpConnection(Lcom/facebook/GraphRequestBatch;)Ljava/net/HttpURLConnection;", "num": 4469, "sink_class": "Ljava/net/URL;", "sink_method": "<init>(Ljava/lang/String;)V", "sink_values": ["https://graph.facebook.com/v16.0/app/mobile_sdk_gk?access_token=%7Bapp_id%7D%7C%7Bclient_token%7D&fields=gatekeepers&format=json&sdk_version=16.2.0&sdk=android&platform=android"], "sources": ["UUID"], "returned_value": null}, {"smali_tag": "9098_4469", "clss": "Lcom/facebook/GraphRequest$Companion;", "method": "toHttpConnection(Lcom/facebook/GraphRequestBatch;)Ljava/net/HttpURLConnection;", "num": 4469, "sink_class": "Ljava/net/URL;", "sink_method": "<init>(Ljava/lang/String;)V", "sink_values": ["https://graph.facebook.com/v16.0/app/mobile_sdk_gk?access_token=%7Bapp_id%7D%7C%7Bclient_token%7D&fields=gatekeepers&format=json&sdk_version=16.2.0&sdk=android&platform=android"], "sources": ["UUID"], "returned_value": null}, {"smali_tag": "9098_4469", "clss": "Lcom/facebook/GraphRequest$Companion;", "method": "toHttpConnection(Lcom/facebook/GraphRequestBatch;)Ljava/net/HttpURLConnection;", "num": 4469, "sink_class": "Ljava/net/URL;", "sink_method": "<init>(Ljava/lang/String;)V", "sink_values": ["https://graph.facebook.com/v16.0/app/mobile_sdk_gk?access_token=%7Bapp_id%7D%7C%7Bclient_token%7D&fields=gatekeepers&format=json&sdk_version=16.2.0&sdk=android&platform=android"], "sources": ["UUID"], "returned_value": null}, {"smali_tag": "9098_4469", "clss": "Lcom/facebook/GraphRequest$Companion;", "method": "toHttpConnection(Lcom/facebook/GraphRequestBatch;)Ljava/net/HttpURLConnection;", "num": 4469, "sink_class": "Ljava/net/URL;", "sink_method": "<init>(Ljava/lang/String;)V", "sink_values": ["https://graph.facebook.com/v16.0/app/mobile_sdk_gk?access_token=%7Bapp_id%7D%7C%7Bclient_token%7D&fields=gatekeepers&format=json&sdk_version=16.2.0&sdk=android&platform=android"], "sources": ["UUID"], "returned_value": null}, {"smali_tag": "9098_4469", "clss": "Lcom/facebook/GraphRequest$Companion;", "method": "toHttpConnection(Lcom/facebook/GraphRequestBatch;)Ljava/net/HttpURLConnection;", "num": 4469, "sink_class": "Ljava/net/URL;", "sink_method": "<init>(Ljava/lang/String;)V", "sink_values": ["https://graph.facebook.com/v16.0/app/mobile_sdk_gk?access_token=%7Bapp_id%7D%7C%7Bclient_token%7D&fields=gatekeepers&format=json&sdk_version=16.2.0&sdk=android&platform=android"], "sources": ["UUID"], "returned_value": null}, {"smali_tag": "9098_4469", "clss": "Lcom/facebook/GraphRequest$Companion;", "method": "toHttpConnection(Lcom/facebook/GraphRequestBatch;)Ljava/net/HttpURLConnection;", "num": 4469, "sink_class": "Ljava/net/URL;", "sink_method": "<init>(Ljava/lang/String;)V", "sink_values": ["https://graph.facebook.com/v16.0/app/mobile_sdk_gk?access_token=%7Bapp_id%7D%7C%7Bclient_token%7D&fields=gatekeepers&format=json&sdk_version=16.2.0&sdk=android&platform=android"], "sources": ["UUID"], "returned_value": null}, {"smali_tag": "9098_4469", "clss": "Lcom/facebook/GraphRequest$Companion;", "method": "toHttpConnection(Lcom/facebook/GraphRequestBatch;)Ljava/net/HttpURLConnection;", "num": 4469, "sink_class": "Ljava/net/URL;", "sink_method": "<init>(Ljava/lang/String;)V", "sink_values": ["https://graph.facebook.com/v16.0/app/mobile_sdk_gk?access_token=%7Bapp_id%7D%7C%7Bclient_token%7D&fields=gatekeepers&format=json&sdk_version=16.2.0&sdk=android&platform=android"], "sources": ["UUID"], "returned_value": null}, {"smali_tag": "9098_4469", "clss": "Lcom/facebook/GraphRequest$Companion;", "method": "toHttpConnection(Lcom/facebook/GraphRequestBatch;)Ljava/net/HttpURLConnection;", "num": 4469, "sink_class": "Ljava/net/URL;", "sink_method": "<init>(Ljava/lang/String;)V", "sink_values": ["https://graph.facebook.com/v16.0/app/mobile_sdk_gk?access_token=%7Bapp_id%7D%7C%7Bclient_token%7D&fields=gatekeepers&format=json&sdk_version=16.2.0&sdk=android&platform=android"], "sources": ["UUID"], "returned_value": null}, {"smali_tag": "9098_4469", "clss": "Lcom/facebook/GraphRequest$Companion;", "method": "toHttpConnection(Lcom/facebook/GraphRequestBatch;)Ljava/net/HttpURLConnection;", "num": 4469, "sink_class": "Ljava/net/URL;", "sink_method": "<init>(Ljava/lang/String;)V", "sink_values": ["https://graph.facebook.com/v16.0/app/mobile_sdk_gk?access_token=%7Bapp_id%7D%7C%7Bclient_token%7D&fields=gatekeepers&format=json&sdk_version=16.2.0&sdk=android&platform=android"], "sources": ["UUID"], "returned_value": null}, {"smali_tag": "9098_4469", "clss": "Lcom/facebook/GraphRequest$Companion;", "method": "toHttpConnection(Lcom/facebook/GraphRequestBatch;)Ljava/net/HttpURLConnection;", "num": 4469, "sink_class": "Ljava/net/URL;", "sink_method": "<init>(Ljava/lang/String;)V", "sink_values": ["https://graph.facebook.com/v16.0/app/mobile_sdk_gk?access_token=%7Bapp_id%7D%7C%7Bclient_token%7D&fields=gatekeepers&format=json&sdk_version=16.2.0&sdk=android&platform=android"], "sources": ["UUID"], "returned_value": null}, {"smali_tag": "9098_4469", "clss": "Lcom/facebook/GraphRequest$Companion;", "method": "toHttpConnection(Lcom/facebook/GraphRequestBatch;)Ljava/net/HttpURLConnection;", "num": 4469, "sink_class": "Ljava/net/URL;", "sink_method": "<init>(Ljava/lang/String;)V", "sink_values": ["https://graph.facebook.com/v16.0/app/mobile_sdk_gk?access_token=%7Bapp_id%7D%7C%7Bclient_token%7D&fields=gatekeepers&format=json&sdk_version=16.2.0&sdk=android&platform=android"], "sources": ["UUID"], "returned_value": null}, {"smali_tag": "9098_4469", "clss": "Lcom/facebook/GraphRequest$Companion;", "method": "toHttpConnection(Lcom/facebook/GraphRequestBatch;)Ljava/net/HttpURLConnection;", "num": 4469, "sink_class": "Ljava/net/URL;", "sink_method": "<init>(Ljava/lang/String;)V", "sink_values": ["https://graph.facebook.com/v16.0/app/mobile_sdk_gk?access_token=%7Bapp_id%7D%7C%7Bclient_token%7D&fields=gatekeepers&format=json&sdk_version=16.2.0&sdk=android&platform=android"], "sources": ["UUID"], "returned_value": null}, {"smali_tag": "9098_4469", "clss": "Lcom/facebook/GraphRequest$Companion;", "method": "toHttpConnection(Lcom/facebook/GraphRequestBatch;)Ljava/net/HttpURLConnection;", "num": 4469, "sink_class": "Ljava/net/URL;", "sink_method": "<init>(Ljava/lang/String;)V", "sink_values": ["https://graph.facebook.com/v16.0/app/mobile_sdk_gk?access_token=%7Bapp_id%7D%7C%7Bclient_token%7D&fields=gatekeepers&format=json&sdk_version=16.2.0&sdk=android&platform=android"], "sources": ["UUID"], "returned_value": null}, {"smali_tag": "9098_4469", "clss": "Lcom/facebook/GraphRequest$Companion;", "method": "toHttpConnection(Lcom/facebook/GraphRequestBatch;)Ljava/net/HttpURLConnection;", "num": 4469, "sink_class": "Ljava/net/URL;", "sink_method": "<init>(Ljava/lang/String;)V", "sink_values": ["https://graph.facebook.com/v16.0/app/mobile_sdk_gk?access_token=%7Bapp_id%7D%7C%7Bclient_token%7D&fields=gatekeepers&format=json&sdk_version=16.2.0&sdk=android&platform=android"], "sources": ["UUID"], "returned_value": null}, {"smali_tag": "9098_4469", "clss": "Lcom/facebook/GraphRequest$Companion;", "method": "toHttpConnection(Lcom/facebook/GraphRequestBatch;)Ljava/net/HttpURLConnection;", "num": 4469, "sink_class": "Ljava/net/URL;", "sink_method": "<init>(Ljava/lang/String;)V", "sink_values": ["https://graph.facebook.com/v16.0/{app_id}/activities"], "sources": ["UUID"], "returned_value": null}, {"smali_tag": "9192_317", "clss": "Lcom/facebook/GraphRequest$Serializer;", "method": "write(Ljava/lang/String;[Ljava/lang/Object;)V", "num": 317, "sink_class": "Ljava/net/URLEncoder;", "sink_method": "encode(Ljava/lang/String;Ljava/lang/String;)Ljava/lang/String;", "sink_values": ["json"], "sources": ["UUID"], "returned_value": null}, {"smali_tag": "9192_317", "clss": "Lcom/facebook/GraphRequest$Serializer;", "method": "write(Ljava/lang/String;[Ljava/lang/Object;)V", "num": 317, "sink_class": "Ljava/net/URLEncoder;", "sink_method": "encode(Ljava/lang/String;Ljava/lang/String;)Ljava/lang/String;", "sink_values": ["android"], "sources": ["UUID"], "returned_value": null}, {"smali_tag": "9192_317", "clss": "Lcom/facebook/GraphRequest$Serializer;", "method": "write(Ljava/lang/String;[Ljava/lang/Object;)V", "num": 317, "sink_class": "Ljava/net/URLEncoder;", "sink_method": "encode(Ljava/lang/String;Ljava/lang/String;)Ljava/lang/String;", "sink_values": ["[{\"_eventName\":\"fb_mobile_activate_app\",\"_eventName_md5\":\"cb7f3b6cd294afce05ece615d43ea7b9\",\"_logTime\":1696844465,\"_ui\":\"MainActivity\",\"_session_id\":\"569868d0-3ee2-4b71-b65a-005545383599\",\"fb_mobile_launch_source\":\"Unclassified\",\"fb_mobile_pckg_fp\":\"dc955586420aed9658a9d7761d5bf808\",\"fb_mobile_app_cert_hash\":\"ZxeuLZcVSqh\\/eyRMSuL3q72MO8g=\\n\"},{\"_eventName\":\"EMIT_EVENT_CLICK\",\"_eventName_md5\":\"027dd6f7784338a16fafd837b1b86cce\",\"_logTime\":1696844489,\"_ui\":\"MainActivity\",\"_session_id\":\"569868d0-3ee2-4b71-b65a-005545383599\"}]"], "sources": ["UUID"], "returned_value": null}]