project.emulator.get_num_leaks() = 2
Sources
[{'clss': 'Lcom/appsflyer/l;', 'method': 'getId()Ljava/lang/String;', 'name': ['AAID'], 'num': 77, 'source_class': 'Landroid/os/Parcel;', 'source_method': 'readString()Ljava/lang/String;'},
 {'clss': 'Lcom/appsflyer/AppsFlyerLib;',
  'method': 'addDeviceTracking(Landroid/content/Context;Ljava/util/Map;)V',
  'name': ['IMEI'],
  'num': 856,
  'source_class': 'Ljava/lang/reflect/Method;',
  'source_method': 'invoke(Ljava/lang/Object;[Ljava/lang/Object;)Ljava/lang/Object;'},
 {'clss': 'Lcom/appsflyer/AppsFlyerLib;',
  'method': 'addDeviceTracking(Landroid/content/Context;Ljava/util/Map;)V',
  'name': ['AndroidID'],
  'num': 919,
  'source_class': 'Landroid/provider/Settings$Secure;',
  'source_method': 'getString(Landroid/content/ContentResolver;Ljava/lang/String;)Ljava/lang/String;'},
 {'clss': 'Lcom/appsflyer/AppsFlyerProperties;',
  'method': 'getString(Ljava/lang/String;)Ljava/lang/String;',
  'name': ['AAID'],
  'num': 366,
  'source_class': 'Ljava/util/Map;',
  'source_method': 'get(Ljava/lang/Object;)Ljava/lang/Object;'},
 {'clss': 'Lcom/appsflyer/AppsFlyerLib$e;', 'method': 'run()V', 'name': ['AAID', 'AndroidID'], 'num': 189, 'source_class': 'Lorg/json/JSONObject;', 'source_method': 'toString()Ljava/lang/String;'},
 {'clss': 'Lcom/appsflyer/AppsFlyerLib;',
  'method': 'sendRequestToServer(Ljava/lang/String;Ljava/lang/String;Ljava/lang/String;Ljava/lang/ref/WeakReference;Ljava/lang/String;Z)V',
  'name': ['AAID', 'AndroidID'],
  'num': 5234,
  'source_class': 'Ljava/lang/StringBuilder;',
  'source_method': 'toString()Ljava/lang/String;'},
 {'clss': 'Lcom/appsflyer/a;',
  'method': 'logMessageMaskKey(Ljava/lang/String;)V',
  'name': ['AAID', 'AndroidID'],
  'num': 1649,
  'source_class': 'Ljava/lang/String;',
  'source_method': 'replace(Ljava/lang/CharSequence;Ljava/lang/CharSequence;)Ljava/lang/String;'},
 {'clss': 'Lcom/appsflyer/AFLogger;',
  'method': 'getMessage(Ljava/lang/String;Z)Ljava/lang/String;',
  'name': ['AAID', 'AndroidID'],
  'num': 461,
  'source_class': 'Ljava/lang/StringBuilder;',
  'source_method': 'toString()Ljava/lang/String;'},
 {'clss': 'Lcom/appsflyer/u;',
  'method': 'addEvent(Ljava/lang/String;Ljava/lang/String;[Ljava/lang/String;)V',
  'name': ['AAID', 'AndroidID'],
  'num': 321,
  'source_class': 'Ljava/lang/StringBuilder;',
  'source_method': 'toString()Ljava/lang/String;'},
 {'clss': 'Lcom/appsflyer/u;',
  'method': 'addEvent(Ljava/lang/String;Ljava/lang/String;[Ljava/lang/String;)V',
  'name': ['AAID', 'AndroidID'],
  'num': 464,
  'source_class': 'Ljava/lang/String;',
  'source_method': 'format(Ljava/lang/String;[Ljava/lang/Object;)Ljava/lang/String;'},
 {'clss': 'Lcom/appsflyer/u;',
  'method': 'addEvent(Ljava/lang/String;Ljava/lang/String;[Ljava/lang/String;)V',
  'name': ['AAID', 'AndroidID'],
  'num': 321,
  'source_class': 'Ljava/lang/StringBuilder;',
  'source_method': 'toString()Ljava/lang/String;'},
 {'clss': 'Lcom/appsflyer/u;',
  'method': 'addEvent(Ljava/lang/String;Ljava/lang/String;[Ljava/lang/String;)V',
  'name': ['AAID', 'AndroidID'],
  'num': 391,
  'source_class': 'Ljava/lang/String;',
  'source_method': 'format(Ljava/lang/String;[Ljava/lang/Object;)Ljava/lang/String;'},
 {'clss': 'Lcom/appsflyer/AppsFlyerProperties;',
  'method': 'saveProperties(Landroid/content/SharedPreferences;)V',
  'name': ['AAID'],
  'num': 610,
  'source_class': 'Lorg/json/JSONObject;',
  'source_method': 'toString()Ljava/lang/String;'},
 {'clss': 'Lcom/appsflyer/l;', 'method': 'getId()Ljava/lang/String;', 'name': ['AAID'], 'num': 77, 'source_class': 'Landroid/os/Parcel;', 'source_method': 'readString()Ljava/lang/String;'},
 {'clss': 'Lcom/appsflyer/AppsFlyerLib;',
  'method': 'addDeviceTracking(Landroid/content/Context;Ljava/util/Map;)V',
  'name': ['IMEI'],
  'num': 856,
  'source_class': 'Ljava/lang/reflect/Method;',
  'source_method': 'invoke(Ljava/lang/Object;[Ljava/lang/Object;)Ljava/lang/Object;'},
 {'clss': 'Lcom/appsflyer/AppsFlyerLib;',
  'method': 'addDeviceTracking(Landroid/content/Context;Ljava/util/Map;)V',
  'name': ['AndroidID'],
  'num': 897,
  'source_class': 'Landroid/content/SharedPreferences;',
  'source_method': 'getString(Ljava/lang/String;Ljava/lang/String;)Ljava/lang/String;'},
 {'clss': 'Lcom/appsflyer/AppsFlyerLib;',
  'method': 'addDeviceTracking(Landroid/content/Context;Ljava/util/Map;)V',
  'name': ['AndroidID'],
  'num': 919,
  'source_class': 'Landroid/provider/Settings$Secure;',
  'source_method': 'getString(Landroid/content/ContentResolver;Ljava/lang/String;)Ljava/lang/String;'},
 {'clss': 'Lcom/appsflyer/AppsFlyerProperties;',
  'method': 'getString(Ljava/lang/String;)Ljava/lang/String;',
  'name': ['AAID'],
  'num': 366,
  'source_class': 'Ljava/util/Map;',
  'source_method': 'get(Ljava/lang/Object;)Ljava/lang/Object;'},
 {'clss': 'Lcom/appsflyer/AppsFlyerLib$e;', 'method': 'run()V', 'name': ['AAID', 'AndroidID'], 'num': 189, 'source_class': 'Lorg/json/JSONObject;', 'source_method': 'toString()Ljava/lang/String;'},
 {'clss': 'Lcom/appsflyer/AppsFlyerLib;',
  'method': 'sendRequestToServer(Ljava/lang/String;Ljava/lang/String;Ljava/lang/String;Ljava/lang/ref/WeakReference;Ljava/lang/String;Z)V',
  'name': ['AAID', 'AndroidID'],
  'num': 5234,
  'source_class': 'Ljava/lang/StringBuilder;',
  'source_method': 'toString()Ljava/lang/String;'},
 {'clss': 'Lcom/appsflyer/a;',
  'method': 'logMessageMaskKey(Ljava/lang/String;)V',
  'name': ['AAID', 'AndroidID'],
  'num': 1649,
  'source_class': 'Ljava/lang/String;',
  'source_method': 'replace(Ljava/lang/CharSequence;Ljava/lang/CharSequence;)Ljava/lang/String;'},
 {'clss': 'Lcom/appsflyer/AFLogger;',
  'method': 'getMessage(Ljava/lang/String;Z)Ljava/lang/String;',
  'name': ['AAID', 'AndroidID'],
  'num': 461,
  'source_class': 'Ljava/lang/StringBuilder;',
  'source_method': 'toString()Ljava/lang/String;'},
 {'clss': 'Lcom/appsflyer/u;',
  'method': 'addEvent(Ljava/lang/String;Ljava/lang/String;[Ljava/lang/String;)V',
  'name': ['AAID', 'AndroidID'],
  'num': 321,
  'source_class': 'Ljava/lang/StringBuilder;',
  'source_method': 'toString()Ljava/lang/String;'},
 {'clss': 'Lcom/appsflyer/u;',
  'method': 'addEvent(Ljava/lang/String;Ljava/lang/String;[Ljava/lang/String;)V',
  'name': ['AAID', 'AndroidID'],
  'num': 464,
  'source_class': 'Ljava/lang/String;',
  'source_method': 'format(Ljava/lang/String;[Ljava/lang/Object;)Ljava/lang/String;'},
 {'clss': 'Lcom/appsflyer/u;',
  'method': 'addEvent(Ljava/lang/String;Ljava/lang/String;[Ljava/lang/String;)V',
  'name': ['AAID', 'AndroidID'],
  'num': 321,
  'source_class': 'Ljava/lang/StringBuilder;',
  'source_method': 'toString()Ljava/lang/String;'},
 {'clss': 'Lcom/appsflyer/u;',
  'method': 'addEvent(Ljava/lang/String;Ljava/lang/String;[Ljava/lang/String;)V',
  'name': ['AAID', 'AndroidID'],
  'num': 391,
  'source_class': 'Ljava/lang/String;',
  'source_method': 'format(Ljava/lang/String;[Ljava/lang/Object;)Ljava/lang/String;'},
 {'clss': 'Lcom/appsflyer/AppsFlyerProperties;',
  'method': 'saveProperties(Landroid/content/SharedPreferences;)V',
  'name': ['AAID'],
  'num': 610,
  'source_class': 'Lorg/json/JSONObject;',
  'source_method': 'toString()Ljava/lang/String;'},
 {'clss': 'Lcom/appsflyer/l;', 'method': 'getId()Ljava/lang/String;', 'name': ['AAID'], 'num': 77, 'source_class': 'Landroid/os/Parcel;', 'source_method': 'readString()Ljava/lang/String;'},
 {'clss': 'Lcom/appsflyer/AppsFlyerLib;',
  'method': 'addDeviceTracking(Landroid/content/Context;Ljava/util/Map;)V',
  'name': ['IMEI'],
  'num': 856,
  'source_class': 'Ljava/lang/reflect/Method;',
  'source_method': 'invoke(Ljava/lang/Object;[Ljava/lang/Object;)Ljava/lang/Object;'},
 {'clss': 'Lcom/appsflyer/AppsFlyerLib;',
  'method': 'addDeviceTracking(Landroid/content/Context;Ljava/util/Map;)V',
  'name': ['AndroidID'],
  'num': 897,
  'source_class': 'Landroid/content/SharedPreferences;',
  'source_method': 'getString(Ljava/lang/String;Ljava/lang/String;)Ljava/lang/String;'},
 {'clss': 'Lcom/appsflyer/AppsFlyerLib;',
  'method': 'addDeviceTracking(Landroid/content/Context;Ljava/util/Map;)V',
  'name': ['AndroidID'],
  'num': 919,
  'source_class': 'Landroid/provider/Settings$Secure;',
  'source_method': 'getString(Landroid/content/ContentResolver;Ljava/lang/String;)Ljava/lang/String;'},
 {'clss': 'Lcom/appsflyer/AppsFlyerProperties;',
  'method': 'getString(Ljava/lang/String;)Ljava/lang/String;',
  'name': ['AAID'],
  'num': 366,
  'source_class': 'Ljava/util/Map;',
  'source_method': 'get(Ljava/lang/Object;)Ljava/lang/Object;'},
 {'clss': 'Lcom/appsflyer/AppsFlyerLib$e;', 'method': 'run()V', 'name': ['AAID', 'AndroidID'], 'num': 189, 'source_class': 'Lorg/json/JSONObject;', 'source_method': 'toString()Ljava/lang/String;'},
 {'clss': 'Lcom/appsflyer/AppsFlyerLib;',
  'method': 'sendRequestToServer(Ljava/lang/String;Ljava/lang/String;Ljava/lang/String;Ljava/lang/ref/WeakReference;Ljava/lang/String;Z)V',
  'name': ['AAID', 'AndroidID'],
  'num': 5234,
  'source_class': 'Ljava/lang/StringBuilder;',
  'source_method': 'toString()Ljava/lang/String;'},
 {'clss': 'Lcom/appsflyer/a;',
  'method': 'logMessageMaskKey(Ljava/lang/String;)V',
  'name': ['AAID', 'AndroidID'],
  'num': 1649,
  'source_class': 'Ljava/lang/String;',
  'source_method': 'replace(Ljava/lang/CharSequence;Ljava/lang/CharSequence;)Ljava/lang/String;'},
 {'clss': 'Lcom/appsflyer/AFLogger;',
  'method': 'getMessage(Ljava/lang/String;Z)Ljava/lang/String;',
  'name': ['AAID', 'AndroidID'],
  'num': 461,
  'source_class': 'Ljava/lang/StringBuilder;',
  'source_method': 'toString()Ljava/lang/String;'},
 {'clss': 'Lcom/appsflyer/u;',
  'method': 'addEvent(Ljava/lang/String;Ljava/lang/String;[Ljava/lang/String;)V',
  'name': ['AAID', 'AndroidID'],
  'num': 321,
  'source_class': 'Ljava/lang/StringBuilder;',
  'source_method': 'toString()Ljava/lang/String;'},
 {'clss': 'Lcom/appsflyer/u;',
  'method': 'addEvent(Ljava/lang/String;Ljava/lang/String;[Ljava/lang/String;)V',
  'name': ['AAID', 'AndroidID'],
  'num': 464,
  'source_class': 'Ljava/lang/String;',
  'source_method': 'format(Ljava/lang/String;[Ljava/lang/Object;)Ljava/lang/String;'},
 {'clss': 'Lcom/appsflyer/u;',
  'method': 'addEvent(Ljava/lang/String;Ljava/lang/String;[Ljava/lang/String;)V',
  'name': ['AAID', 'AndroidID'],
  'num': 321,
  'source_class': 'Ljava/lang/StringBuilder;',
  'source_method': 'toString()Ljava/lang/String;'},
 {'clss': 'Lcom/appsflyer/u;',
  'method': 'addEvent(Ljava/lang/String;Ljava/lang/String;[Ljava/lang/String;)V',
  'name': ['AAID', 'AndroidID'],
  'num': 391,
  'source_class': 'Ljava/lang/String;',
  'source_method': 'format(Ljava/lang/String;[Ljava/lang/Object;)Ljava/lang/String;'},
 {'clss': 'Lcom/appsflyer/AppsFlyerProperties;',
  'method': 'saveProperties(Landroid/content/SharedPreferences;)V',
  'name': ['AAID'],
  'num': 610,
  'source_class': 'Lorg/json/JSONObject;',
  'source_method': 'toString()Ljava/lang/String;'},
 {'clss': 'Lcom/appsflyer/l;', 'method': 'getId()Ljava/lang/String;', 'name': ['AAID'], 'num': 77, 'source_class': 'Landroid/os/Parcel;', 'source_method': 'readString()Ljava/lang/String;'},
 {'clss': 'Lcom/appsflyer/AppsFlyerLib;',
  'method': 'addDeviceTracking(Landroid/content/Context;Ljava/util/Map;)V',
  'name': ['IMEI'],
  'num': 856,
  'source_class': 'Ljava/lang/reflect/Method;',
  'source_method': 'invoke(Ljava/lang/Object;[Ljava/lang/Object;)Ljava/lang/Object;'},
 {'clss': 'Lcom/appsflyer/AppsFlyerLib;',
  'method': 'addDeviceTracking(Landroid/content/Context;Ljava/util/Map;)V',
  'name': ['AndroidID'],
  'num': 897,
  'source_class': 'Landroid/content/SharedPreferences;',
  'source_method': 'getString(Ljava/lang/String;Ljava/lang/String;)Ljava/lang/String;'},
 {'clss': 'Lcom/appsflyer/AppsFlyerLib;',
  'method': 'addDeviceTracking(Landroid/content/Context;Ljava/util/Map;)V',
  'name': ['AndroidID'],
  'num': 919,
  'source_class': 'Landroid/provider/Settings$Secure;',
  'source_method': 'getString(Landroid/content/ContentResolver;Ljava/lang/String;)Ljava/lang/String;'},
 {'clss': 'Lcom/appsflyer/AppsFlyerProperties;',
  'method': 'getString(Ljava/lang/String;)Ljava/lang/String;',
  'name': ['AAID'],
  'num': 366,
  'source_class': 'Ljava/util/Map;',
  'source_method': 'get(Ljava/lang/Object;)Ljava/lang/Object;'},
 {'clss': 'Lcom/appsflyer/AppsFlyerLib$e;', 'method': 'run()V', 'name': ['AAID', 'AndroidID'], 'num': 189, 'source_class': 'Lorg/json/JSONObject;', 'source_method': 'toString()Ljava/lang/String;'},
 {'clss': 'Lcom/appsflyer/AppsFlyerLib;',
  'method': 'sendRequestToServer(Ljava/lang/String;Ljava/lang/String;Ljava/lang/String;Ljava/lang/ref/WeakReference;Ljava/lang/String;Z)V',
  'name': ['AAID', 'AndroidID'],
  'num': 5234,
  'source_class': 'Ljava/lang/StringBuilder;',
  'source_method': 'toString()Ljava/lang/String;'},
 {'clss': 'Lcom/appsflyer/a;',
  'method': 'logMessageMaskKey(Ljava/lang/String;)V',
  'name': ['AAID', 'AndroidID'],
  'num': 1649,
  'source_class': 'Ljava/lang/String;',
  'source_method': 'replace(Ljava/lang/CharSequence;Ljava/lang/CharSequence;)Ljava/lang/String;'}]
Sinks
[{"smali_tag": "1641_348", "clss": "Lcom/appsflyer/AppsFlyerLib$a;", "method": "run()V", "num": 348, "sink_class": "Ljava/net/URL;", "sink_method": "<init>(Ljava/lang/String;)V", "sink_values": ["https://api.appsflyer.com/install_data/v3/com.appsflyer.androidsampleapp?devkey=K2aMGPY3SkC9WckYUgHJ99&device_id=1696842712170-1553466075946325822"], "sources": ["AAID", "AndroidID"], "returned_value": null}]