project.emulator.get_num_leaks() = 6
Sources
[{'clss': 'Lcom/ironsource/mediationsdk/utils/IronSourceUtils;',
  'method': 'getSessionId()Ljava/lang/String;',
  'name': ['UUID'],
  'num': 2184,
  'source_class': 'Ljava/util/UUID;',
  'source_method': 'toString()Ljava/lang/String;'},
 {'clss': 'Lcom/ironsource/eventsmodule/EventData;',
  'method': 'getAdditionalData()Ljava/lang/String;',
  'name': ['UUID'],
  'num': 131,
  'source_class': 'Lorg/json/JSONObject;',
  'source_method': 'toString()Ljava/lang/String;'},
 {'clss': 'Lcom/ironsource/mediationsdk/events/BaseEventsManager$1;',
  'method': 'run()V',
  'name': ['UUID'],
  'num': 327,
  'source_class': 'Ljava/lang/String;',
  'source_method': 'substring(I)Ljava/lang/String;'},
 {'clss': 'Lcom/ironsource/mediationsdk/events/BaseEventsManager$1;',
  'method': 'run()V',
  'name': ['UUID'],
  'num': 333,
  'source_class': 'Ljava/lang/StringBuilder;',
  'source_method': 'toString()Ljava/lang/String;'},
 {'clss': 'Lcom/ironsource/mediationsdk/events/BaseEventsManager$1;',
  'method': 'run()V',
  'name': ['UUID'],
  'num': 350,
  'source_class': 'Ljava/lang/String;',
  'source_method': 'replace(Ljava/lang/CharSequence;Ljava/lang/CharSequence;)Ljava/lang/String;'},
 {'clss': 'Lcom/ironsource/eventsmodule/EventData;',
  'method': 'getAdditionalData()Ljava/lang/String;',
  'name': ['UUID'],
  'num': 131,
  'source_class': 'Lorg/json/JSONObject;',
  'source_method': 'toString()Ljava/lang/String;'},
 {'clss': 'Lcom/ironsource/environment/DeviceStatus;',
  'method': 'getOrGenerateOnceUniqueIdentifier(Landroid/content/Context;)Ljava/lang/String;',
  'name': ['UUID'],
  'num': 1082,
  'source_class': 'Ljava/util/UUID;',
  'source_method': 'toString()Ljava/lang/String;'},
 {'clss': 'Lcom/ironsource/eventsmodule/EventData;',
  'method': 'getAdditionalData()Ljava/lang/String;',
  'name': ['UUID'],
  'num': 131,
  'source_class': 'Lorg/json/JSONObject;',
  'source_method': 'toString()Ljava/lang/String;'},
 {'clss': 'Lcom/ironsource/mediationsdk/events/BaseEventsManager$1;',
  'method': 'run()V',
  'name': ['UUID'],
  'num': 327,
  'source_class': 'Ljava/lang/String;',
  'source_method': 'substring(I)Ljava/lang/String;'},
 {'clss': 'Lcom/ironsource/mediationsdk/events/BaseEventsManager$1;',
  'method': 'run()V',
  'name': ['UUID'],
  'num': 333,
  'source_class': 'Ljava/lang/StringBuilder;',
  'source_method': 'toString()Ljava/lang/String;'},
 {'clss': 'Lcom/ironsource/mediationsdk/events/BaseEventsManager$1;',
  'method': 'run()V',
  'name': ['UUID'],
  'num': 350,
  'source_class': 'Ljava/lang/String;',
  'source_method': 'replace(Ljava/lang/CharSequence;Ljava/lang/CharSequence;)Ljava/lang/String;'},
 {'clss': 'Lcom/ironsource/eventsmodule/EventData;',
  'method': 'getAdditionalData()Ljava/lang/String;',
  'name': ['UUID'],
  'num': 131,
  'source_class': 'Lorg/json/JSONObject;',
  'source_method': 'toString()Ljava/lang/String;'},
 {'clss': 'Lcom/ironsource/mediationsdk/utils/IronSourceUtils;',
  'method': 'saveGeneralProperties(Landroid/content/Context;Lorg/json/JSONObject;)V',
  'name': ['UUID'],
  'num': 3229,
  'source_class': 'Lorg/json/JSONObject;',
  'source_method': 'toString()Ljava/lang/String;'},
 {'clss': 'Lcom/ironsource/mediationsdk/server/ServerURL;',
  'method': 'createURLParams(Ljava/util/Vector;)Ljava/lang/String;',
  'name': ['UUID'],
  'num': 147,
  'source_class': None,
  'source_method': None},
 {'clss': 'Lcom/ironsource/mediationsdk/server/ServerURL;',
  'method': 'createURLParams(Ljava/util/Vector;)Ljava/lang/String;',
  'name': ['UUID'],
  'num': 159,
  'source_class': 'Ljava/lang/StringBuilder;',
  'source_method': 'toString()Ljava/lang/String;'},
 {'clss': 'Lcom/ironsource/mediationsdk/server/ServerURL;',
  'method': 'createURLParams(Ljava/util/Vector;)Ljava/lang/String;',
  'name': ['UUID'],
  'num': 125,
  'source_class': 'Ljava/lang/StringBuilder;',
  'source_method': 'toString()Ljava/lang/String;'},
 {'clss': 'Lcom/ironsource/mediationsdk/server/ServerURL;',
  'method': 'createURLParams(Ljava/util/Vector;)Ljava/lang/String;',
  'name': ['UUID'],
  'num': 159,
  'source_class': 'Ljava/lang/StringBuilder;',
  'source_method': 'toString()Ljava/lang/String;'},
 {'clss': 'Lcom/ironsource/mediationsdk/server/ServerURL;',
  'method': 'createURLParams(Ljava/util/Vector;)Ljava/lang/String;',
  'name': ['UUID'],
  'num': 125,
  'source_class': 'Ljava/lang/StringBuilder;',
  'source_method': 'toString()Ljava/lang/String;'},
 {'clss': 'Lcom/ironsource/mediationsdk/server/ServerURL;',
  'method': 'createURLParams(Ljava/util/Vector;)Ljava/lang/String;',
  'name': ['UUID'],
  'num': 159,
  'source_class': 'Ljava/lang/StringBuilder;',
  'source_method': 'toString()Ljava/lang/String;'},
 {'clss': 'Lcom/ironsource/mediationsdk/server/ServerURL;',
  'method': 'createURLParams(Ljava/util/Vector;)Ljava/lang/String;',
  'name': ['UUID'],
  'num': 125,
  'source_class': 'Ljava/lang/StringBuilder;',
  'source_method': 'toString()Ljava/lang/String;'},
 {'clss': 'Lcom/ironsource/mediationsdk/server/ServerURL;',
  'method': 'createURLParams(Ljava/util/Vector;)Ljava/lang/String;',
  'name': ['UUID'],
  'num': 159,
  'source_class': 'Ljava/lang/StringBuilder;',
  'source_method': 'toString()Ljava/lang/String;'},
 {'clss': 'Lcom/ironsource/mediationsdk/server/ServerURL;',
  'method': 'createURLParams(Ljava/util/Vector;)Ljava/lang/String;',
  'name': ['UUID'],
  'num': 125,
  'source_class': 'Ljava/lang/StringBuilder;',
  'source_method': 'toString()Ljava/lang/String;'},
 {'clss': 'Lcom/ironsource/mediationsdk/server/ServerURL;',
  'method': 'createURLParams(Ljava/util/Vector;)Ljava/lang/String;',
  'name': ['UUID'],
  'num': 159,
  'source_class': 'Ljava/lang/StringBuilder;',
  'source_method': 'toString()Ljava/lang/String;'},
 {'clss': 'Lcom/ironsource/mediationsdk/server/ServerURL;',
  'method': 'createURLParams(Ljava/util/Vector;)Ljava/lang/String;',
  'name': ['UUID'],
  'num': 125,
  'source_class': 'Ljava/lang/StringBuilder;',
  'source_method': 'toString()Ljava/lang/String;'},
 {'clss': 'Lcom/ironsource/mediationsdk/server/ServerURL;',
  'method': 'createURLParams(Ljava/util/Vector;)Ljava/lang/String;',
  'name': ['UUID'],
  'num': 159,
  'source_class': 'Ljava/lang/StringBuilder;',
  'source_method': 'toString()Ljava/lang/String;'},
 {'clss': 'Lcom/ironsource/mediationsdk/IronSourceObject;',
  'method': 'connectAndGetServerResponse(Landroid/content/Context;Ljava/lang/String;Lcom/ironsource/mediationsdk/IronSourceObject$IResponseListener;)Lcom/ironsource/mediationsdk/utils/ServerResponseWrapper;',
  'name': ['UUID'],
  'num': 1037,
  'source_class': 'Lcom/ironsource/mediationsdk/utils/IronSourceAES;',
  'source_method': 'decode(Ljava/lang/String;Ljava/lang/String;)Ljava/lang/String;'},
 {'clss': 'Lcom/ironsource/mediationsdk/utils/ServerResponseWrapper;',
  'method': 'toString()Ljava/lang/String;',
  'name': ['UUID'],
  'num': 5054,
  'source_class': 'Lorg/json/JSONObject;',
  'source_method': 'toString()Ljava/lang/String;'},
 {'clss': 'Lcom/ironsource/eventsmodule/EventData;',
  'method': 'getAdditionalData()Ljava/lang/String;',
  'name': ['UUID'],
  'num': 131,
  'source_class': 'Lorg/json/JSONObject;',
  'source_method': 'toString()Ljava/lang/String;'},
 {'clss': 'Lcom/ironsource/mediationsdk/events/BaseEventsManager$1;',
  'method': 'run()V',
  'name': ['UUID'],
  'num': 327,
  'source_class': 'Ljava/lang/String;',
  'source_method': 'substring(I)Ljava/lang/String;'},
 {'clss': 'Lcom/ironsource/mediationsdk/events/BaseEventsManager$1;',
  'method': 'run()V',
  'name': ['UUID'],
  'num': 333,
  'source_class': 'Ljava/lang/StringBuilder;',
  'source_method': 'toString()Ljava/lang/String;'},
 {'clss': 'Lcom/ironsource/eventsmodule/DataBaseEventsStorage;',
  'method': 'loadEvents(Ljava/lang/String;)Ljava/util/ArrayList;',
  'name': ['UUID'],
  'num': 524,
  'source_class': 'Landroid/database/Cursor;',
  'source_method': 'getString(I)Ljava/lang/String;'},
 {'clss': 'Lcom/ironsource/eventsmodule/DataBaseEventsStorage;',
  'method': 'loadEvents(Ljava/lang/String;)Ljava/util/ArrayList;',
  'name': ['UUID'],
  'num': 524,
  'source_class': 'Landroid/database/Cursor;',
  'source_method': 'getString(I)Ljava/lang/String;'},
 {'clss': 'Lcom/ironsource/mediationsdk/events/BaseEventsManager$1;',
  'method': 'run()V',
  'name': ['UUID'],
  'num': 350,
  'source_class': 'Ljava/lang/String;',
  'source_method': 'replace(Ljava/lang/CharSequence;Ljava/lang/CharSequence;)Ljava/lang/String;'},
 {'clss': 'Lcom/ironsource/eventsmodule/EventData;',
  'method': 'getAdditionalData()Ljava/lang/String;',
  'name': ['UUID'],
  'num': 131,
  'source_class': 'Lorg/json/JSONObject;',
  'source_method': 'toString()Ljava/lang/String;'},
 {'clss': 'Lcom/ironsource/eventsmodule/EventData;',
  'method': 'getAdditionalData()Ljava/lang/String;',
  'name': ['UUID'],
  'num': 131,
  'source_class': 'Lorg/json/JSONObject;',
  'source_method': 'toString()Ljava/lang/String;'},
 {'clss': 'Lcom/ironsource/mediationsdk/events/AbstractEventsFormatter;',
  'method': 'createDataToSend(Lorg/json/JSONArray;)Ljava/lang/String;',
  'name': ['UUID'],
  'num': 109,
  'source_class': 'Lorg/json/JSONObject;',
  'source_method': 'toString()Ljava/lang/String;'},
 {'clss': 'Lcom/ironsource/mediationsdk/events/AbstractEventsFormatter;',
  'method': 'createDataToSend(Lorg/json/JSONArray;)Ljava/lang/String;',
  'name': ['UUID'],
  'num': 142,
  'source_class': 'Lorg/json/JSONObject;',
  'source_method': 'toString()Ljava/lang/String;'},
 {'clss': 'Lcom/ironsource/eventsmodule/EventData;',
  'method': 'getAdditionalData()Ljava/lang/String;',
  'name': ['UUID'],
  'num': 131,
  'source_class': 'Lorg/json/JSONObject;',
  'source_method': 'toString()Ljava/lang/String;'},
 {'clss': 'Lcom/ironsource/mediationsdk/events/BaseEventsManager$1;',
  'method': 'run()V',
  'name': ['UUID'],
  'num': 327,
  'source_class': 'Ljava/lang/String;',
  'source_method': 'substring(I)Ljava/lang/String;'},
 {'clss': 'Lcom/ironsource/mediationsdk/events/BaseEventsManager$1;',
  'method': 'run()V',
  'name': ['UUID'],
  'num': 333,
  'source_class': 'Ljava/lang/StringBuilder;',
  'source_method': 'toString()Ljava/lang/String;'},
 {'clss': 'Lcom/ironsource/mediationsdk/events/BaseEventsManager$1;',
  'method': 'run()V',
  'name': ['UUID'],
  'num': 350,
  'source_class': 'Ljava/lang/String;',
  'source_method': 'replace(Ljava/lang/CharSequence;Ljava/lang/CharSequence;)Ljava/lang/String;'},
 {'clss': 'Lcom/ironsource/eventsmodule/EventData;',
  'method': 'getAdditionalData()Ljava/lang/String;',
  'name': ['UUID'],
  'num': 131,
  'source_class': 'Lorg/json/JSONObject;',
  'source_method': 'toString()Ljava/lang/String;'},
 {'clss': 'Lcom/ironsource/mediationsdk/events/BaseEventsManager$1;',
  'method': 'run()V',
  'name': ['UUID'],
  'num': 327,
  'source_class': 'Ljava/lang/String;',
  'source_method': 'substring(I)Ljava/lang/String;'},
 {'clss': 'Lcom/ironsource/mediationsdk/events/BaseEventsManager$1;',
  'method': 'run()V',
  'name': ['UUID'],
  'num': 333,
  'source_class': 'Ljava/lang/StringBuilder;',
  'source_method': 'toString()Ljava/lang/String;'},
 {'clss': 'Lcom/ironsource/mediationsdk/events/BaseEventsManager$1;',
  'method': 'run()V',
  'name': ['UUID'],
  'num': 350,
  'source_class': 'Ljava/lang/String;',
  'source_method': 'replace(Ljava/lang/CharSequence;Ljava/lang/CharSequence;)Ljava/lang/String;'},
 {'clss': 'Lcom/ironsource/eventsmodule/EventData;',
  'method': 'getAdditionalData()Ljava/lang/String;',
  'name': ['UUID'],
  'num': 131,
  'source_class': 'Lorg/json/JSONObject;',
  'source_method': 'toString()Ljava/lang/String;'},
 {'clss': 'Lcom/ironsource/eventsmodule/EventData;',
  'method': 'getAdditionalData()Ljava/lang/String;',
  'name': ['UUID'],
  'num': 131,
  'source_class': 'Lorg/json/JSONObject;',
  'source_method': 'toString()Ljava/lang/String;'},
 {'clss': 'Lcom/ironsource/mediationsdk/events/BaseEventsManager$1;',
  'method': 'run()V',
  'name': ['UUID'],
  'num': 327,
  'source_class': 'Ljava/lang/String;',
  'source_method': 'substring(I)Ljava/lang/String;'},
 {'clss': 'Lcom/ironsource/mediationsdk/events/BaseEventsManager$1;',
  'method': 'run()V',
  'name': ['UUID'],
  'num': 333,
  'source_class': 'Ljava/lang/StringBuilder;',
  'source_method': 'toString()Ljava/lang/String;'},
 {'clss': 'Lcom/ironsource/mediationsdk/events/BaseEventsManager$1;',
  'method': 'run()V',
  'name': ['UUID'],
  'num': 350,
  'source_class': 'Ljava/lang/String;',
  'source_method': 'replace(Ljava/lang/CharSequence;Ljava/lang/CharSequence;)Ljava/lang/String;'},
 {'clss': 'Lcom/ironsource/eventsmodule/EventData;',
  'method': 'getAdditionalData()Ljava/lang/String;',
  'name': ['UUID'],
  'num': 131,
  'source_class': 'Lorg/json/JSONObject;',
  'source_method': 'toString()Ljava/lang/String;'},
 {'clss': 'Lcom/ironsource/eventsmodule/EventData;',
  'method': 'getAdditionalData()Ljava/lang/String;',
  'name': ['UUID'],
  'num': 131,
  'source_class': 'Lorg/json/JSONObject;',
  'source_method': 'toString()Ljava/lang/String;'},
 {'clss': 'Lcom/ironsource/mediationsdk/events/BaseEventsManager$1;',
  'method': 'run()V',
  'name': ['UUID'],
  'num': 327,
  'source_class': 'Ljava/lang/String;',
  'source_method': 'substring(I)Ljava/lang/String;'},
 {'clss': 'Lcom/ironsource/mediationsdk/events/BaseEventsManager$1;',
  'method': 'run()V',
  'name': ['UUID'],
  'num': 333,
  'source_class': 'Ljava/lang/StringBuilder;',
  'source_method': 'toString()Ljava/lang/String;'},
 {'clss': 'Lcom/ironsource/mediationsdk/events/BaseEventsManager$1;',
  'method': 'run()V',
  'name': ['UUID'],
  'num': 350,
  'source_class': 'Ljava/lang/String;',
  'source_method': 'replace(Ljava/lang/CharSequence;Ljava/lang/CharSequence;)Ljava/lang/String;'},
 {'clss': 'Lcom/ironsource/adapters/supersonicads/SupersonicAdsAdapter;',
  'method': 'earlyInit(Ljava/lang/String;Ljava/lang/String;Lorg/json/JSONObject;)V',
  'name': ['UUID'],
  'num': 1697,
  'source_class': 'Lorg/json/JSONObject;',
  'source_method': 'optString(Ljava/lang/String;Ljava/lang/String;)Ljava/lang/String;'},
 {'clss': 'Lcom/ironsource/adapters/supersonicads/SupersonicAdsAdapter;',
  'method': 'earlyInit(Ljava/lang/String;Ljava/lang/String;Lorg/json/JSONObject;)V',
  'name': ['UUID'],
  'num': 1722,
  'source_class': 'Lorg/json/JSONObject;',
  'source_method': 'optString(Ljava/lang/String;)Ljava/lang/String;'},
 {'clss': 'Lcom/ironsource/adapters/supersonicads/SupersonicAdsAdapter;',
  'method': 'earlyInit(Ljava/lang/String;Ljava/lang/String;Lorg/json/JSONObject;)V',
  'name': ['UUID'],
  'num': 1728,
  'source_class': 'Ljava/lang/StringBuilder;',
  'source_method': 'toString()Ljava/lang/String;'},
 {'clss': 'Lcom/ironsource/mediationsdk/logger/IronLog;',
  'method': 'createLogMessage(Ljava/lang/String;)Ljava/lang/String;',
  'name': ['UUID'],
  'num': 245,
  'source_class': 'Ljava/lang/String;',
  'source_method': 'format(Ljava/lang/String;[Ljava/lang/Object;)Ljava/lang/String;'},
 {'clss': 'Lcom/ironsource/adapters/supersonicads/SupersonicAdsAdapter;',
  'method': 'setParamsBeforeInit(Lorg/json/JSONObject;)V',
  'name': ['UUID'],
  'num': 1424,
  'source_class': 'Lorg/json/JSONObject;',
  'source_method': 'optString(Ljava/lang/String;Ljava/lang/String;)Ljava/lang/String;'},
 {'clss': 'Lcom/ironsource/eventsmodule/EventData;',
  'method': 'getAdditionalData()Ljava/lang/String;',
  'name': ['UUID'],
  'num': 131,
  'source_class': 'Lorg/json/JSONObject;',
  'source_method': 'toString()Ljava/lang/String;'},
 {'clss': 'Lcom/ironsource/mediationsdk/events/BaseEventsManager$1;',
  'method': 'run()V',
  'name': ['UUID'],
  'num': 327,
  'source_class': 'Ljava/lang/String;',
  'source_method': 'substring(I)Ljava/lang/String;'},
 {'clss': 'Lcom/ironsource/mediationsdk/events/BaseEventsManager$1;',
  'method': 'run()V',
  'name': ['UUID'],
  'num': 333,
  'source_class': 'Ljava/lang/StringBuilder;',
  'source_method': 'toString()Ljava/lang/String;'},
 {'clss': 'Lcom/ironsource/adapters/supersonicads/SupersonicAdsAdapter;',
  'method': 'setParamsBeforeInit(Lorg/json/JSONObject;)V',
  'name': ['UUID'],
  'num': 1480,
  'source_class': 'Lorg/json/JSONObject;',
  'source_method': 'optString(Ljava/lang/String;)Ljava/lang/String;'},
 {'clss': 'Lcom/ironsource/adapters/supersonicads/SupersonicAdsAdapter;',
  'method': 'setParamsBeforeInit(Lorg/json/JSONObject;)V',
  'name': ['UUID'],
  'num': 1486,
  'source_class': 'Ljava/lang/StringBuilder;',
  'source_method': 'toString()Ljava/lang/String;'},
 {'clss': 'Lcom/ironsource/mediationsdk/events/BaseEventsManager$1;',
  'method': 'run()V',
  'name': ['UUID'],
  'num': 350,
  'source_class': 'Ljava/lang/String;',
  'source_method': 'replace(Ljava/lang/CharSequence;Ljava/lang/CharSequence;)Ljava/lang/String;'},
 {'clss': 'Lcom/ironsource/mediationsdk/logger/IronLog;',
  'method': 'createLogMessage(Ljava/lang/String;)Ljava/lang/String;',
  'name': ['UUID'],
  'num': 245,
  'source_class': 'Ljava/lang/String;',
  'source_method': 'format(Ljava/lang/String;[Ljava/lang/Object;)Ljava/lang/String;'},
 {'clss': 'Lcom/ironsource/eventsmodule/EventData;',
  'method': 'getAdditionalData()Ljava/lang/String;',
  'name': ['UUID'],
  'num': 131,
  'source_class': 'Lorg/json/JSONObject;',
  'source_method': 'toString()Ljava/lang/String;'},
 {'clss': 'Lcom/ironsource/eventsmodule/EventData;',
  'method': 'getAdditionalData()Ljava/lang/String;',
  'name': ['UUID'],
  'num': 131,
  'source_class': 'Lorg/json/JSONObject;',
  'source_method': 'toString()Ljava/lang/String;'},
 {'clss': 'Lcom/ironsource/mediationsdk/events/BaseEventsManager$1;',
  'method': 'run()V',
  'name': ['UUID'],
  'num': 327,
  'source_class': 'Ljava/lang/String;',
  'source_method': 'substring(I)Ljava/lang/String;'},
 {'clss': 'Lcom/ironsource/mediationsdk/events/BaseEventsManager$1;',
  'method': 'run()V',
  'name': ['UUID'],
  'num': 333,
  'source_class': 'Ljava/lang/StringBuilder;',
  'source_method': 'toString()Ljava/lang/String;'},
 {'clss': 'Lcom/ironsource/mediationsdk/events/BaseEventsManager$1;',
  'method': 'run()V',
  'name': ['UUID'],
  'num': 350,
  'source_class': 'Ljava/lang/String;',
  'source_method': 'replace(Ljava/lang/CharSequence;Ljava/lang/CharSequence;)Ljava/lang/String;'},
 {'clss': 'Lcom/ironsource/eventsmodule/EventData;',
  'method': 'getAdditionalData()Ljava/lang/String;',
  'name': ['UUID'],
  'num': 131,
  'source_class': 'Lorg/json/JSONObject;',
  'source_method': 'toString()Ljava/lang/String;'},
 {'clss': 'Lcom/ironsource/mediationsdk/events/BaseEventsManager$1;',
  'method': 'run()V',
  'name': ['UUID'],
  'num': 327,
  'source_class': 'Ljava/lang/String;',
  'source_method': 'substring(I)Ljava/lang/String;'},
 {'clss': 'Lcom/ironsource/mediationsdk/events/BaseEventsManager$1;',
  'method': 'run()V',
  'name': ['UUID'],
  'num': 333,
  'source_class': 'Ljava/lang/StringBuilder;',
  'source_method': 'toString()Ljava/lang/String;'},
 {'clss': 'Lcom/ironsource/mediationsdk/events/BaseEventsManager$1;',
  'method': 'run()V',
  'name': ['UUID'],
  'num': 350,
  'source_class': 'Ljava/lang/String;',
  'source_method': 'replace(Ljava/lang/CharSequence;Ljava/lang/CharSequence;)Ljava/lang/String;'},
 {'clss': 'Lcom/ironsource/eventsmodule/EventData;',
  'method': 'getAdditionalData()Ljava/lang/String;',
  'name': ['UUID'],
  'num': 131,
  'source_class': 'Lorg/json/JSONObject;',
  'source_method': 'toString()Ljava/lang/String;'},
 {'clss': 'Lcom/ironsource/sdk/controller/SecureMessagingService;',
  'method': 'generateToken()Ljava/lang/String;',
  'name': ['UUID'],
  'num': 105,
  'source_class': 'Ljava/util/UUID;',
  'source_method': 'toString()Ljava/lang/String;'},
 {'clss': 'Lcom/ironsource/adapters/ironsource/IronSourceAdapter;',
  'method': 'initSDK(Ljava/lang/String;Ljava/lang/String;Lorg/json/JSONObject;)V',
  'name': ['UUID'],
  'num': 641,
  'source_class': 'Lorg/json/JSONObject;',
  'source_method': 'optString(Ljava/lang/String;)Ljava/lang/String;'},
 {'clss': 'Lcom/ironsource/adapters/ironsource/IronSourceAdapter;',
  'method': 'initSDK(Ljava/lang/String;Ljava/lang/String;Lorg/json/JSONObject;)V',
  'name': ['UUID'],
  'num': 660,
  'source_class': 'Lorg/json/JSONObject;',
  'source_method': 'optString(Ljava/lang/String;)Ljava/lang/String;'},
 {'clss': 'Lcom/ironsource/adapters/ironsource/IronSourceAdapter;',
  'method': 'initSDK(Ljava/lang/String;Ljava/lang/String;Lorg/json/JSONObject;)V',
  'name': ['UUID'],
  'num': 666,
  'source_class': 'Ljava/lang/StringBuilder;',
  'source_method': 'toString()Ljava/lang/String;'},
 {'clss': 'Lcom/ironsource/mediationsdk/logger/IronLog;',
  'method': 'createLogMessage(Ljava/lang/String;)Ljava/lang/String;',
  'name': ['UUID'],
  'num': 245,
  'source_class': 'Ljava/lang/String;',
  'source_method': 'format(Ljava/lang/String;[Ljava/lang/Object;)Ljava/lang/String;'},
 {'clss': 'Lcom/ironsource/eventsmodule/EventData;',
  'method': 'getAdditionalData()Ljava/lang/String;',
  'name': ['UUID'],
  'num': 131,
  'source_class': 'Lorg/json/JSONObject;',
  'source_method': 'toString()Ljava/lang/String;'},
 {'clss': 'Lcom/ironsource/mediationsdk/events/BaseEventsManager$1;',
  'method': 'run()V',
  'name': ['UUID'],
  'num': 327,
  'source_class': 'Ljava/lang/String;',
  'source_method': 'substring(I)Ljava/lang/String;'},
 {'clss': 'Lcom/ironsource/mediationsdk/events/BaseEventsManager$1;',
  'method': 'run()V',
  'name': ['UUID'],
  'num': 333,
  'source_class': 'Ljava/lang/StringBuilder;',
  'source_method': 'toString()Ljava/lang/String;'},
 {'clss': 'Lcom/ironsource/mediationsdk/events/BaseEventsManager$1;',
  'method': 'run()V',
  'name': ['UUID'],
  'num': 350,
  'source_class': 'Ljava/lang/String;',
  'source_method': 'replace(Ljava/lang/CharSequence;Ljava/lang/CharSequence;)Ljava/lang/String;'},
 {'clss': 'Lcom/ironsource/eventsmodule/EventData;',
  'method': 'getAdditionalData()Ljava/lang/String;',
  'name': ['UUID'],
  'num': 131,
  'source_class': 'Lorg/json/JSONObject;',
  'source_method': 'toString()Ljava/lang/String;'},
 {'clss': 'Lcom/ironsource/mediationsdk/events/BaseEventsManager$1;',
  'method': 'run()V',
  'name': ['UUID'],
  'num': 327,
  'source_class': 'Ljava/lang/String;',
  'source_method': 'substring(I)Ljava/lang/String;'},
 {'clss': 'Lcom/ironsource/mediationsdk/events/BaseEventsManager$1;',
  'method': 'run()V',
  'name': ['UUID'],
  'num': 333,
  'source_class': 'Ljava/lang/StringBuilder;',
  'source_method': 'toString()Ljava/lang/String;'},
 {'clss': 'Lcom/ironsource/mediationsdk/events/BaseEventsManager$1;',
  'method': 'run()V',
  'name': ['UUID'],
  'num': 350,
  'source_class': 'Ljava/lang/String;',
  'source_method': 'replace(Ljava/lang/CharSequence;Ljava/lang/CharSequence;)Ljava/lang/String;'},
 {'clss': 'Lcom/ironsource/sdk/service/Connectivity/ConnectivityUtils;',
  'method': 'getNetworkData(Landroid/content/Context;Landroid/net/Network;)Lorg/json/JSONObject;',
  'name': ['MACAddress'],
  'num': 280,
  'source_class': 'Landroid/net/NetworkCapabilities;',
  'source_method': 'toString()Ljava/lang/String;'},
 {'clss': 'Lcom/ironsource/sdk/service/Connectivity/ConnectivityUtils;',
  'method': 'getNetworkData(Landroid/content/Context;Landroid/net/Network;)Lorg/json/JSONObject;',
  'name': ['MACAddress'],
  'num': 280,
  'source_class': 'Landroid/net/NetworkCapabilities;',
  'source_method': 'toString()Ljava/lang/String;'},
 {'clss': 'Lcom/ironsource/sdk/service/Connectivity/ConnectivityUtils;',
  'method': 'getNetworkData(Landroid/content/Context;Landroid/net/Network;)Lorg/json/JSONObject;',
  'name': ['MACAddress'],
  'num': 280,
  'source_class': 'Landroid/net/NetworkCapabilities;',
  'source_method': 'toString()Ljava/lang/String;'},
 {'clss': 'Lcom/ironsource/eventsmodule/DataBaseEventsStorage;',
  'method': 'loadEvents(Ljava/lang/String;)Ljava/util/ArrayList;',
  'name': ['UUID'],
  'num': 524,
  'source_class': 'Landroid/database/Cursor;',
  'source_method': 'getString(I)Ljava/lang/String;'},
 {'clss': 'Lcom/ironsource/eventsmodule/DataBaseEventsStorage;',
  'method': 'loadEvents(Ljava/lang/String;)Ljava/util/ArrayList;',
  'name': ['UUID'],
  'num': 524,
  'source_class': 'Landroid/database/Cursor;',
  'source_method': 'getString(I)Ljava/lang/String;'},
 {'clss': 'Lcom/ironsource/eventsmodule/DataBaseEventsStorage;',
  'method': 'loadEvents(Ljava/lang/String;)Ljava/util/ArrayList;',
  'name': ['UUID'],
  'num': 524,
  'source_class': 'Landroid/database/Cursor;',
  'source_method': 'getString(I)Ljava/lang/String;'},
 {'clss': 'Lcom/ironsource/sdk/controller/SecureMessagingService;',
  'method': 'isValidMessage(Ljava/lang/String;Ljava/lang/String;Ljava/lang/String;)Z',
  'name': ['UUID'],
  'num': 211,
  'source_class': 'Ljava/lang/StringBuilder;',
  'source_method': 'toString()Ljava/lang/String;'},
 {'clss': 'Lcom/ironsource/sdk/controller/SecureMessagingService;',
  'method': 'isValidMessage(Ljava/lang/String;Ljava/lang/String;Ljava/lang/String;)Z',
  'name': ['UUID'],
  'num': 211,
  'source_class': 'Ljava/lang/StringBuilder;',
  'source_method': 'toString()Ljava/lang/String;'},
 {'clss': 'Lcom/ironsource/sdk/controller/WebController;',
  'method': 'generateJSToInject(Ljava/lang/String;Ljava/lang/String;)Ljava/lang/String;',
  'name': ['UUID'],
  'num': 1443,
  'source_class': 'Ljava/lang/StringBuilder;',
  'source_method': 'toString()Ljava/lang/String;'},
 {'clss': 'Lcom/ironsource/sdk/controller/WebController;',
  'method': 'injectJavascript(Ljava/lang/String;)V',
  'name': ['UUID'],
  'num': 3853,
  'source_class': 'Ljava/lang/StringBuilder;',
  'source_method': 'toString()Ljava/lang/String;'},
 {'clss': 'Lcom/ironsource/sdk/controller/WebController;',
  'method': 'injectJavascript(Ljava/lang/String;)V',
  'name': ['UUID'],
  'num': 3859,
  'source_class': 'Ljava/lang/StringBuilder;',
  'source_method': 'toString()Ljava/lang/String;'},
 {'clss': 'Lcom/ironsource/sdk/controller/WebController$10;',
  'method': 'run()V',
  'name': ['UUID'],
  'num': 125,
  'source_class': 'Ljava/lang/StringBuilder;',
  'source_method': 'toString()Ljava/lang/String;'},
 {'clss': 'Lcom/ironsource/sdk/controller/SecureMessagingService;',
  'method': 'isValidMessage(Ljava/lang/String;Ljava/lang/String;Ljava/lang/String;)Z',
  'name': ['UUID'],
  'num': 211,
  'source_class': 'Ljava/lang/StringBuilder;',
  'source_method': 'toString()Ljava/lang/String;'},
 {'clss': 'Lcom/ironsource/sdk/controller/SecureMessagingService;',
  'method': 'isValidMessage(Ljava/lang/String;Ljava/lang/String;Ljava/lang/String;)Z',
  'name': ['UUID'],
  'num': 211,
  'source_class': 'Ljava/lang/StringBuilder;',
  'source_method': 'toString()Ljava/lang/String;'},
 {'clss': 'Lcom/ironsource/sdk/controller/SecureMessagingService;',
  'method': 'isValidMessage(Ljava/lang/String;Ljava/lang/String;Ljava/lang/String;)Z',
  'name': ['UUID'],
  'num': 211,
  'source_class': 'Ljava/lang/StringBuilder;',
  'source_method': 'toString()Ljava/lang/String;'},
 {'clss': 'Lcom/ironsource/sdk/controller/SecureMessagingService;',
  'method': 'isValidMessage(Ljava/lang/String;Ljava/lang/String;Ljava/lang/String;)Z',
  'name': ['UUID'],
  'num': 211,
  'source_class': 'Ljava/lang/StringBuilder;',
  'source_method': 'toString()Ljava/lang/String;'},
 {'clss': 'Lcom/ironsource/sdk/controller/SecureMessagingService;',
  'method': 'isValidMessage(Ljava/lang/String;Ljava/lang/String;Ljava/lang/String;)Z',
  'name': ['UUID'],
  'num': 211,
  'source_class': 'Ljava/lang/StringBuilder;',
  'source_method': 'toString()Ljava/lang/String;'},
 {'clss': 'Lcom/ironsource/sdk/controller/SecureMessagingService;',
  'method': 'isValidMessage(Ljava/lang/String;Ljava/lang/String;Ljava/lang/String;)Z',
  'name': ['UUID'],
  'num': 211,
  'source_class': 'Ljava/lang/StringBuilder;',
  'source_method': 'toString()Ljava/lang/String;'},
 {'clss': 'Lcom/ironsource/sdk/controller/SecureMessagingService;',
  'method': 'isValidMessage(Ljava/lang/String;Ljava/lang/String;Ljava/lang/String;)Z',
  'name': ['UUID'],
  'num': 211,
  'source_class': 'Ljava/lang/StringBuilder;',
  'source_method': 'toString()Ljava/lang/String;'},
 {'clss': 'Lcom/ironsource/sdk/controller/SecureMessagingService;',
  'method': 'isValidMessage(Ljava/lang/String;Ljava/lang/String;Ljava/lang/String;)Z',
  'name': ['UUID'],
  'num': 211,
  'source_class': 'Ljava/lang/StringBuilder;',
  'source_method': 'toString()Ljava/lang/String;'},
 {'clss': 'Lcom/ironsource/sdk/controller/SecureMessagingService;',
  'method': 'isValidMessage(Ljava/lang/String;Ljava/lang/String;Ljava/lang/String;)Z',
  'name': ['UUID'],
  'num': 211,
  'source_class': 'Ljava/lang/StringBuilder;',
  'source_method': 'toString()Ljava/lang/String;'},
 {'clss': 'Lcom/ironsource/sdk/controller/SecureMessagingService;',
  'method': 'isValidMessage(Ljava/lang/String;Ljava/lang/String;Ljava/lang/String;)Z',
  'name': ['UUID'],
  'num': 211,
  'source_class': 'Ljava/lang/StringBuilder;',
  'source_method': 'toString()Ljava/lang/String;'},
 {'clss': 'Lcom/ironsource/sdk/controller/SecureMessagingService;',
  'method': 'isValidMessage(Ljava/lang/String;Ljava/lang/String;Ljava/lang/String;)Z',
  'name': ['UUID'],
  'num': 211,
  'source_class': 'Ljava/lang/StringBuilder;',
  'source_method': 'toString()Ljava/lang/String;'},
 {'clss': 'Lcom/ironsource/sdk/controller/SecureMessagingService;',
  'method': 'isValidMessage(Ljava/lang/String;Ljava/lang/String;Ljava/lang/String;)Z',
  'name': ['UUID'],
  'num': 211,
  'source_class': 'Ljava/lang/StringBuilder;',
  'source_method': 'toString()Ljava/lang/String;'},
 {'clss': 'Lcom/ironsource/sdk/controller/SecureMessagingService;',
  'method': 'isValidMessage(Ljava/lang/String;Ljava/lang/String;Ljava/lang/String;)Z',
  'name': ['UUID'],
  'num': 211,
  'source_class': 'Ljava/lang/StringBuilder;',
  'source_method': 'toString()Ljava/lang/String;'},
 {'clss': 'Lcom/ironsource/sdk/controller/SecureMessagingService;',
  'method': 'isValidMessage(Ljava/lang/String;Ljava/lang/String;Ljava/lang/String;)Z',
  'name': ['UUID'],
  'num': 211,
  'source_class': 'Ljava/lang/StringBuilder;',
  'source_method': 'toString()Ljava/lang/String;'},
 {'clss': 'Lcom/ironsource/sdk/controller/SecureMessagingService;',
  'method': 'isValidMessage(Ljava/lang/String;Ljava/lang/String;Ljava/lang/String;)Z',
  'name': ['UUID'],
  'num': 211,
  'source_class': 'Ljava/lang/StringBuilder;',
  'source_method': 'toString()Ljava/lang/String;'},
 {'clss': 'Lcom/ironsource/sdk/controller/SecureMessagingService;',
  'method': 'isValidMessage(Ljava/lang/String;Ljava/lang/String;Ljava/lang/String;)Z',
  'name': ['UUID'],
  'num': 211,
  'source_class': 'Ljava/lang/StringBuilder;',
  'source_method': 'toString()Ljava/lang/String;'},
 {'clss': 'Lcom/ironsource/sdk/controller/SecureMessagingService;',
  'method': 'isValidMessage(Ljava/lang/String;Ljava/lang/String;Ljava/lang/String;)Z',
  'name': ['UUID'],
  'num': 211,
  'source_class': 'Ljava/lang/StringBuilder;',
  'source_method': 'toString()Ljava/lang/String;'},
 {'clss': 'Lcom/ironsource/sdk/controller/SecureMessagingService;',
  'method': 'isValidMessage(Ljava/lang/String;Ljava/lang/String;Ljava/lang/String;)Z',
  'name': ['UUID'],
  'num': 211,
  'source_class': 'Ljava/lang/StringBuilder;',
  'source_method': 'toString()Ljava/lang/String;'},
 {'clss': 'Lcom/ironsource/sdk/controller/SecureMessagingService;',
  'method': 'isValidMessage(Ljava/lang/String;Ljava/lang/String;Ljava/lang/String;)Z',
  'name': ['UUID'],
  'num': 211,
  'source_class': 'Ljava/lang/StringBuilder;',
  'source_method': 'toString()Ljava/lang/String;'},
 {'clss': 'Lcom/ironsource/sdk/controller/SecureMessagingService;',
  'method': 'isValidMessage(Ljava/lang/String;Ljava/lang/String;Ljava/lang/String;)Z',
  'name': ['UUID'],
  'num': 211,
  'source_class': 'Ljava/lang/StringBuilder;',
  'source_method': 'toString()Ljava/lang/String;'},
 {'clss': 'Lcom/ironsource/eventsmodule/EventData;',
  'method': 'getAdditionalData()Ljava/lang/String;',
  'name': ['UUID'],
  'num': 131,
  'source_class': 'Lorg/json/JSONObject;',
  'source_method': 'toString()Ljava/lang/String;'},
 {'clss': 'Lcom/ironsource/mediationsdk/events/BaseEventsManager$1;',
  'method': 'run()V',
  'name': ['UUID'],
  'num': 327,
  'source_class': 'Ljava/lang/String;',
  'source_method': 'substring(I)Ljava/lang/String;'},
 {'clss': 'Lcom/ironsource/mediationsdk/events/BaseEventsManager$1;',
  'method': 'run()V',
  'name': ['UUID'],
  'num': 333,
  'source_class': 'Ljava/lang/StringBuilder;',
  'source_method': 'toString()Ljava/lang/String;'},
 {'clss': 'Lcom/ironsource/mediationsdk/events/BaseEventsManager$1;',
  'method': 'run()V',
  'name': ['UUID'],
  'num': 350,
  'source_class': 'Ljava/lang/String;',
  'source_method': 'replace(Ljava/lang/CharSequence;Ljava/lang/CharSequence;)Ljava/lang/String;'},
 {'clss': 'Lcom/ironsource/sdk/controller/SecureMessagingService;',
  'method': 'isValidMessage(Ljava/lang/String;Ljava/lang/String;Ljava/lang/String;)Z',
  'name': ['UUID'],
  'num': 211,
  'source_class': 'Ljava/lang/StringBuilder;',
  'source_method': 'toString()Ljava/lang/String;'},
 {'clss': 'Lcom/ironsource/eventsmodule/EventData;',
  'method': 'getAdditionalData()Ljava/lang/String;',
  'name': ['UUID'],
  'num': 131,
  'source_class': 'Lorg/json/JSONObject;',
  'source_method': 'toString()Ljava/lang/String;'},
 {'clss': 'Lcom/ironsource/mediationsdk/events/BaseEventsManager$1;',
  'method': 'run()V',
  'name': ['UUID'],
  'num': 327,
  'source_class': 'Ljava/lang/String;',
  'source_method': 'substring(I)Ljava/lang/String;'},
 {'clss': 'Lcom/ironsource/mediationsdk/events/BaseEventsManager$1;',
  'method': 'run()V',
  'name': ['UUID'],
  'num': 333,
  'source_class': 'Ljava/lang/StringBuilder;',
  'source_method': 'toString()Ljava/lang/String;'},
 {'clss': 'Lcom/ironsource/mediationsdk/events/BaseEventsManager$1;',
  'method': 'run()V',
  'name': ['UUID'],
  'num': 350,
  'source_class': 'Ljava/lang/String;',
  'source_method': 'replace(Ljava/lang/CharSequence;Ljava/lang/CharSequence;)Ljava/lang/String;'},
 {'clss': 'Lcom/ironsource/sdk/controller/SecureMessagingService;',
  'method': 'isValidMessage(Ljava/lang/String;Ljava/lang/String;Ljava/lang/String;)Z',
  'name': ['UUID'],
  'num': 211,
  'source_class': 'Ljava/lang/StringBuilder;',
  'source_method': 'toString()Ljava/lang/String;'},
 {'clss': 'Lcom/ironsource/sdk/controller/SecureMessagingService;',
  'method': 'isValidMessage(Ljava/lang/String;Ljava/lang/String;Ljava/lang/String;)Z',
  'name': ['UUID'],
  'num': 211,
  'source_class': 'Ljava/lang/StringBuilder;',
  'source_method': 'toString()Ljava/lang/String;'},
 {'clss': 'Lcom/ironsource/sdk/controller/SecureMessagingService;',
  'method': 'isValidMessage(Ljava/lang/String;Ljava/lang/String;Ljava/lang/String;)Z',
  'name': ['UUID'],
  'num': 211,
  'source_class': 'Ljava/lang/StringBuilder;',
  'source_method': 'toString()Ljava/lang/String;'},
 {'clss': 'Lcom/ironsource/sdk/controller/SecureMessagingService;',
  'method': 'isValidMessage(Ljava/lang/String;Ljava/lang/String;Ljava/lang/String;)Z',
  'name': ['UUID'],
  'num': 211,
  'source_class': 'Ljava/lang/StringBuilder;',
  'source_method': 'toString()Ljava/lang/String;'},
 {'clss': 'Lcom/ironsource/sdk/controller/SecureMessagingService;',
  'method': 'isValidMessage(Ljava/lang/String;Ljava/lang/String;Ljava/lang/String;)Z',
  'name': ['UUID'],
  'num': 211,
  'source_class': 'Ljava/lang/StringBuilder;',
  'source_method': 'toString()Ljava/lang/String;'},
 {'clss': 'Lcom/ironsource/sdk/controller/SecureMessagingService;',
  'method': 'isValidMessage(Ljava/lang/String;Ljava/lang/String;Ljava/lang/String;)Z',
  'name': ['UUID'],
  'num': 211,
  'source_class': 'Ljava/lang/StringBuilder;',
  'source_method': 'toString()Ljava/lang/String;'},
 {'clss': 'Lcom/ironsource/sdk/controller/SecureMessagingService;',
  'method': 'isValidMessage(Ljava/lang/String;Ljava/lang/String;Ljava/lang/String;)Z',
  'name': ['UUID'],
  'num': 211,
  'source_class': 'Ljava/lang/StringBuilder;',
  'source_method': 'toString()Ljava/lang/String;'},
 {'clss': 'Lcom/ironsource/sdk/controller/SecureMessagingService;',
  'method': 'isValidMessage(Ljava/lang/String;Ljava/lang/String;Ljava/lang/String;)Z',
  'name': ['UUID'],
  'num': 211,
  'source_class': 'Ljava/lang/StringBuilder;',
  'source_method': 'toString()Ljava/lang/String;'},
 {'clss': 'Lcom/ironsource/sdk/controller/SecureMessagingService;',
  'method': 'isValidMessage(Ljava/lang/String;Ljava/lang/String;Ljava/lang/String;)Z',
  'name': ['UUID'],
  'num': 211,
  'source_class': 'Ljava/lang/StringBuilder;',
  'source_method': 'toString()Ljava/lang/String;'},
 {'clss': 'Lcom/ironsource/sdk/controller/SecureMessagingService;',
  'method': 'isValidMessage(Ljava/lang/String;Ljava/lang/String;Ljava/lang/String;)Z',
  'name': ['UUID'],
  'num': 211,
  'source_class': 'Ljava/lang/StringBuilder;',
  'source_method': 'toString()Ljava/lang/String;'},
 {'clss': 'Lcom/ironsource/sdk/controller/SecureMessagingService;',
  'method': 'isValidMessage(Ljava/lang/String;Ljava/lang/String;Ljava/lang/String;)Z',
  'name': ['UUID'],
  'num': 211,
  'source_class': 'Ljava/lang/StringBuilder;',
  'source_method': 'toString()Ljava/lang/String;'},
 {'clss': 'Lcom/ironsource/eventsmodule/EventData;',
  'method': 'getAdditionalData()Ljava/lang/String;',
  'name': ['UUID'],
  'num': 131,
  'source_class': 'Lorg/json/JSONObject;',
  'source_method': 'toString()Ljava/lang/String;'},
 {'clss': 'Lcom/ironsource/mediationsdk/events/BaseEventsManager$1;',
  'method': 'run()V',
  'name': ['UUID'],
  'num': 327,
  'source_class': 'Ljava/lang/String;',
  'source_method': 'substring(I)Ljava/lang/String;'},
 {'clss': 'Lcom/ironsource/mediationsdk/events/BaseEventsManager$1;',
  'method': 'run()V',
  'name': ['UUID'],
  'num': 333,
  'source_class': 'Ljava/lang/StringBuilder;',
  'source_method': 'toString()Ljava/lang/String;'},
 {'clss': 'Lcom/ironsource/mediationsdk/events/BaseEventsManager$1;',
  'method': 'run()V',
  'name': ['UUID'],
  'num': 350,
  'source_class': 'Ljava/lang/String;',
  'source_method': 'replace(Ljava/lang/CharSequence;Ljava/lang/CharSequence;)Ljava/lang/String;'},
 {'clss': 'Lcom/ironsource/sdk/controller/SecureMessagingService;',
  'method': 'isValidMessage(Ljava/lang/String;Ljava/lang/String;Ljava/lang/String;)Z',
  'name': ['UUID'],
  'num': 211,
  'source_class': 'Ljava/lang/StringBuilder;',
  'source_method': 'toString()Ljava/lang/String;'},
 {'clss': 'Lcom/ironsource/sdk/controller/SecureMessagingService;',
  'method': 'isValidMessage(Ljava/lang/String;Ljava/lang/String;Ljava/lang/String;)Z',
  'name': ['UUID'],
  'num': 211,
  'source_class': 'Ljava/lang/StringBuilder;',
  'source_method': 'toString()Ljava/lang/String;'},
 {'clss': 'Lcom/ironsource/sdk/controller/SecureMessagingService;',
  'method': 'isValidMessage(Ljava/lang/String;Ljava/lang/String;Ljava/lang/String;)Z',
  'name': ['UUID'],
  'num': 211,
  'source_class': 'Ljava/lang/StringBuilder;',
  'source_method': 'toString()Ljava/lang/String;'},
 {'clss': 'Lcom/ironsource/sdk/controller/SecureMessagingService;',
  'method': 'isValidMessage(Ljava/lang/String;Ljava/lang/String;Ljava/lang/String;)Z',
  'name': ['UUID'],
  'num': 211,
  'source_class': 'Ljava/lang/StringBuilder;',
  'source_method': 'toString()Ljava/lang/String;'},
 {'clss': 'Lcom/ironsource/sdk/controller/SecureMessagingService;',
  'method': 'isValidMessage(Ljava/lang/String;Ljava/lang/String;Ljava/lang/String;)Z',
  'name': ['UUID'],
  'num': 211,
  'source_class': 'Ljava/lang/StringBuilder;',
  'source_method': 'toString()Ljava/lang/String;'},
 {'clss': 'Lcom/ironsource/sdk/controller/SecureMessagingService;',
  'method': 'isValidMessage(Ljava/lang/String;Ljava/lang/String;Ljava/lang/String;)Z',
  'name': ['UUID'],
  'num': 211,
  'source_class': 'Ljava/lang/StringBuilder;',
  'source_method': 'toString()Ljava/lang/String;'},
 {'clss': 'Lcom/ironsource/sdk/controller/SecureMessagingService;',
  'method': 'isValidMessage(Ljava/lang/String;Ljava/lang/String;Ljava/lang/String;)Z',
  'name': ['UUID'],
  'num': 211,
  'source_class': 'Ljava/lang/StringBuilder;',
  'source_method': 'toString()Ljava/lang/String;'},
 {'clss': 'Lcom/ironsource/sdk/controller/SecureMessagingService;',
  'method': 'isValidMessage(Ljava/lang/String;Ljava/lang/String;Ljava/lang/String;)Z',
  'name': ['UUID'],
  'num': 211,
  'source_class': 'Ljava/lang/StringBuilder;',
  'source_method': 'toString()Ljava/lang/String;'},
 {'clss': 'Lcom/ironsource/sdk/controller/SecureMessagingService;',
  'method': 'isValidMessage(Ljava/lang/String;Ljava/lang/String;Ljava/lang/String;)Z',
  'name': ['UUID'],
  'num': 211,
  'source_class': 'Ljava/lang/StringBuilder;',
  'source_method': 'toString()Ljava/lang/String;'},
 {'clss': 'Lcom/ironsource/sdk/service/Connectivity/ConnectivityUtils;',
  'method': 'getNetworkData(Landroid/content/Context;Landroid/net/Network;)Lorg/json/JSONObject;',
  'name': ['MACAddress'],
  'num': 280,
  'source_class': 'Landroid/net/NetworkCapabilities;',
  'source_method': 'toString()Ljava/lang/String;'},
 {'clss': 'Lcom/ironsource/sdk/service/Connectivity/ConnectivityUtils;',
  'method': 'getNetworkData(Landroid/content/Context;Landroid/net/Network;)Lorg/json/JSONObject;',
  'name': ['MACAddress'],
  'num': 280,
  'source_class': 'Landroid/net/NetworkCapabilities;',
  'source_method': 'toString()Ljava/lang/String;'},
 {'clss': 'Lcom/ironsource/sdk/controller/WebController;',
  'method': 'sendConnectionInfoChanged(Lorg/json/JSONObject;)V',
  'name': ['MACAddress'],
  'num': 6884,
  'source_class': 'Lorg/json/JSONObject;',
  'source_method': 'toString()Ljava/lang/String;'},
 {'clss': 'Lcom/ironsource/sdk/controller/WebController;',
  'method': 'sendConnectionInfoChanged(Lorg/json/JSONObject;)V',
  'name': ['MACAddress'],
  'num': 6890,
  'source_class': 'Ljava/lang/StringBuilder;',
  'source_method': 'toString()Ljava/lang/String;'},
 {'clss': 'Lcom/ironsource/sdk/controller/WebController;',
  'method': 'sendConnectionInfoChanged(Lorg/json/JSONObject;)V',
  'name': ['MACAddress'],
  'num': 6899,
  'source_class': 'Lorg/json/JSONObject;',
  'source_method': 'toString()Ljava/lang/String;'},
 {'clss': 'Lcom/ironsource/sdk/service/Connectivity/ConnectivityUtils;',
  'method': 'getNetworkData(Landroid/content/Context;Landroid/net/Network;)Lorg/json/JSONObject;',
  'name': ['MACAddress'],
  'num': 280,
  'source_class': 'Landroid/net/NetworkCapabilities;',
  'source_method': 'toString()Ljava/lang/String;'},
 {'clss': 'Lcom/ironsource/sdk/controller/WebController;',
  'method': 'sendConnectionInfoChanged(Lorg/json/JSONObject;)V',
  'name': ['MACAddress'],
  'num': 6884,
  'source_class': 'Lorg/json/JSONObject;',
  'source_method': 'toString()Ljava/lang/String;'},
 {'clss': 'Lcom/ironsource/sdk/controller/WebController;',
  'method': 'sendConnectionInfoChanged(Lorg/json/JSONObject;)V',
  'name': ['MACAddress'],
  'num': 6890,
  'source_class': 'Ljava/lang/StringBuilder;',
  'source_method': 'toString()Ljava/lang/String;'},
 {'clss': 'Lcom/ironsource/sdk/controller/WebController;',
  'method': 'sendConnectionInfoChanged(Lorg/json/JSONObject;)V',
  'name': ['MACAddress'],
  'num': 6899,
  'source_class': 'Lorg/json/JSONObject;',
  'source_method': 'toString()Ljava/lang/String;'},
 {'clss': 'Lcom/ironsource/sdk/controller/SecureMessagingService;',
  'method': 'isValidMessage(Ljava/lang/String;Ljava/lang/String;Ljava/lang/String;)Z',
  'name': ['UUID'],
  'num': 211,
  'source_class': 'Ljava/lang/StringBuilder;',
  'source_method': 'toString()Ljava/lang/String;'},
 {'clss': 'Lcom/ironsource/sdk/controller/SecureMessagingService;',
  'method': 'isValidMessage(Ljava/lang/String;Ljava/lang/String;Ljava/lang/String;)Z',
  'name': ['UUID'],
  'num': 211,
  'source_class': 'Ljava/lang/StringBuilder;',
  'source_method': 'toString()Ljava/lang/String;'},
 {'clss': 'Lcom/ironsource/sdk/controller/SecureMessagingService;',
  'method': 'isValidMessage(Ljava/lang/String;Ljava/lang/String;Ljava/lang/String;)Z',
  'name': ['UUID'],
  'num': 211,
  'source_class': 'Ljava/lang/StringBuilder;',
  'source_method': 'toString()Ljava/lang/String;'},
 {'clss': 'Lcom/ironsource/sdk/controller/SecureMessagingService;',
  'method': 'isValidMessage(Ljava/lang/String;Ljava/lang/String;Ljava/lang/String;)Z',
  'name': ['UUID'],
  'num': 211,
  'source_class': 'Ljava/lang/StringBuilder;',
  'source_method': 'toString()Ljava/lang/String;'},
 {'clss': 'Lcom/ironsource/sdk/controller/SecureMessagingService;',
  'method': 'isValidMessage(Ljava/lang/String;Ljava/lang/String;Ljava/lang/String;)Z',
  'name': ['UUID'],
  'num': 211,
  'source_class': 'Ljava/lang/StringBuilder;',
  'source_method': 'toString()Ljava/lang/String;'},
 {'clss': 'Lcom/ironsource/sdk/controller/SecureMessagingService;',
  'method': 'isValidMessage(Ljava/lang/String;Ljava/lang/String;Ljava/lang/String;)Z',
  'name': ['UUID'],
  'num': 211,
  'source_class': 'Ljava/lang/StringBuilder;',
  'source_method': 'toString()Ljava/lang/String;'},
 {'clss': 'Lcom/ironsource/sdk/controller/SecureMessagingService;',
  'method': 'isValidMessage(Ljava/lang/String;Ljava/lang/String;Ljava/lang/String;)Z',
  'name': ['UUID'],
  'num': 211,
  'source_class': 'Ljava/lang/StringBuilder;',
  'source_method': 'toString()Ljava/lang/String;'},
 {'clss': 'Lcom/ironsource/eventsmodule/EventData;',
  'method': 'getAdditionalData()Ljava/lang/String;',
  'name': ['UUID'],
  'num': 131,
  'source_class': 'Lorg/json/JSONObject;',
  'source_method': 'toString()Ljava/lang/String;'},
 {'clss': 'Lcom/ironsource/mediationsdk/events/BaseEventsManager$1;',
  'method': 'run()V',
  'name': ['UUID'],
  'num': 327,
  'source_class': 'Ljava/lang/String;',
  'source_method': 'substring(I)Ljava/lang/String;'},
 {'clss': 'Lcom/ironsource/mediationsdk/events/BaseEventsManager$1;',
  'method': 'run()V',
  'name': ['UUID'],
  'num': 333,
  'source_class': 'Ljava/lang/StringBuilder;',
  'source_method': 'toString()Ljava/lang/String;'},
 {'clss': 'Lcom/ironsource/mediationsdk/events/BaseEventsManager$1;',
  'method': 'run()V',
  'name': ['UUID'],
  'num': 350,
  'source_class': 'Ljava/lang/String;',
  'source_method': 'replace(Ljava/lang/CharSequence;Ljava/lang/CharSequence;)Ljava/lang/String;'},
 {'clss': 'Lcom/ironsource/sdk/controller/SecureMessagingService;',
  'method': 'isValidMessage(Ljava/lang/String;Ljava/lang/String;Ljava/lang/String;)Z',
  'name': ['UUID'],
  'num': 211,
  'source_class': 'Ljava/lang/StringBuilder;',
  'source_method': 'toString()Ljava/lang/String;'},
 {'clss': 'Lcom/ironsource/eventsmodule/DataBaseEventsStorage;',
  'method': 'loadEvents(Ljava/lang/String;)Ljava/util/ArrayList;',
  'name': ['UUID'],
  'num': 524,
  'source_class': 'Landroid/database/Cursor;',
  'source_method': 'getString(I)Ljava/lang/String;'},
 {'clss': 'Lcom/ironsource/eventsmodule/DataBaseEventsStorage;',
  'method': 'loadEvents(Ljava/lang/String;)Ljava/util/ArrayList;',
  'name': ['UUID'],
  'num': 524,
  'source_class': 'Landroid/database/Cursor;',
  'source_method': 'getString(I)Ljava/lang/String;'},
 {'clss': 'Lcom/ironsource/eventsmodule/DataBaseEventsStorage;',
  'method': 'loadEvents(Ljava/lang/String;)Ljava/util/ArrayList;',
  'name': ['UUID'],
  'num': 524,
  'source_class': 'Landroid/database/Cursor;',
  'source_method': 'getString(I)Ljava/lang/String;'},
 {'clss': 'Lcom/ironsource/eventsmodule/EventData;',
  'method': 'getAdditionalData()Ljava/lang/String;',
  'name': ['UUID'],
  'num': 131,
  'source_class': 'Lorg/json/JSONObject;',
  'source_method': 'toString()Ljava/lang/String;'},
 {'clss': 'Lcom/ironsource/eventsmodule/EventData;',
  'method': 'getAdditionalData()Ljava/lang/String;',
  'name': ['UUID'],
  'num': 131,
  'source_class': 'Lorg/json/JSONObject;',
  'source_method': 'toString()Ljava/lang/String;'},
 {'clss': 'Lcom/ironsource/eventsmodule/EventData;',
  'method': 'getAdditionalData()Ljava/lang/String;',
  'name': ['UUID'],
  'num': 131,
  'source_class': 'Lorg/json/JSONObject;',
  'source_method': 'toString()Ljava/lang/String;'},
 {'clss': 'Lcom/ironsource/eventsmodule/EventData;',
  'method': 'getAdditionalData()Ljava/lang/String;',
  'name': ['UUID'],
  'num': 131,
  'source_class': 'Lorg/json/JSONObject;',
  'source_method': 'toString()Ljava/lang/String;'},
 {'clss': 'Lcom/ironsource/mediationsdk/events/AbstractEventsFormatter;',
  'method': 'createDataToSend(Lorg/json/JSONArray;)Ljava/lang/String;',
  'name': ['UUID'],
  'num': 109,
  'source_class': 'Lorg/json/JSONObject;',
  'source_method': 'toString()Ljava/lang/String;'},
 {'clss': 'Lcom/ironsource/mediationsdk/events/AbstractEventsFormatter;',
  'method': 'createDataToSend(Lorg/json/JSONArray;)Ljava/lang/String;',
  'name': ['UUID'],
  'num': 142,
  'source_class': 'Lorg/json/JSONObject;',
  'source_method': 'toString()Ljava/lang/String;'},
 {'clss': 'Lcom/ironsource/sdk/controller/SecureMessagingService;',
  'method': 'isValidMessage(Ljava/lang/String;Ljava/lang/String;Ljava/lang/String;)Z',
  'name': ['UUID'],
  'num': 211,
  'source_class': 'Ljava/lang/StringBuilder;',
  'source_method': 'toString()Ljava/lang/String;'},
 {'clss': 'Lcom/ironsource/sdk/controller/SecureMessagingService;',
  'method': 'isValidMessage(Ljava/lang/String;Ljava/lang/String;Ljava/lang/String;)Z',
  'name': ['UUID'],
  'num': 211,
  'source_class': 'Ljava/lang/StringBuilder;',
  'source_method': 'toString()Ljava/lang/String;'},
 {'clss': 'Lcom/ironsource/sdk/controller/SecureMessagingService;',
  'method': 'isValidMessage(Ljava/lang/String;Ljava/lang/String;Ljava/lang/String;)Z',
  'name': ['UUID'],
  'num': 211,
  'source_class': 'Ljava/lang/StringBuilder;',
  'source_method': 'toString()Ljava/lang/String;'},
 {'clss': 'Lcom/ironsource/sdk/controller/SecureMessagingService;',
  'method': 'isValidMessage(Ljava/lang/String;Ljava/lang/String;Ljava/lang/String;)Z',
  'name': ['UUID'],
  'num': 211,
  'source_class': 'Ljava/lang/StringBuilder;',
  'source_method': 'toString()Ljava/lang/String;'},
 {'clss': 'Lcom/ironsource/sdk/controller/SecureMessagingService;',
  'method': 'isValidMessage(Ljava/lang/String;Ljava/lang/String;Ljava/lang/String;)Z',
  'name': ['UUID'],
  'num': 211,
  'source_class': 'Ljava/lang/StringBuilder;',
  'source_method': 'toString()Ljava/lang/String;'},
 {'clss': 'Lcom/ironsource/sdk/controller/SecureMessagingService;',
  'method': 'isValidMessage(Ljava/lang/String;Ljava/lang/String;Ljava/lang/String;)Z',
  'name': ['UUID'],
  'num': 211,
  'source_class': 'Ljava/lang/StringBuilder;',
  'source_method': 'toString()Ljava/lang/String;'},
 {'clss': 'Lcom/ironsource/sdk/controller/SecureMessagingService;',
  'method': 'isValidMessage(Ljava/lang/String;Ljava/lang/String;Ljava/lang/String;)Z',
  'name': ['UUID'],
  'num': 211,
  'source_class': 'Ljava/lang/StringBuilder;',
  'source_method': 'toString()Ljava/lang/String;'},
 {'clss': 'Lcom/ironsource/sdk/controller/SecureMessagingService;',
  'method': 'isValidMessage(Ljava/lang/String;Ljava/lang/String;Ljava/lang/String;)Z',
  'name': ['UUID'],
  'num': 211,
  'source_class': 'Ljava/lang/StringBuilder;',
  'source_method': 'toString()Ljava/lang/String;'},
 {'clss': 'Lcom/ironsource/sdk/service/Connectivity/ConnectivityUtils;',
  'method': 'getNetworkData(Landroid/content/Context;Landroid/net/Network;)Lorg/json/JSONObject;',
  'name': ['MACAddress'],
  'num': 280,
  'source_class': 'Landroid/net/NetworkCapabilities;',
  'source_method': 'toString()Ljava/lang/String;'},
 {'clss': 'Lcom/ironsource/sdk/service/Connectivity/ConnectivityUtils;',
  'method': 'getNetworkData(Landroid/content/Context;Landroid/net/Network;)Lorg/json/JSONObject;',
  'name': ['MACAddress'],
  'num': 280,
  'source_class': 'Landroid/net/NetworkCapabilities;',
  'source_method': 'toString()Ljava/lang/String;'},
 {'clss': 'Lcom/ironsource/sdk/controller/WebController;',
  'method': 'sendConnectionInfoChanged(Lorg/json/JSONObject;)V',
  'name': ['MACAddress'],
  'num': 6884,
  'source_class': 'Lorg/json/JSONObject;',
  'source_method': 'toString()Ljava/lang/String;'},
 {'clss': 'Lcom/ironsource/sdk/controller/WebController;',
  'method': 'sendConnectionInfoChanged(Lorg/json/JSONObject;)V',
  'name': ['MACAddress'],
  'num': 6890,
  'source_class': 'Ljava/lang/StringBuilder;',
  'source_method': 'toString()Ljava/lang/String;'},
 {'clss': 'Lcom/ironsource/sdk/controller/WebController;',
  'method': 'sendConnectionInfoChanged(Lorg/json/JSONObject;)V',
  'name': ['MACAddress'],
  'num': 6899,
  'source_class': 'Lorg/json/JSONObject;',
  'source_method': 'toString()Ljava/lang/String;'},
 {'clss': 'Lcom/ironsource/sdk/service/Connectivity/ConnectivityUtils;',
  'method': 'getNetworkData(Landroid/content/Context;Landroid/net/Network;)Lorg/json/JSONObject;',
  'name': ['MACAddress'],
  'num': 280,
  'source_class': 'Landroid/net/NetworkCapabilities;',
  'source_method': 'toString()Ljava/lang/String;'},
 {'clss': 'Lcom/ironsource/sdk/controller/WebController;',
  'method': 'sendConnectionInfoChanged(Lorg/json/JSONObject;)V',
  'name': ['MACAddress'],
  'num': 6884,
  'source_class': 'Lorg/json/JSONObject;',
  'source_method': 'toString()Ljava/lang/String;'},
 {'clss': 'Lcom/ironsource/sdk/controller/WebController;',
  'method': 'sendConnectionInfoChanged(Lorg/json/JSONObject;)V',
  'name': ['MACAddress'],
  'num': 6890,
  'source_class': 'Ljava/lang/StringBuilder;',
  'source_method': 'toString()Ljava/lang/String;'},
 {'clss': 'Lcom/ironsource/sdk/controller/WebController;',
  'method': 'sendConnectionInfoChanged(Lorg/json/JSONObject;)V',
  'name': ['MACAddress'],
  'num': 6899,
  'source_class': 'Lorg/json/JSONObject;',
  'source_method': 'toString()Ljava/lang/String;'},
 {'clss': 'Lcom/ironsource/sdk/service/Connectivity/ConnectivityUtils;',
  'method': 'getNetworkData(Landroid/content/Context;Landroid/net/Network;)Lorg/json/JSONObject;',
  'name': ['MACAddress'],
  'num': 280,
  'source_class': 'Landroid/net/NetworkCapabilities;',
  'source_method': 'toString()Ljava/lang/String;'},
 {'clss': 'Lcom/ironsource/sdk/service/Connectivity/ConnectivityUtils;',
  'method': 'getNetworkData(Landroid/content/Context;Landroid/net/Network;)Lorg/json/JSONObject;',
  'name': ['MACAddress'],
  'num': 280,
  'source_class': 'Landroid/net/NetworkCapabilities;',
  'source_method': 'toString()Ljava/lang/String;'},
 {'clss': 'Lcom/ironsource/sdk/controller/WebController;',
  'method': 'sendConnectionInfoChanged(Lorg/json/JSONObject;)V',
  'name': ['MACAddress'],
  'num': 6884,
  'source_class': 'Lorg/json/JSONObject;',
  'source_method': 'toString()Ljava/lang/String;'},
 {'clss': 'Lcom/ironsource/sdk/controller/WebController;',
  'method': 'sendConnectionInfoChanged(Lorg/json/JSONObject;)V',
  'name': ['MACAddress'],
  'num': 6890,
  'source_class': 'Ljava/lang/StringBuilder;',
  'source_method': 'toString()Ljava/lang/String;'},
 {'clss': 'Lcom/ironsource/sdk/controller/WebController;',
  'method': 'sendConnectionInfoChanged(Lorg/json/JSONObject;)V',
  'name': ['MACAddress'],
  'num': 6899,
  'source_class': 'Lorg/json/JSONObject;',
  'source_method': 'toString()Ljava/lang/String;'},
 {'clss': 'Lcom/ironsource/sdk/service/Connectivity/ConnectivityUtils;',
  'method': 'getNetworkData(Landroid/content/Context;Landroid/net/Network;)Lorg/json/JSONObject;',
  'name': ['MACAddress'],
  'num': 280,
  'source_class': 'Landroid/net/NetworkCapabilities;',
  'source_method': 'toString()Ljava/lang/String;'},
 {'clss': 'Lcom/ironsource/sdk/controller/WebController;',
  'method': 'sendConnectionInfoChanged(Lorg/json/JSONObject;)V',
  'name': ['MACAddress'],
  'num': 6884,
  'source_class': 'Lorg/json/JSONObject;',
  'source_method': 'toString()Ljava/lang/String;'},
 {'clss': 'Lcom/ironsource/sdk/controller/WebController;',
  'method': 'sendConnectionInfoChanged(Lorg/json/JSONObject;)V',
  'name': ['MACAddress'],
  'num': 6890,
  'source_class': 'Ljava/lang/StringBuilder;',
  'source_method': 'toString()Ljava/lang/String;'},
 {'clss': 'Lcom/ironsource/sdk/controller/WebController;',
  'method': 'sendConnectionInfoChanged(Lorg/json/JSONObject;)V',
  'name': ['MACAddress'],
  'num': 6899,
  'source_class': 'Lorg/json/JSONObject;',
  'source_method': 'toString()Ljava/lang/String;'},
 {'clss': 'Lcom/ironsource/eventsmodule/EventData;',
  'method': 'getAdditionalData()Ljava/lang/String;',
  'name': ['UUID'],
  'num': 131,
  'source_class': 'Lorg/json/JSONObject;',
  'source_method': 'toString()Ljava/lang/String;'},
 {'clss': 'Lcom/ironsource/mediationsdk/events/BaseEventsManager$1;',
  'method': 'run()V',
  'name': ['UUID'],
  'num': 327,
  'source_class': 'Ljava/lang/String;',
  'source_method': 'substring(I)Ljava/lang/String;'},
 {'clss': 'Lcom/ironsource/mediationsdk/events/BaseEventsManager$1;',
  'method': 'run()V',
  'name': ['UUID'],
  'num': 333,
  'source_class': 'Ljava/lang/StringBuilder;',
  'source_method': 'toString()Ljava/lang/String;'},
 {'clss': 'Lcom/ironsource/mediationsdk/events/BaseEventsManager$1;',
  'method': 'run()V',
  'name': ['UUID'],
  'num': 350,
  'source_class': 'Ljava/lang/String;',
  'source_method': 'replace(Ljava/lang/CharSequence;Ljava/lang/CharSequence;)Ljava/lang/String;'},
 {'clss': 'Lcom/ironsource/eventsmodule/EventData;',
  'method': 'getAdditionalData()Ljava/lang/String;',
  'name': ['UUID'],
  'num': 131,
  'source_class': 'Lorg/json/JSONObject;',
  'source_method': 'toString()Ljava/lang/String;'},
 {'clss': 'Lcom/ironsource/eventsmodule/EventData;',
  'method': 'getAdditionalData()Ljava/lang/String;',
  'name': ['UUID'],
  'num': 131,
  'source_class': 'Lorg/json/JSONObject;',
  'source_method': 'toString()Ljava/lang/String;'},
 {'clss': 'Lcom/ironsource/mediationsdk/events/BaseEventsManager$1;',
  'method': 'run()V',
  'name': ['UUID'],
  'num': 327,
  'source_class': 'Ljava/lang/String;',
  'source_method': 'substring(I)Ljava/lang/String;'},
 {'clss': 'Lcom/ironsource/mediationsdk/events/BaseEventsManager$1;',
  'method': 'run()V',
  'name': ['UUID'],
  'num': 333,
  'source_class': 'Ljava/lang/StringBuilder;',
  'source_method': 'toString()Ljava/lang/String;'},
 {'clss': 'Lcom/ironsource/mediationsdk/events/BaseEventsManager$1;',
  'method': 'run()V',
  'name': ['UUID'],
  'num': 350,
  'source_class': 'Ljava/lang/String;',
  'source_method': 'replace(Ljava/lang/CharSequence;Ljava/lang/CharSequence;)Ljava/lang/String;'},
 {'clss': 'Lcom/ironsource/eventsmodule/EventData;',
  'method': 'getAdditionalData()Ljava/lang/String;',
  'name': ['UUID'],
  'num': 131,
  'source_class': 'Lorg/json/JSONObject;',
  'source_method': 'toString()Ljava/lang/String;'},
 {'clss': 'Lcom/ironsource/sdk/controller/SecureMessagingService;',
  'method': 'isValidMessage(Ljava/lang/String;Ljava/lang/String;Ljava/lang/String;)Z',
  'name': ['UUID'],
  'num': 211,
  'source_class': 'Ljava/lang/StringBuilder;',
  'source_method': 'toString()Ljava/lang/String;'},
 {'clss': 'Lcom/ironsource/sdk/controller/SecureMessagingService;',
  'method': 'isValidMessage(Ljava/lang/String;Ljava/lang/String;Ljava/lang/String;)Z',
  'name': ['UUID'],
  'num': 211,
  'source_class': 'Ljava/lang/StringBuilder;',
  'source_method': 'toString()Ljava/lang/String;'},
 {'clss': 'Lcom/ironsource/sdk/controller/SecureMessagingService;',
  'method': 'isValidMessage(Ljava/lang/String;Ljava/lang/String;Ljava/lang/String;)Z',
  'name': ['UUID'],
  'num': 211,
  'source_class': 'Ljava/lang/StringBuilder;',
  'source_method': 'toString()Ljava/lang/String;'},
 {'clss': 'Lcom/ironsource/sdk/controller/SecureMessagingService;',
  'method': 'isValidMessage(Ljava/lang/String;Ljava/lang/String;Ljava/lang/String;)Z',
  'name': ['UUID'],
  'num': 211,
  'source_class': 'Ljava/lang/StringBuilder;',
  'source_method': 'toString()Ljava/lang/String;'},
 {'clss': 'Lcom/ironsource/sdk/controller/SecureMessagingService;',
  'method': 'isValidMessage(Ljava/lang/String;Ljava/lang/String;Ljava/lang/String;)Z',
  'name': ['UUID'],
  'num': 211,
  'source_class': 'Ljava/lang/StringBuilder;',
  'source_method': 'toString()Ljava/lang/String;'},
 {'clss': 'Lcom/ironsource/sdk/controller/SecureMessagingService;',
  'method': 'isValidMessage(Ljava/lang/String;Ljava/lang/String;Ljava/lang/String;)Z',
  'name': ['UUID'],
  'num': 211,
  'source_class': 'Ljava/lang/StringBuilder;',
  'source_method': 'toString()Ljava/lang/String;'},
 {'clss': 'Lcom/ironsource/sdk/controller/SecureMessagingService;',
  'method': 'isValidMessage(Ljava/lang/String;Ljava/lang/String;Ljava/lang/String;)Z',
  'name': ['UUID'],
  'num': 211,
  'source_class': 'Ljava/lang/StringBuilder;',
  'source_method': 'toString()Ljava/lang/String;'},
 {'clss': 'Lcom/ironsource/sdk/controller/SecureMessagingService;',
  'method': 'isValidMessage(Ljava/lang/String;Ljava/lang/String;Ljava/lang/String;)Z',
  'name': ['UUID'],
  'num': 211,
  'source_class': 'Ljava/lang/StringBuilder;',
  'source_method': 'toString()Ljava/lang/String;'},
 {'clss': 'Lcom/ironsource/eventsmodule/EventData;',
  'method': 'getAdditionalData()Ljava/lang/String;',
  'name': ['UUID'],
  'num': 131,
  'source_class': 'Lorg/json/JSONObject;',
  'source_method': 'toString()Ljava/lang/String;'},
 {'clss': 'Lcom/ironsource/mediationsdk/events/BaseEventsManager$1;',
  'method': 'run()V',
  'name': ['UUID'],
  'num': 327,
  'source_class': 'Ljava/lang/String;',
  'source_method': 'substring(I)Ljava/lang/String;'},
 {'clss': 'Lcom/ironsource/mediationsdk/events/BaseEventsManager$1;',
  'method': 'run()V',
  'name': ['UUID'],
  'num': 333,
  'source_class': 'Ljava/lang/StringBuilder;',
  'source_method': 'toString()Ljava/lang/String;'},
 {'clss': 'Lcom/ironsource/mediationsdk/events/BaseEventsManager$1;',
  'method': 'run()V',
  'name': ['UUID'],
  'num': 350,
  'source_class': 'Ljava/lang/String;',
  'source_method': 'replace(Ljava/lang/CharSequence;Ljava/lang/CharSequence;)Ljava/lang/String;'},
 {'clss': 'Lcom/ironsource/eventsmodule/EventData;',
  'method': 'getAdditionalData()Ljava/lang/String;',
  'name': ['UUID'],
  'num': 131,
  'source_class': 'Lorg/json/JSONObject;',
  'source_method': 'toString()Ljava/lang/String;'},
 {'clss': 'Lcom/ironsource/mediationsdk/events/BaseEventsManager$1;',
  'method': 'run()V',
  'name': ['UUID'],
  'num': 327,
  'source_class': 'Ljava/lang/String;',
  'source_method': 'substring(I)Ljava/lang/String;'},
 {'clss': 'Lcom/ironsource/mediationsdk/events/BaseEventsManager$1;',
  'method': 'run()V',
  'name': ['UUID'],
  'num': 333,
  'source_class': 'Ljava/lang/StringBuilder;',
  'source_method': 'toString()Ljava/lang/String;'},
 {'clss': 'Lcom/ironsource/mediationsdk/events/BaseEventsManager$1;',
  'method': 'run()V',
  'name': ['UUID'],
  'num': 350,
  'source_class': 'Ljava/lang/String;',
  'source_method': 'replace(Ljava/lang/CharSequence;Ljava/lang/CharSequence;)Ljava/lang/String;'},
 {'clss': 'Lcom/ironsource/eventsmodule/EventData;',
  'method': 'getAdditionalData()Ljava/lang/String;',
  'name': ['UUID'],
  'num': 131,
  'source_class': 'Lorg/json/JSONObject;',
  'source_method': 'toString()Ljava/lang/String;'},
 {'clss': 'Lcom/ironsource/mediationsdk/events/BaseEventsManager$1;',
  'method': 'run()V',
  'name': ['UUID'],
  'num': 327,
  'source_class': 'Ljava/lang/String;',
  'source_method': 'substring(I)Ljava/lang/String;'},
 {'clss': 'Lcom/ironsource/mediationsdk/events/BaseEventsManager$1;',
  'method': 'run()V',
  'name': ['UUID'],
  'num': 333,
  'source_class': 'Ljava/lang/StringBuilder;',
  'source_method': 'toString()Ljava/lang/String;'},
 {'clss': 'Lcom/ironsource/mediationsdk/events/BaseEventsManager$1;',
  'method': 'run()V',
  'name': ['UUID'],
  'num': 350,
  'source_class': 'Ljava/lang/String;',
  'source_method': 'replace(Ljava/lang/CharSequence;Ljava/lang/CharSequence;)Ljava/lang/String;'},
 {'clss': 'Lcom/ironsource/eventsmodule/EventData;',
  'method': 'getAdditionalData()Ljava/lang/String;',
  'name': ['UUID'],
  'num': 131,
  'source_class': 'Lorg/json/JSONObject;',
  'source_method': 'toString()Ljava/lang/String;'},
 {'clss': 'Lcom/ironsource/eventsmodule/EventData;',
  'method': 'getAdditionalData()Ljava/lang/String;',
  'name': ['UUID'],
  'num': 131,
  'source_class': 'Lorg/json/JSONObject;',
  'source_method': 'toString()Ljava/lang/String;'},
 {'clss': 'Lcom/ironsource/mediationsdk/events/BaseEventsManager$1;',
  'method': 'run()V',
  'name': ['UUID'],
  'num': 327,
  'source_class': 'Ljava/lang/String;',
  'source_method': 'substring(I)Ljava/lang/String;'},
 {'clss': 'Lcom/ironsource/mediationsdk/events/BaseEventsManager$1;',
  'method': 'run()V',
  'name': ['UUID'],
  'num': 333,
  'source_class': 'Ljava/lang/StringBuilder;',
  'source_method': 'toString()Ljava/lang/String;'},
 {'clss': 'Lcom/ironsource/mediationsdk/events/BaseEventsManager$1;',
  'method': 'run()V',
  'name': ['UUID'],
  'num': 350,
  'source_class': 'Ljava/lang/String;',
  'source_method': 'replace(Ljava/lang/CharSequence;Ljava/lang/CharSequence;)Ljava/lang/String;'},
 {'clss': 'Lcom/ironsource/eventsmodule/EventData;',
  'method': 'getAdditionalData()Ljava/lang/String;',
  'name': ['UUID'],
  'num': 131,
  'source_class': 'Lorg/json/JSONObject;',
  'source_method': 'toString()Ljava/lang/String;'},
 {'clss': 'Lcom/ironsource/mediationsdk/events/BaseEventsManager$1;',
  'method': 'run()V',
  'name': ['UUID'],
  'num': 327,
  'source_class': 'Ljava/lang/String;',
  'source_method': 'substring(I)Ljava/lang/String;'},
 {'clss': 'Lcom/ironsource/mediationsdk/events/BaseEventsManager$1;',
  'method': 'run()V',
  'name': ['UUID'],
  'num': 333,
  'source_class': 'Ljava/lang/StringBuilder;',
  'source_method': 'toString()Ljava/lang/String;'},
 {'clss': 'Lcom/ironsource/mediationsdk/events/BaseEventsManager$1;',
  'method': 'run()V',
  'name': ['UUID'],
  'num': 350,
  'source_class': 'Ljava/lang/String;',
  'source_method': 'replace(Ljava/lang/CharSequence;Ljava/lang/CharSequence;)Ljava/lang/String;'},
 {'clss': 'Lcom/ironsource/eventsmodule/EventData;',
  'method': 'getAdditionalData()Ljava/lang/String;',
  'name': ['UUID'],
  'num': 131,
  'source_class': 'Lorg/json/JSONObject;',
  'source_method': 'toString()Ljava/lang/String;'},
 {'clss': 'Lcom/ironsource/eventsmodule/EventData;',
  'method': 'getAdditionalData()Ljava/lang/String;',
  'name': ['UUID'],
  'num': 131,
  'source_class': 'Lorg/json/JSONObject;',
  'source_method': 'toString()Ljava/lang/String;'},
 {'clss': 'Lcom/ironsource/mediationsdk/events/BaseEventsManager$1;',
  'method': 'run()V',
  'name': ['UUID'],
  'num': 327,
  'source_class': 'Ljava/lang/String;',
  'source_method': 'substring(I)Ljava/lang/String;'},
 {'clss': 'Lcom/ironsource/mediationsdk/events/BaseEventsManager$1;',
  'method': 'run()V',
  'name': ['UUID'],
  'num': 333,
  'source_class': 'Ljava/lang/StringBuilder;',
  'source_method': 'toString()Ljava/lang/String;'},
 {'clss': 'Lcom/ironsource/mediationsdk/events/BaseEventsManager$1;',
  'method': 'run()V',
  'name': ['UUID'],
  'num': 350,
  'source_class': 'Ljava/lang/String;',
  'source_method': 'replace(Ljava/lang/CharSequence;Ljava/lang/CharSequence;)Ljava/lang/String;'}]
Sinks
[{"smali_tag": "220_153", "clss": "Lcom/ironsource/mediationsdk/server/ServerURL;", "method": "createURLParams(Ljava/util/Vector;)Ljava/lang/String;", "num": 153, "sink_class": "Ljava/net/URLEncoder;", "sink_method": "encode(Ljava/lang/String;Ljava/lang/String;)Ljava/lang/String;", "sink_values": ["515de885"], "sources": ["UUID"], "returned_value": null}, {"smali_tag": "220_153", "clss": "Lcom/ironsource/mediationsdk/server/ServerURL;", "method": "createURLParams(Ljava/util/Vector;)Ljava/lang/String;", "num": 153, "sink_class": "Ljava/net/URLEncoder;", "sink_method": "encode(Ljava/lang/String;Ljava/lang/String;)Ljava/lang/String;", "sink_values": ["demoUserAdobe"], "sources": ["UUID"], "returned_value": null}, {"smali_tag": "220_153", "clss": "Lcom/ironsource/mediationsdk/server/ServerURL;", "method": "createURLParams(Ljava/util/Vector;)Ljava/lang/String;", "num": 153, "sink_class": "Ljava/net/URLEncoder;", "sink_method": "encode(Ljava/lang/String;Ljava/lang/String;)Ljava/lang/String;", "sink_values": ["6.17.0"], "sources": ["UUID"], "returned_value": null}, {"smali_tag": "220_153", "clss": "Lcom/ironsource/mediationsdk/server/ServerURL;", "method": "createURLParams(Ljava/util/Vector;)Ljava/lang/String;", "num": 153, "sink_class": "Ljava/net/URLEncoder;", "sink_method": "encode(Ljava/lang/String;Ljava/lang/String;)Ljava/lang/String;", "sink_values": ["AdobeAir"], "sources": ["UUID"], "returned_value": null}, {"smali_tag": "220_153", "clss": "Lcom/ironsource/mediationsdk/server/ServerURL;", "method": "createURLParams(Ljava/util/Vector;)Ljava/lang/String;", "num": 153, "sink_class": "Ljava/net/URLEncoder;", "sink_method": "encode(Ljava/lang/String;Ljava/lang/String;)Ljava/lang/String;", "sink_values": ["6.17.0"], "sources": ["UUID"], "returned_value": null}, {"smali_tag": "220_153", "clss": "Lcom/ironsource/mediationsdk/server/ServerURL;", "method": "createURLParams(Ljava/util/Vector;)Ljava/lang/String;", "num": 153, "sink_class": "Ljava/net/URLEncoder;", "sink_method": "encode(Ljava/lang/String;Ljava/lang/String;)Ljava/lang/String;", "sink_values": ["AND 33,0,2,288"], "sources": ["UUID"], "returned_value": null}, {"smali_tag": "220_153", "clss": "Lcom/ironsource/mediationsdk/server/ServerURL;", "method": "createURLParams(Ljava/util/Vector;)Ljava/lang/String;", "num": 153, "sink_class": "Ljava/net/URLEncoder;", "sink_method": "encode(Ljava/lang/String;Ljava/lang/String;)Ljava/lang/String;", "sink_values": ["e35f5ef6-4bb2-4c34-bb6c-4ffa6168bca8"], "sources": ["UUID"], "returned_value": null}, {"smali_tag": "220_153", "clss": "Lcom/ironsource/mediationsdk/server/ServerURL;", "method": "createURLParams(Ljava/util/Vector;)Ljava/lang/String;", "num": 153, "sink_class": "Ljava/net/URLEncoder;", "sink_method": "encode(Ljava/lang/String;Ljava/lang/String;)Ljava/lang/String;", "sink_values": ["2.0.0"], "sources": ["UUID"], "returned_value": null}, {"smali_tag": "220_153", "clss": "Lcom/ironsource/mediationsdk/server/ServerURL;", "method": "createURLParams(Ljava/util/Vector;)Ljava/lang/String;", "num": 153, "sink_class": "Ljava/net/URLEncoder;", "sink_method": "encode(Ljava/lang/String;Ljava/lang/String;)Ljava/lang/String;", "sink_values": ["32"], "sources": ["UUID"], "returned_value": null}, {"smali_tag": "220_153", "clss": "Lcom/ironsource/mediationsdk/server/ServerURL;", "method": "createURLParams(Ljava/util/Vector;)Ljava/lang/String;", "num": 153, "sink_class": "Ljava/net/URLEncoder;", "sink_method": "encode(Ljava/lang/String;Ljava/lang/String;)Ljava/lang/String;", "sink_values": ["Google"], "sources": ["UUID"], "returned_value": null}, {"smali_tag": "220_153", "clss": "Lcom/ironsource/mediationsdk/server/ServerURL;", "method": "createURLParams(Ljava/util/Vector;)Ljava/lang/String;", "num": 153, "sink_class": "Ljava/net/URLEncoder;", "sink_method": "encode(Ljava/lang/String;Ljava/lang/String;)Ljava/lang/String;", "sink_values": ["AOSP on Oriole"], "sources": ["UUID"], "returned_value": null}, {"smali_tag": "220_153", "clss": "Lcom/ironsource/mediationsdk/server/ServerURL;", "method": "createURLParams(Ljava/util/Vector;)Ljava/lang/String;", "num": 153, "sink_class": "Ljava/net/URLEncoder;", "sink_method": "encode(Ljava/lang/String;Ljava/lang/String;)Ljava/lang/String;", "sink_values": ["wifi"], "sources": ["UUID"], "returned_value": null}, {"smali_tag": "220_543", "clss": "Lcom/ironsource/mediationsdk/server/ServerURL;", "method": "getCPVProvidersURL(Landroid/content/Context;Ljava/lang/String;Ljava/lang/String;Ljava/lang/String;Ljava/lang/String;Ljava/util/Vector;)Ljava/lang/String;", "num": 543, "sink_class": "Ljava/net/URLEncoder;", "sink_method": "encode(Ljava/lang/String;Ljava/lang/String;)Ljava/lang/String;", "sink_values": ["hQGt9/zrQgwt08o2NyGmBwC2UKoyRCOnKEdotLYIb9XnQGg9hHgmrt9uISnmECg2xqwBq1ZVy1XicmdsigjNUi+k/61Xs1jb42YVxMS+h6/wEuhVcO++9N4b+pkQq87+TwNxhBI/vlWgDgI5MjSFFUNaNe6fu3jNiplXQeKCVBSgVWcjUEB0SVhGkRoTJu3j/xHQ+gQYOgdf5K73omQoJC0QCLD5/X7nsQUVganoywCb44dhyel15/9739BrLoJlsj7kYYw951qV3tFGhT298lQ3bXRTwi9OREVX+2kr8N1mM8f3DkWPT49lkX60aPSalw8QoRuZP4iu0rZW8xVOI7ucega7zdwCLgvKPXspA8makqYelLTlq53t/bgdsD/0"], "sources": ["UUID"], "returned_value": null}, {"smali_tag": "441_371", "clss": "Lcom/ironsource/sdk/utils/SDKUtils;", "method": "encodeString(Ljava/lang/String;)Ljava/lang/String;", "num": 371, "sink_class": "Ljava/net/URLEncoder;", "sink_method": "encode(Ljava/lang/String;Ljava/lang/String;)Ljava/lang/String;", "sink_values": ["air.AdobeDemoApp"], "sources": ["UUID"], "returned_value": null}, {"smali_tag": "441_371", "clss": "Lcom/ironsource/sdk/utils/SDKUtils;", "method": "encodeString(Ljava/lang/String;)Ljava/lang/String;", "num": 371, "sink_class": "Ljava/net/URLEncoder;", "sink_method": "encode(Ljava/lang/String;Ljava/lang/String;)Ljava/lang/String;", "sink_values": ["demoUserAdobe"], "sources": ["UUID"], "returned_value": null}, {"smali_tag": "441_371", "clss": "Lcom/ironsource/sdk/utils/SDKUtils;", "method": "encodeString(Ljava/lang/String;)Ljava/lang/String;", "num": 371, "sink_class": "Ljava/net/URLEncoder;", "sink_method": "encode(Ljava/lang/String;Ljava/lang/String;)Ljava/lang/String;", "sink_values": ["515de885"], "sources": ["UUID"], "returned_value": null}, {"smali_tag": "412_336", "clss": "Lcom/ironsource/sdk/precache/DownloadManager$FileWorkerThread;", "method": "downloadContent(Ljava/lang/String;I)Lcom/ironsource/sdk/precache/DownloadManager$Result;", "num": 336, "sink_class": "Ljava/net/URL;", "sink_method": "<init>(Ljava/lang/String;)V", "sink_values": ["https://networksdk.ssacdn.com/mobileSDKController/mobileController.html"], "sources": ["UUID"], "returned_value": null}, {"smali_tag": "441_371", "clss": "Lcom/ironsource/sdk/utils/SDKUtils;", "method": "encodeString(Ljava/lang/String;)Ljava/lang/String;", "num": 371, "sink_class": "Ljava/net/URLEncoder;", "sink_method": "encode(Ljava/lang/String;Ljava/lang/String;)Ljava/lang/String;", "sink_values": ["air.AdobeDemoApp"], "sources": ["UUID"], "returned_value": null}, {"smali_tag": "441_371", "clss": "Lcom/ironsource/sdk/utils/SDKUtils;", "method": "encodeString(Ljava/lang/String;)Ljava/lang/String;", "num": 371, "sink_class": "Ljava/net/URLEncoder;", "sink_method": "encode(Ljava/lang/String;Ljava/lang/String;)Ljava/lang/String;", "sink_values": ["dapi.js"], "sources": ["UUID"], "returned_value": null}, {"smali_tag": "441_371", "clss": "Lcom/ironsource/sdk/utils/SDKUtils;", "method": "encodeString(Ljava/lang/String;)Ljava/lang/String;", "num": 371, "sink_class": "Ljava/net/URLEncoder;", "sink_method": "encode(Ljava/lang/String;Ljava/lang/String;)Ljava/lang/String;", "sink_values": ["dapi_2.0.2"], "sources": ["UUID"], "returned_value": null}, {"smali_tag": "441_371", "clss": "Lcom/ironsource/sdk/utils/SDKUtils;", "method": "encodeString(Ljava/lang/String;)Ljava/lang/String;", "num": 371, "sink_class": "Ljava/net/URLEncoder;", "sink_method": "encode(Ljava/lang/String;Ljava/lang/String;)Ljava/lang/String;", "sink_values": ["demoUserAdobe"], "sources": ["UUID"], "returned_value": null}, {"smali_tag": "441_371", "clss": "Lcom/ironsource/sdk/utils/SDKUtils;", "method": "encodeString(Ljava/lang/String;)Ljava/lang/String;", "num": 371, "sink_class": "Ljava/net/URLEncoder;", "sink_method": "encode(Ljava/lang/String;Ljava/lang/String;)Ljava/lang/String;", "sink_values": ["515de885"], "sources": ["UUID"], "returned_value": null}, {"smali_tag": "441_371", "clss": "Lcom/ironsource/sdk/utils/SDKUtils;", "method": "encodeString(Ljava/lang/String;)Ljava/lang/String;", "num": 371, "sink_class": "Ljava/net/URLEncoder;", "sink_method": "encode(Ljava/lang/String;Ljava/lang/String;)Ljava/lang/String;", "sink_values": ["demoUserAdobe"], "sources": ["UUID"], "returned_value": null}, {"smali_tag": "441_371", "clss": "Lcom/ironsource/sdk/utils/SDKUtils;", "method": "encodeString(Ljava/lang/String;)Ljava/lang/String;", "num": 371, "sink_class": "Ljava/net/URLEncoder;", "sink_method": "encode(Ljava/lang/String;Ljava/lang/String;)Ljava/lang/String;", "sink_values": ["515de885"], "sources": ["UUID"], "returned_value": null}, {"smali_tag": "441_371", "clss": "Lcom/ironsource/sdk/utils/SDKUtils;", "method": "encodeString(Ljava/lang/String;)Ljava/lang/String;", "num": 371, "sink_class": "Ljava/net/URLEncoder;", "sink_method": "encode(Ljava/lang/String;Ljava/lang/String;)Ljava/lang/String;", "sink_values": ["demoUserAdobe"], "sources": ["UUID"], "returned_value": null}, {"smali_tag": "441_371", "clss": "Lcom/ironsource/sdk/utils/SDKUtils;", "method": "encodeString(Ljava/lang/String;)Ljava/lang/String;", "num": 371, "sink_class": "Ljava/net/URLEncoder;", "sink_method": "encode(Ljava/lang/String;Ljava/lang/String;)Ljava/lang/String;", "sink_values": ["515de885"], "sources": ["UUID"], "returned_value": null}, {"smali_tag": "441_371", "clss": "Lcom/ironsource/sdk/utils/SDKUtils;", "method": "encodeString(Ljava/lang/String;)Ljava/lang/String;", "num": 371, "sink_class": "Ljava/net/URLEncoder;", "sink_method": "encode(Ljava/lang/String;Ljava/lang/String;)Ljava/lang/String;", "sink_values": ["mraid.js"], "sources": ["UUID"], "returned_value": null}, {"smali_tag": "441_371", "clss": "Lcom/ironsource/sdk/utils/SDKUtils;", "method": "encodeString(Ljava/lang/String;)Ljava/lang/String;", "num": 371, "sink_class": "Ljava/net/URLEncoder;", "sink_method": "encode(Ljava/lang/String;Ljava/lang/String;)Ljava/lang/String;", "sink_values": ["mraid_1.0.2"], "sources": ["UUID"], "returned_value": null}, {"smali_tag": "441_371", "clss": "Lcom/ironsource/sdk/utils/SDKUtils;", "method": "encodeString(Ljava/lang/String;)Ljava/lang/String;", "num": 371, "sink_class": "Ljava/net/URLEncoder;", "sink_method": "encode(Ljava/lang/String;Ljava/lang/String;)Ljava/lang/String;", "sink_values": ["index.html"], "sources": ["UUID"], "returned_value": null}, {"smali_tag": "441_371", "clss": "Lcom/ironsource/sdk/utils/SDKUtils;", "method": "encodeString(Ljava/lang/String;)Ljava/lang/String;", "num": 371, "sink_class": "Ljava/net/URLEncoder;", "sink_method": "encode(Ljava/lang/String;Ljava/lang/String;)Ljava/lang/String;", "sink_values": ["ad-player"], "sources": ["UUID"], "returned_value": null}, {"smali_tag": "441_371", "clss": "Lcom/ironsource/sdk/utils/SDKUtils;", "method": "encodeString(Ljava/lang/String;)Ljava/lang/String;", "num": 371, "sink_class": "Ljava/net/URLEncoder;", "sink_method": "encode(Ljava/lang/String;Ljava/lang/String;)Ljava/lang/String;", "sink_values": ["mobileController.min.css"], "sources": ["UUID"], "returned_value": null}, {"smali_tag": "441_371", "clss": "Lcom/ironsource/sdk/utils/SDKUtils;", "method": "encodeString(Ljava/lang/String;)Ljava/lang/String;", "num": 371, "sink_class": "Ljava/net/URLEncoder;", "sink_method": "encode(Ljava/lang/String;Ljava/lang/String;)Ljava/lang/String;", "sink_values": ["controller_3.1.256"], "sources": ["UUID"], "returned_value": null}, {"smali_tag": "441_371", "clss": "Lcom/ironsource/sdk/utils/SDKUtils;", "method": "encodeString(Ljava/lang/String;)Ljava/lang/String;", "num": 371, "sink_class": "Ljava/net/URLEncoder;", "sink_method": "encode(Ljava/lang/String;Ljava/lang/String;)Ljava/lang/String;", "sink_values": [".nomedia"], "sources": ["UUID"], "returned_value": null}, {"smali_tag": "441_371", "clss": "Lcom/ironsource/sdk/utils/SDKUtils;", "method": "encodeString(Ljava/lang/String;)Ljava/lang/String;", "num": 371, "sink_class": "Ljava/net/URLEncoder;", "sink_method": "encode(Ljava/lang/String;Ljava/lang/String;)Ljava/lang/String;", "sink_values": ["./"], "sources": ["UUID"], "returned_value": null}, {"smali_tag": "441_371", "clss": "Lcom/ironsource/sdk/utils/SDKUtils;", "method": "encodeString(Ljava/lang/String;)Ljava/lang/String;", "num": 371, "sink_class": "Ljava/net/URLEncoder;", "sink_method": "encode(Ljava/lang/String;Ljava/lang/String;)Ljava/lang/String;", "sink_values": ["jquery-1.9.1.min.js"], "sources": ["UUID"], "returned_value": null}, {"smali_tag": "441_371", "clss": "Lcom/ironsource/sdk/utils/SDKUtils;", "method": "encodeString(Ljava/lang/String;)Ljava/lang/String;", "num": 371, "sink_class": "Ljava/net/URLEncoder;", "sink_method": "encode(Ljava/lang/String;Ljava/lang/String;)Ljava/lang/String;", "sink_values": ["assets"], "sources": ["UUID"], "returned_value": null}, {"smali_tag": "441_371", "clss": "Lcom/ironsource/sdk/utils/SDKUtils;", "method": "encodeString(Ljava/lang/String;)Ljava/lang/String;", "num": 371, "sink_class": "Ljava/net/URLEncoder;", "sink_method": "encode(Ljava/lang/String;Ljava/lang/String;)Ljava/lang/String;", "sink_values": ["chunk-vendors.js"], "sources": ["UUID"], "returned_value": null}, {"smali_tag": "441_371", "clss": "Lcom/ironsource/sdk/utils/SDKUtils;", "method": "encodeString(Ljava/lang/String;)Ljava/lang/String;", "num": 371, "sink_class": "Ljava/net/URLEncoder;", "sink_method": "encode(Ljava/lang/String;Ljava/lang/String;)Ljava/lang/String;", "sink_values": ["ad-player"], "sources": ["UUID"], "returned_value": null}, {"smali_tag": "441_371", "clss": "Lcom/ironsource/sdk/utils/SDKUtils;", "method": "encodeString(Ljava/lang/String;)Ljava/lang/String;", "num": 371, "sink_class": "Ljava/net/URLEncoder;", "sink_method": "encode(Ljava/lang/String;Ljava/lang/String;)Ljava/lang/String;", "sink_values": ["app.js"], "sources": ["UUID"], "returned_value": null}, {"smali_tag": "441_371", "clss": "Lcom/ironsource/sdk/utils/SDKUtils;", "method": "encodeString(Ljava/lang/String;)Ljava/lang/String;", "num": 371, "sink_class": "Ljava/net/URLEncoder;", "sink_method": "encode(Ljava/lang/String;Ljava/lang/String;)Ljava/lang/String;", "sink_values": ["ad-player"], "sources": ["UUID"], "returned_value": null}, {"smali_tag": "441_371", "clss": "Lcom/ironsource/sdk/utils/SDKUtils;", "method": "encodeString(Ljava/lang/String;)Ljava/lang/String;", "num": 371, "sink_class": "Ljava/net/URLEncoder;", "sink_method": "encode(Ljava/lang/String;Ljava/lang/String;)Ljava/lang/String;", "sink_values": ["{\"controllerVersion\":\"3.1.256\"}"], "sources": ["UUID"], "returned_value": null}, {"smali_tag": "441_371", "clss": "Lcom/ironsource/sdk/utils/SDKUtils;", "method": "encodeString(Ljava/lang/String;)Ljava/lang/String;", "num": 371, "sink_class": "Ljava/net/URLEncoder;", "sink_method": "encode(Ljava/lang/String;Ljava/lang/String;)Ljava/lang/String;", "sink_values": ["sdk_controller.min.gz.js"], "sources": ["UUID"], "returned_value": null}, {"smali_tag": "441_371", "clss": "Lcom/ironsource/sdk/utils/SDKUtils;", "method": "encodeString(Ljava/lang/String;)Ljava/lang/String;", "num": 371, "sink_class": "Ljava/net/URLEncoder;", "sink_method": "encode(Ljava/lang/String;Ljava/lang/String;)Ljava/lang/String;", "sink_values": ["controller_3.1.256"], "sources": ["UUID"], "returned_value": null}, {"smali_tag": "441_371", "clss": "Lcom/ironsource/sdk/utils/SDKUtils;", "method": "encodeString(Ljava/lang/String;)Ljava/lang/String;", "num": 371, "sink_class": "Ljava/net/URLEncoder;", "sink_method": "encode(Ljava/lang/String;Ljava/lang/String;)Ljava/lang/String;", "sink_values": ["demoUserAdobe"], "sources": ["UUID"], "returned_value": null}, {"smali_tag": "441_371", "clss": "Lcom/ironsource/sdk/utils/SDKUtils;", "method": "encodeString(Ljava/lang/String;)Ljava/lang/String;", "num": 371, "sink_class": "Ljava/net/URLEncoder;", "sink_method": "encode(Ljava/lang/String;Ljava/lang/String;)Ljava/lang/String;", "sink_values": ["515de885"], "sources": ["UUID"], "returned_value": null}, {"smali_tag": "441_371", "clss": "Lcom/ironsource/sdk/utils/SDKUtils;", "method": "encodeString(Ljava/lang/String;)Ljava/lang/String;", "num": 371, "sink_class": "Ljava/net/URLEncoder;", "sink_method": "encode(Ljava/lang/String;Ljava/lang/String;)Ljava/lang/String;", "sink_values": ["{\"networkCapabilities\":\"[ Transports: WIFI Capabilities: NOT_METERED&INTERNET&NOT_RESTRICTED&TRUSTED&NOT_VPN&VALIDATED&NOT_ROAMING&FOREGROUND&NOT_CONGESTED&NOT_SUSPENDED&NOT_VCN_MANAGED LinkUpBandwidth>=12000Kbps LinkDnBandwidth>=17328Kbps TransportInfo: <SSID: <unknown ssid>, BSSID: 02:00:00:00:00:00, MAC: 02:00:00:00:00:00, Security type: 3, Supplicant state: COMPLETED, Wi-Fi standard: 6, RSSI: -54, Link speed: 412Mbps, Tx Link speed: 412Mbps, Max Supported Tx Link speed: 573Mbps, Rx Link speed: 412Mbps, Max Supported Rx Link speed: 573Mbps, Frequency: 5520MHz, Net ID: -1, Metered hint: false, score: 60, CarrierMerged: false, SubscriptionId: -1, IsPrimary: -1> SignalStrength: -54]\",\"downloadSpeed\":17328,\"uploadSpeed\":12000,\"hasVPN\":false,\"connectionType\":\"wifi\"}"], "sources": ["MACAddress"], "returned_value": null}, {"smali_tag": "441_371", "clss": "Lcom/ironsource/sdk/utils/SDKUtils;", "method": "encodeString(Ljava/lang/String;)Ljava/lang/String;", "num": 371, "sink_class": "Ljava/net/URLEncoder;", "sink_method": "encode(Ljava/lang/String;Ljava/lang/String;)Ljava/lang/String;", "sink_values": ["{\"networkCapabilities\":\"[ Transports: WIFI Capabilities: NOT_METERED&INTERNET&NOT_RESTRICTED&TRUSTED&NOT_VPN&VALIDATED&NOT_ROAMING&FOREGROUND&NOT_CONGESTED&NOT_SUSPENDED&NOT_VCN_MANAGED LinkUpBandwidth>=12000Kbps LinkDnBandwidth>=17328Kbps TransportInfo: <SSID: <unknown ssid>, BSSID: 02:00:00:00:00:00, MAC: 02:00:00:00:00:00, Security type: 3, Supplicant state: COMPLETED, Wi-Fi standard: 6, RSSI: -54, Link speed: 412Mbps, Tx Link speed: 412Mbps, Max Supported Tx Link speed: 573Mbps, Rx Link speed: 412Mbps, Max Supported Rx Link speed: 573Mbps, Frequency: 5520MHz, Net ID: -1, Metered hint: false, score: 60, CarrierMerged: false, SubscriptionId: -1, IsPrimary: -1> SignalStrength: -54]\",\"downloadSpeed\":17328,\"uploadSpeed\":12000,\"hasVPN\":false,\"connectionType\":\"wifi\"}"], "sources": ["MACAddress"], "returned_value": null}, {"smali_tag": "358_122", "clss": "Lcom/ironsource/eventsmodule/EventsSender;", "method": "doInBackground([Ljava/lang/Object;)Ljava/lang/Boolean;", "num": 122, "sink_class": "Ljava/net/URL;", "sink_method": "<init>(Ljava/lang/String;)V", "sink_values": ["https"], "sources": ["UUID"], "returned_value": null}, {"smali_tag": "441_371", "clss": "Lcom/ironsource/sdk/utils/SDKUtils;", "method": "encodeString(Ljava/lang/String;)Ljava/lang/String;", "num": 371, "sink_class": "Ljava/net/URLEncoder;", "sink_method": "encode(Ljava/lang/String;Ljava/lang/String;)Ljava/lang/String;", "sink_values": ["OfferWall"], "sources": ["UUID"], "returned_value": null}, {"smali_tag": "441_371", "clss": "Lcom/ironsource/sdk/utils/SDKUtils;", "method": "encodeString(Ljava/lang/String;)Ljava/lang/String;", "num": 371, "sink_class": "Ljava/net/URLEncoder;", "sink_method": "encode(Ljava/lang/String;Ljava/lang/String;)Ljava/lang/String;", "sink_values": ["{\"networkCapabilities\":\"[ Transports: WIFI Capabilities: NOT_METERED&INTERNET&NOT_RESTRICTED&TRUSTED&NOT_VPN&VALIDATED&NOT_ROAMING&FOREGROUND&NOT_CONGESTED&NOT_SUSPENDED&NOT_VCN_MANAGED LinkUpBandwidth>=12000Kbps LinkDnBandwidth>=17328Kbps TransportInfo: <SSID: <unknown ssid>, BSSID: 02:00:00:00:00:00, MAC: 02:00:00:00:00:00, Security type: 3, Supplicant state: COMPLETED, Wi-Fi standard: 6, RSSI: -54, Link speed: 412Mbps, Tx Link speed: 412Mbps, Max Supported Tx Link speed: 573Mbps, Rx Link speed: 412Mbps, Max Supported Rx Link speed: 573Mbps, Frequency: 5520MHz, Net ID: -1, Metered hint: false, score: 60, CarrierMerged: false, SubscriptionId: -1, IsPrimary: -1> SignalStrength: -54]\",\"downloadSpeed\":17328,\"uploadSpeed\":12000,\"hasVPN\":false,\"connectionType\":\"wifi\"}"], "sources": ["MACAddress"], "returned_value": null}, {"smali_tag": "441_371", "clss": "Lcom/ironsource/sdk/utils/SDKUtils;", "method": "encodeString(Ljava/lang/String;)Ljava/lang/String;", "num": 371, "sink_class": "Ljava/net/URLEncoder;", "sink_method": "encode(Ljava/lang/String;Ljava/lang/String;)Ljava/lang/String;", "sink_values": ["{\"networkCapabilities\":\"[ Transports: WIFI Capabilities: NOT_METERED&INTERNET&NOT_RESTRICTED&TRUSTED&NOT_VPN&VALIDATED&NOT_ROAMING&FOREGROUND&NOT_CONGESTED&NOT_SUSPENDED&NOT_VCN_MANAGED LinkUpBandwidth>=12000Kbps LinkDnBandwidth>=17328Kbps TransportInfo: <SSID: <unknown ssid>, BSSID: 02:00:00:00:00:00, MAC: 02:00:00:00:00:00, Security type: 3, Supplicant state: COMPLETED, Wi-Fi standard: 6, RSSI: -54, Link speed: 412Mbps, Tx Link speed: 412Mbps, Max Supported Tx Link speed: 573Mbps, Rx Link speed: 412Mbps, Max Supported Rx Link speed: 573Mbps, Frequency: 5520MHz, Net ID: -1, Metered hint: false, score: 60, CarrierMerged: false, SubscriptionId: -1, IsPrimary: -1> SignalStrength: -54]\",\"downloadSpeed\":17328,\"uploadSpeed\":12000,\"hasVPN\":false,\"connectionType\":\"wifi\"}"], "sources": ["MACAddress"], "returned_value": null}, {"smali_tag": "441_371", "clss": "Lcom/ironsource/sdk/utils/SDKUtils;", "method": "encodeString(Ljava/lang/String;)Ljava/lang/String;", "num": 371, "sink_class": "Ljava/net/URLEncoder;", "sink_method": "encode(Ljava/lang/String;Ljava/lang/String;)Ljava/lang/String;", "sink_values": ["{\"networkCapabilities\":\"[ Transports: WIFI Capabilities: NOT_METERED&INTERNET&NOT_RESTRICTED&TRUSTED&NOT_VPN&VALIDATED&NOT_ROAMING&FOREGROUND&NOT_CONGESTED&NOT_SUSPENDED&NOT_VCN_MANAGED LinkUpBandwidth>=12000Kbps LinkDnBandwidth>=17328Kbps TransportInfo: <SSID: <unknown ssid>, BSSID: 02:00:00:00:00:00, MAC: 02:00:00:00:00:00, Security type: 3, Supplicant state: COMPLETED, Wi-Fi standard: 6, RSSI: -54, Link speed: 412Mbps, Tx Link speed: 412Mbps, Max Supported Tx Link speed: 573Mbps, Rx Link speed: 412Mbps, Max Supported Rx Link speed: 573Mbps, Frequency: 5520MHz, Net ID: -1, Metered hint: false, score: 60, CarrierMerged: false, SubscriptionId: -1, IsPrimary: -1> SignalStrength: -54]\",\"downloadSpeed\":17328,\"uploadSpeed\":12000,\"hasVPN\":false,\"connectionType\":\"wifi\"}"], "sources": ["MACAddress"], "returned_value": null}, {"smali_tag": "441_371", "clss": "Lcom/ironsource/sdk/utils/SDKUtils;", "method": "encodeString(Ljava/lang/String;)Ljava/lang/String;", "num": 371, "sink_class": "Ljava/net/URLEncoder;", "sink_method": "encode(Ljava/lang/String;Ljava/lang/String;)Ljava/lang/String;", "sink_values": ["{\"networkCapabilities\":\"[ Transports: WIFI Capabilities: NOT_METERED&INTERNET&NOT_RESTRICTED&TRUSTED&NOT_VPN&VALIDATED&NOT_ROAMING&FOREGROUND&NOT_CONGESTED&NOT_SUSPENDED&NOT_VCN_MANAGED LinkUpBandwidth>=12000Kbps LinkDnBandwidth>=17328Kbps TransportInfo: <SSID: <unknown ssid>, BSSID: 02:00:00:00:00:00, MAC: 02:00:00:00:00:00, Security type: 3, Supplicant state: COMPLETED, Wi-Fi standard: 6, RSSI: -54, Link speed: 412Mbps, Tx Link speed: 412Mbps, Max Supported Tx Link speed: 573Mbps, Rx Link speed: 412Mbps, Max Supported Rx Link speed: 573Mbps, Frequency: 5520MHz, Net ID: -1, Metered hint: false, score: 60, CarrierMerged: false, SubscriptionId: -1, IsPrimary: -1> SignalStrength: -54]\",\"downloadSpeed\":17328,\"uploadSpeed\":12000,\"hasVPN\":false,\"connectionType\":\"wifi\"}"], "sources": ["MACAddress"], "returned_value": null}, {"smali_tag": "441_371", "clss": "Lcom/ironsource/sdk/utils/SDKUtils;", "method": "encodeString(Ljava/lang/String;)Ljava/lang/String;", "num": 371, "sink_class": "Ljava/net/URLEncoder;", "sink_method": "encode(Ljava/lang/String;Ljava/lang/String;)Ljava/lang/String;", "sink_values": ["demoUserAdobe"], "sources": ["UUID", "MACAddress"], "returned_value": null}, {"smali_tag": "441_371", "clss": "Lcom/ironsource/sdk/utils/SDKUtils;", "method": "encodeString(Ljava/lang/String;)Ljava/lang/String;", "num": 371, "sink_class": "Ljava/net/URLEncoder;", "sink_method": "encode(Ljava/lang/String;Ljava/lang/String;)Ljava/lang/String;", "sink_values": ["515de885"], "sources": ["UUID", "MACAddress"], "returned_value": null}, {"smali_tag": "441_371", "clss": "Lcom/ironsource/sdk/utils/SDKUtils;", "method": "encodeString(Ljava/lang/String;)Ljava/lang/String;", "num": 371, "sink_class": "Ljava/net/URLEncoder;", "sink_method": "encode(Ljava/lang/String;Ljava/lang/String;)Ljava/lang/String;", "sink_values": ["air.AdobeDemoApp"], "sources": ["UUID"], "returned_value": null}, {"smali_tag": "441_371", "clss": "Lcom/ironsource/sdk/utils/SDKUtils;", "method": "encodeString(Ljava/lang/String;)Ljava/lang/String;", "num": 371, "sink_class": "Ljava/net/URLEncoder;", "sink_method": "encode(Ljava/lang/String;Ljava/lang/String;)Ljava/lang/String;", "sink_values": ["demoUserAdobe"], "sources": ["UUID", "MACAddress"], "returned_value": null}, {"smali_tag": "441_371", "clss": "Lcom/ironsource/sdk/utils/SDKUtils;", "method": "encodeString(Ljava/lang/String;)Ljava/lang/String;", "num": 371, "sink_class": "Ljava/net/URLEncoder;", "sink_method": "encode(Ljava/lang/String;Ljava/lang/String;)Ljava/lang/String;", "sink_values": ["515de885"], "sources": ["UUID", "MACAddress"], "returned_value": null}, {"smali_tag": "441_371", "clss": "Lcom/ironsource/sdk/utils/SDKUtils;", "method": "encodeString(Ljava/lang/String;)Ljava/lang/String;", "num": 371, "sink_class": "Ljava/net/URLEncoder;", "sink_method": "encode(Ljava/lang/String;Ljava/lang/String;)Ljava/lang/String;", "sink_values": ["air.AdobeDemoApp"], "sources": ["UUID"], "returned_value": null}, {"smali_tag": "441_371", "clss": "Lcom/ironsource/sdk/utils/SDKUtils;", "method": "encodeString(Ljava/lang/String;)Ljava/lang/String;", "num": 371, "sink_class": "Ljava/net/URLEncoder;", "sink_method": "encode(Ljava/lang/String;Ljava/lang/String;)Ljava/lang/String;", "sink_values": ["air.AdobeDemoApp"], "sources": ["UUID"], "returned_value": null}]