project.emulator.get_num_leaks() = 2
Sources
[{'clss': 'Lcom/google/android/gms/internal/ads/zzbzm;',
  'method': 'zzy(Landroid/content/Context;)Ljava/lang/String;',
  'name': ['AndroidID'],
  'num': 1557,
  'source_class': 'Landroid/provider/Settings$Secure;',
  'source_method': 'getString(Landroid/content/ContentResolver;Ljava/lang/String;)Ljava/lang/String;'},
 {'clss': 'Lcom/google/android/gms/internal/ads/zzbzm;',
  'method': 'zzy(Landroid/content/Context;)Ljava/lang/String;',
  'name': ['AndroidID'],
  'num': 1557,
  'source_class': 'Landroid/provider/Settings$Secure;',
  'source_method': 'getString(Landroid/content/ContentResolver;Ljava/lang/String;)Ljava/lang/String;'},
 {'clss': 'Lcom/google/android/gms/internal/ads/zzduu;',
  'method': 'zzb()Ljava/lang/Object;',
  'name': ['UUID'],
  'num': 40,
  'source_class': 'Ljava/util/UUID;',
  'source_method': 'toString()Ljava/lang/String;'},
 {'clss': 'Lcom/google/android/gms/internal/ads/zzflx;', 'method': '<clinit>()V', 'name': ['UUID'], 'num': 34, 'source_class': 'Ljava/util/UUID;', 'source_method': 'toString()Ljava/lang/String;'},
 {'clss': 'Lcom/google/android/gms/internal/ads/zzbnc;',
  'method': 'zzd(Lcom/google/android/gms/internal/ads/zzbnc;Lcom/google/android/gms/internal/ads/zzbme;Lcom/google/android/gms/internal/ads/zzbml;Ljava/lang/Object;Lcom/google/android/gms/internal/ads/zzcal;)V',
  'name': ['UUID'],
  'num': 60,
  'source_class': 'Ljava/util/UUID;',
  'source_method': 'toString()Ljava/lang/String;'},
 {'clss': 'Lcom/google/android/gms/internal/ads/zzblc;',
  'method': 'zzd(Lcom/google/android/gms/internal/ads/zzbld;Ljava/lang/String;Lorg/json/JSONObject;)V',
  'name': ['UUID'],
  'num': 128,
  'source_class': 'Lorg/json/JSONObject;',
  'source_method': 'toString()Ljava/lang/String;'},
 {'clss': 'Lcom/google/android/gms/internal/ads/zzblc;',
  'method': 'zzc(Lcom/google/android/gms/internal/ads/zzbld;Ljava/lang/String;Ljava/lang/String;)V',
  'name': ['UUID'],
  'num': 114,
  'source_class': 'Ljava/lang/StringBuilder;',
  'source_method': 'toString()Ljava/lang/String;'},
 {'clss': 'Lcom/google/android/gms/internal/ads/zzcfz;', 'method': 'run()V', 'name': ['UUID'], 'num': 34, 'source_class': None, 'source_method': None},
 {'clss': 'Lcom/google/android/gms/internal/ads/zzcfi;',
  'method': 'zzj(Landroid/net/Uri;)V',
  'name': ['UUID'],
  'num': 2927,
  'source_class': 'Landroid/net/Uri;',
  'source_method': 'getEncodedQuery()Ljava/lang/String;'},
 {'clss': 'Lcom/google/android/gms/ads/internal/util/zzs;',
  'method': 'zzL(Landroid/net/Uri;)Ljava/util/Map;',
  'name': ['UUID'],
  'num': 1011,
  'source_class': 'Landroid/net/Uri;',
  'source_method': 'getQueryParameter(Ljava/lang/String;)Ljava/lang/String;'},
 {'clss': 'Lcom/google/android/gms/ads/internal/util/zzs;',
  'method': 'zzL(Landroid/net/Uri;)Ljava/util/Map;',
  'name': ['UUID'],
  'num': 1011,
  'source_class': 'Landroid/net/Uri;',
  'source_method': 'getQueryParameter(Ljava/lang/String;)Ljava/lang/String;'},
 {'clss': 'Lcom/google/android/gms/internal/ads/zzbiw;',
  'method': 'zza(Ljava/lang/Object;Ljava/util/Map;)V',
  'name': ['UUID'],
  'num': 49,
  'source_class': 'Ljava/util/Map;',
  'source_method': 'get(Ljava/lang/Object;)Ljava/lang/Object;'},
 {'clss': 'Lcom/google/android/gms/internal/ads/zzcod;',
  'method': 'zzb()Ljava/lang/Object;',
  'name': ['UUID'],
  'num': 83,
  'source_class': 'Ljava/util/UUID;',
  'source_method': 'toString()Ljava/lang/String;'},
 {'clss': 'Lcom/google/android/gms/internal/ads/zzbnk;',
  'method': 'zzc(Ljava/lang/Object;Lcom/google/android/gms/internal/ads/zzbml;)Lcom/google/android/gms/internal/ads/zzfwb;',
  'name': ['UUID'],
  'num': 96,
  'source_class': 'Ljava/util/UUID;',
  'source_method': 'toString()Ljava/lang/String;'},
 {'clss': 'Lcom/google/android/gms/internal/ads/zzblc;',
  'method': 'zzd(Lcom/google/android/gms/internal/ads/zzbld;Ljava/lang/String;Lorg/json/JSONObject;)V',
  'name': ['UUID'],
  'num': 128,
  'source_class': 'Lorg/json/JSONObject;',
  'source_method': 'toString()Ljava/lang/String;'},
 {'clss': 'Lcom/google/android/gms/internal/ads/zzblc;',
  'method': 'zzc(Lcom/google/android/gms/internal/ads/zzbld;Ljava/lang/String;Ljava/lang/String;)V',
  'name': ['UUID'],
  'num': 114,
  'source_class': 'Ljava/lang/StringBuilder;',
  'source_method': 'toString()Ljava/lang/String;'},
 {'clss': 'Lcom/google/android/gms/internal/ads/zzcfq;',
  'method': 'zzl(Ljava/lang/String;Lorg/json/JSONObject;)V',
  'name': ['UUID'],
  'num': 1452,
  'source_class': 'Lorg/json/JSONObject;',
  'source_method': 'toString()Ljava/lang/String;'},
 {'clss': 'Lcom/google/android/gms/internal/ads/zzcfu;',
  'method': 'zzb(Ljava/lang/String;Ljava/lang/String;)V',
  'name': ['UUID'],
  'num': 4635,
  'source_class': 'Ljava/lang/StringBuilder;',
  'source_method': 'toString()Ljava/lang/String;'},
 {'clss': 'Lcom/google/android/gms/internal/ads/zzbnk;',
  'method': 'zzc(Ljava/lang/Object;Lcom/google/android/gms/internal/ads/zzbml;)Lcom/google/android/gms/internal/ads/zzfwb;',
  'name': ['UUID'],
  'num': 96,
  'source_class': 'Ljava/util/UUID;',
  'source_method': 'toString()Ljava/lang/String;'},
 {'clss': 'Lcom/google/android/gms/internal/ads/zzblc;',
  'method': 'zzd(Lcom/google/android/gms/internal/ads/zzbld;Ljava/lang/String;Lorg/json/JSONObject;)V',
  'name': ['UUID'],
  'num': 128,
  'source_class': 'Lorg/json/JSONObject;',
  'source_method': 'toString()Ljava/lang/String;'},
 {'clss': 'Lcom/google/android/gms/internal/ads/zzblc;',
  'method': 'zzc(Lcom/google/android/gms/internal/ads/zzbld;Ljava/lang/String;Ljava/lang/String;)V',
  'name': ['UUID'],
  'num': 114,
  'source_class': 'Ljava/lang/StringBuilder;',
  'source_method': 'toString()Ljava/lang/String;'},
 {'clss': 'Lcom/google/android/gms/internal/ads/zzbnk;',
  'method': 'zzc(Ljava/lang/Object;Lcom/google/android/gms/internal/ads/zzbml;)Lcom/google/android/gms/internal/ads/zzfwb;',
  'name': ['UUID'],
  'num': 96,
  'source_class': 'Ljava/util/UUID;',
  'source_method': 'toString()Ljava/lang/String;'},
 {'clss': 'Lcom/google/android/gms/internal/ads/zzblc;',
  'method': 'zzd(Lcom/google/android/gms/internal/ads/zzbld;Ljava/lang/String;Lorg/json/JSONObject;)V',
  'name': ['UUID'],
  'num': 128,
  'source_class': 'Lorg/json/JSONObject;',
  'source_method': 'toString()Ljava/lang/String;'},
 {'clss': 'Lcom/google/android/gms/internal/ads/zzblc;',
  'method': 'zzc(Lcom/google/android/gms/internal/ads/zzbld;Ljava/lang/String;Ljava/lang/String;)V',
  'name': ['UUID'],
  'num': 114,
  'source_class': 'Ljava/lang/StringBuilder;',
  'source_method': 'toString()Ljava/lang/String;'},
 {'clss': 'Lcom/google/android/gms/internal/ads/zzcfz;', 'method': 'run()V', 'name': ['UUID'], 'num': 34, 'source_class': None, 'source_method': None},
 {'clss': 'Lcom/google/android/gms/internal/ads/zzcfi;',
  'method': 'zzj(Landroid/net/Uri;)V',
  'name': ['UUID'],
  'num': 3032,
  'source_class': 'Ljava/lang/String;',
  'source_method': 'valueOf(Ljava/lang/Object;)Ljava/lang/String;'},
 {'clss': 'Lcom/google/android/gms/internal/ads/zzcfi;',
  'method': 'zzj(Landroid/net/Uri;)V',
  'name': ['UUID'],
  'num': 3042,
  'source_class': 'Ljava/lang/String;',
  'source_method': 'concat(Ljava/lang/String;)Ljava/lang/String;'},
 {'clss': 'Lcom/google/android/gms/internal/ads/zzcfz;', 'method': 'run()V', 'name': ['UUID'], 'num': 34, 'source_class': None, 'source_method': None},
 {'clss': 'Lcom/google/android/gms/internal/ads/zzcfi;',
  'method': 'zzj(Landroid/net/Uri;)V',
  'name': ['UUID'],
  'num': 3032,
  'source_class': 'Ljava/lang/String;',
  'source_method': 'valueOf(Ljava/lang/Object;)Ljava/lang/String;'},
 {'clss': 'Lcom/google/android/gms/internal/ads/zzcfi;',
  'method': 'zzj(Landroid/net/Uri;)V',
  'name': ['UUID'],
  'num': 3042,
  'source_class': 'Ljava/lang/String;',
  'source_method': 'concat(Ljava/lang/String;)Ljava/lang/String;'},
 {'clss': 'Lcom/google/android/gms/internal/ads/zzcfz;', 'method': 'run()V', 'name': ['UUID'], 'num': 34, 'source_class': None, 'source_method': None},
 {'clss': 'Lcom/google/android/gms/internal/ads/zzcfi;',
  'method': 'zzj(Landroid/net/Uri;)V',
  'name': ['UUID'],
  'num': 2927,
  'source_class': 'Landroid/net/Uri;',
  'source_method': 'getEncodedQuery()Ljava/lang/String;'},
 {'clss': 'Lcom/google/android/gms/ads/internal/util/zzs;',
  'method': 'zzL(Landroid/net/Uri;)Ljava/util/Map;',
  'name': ['UUID'],
  'num': 1011,
  'source_class': 'Landroid/net/Uri;',
  'source_method': 'getQueryParameter(Ljava/lang/String;)Ljava/lang/String;'},
 {'clss': 'Lcom/google/android/gms/ads/internal/util/zzs;',
  'method': 'zzL(Landroid/net/Uri;)Ljava/util/Map;',
  'name': ['UUID'],
  'num': 1011,
  'source_class': 'Landroid/net/Uri;',
  'source_method': 'getQueryParameter(Ljava/lang/String;)Ljava/lang/String;'},
 {'clss': 'Lcom/google/android/gms/internal/ads/zzbiw;',
  'method': 'zza(Ljava/lang/Object;Ljava/util/Map;)V',
  'name': ['UUID'],
  'num': 49,
  'source_class': 'Ljava/util/Map;',
  'source_method': 'get(Ljava/lang/Object;)Ljava/lang/Object;'},
 {'clss': 'Lcom/google/android/gms/internal/ads/zzcfq;',
  'method': 'zzl(Ljava/lang/String;Lorg/json/JSONObject;)V',
  'name': ['UUID'],
  'num': 1452,
  'source_class': 'Lorg/json/JSONObject;',
  'source_method': 'toString()Ljava/lang/String;'},
 {'clss': 'Lcom/google/android/gms/internal/ads/zzcfu;',
  'method': 'zzb(Ljava/lang/String;Ljava/lang/String;)V',
  'name': ['UUID'],
  'num': 4635,
  'source_class': 'Ljava/lang/StringBuilder;',
  'source_method': 'toString()Ljava/lang/String;'},
 {'clss': 'Lcom/google/android/gms/internal/ads/zzcfq;',
  'method': 'zzl(Ljava/lang/String;Lorg/json/JSONObject;)V',
  'name': ['UUID'],
  'num': 1452,
  'source_class': 'Lorg/json/JSONObject;',
  'source_method': 'toString()Ljava/lang/String;'},
 {'clss': 'Lcom/google/android/gms/internal/ads/zzcfu;',
  'method': 'zzb(Ljava/lang/String;Ljava/lang/String;)V',
  'name': ['UUID'],
  'num': 4635,
  'source_class': 'Ljava/lang/StringBuilder;',
  'source_method': 'toString()Ljava/lang/String;'},
 {'clss': 'Lcom/google/android/gms/internal/ads/zzcfz;', 'method': 'run()V', 'name': ['UUID'], 'num': 34, 'source_class': None, 'source_method': None},
 {'clss': 'Lcom/google/android/gms/internal/ads/zzcfi;',
  'method': 'zzj(Landroid/net/Uri;)V',
  'name': ['UUID'],
  'num': 2927,
  'source_class': 'Landroid/net/Uri;',
  'source_method': 'getEncodedQuery()Ljava/lang/String;'},
 {'clss': 'Lcom/google/android/gms/ads/internal/util/zzs;',
  'method': 'zzL(Landroid/net/Uri;)Ljava/util/Map;',
  'name': ['UUID'],
  'num': 1011,
  'source_class': 'Landroid/net/Uri;',
  'source_method': 'getQueryParameter(Ljava/lang/String;)Ljava/lang/String;'},
 {'clss': 'Lcom/google/android/gms/ads/internal/util/zzs;',
  'method': 'zzL(Landroid/net/Uri;)Ljava/util/Map;',
  'name': ['UUID'],
  'num': 1011,
  'source_class': 'Landroid/net/Uri;',
  'source_method': 'getQueryParameter(Ljava/lang/String;)Ljava/lang/String;'},
 {'clss': 'Lcom/google/android/gms/internal/ads/zzbiw;',
  'method': 'zza(Ljava/lang/Object;Ljava/util/Map;)V',
  'name': ['UUID'],
  'num': 49,
  'source_class': 'Ljava/util/Map;',
  'source_method': 'get(Ljava/lang/Object;)Ljava/lang/Object;'},
 {'clss': 'Lcom/google/android/gms/internal/ads/zzcfz;', 'method': 'run()V', 'name': ['UUID'], 'num': 34, 'source_class': None, 'source_method': None},
 {'clss': 'Lcom/google/android/gms/internal/ads/zzcfi;',
  'method': 'zzj(Landroid/net/Uri;)V',
  'name': ['UUID'],
  'num': 3032,
  'source_class': 'Ljava/lang/String;',
  'source_method': 'valueOf(Ljava/lang/Object;)Ljava/lang/String;'},
 {'clss': 'Lcom/google/android/gms/internal/ads/zzcfi;',
  'method': 'zzj(Landroid/net/Uri;)V',
  'name': ['UUID'],
  'num': 3042,
  'source_class': 'Ljava/lang/String;',
  'source_method': 'concat(Ljava/lang/String;)Ljava/lang/String;'},
 {'clss': 'Lcom/google/android/gms/internal/ads/zzcfz;', 'method': 'run()V', 'name': ['UUID'], 'num': 34, 'source_class': None, 'source_method': None},
 {'clss': 'Lcom/google/android/gms/internal/ads/zzcfi;',
  'method': 'zzj(Landroid/net/Uri;)V',
  'name': ['UUID'],
  'num': 2927,
  'source_class': 'Landroid/net/Uri;',
  'source_method': 'getEncodedQuery()Ljava/lang/String;'},
 {'clss': 'Lcom/google/android/gms/ads/internal/util/zzs;',
  'method': 'zzL(Landroid/net/Uri;)Ljava/util/Map;',
  'name': ['UUID'],
  'num': 1011,
  'source_class': 'Landroid/net/Uri;',
  'source_method': 'getQueryParameter(Ljava/lang/String;)Ljava/lang/String;'},
 {'clss': 'Lcom/google/android/gms/ads/internal/util/zzs;',
  'method': 'zzL(Landroid/net/Uri;)Ljava/util/Map;',
  'name': ['UUID'],
  'num': 1011,
  'source_class': 'Landroid/net/Uri;',
  'source_method': 'getQueryParameter(Ljava/lang/String;)Ljava/lang/String;'},
 {'clss': 'Lcom/google/android/gms/internal/ads/zzbiw;',
  'method': 'zza(Ljava/lang/Object;Ljava/util/Map;)V',
  'name': ['UUID'],
  'num': 49,
  'source_class': 'Ljava/util/Map;',
  'source_method': 'get(Ljava/lang/Object;)Ljava/lang/Object;'},
 {'clss': 'Lcom/google/android/gms/internal/ads/zzbnk;',
  'method': 'zzc(Ljava/lang/Object;Lcom/google/android/gms/internal/ads/zzbml;)Lcom/google/android/gms/internal/ads/zzfwb;',
  'name': ['UUID'],
  'num': 96,
  'source_class': 'Ljava/util/UUID;',
  'source_method': 'toString()Ljava/lang/String;'},
 {'clss': 'Lcom/google/android/gms/internal/ads/zzblc;',
  'method': 'zzd(Lcom/google/android/gms/internal/ads/zzbld;Ljava/lang/String;Lorg/json/JSONObject;)V',
  'name': ['UUID'],
  'num': 128,
  'source_class': 'Lorg/json/JSONObject;',
  'source_method': 'toString()Ljava/lang/String;'},
 {'clss': 'Lcom/google/android/gms/internal/ads/zzblc;',
  'method': 'zzc(Lcom/google/android/gms/internal/ads/zzbld;Ljava/lang/String;Ljava/lang/String;)V',
  'name': ['UUID'],
  'num': 114,
  'source_class': 'Ljava/lang/StringBuilder;',
  'source_method': 'toString()Ljava/lang/String;'},
 {'clss': 'Lcom/google/android/gms/internal/ads/zzcfq;',
  'method': 'zzl(Ljava/lang/String;Lorg/json/JSONObject;)V',
  'name': ['UUID'],
  'num': 1452,
  'source_class': 'Lorg/json/JSONObject;',
  'source_method': 'toString()Ljava/lang/String;'},
 {'clss': 'Lcom/google/android/gms/internal/ads/zzcfu;',
  'method': 'zzb(Ljava/lang/String;Ljava/lang/String;)V',
  'name': ['UUID'],
  'num': 4635,
  'source_class': 'Ljava/lang/StringBuilder;',
  'source_method': 'toString()Ljava/lang/String;'},
 {'clss': 'Lcom/google/android/gms/internal/ads/zzcfz;', 'method': 'run()V', 'name': ['UUID'], 'num': 34, 'source_class': None, 'source_method': None},
 {'clss': 'Lcom/google/android/gms/internal/ads/zzcfi;',
  'method': 'zzj(Landroid/net/Uri;)V',
  'name': ['UUID'],
  'num': 2927,
  'source_class': 'Landroid/net/Uri;',
  'source_method': 'getEncodedQuery()Ljava/lang/String;'},
 {'clss': 'Lcom/google/android/gms/ads/internal/util/zzs;',
  'method': 'zzL(Landroid/net/Uri;)Ljava/util/Map;',
  'name': ['UUID'],
  'num': 1011,
  'source_class': 'Landroid/net/Uri;',
  'source_method': 'getQueryParameter(Ljava/lang/String;)Ljava/lang/String;'},
 {'clss': 'Lcom/google/android/gms/internal/ads/zzcnu;',
  'method': 'zzg(Lcom/google/android/gms/internal/ads/zzcnu;Ljava/util/Map;)Z',
  'name': ['UUID'],
  'num': 73,
  'source_class': 'Ljava/util/Map;',
  'source_method': 'get(Ljava/lang/Object;)Ljava/lang/Object;'},
 {'clss': 'Lcom/google/android/gms/internal/ads/zzcfz;', 'method': 'run()V', 'name': ['UUID'], 'num': 34, 'source_class': None, 'source_method': None},
 {'clss': 'Lcom/google/android/gms/internal/ads/zzcfi;',
  'method': 'zzj(Landroid/net/Uri;)V',
  'name': ['UUID'],
  'num': 2927,
  'source_class': 'Landroid/net/Uri;',
  'source_method': 'getEncodedQuery()Ljava/lang/String;'},
 {'clss': 'Lcom/google/android/gms/ads/internal/util/zzs;',
  'method': 'zzL(Landroid/net/Uri;)Ljava/util/Map;',
  'name': ['UUID'],
  'num': 1011,
  'source_class': 'Landroid/net/Uri;',
  'source_method': 'getQueryParameter(Ljava/lang/String;)Ljava/lang/String;'},
 {'clss': 'Lcom/google/android/gms/ads/internal/util/zzs;',
  'method': 'zzL(Landroid/net/Uri;)Ljava/util/Map;',
  'name': ['UUID'],
  'num': 1011,
  'source_class': 'Landroid/net/Uri;',
  'source_method': 'getQueryParameter(Ljava/lang/String;)Ljava/lang/String;'},
 {'clss': 'Lcom/google/android/gms/internal/ads/zzbiw;',
  'method': 'zza(Ljava/lang/Object;Ljava/util/Map;)V',
  'name': ['UUID'],
  'num': 49,
  'source_class': 'Ljava/util/Map;',
  'source_method': 'get(Ljava/lang/Object;)Ljava/lang/Object;'},
 {'clss': 'Lcom/google/android/gms/internal/ads/zzbnk;',
  'method': 'zzc(Ljava/lang/Object;Lcom/google/android/gms/internal/ads/zzbml;)Lcom/google/android/gms/internal/ads/zzfwb;',
  'name': ['UUID'],
  'num': 96,
  'source_class': 'Ljava/util/UUID;',
  'source_method': 'toString()Ljava/lang/String;'},
 {'clss': 'Lcom/google/android/gms/internal/ads/zzblc;',
  'method': 'zzd(Lcom/google/android/gms/internal/ads/zzbld;Ljava/lang/String;Lorg/json/JSONObject;)V',
  'name': ['UUID'],
  'num': 128,
  'source_class': 'Lorg/json/JSONObject;',
  'source_method': 'toString()Ljava/lang/String;'},
 {'clss': 'Lcom/google/android/gms/internal/ads/zzblc;',
  'method': 'zzc(Lcom/google/android/gms/internal/ads/zzbld;Ljava/lang/String;Ljava/lang/String;)V',
  'name': ['UUID'],
  'num': 114,
  'source_class': 'Ljava/lang/StringBuilder;',
  'source_method': 'toString()Ljava/lang/String;'},
 {'clss': 'Lcom/google/android/gms/internal/ads/zzcfq;',
  'method': 'zzl(Ljava/lang/String;Lorg/json/JSONObject;)V',
  'name': ['UUID'],
  'num': 1452,
  'source_class': 'Lorg/json/JSONObject;',
  'source_method': 'toString()Ljava/lang/String;'},
 {'clss': 'Lcom/google/android/gms/internal/ads/zzcfu;',
  'method': 'zzb(Ljava/lang/String;Ljava/lang/String;)V',
  'name': ['UUID'],
  'num': 4635,
  'source_class': 'Ljava/lang/StringBuilder;',
  'source_method': 'toString()Ljava/lang/String;'},
 {'clss': 'Lcom/google/android/gms/internal/ads/zzcfz;', 'method': 'run()V', 'name': ['UUID'], 'num': 34, 'source_class': None, 'source_method': None},
 {'clss': 'Lcom/google/android/gms/internal/ads/zzcfi;',
  'method': 'zzj(Landroid/net/Uri;)V',
  'name': ['UUID'],
  'num': 3032,
  'source_class': 'Ljava/lang/String;',
  'source_method': 'valueOf(Ljava/lang/Object;)Ljava/lang/String;'},
 {'clss': 'Lcom/google/android/gms/internal/ads/zzcfi;',
  'method': 'zzj(Landroid/net/Uri;)V',
  'name': ['UUID'],
  'num': 3042,
  'source_class': 'Ljava/lang/String;',
  'source_method': 'concat(Ljava/lang/String;)Ljava/lang/String;'},
 {'clss': 'Lcom/google/android/gms/internal/ads/zzcfz;', 'method': 'run()V', 'name': ['UUID'], 'num': 34, 'source_class': None, 'source_method': None},
 {'clss': 'Lcom/google/android/gms/internal/ads/zzcfi;',
  'method': 'zzj(Landroid/net/Uri;)V',
  'name': ['UUID'],
  'num': 2927,
  'source_class': 'Landroid/net/Uri;',
  'source_method': 'getEncodedQuery()Ljava/lang/String;'},
 {'clss': 'Lcom/google/android/gms/ads/internal/util/zzs;',
  'method': 'zzL(Landroid/net/Uri;)Ljava/util/Map;',
  'name': ['UUID'],
  'num': 1011,
  'source_class': 'Landroid/net/Uri;',
  'source_method': 'getQueryParameter(Ljava/lang/String;)Ljava/lang/String;'},
 {'clss': 'Lcom/google/android/gms/ads/internal/util/zzs;',
  'method': 'zzL(Landroid/net/Uri;)Ljava/util/Map;',
  'name': ['UUID'],
  'num': 1011,
  'source_class': 'Landroid/net/Uri;',
  'source_method': 'getQueryParameter(Ljava/lang/String;)Ljava/lang/String;'},
 {'clss': 'Lcom/google/android/gms/internal/ads/zzbiw;',
  'method': 'zza(Ljava/lang/Object;Ljava/util/Map;)V',
  'name': ['UUID'],
  'num': 49,
  'source_class': 'Ljava/util/Map;',
  'source_method': 'get(Ljava/lang/Object;)Ljava/lang/Object;'},
 {'clss': 'Lcom/google/android/gms/internal/ads/zzcfz;', 'method': 'run()V', 'name': ['UUID'], 'num': 34, 'source_class': None, 'source_method': None},
 {'clss': 'Lcom/google/android/gms/internal/ads/zzcfi;',
  'method': 'zzj(Landroid/net/Uri;)V',
  'name': ['UUID'],
  'num': 2927,
  'source_class': 'Landroid/net/Uri;',
  'source_method': 'getEncodedQuery()Ljava/lang/String;'},
 {'clss': 'Lcom/google/android/gms/ads/internal/util/zzs;',
  'method': 'zzL(Landroid/net/Uri;)Ljava/util/Map;',
  'name': ['UUID'],
  'num': 1011,
  'source_class': 'Landroid/net/Uri;',
  'source_method': 'getQueryParameter(Ljava/lang/String;)Ljava/lang/String;'},
 {'clss': 'Lcom/google/android/gms/internal/ads/zzcnu;',
  'method': 'zzg(Lcom/google/android/gms/internal/ads/zzcnu;Ljava/util/Map;)Z',
  'name': ['UUID'],
  'num': 73,
  'source_class': 'Ljava/util/Map;',
  'source_method': 'get(Ljava/lang/Object;)Ljava/lang/Object;'},
 {'clss': 'Lcom/google/android/gms/internal/ads/zzcfq;',
  'method': 'zzl(Ljava/lang/String;Lorg/json/JSONObject;)V',
  'name': ['UUID'],
  'num': 1452,
  'source_class': 'Lorg/json/JSONObject;',
  'source_method': 'toString()Ljava/lang/String;'},
 {'clss': 'Lcom/google/android/gms/internal/ads/zzcfu;',
  'method': 'zzb(Ljava/lang/String;Ljava/lang/String;)V',
  'name': ['UUID'],
  'num': 4635,
  'source_class': 'Ljava/lang/StringBuilder;',
  'source_method': 'toString()Ljava/lang/String;'},
 {'clss': 'Lcom/google/android/gms/internal/ads/zzbnk;',
  'method': 'zzc(Ljava/lang/Object;Lcom/google/android/gms/internal/ads/zzbml;)Lcom/google/android/gms/internal/ads/zzfwb;',
  'name': ['UUID'],
  'num': 96,
  'source_class': 'Ljava/util/UUID;',
  'source_method': 'toString()Ljava/lang/String;'},
 {'clss': 'Lcom/google/android/gms/internal/ads/zzblc;',
  'method': 'zzd(Lcom/google/android/gms/internal/ads/zzbld;Ljava/lang/String;Lorg/json/JSONObject;)V',
  'name': ['UUID'],
  'num': 128,
  'source_class': 'Lorg/json/JSONObject;',
  'source_method': 'toString()Ljava/lang/String;'},
 {'clss': 'Lcom/google/android/gms/internal/ads/zzblc;',
  'method': 'zzc(Lcom/google/android/gms/internal/ads/zzbld;Ljava/lang/String;Ljava/lang/String;)V',
  'name': ['UUID'],
  'num': 114,
  'source_class': 'Ljava/lang/StringBuilder;',
  'source_method': 'toString()Ljava/lang/String;'},
 {'clss': 'Lcom/google/android/gms/internal/ads/zzcfz;', 'method': 'run()V', 'name': ['UUID'], 'num': 34, 'source_class': None, 'source_method': None},
 {'clss': 'Lcom/google/android/gms/internal/ads/zzcfi;',
  'method': 'zzj(Landroid/net/Uri;)V',
  'name': ['UUID'],
  'num': 2927,
  'source_class': 'Landroid/net/Uri;',
  'source_method': 'getEncodedQuery()Ljava/lang/String;'},
 {'clss': 'Lcom/google/android/gms/ads/internal/util/zzs;',
  'method': 'zzL(Landroid/net/Uri;)Ljava/util/Map;',
  'name': ['UUID'],
  'num': 1011,
  'source_class': 'Landroid/net/Uri;',
  'source_method': 'getQueryParameter(Ljava/lang/String;)Ljava/lang/String;'},
 {'clss': 'Lcom/google/android/gms/ads/internal/util/zzs;',
  'method': 'zzL(Landroid/net/Uri;)Ljava/util/Map;',
  'name': ['UUID'],
  'num': 1011,
  'source_class': 'Landroid/net/Uri;',
  'source_method': 'getQueryParameter(Ljava/lang/String;)Ljava/lang/String;'},
 {'clss': 'Lcom/google/android/gms/internal/ads/zzbiw;',
  'method': 'zza(Ljava/lang/Object;Ljava/util/Map;)V',
  'name': ['UUID'],
  'num': 49,
  'source_class': 'Ljava/util/Map;',
  'source_method': 'get(Ljava/lang/Object;)Ljava/lang/Object;'},
 {'clss': 'Lcom/google/android/gms/internal/ads/zzcfz;', 'method': 'run()V', 'name': ['UUID'], 'num': 34, 'source_class': None, 'source_method': None},
 {'clss': 'Lcom/google/android/gms/internal/ads/zzcfi;',
  'method': 'zzj(Landroid/net/Uri;)V',
  'name': ['UUID'],
  'num': 2927,
  'source_class': 'Landroid/net/Uri;',
  'source_method': 'getEncodedQuery()Ljava/lang/String;'},
 {'clss': 'Lcom/google/android/gms/ads/internal/util/zzs;',
  'method': 'zzL(Landroid/net/Uri;)Ljava/util/Map;',
  'name': ['UUID'],
  'num': 1011,
  'source_class': 'Landroid/net/Uri;',
  'source_method': 'getQueryParameter(Ljava/lang/String;)Ljava/lang/String;'},
 {'clss': 'Lcom/google/android/gms/internal/ads/zzcnu;',
  'method': 'zzg(Lcom/google/android/gms/internal/ads/zzcnu;Ljava/util/Map;)Z',
  'name': ['UUID'],
  'num': 73,
  'source_class': 'Ljava/util/Map;',
  'source_method': 'get(Ljava/lang/Object;)Ljava/lang/Object;'},
 {'clss': 'Lcom/google/android/gms/internal/ads/zzcfq;',
  'method': 'zzl(Ljava/lang/String;Lorg/json/JSONObject;)V',
  'name': ['UUID'],
  'num': 1452,
  'source_class': 'Lorg/json/JSONObject;',
  'source_method': 'toString()Ljava/lang/String;'},
 {'clss': 'Lcom/google/android/gms/internal/ads/zzcfu;',
  'method': 'zzb(Ljava/lang/String;Ljava/lang/String;)V',
  'name': ['UUID'],
  'num': 4635,
  'source_class': 'Ljava/lang/StringBuilder;',
  'source_method': 'toString()Ljava/lang/String;'},
 {'clss': 'Lcom/google/android/gms/internal/ads/zzbnk;',
  'method': 'zzc(Ljava/lang/Object;Lcom/google/android/gms/internal/ads/zzbml;)Lcom/google/android/gms/internal/ads/zzfwb;',
  'name': ['UUID'],
  'num': 96,
  'source_class': 'Ljava/util/UUID;',
  'source_method': 'toString()Ljava/lang/String;'},
 {'clss': 'Lcom/google/android/gms/internal/ads/zzblc;',
  'method': 'zzd(Lcom/google/android/gms/internal/ads/zzbld;Ljava/lang/String;Lorg/json/JSONObject;)V',
  'name': ['UUID'],
  'num': 128,
  'source_class': 'Lorg/json/JSONObject;',
  'source_method': 'toString()Ljava/lang/String;'},
 {'clss': 'Lcom/google/android/gms/internal/ads/zzblc;',
  'method': 'zzc(Lcom/google/android/gms/internal/ads/zzbld;Ljava/lang/String;Ljava/lang/String;)V',
  'name': ['UUID'],
  'num': 114,
  'source_class': 'Ljava/lang/StringBuilder;',
  'source_method': 'toString()Ljava/lang/String;'},
 {'clss': 'Lcom/google/android/gms/internal/ads/zzcfz;', 'method': 'run()V', 'name': ['UUID'], 'num': 34, 'source_class': None, 'source_method': None},
 {'clss': 'Lcom/google/android/gms/internal/ads/zzcfi;',
  'method': 'zzj(Landroid/net/Uri;)V',
  'name': ['UUID'],
  'num': 2927,
  'source_class': 'Landroid/net/Uri;',
  'source_method': 'getEncodedQuery()Ljava/lang/String;'},
 {'clss': 'Lcom/google/android/gms/ads/internal/util/zzs;',
  'method': 'zzL(Landroid/net/Uri;)Ljava/util/Map;',
  'name': ['UUID'],
  'num': 1011,
  'source_class': 'Landroid/net/Uri;',
  'source_method': 'getQueryParameter(Ljava/lang/String;)Ljava/lang/String;'},
 {'clss': 'Lcom/google/android/gms/ads/internal/util/zzs;',
  'method': 'zzL(Landroid/net/Uri;)Ljava/util/Map;',
  'name': ['UUID'],
  'num': 1011,
  'source_class': 'Landroid/net/Uri;',
  'source_method': 'getQueryParameter(Ljava/lang/String;)Ljava/lang/String;'},
 {'clss': 'Lcom/google/android/gms/internal/ads/zzbiw;',
  'method': 'zza(Ljava/lang/Object;Ljava/util/Map;)V',
  'name': ['UUID'],
  'num': 49,
  'source_class': 'Ljava/util/Map;',
  'source_method': 'get(Ljava/lang/Object;)Ljava/lang/Object;'},
 {'clss': 'Lcom/google/android/gms/internal/ads/zzcfz;', 'method': 'run()V', 'name': ['UUID'], 'num': 34, 'source_class': None, 'source_method': None},
 {'clss': 'Lcom/google/android/gms/internal/ads/zzcfi;',
  'method': 'zzj(Landroid/net/Uri;)V',
  'name': ['UUID'],
  'num': 2927,
  'source_class': 'Landroid/net/Uri;',
  'source_method': 'getEncodedQuery()Ljava/lang/String;'},
 {'clss': 'Lcom/google/android/gms/ads/internal/util/zzs;',
  'method': 'zzL(Landroid/net/Uri;)Ljava/util/Map;',
  'name': ['UUID'],
  'num': 1011,
  'source_class': 'Landroid/net/Uri;',
  'source_method': 'getQueryParameter(Ljava/lang/String;)Ljava/lang/String;'},
 {'clss': 'Lcom/google/android/gms/internal/ads/zzcnu;',
  'method': 'zzg(Lcom/google/android/gms/internal/ads/zzcnu;Ljava/util/Map;)Z',
  'name': ['UUID'],
  'num': 73,
  'source_class': 'Ljava/util/Map;',
  'source_method': 'get(Ljava/lang/Object;)Ljava/lang/Object;'},
 {'clss': 'Lcom/google/android/gms/internal/ads/zzcfq;',
  'method': 'zzl(Ljava/lang/String;Lorg/json/JSONObject;)V',
  'name': ['UUID'],
  'num': 1452,
  'source_class': 'Lorg/json/JSONObject;',
  'source_method': 'toString()Ljava/lang/String;'},
 {'clss': 'Lcom/google/android/gms/internal/ads/zzcfu;',
  'method': 'zzb(Ljava/lang/String;Ljava/lang/String;)V',
  'name': ['UUID'],
  'num': 4635,
  'source_class': 'Ljava/lang/StringBuilder;',
  'source_method': 'toString()Ljava/lang/String;'},
 {'clss': 'Lcom/google/android/gms/internal/ads/zzbnk;',
  'method': 'zzc(Ljava/lang/Object;Lcom/google/android/gms/internal/ads/zzbml;)Lcom/google/android/gms/internal/ads/zzfwb;',
  'name': ['UUID'],
  'num': 96,
  'source_class': 'Ljava/util/UUID;',
  'source_method': 'toString()Ljava/lang/String;'},
 {'clss': 'Lcom/google/android/gms/internal/ads/zzblc;',
  'method': 'zzd(Lcom/google/android/gms/internal/ads/zzbld;Ljava/lang/String;Lorg/json/JSONObject;)V',
  'name': ['UUID'],
  'num': 128,
  'source_class': 'Lorg/json/JSONObject;',
  'source_method': 'toString()Ljava/lang/String;'},
 {'clss': 'Lcom/google/android/gms/internal/ads/zzblc;',
  'method': 'zzc(Lcom/google/android/gms/internal/ads/zzbld;Ljava/lang/String;Ljava/lang/String;)V',
  'name': ['UUID'],
  'num': 114,
  'source_class': 'Ljava/lang/StringBuilder;',
  'source_method': 'toString()Ljava/lang/String;'},
 {'clss': 'Lcom/google/android/gms/internal/ads/zzcfz;', 'method': 'run()V', 'name': ['UUID'], 'num': 34, 'source_class': None, 'source_method': None},
 {'clss': 'Lcom/google/android/gms/internal/ads/zzcfi;',
  'method': 'zzj(Landroid/net/Uri;)V',
  'name': ['UUID'],
  'num': 2927,
  'source_class': 'Landroid/net/Uri;',
  'source_method': 'getEncodedQuery()Ljava/lang/String;'},
 {'clss': 'Lcom/google/android/gms/ads/internal/util/zzs;',
  'method': 'zzL(Landroid/net/Uri;)Ljava/util/Map;',
  'name': ['UUID'],
  'num': 1011,
  'source_class': 'Landroid/net/Uri;',
  'source_method': 'getQueryParameter(Ljava/lang/String;)Ljava/lang/String;'},
 {'clss': 'Lcom/google/android/gms/ads/internal/util/zzs;',
  'method': 'zzL(Landroid/net/Uri;)Ljava/util/Map;',
  'name': ['UUID'],
  'num': 1011,
  'source_class': 'Landroid/net/Uri;',
  'source_method': 'getQueryParameter(Ljava/lang/String;)Ljava/lang/String;'},
 {'clss': 'Lcom/google/android/gms/internal/ads/zzbiw;',
  'method': 'zza(Ljava/lang/Object;Ljava/util/Map;)V',
  'name': ['UUID'],
  'num': 49,
  'source_class': 'Ljava/util/Map;',
  'source_method': 'get(Ljava/lang/Object;)Ljava/lang/Object;'},
 {'clss': 'Lcom/google/android/gms/internal/ads/zzcfz;', 'method': 'run()V', 'name': ['UUID'], 'num': 34, 'source_class': None, 'source_method': None},
 {'clss': 'Lcom/google/android/gms/internal/ads/zzcfi;',
  'method': 'zzj(Landroid/net/Uri;)V',
  'name': ['UUID'],
  'num': 2927,
  'source_class': 'Landroid/net/Uri;',
  'source_method': 'getEncodedQuery()Ljava/lang/String;'},
 {'clss': 'Lcom/google/android/gms/ads/internal/util/zzs;',
  'method': 'zzL(Landroid/net/Uri;)Ljava/util/Map;',
  'name': ['UUID'],
  'num': 1011,
  'source_class': 'Landroid/net/Uri;',
  'source_method': 'getQueryParameter(Ljava/lang/String;)Ljava/lang/String;'},
 {'clss': 'Lcom/google/android/gms/internal/ads/zzcnu;',
  'method': 'zzg(Lcom/google/android/gms/internal/ads/zzcnu;Ljava/util/Map;)Z',
  'name': ['UUID'],
  'num': 73,
  'source_class': 'Ljava/util/Map;',
  'source_method': 'get(Ljava/lang/Object;)Ljava/lang/Object;'},
 {'clss': 'Lcom/google/android/gms/internal/ads/zzcfq;',
  'method': 'zzl(Ljava/lang/String;Lorg/json/JSONObject;)V',
  'name': ['UUID'],
  'num': 1452,
  'source_class': 'Lorg/json/JSONObject;',
  'source_method': 'toString()Ljava/lang/String;'},
 {'clss': 'Lcom/google/android/gms/internal/ads/zzcfu;',
  'method': 'zzb(Ljava/lang/String;Ljava/lang/String;)V',
  'name': ['UUID'],
  'num': 4635,
  'source_class': 'Ljava/lang/StringBuilder;',
  'source_method': 'toString()Ljava/lang/String;'},
 {'clss': 'Lcom/google/android/gms/internal/ads/zzbnk;',
  'method': 'zzc(Ljava/lang/Object;Lcom/google/android/gms/internal/ads/zzbml;)Lcom/google/android/gms/internal/ads/zzfwb;',
  'name': ['UUID'],
  'num': 96,
  'source_class': 'Ljava/util/UUID;',
  'source_method': 'toString()Ljava/lang/String;'},
 {'clss': 'Lcom/google/android/gms/internal/ads/zzblc;',
  'method': 'zzd(Lcom/google/android/gms/internal/ads/zzbld;Ljava/lang/String;Lorg/json/JSONObject;)V',
  'name': ['UUID'],
  'num': 128,
  'source_class': 'Lorg/json/JSONObject;',
  'source_method': 'toString()Ljava/lang/String;'},
 {'clss': 'Lcom/google/android/gms/internal/ads/zzblc;',
  'method': 'zzc(Lcom/google/android/gms/internal/ads/zzbld;Ljava/lang/String;Ljava/lang/String;)V',
  'name': ['UUID'],
  'num': 114,
  'source_class': 'Ljava/lang/StringBuilder;',
  'source_method': 'toString()Ljava/lang/String;'},
 {'clss': 'Lcom/google/android/gms/internal/ads/zzcfz;', 'method': 'run()V', 'name': ['UUID'], 'num': 34, 'source_class': None, 'source_method': None},
 {'clss': 'Lcom/google/android/gms/internal/ads/zzcfi;',
  'method': 'zzj(Landroid/net/Uri;)V',
  'name': ['UUID'],
  'num': 2927,
  'source_class': 'Landroid/net/Uri;',
  'source_method': 'getEncodedQuery()Ljava/lang/String;'},
 {'clss': 'Lcom/google/android/gms/ads/internal/util/zzs;',
  'method': 'zzL(Landroid/net/Uri;)Ljava/util/Map;',
  'name': ['UUID'],
  'num': 1011,
  'source_class': 'Landroid/net/Uri;',
  'source_method': 'getQueryParameter(Ljava/lang/String;)Ljava/lang/String;'},
 {'clss': 'Lcom/google/android/gms/ads/internal/util/zzs;',
  'method': 'zzL(Landroid/net/Uri;)Ljava/util/Map;',
  'name': ['UUID'],
  'num': 1011,
  'source_class': 'Landroid/net/Uri;',
  'source_method': 'getQueryParameter(Ljava/lang/String;)Ljava/lang/String;'},
 {'clss': 'Lcom/google/android/gms/internal/ads/zzbiw;',
  'method': 'zza(Ljava/lang/Object;Ljava/util/Map;)V',
  'name': ['UUID'],
  'num': 49,
  'source_class': 'Ljava/util/Map;',
  'source_method': 'get(Ljava/lang/Object;)Ljava/lang/Object;'},
 {'clss': 'Lcom/google/android/gms/internal/ads/zzcfz;', 'method': 'run()V', 'name': ['UUID'], 'num': 34, 'source_class': None, 'source_method': None},
 {'clss': 'Lcom/google/android/gms/internal/ads/zzcfi;',
  'method': 'zzj(Landroid/net/Uri;)V',
  'name': ['UUID'],
  'num': 2927,
  'source_class': 'Landroid/net/Uri;',
  'source_method': 'getEncodedQuery()Ljava/lang/String;'},
 {'clss': 'Lcom/google/android/gms/ads/internal/util/zzs;',
  'method': 'zzL(Landroid/net/Uri;)Ljava/util/Map;',
  'name': ['UUID'],
  'num': 1011,
  'source_class': 'Landroid/net/Uri;',
  'source_method': 'getQueryParameter(Ljava/lang/String;)Ljava/lang/String;'},
 {'clss': 'Lcom/google/android/gms/internal/ads/zzcnu;',
  'method': 'zzg(Lcom/google/android/gms/internal/ads/zzcnu;Ljava/util/Map;)Z',
  'name': ['UUID'],
  'num': 73,
  'source_class': 'Ljava/util/Map;',
  'source_method': 'get(Ljava/lang/Object;)Ljava/lang/Object;'},
 {'clss': 'Lcom/google/android/gms/internal/ads/zzcfq;',
  'method': 'zzl(Ljava/lang/String;Lorg/json/JSONObject;)V',
  'name': ['UUID'],
  'num': 1452,
  'source_class': 'Lorg/json/JSONObject;',
  'source_method': 'toString()Ljava/lang/String;'},
 {'clss': 'Lcom/google/android/gms/internal/ads/zzcfu;',
  'method': 'zzb(Ljava/lang/String;Ljava/lang/String;)V',
  'name': ['UUID'],
  'num': 4635,
  'source_class': 'Ljava/lang/StringBuilder;',
  'source_method': 'toString()Ljava/lang/String;'},
 {'clss': 'Lcom/google/android/gms/internal/ads/zzbnk;',
  'method': 'zzc(Ljava/lang/Object;Lcom/google/android/gms/internal/ads/zzbml;)Lcom/google/android/gms/internal/ads/zzfwb;',
  'name': ['UUID'],
  'num': 96,
  'source_class': 'Ljava/util/UUID;',
  'source_method': 'toString()Ljava/lang/String;'},
 {'clss': 'Lcom/google/android/gms/internal/ads/zzblc;',
  'method': 'zzd(Lcom/google/android/gms/internal/ads/zzbld;Ljava/lang/String;Lorg/json/JSONObject;)V',
  'name': ['UUID'],
  'num': 128,
  'source_class': 'Lorg/json/JSONObject;',
  'source_method': 'toString()Ljava/lang/String;'},
 {'clss': 'Lcom/google/android/gms/internal/ads/zzblc;',
  'method': 'zzc(Lcom/google/android/gms/internal/ads/zzbld;Ljava/lang/String;Ljava/lang/String;)V',
  'name': ['UUID'],
  'num': 114,
  'source_class': 'Ljava/lang/StringBuilder;',
  'source_method': 'toString()Ljava/lang/String;'},
 {'clss': 'Lcom/google/android/gms/internal/ads/zzcfz;', 'method': 'run()V', 'name': ['UUID'], 'num': 34, 'source_class': None, 'source_method': None},
 {'clss': 'Lcom/google/android/gms/internal/ads/zzcfi;',
  'method': 'zzj(Landroid/net/Uri;)V',
  'name': ['UUID'],
  'num': 2927,
  'source_class': 'Landroid/net/Uri;',
  'source_method': 'getEncodedQuery()Ljava/lang/String;'},
 {'clss': 'Lcom/google/android/gms/ads/internal/util/zzs;',
  'method': 'zzL(Landroid/net/Uri;)Ljava/util/Map;',
  'name': ['UUID'],
  'num': 1011,
  'source_class': 'Landroid/net/Uri;',
  'source_method': 'getQueryParameter(Ljava/lang/String;)Ljava/lang/String;'},
 {'clss': 'Lcom/google/android/gms/ads/internal/util/zzs;',
  'method': 'zzL(Landroid/net/Uri;)Ljava/util/Map;',
  'name': ['UUID'],
  'num': 1011,
  'source_class': 'Landroid/net/Uri;',
  'source_method': 'getQueryParameter(Ljava/lang/String;)Ljava/lang/String;'},
 {'clss': 'Lcom/google/android/gms/internal/ads/zzbiw;',
  'method': 'zza(Ljava/lang/Object;Ljava/util/Map;)V',
  'name': ['UUID'],
  'num': 49,
  'source_class': 'Ljava/util/Map;',
  'source_method': 'get(Ljava/lang/Object;)Ljava/lang/Object;'},
 {'clss': 'Lcom/google/android/gms/internal/ads/zzbzm;',
  'method': 'zzy(Landroid/content/Context;)Ljava/lang/String;',
  'name': ['AndroidID'],
  'num': 1557,
  'source_class': 'Landroid/provider/Settings$Secure;',
  'source_method': 'getString(Landroid/content/ContentResolver;Ljava/lang/String;)Ljava/lang/String;'},
 {'clss': 'Lcom/google/android/gms/internal/ads/zzbzm;',
  'method': 'zzy(Landroid/content/Context;)Ljava/lang/String;',
  'name': ['AndroidID'],
  'num': 1557,
  'source_class': 'Landroid/provider/Settings$Secure;',
  'source_method': 'getString(Landroid/content/ContentResolver;Ljava/lang/String;)Ljava/lang/String;'},
 {'clss': 'Lcom/google/android/gms/internal/ads/zzduu;',
  'method': 'zzb()Ljava/lang/Object;',
  'name': ['UUID'],
  'num': 40,
  'source_class': 'Ljava/util/UUID;',
  'source_method': 'toString()Ljava/lang/String;'},
 {'clss': 'Lcom/google/android/gms/internal/ads/zzbnk;',
  'method': 'zzc(Ljava/lang/Object;Lcom/google/android/gms/internal/ads/zzbml;)Lcom/google/android/gms/internal/ads/zzfwb;',
  'name': ['UUID'],
  'num': 96,
  'source_class': 'Ljava/util/UUID;',
  'source_method': 'toString()Ljava/lang/String;'},
 {'clss': 'Lcom/google/android/gms/internal/ads/zzblc;',
  'method': 'zzd(Lcom/google/android/gms/internal/ads/zzbld;Ljava/lang/String;Lorg/json/JSONObject;)V',
  'name': ['UUID'],
  'num': 128,
  'source_class': 'Lorg/json/JSONObject;',
  'source_method': 'toString()Ljava/lang/String;'},
 {'clss': 'Lcom/google/android/gms/internal/ads/zzblc;',
  'method': 'zzc(Lcom/google/android/gms/internal/ads/zzbld;Ljava/lang/String;Ljava/lang/String;)V',
  'name': ['UUID'],
  'num': 114,
  'source_class': 'Ljava/lang/StringBuilder;',
  'source_method': 'toString()Ljava/lang/String;'},
 {'clss': 'Lcom/google/android/gms/internal/ads/zzcfq;',
  'method': 'zzl(Ljava/lang/String;Lorg/json/JSONObject;)V',
  'name': ['UUID'],
  'num': 1452,
  'source_class': 'Lorg/json/JSONObject;',
  'source_method': 'toString()Ljava/lang/String;'},
 {'clss': 'Lcom/google/android/gms/internal/ads/zzcfu;',
  'method': 'zzb(Ljava/lang/String;Ljava/lang/String;)V',
  'name': ['UUID'],
  'num': 4635,
  'source_class': 'Ljava/lang/StringBuilder;',
  'source_method': 'toString()Ljava/lang/String;'},
 {'clss': 'Lcom/google/android/gms/internal/ads/zzcfz;', 'method': 'run()V', 'name': ['UUID'], 'num': 34, 'source_class': None, 'source_method': None},
 {'clss': 'Lcom/google/android/gms/internal/ads/zzcfi;',
  'method': 'zzj(Landroid/net/Uri;)V',
  'name': ['UUID'],
  'num': 2927,
  'source_class': 'Landroid/net/Uri;',
  'source_method': 'getEncodedQuery()Ljava/lang/String;'},
 {'clss': 'Lcom/google/android/gms/ads/internal/util/zzs;',
  'method': 'zzL(Landroid/net/Uri;)Ljava/util/Map;',
  'name': ['UUID'],
  'num': 1011,
  'source_class': 'Landroid/net/Uri;',
  'source_method': 'getQueryParameter(Ljava/lang/String;)Ljava/lang/String;'},
 {'clss': 'Lcom/google/android/gms/internal/ads/zzcfz;', 'method': 'run()V', 'name': ['UUID'], 'num': 34, 'source_class': None, 'source_method': None},
 {'clss': 'Lcom/google/android/gms/internal/ads/zzcfi;',
  'method': 'zzj(Landroid/net/Uri;)V',
  'name': ['UUID'],
  'num': 3032,
  'source_class': 'Ljava/lang/String;',
  'source_method': 'valueOf(Ljava/lang/Object;)Ljava/lang/String;'},
 {'clss': 'Lcom/google/android/gms/internal/ads/zzcfi;',
  'method': 'zzj(Landroid/net/Uri;)V',
  'name': ['UUID'],
  'num': 3042,
  'source_class': 'Ljava/lang/String;',
  'source_method': 'concat(Ljava/lang/String;)Ljava/lang/String;'},
 {'clss': 'Lcom/google/android/gms/internal/ads/zzcfz;', 'method': 'run()V', 'name': ['UUID'], 'num': 34, 'source_class': None, 'source_method': None},
 {'clss': 'Lcom/google/android/gms/internal/ads/zzcfi;',
  'method': 'zzj(Landroid/net/Uri;)V',
  'name': ['UUID'],
  'num': 2927,
  'source_class': 'Landroid/net/Uri;',
  'source_method': 'getEncodedQuery()Ljava/lang/String;'},
 {'clss': 'Lcom/google/android/gms/ads/internal/util/zzs;',
  'method': 'zzL(Landroid/net/Uri;)Ljava/util/Map;',
  'name': ['UUID'],
  'num': 1011,
  'source_class': 'Landroid/net/Uri;',
  'source_method': 'getQueryParameter(Ljava/lang/String;)Ljava/lang/String;'},
 {'clss': 'Lcom/google/android/gms/internal/ads/zzcfz;', 'method': 'run()V', 'name': ['UUID'], 'num': 34, 'source_class': None, 'source_method': None},
 {'clss': 'Lcom/google/android/gms/internal/ads/zzcfi;',
  'method': 'zzj(Landroid/net/Uri;)V',
  'name': ['UUID'],
  'num': 2927,
  'source_class': 'Landroid/net/Uri;',
  'source_method': 'getEncodedQuery()Ljava/lang/String;'},
 {'clss': 'Lcom/google/android/gms/ads/internal/util/zzs;',
  'method': 'zzL(Landroid/net/Uri;)Ljava/util/Map;',
  'name': ['UUID'],
  'num': 1011,
  'source_class': 'Landroid/net/Uri;',
  'source_method': 'getQueryParameter(Ljava/lang/String;)Ljava/lang/String;'},
 {'clss': 'Lcom/google/android/gms/ads/internal/util/zzs;',
  'method': 'zzL(Landroid/net/Uri;)Ljava/util/Map;',
  'name': ['UUID'],
  'num': 1011,
  'source_class': 'Landroid/net/Uri;',
  'source_method': 'getQueryParameter(Ljava/lang/String;)Ljava/lang/String;'},
 {'clss': 'Lcom/google/android/gms/internal/ads/zzbiw;',
  'method': 'zza(Ljava/lang/Object;Ljava/util/Map;)V',
  'name': ['UUID'],
  'num': 49,
  'source_class': 'Ljava/util/Map;',
  'source_method': 'get(Ljava/lang/Object;)Ljava/lang/Object;'},
 {'clss': 'Lcom/google/android/gms/internal/ads/zzcod;',
  'method': 'zzb()Ljava/lang/Object;',
  'name': ['UUID'],
  'num': 83,
  'source_class': 'Ljava/util/UUID;',
  'source_method': 'toString()Ljava/lang/String;'}]
Sinks
[{"smali_tag": "5855_154", "clss": "Lcom/google/android/gms/internal/ads/zzalx;", "method": "zza(Lcom/google/android/gms/internal/ads/zzali;)Lcom/google/android/gms/internal/ads/zzale;", "num": 154, "sink_class": "Ljava/net/URL;", "sink_method": "<init>(Ljava/lang/String;)V", "sink_values": ["https"], "sources": ["UUID"], "returned_value": null}, {"smali_tag": "2810_79", "clss": "Lcom/google/android/gms/internal/ads/zzbzy;", "method": "zza(Ljava/lang/String;)Z", "num": 79, "sink_class": "Ljava/net/URL;", "sink_method": "<init>(Ljava/lang/String;)V", "sink_values": ["https://googleads.g.doubleclick.net/pagead/interaction/?ai=B3hhw0dgjZbvPMM7C29gPlqaAgASl9KvpRQAAABABIJrAqRg4AVj50dOlgwRgiQOyAUsxLmFuZHJvaWQuY29tLmdvb2dsZS5hbmRyb2lkLmdtcy5leGFtcGxlLmFwcG9wZW5kZW1vLmFkc2Vuc2Vmb3Jtb2JpbGVhcHBzLmO6AQczOTZ4NjgzyAEJ2gFVaHR0cDovLzEuYW5kcm9pZC5jb20uZ29vZ2xlLmFuZHJvaWQuZ21zLmV4YW1wbGUuYXBwb3BlbmRlbW8uYWRzZW5zZWZvcm1vYmlsZWFwcHMuY29tL8ACAuACAOoCFi82NDk5L2V4YW1wbGUvYXBwLW9wZW74AvzRHoADAZAD7AmYA-ADqAMB4AQB0gUGEIbpybMUkAYBoAYg2AYCqAfz0RuoB5bYG6gHqpuxAqgHg62xAqgH_56xAqgH35-xAtgHAOAHAdIIFAiAYRABGB0yAooCOgKAQEi9_cE62AgCgAoFmAsBgAwBqg0CSlDQFQH4FgGAFwE&sigh=y7uIk7TnXjc&cid=CAQShgEAyAmmjV5mrMXAQ3ZjzplkF_4I1jP09ODogQpgm5iI6uRzRYOxwJ-LPj5FadHRZplzvoq_OBVv1awHPysz7wtGwY8oXoWARLCM5bpt_AjdmrHm2bDlI2_LcTUliGVXhgkcTtCuBGSt9GWMdor8pKLQfgO7Q6d8PTMqJvSnLDprQSi2pIQzpQ&label=drx_mediation_request_fill_result&mediation_fill_status=5476873350.0.1806.0&smc_index=0"], "sources": ["UUID"], "returned_value": null}]