project.emulator.get_num_leaks() = 3
Sources
[{'clss': 'Lcom/singular/sdk/internal/Utils;',
  'method': 'getAndroidId(Landroid/content/Context;)Ljava/lang/String;',
  'name': ['AndroidID'],
  'num': 579,
  'source_class': 'Landroid/provider/Settings$Secure;',
  'source_method': 'getString(Landroid/content/ContentResolver;Ljava/lang/String;)Ljava/lang/String;'},
 {'clss': 'Lcom/singular/sdk/internal/Utils;',
  'method': 'createSingularId(Landroid/content/SharedPreferences;)Ljava/util/UUID;',
  'name': ['UUID'],
  'num': 219,
  'source_class': 'Ljava/util/UUID;',
  'source_method': 'toString()Ljava/lang/String;'},
 {'clss': 'Lcom/singular/sdk/internal/ApiManager;',
  'method': 'enqueue(Lcom/singular/sdk/internal/BaseApi;)V',
  'name': ['UUID'],
  'num': 254,
  'source_class': 'Ljava/util/UUID;',
  'source_method': 'toString()Ljava/lang/String;'},
 {'clss': 'Lcom/singular/sdk/internal/Utils;',
  'method': 'isEmptyOrNull(Ljava/lang/String;)Z',
  'name': ['UUID'],
  'num': 1636,
  'source_class': 'Ljava/lang/String;',
  'source_method': 'trim()Ljava/lang/String;'},
 {'clss': 'Lcom/singular/sdk/internal/BaseApi;',
  'method': 'toJsonAsString()Ljava/lang/String;',
  'name': ['UUID'],
  'num': 545,
  'source_class': 'Lorg/json/JSONObject;',
  'source_method': 'toString()Ljava/lang/String;'},
 {'clss': 'Lcom/singular/sdk/internal/SQLitePersistentQueue$SQLiteManager;',
  'method': 'getHead()Ljava/lang/String;',
  'name': ['UUID'],
  'num': 569,
  'source_class': 'Landroid/database/Cursor;',
  'source_method': 'getString(I)Ljava/lang/String;'},
 {'clss': 'Lcom/singular/sdk/internal/BaseApi;',
  'method': 'fromString(Ljava/lang/String;)Ljava/util/Map;',
  'name': ['UUID'],
  'num': 327,
  'source_class': 'Lorg/json/JSONObject;',
  'source_method': 'get(Ljava/lang/String;)Ljava/lang/Object;'},
 {'clss': 'Lcom/singular/sdk/internal/SingularRequestHandler;',
  'method': 'getQueryString(Lcom/singular/sdk/internal/SingularInstance;Ljava/util/Map;J)Ljava/lang/String;',
  'name': ['UUID'],
  'num': 638,
  'source_class': 'Ljava/util/Map$Entry;',
  'source_method': 'getValue()Ljava/lang/Object;'},
 {'clss': 'Lcom/singular/sdk/internal/SingularRequestHandler;',
  'method': 'getQueryString(Lcom/singular/sdk/internal/SingularInstance;Ljava/util/Map;J)Ljava/lang/String;',
  'name': ['UUID'],
  'num': 648,
  'source_class': 'Ljava/net/URLEncoder;',
  'source_method': 'encode(Ljava/lang/String;Ljava/lang/String;)Ljava/lang/String;'},
 {'clss': 'Lcom/singular/sdk/internal/SingularRequestHandler;',
  'method': 'getQueryString(Lcom/singular/sdk/internal/SingularInstance;Ljava/util/Map;J)Ljava/lang/String;',
  'name': ['UUID'],
  'num': 692,
  'source_class': 'Ljava/lang/StringBuilder;',
  'source_method': 'toString()Ljava/lang/String;'},
 {'clss': 'Lcom/singular/sdk/internal/SingularRequestHandler;',
  'method': 'appendHash(Ljava/lang/String;Ljava/lang/String;)Ljava/lang/String;',
  'name': ['UUID'],
  'num': 83,
  'source_class': 'Ljava/lang/String;',
  'source_method': 'format(Ljava/lang/String;[Ljava/lang/Object;)Ljava/lang/String;'},
 {'clss': 'Lcom/singular/sdk/internal/SingularRequestHandler;',
  'method': 'appendHash(Ljava/lang/String;Ljava/lang/String;)Ljava/lang/String;',
  'name': ['UUID'],
  'num': 129,
  'source_class': 'Ljava/lang/StringBuilder;',
  'source_method': 'toString()Ljava/lang/String;'},
 {'clss': 'Lcom/singular/sdk/internal/SingularRequestHandler;',
  'method': 'buildRequest(Lcom/singular/sdk/internal/SingularInstance;Ljava/lang/String;Ljava/util/Map;J)Ljava/net/HttpURLConnection;',
  'name': ['UUID'],
  'num': 200,
  'source_class': 'Ljava/lang/StringBuilder;',
  'source_method': 'toString()Ljava/lang/String;'},
 {'clss': 'Lcom/singular/sdk/internal/SQLitePersistentQueue$SQLiteManager;',
  'method': 'removeHead(Landroid/database/sqlite/SQLiteDatabase;)Ljava/lang/String;',
  'name': ['UUID'],
  'num': 368,
  'source_class': 'Landroid/database/Cursor;',
  'source_method': 'getString(I)Ljava/lang/String;'},
 {'clss': 'Lcom/singular/sdk/internal/Utils;',
  'method': 'getSingularId(Landroid/content/Context;)Ljava/util/UUID;',
  'name': ['UUID'],
  'num': 1192,
  'source_class': 'Landroid/content/SharedPreferences;',
  'source_method': 'getString(Ljava/lang/String;Ljava/lang/String;)Ljava/lang/String;'},
 {'clss': 'Lcom/singular/sdk/internal/ApiManager;',
  'method': 'enqueue(Lcom/singular/sdk/internal/BaseApi;)V',
  'name': ['UUID'],
  'num': 254,
  'source_class': 'Ljava/util/UUID;',
  'source_method': 'toString()Ljava/lang/String;'},
 {'clss': 'Lcom/singular/sdk/internal/Utils;',
  'method': 'isEmptyOrNull(Ljava/lang/String;)Z',
  'name': ['UUID'],
  'num': 1636,
  'source_class': 'Ljava/lang/String;',
  'source_method': 'trim()Ljava/lang/String;'},
 {'clss': 'Lcom/singular/sdk/internal/BaseApi;',
  'method': 'toJsonAsString()Ljava/lang/String;',
  'name': ['UUID'],
  'num': 545,
  'source_class': 'Lorg/json/JSONObject;',
  'source_method': 'toString()Ljava/lang/String;'},
 {'clss': 'Lcom/singular/sdk/internal/SQLitePersistentQueue$SQLiteManager;',
  'method': 'getHead()Ljava/lang/String;',
  'name': ['UUID'],
  'num': 569,
  'source_class': 'Landroid/database/Cursor;',
  'source_method': 'getString(I)Ljava/lang/String;'},
 {'clss': 'Lcom/singular/sdk/internal/BaseApi;',
  'method': 'fromString(Ljava/lang/String;)Ljava/util/Map;',
  'name': ['UUID'],
  'num': 327,
  'source_class': 'Lorg/json/JSONObject;',
  'source_method': 'get(Ljava/lang/String;)Ljava/lang/Object;'},
 {'clss': 'Lcom/singular/sdk/internal/SingularRequestHandler;',
  'method': 'getQueryString(Lcom/singular/sdk/internal/SingularInstance;Ljava/util/Map;J)Ljava/lang/String;',
  'name': ['UUID'],
  'num': 638,
  'source_class': 'Ljava/util/Map$Entry;',
  'source_method': 'getValue()Ljava/lang/Object;'},
 {'clss': 'Lcom/singular/sdk/internal/SingularRequestHandler;',
  'method': 'getQueryString(Lcom/singular/sdk/internal/SingularInstance;Ljava/util/Map;J)Ljava/lang/String;',
  'name': ['UUID'],
  'num': 648,
  'source_class': 'Ljava/net/URLEncoder;',
  'source_method': 'encode(Ljava/lang/String;Ljava/lang/String;)Ljava/lang/String;'},
 {'clss': 'Lcom/singular/sdk/internal/SingularRequestHandler;',
  'method': 'getQueryString(Lcom/singular/sdk/internal/SingularInstance;Ljava/util/Map;J)Ljava/lang/String;',
  'name': ['UUID'],
  'num': 692,
  'source_class': 'Ljava/lang/StringBuilder;',
  'source_method': 'toString()Ljava/lang/String;'},
 {'clss': 'Lcom/singular/sdk/internal/SingularRequestHandler;',
  'method': 'appendHash(Ljava/lang/String;Ljava/lang/String;)Ljava/lang/String;',
  'name': ['UUID'],
  'num': 83,
  'source_class': 'Ljava/lang/String;',
  'source_method': 'format(Ljava/lang/String;[Ljava/lang/Object;)Ljava/lang/String;'},
 {'clss': 'Lcom/singular/sdk/internal/SingularRequestHandler;',
  'method': 'appendHash(Ljava/lang/String;Ljava/lang/String;)Ljava/lang/String;',
  'name': ['UUID'],
  'num': 129,
  'source_class': 'Ljava/lang/StringBuilder;',
  'source_method': 'toString()Ljava/lang/String;'},
 {'clss': 'Lcom/singular/sdk/internal/SingularRequestHandler;',
  'method': 'buildRequest(Lcom/singular/sdk/internal/SingularInstance;Ljava/lang/String;Ljava/util/Map;J)Ljava/net/HttpURLConnection;',
  'name': ['UUID'],
  'num': 200,
  'source_class': 'Ljava/lang/StringBuilder;',
  'source_method': 'toString()Ljava/lang/String;'},
 {'clss': 'Lcom/singular/sdk/internal/SQLitePersistentQueue$SQLiteManager;',
  'method': 'removeHead(Landroid/database/sqlite/SQLiteDatabase;)Ljava/lang/String;',
  'name': ['UUID'],
  'num': 368,
  'source_class': 'Landroid/database/Cursor;',
  'source_method': 'getString(I)Ljava/lang/String;'},
 {'clss': 'Lcom/singular/sdk/internal/Utils;',
  'method': 'getSingularId(Landroid/content/Context;)Ljava/util/UUID;',
  'name': ['UUID'],
  'num': 1192,
  'source_class': 'Landroid/content/SharedPreferences;',
  'source_method': 'getString(Ljava/lang/String;Ljava/lang/String;)Ljava/lang/String;'},
 {'clss': 'Lcom/singular/sdk/internal/ApiManager;',
  'method': 'enqueue(Lcom/singular/sdk/internal/BaseApi;)V',
  'name': ['UUID'],
  'num': 254,
  'source_class': 'Ljava/util/UUID;',
  'source_method': 'toString()Ljava/lang/String;'},
 {'clss': 'Lcom/singular/sdk/internal/Utils;',
  'method': 'isEmptyOrNull(Ljava/lang/String;)Z',
  'name': ['UUID'],
  'num': 1636,
  'source_class': 'Ljava/lang/String;',
  'source_method': 'trim()Ljava/lang/String;'},
 {'clss': 'Lcom/singular/sdk/internal/BaseApi;',
  'method': 'toJsonAsString()Ljava/lang/String;',
  'name': ['UUID'],
  'num': 545,
  'source_class': 'Lorg/json/JSONObject;',
  'source_method': 'toString()Ljava/lang/String;'},
 {'clss': 'Lcom/singular/sdk/internal/SQLitePersistentQueue$SQLiteManager;',
  'method': 'getHead()Ljava/lang/String;',
  'name': ['UUID'],
  'num': 569,
  'source_class': 'Landroid/database/Cursor;',
  'source_method': 'getString(I)Ljava/lang/String;'},
 {'clss': 'Lcom/singular/sdk/internal/BaseApi;',
  'method': 'fromString(Ljava/lang/String;)Ljava/util/Map;',
  'name': ['UUID'],
  'num': 327,
  'source_class': 'Lorg/json/JSONObject;',
  'source_method': 'get(Ljava/lang/String;)Ljava/lang/Object;'},
 {'clss': 'Lcom/singular/sdk/internal/SingularRequestHandler;',
  'method': 'getQueryString(Lcom/singular/sdk/internal/SingularInstance;Ljava/util/Map;J)Ljava/lang/String;',
  'name': ['UUID'],
  'num': 638,
  'source_class': 'Ljava/util/Map$Entry;',
  'source_method': 'getValue()Ljava/lang/Object;'},
 {'clss': 'Lcom/singular/sdk/internal/SingularRequestHandler;',
  'method': 'getQueryString(Lcom/singular/sdk/internal/SingularInstance;Ljava/util/Map;J)Ljava/lang/String;',
  'name': ['UUID'],
  'num': 648,
  'source_class': 'Ljava/net/URLEncoder;',
  'source_method': 'encode(Ljava/lang/String;Ljava/lang/String;)Ljava/lang/String;'},
 {'clss': 'Lcom/singular/sdk/internal/SingularRequestHandler;',
  'method': 'getQueryString(Lcom/singular/sdk/internal/SingularInstance;Ljava/util/Map;J)Ljava/lang/String;',
  'name': ['UUID'],
  'num': 692,
  'source_class': 'Ljava/lang/StringBuilder;',
  'source_method': 'toString()Ljava/lang/String;'},
 {'clss': 'Lcom/singular/sdk/internal/SingularRequestHandler;',
  'method': 'appendHash(Ljava/lang/String;Ljava/lang/String;)Ljava/lang/String;',
  'name': ['UUID'],
  'num': 83,
  'source_class': 'Ljava/lang/String;',
  'source_method': 'format(Ljava/lang/String;[Ljava/lang/Object;)Ljava/lang/String;'},
 {'clss': 'Lcom/singular/sdk/internal/SingularRequestHandler;',
  'method': 'appendHash(Ljava/lang/String;Ljava/lang/String;)Ljava/lang/String;',
  'name': ['UUID'],
  'num': 129,
  'source_class': 'Ljava/lang/StringBuilder;',
  'source_method': 'toString()Ljava/lang/String;'},
 {'clss': 'Lcom/singular/sdk/internal/SingularRequestHandler;',
  'method': 'buildRequest(Lcom/singular/sdk/internal/SingularInstance;Ljava/lang/String;Ljava/util/Map;J)Ljava/net/HttpURLConnection;',
  'name': ['UUID'],
  'num': 200,
  'source_class': 'Ljava/lang/StringBuilder;',
  'source_method': 'toString()Ljava/lang/String;'},
 {'clss': 'Lcom/singular/sdk/internal/SQLitePersistentQueue$SQLiteManager;',
  'method': 'removeHead(Landroid/database/sqlite/SQLiteDatabase;)Ljava/lang/String;',
  'name': ['UUID'],
  'num': 368,
  'source_class': 'Landroid/database/Cursor;',
  'source_method': 'getString(I)Ljava/lang/String;'},
 {'clss': 'Lcom/singular/sdk/internal/Utils;',
  'method': 'getSingularId(Landroid/content/Context;)Ljava/util/UUID;',
  'name': ['UUID'],
  'num': 1192,
  'source_class': 'Landroid/content/SharedPreferences;',
  'source_method': 'getString(Ljava/lang/String;Ljava/lang/String;)Ljava/lang/String;'},
 {'clss': 'Lcom/singular/sdk/internal/ApiManager;',
  'method': 'enqueue(Lcom/singular/sdk/internal/BaseApi;)V',
  'name': ['UUID'],
  'num': 254,
  'source_class': 'Ljava/util/UUID;',
  'source_method': 'toString()Ljava/lang/String;'},
 {'clss': 'Lcom/singular/sdk/internal/Utils;',
  'method': 'isEmptyOrNull(Ljava/lang/String;)Z',
  'name': ['UUID'],
  'num': 1636,
  'source_class': 'Ljava/lang/String;',
  'source_method': 'trim()Ljava/lang/String;'},
 {'clss': 'Lcom/singular/sdk/internal/BaseApi;',
  'method': 'toJsonAsString()Ljava/lang/String;',
  'name': ['UUID'],
  'num': 545,
  'source_class': 'Lorg/json/JSONObject;',
  'source_method': 'toString()Ljava/lang/String;'},
 {'clss': 'Lcom/singular/sdk/internal/SQLitePersistentQueue$SQLiteManager;',
  'method': 'getHead()Ljava/lang/String;',
  'name': ['UUID'],
  'num': 569,
  'source_class': 'Landroid/database/Cursor;',
  'source_method': 'getString(I)Ljava/lang/String;'},
 {'clss': 'Lcom/singular/sdk/internal/BaseApi;',
  'method': 'fromString(Ljava/lang/String;)Ljava/util/Map;',
  'name': ['UUID'],
  'num': 327,
  'source_class': 'Lorg/json/JSONObject;',
  'source_method': 'get(Ljava/lang/String;)Ljava/lang/Object;'},
 {'clss': 'Lcom/singular/sdk/internal/SingularRequestHandler;',
  'method': 'getQueryString(Lcom/singular/sdk/internal/SingularInstance;Ljava/util/Map;J)Ljava/lang/String;',
  'name': ['UUID'],
  'num': 638,
  'source_class': 'Ljava/util/Map$Entry;',
  'source_method': 'getValue()Ljava/lang/Object;'},
 {'clss': 'Lcom/singular/sdk/internal/SingularRequestHandler;',
  'method': 'getQueryString(Lcom/singular/sdk/internal/SingularInstance;Ljava/util/Map;J)Ljava/lang/String;',
  'name': ['UUID'],
  'num': 648,
  'source_class': 'Ljava/net/URLEncoder;',
  'source_method': 'encode(Ljava/lang/String;Ljava/lang/String;)Ljava/lang/String;'},
 {'clss': 'Lcom/singular/sdk/internal/SingularRequestHandler;',
  'method': 'getQueryString(Lcom/singular/sdk/internal/SingularInstance;Ljava/util/Map;J)Ljava/lang/String;',
  'name': ['UUID'],
  'num': 692,
  'source_class': 'Ljava/lang/StringBuilder;',
  'source_method': 'toString()Ljava/lang/String;'},
 {'clss': 'Lcom/singular/sdk/internal/SingularRequestHandler;',
  'method': 'appendHash(Ljava/lang/String;Ljava/lang/String;)Ljava/lang/String;',
  'name': ['UUID'],
  'num': 83,
  'source_class': 'Ljava/lang/String;',
  'source_method': 'format(Ljava/lang/String;[Ljava/lang/Object;)Ljava/lang/String;'},
 {'clss': 'Lcom/singular/sdk/internal/SingularRequestHandler;',
  'method': 'appendHash(Ljava/lang/String;Ljava/lang/String;)Ljava/lang/String;',
  'name': ['UUID'],
  'num': 129,
  'source_class': 'Ljava/lang/StringBuilder;',
  'source_method': 'toString()Ljava/lang/String;'},
 {'clss': 'Lcom/singular/sdk/internal/SingularRequestHandler;',
  'method': 'buildRequest(Lcom/singular/sdk/internal/SingularInstance;Ljava/lang/String;Ljava/util/Map;J)Ljava/net/HttpURLConnection;',
  'name': ['UUID'],
  'num': 200,
  'source_class': 'Ljava/lang/StringBuilder;',
  'source_method': 'toString()Ljava/lang/String;'},
 {'clss': 'Lcom/singular/sdk/internal/SQLitePersistentQueue$SQLiteManager;',
  'method': 'removeHead(Landroid/database/sqlite/SQLiteDatabase;)Ljava/lang/String;',
  'name': ['UUID'],
  'num': 368,
  'source_class': 'Landroid/database/Cursor;',
  'source_method': 'getString(I)Ljava/lang/String;'},
 {'clss': 'Lcom/singular/sdk/internal/Utils;',
  'method': 'getSingularId(Landroid/content/Context;)Ljava/util/UUID;',
  'name': ['UUID'],
  'num': 1192,
  'source_class': 'Landroid/content/SharedPreferences;',
  'source_method': 'getString(Ljava/lang/String;Ljava/lang/String;)Ljava/lang/String;'},
 {'clss': 'Lcom/singular/sdk/internal/ApiManager;',
  'method': 'enqueue(Lcom/singular/sdk/internal/BaseApi;)V',
  'name': ['UUID'],
  'num': 254,
  'source_class': 'Ljava/util/UUID;',
  'source_method': 'toString()Ljava/lang/String;'},
 {'clss': 'Lcom/singular/sdk/internal/Utils;',
  'method': 'isEmptyOrNull(Ljava/lang/String;)Z',
  'name': ['UUID'],
  'num': 1636,
  'source_class': 'Ljava/lang/String;',
  'source_method': 'trim()Ljava/lang/String;'},
 {'clss': 'Lcom/singular/sdk/internal/BaseApi;',
  'method': 'toJsonAsString()Ljava/lang/String;',
  'name': ['UUID'],
  'num': 545,
  'source_class': 'Lorg/json/JSONObject;',
  'source_method': 'toString()Ljava/lang/String;'},
 {'clss': 'Lcom/singular/sdk/internal/SQLitePersistentQueue$SQLiteManager;',
  'method': 'getHead()Ljava/lang/String;',
  'name': ['UUID'],
  'num': 569,
  'source_class': 'Landroid/database/Cursor;',
  'source_method': 'getString(I)Ljava/lang/String;'},
 {'clss': 'Lcom/singular/sdk/internal/BaseApi;',
  'method': 'fromString(Ljava/lang/String;)Ljava/util/Map;',
  'name': ['UUID'],
  'num': 327,
  'source_class': 'Lorg/json/JSONObject;',
  'source_method': 'get(Ljava/lang/String;)Ljava/lang/Object;'}]
Sinks
[{"smali_tag": "5500_648", "clss": "Lcom/singular/sdk/internal/SingularRequestHandler;", "method": "getQueryString(Lcom/singular/sdk/internal/SingularInstance;Ljava/util/Map;J)Ljava/lang/String;", "num": 648, "sink_class": "Ljava/net/URLEncoder;", "sink_method": "encode(Ljava/lang/String;Ljava/lang/String;)Ljava/lang/String;", "sink_values": ["740ab94f-c898-4d0b-b73b-9caefc7a0fa9"], "sources": ["UUID"], "returned_value": null}, {"smali_tag": "5500_207", "clss": "Lcom/singular/sdk/internal/SingularRequestHandler;", "method": "buildRequest(Lcom/singular/sdk/internal/SingularInstance;Ljava/lang/String;Ljava/util/Map;J)Ljava/net/HttpURLConnection;", "num": 207, "sink_class": "Ljava/net/URL;", "sink_method": "<init>(Ljava/lang/String;)V", "sink_values": ["https://sdk-api-v1.singular.net/api/v1/start?a=se_team_9b3431b0&ab=arm64-v8a&asid=ba6b232e-0151-46d9-9b8f-47f9f4c0ae27&asid_scope=1&asid_timeinterval=0.101&av=1.5&br=Android&c=wifi&current_device_time=1696849201573&ddl_enabled=true&ddl_to=60&de=oriole&device_type=phone&device_user_agent=Dalvik%2F2.1.0+%28Linux%3B+U%3B+Android+12%3B+AOSP+on+Oriole+Build%2FSQ3A.220705.004%29&dnt=-1&event_index=0&i=net.singular.singularsampleapp&install_ref_timeinterval=0.011&install_time=1696849199662&is=true&k=ASID&lag=0.106&lc=en_US&ma=Google&mo=AOSP+on+Oriole&n=Singular+Sample+App&p=Android&pr=aosp_oriole&rt=json&s=1696849201518&sdk=Singular%2Fv12.0.9&singular_install_id=740ab94f-c898-4d0b-b73b-9caefc7a0fa9&u=ba6b232e-0151-46d9-9b8f-47f9f4c0ae27&update_time=1696849199662&v=12&h=6313f5d7970473116942819fb334dcbc9941ced7"], "sources": ["UUID"], "returned_value": null}, {"smali_tag": "5500_648", "clss": "Lcom/singular/sdk/internal/SingularRequestHandler;", "method": "getQueryString(Lcom/singular/sdk/internal/SingularInstance;Ljava/util/Map;J)Ljava/lang/String;", "num": 648, "sink_class": "Ljava/net/URLEncoder;", "sink_method": "encode(Ljava/lang/String;Ljava/lang/String;)Ljava/lang/String;", "sink_values": ["740ab94f-c898-4d0b-b73b-9caefc7a0fa9"], "sources": ["UUID"], "returned_value": null}, {"smali_tag": "5500_207", "clss": "Lcom/singular/sdk/internal/SingularRequestHandler;", "method": "buildRequest(Lcom/singular/sdk/internal/SingularInstance;Ljava/lang/String;Ljava/util/Map;J)Ljava/net/HttpURLConnection;", "num": 207, "sink_class": "Ljava/net/URL;", "sink_method": "<init>(Ljava/lang/String;)V", "sink_values": ["https://sdk-api-v1.singular.net/api/v1/event?a=se_team_9b3431b0&asid=ba6b232e-0151-46d9-9b8f-47f9f4c0ae27&av=1.5&c=wifi&event_index=1&i=net.singular.singularsampleapp&k=ASID&lag=0.053&n=fzjsgjgsjgsj&p=Android&rt=json&s=1696849201518&sdk=Singular%2Fv12.0.9&seq=1&singular_install_id=740ab94f-c898-4d0b-b73b-9caefc7a0fa9&t=8.778&u=ba6b232e-0151-46d9-9b8f-47f9f4c0ae27&h=629745036f40e5449875fb5fdc5fd7122e4376e7"], "sources": ["UUID"], "returned_value": null}, {"smali_tag": "5500_1194", "clss": "Lcom/singular/sdk/internal/SingularRequestHandler;", "method": "setPayloadForRequest(Ljava/net/HttpURLConnection;Ljava/util/Map;Ljava/lang/String;)V", "num": 1194, "sink_class": "Ljava/io/OutputStreamWriter;", "sink_method": "write(Ljava/lang/String;)V", "sink_values": ["{\"payload\":\"{\\\"e\\\":\\\"{\\\\\\\"is_revenue_event\\\\\\\":false}\\\"}\",\"signature\":\"caef987d66a04c21d23fb6fd15dd4e9e96d7cfeb\"}"], "sources": ["UUID"], "returned_value": null}, {"smali_tag": "5500_648", "clss": "Lcom/singular/sdk/internal/SingularRequestHandler;", "method": "getQueryString(Lcom/singular/sdk/internal/SingularInstance;Ljava/util/Map;J)Ljava/lang/String;", "num": 648, "sink_class": "Ljava/net/URLEncoder;", "sink_method": "encode(Ljava/lang/String;Ljava/lang/String;)Ljava/lang/String;", "sink_values": ["740ab94f-c898-4d0b-b73b-9caefc7a0fa9"], "sources": ["UUID"], "returned_value": null}, {"smali_tag": "5500_207", "clss": "Lcom/singular/sdk/internal/SingularRequestHandler;", "method": "buildRequest(Lcom/singular/sdk/internal/SingularInstance;Ljava/lang/String;Ljava/util/Map;J)Ljava/net/HttpURLConnection;", "num": 207, "sink_class": "Ljava/net/URL;", "sink_method": "<init>(Ljava/lang/String;)V", "sink_values": ["https://sdk-api-v1.singular.net/api/v1/event?a=se_team_9b3431b0&asid=ba6b232e-0151-46d9-9b8f-47f9f4c0ae27&av=1.5&c=wifi&event_index=2&i=net.singular.singularsampleapp&k=ASID&lag=0.054&n=__LicensingStatus&p=Android&rt=json&s=1696849201518&sdk=Singular%2Fv12.0.9&seq=2&singular_install_id=740ab94f-c898-4d0b-b73b-9caefc7a0fa9&t=9.596&u=ba6b232e-0151-46d9-9b8f-47f9f4c0ae27&h=30de5fc2209f93bdb1fb2598a00dd5ba076af57f"], "sources": ["UUID"], "returned_value": null}, {"smali_tag": "5500_1194", "clss": "Lcom/singular/sdk/internal/SingularRequestHandler;", "method": "setPayloadForRequest(Ljava/net/HttpURLConnection;Ljava/util/Map;Ljava/lang/String;)V", "num": 1194, "sink_class": "Ljava/io/OutputStreamWriter;", "sink_method": "write(Ljava/lang/String;)V", "sink_values": ["{\"payload\":\"{\\\"e\\\":\\\"{\\\\\\\"responseCode\\\\\\\":\\\\\\\"-1\\\\\\\",\\\\\\\"signedData\\\\\\\":\\\\\\\"Binding failed\\\\\\\",\\\\\\\"signature\\\\\\\":\\\\\\\"\\\\\\\",\\\\\\\"is_revenue_event\\\\\\\":false}\\\"}\",\"signature\":\"5e07dfb8def616b3525fe4720afd3cb1e1ae3bb7\"}"], "sources": ["UUID"], "returned_value": null}, {"smali_tag": "5500_648", "clss": "Lcom/singular/sdk/internal/SingularRequestHandler;", "method": "getQueryString(Lcom/singular/sdk/internal/SingularInstance;Ljava/util/Map;J)Ljava/lang/String;", "num": 648, "sink_class": "Ljava/net/URLEncoder;", "sink_method": "encode(Ljava/lang/String;Ljava/lang/String;)Ljava/lang/String;", "sink_values": ["740ab94f-c898-4d0b-b73b-9caefc7a0fa9"], "sources": ["UUID"], "returned_value": null}, {"smali_tag": "5500_207", "clss": "Lcom/singular/sdk/internal/SingularRequestHandler;", "method": "buildRequest(Lcom/singular/sdk/internal/SingularInstance;Ljava/lang/String;Ljava/util/Map;J)Ljava/net/HttpURLConnection;", "num": 207, "sink_class": "Ljava/net/URL;", "sink_method": "<init>(Ljava/lang/String;)V", "sink_values": ["https://sdk-api-v1.singular.net/api/v1/event?a=se_team_9b3431b0&asid=ba6b232e-0151-46d9-9b8f-47f9f4c0ae27&av=1.5&c=wifi&event_index=3&i=net.singular.singularsampleapp&k=ASID&lag=0.064&n=fzjsgjgsjgsj&p=Android&rt=json&s=1696849201518&sdk=Singular%2Fv12.0.9&seq=3&singular_install_id=740ab94f-c898-4d0b-b73b-9caefc7a0fa9&t=12.458&u=ba6b232e-0151-46d9-9b8f-47f9f4c0ae27&h=b66d0537978211d082fbb3fa7f2f24637c206a93"], "sources": ["UUID"], "returned_value": null}, {"smali_tag": "5500_1194", "clss": "Lcom/singular/sdk/internal/SingularRequestHandler;", "method": "setPayloadForRequest(Ljava/net/HttpURLConnection;Ljava/util/Map;Ljava/lang/String;)V", "num": 1194, "sink_class": "Ljava/io/OutputStreamWriter;", "sink_method": "write(Ljava/lang/String;)V", "sink_values": ["{\"payload\":\"{\\\"e\\\":\\\"{\\\\\\\"first_key\\\\\\\":\\\\\\\"first_value\\\\\\\",\\\\\\\"second_key\\\\\\\":\\\\\\\"second_value\\\\\\\",\\\\\\\"is_revenue_event\\\\\\\":false}\\\"}\",\"signature\":\"457b0eb636b36d49a103b3e24c67e3f829c0eef1\"}"], "sources": ["UUID"], "returned_value": null}]