project.emulator.get_num_leaks() = 2
Sources
[{'clss': 'Lcom/taboola/android/global_components/AppSession;',
  'method': '<init>(Landroid/content/Context;)V',
  'name': ['UUID'],
  'num': 37,
  'source_class': 'Ljava/util/UUID;',
  'source_method': 'toString()Ljava/lang/String;'},
 {'clss': 'Lcom/taboola/android/global_components/AppSession;',
  'method': '<init>(Landroid/content/Context;)V',
  'name': ['UUID'],
  'num': 59,
  'source_class': 'Ljava/lang/StringBuilder;',
  'source_method': 'toString()Ljava/lang/String;'},
 {'clss': 'Lcom/taboola/android/global_components/advertisingid/TBLAdvertisingIdInfo$AdvertisingInterface;',
  'method': 'getId()Ljava/lang/String;',
  'name': ['AAID'],
  'num': 88,
  'source_class': 'Landroid/os/Parcel;',
  'source_method': 'readString()Ljava/lang/String;'},
 {'clss': 'Lcom/taboola/android/global_components/advertisingid/TBLAdvertisingIdInfo$1;',
  'method': 'run()V',
  'name': ['AAID'],
  'num': 95,
  'source_class': 'Ljava/lang/StringBuilder;',
  'source_method': 'toString()Ljava/lang/String;'},
 {'clss': 'Lcom/taboola/android/global_components/advertisingid/TBLAdvertisingIdInfo$AdvertisingInterface;',
  'method': 'getId()Ljava/lang/String;',
  'name': ['AAID'],
  'num': 88,
  'source_class': 'Landroid/os/Parcel;',
  'source_method': 'readString()Ljava/lang/String;'},
 {'clss': 'Lcom/taboola/android/global_components/advertisingid/TBLAdvertisingIdInfo$1;',
  'method': 'run()V',
  'name': ['AAID'],
  'num': 95,
  'source_class': 'Ljava/lang/StringBuilder;',
  'source_method': 'toString()Ljava/lang/String;'},
 {'clss': 'Lcom/taboola/android/global_components/advertisingid/TBLAdvertisingIdInfo;',
  'method': 'getAdvertisingId()Ljava/lang/String;',
  'name': ['AAID'],
  'num': 433,
  'source_class': 'Ljava/lang/StringBuilder;',
  'source_method': 'toString()Ljava/lang/String;'},
 {'clss': 'Lcom/taboola/android/utils/TBLSharedPrefUtil;',
  'method': 'getString(Landroid/content/Context;Ljava/lang/String;Ljava/lang/String;)Ljava/lang/String;',
  'name': ['UUID'],
  'num': 1036,
  'source_class': 'Landroid/content/SharedPreferences;',
  'source_method': 'getString(Ljava/lang/String;Ljava/lang/String;)Ljava/lang/String;'},
 {'clss': 'Lcom/taboola/android/global_components/AppSession;',
  'method': 'getAppSessionString(Landroid/content/Context;)Ljava/lang/String;',
  'name': ['UUID'],
  'num': 101,
  'source_class': 'Ljava/lang/StringBuilder;',
  'source_method': 'toString()Ljava/lang/String;'},
 {'clss': 'Lcom/taboola/android/tblweb/TBLWebViewManager;',
  'method': 'getDeviceData()Ljava/lang/String;',
  'name': ['AAID', 'UUID'],
  'num': 1819,
  'source_class': 'Lorg/json/JSONObject;',
  'source_method': 'toString()Ljava/lang/String;'},
 {'clss': 'Lcom/taboola/android/tblweb/TBLInjectedObject;',
  'method': 'getDeviceData()Ljava/lang/String;',
  'name': ['AAID', 'UUID'],
  'num': 970,
  'source_class': 'Ljava/lang/StringBuilder;',
  'source_method': 'toString()Ljava/lang/String;'},
 {'clss': 'Lcom/taboola/android/global_components/configuration/TBLConfigManager;',
  'method': 'getConfigFromRemote(Lcom/taboola/android/global_components/configuration/TBLConfigResponse;)V',
  'name': ['UUID'],
  'num': 303,
  'source_class': 'Ljava/util/UUID;',
  'source_method': 'toString()Ljava/lang/String;'},
 {'clss': 'Lcom/taboola/android/global_components/advertisingid/TBLAdvertisingIdInfo$AdvertisingInterface;',
  'method': 'getId()Ljava/lang/String;',
  'name': ['AAID'],
  'num': 88,
  'source_class': 'Landroid/os/Parcel;',
  'source_method': 'readString()Ljava/lang/String;'},
 {'clss': 'Lcom/taboola/android/global_components/advertisingid/TBLAdvertisingIdInfo$1;',
  'method': 'run()V',
  'name': ['AAID'],
  'num': 95,
  'source_class': 'Ljava/lang/StringBuilder;',
  'source_method': 'toString()Ljava/lang/String;'},
 {'clss': 'Lcom/taboola/android/tblnative/TBLNativePageNetworkOrchestrator;',
  'method': 'fetchRecommendations(Lcom/taboola/android/tblnative/TBLRecommendationsRequest;Lcom/taboola/android/tblnative/TBLRecommendationRequestCallback;Lcom/taboola/android/tblnative/TBLNativeUnit;Landroid/os/Handler;)V',
  'name': ['UUID'],
  'num': 430,
  'source_class': 'Ljava/util/UUID;',
  'source_method': 'toString()Ljava/lang/String;'},
 {'clss': 'Lcom/taboola/android/global_components/network/handlers/TBLRecommendationsHandler;',
  'method': 'performRequest(Ljava/lang/String;Ljava/lang/String;Ljava/util/Map;Ljava/lang/String;Lcom/taboola/android/global_components/network/handlers/TBLRecommendationsHandler$RecommendationsResponse;)Ljava/lang/String;',
  'name': ['AAID'],
  'num': 507,
  'source_class': 'Ljava/lang/String;',
  'source_method': 'valueOf(Ljava/lang/Object;)Ljava/lang/String;'},
 {'clss': 'Lcom/taboola/lightnetwork/url_components/UrlParameter;',
  'method': '<init>(Ljava/lang/Object;Ljava/lang/Object;)V',
  'name': ['AAID'],
  'num': 28,
  'source_class': 'Ljava/lang/String;',
  'source_method': 'valueOf(Ljava/lang/Object;)Ljava/lang/String;'},
 {'clss': 'Lcom/taboola/android/global_components/network/handlers/TBLRecommendationsHandler;',
  'method': 'performRequest(Ljava/lang/String;Ljava/lang/String;Ljava/util/Map;Ljava/lang/String;Lcom/taboola/android/global_components/network/handlers/TBLRecommendationsHandler$RecommendationsResponse;)Ljava/lang/String;',
  'name': ['UUID'],
  'num': 507,
  'source_class': 'Ljava/lang/String;',
  'source_method': 'valueOf(Ljava/lang/Object;)Ljava/lang/String;'},
 {'clss': 'Lcom/taboola/lightnetwork/url_components/UrlParameter;',
  'method': '<init>(Ljava/lang/Object;Ljava/lang/Object;)V',
  'name': ['UUID'],
  'num': 28,
  'source_class': 'Ljava/lang/String;',
  'source_method': 'valueOf(Ljava/lang/Object;)Ljava/lang/String;'},
 {'clss': 'Lcom/taboola/lightnetwork/url_components/UrlParameters;',
  'method': 'getString(Z)Ljava/lang/String;',
  'name': ['AAID'],
  'num': 275,
  'source_class': 'Ljava/lang/String;',
  'source_method': 'format(Ljava/lang/String;[Ljava/lang/Object;)Ljava/lang/String;'},
 {'clss': 'Lcom/taboola/lightnetwork/url_components/UrlParameters;',
  'method': 'getString(Z)Ljava/lang/String;',
  'name': ['UUID'],
  'num': 275,
  'source_class': 'Ljava/lang/String;',
  'source_method': 'format(Ljava/lang/String;[Ljava/lang/Object;)Ljava/lang/String;'},
 {'clss': 'Lcom/taboola/lightnetwork/url_components/UrlParameters;',
  'method': 'getString(Z)Ljava/lang/String;',
  'name': ['AAID', 'UUID'],
  'num': 289,
  'source_class': 'Ljava/lang/StringBuilder;',
  'source_method': 'toString()Ljava/lang/String;'},
 {'clss': 'Lcom/taboola/lightnetwork/url_components/MutableUrl;',
  'method': 'getQueryParams()Ljava/lang/String;',
  'name': ['AAID', 'UUID'],
  'num': 179,
  'source_class': 'Ljava/lang/StringBuilder;',
  'source_method': 'toString()Ljava/lang/String;'},
 {'clss': 'Lcom/taboola/lightnetwork/url_components/MutableUrl;',
  'method': 'getUrl()Ljava/lang/String;',
  'name': ['AAID', 'UUID'],
  'num': 281,
  'source_class': 'Ljava/lang/String;',
  'source_method': 'format(Ljava/lang/String;[Ljava/lang/Object;)Ljava/lang/String;'},
 {'clss': 'Lcom/taboola/lightnetwork/protocols/http/HttpRequest;',
  'method': 'performRequest(Lcom/taboola/lightnetwork/protocols/http/HttpManager$NetworkResponse;Z)V',
  'name': ['AAID', 'UUID'],
  'num': 450,
  'source_class': 'Ljava/lang/String;',
  'source_method': 'toLowerCase()Ljava/lang/String;'},
 {'clss': 'Lcom/taboola/lightnetwork/utils/StreamUtils;',
  'method': 'getStringFromIS(Ljava/io/InputStream;)Ljava/lang/String;',
  'name': ['AAID'],
  'num': 97,
  'source_class': 'Ljava/io/BufferedReader;',
  'source_method': 'readLine()Ljava/lang/String;'},
 {'clss': 'Lcom/taboola/lightnetwork/utils/StreamUtils;',
  'method': 'getStringFromIS(Ljava/io/InputStream;)Ljava/lang/String;',
  'name': ['AAID'],
  'num': 122,
  'source_class': 'Ljava/lang/StringBuilder;',
  'source_method': 'toString()Ljava/lang/String;'},
 {'clss': 'Lcom/taboola/android/tblnative/TBLNativePageNetworkOrchestrator$1;',
  'method': 'onResponse(Lcom/taboola/lightnetwork/protocols/http/HttpResponse;Ljava/lang/String;)V',
  'name': ['AAID', 'UUID'],
  'num': 115,
  'source_class': 'Ljava/lang/StringBuilder;',
  'source_method': 'toString()Ljava/lang/String;'},
 {'clss': 'Lcom/taboola/android/tblnative/TBLTypeAdapterTBLRecommendationResponse$RecommendationResponseAdapter;',
  'method': 'deserialize(Ljava/lang/String;)Lcom/taboola/android/tblnative/TBLRecommendationsResponse;',
  'name': ['AAID'],
  'num': 207,
  'source_class': 'Ljava/lang/StringBuilder;',
  'source_method': 'toString()Ljava/lang/String;'},
 {'clss': 'Lcom/taboola/android/tblnative/TBLTypeAdapterTBLRecommendationResponse$RecommendationResponseAdapter;',
  'method': 'deserialize(Ljava/lang/String;)Lcom/taboola/android/tblnative/TBLRecommendationsResponse;',
  'name': ['AAID'],
  'num': 264,
  'source_class': 'Lorg/json/JSONObject;',
  'source_method': 'getString(Ljava/lang/String;)Ljava/lang/String;'},
 {'clss': 'Lcom/taboola/android/tblnative/TBLTypeAdapterTBLRecommendationResponse$RecommendationResponseAdapter;',
  'method': 'deserialize(Ljava/lang/String;)Lcom/taboola/android/tblnative/TBLRecommendationsResponse;',
  'name': ['AAID'],
  'num': 264,
  'source_class': 'Lorg/json/JSONObject;',
  'source_method': 'getString(Ljava/lang/String;)Ljava/lang/String;'},
 {'clss': 'Lcom/taboola/android/global_components/blison/BlisonDeserialize;',
  'method': 'fromJson(Ljava/lang/String;Ljava/lang/reflect/Type;)Ljava/lang/Object;',
  'name': ['AAID'],
  'num': 1058,
  'source_class': 'Ljava/lang/String;',
  'source_method': 'trim()Ljava/lang/String;'},
 {'clss': 'Lcom/taboola/android/global_components/blison/BlisonDeserialize;',
  'method': 'makeAttemptsToDeserializeWithDifferentObjectsTypes(Lorg/json/JSONObject;Ljava/lang/Object;Ljava/lang/String;Ljava/lang/reflect/Field;)V',
  'name': ['AAID'],
  'num': 618,
  'source_class': 'Lorg/json/JSONObject;',
  'source_method': 'getString(Ljava/lang/String;)Ljava/lang/String;'},
 {'clss': 'Lcom/taboola/android/global_components/blison/BlisonDeserialize;',
  'method': 'succeededSaveAsArrayList(Ljava/lang/reflect/Field;Ljava/lang/reflect/Type;Ljava/lang/String;Ljava/lang/Object;)Z',
  'name': ['AAID'],
  'num': 780,
  'source_class': 'Ljava/lang/String;',
  'source_method': 'trim()Ljava/lang/String;'},
 {'clss': 'Lcom/taboola/android/global_components/blison/TypeAdapters$StringTypeAdapter;',
  'method': 'extractData(Ljava/lang/String;Lorg/json/JSONObject;)Ljava/lang/Object;',
  'name': ['AAID'],
  'num': 45,
  'source_class': 'Lorg/json/JSONObject;',
  'source_method': 'getString(Ljava/lang/String;)Ljava/lang/String;'},
 {'clss': 'Lcom/taboola/android/global_components/blison/TypeAdapters$StringTypeAdapter;',
  'method': 'extractData(Ljava/lang/String;Lorg/json/JSONObject;)Ljava/lang/Object;',
  'name': ['AAID'],
  'num': 45,
  'source_class': 'Lorg/json/JSONObject;',
  'source_method': 'getString(Ljava/lang/String;)Ljava/lang/String;'},
 {'clss': 'Lcom/taboola/android/global_components/blison/TypeAdapters$StringTypeAdapter;',
  'method': 'extractData(Ljava/lang/String;Lorg/json/JSONObject;)Ljava/lang/Object;',
  'name': ['AAID'],
  'num': 45,
  'source_class': 'Lorg/json/JSONObject;',
  'source_method': 'getString(Ljava/lang/String;)Ljava/lang/String;'},
 {'clss': 'Lcom/taboola/android/global_components/blison/TypeAdapters$StringTypeAdapter;',
  'method': 'extractData(Ljava/lang/String;Lorg/json/JSONObject;)Ljava/lang/Object;',
  'name': ['AAID'],
  'num': 45,
  'source_class': 'Lorg/json/JSONObject;',
  'source_method': 'getString(Ljava/lang/String;)Ljava/lang/String;'},
 {'clss': 'Lcom/taboola/android/global_components/blison/TypeAdapters$StringTypeAdapter;',
  'method': 'extractData(Ljava/lang/String;Lorg/json/JSONObject;)Ljava/lang/Object;',
  'name': ['AAID'],
  'num': 45,
  'source_class': 'Lorg/json/JSONObject;',
  'source_method': 'getString(Ljava/lang/String;)Ljava/lang/String;'},
 {'clss': 'Lcom/taboola/android/global_components/blison/TypeAdapters$StringTypeAdapter;',
  'method': 'extractData(Ljava/lang/String;Lorg/json/JSONObject;)Ljava/lang/Object;',
  'name': ['AAID'],
  'num': 45,
  'source_class': 'Lorg/json/JSONObject;',
  'source_method': 'getString(Ljava/lang/String;)Ljava/lang/String;'},
 {'clss': 'Lcom/taboola/android/global_components/blison/TypeAdapters$StringTypeAdapter;',
  'method': 'extractData(Ljava/lang/String;Lorg/json/JSONObject;)Ljava/lang/Object;',
  'name': ['AAID'],
  'num': 45,
  'source_class': 'Lorg/json/JSONObject;',
  'source_method': 'getString(Ljava/lang/String;)Ljava/lang/String;'},
 {'clss': 'Lcom/taboola/android/global_components/blison/TypeAdapters$StringTypeAdapter;',
  'method': 'extractData(Ljava/lang/String;Lorg/json/JSONObject;)Ljava/lang/Object;',
  'name': ['AAID'],
  'num': 45,
  'source_class': 'Lorg/json/JSONObject;',
  'source_method': 'getString(Ljava/lang/String;)Ljava/lang/String;'},
 {'clss': 'Lcom/taboola/android/global_components/blison/TypeAdapters$StringTypeAdapter;',
  'method': 'extractData(Ljava/lang/String;Lorg/json/JSONObject;)Ljava/lang/Object;',
  'name': ['AAID'],
  'num': 45,
  'source_class': 'Lorg/json/JSONObject;',
  'source_method': 'getString(Ljava/lang/String;)Ljava/lang/String;'},
 {'clss': 'Lcom/taboola/android/global_components/blison/TypeAdapters$StringTypeAdapter;',
  'method': 'extractData(Ljava/lang/String;Lorg/json/JSONObject;)Ljava/lang/Object;',
  'name': ['AAID'],
  'num': 45,
  'source_class': 'Lorg/json/JSONObject;',
  'source_method': 'getString(Ljava/lang/String;)Ljava/lang/String;'},
 {'clss': 'Lcom/taboola/android/global_components/blison/TypeAdapters$StringTypeAdapter;',
  'method': 'extractData(Ljava/lang/String;Lorg/json/JSONObject;)Ljava/lang/Object;',
  'name': ['AAID'],
  'num': 45,
  'source_class': 'Lorg/json/JSONObject;',
  'source_method': 'getString(Ljava/lang/String;)Ljava/lang/String;'},
 {'clss': 'Lcom/taboola/android/global_components/blison/TypeAdapters$StringTypeAdapter;',
  'method': 'extractData(Ljava/lang/String;Lorg/json/JSONObject;)Ljava/lang/Object;',
  'name': ['AAID'],
  'num': 45,
  'source_class': 'Lorg/json/JSONObject;',
  'source_method': 'getString(Ljava/lang/String;)Ljava/lang/String;'},
 {'clss': 'Lcom/taboola/android/global_components/blison/TypeAdapters$StringTypeAdapter;',
  'method': 'extractData(Ljava/lang/String;Lorg/json/JSONObject;)Ljava/lang/Object;',
  'name': ['AAID'],
  'num': 45,
  'source_class': 'Lorg/json/JSONObject;',
  'source_method': 'getString(Ljava/lang/String;)Ljava/lang/String;'},
 {'clss': 'Lcom/taboola/android/global_components/blison/TypeAdapters$StringTypeAdapter;',
  'method': 'extractData(Ljava/lang/String;Lorg/json/JSONObject;)Ljava/lang/Object;',
  'name': ['AAID'],
  'num': 45,
  'source_class': 'Lorg/json/JSONObject;',
  'source_method': 'getString(Ljava/lang/String;)Ljava/lang/String;'},
 {'clss': 'Lcom/taboola/android/global_components/blison/TypeAdapters$StringTypeAdapter;',
  'method': 'extractData(Ljava/lang/String;Lorg/json/JSONObject;)Ljava/lang/Object;',
  'name': ['AAID'],
  'num': 45,
  'source_class': 'Lorg/json/JSONObject;',
  'source_method': 'getString(Ljava/lang/String;)Ljava/lang/String;'},
 {'clss': 'Lcom/taboola/android/global_components/blison/TypeAdapters$StringTypeAdapter;',
  'method': 'extractData(Ljava/lang/String;Lorg/json/JSONObject;)Ljava/lang/Object;',
  'name': ['AAID'],
  'num': 45,
  'source_class': 'Lorg/json/JSONObject;',
  'source_method': 'getString(Ljava/lang/String;)Ljava/lang/String;'},
 {'clss': 'Lcom/taboola/android/global_components/blison/TypeAdapters$StringTypeAdapter;',
  'method': 'extractData(Ljava/lang/String;Lorg/json/JSONObject;)Ljava/lang/Object;',
  'name': ['AAID'],
  'num': 45,
  'source_class': 'Lorg/json/JSONObject;',
  'source_method': 'getString(Ljava/lang/String;)Ljava/lang/String;'},
 {'clss': 'Lcom/taboola/android/global_components/blison/TypeAdapters$StringTypeAdapter;',
  'method': 'extractData(Ljava/lang/String;Lorg/json/JSONObject;)Ljava/lang/Object;',
  'name': ['AAID'],
  'num': 45,
  'source_class': 'Lorg/json/JSONObject;',
  'source_method': 'getString(Ljava/lang/String;)Ljava/lang/String;'},
 {'clss': 'Lcom/taboola/android/global_components/blison/TypeAdapters$StringTypeAdapter;',
  'method': 'extractData(Ljava/lang/String;Lorg/json/JSONObject;)Ljava/lang/Object;',
  'name': ['AAID'],
  'num': 45,
  'source_class': 'Lorg/json/JSONObject;',
  'source_method': 'getString(Ljava/lang/String;)Ljava/lang/String;'},
 {'clss': 'Lcom/taboola/android/global_components/blison/TypeAdapters$StringTypeAdapter;',
  'method': 'extractData(Ljava/lang/String;Lorg/json/JSONObject;)Ljava/lang/Object;',
  'name': ['AAID'],
  'num': 45,
  'source_class': 'Lorg/json/JSONObject;',
  'source_method': 'getString(Ljava/lang/String;)Ljava/lang/String;'},
 {'clss': 'Lcom/taboola/android/utils/TBLSharedPrefUtil;',
  'method': 'getString(Landroid/content/Context;Ljava/lang/String;Ljava/lang/String;)Ljava/lang/String;',
  'name': ['AAID'],
  'num': 1036,
  'source_class': 'Landroid/content/SharedPreferences;',
  'source_method': 'getString(Ljava/lang/String;Ljava/lang/String;)Ljava/lang/String;'},
 {'clss': 'Lcom/taboola/android/global_components/network/handlers/TBLRecommendationsHandler;',
  'method': 'performRequest(Ljava/lang/String;Ljava/lang/String;Ljava/util/Map;Ljava/lang/String;Lcom/taboola/android/global_components/network/handlers/TBLRecommendationsHandler$RecommendationsResponse;)Ljava/lang/String;',
  'name': ['AAID'],
  'num': 507,
  'source_class': 'Ljava/lang/String;',
  'source_method': 'valueOf(Ljava/lang/Object;)Ljava/lang/String;'},
 {'clss': 'Lcom/taboola/lightnetwork/url_components/UrlParameter;',
  'method': '<init>(Ljava/lang/Object;Ljava/lang/Object;)V',
  'name': ['AAID'],
  'num': 28,
  'source_class': 'Ljava/lang/String;',
  'source_method': 'valueOf(Ljava/lang/Object;)Ljava/lang/String;'},
 {'clss': 'Lcom/taboola/lightnetwork/url_components/UrlParameters;',
  'method': 'getString(Z)Ljava/lang/String;',
  'name': ['AAID'],
  'num': 275,
  'source_class': 'Ljava/lang/String;',
  'source_method': 'format(Ljava/lang/String;[Ljava/lang/Object;)Ljava/lang/String;'},
 {'clss': 'Lcom/taboola/lightnetwork/url_components/UrlParameters;',
  'method': 'getString(Z)Ljava/lang/String;',
  'name': ['AAID'],
  'num': 289,
  'source_class': 'Ljava/lang/StringBuilder;',
  'source_method': 'toString()Ljava/lang/String;'},
 {'clss': 'Lcom/taboola/lightnetwork/url_components/MutableUrl;',
  'method': 'getQueryParams()Ljava/lang/String;',
  'name': ['AAID'],
  'num': 179,
  'source_class': 'Ljava/lang/StringBuilder;',
  'source_method': 'toString()Ljava/lang/String;'},
 {'clss': 'Lcom/taboola/lightnetwork/url_components/MutableUrl;',
  'method': 'getUrl()Ljava/lang/String;',
  'name': ['AAID'],
  'num': 281,
  'source_class': 'Ljava/lang/String;',
  'source_method': 'format(Ljava/lang/String;[Ljava/lang/Object;)Ljava/lang/String;'},
 {'clss': 'Lcom/taboola/lightnetwork/protocols/http/HttpRequest;',
  'method': 'performRequest(Lcom/taboola/lightnetwork/protocols/http/HttpManager$NetworkResponse;Z)V',
  'name': ['AAID'],
  'num': 450,
  'source_class': 'Ljava/lang/String;',
  'source_method': 'toLowerCase()Ljava/lang/String;'}]
Sinks
[{"smali_tag": "7708_467", "clss": "Lcom/taboola/lightnetwork/protocols/http/HttpRequest;", "method": "performRequest(Lcom/taboola/lightnetwork/protocols/http/HttpManager$NetworkResponse;Z)V", "num": 467, "sink_class": "Ljava/net/URL;", "sink_method": "<init>(Ljava/lang/String;)V", "sink_values": ["https://cdn.taboola.com/mobile-config/sdk-tester-rnd/confV1_0/taboolaConfig.json?ui=tci57302-4cc3-462b-865a-03d6d1be36a6&appv=1.0&sdkv=3.7.0-rc1&osv=13"], "sources": ["UUID"], "returned_value": null}, {"smali_tag": "7708_467", "clss": "Lcom/taboola/lightnetwork/protocols/http/HttpRequest;", "method": "performRequest(Lcom/taboola/lightnetwork/protocols/http/HttpManager$NetworkResponse;Z)V", "num": 467, "sink_class": "Ljava/net/URL;", "sink_method": "<init>(Ljava/lang/String;)V", "sink_values": ["https://api.taboola.com/1.2/json/sdk-tester-rnd/recommendations.multiple-get?ad=%7B%22sdkd%22%3A%7B%22appv%22%3A%221.0%22%2C%22appid%22%3A%22com.taboola.kotlin.examples%22%2C%22sdkt%22%3A%22Taboola%20Android%20SDK%20-%20API%22%2C%22os%22%3A%22Android%22%2C%22osv%22%3A%2213%22%2C%22sdkv%22%3A%223.7.0-rc1%22%2C%22app%22%3A%22TaboolaSdkExamples%22%2C%22model%22%3A%22Google%20sdk_gphone_x86_64%22%2C%22lng%22%3A%7B%22main%22%3A%22eng%22%2C%22locale%22%3A%22en_US%22%2C%22dsplng%22%3A%22English%22%2C%22sim%22%3A%22us%22%2C%22netw%22%3A%22us%22%2C%22kbd%22%3A%5B%22%22%5D%7D%2C%22androidx%22%3Atrue%2C%22net%22%3A%22wifi%22%2C%22mem%22%3A%222013520%22%2C%22scr%22%3A%7B%22wd%22%3A1080%2C%22ht%22%3A2201%7D%7D%7D&placement1.available=true&user.opt_out=false&placement1.name=list_item&device.id=4a16ccc6-e9d6-4d9a-885a-6259b15a2aed&source.id=%2F&placement1.organic-type=mix&app.type=mobile&app.name=TaboolaSdkExamples&source.type=text&req_id=b061b671-e196-4497-a448-288ea5c84fb2&placement1.rec-count=10&source.url=https%3A%2F%2Fblog.taboola.com&user.session=init&view.id=1696849708830&placement1.visible=false&app.apikey=c4c6a04f0b48c7992ff477c89a28ef8d41932d12"], "sources": ["UUID", "AAID"], "returned_value": null}, {"smali_tag": "7708_467", "clss": "Lcom/taboola/lightnetwork/protocols/http/HttpRequest;", "method": "performRequest(Lcom/taboola/lightnetwork/protocols/http/HttpManager$NetworkResponse;Z)V", "num": 467, "sink_class": "Ljava/net/URL;", "sink_method": "<init>(Ljava/lang/String;)V", "sink_values": ["https://api.taboola.com/1.2/json/sdk-tester-rnd/recommendations.notify-visible?response.session=v2_a836b8e884ee5279bba798964e3c27fe_4a16ccc6-e9d6-4d9a-885a-6259b15a2aed_1696849709_1696849709_CNawjgYQ5OxKGOvXne6m4fjigwEgASgFMG84lq0LQLq3C0iC-tYDUP___________wFYAGAAaMaiuLGVjs6u1gFwAQ&response.id=__8f7dfe8d10b19610959deb41922de1c8__6e4f32919845c4768365fa4b20ed1d2d__~~V1~~-9144331280895157292~~34TXhbx4GkQEts_ZpJ8U-2a70zu1NcPCkb_z7WCyFHvpZyC7dGVdvKnSHsaHrNsFPqHKND1Qt1VI-q4TE2ERI4UBZsYQKMdxX5ImIu7A_U_ONv_oU7yqTaZDvmM6-yUUeBvwP2oAmwpE7OYGz3MNezhQU3CeEuIRsHL8AwnaInePJdUvMeVvFIuxRQ28z4liUrqmF849_iC3LBY5Mp6GVppInogMnLXIzf74SLDck6Q%2C~~V1~~-6602120415343649534~~X8GmGmiWYJIZ43qXAJ3fEPvSKQF-_DReXcpKVkWlBYFyNpbgedRdYuhjTdtdbeHkJixgLU9KG2GdS6FsD2gifYR9SjFJSOkcN0e__RG3h50a4dJ-kbzgzUpz-woEshYjOapvc4SNlrCxqn0LEQ1CNq8_ONGbeXaHZbfQIQ5sFPccXiUhG5fj9dh9eAPeT-M3RdbgwlJdnqyroTPEQNNEn4hMlz0-coRydwg_rojbK5g%2C~~V1~~-1894607506276338353~~OvufK0Vtu8pAhGPekMUSbTiY1d2ueYDxDba3l_SA3l0ndpXq_nTToVci-tV_1bYyPVPbFHdycXfyr1VxmozLcRtMUwo-H2zCE_QWzxLHq2s5FEl28Kw1oR95tod0R2VITOJfEFXFNA27bolbvSR8DZqmOqJidAnGjrJEFPqbcrHEcI4xLt36LvUyMC9N69nhItL9GIDg8S5APSEwi3LgWSUFexfI6kaieMhB7kQe5Z6Iqm56bnWjadxHc9jKpxF2zA_73-j2KHiancCTRdEYKDDu07MI-Vh-HMpVI0CxSx0%2C~~V1~~-947504622876290952~~SKlBuoxpzNBWCrFD1NKqJ1yMboed9sWkFr5Aa_aCelTB6wGpPWu_F_-PRJzQTUkvJixgLU9KG2GdS6FsD2gifYR9SjFJSOkcN0e__RG3h50a4dJ-kbzgzUpz-woEshYjOapvc4SNlrCxqn0LEQ1CNjOQ0JkTy1vZZb6e6DUlHFQ4-DbPWq10h_ZEir0SZn17RdbgwlJdnqyroTPEQNNEnyrGgfXraZfkqzxVI8YJiN0%2C~~V1~~5424827835626540032~~SSxhKM6H2flMzygrVjrblTNanAxOmAwsnxX8a8Hwak-JKXj05hAmitdyoIZhlGUCJixgLU9KG2GdS6FsD2gifYR9SjFJSOkcN0e__RG3h50a4dJ-kbzgzUpz-woEshYjOapvc4SNlrCxqn0LEQ1CNvCVse342l3NNLamVte7PzO2NbVaFVTh5qXbh7-mnJ4WxcTw3bwyxjnJQk0rVupDpsjHquE0SK_XFvkhyT520c0%2C~~V1~~-2372090432045253747~~PDaz9PnAJZGZ_L-rL-qkGonjV6YQ0umgOV4rwO5Yh7p9_9IWyVTZYEw3zPc60dwzHu_TYvngZ3fIkOCpr71_kLalhbvWJCDH7mbyL9He8XM4OjUzo7XEkWls-OD5VcrO17NFUKkRE38vfRxKLwLP3Dm0aOpmyfiZPjCFCX_7NITiJuJ1Gy86VjKnd18wGuLS1R7g_B9Qwds9rtFyAb2tHXopwrhnbyhVDhc3Tu2GwH4ZcvCxLd-Ra2kE8DSwsjiijrOGv-6iDoYLvQ6osB3pEQ%2C~~V1~~-4374077613815053801~~fgMfdn1Yvw5htB7tsrcVkveu-MUSAF2DGof9fsJzH9B9_9IWyVTZYEw3zPc60dwzHu_TYvngZ3fIkOCpr71_kEG7ZV-otJlb-HW-fz6du304OjUzo7XEkWls-OD5VcrO17NFUKkRE38vfRxKLwLP3Dm0aOpmyfiZPjCFCX_7NISV8TR-QWiC6JZCqIBdLvURe-3y71uYsv0vh-tY5XFAlih8WccTjii7EAZHOQgZ4vAaE3iK7ebMf8nQ4vZ9kk8x5tChKVNR2PDFtDPJ36GLiw%2C~~V1~~-6624251303130711348~~sCQ1Pnzqjwj59bg2BL36ay08nFdouPvWoOhfXXj50Zl9_9IWyVTZYEw3zPc60dwzHu_TYvngZ3fIkOCpr71_kLsKUv2rJo-AH9kme8q0dsY4OjUzo7XEkWls-OD5VcrO17NFUKkRE38vfRxKLwLP3Dm0aOpmyfiZPjCFCX_7NISQlXIimmr6fnOh4T5Ny7uTQbub6Pu5ljej8PJeceZ6iujyIbQRzj3V-6eHCOD9N9Rw9Bi4Nufo9ZLNj3Fvu5iIjrOGv-6iDoYLvQ6osB3pEQ%2Choliday-marketing-examples-2021%2Ccontent-marketing-strategies-for-breakthrough-results__photo%2Ctext%2Cphoto%2Cphoto%2Ctext%2Ctext%2Ctext%2Cphoto%2Ctext%2Ctext&app.apikey=c4c6a04f0b48c7992ff477c89a28ef8d41932d12&app.type=mobile"], "sources": ["UUID", "AAID"], "returned_value": null}, {"smali_tag": "7708_467", "clss": "Lcom/taboola/lightnetwork/protocols/http/HttpRequest;", "method": "performRequest(Lcom/taboola/lightnetwork/protocols/http/HttpManager$NetworkResponse;Z)V", "num": 467, "sink_class": "Ljava/net/URL;", "sink_method": "<init>(Ljava/lang/String;)V", "sink_values": ["https://images.taboola.com/taboola/image/fetch/f_jpg%2Cq_auto%2Cc_fill%2Cg_faces:auto%2Ce_sharpen/http%3A%2F%2Fcdn.taboola.com%2Flibtrc%2Fstatic%2Fthumbnails%2F1c61f3e1247e22cb83300f0692660ed6.jpg"], "sources": ["UUID", "AAID"], "returned_value": null}]