project.emulator.get_num_leaks() = 1
Sources
[{'clss': 'Lcom/google/android/gms/internal/ads/zzbzm;',
  'method': 'zzy(Landroid/content/Context;)Ljava/lang/String;',
  'name': ['AndroidID'],
  'num': 1557,
  'source_class': 'Landroid/provider/Settings$Secure;',
  'source_method': 'getString(Landroid/content/ContentResolver;Ljava/lang/String;)Ljava/lang/String;'},
 {'clss': 'Lcom/google/android/gms/internal/ads/zzbzm;',
  'method': 'zzy(Landroid/content/Context;)Ljava/lang/String;',
  'name': ['AndroidID'],
  'num': 1557,
  'source_class': 'Landroid/provider/Settings$Secure;',
  'source_method': 'getString(Landroid/content/ContentResolver;Ljava/lang/String;)Ljava/lang/String;'},
 {'clss': 'Lcom/google/android/gms/internal/ads/zzduu;',
  'method': 'zzb()Ljava/lang/Object;',
  'name': ['UUID'],
  'num': 40,
  'source_class': 'Ljava/util/UUID;',
  'source_method': 'toString()Ljava/lang/String;'},
 {'clss': 'Lcom/google/android/gms/internal/ads/zzbnc;',
  'method': 'zzd(Lcom/google/android/gms/internal/ads/zzbnc;Lcom/google/android/gms/internal/ads/zzbme;Lcom/google/android/gms/internal/ads/zzbml;Ljava/lang/Object;Lcom/google/android/gms/internal/ads/zzcal;)V',
  'name': ['UUID'],
  'num': 60,
  'source_class': 'Ljava/util/UUID;',
  'source_method': 'toString()Ljava/lang/String;'},
 {'clss': 'Lcom/google/android/gms/internal/ads/zzblc;',
  'method': 'zzd(Lcom/google/android/gms/internal/ads/zzbld;Ljava/lang/String;Lorg/json/JSONObject;)V',
  'name': ['UUID'],
  'num': 128,
  'source_class': 'Lorg/json/JSONObject;',
  'source_method': 'toString()Ljava/lang/String;'},
 {'clss': 'Lcom/google/android/gms/internal/ads/zzblc;',
  'method': 'zzc(Lcom/google/android/gms/internal/ads/zzbld;Ljava/lang/String;Ljava/lang/String;)V',
  'name': ['UUID'],
  'num': 114,
  'source_class': 'Ljava/lang/StringBuilder;',
  'source_method': 'toString()Ljava/lang/String;'},
 {'clss': 'Lcom/google/android/gms/internal/ads/zzcfz;', 'method': 'run()V', 'name': ['UUID'], 'num': 34, 'source_class': None, 'source_method': None},
 {'clss': 'Lcom/google/android/gms/internal/ads/zzcfi;',
  'method': 'zzj(Landroid/net/Uri;)V',
  'name': ['UUID'],
  'num': 2927,
  'source_class': 'Landroid/net/Uri;',
  'source_method': 'getEncodedQuery()Ljava/lang/String;'},
 {'clss': 'Lcom/google/android/gms/ads/internal/util/zzs;',
  'method': 'zzL(Landroid/net/Uri;)Ljava/util/Map;',
  'name': ['UUID'],
  'num': 1011,
  'source_class': 'Landroid/net/Uri;',
  'source_method': 'getQueryParameter(Ljava/lang/String;)Ljava/lang/String;'},
 {'clss': 'Lcom/google/android/gms/ads/internal/util/zzs;',
  'method': 'zzL(Landroid/net/Uri;)Ljava/util/Map;',
  'name': ['UUID'],
  'num': 1011,
  'source_class': 'Landroid/net/Uri;',
  'source_method': 'getQueryParameter(Ljava/lang/String;)Ljava/lang/String;'},
 {'clss': 'Lcom/google/android/gms/internal/ads/zzbiw;',
  'method': 'zza(Ljava/lang/Object;Ljava/util/Map;)V',
  'name': ['UUID'],
  'num': 49,
  'source_class': 'Ljava/util/Map;',
  'source_method': 'get(Ljava/lang/Object;)Ljava/lang/Object;'},
 {'clss': 'Lcom/google/android/gms/internal/ads/zzbnc;',
  'method': 'zzd(Lcom/google/android/gms/internal/ads/zzbnc;Lcom/google/android/gms/internal/ads/zzbme;Lcom/google/android/gms/internal/ads/zzbml;Ljava/lang/Object;Lcom/google/android/gms/internal/ads/zzcal;)V',
  'name': ['UUID'],
  'num': 60,
  'source_class': 'Ljava/util/UUID;',
  'source_method': 'toString()Ljava/lang/String;'},
 {'clss': 'Lcom/google/android/gms/internal/ads/zzblc;',
  'method': 'zzd(Lcom/google/android/gms/internal/ads/zzbld;Ljava/lang/String;Lorg/json/JSONObject;)V',
  'name': ['UUID'],
  'num': 128,
  'source_class': 'Lorg/json/JSONObject;',
  'source_method': 'toString()Ljava/lang/String;'},
 {'clss': 'Lcom/google/android/gms/internal/ads/zzblc;',
  'method': 'zzc(Lcom/google/android/gms/internal/ads/zzbld;Ljava/lang/String;Ljava/lang/String;)V',
  'name': ['UUID'],
  'num': 114,
  'source_class': 'Ljava/lang/StringBuilder;',
  'source_method': 'toString()Ljava/lang/String;'},
 {'clss': 'Lcom/google/android/gms/internal/ads/zzcfz;', 'method': 'run()V', 'name': ['UUID'], 'num': 34, 'source_class': None, 'source_method': None},
 {'clss': 'Lcom/google/android/gms/internal/ads/zzcfi;',
  'method': 'zzj(Landroid/net/Uri;)V',
  'name': ['UUID'],
  'num': 2927,
  'source_class': 'Landroid/net/Uri;',
  'source_method': 'getEncodedQuery()Ljava/lang/String;'},
 {'clss': 'Lcom/google/android/gms/ads/internal/util/zzs;',
  'method': 'zzL(Landroid/net/Uri;)Ljava/util/Map;',
  'name': ['UUID'],
  'num': 1011,
  'source_class': 'Landroid/net/Uri;',
  'source_method': 'getQueryParameter(Ljava/lang/String;)Ljava/lang/String;'},
 {'clss': 'Lcom/google/android/gms/ads/internal/util/zzs;',
  'method': 'zzL(Landroid/net/Uri;)Ljava/util/Map;',
  'name': ['UUID'],
  'num': 1011,
  'source_class': 'Landroid/net/Uri;',
  'source_method': 'getQueryParameter(Ljava/lang/String;)Ljava/lang/String;'},
 {'clss': 'Lcom/google/android/gms/internal/ads/zzbiw;',
  'method': 'zza(Ljava/lang/Object;Ljava/util/Map;)V',
  'name': ['UUID'],
  'num': 49,
  'source_class': 'Ljava/util/Map;',
  'source_method': 'get(Ljava/lang/Object;)Ljava/lang/Object;'},
 {'clss': 'Lcom/google/android/gms/internal/ads/zzbnc;',
  'method': 'zzd(Lcom/google/android/gms/internal/ads/zzbnc;Lcom/google/android/gms/internal/ads/zzbme;Lcom/google/android/gms/internal/ads/zzbml;Ljava/lang/Object;Lcom/google/android/gms/internal/ads/zzcal;)V',
  'name': ['UUID'],
  'num': 60,
  'source_class': 'Ljava/util/UUID;',
  'source_method': 'toString()Ljava/lang/String;'},
 {'clss': 'Lcom/google/android/gms/internal/ads/zzblc;',
  'method': 'zzd(Lcom/google/android/gms/internal/ads/zzbld;Ljava/lang/String;Lorg/json/JSONObject;)V',
  'name': ['UUID'],
  'num': 128,
  'source_class': 'Lorg/json/JSONObject;',
  'source_method': 'toString()Ljava/lang/String;'},
 {'clss': 'Lcom/google/android/gms/internal/ads/zzblc;',
  'method': 'zzc(Lcom/google/android/gms/internal/ads/zzbld;Ljava/lang/String;Ljava/lang/String;)V',
  'name': ['UUID'],
  'num': 114,
  'source_class': 'Ljava/lang/StringBuilder;',
  'source_method': 'toString()Ljava/lang/String;'},
 {'clss': 'Lcom/google/android/gms/internal/ads/zzcfz;', 'method': 'run()V', 'name': ['UUID'], 'num': 34, 'source_class': None, 'source_method': None},
 {'clss': 'Lcom/google/android/gms/internal/ads/zzcfi;',
  'method': 'zzj(Landroid/net/Uri;)V',
  'name': ['UUID'],
  'num': 2927,
  'source_class': 'Landroid/net/Uri;',
  'source_method': 'getEncodedQuery()Ljava/lang/String;'},
 {'clss': 'Lcom/google/android/gms/ads/internal/util/zzs;',
  'method': 'zzL(Landroid/net/Uri;)Ljava/util/Map;',
  'name': ['UUID'],
  'num': 1011,
  'source_class': 'Landroid/net/Uri;',
  'source_method': 'getQueryParameter(Ljava/lang/String;)Ljava/lang/String;'},
 {'clss': 'Lcom/google/android/gms/ads/internal/util/zzs;',
  'method': 'zzL(Landroid/net/Uri;)Ljava/util/Map;',
  'name': ['UUID'],
  'num': 1011,
  'source_class': 'Landroid/net/Uri;',
  'source_method': 'getQueryParameter(Ljava/lang/String;)Ljava/lang/String;'},
 {'clss': 'Lcom/google/android/gms/internal/ads/zzbiw;',
  'method': 'zza(Ljava/lang/Object;Ljava/util/Map;)V',
  'name': ['UUID'],
  'num': 49,
  'source_class': 'Ljava/util/Map;',
  'source_method': 'get(Ljava/lang/Object;)Ljava/lang/Object;'},
 {'clss': 'Lcom/google/android/gms/internal/ads/zzbiw;',
  'method': 'zzb(Lcom/google/android/gms/internal/ads/zzblo;Ljava/lang/String;Lorg/json/JSONObject;)Lcom/google/android/gms/internal/ads/zzfwb;',
  'name': ['UUID'],
  'num': 300,
  'source_class': 'Ljava/util/UUID;',
  'source_method': 'toString()Ljava/lang/String;'},
 {'clss': 'Lcom/google/android/gms/internal/ads/zzcfq;',
  'method': 'zzl(Ljava/lang/String;Lorg/json/JSONObject;)V',
  'name': ['UUID'],
  'num': 1452,
  'source_class': 'Lorg/json/JSONObject;',
  'source_method': 'toString()Ljava/lang/String;'},
 {'clss': 'Lcom/google/android/gms/internal/ads/zzcfu;',
  'method': 'zzb(Ljava/lang/String;Ljava/lang/String;)V',
  'name': ['UUID'],
  'num': 4635,
  'source_class': 'Ljava/lang/StringBuilder;',
  'source_method': 'toString()Ljava/lang/String;'},
 {'clss': 'Lcom/google/android/gms/internal/ads/zzcfz;', 'method': 'run()V', 'name': ['UUID'], 'num': 34, 'source_class': None, 'source_method': None},
 {'clss': 'Lcom/google/android/gms/internal/ads/zzcfi;',
  'method': 'zzj(Landroid/net/Uri;)V',
  'name': ['UUID'],
  'num': 2927,
  'source_class': 'Landroid/net/Uri;',
  'source_method': 'getEncodedQuery()Ljava/lang/String;'},
 {'clss': 'Lcom/google/android/gms/ads/internal/util/zzs;',
  'method': 'zzL(Landroid/net/Uri;)Ljava/util/Map;',
  'name': ['UUID'],
  'num': 1011,
  'source_class': 'Landroid/net/Uri;',
  'source_method': 'getQueryParameter(Ljava/lang/String;)Ljava/lang/String;'},
 {'clss': 'Lcom/google/android/gms/ads/internal/util/zzs;',
  'method': 'zzL(Landroid/net/Uri;)Ljava/util/Map;',
  'name': ['UUID'],
  'num': 1011,
  'source_class': 'Landroid/net/Uri;',
  'source_method': 'getQueryParameter(Ljava/lang/String;)Ljava/lang/String;'},
 {'clss': 'Lcom/google/android/gms/internal/ads/zzbiw;',
  'method': 'zza(Ljava/lang/Object;Ljava/util/Map;)V',
  'name': ['UUID'],
  'num': 49,
  'source_class': 'Ljava/util/Map;',
  'source_method': 'get(Ljava/lang/Object;)Ljava/lang/Object;'},
 {'clss': 'Lcom/google/android/gms/internal/ads/zzbzm;',
  'method': 'zzy(Landroid/content/Context;)Ljava/lang/String;',
  'name': ['AndroidID'],
  'num': 1557,
  'source_class': 'Landroid/provider/Settings$Secure;',
  'source_method': 'getString(Landroid/content/ContentResolver;Ljava/lang/String;)Ljava/lang/String;'},
 {'clss': 'Lcom/google/android/gms/internal/ads/zzbzm;',
  'method': 'zzy(Landroid/content/Context;)Ljava/lang/String;',
  'name': ['AndroidID'],
  'num': 1557,
  'source_class': 'Landroid/provider/Settings$Secure;',
  'source_method': 'getString(Landroid/content/ContentResolver;Ljava/lang/String;)Ljava/lang/String;'},
 {'clss': 'Lcom/google/android/gms/internal/ads/zzduu;',
  'method': 'zzb()Ljava/lang/Object;',
  'name': ['UUID'],
  'num': 40,
  'source_class': 'Ljava/util/UUID;',
  'source_method': 'toString()Ljava/lang/String;'},
 {'clss': 'Lcom/google/android/gms/internal/ads/zzbnc;',
  'method': 'zzd(Lcom/google/android/gms/internal/ads/zzbnc;Lcom/google/android/gms/internal/ads/zzbme;Lcom/google/android/gms/internal/ads/zzbml;Ljava/lang/Object;Lcom/google/android/gms/internal/ads/zzcal;)V',
  'name': ['UUID'],
  'num': 60,
  'source_class': 'Ljava/util/UUID;',
  'source_method': 'toString()Ljava/lang/String;'},
 {'clss': 'Lcom/google/android/gms/internal/ads/zzblc;',
  'method': 'zzd(Lcom/google/android/gms/internal/ads/zzbld;Ljava/lang/String;Lorg/json/JSONObject;)V',
  'name': ['UUID'],
  'num': 128,
  'source_class': 'Lorg/json/JSONObject;',
  'source_method': 'toString()Ljava/lang/String;'},
 {'clss': 'Lcom/google/android/gms/internal/ads/zzblc;',
  'method': 'zzc(Lcom/google/android/gms/internal/ads/zzbld;Ljava/lang/String;Ljava/lang/String;)V',
  'name': ['UUID'],
  'num': 114,
  'source_class': 'Ljava/lang/StringBuilder;',
  'source_method': 'toString()Ljava/lang/String;'},
 {'clss': 'Lcom/google/android/gms/internal/ads/zzcfz;', 'method': 'run()V', 'name': ['UUID'], 'num': 34, 'source_class': None, 'source_method': None},
 {'clss': 'Lcom/google/android/gms/internal/ads/zzcfi;',
  'method': 'zzj(Landroid/net/Uri;)V',
  'name': ['UUID'],
  'num': 2927,
  'source_class': 'Landroid/net/Uri;',
  'source_method': 'getEncodedQuery()Ljava/lang/String;'},
 {'clss': 'Lcom/google/android/gms/ads/internal/util/zzs;',
  'method': 'zzL(Landroid/net/Uri;)Ljava/util/Map;',
  'name': ['UUID'],
  'num': 1011,
  'source_class': 'Landroid/net/Uri;',
  'source_method': 'getQueryParameter(Ljava/lang/String;)Ljava/lang/String;'},
 {'clss': 'Lcom/google/android/gms/ads/internal/util/zzs;',
  'method': 'zzL(Landroid/net/Uri;)Ljava/util/Map;',
  'name': ['UUID'],
  'num': 1011,
  'source_class': 'Landroid/net/Uri;',
  'source_method': 'getQueryParameter(Ljava/lang/String;)Ljava/lang/String;'},
 {'clss': 'Lcom/google/android/gms/internal/ads/zzbiw;',
  'method': 'zza(Ljava/lang/Object;Ljava/util/Map;)V',
  'name': ['UUID'],
  'num': 49,
  'source_class': 'Ljava/util/Map;',
  'source_method': 'get(Ljava/lang/Object;)Ljava/lang/Object;'},
 {'clss': 'Lcom/google/android/gms/internal/ads/zzbiw;',
  'method': 'zzb(Lcom/google/android/gms/internal/ads/zzblo;Ljava/lang/String;Lorg/json/JSONObject;)Lcom/google/android/gms/internal/ads/zzfwb;',
  'name': ['UUID'],
  'num': 300,
  'source_class': 'Ljava/util/UUID;',
  'source_method': 'toString()Ljava/lang/String;'},
 {'clss': 'Lcom/google/android/gms/internal/ads/zzcfq;',
  'method': 'zzl(Ljava/lang/String;Lorg/json/JSONObject;)V',
  'name': ['UUID'],
  'num': 1452,
  'source_class': 'Lorg/json/JSONObject;',
  'source_method': 'toString()Ljava/lang/String;'},
 {'clss': 'Lcom/google/android/gms/internal/ads/zzcfu;',
  'method': 'zzb(Ljava/lang/String;Ljava/lang/String;)V',
  'name': ['UUID'],
  'num': 4635,
  'source_class': 'Ljava/lang/StringBuilder;',
  'source_method': 'toString()Ljava/lang/String;'},
 {'clss': 'Lcom/google/android/gms/internal/ads/zzcfz;', 'method': 'run()V', 'name': ['UUID'], 'num': 34, 'source_class': None, 'source_method': None},
 {'clss': 'Lcom/google/android/gms/internal/ads/zzcfi;',
  'method': 'zzj(Landroid/net/Uri;)V',
  'name': ['UUID'],
  'num': 2927,
  'source_class': 'Landroid/net/Uri;',
  'source_method': 'getEncodedQuery()Ljava/lang/String;'},
 {'clss': 'Lcom/google/android/gms/ads/internal/util/zzs;',
  'method': 'zzL(Landroid/net/Uri;)Ljava/util/Map;',
  'name': ['UUID'],
  'num': 1011,
  'source_class': 'Landroid/net/Uri;',
  'source_method': 'getQueryParameter(Ljava/lang/String;)Ljava/lang/String;'},
 {'clss': 'Lcom/google/android/gms/ads/internal/util/zzs;',
  'method': 'zzL(Landroid/net/Uri;)Ljava/util/Map;',
  'name': ['UUID'],
  'num': 1011,
  'source_class': 'Landroid/net/Uri;',
  'source_method': 'getQueryParameter(Ljava/lang/String;)Ljava/lang/String;'},
 {'clss': 'Lcom/google/android/gms/internal/ads/zzbiw;',
  'method': 'zza(Ljava/lang/Object;Ljava/util/Map;)V',
  'name': ['UUID'],
  'num': 49,
  'source_class': 'Ljava/util/Map;',
  'source_method': 'get(Ljava/lang/Object;)Ljava/lang/Object;'}]
Sinks
[{"smali_tag": "6460_134", "clss": "Lcom/google/android/gms/internal/ads/zzdyx;", "method": "zzb(Lcom/google/android/gms/internal/ads/zzdyv;)Lcom/google/android/gms/internal/ads/zzdyw;", "num": 134, "sink_class": "Ljava/net/URL;", "sink_method": "<init>(Ljava/lang/String;)V", "sink_values": ["https://googleads.g.doubleclick.net/mads/gma?submodel=AOSP%20on%20Oriole&native_templates=1%2C2%2C4%2C5&format=320x50_mb&native_version=3&omid_v=a.1.3.37-google_20220829&dv=0&gl=US&hl=en&js=afma-sdk-a-v231700000.231700000.0&lv=231710100&ms=CoAC-MJgUXIt_54OHKPKhnDaBlyeuUTNm0kgRS0E2nEi9WsdKsZ1U95wRlt39PpYH2mVEyDBYLM6zshTiU0XXyY8P38Ii-rqvZV5vhUzFwG8yi1G1jXICTlzG_ZYlzsoPaLLdr5RciXu3eHbsIVDPxt4IEFPrHlJclLi2k7hkRfEbeGonYRVkiGDRyk7pVjoehkbs9gIBBFe2eRhDBtZTAZ98qCI_X_yxywA-OziJqWr0ZSEk6vbfV5IqJQzcJqCo-3EQHHxkS9SyazU4oUb6UWn9vZizJNbDlKJN0FoBV_Uv7oN-4eOIOQ_-tH1KUS-QuYDNbqwp1FPHNiwQcq2RpvodAqAApiPgHxy7v-0MO06jsjZP3V8hr9KFBeIr-dXndw4d-AtFnc6na9r74nJuozMl3zUf1gEH_LDqnTlPpct0KrltTn52PM1b7neGTGwyRgm86PsJkaP0t0eRxaasJSXftss5to0A6tXHWP8SXyRWmRYYm-qvVLrynHgaQwTKgDEXl_LH2eKaCQo7AcwotydXKn2IFPDtZ60AJYCK4YQDhq4KWT_Cej5qimk49uuKdXf0VaHeyA0uFWf6X5xs5F2pXHHZnldGDyGy4Gu3zTrLUFk20bAv7-P1qQq-A4vNSsuFyJZDDg0d1J9CAHy-x2JRemTIRCmfcZJpjHCKLr9lhy5rAASEHAOpMmd_0BDjH_xtbpfXw0&vnm=1.0&u_sd=2.625&request_id=818332387&target_api=33&is_sidewinder=false&seq_num=1&guci=0.0.0.0.0.0.0.0&sdk_apis=7%2C8&omid_p=Google%2Fafma-sdk-a-v231700000.231700000.0&cap=m&u_w=412&u_h=822&msid=com.google.android.gms.example.nativeadvancedexample&an=1.android.com.google.android.gms.example.nativeadvancedexample&u_audio=3&net=wi&u_so=p&loeid=44766145&preqs_in_session=0&support_transparent_background=true&preqs=0&time_in_session=0&sst=1696847340000&output=html&region=mobile_app&u_tz=540&client=ca-app-pub-3940256099942544&slotname=2247696110&adtest=on&gsb=wi&ogsb=wi&lite=0&caps=inlineVideo_interactiveVideo_mraid1_mraid2_mraid3_sdkVideo_th_autoplay_mediation_scroll_av_av_transparentBackground_sdkAdmobApiForAds_di_sfv_dinm_dim_nav_navc_dinmo_ipdof_gls_xSeconds&bisch=true&blev=1&canm=false&heap_free=0&heap_max=268435456&heap_total=81805280&wv_count=1&rdps=107750&swipeable=0&unr=true&jsv=sdk_20190107_RC02-production-sdk_20230929_RC00#caps=inlineVideo_interactiveVideo_mraid1_mraid2_mraid3_sdkVideo_th_autoplay_mediation_scroll_av_av_transparentBackground_sdkAdmobApiForAds_di_sfv_dinm_dim_nav_navc_dinmo_ipdof_gls_xSeconds&format=320x50_mb&heap_free=0&heap_max=268435456&heap_total=81805280&js=afma-sdk-a-v231700000.231700000.0&msid=com.google.android.gms.example.nativeadvancedexample&preqs=0&seq_num=1&target_api=33"], "sources": ["UUID"], "returned_value": null}, {"smali_tag": "6460_134", "clss": "Lcom/google/android/gms/internal/ads/zzdyx;", "method": "zzb(Lcom/google/android/gms/internal/ads/zzdyv;)Lcom/google/android/gms/internal/ads/zzdyw;", "num": 134, "sink_class": "Ljava/net/URL;", "sink_method": "<init>(Ljava/lang/String;)V", "sink_values": ["https://googleads.g.doubleclick.net/mads/gma?submodel=AOSP%20on%20Oriole&native_templates=1%2C2%2C4%2C5&format=320x50_mb&native_version=3&omid_v=a.1.3.37-google_20220829&dv=0&gl=US&hl=en&js=afma-sdk-a-v231700000.231700000.0&lv=231710100&ms=CoAC2sxgUWAh_54GEqPKkHLaBn6WuUTpn0kgVykE2m8p9WsBIsZ1Y9RwRnN09PpkGWmVBSHBYKs7zshTg00XbSo8P28Oi-rYs5V5oBAzFw-6yi120TXIDzBzG-RYlzsWN6LLcLpRcjHk3eHHvYVDNx14IFlLrHlrdlLi1E7hkS_EbeGalIRVsi-DRxE0pVjYfxkbu9wIBAVQ2eRHDBtZcgp98qiF_X_gyCwA9OziJpOg0ZSWlqvbZVhIqKY2cJqcpO3EcHLxkQVXyazI4IUbwUKn9uhpzJNDA1KJGUNoBVncv7oH8oeOBOE_-s33KUSiTuYDH7ewp0FFHNiWQsq2aJ3odAqAAiSlwy5nFxmtliTzy6hyqLPeJqB5cU71ZGodOpgW8Uf0CK-chMEx8dhOwNcqkQiaeoJyGceF_SW8p9u4uU7_DFb0qii0m0u16VKc2oW7ozxSuyQVsLoj7ObFv_pkozK_furTtdLR1gNJjMXwuXBhFABGHpDa1ttJa0nHcmZnJDmAAPCco7YIIKLxbE9JIz9qa_ThGKOofbDUgeyKgmkG1_z5h6BmIsGu5ImBZARZn1EGYTy0is1RzjAV3nvu2PNiGEGObpbN6fyJrtkoG6EVK8TV6iMyu8ZwUTW6s0M32sQY7gZm64tknDBQO2OAzCmxMS97K0vx_C6GoHHoyB9pkscSEFTxDAE5VuXrwXVClQKlCLw&vnm=1.0&u_sd=2.625&request_id=1074814562&target_api=33&is_sidewinder=false&seq_num=2&guci=0.0.0.0.0.0.0.0&sdk_apis=7%2C8&omid_p=Google%2Fafma-sdk-a-v231700000.231700000.0&cap=m&u_w=412&u_h=822&msid=com.google.android.gms.example.nativeadvancedexample&an=1.android.com.google.android.gms.example.nativeadvancedexample&u_audio=3&net=wi&u_so=p&loeid=44766145&preqs_in_session=1&support_transparent_background=true&preqs=1&time_in_session=5200&dload=-7777370&pcc=0&sst=1696847340000&output=html&region=mobile_app&u_tz=540&client=ca-app-pub-3940256099942544&slotname=2247696110&adtest=on&gsb=wi&ogsb=wi&lite=0&caps=inlineVideo_interactiveVideo_mraid1_mraid2_mraid3_sdkVideo_th_autoplay_mediation_scroll_av_av_transparentBackground_sdkAdmobApiForAds_di_sfv_dinm_dim_nav_navc_dinmo_ipdof_gls_xSeconds&bisch=true&blev=1&canm=false&heap_free=45520296&heap_max=268435456&heap_total=127155104&wv_count=3&rdps=107750&session_idl=19&blob=ABPQqLE96NUx8W3EFfHkPXJ6DjKDSIT-XMt6ruSjAGCtM68FQyep8P9K33sGAMiAYy_j21UbTo8ZkYmRn0W0cIoIgCs5xvucuKGtzTBR4yusf54AF90xrWUzmN8rbiShmUGcm71j9UEwrzvqT4GaRuv5QWTAv0gajOtbCskuCHulrdtOnADrI22sk0sv4j9S9A60XopRsbg-qcCJoMntlmpr-63aNEhrZNrLowdSNhSu_bPNdwnd9_Dey4W9uzxDTDBdPnVT7SLdhZsS10A&swipeable=0&unr=true&jsv=sdk_20190107_RC02-production-sdk_20230929_RC00#caps=inlineVideo_interactiveVideo_mraid1_mraid2_mraid3_sdkVideo_th_autoplay_mediation_scroll_av_av_transparentBackground_sdkAdmobApiForAds_di_sfv_dinm_dim_nav_navc_dinmo_ipdof_gls_xSeconds&format=320x50_mb&heap_free=45520296&heap_max=268435456&heap_total=127155104&js=afma-sdk-a-v231700000.231700000.0&msid=com.google.android.gms.example.nativeadvancedexample&preqs=1&seq_num=2&target_api=33"], "sources": ["UUID"], "returned_value": null}]