project.emulator.get_num_leaks() = 2
Sources
[{'clss': 'Lcom/unity3d/services/core/properties/SessionIdReader;',
  'method': '<clinit>()V',
  'name': ['UUID'],
  'num': 51,
  'source_class': 'Ljava/util/UUID;',
  'source_method': 'toString()Ljava/lang/String;'},
 {'clss': 'Lcom/unity3d/services/UnityServices;',
  'method': 'initialize(Landroid/content/Context;Ljava/lang/String;ZLcom/unity3d/ads/IUnityAdsInitializationListener;)V',
  'name': ['UUID'],
  'num': 760,
  'source_class': 'Ljava/lang/StringBuilder;',
  'source_method': 'toString()Ljava/lang/String;'},
 {'clss': 'Lcom/unity3d/services/core/log/DeviceLogEntry;',
  'method': 'getParsedMessage()Ljava/lang/String;',
  'name': ['UUID'],
  'num': 125,
  'source_class': 'Ljava/lang/StringBuilder;',
  'source_method': 'toString()Ljava/lang/String;'},
 {'clss': 'Lcom/unity3d/services/core/log/DeviceLogEntry;',
  'method': 'getParsedMessage()Ljava/lang/String;',
  'name': ['UUID'],
  'num': 195,
  'source_class': 'Ljava/lang/StringBuilder;',
  'source_method': 'toString()Ljava/lang/String;'},
 {'clss': 'Lcom/unity3d/services/core/device/Device;',
  'method': 'getUniqueEventId()Ljava/lang/String;',
  'name': ['UUID'],
  'num': 2148,
  'source_class': 'Ljava/util/UUID;',
  'source_method': 'toString()Ljava/lang/String;'},
 {'clss': 'Lcom/unity3d/services/core/device/reader/DeviceInfoReaderCompressor;',
  'method': 'compressDeviceInfo(Ljava/util/Map;)[B',
  'name': ['UUID'],
  'num': 56,
  'source_class': 'Lorg/json/JSONObject;',
  'source_method': 'toString()Ljava/lang/String;'},
 {'clss': 'Lcom/unity3d/services/core/preferences/AndroidPreferences;',
  'method': 'getString(Ljava/lang/String;Ljava/lang/String;)Ljava/lang/String;',
  'name': ['UUID'],
  'num': 438,
  'source_class': 'Landroid/content/SharedPreferences;',
  'source_method': 'getString(Ljava/lang/String;Ljava/lang/String;)Ljava/lang/String;'},
 {'clss': 'Lcom/unity3d/services/core/device/reader/DeviceInfoReaderCompressor;',
  'method': 'compressDeviceInfo(Ljava/util/Map;)[B',
  'name': ['UUID'],
  'num': 56,
  'source_class': 'Lorg/json/JSONObject;',
  'source_method': 'toString()Ljava/lang/String;'},
 {'clss': 'Lcom/unity3d/services/core/request/WebRequest;',
  'method': 'makeRequest()Ljava/lang/String;',
  'name': ['UUID'],
  'num': 753,
  'source_class': 'Ljava/io/ByteArrayOutputStream;',
  'source_method': 'toString(Ljava/lang/String;)Ljava/lang/String;'},
 {'clss': 'Lcom/unity3d/services/core/network/core/LegacyHttpClient$execute$2;',
  'method': 'invokeSuspend(Ljava/lang/Object;)Ljava/lang/Object;',
  'name': ['UUID'],
  'num': 194,
  'source_class': 'Lcom/unity3d/services/core/request/WebRequest;',
  'source_method': 'makeRequest()Ljava/lang/String;'},
 {'clss': 'Lcom/unity3d/services/core/configuration/Configuration;',
  'method': 'handleConfigurationData(Lorg/json/JSONObject;Z)V',
  'name': ['UUID'],
  'num': 1255,
  'source_class': 'Lorg/json/JSONObject;',
  'source_method': 'optString(Ljava/lang/String;)Ljava/lang/String;'},
 {'clss': 'Lcom/unity3d/services/core/properties/SessionIdReader;',
  'method': '<clinit>()V',
  'name': ['UUID'],
  'num': 51,
  'source_class': 'Ljava/util/UUID;',
  'source_method': 'toString()Ljava/lang/String;'},
 {'clss': 'Lcom/unity3d/services/UnityServices;',
  'method': 'initialize(Landroid/content/Context;Ljava/lang/String;ZLcom/unity3d/ads/IUnityAdsInitializationListener;)V',
  'name': ['UUID'],
  'num': 760,
  'source_class': 'Ljava/lang/StringBuilder;',
  'source_method': 'toString()Ljava/lang/String;'},
 {'clss': 'Lcom/unity3d/services/core/log/DeviceLogEntry;',
  'method': 'getParsedMessage()Ljava/lang/String;',
  'name': ['UUID'],
  'num': 125,
  'source_class': 'Ljava/lang/StringBuilder;',
  'source_method': 'toString()Ljava/lang/String;'},
 {'clss': 'Lcom/unity3d/services/core/log/DeviceLogEntry;',
  'method': 'getParsedMessage()Ljava/lang/String;',
  'name': ['UUID'],
  'num': 195,
  'source_class': 'Ljava/lang/StringBuilder;',
  'source_method': 'toString()Ljava/lang/String;'},
 {'clss': 'Lcom/unity3d/services/core/preferences/AndroidPreferences;',
  'method': 'getString(Ljava/lang/String;Ljava/lang/String;)Ljava/lang/String;',
  'name': ['UUID'],
  'num': 438,
  'source_class': 'Landroid/content/SharedPreferences;',
  'source_method': 'getString(Ljava/lang/String;Ljava/lang/String;)Ljava/lang/String;'},
 {'clss': 'Lcom/unity3d/services/core/device/reader/DeviceInfoReaderCompressor;',
  'method': 'compressDeviceInfo(Ljava/util/Map;)[B',
  'name': ['UUID'],
  'num': 56,
  'source_class': 'Lorg/json/JSONObject;',
  'source_method': 'toString()Ljava/lang/String;'},
 {'clss': 'Lcom/unity3d/services/core/preferences/AndroidPreferences;',
  'method': 'getString(Ljava/lang/String;Ljava/lang/String;)Ljava/lang/String;',
  'name': ['UUID'],
  'num': 438,
  'source_class': 'Landroid/content/SharedPreferences;',
  'source_method': 'getString(Ljava/lang/String;Ljava/lang/String;)Ljava/lang/String;'},
 {'clss': 'Lcom/unity3d/services/core/device/reader/DeviceInfoReaderCompressor;',
  'method': 'compressDeviceInfo(Ljava/util/Map;)[B',
  'name': ['UUID'],
  'num': 56,
  'source_class': 'Lorg/json/JSONObject;',
  'source_method': 'toString()Ljava/lang/String;'}]
Sinks
[{"smali_tag": "7229_83", "clss": "Lcom/unity3d/services/core/device/reader/DeviceInfoReaderCompressor;", "method": "compressDeviceInfo(Ljava/util/Map;)[B", "num": 83, "sink_class": "Ljava/util/zip/GZIPOutputStream;", "sink_method": "write([B)V", "sink_values": [[123, 34, 115, 100, 107, 86, 101, 114, 115, 105, 111, 110, 78, 97, 109, 101, 34, 58, 34, 52, 46, 56, 46, 48, 34, 44, 34, 103, 97, 109, 101, 73, 100, 34, 58, 34, 49, 52, 56, 53, 49, 34, 44, 34, 115, 100, 107, 86, 101, 114, 115, 105, 111, 110, 34, 58, 52, 56, 48, 48, 44, 34, 117, 110, 105, 102, 105, 101, 100, 99, 111, 110, 102, 105, 103, 46, 100, 97, 116, 97, 46, 103, 97, 109, 101, 83, 101, 115, 115, 105, 111, 110, 73, 100, 34, 58, 54, 52, 55, 53, 49, 56, 57, 56, 53, 57, 50, 50, 44, 34, 112, 108, 97, 116, 102, 111, 114, 109, 34, 58, 34, 97, 110, 100, 114, 111, 105, 100, 34, 44, 34, 99, 97, 108, 108, 84, 121, 112, 101, 34, 58, 34, 112, 114, 105, 118, 97, 99, 121, 34, 44, 34, 105, 100, 102, 105, 34, 58, 34, 48, 55, 54, 51, 99, 54, 99, 51, 45, 100, 57, 52, 57, 45, 52, 53, 54, 52, 45, 57, 56, 99, 51, 45, 51, 98, 99, 54, 51, 99, 99, 51, 51, 57, 52, 98, 34, 44, 34, 116, 115, 34, 58, 49, 54, 57, 54, 54, 54, 51, 54, 52, 50, 50, 51, 52, 125]], "sources": ["UUID"], "returned_value": null}, {"smali_tag": "7229_83", "clss": "Lcom/unity3d/services/core/device/reader/DeviceInfoReaderCompressor;", "method": "compressDeviceInfo(Ljava/util/Map;)[B", "num": 83, "sink_class": "Ljava/util/zip/GZIPOutputStream;", "sink_method": "write([B)V", "sink_values": [[123, 34, 108, 97, 110, 103, 117, 97, 103, 101, 34, 58, 34, 106, 97, 95, 74, 80, 34, 44, 34, 100, 101, 118, 105, 99, 101, 69, 108, 97, 112, 115, 101, 100, 82, 101, 97, 108, 116, 105, 109, 101, 34, 58, 57, 57, 54, 55, 54, 53, 57, 44, 34, 99, 111, 110, 110, 101, 99, 116, 105, 111, 110, 84, 121, 112, 101, 34, 58, 34, 119, 105, 102, 105, 34, 44, 34, 99, 97, 108, 108, 84, 121, 112, 101, 34, 58, 34, 116, 111, 107, 101, 110, 95, 115, 114, 114, 34, 44, 34, 115, 99, 114, 101, 101, 110, 83, 105, 122, 101, 34, 58, 50, 54, 56, 52, 51, 53, 56, 49, 48, 44, 34, 117, 115, 98, 67, 111, 110, 110, 101, 99, 116, 101, 100, 34, 58, 116, 114, 117, 101, 44, 34, 100, 101, 118, 105, 99, 101, 70, 114, 101, 101, 83, 112, 97, 99, 101, 34, 58, 52, 56, 50, 50, 50, 51, 48, 56, 44, 34, 97, 112, 105, 76, 101, 118, 101, 108, 34, 58, 34, 50, 56, 34, 44, 34, 99, 112, 117, 67, 111, 117, 110, 116, 34, 58, 56, 44, 34, 110, 101, 116, 119, 111, 114, 107, 79, 112, 101, 114, 97, 116, 111, 114, 78, 97, 109, 101, 34, 58, 34, 34, 44, 34, 116, 101, 115, 116, 34, 58, 116, 114, 117, 101, 44, 34, 119, 105, 114, 101, 100, 72, 101, 97, 100, 115, 101, 116, 34, 58, 102, 97, 108, 115, 101, 44, 34, 97, 100, 98, 69, 110, 97, 98, 108, 101, 100, 34, 58, 116, 114, 117, 101, 44, 34, 116, 105, 109, 101, 90, 111, 110, 101, 34, 58, 34, 71, 77, 84, 43, 48, 57, 58, 48, 48, 34, 44, 34, 97, 112, 112, 83, 116, 97, 114, 116, 84, 105, 109, 101, 34, 58, 49, 54, 57, 54, 54, 54, 51, 54, 52, 48, 44, 34, 117, 110, 105, 102, 105, 101, 100, 99, 111, 110, 102, 105, 103, 46, 100, 97, 116, 97, 46, 103, 97, 109, 101, 83, 101, 115, 115, 105, 111, 110, 73, 100, 34, 58, 54, 52, 55, 53, 49, 56, 57, 56, 53, 57, 50, 50, 44, 34, 100, 101, 118, 105, 99, 101, 85, 112, 84, 105, 109, 101, 34, 58, 57, 57, 54, 55, 54, 53, 56, 44, 34, 105, 100, 102, 105, 34, 58, 34, 48, 55, 54, 51, 99, 54, 99, 51, 45, 100, 57, 52, 57, 45, 52, 53, 54, 52, 45, 57, 56, 99, 51, 45, 51, 98, 99, 54, 51, 99, 99, 51, 51, 57, 52, 98, 34, 44, 34, 118, 111, 108, 117, 109, 101, 34, 58, 48, 44, 34, 115, 100, 107, 86, 101, 114, 115, 105, 111, 110, 34, 58, 52, 56, 48, 48, 44, 34, 115, 99, 114, 101, 101, 110, 68, 101, 110, 115, 105, 116, 121, 34, 58, 52, 52, 48, 44, 34, 110, 101, 116, 119, 111, 114, 107, 77, 101, 116, 101, 114, 101, 100, 34, 58, 102, 97, 108, 115, 101, 44, 34, 115, 99, 114, 101, 101, 110, 87, 105, 100, 116, 104, 34, 58, 49, 48, 56, 48, 44, 34, 110, 101, 116, 119, 111, 114, 107, 79, 112, 101, 114, 97, 116, 111, 114, 34, 58, 34, 34, 44, 34, 98, 117, 110, 100, 108, 101, 86, 101, 114, 115, 105, 111, 110, 34, 58, 34, 52, 46, 56, 46, 48, 34, 44, 34, 116, 105, 109, 101, 90, 111, 110, 101, 79, 102, 102, 115, 101, 116, 34, 58, 51, 50, 52, 48, 48, 44, 34, 97, 112, 112, 65, 99, 116, 105, 118, 101, 34, 58, 116, 114, 117, 101, 44, 34, 97, 112, 107, 68, 101, 118, 101, 108, 111, 112, 101, 114, 83, 105, 103, 110, 105, 110, 103, 67, 101, 114, 116, 105, 102, 105, 99, 97, 116, 101, 72, 97, 115, 104, 34, 58, 34, 54, 55, 49, 55, 97, 101, 50, 100, 57, 55, 49, 53, 52, 97, 97, 56, 55, 102, 55, 98, 50, 52, 52, 99, 52, 97, 101, 50, 102, 55, 97, 98, 98, 100, 56, 99, 51, 98, 99, 56, 34, 44, 34, 112, 108, 97, 116, 102, 111, 114, 109, 34, 58, 34, 97, 110, 100, 114, 111, 105, 100, 34, 44, 34, 108, 105, 109, 105, 116, 65, 100, 84, 114, 97, 99, 107, 105, 110, 103, 34, 58, 102, 97, 108, 115, 101, 44, 34, 97, 110, 100, 114, 111, 105, 100, 70, 105, 110, 103, 101, 114, 112, 114, 105, 110, 116, 34, 58, 34, 103, 111, 111, 103, 108, 101, 92, 47, 98, 108, 117, 101, 108, 105, 110, 101, 92, 47, 98, 108, 117, 101, 108, 105, 110, 101, 58, 57, 92, 47, 80, 81, 50, 65, 46, 49, 57, 48, 50, 48, 53, 46, 48, 48, 49, 92, 47, 53, 49, 54, 51, 54, 51, 54, 58, 117, 115, 101, 114, 92, 47, 114, 101, 108, 101, 97, 115, 101, 45, 107, 101, 121, 115, 34, 44, 34, 111, 115, 86, 101, 114, 115, 105, 111, 110, 34, 58, 34, 57, 34, 44, 34, 114, 111, 111, 116, 101, 100, 34, 58, 102, 97, 108, 115, 101, 44, 34, 110, 101, 116, 119, 111, 114, 107, 84, 121, 112, 101, 34, 58, 48, 44, 34, 98, 97, 116, 116, 101, 114, 121, 76, 101, 118, 101, 108, 34, 58, 48, 46, 57, 53, 44, 34, 115, 100, 107, 86, 101, 114, 115, 105, 111, 110, 78, 97, 109, 101, 34, 58, 34, 52, 46, 56, 46, 48, 34, 44, 34, 103, 97, 109, 101, 73, 100, 34, 58, 34, 49, 52, 56, 53, 49, 34, 44, 34, 115, 116, 111, 114, 101, 115, 34, 58, 34, 103, 111, 111, 103, 108, 101, 34, 44, 34, 115, 99, 114, 101, 101, 110, 72, 101, 105, 103, 104, 116, 34, 58, 50, 48, 50, 56, 44, 34, 98, 117, 110, 100, 108, 101, 73, 100, 34, 58, 34, 99, 111, 109, 46, 117, 110, 105, 116, 121, 51, 100, 46, 97, 100, 115, 46, 101, 120, 97, 109, 112, 108, 101, 34, 44, 34, 100, 101, 118, 105, 99, 101, 77, 97, 107, 101, 34, 58, 34, 71, 111, 111, 103, 108, 101, 34, 44, 34, 115, 101, 115, 115, 105, 111, 110, 73, 100, 34, 58, 34, 49, 53, 98, 49, 102, 52, 50, 97, 45, 102, 52, 101, 53, 45, 52, 99, 55, 52, 45, 98, 51, 52, 55, 45, 57, 52, 97, 51, 101, 100, 55, 102, 52, 54, 55, 56, 34, 44, 34, 118, 101, 114, 115, 105, 111, 110, 67, 111, 100, 101, 34, 58, 52, 56, 48, 48, 44, 34, 101, 110, 99, 114, 121, 112, 116, 101, 100, 34, 58, 116, 114, 117, 101, 44, 34, 98, 97, 116, 116, 101, 114, 121, 83, 116, 97, 116, 117, 115, 34, 58, 50, 44, 34, 119, 101, 98, 118, 105, 101, 119, 85, 97, 34, 58, 34, 77, 111, 122, 105, 108, 108, 97, 92, 47, 53, 46, 48, 32, 40, 76, 105, 110, 117, 120, 59, 32, 65, 110, 100, 114, 111, 105, 100, 32, 57, 59, 32, 80, 105, 120, 101, 108, 32, 51, 32, 66, 117, 105, 108, 100, 92, 47, 80, 81, 50, 65, 46, 49, 57, 48, 50, 48, 53, 46, 48, 48, 49, 59, 32, 119, 118, 41, 32, 65, 112, 112, 108, 101, 87, 101, 98, 75, 105, 116, 92, 47, 53, 51, 55, 46, 51, 54, 32, 40, 75, 72, 84, 77, 76, 44, 32, 108, 105, 107, 101, 32, 71, 101, 99, 107, 111, 41, 32, 86, 101, 114, 115, 105, 111, 110, 92, 47, 52, 46, 48, 32, 67, 104, 114, 111, 109, 101, 92, 47, 49, 49, 55, 46, 48, 46, 48, 46, 48, 32, 77, 111, 98, 105, 108, 101, 32, 83, 97, 102, 97, 114, 105, 92, 47, 53, 51, 55, 46, 51, 54, 34, 44, 34, 100, 101, 118, 105, 99, 101, 77, 111, 100, 101, 108, 34, 58, 34, 80, 105, 120, 101, 108, 32, 51, 34, 44, 34, 101, 118, 101, 110, 116, 84, 105, 109, 101, 83, 116, 97, 109, 112, 34, 58, 49, 54, 57, 54, 54, 54, 51, 54, 52, 50, 44, 34, 116, 115, 34, 58, 49, 54, 57, 54, 54, 54, 51, 54, 52, 50, 55, 48, 51, 125]], "sources": ["UUID"], "returned_value": null}, {"smali_tag": "6904_169", "clss": "Lcom/unity3d/services/core/request/WebRequest;", "method": "<init>(Ljava/lang/String;Ljava/lang/String;Ljava/util/Map;II)V", "num": 169, "sink_class": "Ljava/net/URL;", "sink_method": "<init>(Ljava/lang/String;)V", "sink_values": ["https://config.unityads.unity3d.com/webview/4.0.0/fcd503450813d13054afb75fa0fa253840721107/release/index.html"], "sources": ["UUID"], "returned_value": null}, {"smali_tag": "7229_83", "clss": "Lcom/unity3d/services/core/device/reader/DeviceInfoReaderCompressor;", "method": "compressDeviceInfo(Ljava/util/Map;)[B", "num": 83, "sink_class": "Ljava/util/zip/GZIPOutputStream;", "sink_method": "write([B)V", "sink_values": [[123, 34, 115, 100, 107, 86, 101, 114, 115, 105, 111, 110, 78, 97, 109, 101, 34, 58, 34, 52, 46, 56, 46, 48, 34, 44, 34, 103, 97, 109, 101, 73, 100, 34, 58, 34, 49, 52, 56, 53, 49, 34, 44, 34, 115, 100, 107, 86, 101, 114, 115, 105, 111, 110, 34, 58, 52, 56, 48, 48, 44, 34, 117, 110, 105, 102, 105, 101, 100, 99, 111, 110, 102, 105, 103, 46, 100, 97, 116, 97, 46, 103, 97, 109, 101, 83, 101, 115, 115, 105, 111, 110, 73, 100, 34, 58, 50, 52, 49, 53, 52, 56, 51, 57, 51, 53, 54, 57, 44, 34, 112, 108, 97, 116, 102, 111, 114, 109, 34, 58, 34, 97, 110, 100, 114, 111, 105, 100, 34, 44, 34, 99, 97, 108, 108, 84, 121, 112, 101, 34, 58, 34, 112, 114, 105, 118, 97, 99, 121, 34, 44, 34, 105, 100, 102, 105, 34, 58, 34, 48, 55, 54, 51, 99, 54, 99, 51, 45, 100, 57, 52, 57, 45, 52, 53, 54, 52, 45, 57, 56, 99, 51, 45, 51, 98, 99, 54, 51, 99, 99, 51, 51, 57, 52, 98, 34, 44, 34, 116, 115, 34, 58, 49, 54, 57, 54, 54, 54, 51, 54, 54, 50, 54, 55, 56, 125]], "sources": ["UUID"], "returned_value": null}, {"smali_tag": "7229_83", "clss": "Lcom/unity3d/services/core/device/reader/DeviceInfoReaderCompressor;", "method": "compressDeviceInfo(Ljava/util/Map;)[B", "num": 83, "sink_class": "Ljava/util/zip/GZIPOutputStream;", "sink_method": "write([B)V", "sink_values": [[123, 34, 108, 97, 110, 103, 117, 97, 103, 101, 34, 58, 34, 106, 97, 95, 74, 80, 34, 44, 34, 100, 101, 118, 105, 99, 101, 69, 108, 97, 112, 115, 101, 100, 82, 101, 97, 108, 116, 105, 109, 101, 34, 58, 57, 57, 56, 56, 48, 55, 50, 44, 34, 99, 111, 110, 110, 101, 99, 116, 105, 111, 110, 84, 121, 112, 101, 34, 58, 34, 119, 105, 102, 105, 34, 44, 34, 99, 97, 108, 108, 84, 121, 112, 101, 34, 58, 34, 116, 111, 107, 101, 110, 95, 115, 114, 114, 34, 44, 34, 115, 99, 114, 101, 101, 110, 83, 105, 122, 101, 34, 58, 50, 54, 56, 52, 51, 53, 56, 49, 48, 44, 34, 117, 115, 98, 67, 111, 110, 110, 101, 99, 116, 101, 100, 34, 58, 116, 114, 117, 101, 44, 34, 100, 101, 118, 105, 99, 101, 70, 114, 101, 101, 83, 112, 97, 99, 101, 34, 58, 52, 56, 50, 48, 56, 51, 51, 54, 44, 34, 97, 112, 105, 76, 101, 118, 101, 108, 34, 58, 34, 50, 56, 34, 44, 34, 99, 112, 117, 67, 111, 117, 110, 116, 34, 58, 56, 44, 34, 110, 101, 116, 119, 111, 114, 107, 79, 112, 101, 114, 97, 116, 111, 114, 78, 97, 109, 101, 34, 58, 34, 34, 44, 34, 116, 101, 115, 116, 34, 58, 116, 114, 117, 101, 44, 34, 119, 105, 114, 101, 100, 72, 101, 97, 100, 115, 101, 116, 34, 58, 102, 97, 108, 115, 101, 44, 34, 97, 100, 98, 69, 110, 97, 98, 108, 101, 100, 34, 58, 116, 114, 117, 101, 44, 34, 116, 105, 109, 101, 90, 111, 110, 101, 34, 58, 34, 71, 77, 84, 43, 48, 57, 58, 48, 48, 34, 44, 34, 97, 112, 112, 83, 116, 97, 114, 116, 84, 105, 109, 101, 34, 58, 49, 54, 57, 54, 54, 54, 51, 54, 54, 48, 44, 34, 117, 110, 105, 102, 105, 101, 100, 99, 111, 110, 102, 105, 103, 46, 100, 97, 116, 97, 46, 103, 97, 109, 101, 83, 101, 115, 115, 105, 111, 110, 73, 100, 34, 58, 50, 52, 49, 53, 52, 56, 51, 57, 51, 53, 54, 57, 44, 34, 100, 101, 118, 105, 99, 101, 85, 112, 84, 105, 109, 101, 34, 58, 57, 57, 56, 56, 48, 55, 49, 44, 34, 105, 100, 102, 105, 34, 58, 34, 48, 55, 54, 51, 99, 54, 99, 51, 45, 100, 57, 52, 57, 45, 52, 53, 54, 52, 45, 57, 56, 99, 51, 45, 51, 98, 99, 54, 51, 99, 99, 51, 51, 57, 52, 98, 34, 44, 34, 118, 111, 108, 117, 109, 101, 34, 58, 48, 44, 34, 115, 100, 107, 86, 101, 114, 115, 105, 111, 110, 34, 58, 52, 56, 48, 48, 44, 34, 115, 99, 114, 101, 101, 110, 68, 101, 110, 115, 105, 116, 121, 34, 58, 52, 52, 48, 44, 34, 110, 101, 116, 119, 111, 114, 107, 77, 101, 116, 101, 114, 101, 100, 34, 58, 102, 97, 108, 115, 101, 44, 34, 115, 99, 114, 101, 101, 110, 87, 105, 100, 116, 104, 34, 58, 49, 48, 56, 48, 44, 34, 110, 101, 116, 119, 111, 114, 107, 79, 112, 101, 114, 97, 116, 111, 114, 34, 58, 34, 34, 44, 34, 98, 117, 110, 100, 108, 101, 86, 101, 114, 115, 105, 111, 110, 34, 58, 34, 52, 46, 56, 46, 48, 34, 44, 34, 116, 105, 109, 101, 90, 111, 110, 101, 79, 102, 102, 115, 101, 116, 34, 58, 51, 50, 52, 48, 48, 44, 34, 97, 112, 112, 65, 99, 116, 105, 118, 101, 34, 58, 116, 114, 117, 101, 44, 34, 97, 112, 107, 68, 101, 118, 101, 108, 111, 112, 101, 114, 83, 105, 103, 110, 105, 110, 103, 67, 101, 114, 116, 105, 102, 105, 99, 97, 116, 101, 72, 97, 115, 104, 34, 58, 34, 54, 55, 49, 55, 97, 101, 50, 100, 57, 55, 49, 53, 52, 97, 97, 56, 55, 102, 55, 98, 50, 52, 52, 99, 52, 97, 101, 50, 102, 55, 97, 98, 98, 100, 56, 99, 51, 98, 99, 56, 34, 44, 34, 112, 108, 97, 116, 102, 111, 114, 109, 34, 58, 34, 97, 110, 100, 114, 111, 105, 100, 34, 44, 34, 108, 105, 109, 105, 116, 65, 100, 84, 114, 97, 99, 107, 105, 110, 103, 34, 58, 102, 97, 108, 115, 101, 44, 34, 97, 110, 100, 114, 111, 105, 100, 70, 105, 110, 103, 101, 114, 112, 114, 105, 110, 116, 34, 58, 34, 103, 111, 111, 103, 108, 101, 92, 47, 98, 108, 117, 101, 108, 105, 110, 101, 92, 47, 98, 108, 117, 101, 108, 105, 110, 101, 58, 57, 92, 47, 80, 81, 50, 65, 46, 49, 57, 48, 50, 48, 53, 46, 48, 48, 49, 92, 47, 53, 49, 54, 51, 54, 51, 54, 58, 117, 115, 101, 114, 92, 47, 114, 101, 108, 101, 97, 115, 101, 45, 107, 101, 121, 115, 34, 44, 34, 111, 115, 86, 101, 114, 115, 105, 111, 110, 34, 58, 34, 57, 34, 44, 34, 114, 111, 111, 116, 101, 100, 34, 58, 102, 97, 108, 115, 101, 44, 34, 110, 101, 116, 119, 111, 114, 107, 84, 121, 112, 101, 34, 58, 48, 44, 34, 98, 97, 116, 116, 101, 114, 121, 76, 101, 118, 101, 108, 34, 58, 48, 46, 57, 53, 44, 34, 115, 100, 107, 86, 101, 114, 115, 105, 111, 110, 78, 97, 109, 101, 34, 58, 34, 52, 46, 56, 46, 48, 34, 44, 34, 103, 97, 109, 101, 73, 100, 34, 58, 34, 49, 52, 56, 53, 49, 34, 44, 34, 115, 116, 111, 114, 101, 115, 34, 58, 34, 103, 111, 111, 103, 108, 101, 34, 44, 34, 115, 99, 114, 101, 101, 110, 72, 101, 105, 103, 104, 116, 34, 58, 50, 48, 50, 56, 44, 34, 98, 117, 110, 100, 108, 101, 73, 100, 34, 58, 34, 99, 111, 109, 46, 117, 110, 105, 116, 121, 51, 100, 46, 97, 100, 115, 46, 101, 120, 97, 109, 112, 108, 101, 34, 44, 34, 100, 101, 118, 105, 99, 101, 77, 97, 107, 101, 34, 58, 34, 71, 111, 111, 103, 108, 101, 34, 44, 34, 115, 101, 115, 115, 105, 111, 110, 73, 100, 34, 58, 34, 56, 49, 48, 57, 48, 53, 100, 98, 45, 56, 52, 51, 100, 45, 52, 102, 50, 55, 45, 57, 99, 49, 52, 45, 56, 57, 50, 98, 56, 101, 101, 51, 101, 50, 101, 49, 34, 44, 34, 118, 101, 114, 115, 105, 111, 110, 67, 111, 100, 101, 34, 58, 52, 56, 48, 48, 44, 34, 101, 110, 99, 114, 121, 112, 116, 101, 100, 34, 58, 116, 114, 117, 101, 44, 34, 98, 97, 116, 116, 101, 114, 121, 83, 116, 97, 116, 117, 115, 34, 58, 50, 44, 34, 119, 101, 98, 118, 105, 101, 119, 85, 97, 34, 58, 34, 77, 111, 122, 105, 108, 108, 97, 92, 47, 53, 46, 48, 32, 40, 76, 105, 110, 117, 120, 59, 32, 65, 110, 100, 114, 111, 105, 100, 32, 57, 59, 32, 80, 105, 120, 101, 108, 32, 51, 32, 66, 117, 105, 108, 100, 92, 47, 80, 81, 50, 65, 46, 49, 57, 48, 50, 48, 53, 46, 48, 48, 49, 59, 32, 119, 118, 41, 32, 65, 112, 112, 108, 101, 87, 101, 98, 75, 105, 116, 92, 47, 53, 51, 55, 46, 51, 54, 32, 40, 75, 72, 84, 77, 76, 44, 32, 108, 105, 107, 101, 32, 71, 101, 99, 107, 111, 41, 32, 86, 101, 114, 115, 105, 111, 110, 92, 47, 52, 46, 48, 32, 67, 104, 114, 111, 109, 101, 92, 47, 49, 49, 55, 46, 48, 46, 48, 46, 48, 32, 77, 111, 98, 105, 108, 101, 32, 83, 97, 102, 97, 114, 105, 92, 47, 53, 51, 55, 46, 51, 54, 34, 44, 34, 100, 101, 118, 105, 99, 101, 77, 111, 100, 101, 108, 34, 58, 34, 80, 105, 120, 101, 108, 32, 51, 34, 44, 34, 101, 118, 101, 110, 116, 84, 105, 109, 101, 83, 116, 97, 109, 112, 34, 58, 49, 54, 57, 54, 54, 54, 51, 54, 54, 51, 44, 34, 116, 115, 34, 58, 49, 54, 57, 54, 54, 54, 51, 54, 54, 51, 49, 49, 56, 125]], "sources": ["UUID"], "returned_value": null}]