project.emulator.get_num_leaks() = 3
Sources
[{'clss': 'Lcom/google/android/gms/internal/zzse;',
  'method': 'zzot()Ljava/lang/String;',
  'name': ['UUID'],
  'num': 676,
  'source_class': 'Ljava/util/UUID;',
  'source_method': 'toString()Ljava/lang/String;'},
 {'clss': 'Lcom/google/android/gms/internal/zzse;',
  'method': 'zzop()Ljava/lang/String;',
  'name': ['UUID'],
  'num': 520,
  'source_class': 'Ljava/util/concurrent/Future;',
  'source_method': 'get()Ljava/lang/Object;'},
 {'clss': 'Lcom/google/android/gms/analytics/Tracker$1;',
  'method': 'run()V',
  'name': ['UUID'],
  'num': 415,
  'source_class': 'Ljava/util/Map;',
  'source_method': 'get(Ljava/lang/Object;)Ljava/lang/Object;'},
 {'clss': 'Lcom/google/android/gms/internal/zzst;',
  'method': 'zzb(Lcom/google/android/gms/internal/zzrt;Ljava/lang/Object;)Ljava/lang/String;',
  'name': ['UUID'],
  'num': 473,
  'source_class': 'Ljava/lang/Object;',
  'source_method': 'toString()Ljava/lang/String;'},
 {'clss': 'Lcom/google/android/gms/analytics/Tracker$1;',
  'method': 'run()V',
  'name': ['UUID'],
  'num': 415,
  'source_class': 'Ljava/util/Map;',
  'source_method': 'get(Ljava/lang/Object;)Ljava/lang/Object;'},
 {'clss': 'Lcom/google/android/gms/internal/zzst;',
  'method': 'zzb(Lcom/google/android/gms/internal/zzrt;Ljava/lang/Object;)Ljava/lang/String;',
  'name': ['UUID'],
  'num': 473,
  'source_class': 'Ljava/lang/Object;',
  'source_method': 'toString()Ljava/lang/String;'},
 {'clss': 'Lcom/google/android/gms/internal/zzsa;',
  'method': 'zze(Lcom/google/android/gms/internal/zzst;)Ljava/lang/String;',
  'name': ['UUID'],
  'num': 472,
  'source_class': 'Ljava/util/Map$Entry;',
  'source_method': 'getValue()Ljava/lang/Object;'},
 {'clss': 'Lcom/google/android/gms/internal/zzsa;',
  'method': 'zze(Lcom/google/android/gms/internal/zzst;)Ljava/lang/String;',
  'name': ['UUID'],
  'num': 487,
  'source_class': 'Landroid/net/Uri;',
  'source_method': 'getEncodedQuery()Ljava/lang/String;'},
 {'clss': 'Lcom/google/android/gms/internal/zzsa;',
  'method': 'zze(Lcom/google/android/gms/internal/zzst;)Ljava/lang/String;',
  'name': ['UUID'],
  'num': 472,
  'source_class': 'Ljava/util/Map$Entry;',
  'source_method': 'getValue()Ljava/lang/Object;'},
 {'clss': 'Lcom/google/android/gms/internal/zzsa;',
  'method': 'zze(Lcom/google/android/gms/internal/zzst;)Ljava/lang/String;',
  'name': ['UUID'],
  'num': 487,
  'source_class': 'Landroid/net/Uri;',
  'source_method': 'getEncodedQuery()Ljava/lang/String;'},
 {'clss': 'Lcom/google/android/gms/internal/zzsa;',
  'method': 'zzt(J)Ljava/util/List;',
  'name': ['UUID'],
  'num': 1852,
  'source_class': 'Landroid/database/Cursor;',
  'source_method': 'getString(I)Ljava/lang/String;'},
 {'clss': 'Lcom/google/android/gms/internal/zzsa;',
  'method': 'zzbT(Ljava/lang/String;)Ljava/util/Map;',
  'name': ['UUID'],
  'num': 976,
  'source_class': 'Ljava/lang/String;',
  'source_method': 'valueOf(Ljava/lang/Object;)Ljava/lang/String;'},
 {'clss': 'Lcom/google/android/gms/internal/zzsa;',
  'method': 'zzbT(Ljava/lang/String;)Ljava/util/Map;',
  'name': ['UUID'],
  'num': 986,
  'source_class': 'Ljava/lang/String;',
  'source_method': 'concat(Ljava/lang/String;)Ljava/lang/String;'},
 {'clss': 'Lcom/google/android/gms/common/util/zzn;',
  'method': 'zza(Ljava/net/URI;Ljava/lang/String;)Ljava/util/Map;',
  'name': ['UUID'],
  'num': 95,
  'source_class': 'Ljava/net/URI;',
  'source_method': 'getRawQuery()Ljava/lang/String;'},
 {'clss': 'Lcom/google/android/gms/common/util/zzn;',
  'method': 'zza(Ljava/net/URI;Ljava/lang/String;)Ljava/util/Map;',
  'name': ['UUID'],
  'num': 126,
  'source_class': 'Ljava/util/Scanner;',
  'source_method': 'next()Ljava/lang/String;'},
 {'clss': 'Lcom/google/android/gms/common/util/zzn;',
  'method': 'decode(Ljava/lang/String;Ljava/lang/String;)Ljava/lang/String;',
  'name': ['UUID'],
  'num': 50,
  'source_class': 'Ljava/net/URLDecoder;',
  'source_method': 'decode(Ljava/lang/String;Ljava/lang/String;)Ljava/lang/String;'},
 {'clss': 'Lcom/google/android/gms/internal/zzst;',
  'method': 'zzb(Lcom/google/android/gms/internal/zzrt;Ljava/lang/Object;)Ljava/lang/String;',
  'name': ['UUID'],
  'num': 473,
  'source_class': 'Ljava/lang/Object;',
  'source_method': 'toString()Ljava/lang/String;'},
 {'clss': 'Lcom/google/android/gms/internal/zzsa;',
  'method': 'zzt(J)Ljava/util/List;',
  'name': ['UUID'],
  'num': 1852,
  'source_class': 'Landroid/database/Cursor;',
  'source_method': 'getString(I)Ljava/lang/String;'},
 {'clss': 'Lcom/google/android/gms/internal/zzsa;',
  'method': 'zzbT(Ljava/lang/String;)Ljava/util/Map;',
  'name': ['UUID'],
  'num': 976,
  'source_class': 'Ljava/lang/String;',
  'source_method': 'valueOf(Ljava/lang/Object;)Ljava/lang/String;'},
 {'clss': 'Lcom/google/android/gms/internal/zzsa;',
  'method': 'zzbT(Ljava/lang/String;)Ljava/util/Map;',
  'name': ['UUID'],
  'num': 986,
  'source_class': 'Ljava/lang/String;',
  'source_method': 'concat(Ljava/lang/String;)Ljava/lang/String;'},
 {'clss': 'Lcom/google/android/gms/common/util/zzn;',
  'method': 'zza(Ljava/net/URI;Ljava/lang/String;)Ljava/util/Map;',
  'name': ['UUID'],
  'num': 95,
  'source_class': 'Ljava/net/URI;',
  'source_method': 'getRawQuery()Ljava/lang/String;'},
 {'clss': 'Lcom/google/android/gms/common/util/zzn;',
  'method': 'zza(Ljava/net/URI;Ljava/lang/String;)Ljava/util/Map;',
  'name': ['UUID'],
  'num': 126,
  'source_class': 'Ljava/util/Scanner;',
  'source_method': 'next()Ljava/lang/String;'},
 {'clss': 'Lcom/google/android/gms/common/util/zzn;',
  'method': 'decode(Ljava/lang/String;Ljava/lang/String;)Ljava/lang/String;',
  'name': ['UUID'],
  'num': 50,
  'source_class': 'Ljava/net/URLDecoder;',
  'source_method': 'decode(Ljava/lang/String;Ljava/lang/String;)Ljava/lang/String;'},
 {'clss': 'Lcom/google/android/gms/internal/zzst;',
  'method': 'zzb(Lcom/google/android/gms/internal/zzrt;Ljava/lang/Object;)Ljava/lang/String;',
  'name': ['UUID'],
  'num': 473,
  'source_class': 'Ljava/lang/Object;',
  'source_method': 'toString()Ljava/lang/String;'},
 {'clss': 'Lcom/google/android/gms/internal/zzsz;',
  'method': 'zza(Lcom/google/android/gms/internal/zzst;Z)Ljava/lang/String;',
  'name': ['UUID'],
  'num': 1495,
  'source_class': 'Ljava/util/Map$Entry;',
  'source_method': 'getValue()Ljava/lang/Object;'},
 {'clss': 'Lcom/google/android/gms/internal/zzsz;',
  'method': 'zza(Ljava/lang/StringBuilder;Ljava/lang/String;Ljava/lang/String;)V',
  'name': ['UUID'],
  'num': 353,
  'source_class': 'Ljava/net/URLEncoder;',
  'source_method': 'encode(Ljava/lang/String;Ljava/lang/String;)Ljava/lang/String;'},
 {'clss': 'Lcom/google/android/gms/internal/zzsz;',
  'method': 'zza(Lcom/google/android/gms/internal/zzst;Z)Ljava/lang/String;',
  'name': ['UUID'],
  'num': 1577,
  'source_class': 'Ljava/lang/StringBuilder;',
  'source_method': 'toString()Ljava/lang/String;'},
 {'clss': 'Lcom/google/android/gms/internal/zzsz;',
  'method': 'zza(Lcom/google/android/gms/internal/zzst;Z)Ljava/lang/String;',
  'name': ['UUID'],
  'num': 1495,
  'source_class': 'Ljava/util/Map$Entry;',
  'source_method': 'getValue()Ljava/lang/Object;'},
 {'clss': 'Lcom/google/android/gms/internal/zzsz;',
  'method': 'zza(Ljava/lang/StringBuilder;Ljava/lang/String;Ljava/lang/String;)V',
  'name': ['UUID'],
  'num': 353,
  'source_class': 'Ljava/net/URLEncoder;',
  'source_method': 'encode(Ljava/lang/String;Ljava/lang/String;)Ljava/lang/String;'},
 {'clss': 'Lcom/google/android/gms/internal/zzsz;',
  'method': 'zza(Lcom/google/android/gms/internal/zzst;Z)Ljava/lang/String;',
  'name': ['UUID'],
  'num': 1577,
  'source_class': 'Ljava/lang/StringBuilder;',
  'source_method': 'toString()Ljava/lang/String;'},
 {'clss': 'Lcom/google/android/gms/analytics/Tracker$1;',
  'method': 'run()V',
  'name': ['UUID'],
  'num': 415,
  'source_class': 'Ljava/util/Map;',
  'source_method': 'get(Ljava/lang/Object;)Ljava/lang/Object;'},
 {'clss': 'Lcom/google/android/gms/internal/zzst;',
  'method': 'zzb(Lcom/google/android/gms/internal/zzrt;Ljava/lang/Object;)Ljava/lang/String;',
  'name': ['UUID'],
  'num': 473,
  'source_class': 'Ljava/lang/Object;',
  'source_method': 'toString()Ljava/lang/String;'},
 {'clss': 'Lcom/google/android/gms/internal/zzsa;',
  'method': 'zze(Lcom/google/android/gms/internal/zzst;)Ljava/lang/String;',
  'name': ['UUID'],
  'num': 472,
  'source_class': 'Ljava/util/Map$Entry;',
  'source_method': 'getValue()Ljava/lang/Object;'},
 {'clss': 'Lcom/google/android/gms/internal/zzsa;',
  'method': 'zze(Lcom/google/android/gms/internal/zzst;)Ljava/lang/String;',
  'name': ['UUID'],
  'num': 487,
  'source_class': 'Landroid/net/Uri;',
  'source_method': 'getEncodedQuery()Ljava/lang/String;'},
 {'clss': 'Lcom/google/android/gms/analytics/Tracker$1;',
  'method': 'run()V',
  'name': ['UUID'],
  'num': 415,
  'source_class': 'Ljava/util/Map;',
  'source_method': 'get(Ljava/lang/Object;)Ljava/lang/Object;'},
 {'clss': 'Lcom/google/android/gms/internal/zzst;',
  'method': 'zzb(Lcom/google/android/gms/internal/zzrt;Ljava/lang/Object;)Ljava/lang/String;',
  'name': ['UUID'],
  'num': 473,
  'source_class': 'Ljava/lang/Object;',
  'source_method': 'toString()Ljava/lang/String;'},
 {'clss': 'Lcom/google/android/gms/internal/zzsa;',
  'method': 'zze(Lcom/google/android/gms/internal/zzst;)Ljava/lang/String;',
  'name': ['UUID'],
  'num': 472,
  'source_class': 'Ljava/util/Map$Entry;',
  'source_method': 'getValue()Ljava/lang/Object;'},
 {'clss': 'Lcom/google/android/gms/internal/zzsa;',
  'method': 'zze(Lcom/google/android/gms/internal/zzst;)Ljava/lang/String;',
  'name': ['UUID'],
  'num': 487,
  'source_class': 'Landroid/net/Uri;',
  'source_method': 'getEncodedQuery()Ljava/lang/String;'},
 {'clss': 'Lcom/google/android/gms/analytics/Tracker$1;',
  'method': 'run()V',
  'name': ['UUID'],
  'num': 415,
  'source_class': 'Ljava/util/Map;',
  'source_method': 'get(Ljava/lang/Object;)Ljava/lang/Object;'},
 {'clss': 'Lcom/google/android/gms/internal/zzst;',
  'method': 'zzb(Lcom/google/android/gms/internal/zzrt;Ljava/lang/Object;)Ljava/lang/String;',
  'name': ['UUID'],
  'num': 473,
  'source_class': 'Ljava/lang/Object;',
  'source_method': 'toString()Ljava/lang/String;'},
 {'clss': 'Lcom/google/android/gms/analytics/Tracker$1;',
  'method': 'run()V',
  'name': ['UUID'],
  'num': 415,
  'source_class': 'Ljava/util/Map;',
  'source_method': 'get(Ljava/lang/Object;)Ljava/lang/Object;'},
 {'clss': 'Lcom/google/android/gms/internal/zzst;',
  'method': 'zzb(Lcom/google/android/gms/internal/zzrt;Ljava/lang/Object;)Ljava/lang/String;',
  'name': ['UUID'],
  'num': 473,
  'source_class': 'Ljava/lang/Object;',
  'source_method': 'toString()Ljava/lang/String;'},
 {'clss': 'Lcom/google/android/gms/internal/zzsa;',
  'method': 'zze(Lcom/google/android/gms/internal/zzst;)Ljava/lang/String;',
  'name': ['UUID'],
  'num': 472,
  'source_class': 'Ljava/util/Map$Entry;',
  'source_method': 'getValue()Ljava/lang/Object;'},
 {'clss': 'Lcom/google/android/gms/internal/zzsa;',
  'method': 'zze(Lcom/google/android/gms/internal/zzst;)Ljava/lang/String;',
  'name': ['UUID'],
  'num': 487,
  'source_class': 'Landroid/net/Uri;',
  'source_method': 'getEncodedQuery()Ljava/lang/String;'},
 {'clss': 'Lcom/google/android/gms/internal/zzsa;',
  'method': 'zze(Lcom/google/android/gms/internal/zzst;)Ljava/lang/String;',
  'name': ['UUID'],
  'num': 472,
  'source_class': 'Ljava/util/Map$Entry;',
  'source_method': 'getValue()Ljava/lang/Object;'},
 {'clss': 'Lcom/google/android/gms/internal/zzsa;',
  'method': 'zze(Lcom/google/android/gms/internal/zzst;)Ljava/lang/String;',
  'name': ['UUID'],
  'num': 487,
  'source_class': 'Landroid/net/Uri;',
  'source_method': 'getEncodedQuery()Ljava/lang/String;'},
 {'clss': 'Lcom/google/android/gms/analytics/Tracker$1;',
  'method': 'run()V',
  'name': ['UUID'],
  'num': 415,
  'source_class': 'Ljava/util/Map;',
  'source_method': 'get(Ljava/lang/Object;)Ljava/lang/Object;'},
 {'clss': 'Lcom/google/android/gms/internal/zzst;',
  'method': 'zzb(Lcom/google/android/gms/internal/zzrt;Ljava/lang/Object;)Ljava/lang/String;',
  'name': ['UUID'],
  'num': 473,
  'source_class': 'Ljava/lang/Object;',
  'source_method': 'toString()Ljava/lang/String;'},
 {'clss': 'Lcom/google/android/gms/internal/zzsa;',
  'method': 'zze(Lcom/google/android/gms/internal/zzst;)Ljava/lang/String;',
  'name': ['UUID'],
  'num': 472,
  'source_class': 'Ljava/util/Map$Entry;',
  'source_method': 'getValue()Ljava/lang/Object;'},
 {'clss': 'Lcom/google/android/gms/internal/zzsa;',
  'method': 'zze(Lcom/google/android/gms/internal/zzst;)Ljava/lang/String;',
  'name': ['UUID'],
  'num': 487,
  'source_class': 'Landroid/net/Uri;',
  'source_method': 'getEncodedQuery()Ljava/lang/String;'},
 {'clss': 'Lcom/google/android/gms/analytics/Tracker$1;',
  'method': 'run()V',
  'name': ['UUID'],
  'num': 415,
  'source_class': 'Ljava/util/Map;',
  'source_method': 'get(Ljava/lang/Object;)Ljava/lang/Object;'},
 {'clss': 'Lcom/google/android/gms/internal/zzst;',
  'method': 'zzb(Lcom/google/android/gms/internal/zzrt;Ljava/lang/Object;)Ljava/lang/String;',
  'name': ['UUID'],
  'num': 473,
  'source_class': 'Ljava/lang/Object;',
  'source_method': 'toString()Ljava/lang/String;'},
 {'clss': 'Lcom/google/android/gms/internal/zzsa;',
  'method': 'zze(Lcom/google/android/gms/internal/zzst;)Ljava/lang/String;',
  'name': ['UUID'],
  'num': 472,
  'source_class': 'Ljava/util/Map$Entry;',
  'source_method': 'getValue()Ljava/lang/Object;'},
 {'clss': 'Lcom/google/android/gms/internal/zzsa;',
  'method': 'zze(Lcom/google/android/gms/internal/zzst;)Ljava/lang/String;',
  'name': ['UUID'],
  'num': 487,
  'source_class': 'Landroid/net/Uri;',
  'source_method': 'getEncodedQuery()Ljava/lang/String;'},
 {'clss': 'Lcom/google/android/gms/analytics/Tracker$1;',
  'method': 'run()V',
  'name': ['UUID'],
  'num': 415,
  'source_class': 'Ljava/util/Map;',
  'source_method': 'get(Ljava/lang/Object;)Ljava/lang/Object;'},
 {'clss': 'Lcom/google/android/gms/internal/zzst;',
  'method': 'zzb(Lcom/google/android/gms/internal/zzrt;Ljava/lang/Object;)Ljava/lang/String;',
  'name': ['UUID'],
  'num': 473,
  'source_class': 'Ljava/lang/Object;',
  'source_method': 'toString()Ljava/lang/String;'},
 {'clss': 'Lcom/google/android/gms/internal/zzsa;',
  'method': 'zze(Lcom/google/android/gms/internal/zzst;)Ljava/lang/String;',
  'name': ['UUID'],
  'num': 472,
  'source_class': 'Ljava/util/Map$Entry;',
  'source_method': 'getValue()Ljava/lang/Object;'},
 {'clss': 'Lcom/google/android/gms/internal/zzsa;',
  'method': 'zze(Lcom/google/android/gms/internal/zzst;)Ljava/lang/String;',
  'name': ['UUID'],
  'num': 487,
  'source_class': 'Landroid/net/Uri;',
  'source_method': 'getEncodedQuery()Ljava/lang/String;'},
 {'clss': 'Lcom/google/android/gms/analytics/Tracker$1;',
  'method': 'run()V',
  'name': ['UUID'],
  'num': 415,
  'source_class': 'Ljava/util/Map;',
  'source_method': 'get(Ljava/lang/Object;)Ljava/lang/Object;'},
 {'clss': 'Lcom/google/android/gms/internal/zzst;',
  'method': 'zzb(Lcom/google/android/gms/internal/zzrt;Ljava/lang/Object;)Ljava/lang/String;',
  'name': ['UUID'],
  'num': 473,
  'source_class': 'Ljava/lang/Object;',
  'source_method': 'toString()Ljava/lang/String;'},
 {'clss': 'Lcom/google/android/gms/internal/zzsa;',
  'method': 'zze(Lcom/google/android/gms/internal/zzst;)Ljava/lang/String;',
  'name': ['UUID'],
  'num': 472,
  'source_class': 'Ljava/util/Map$Entry;',
  'source_method': 'getValue()Ljava/lang/Object;'},
 {'clss': 'Lcom/google/android/gms/internal/zzsa;',
  'method': 'zze(Lcom/google/android/gms/internal/zzst;)Ljava/lang/String;',
  'name': ['UUID'],
  'num': 487,
  'source_class': 'Landroid/net/Uri;',
  'source_method': 'getEncodedQuery()Ljava/lang/String;'},
 {'clss': 'Lcom/google/android/gms/analytics/Tracker$1;',
  'method': 'run()V',
  'name': ['UUID'],
  'num': 415,
  'source_class': 'Ljava/util/Map;',
  'source_method': 'get(Ljava/lang/Object;)Ljava/lang/Object;'},
 {'clss': 'Lcom/google/android/gms/internal/zzst;',
  'method': 'zzb(Lcom/google/android/gms/internal/zzrt;Ljava/lang/Object;)Ljava/lang/String;',
  'name': ['UUID'],
  'num': 473,
  'source_class': 'Ljava/lang/Object;',
  'source_method': 'toString()Ljava/lang/String;'},
 {'clss': 'Lcom/google/android/gms/internal/zzsa;',
  'method': 'zze(Lcom/google/android/gms/internal/zzst;)Ljava/lang/String;',
  'name': ['UUID'],
  'num': 472,
  'source_class': 'Ljava/util/Map$Entry;',
  'source_method': 'getValue()Ljava/lang/Object;'},
 {'clss': 'Lcom/google/android/gms/internal/zzsa;',
  'method': 'zze(Lcom/google/android/gms/internal/zzst;)Ljava/lang/String;',
  'name': ['UUID'],
  'num': 487,
  'source_class': 'Landroid/net/Uri;',
  'source_method': 'getEncodedQuery()Ljava/lang/String;'},
 {'clss': 'Lcom/google/android/gms/analytics/Tracker$1;',
  'method': 'run()V',
  'name': ['UUID'],
  'num': 415,
  'source_class': 'Ljava/util/Map;',
  'source_method': 'get(Ljava/lang/Object;)Ljava/lang/Object;'},
 {'clss': 'Lcom/google/android/gms/internal/zzst;',
  'method': 'zzb(Lcom/google/android/gms/internal/zzrt;Ljava/lang/Object;)Ljava/lang/String;',
  'name': ['UUID'],
  'num': 473,
  'source_class': 'Ljava/lang/Object;',
  'source_method': 'toString()Ljava/lang/String;'},
 {'clss': 'Lcom/google/android/gms/internal/zzsa;',
  'method': 'zze(Lcom/google/android/gms/internal/zzst;)Ljava/lang/String;',
  'name': ['UUID'],
  'num': 472,
  'source_class': 'Ljava/util/Map$Entry;',
  'source_method': 'getValue()Ljava/lang/Object;'},
 {'clss': 'Lcom/google/android/gms/internal/zzsa;',
  'method': 'zze(Lcom/google/android/gms/internal/zzst;)Ljava/lang/String;',
  'name': ['UUID'],
  'num': 487,
  'source_class': 'Landroid/net/Uri;',
  'source_method': 'getEncodedQuery()Ljava/lang/String;'},
 {'clss': 'Lcom/google/android/gms/analytics/Tracker$1;',
  'method': 'run()V',
  'name': ['UUID'],
  'num': 415,
  'source_class': 'Ljava/util/Map;',
  'source_method': 'get(Ljava/lang/Object;)Ljava/lang/Object;'},
 {'clss': 'Lcom/google/android/gms/internal/zzst;',
  'method': 'zzb(Lcom/google/android/gms/internal/zzrt;Ljava/lang/Object;)Ljava/lang/String;',
  'name': ['UUID'],
  'num': 473,
  'source_class': 'Ljava/lang/Object;',
  'source_method': 'toString()Ljava/lang/String;'},
 {'clss': 'Lcom/google/android/gms/internal/zzsa;',
  'method': 'zze(Lcom/google/android/gms/internal/zzst;)Ljava/lang/String;',
  'name': ['UUID'],
  'num': 472,
  'source_class': 'Ljava/util/Map$Entry;',
  'source_method': 'getValue()Ljava/lang/Object;'},
 {'clss': 'Lcom/google/android/gms/internal/zzsa;',
  'method': 'zze(Lcom/google/android/gms/internal/zzst;)Ljava/lang/String;',
  'name': ['UUID'],
  'num': 487,
  'source_class': 'Landroid/net/Uri;',
  'source_method': 'getEncodedQuery()Ljava/lang/String;'},
 {'clss': 'Lcom/google/android/gms/analytics/Tracker$1;',
  'method': 'run()V',
  'name': ['UUID'],
  'num': 415,
  'source_class': 'Ljava/util/Map;',
  'source_method': 'get(Ljava/lang/Object;)Ljava/lang/Object;'},
 {'clss': 'Lcom/google/android/gms/internal/zzst;',
  'method': 'zzb(Lcom/google/android/gms/internal/zzrt;Ljava/lang/Object;)Ljava/lang/String;',
  'name': ['UUID'],
  'num': 473,
  'source_class': 'Ljava/lang/Object;',
  'source_method': 'toString()Ljava/lang/String;'},
 {'clss': 'Lcom/google/android/gms/internal/zzsa;',
  'method': 'zze(Lcom/google/android/gms/internal/zzst;)Ljava/lang/String;',
  'name': ['UUID'],
  'num': 472,
  'source_class': 'Ljava/util/Map$Entry;',
  'source_method': 'getValue()Ljava/lang/Object;'},
 {'clss': 'Lcom/google/android/gms/internal/zzsa;',
  'method': 'zze(Lcom/google/android/gms/internal/zzst;)Ljava/lang/String;',
  'name': ['UUID'],
  'num': 487,
  'source_class': 'Landroid/net/Uri;',
  'source_method': 'getEncodedQuery()Ljava/lang/String;'},
 {'clss': 'Lcom/google/android/gms/analytics/Tracker$1;',
  'method': 'run()V',
  'name': ['UUID'],
  'num': 415,
  'source_class': 'Ljava/util/Map;',
  'source_method': 'get(Ljava/lang/Object;)Ljava/lang/Object;'},
 {'clss': 'Lcom/google/android/gms/internal/zzst;',
  'method': 'zzb(Lcom/google/android/gms/internal/zzrt;Ljava/lang/Object;)Ljava/lang/String;',
  'name': ['UUID'],
  'num': 473,
  'source_class': 'Ljava/lang/Object;',
  'source_method': 'toString()Ljava/lang/String;'},
 {'clss': 'Lcom/google/android/gms/internal/zzsa;',
  'method': 'zze(Lcom/google/android/gms/internal/zzst;)Ljava/lang/String;',
  'name': ['UUID'],
  'num': 472,
  'source_class': 'Ljava/util/Map$Entry;',
  'source_method': 'getValue()Ljava/lang/Object;'},
 {'clss': 'Lcom/google/android/gms/internal/zzsa;',
  'method': 'zze(Lcom/google/android/gms/internal/zzst;)Ljava/lang/String;',
  'name': ['UUID'],
  'num': 487,
  'source_class': 'Landroid/net/Uri;',
  'source_method': 'getEncodedQuery()Ljava/lang/String;'},
 {'clss': 'Lcom/google/android/gms/analytics/Tracker$1;',
  'method': 'run()V',
  'name': ['UUID'],
  'num': 415,
  'source_class': 'Ljava/util/Map;',
  'source_method': 'get(Ljava/lang/Object;)Ljava/lang/Object;'},
 {'clss': 'Lcom/google/android/gms/internal/zzst;',
  'method': 'zzb(Lcom/google/android/gms/internal/zzrt;Ljava/lang/Object;)Ljava/lang/String;',
  'name': ['UUID'],
  'num': 473,
  'source_class': 'Ljava/lang/Object;',
  'source_method': 'toString()Ljava/lang/String;'},
 {'clss': 'Lcom/google/android/gms/internal/zzsa;',
  'method': 'zze(Lcom/google/android/gms/internal/zzst;)Ljava/lang/String;',
  'name': ['UUID'],
  'num': 472,
  'source_class': 'Ljava/util/Map$Entry;',
  'source_method': 'getValue()Ljava/lang/Object;'},
 {'clss': 'Lcom/google/android/gms/internal/zzsa;',
  'method': 'zze(Lcom/google/android/gms/internal/zzst;)Ljava/lang/String;',
  'name': ['UUID'],
  'num': 487,
  'source_class': 'Landroid/net/Uri;',
  'source_method': 'getEncodedQuery()Ljava/lang/String;'},
 {'clss': 'Lcom/google/android/gms/analytics/Tracker$1;',
  'method': 'run()V',
  'name': ['UUID'],
  'num': 415,
  'source_class': 'Ljava/util/Map;',
  'source_method': 'get(Ljava/lang/Object;)Ljava/lang/Object;'},
 {'clss': 'Lcom/google/android/gms/internal/zzst;',
  'method': 'zzb(Lcom/google/android/gms/internal/zzrt;Ljava/lang/Object;)Ljava/lang/String;',
  'name': ['UUID'],
  'num': 473,
  'source_class': 'Ljava/lang/Object;',
  'source_method': 'toString()Ljava/lang/String;'},
 {'clss': 'Lcom/google/android/gms/internal/zzsa;',
  'method': 'zze(Lcom/google/android/gms/internal/zzst;)Ljava/lang/String;',
  'name': ['UUID'],
  'num': 472,
  'source_class': 'Ljava/util/Map$Entry;',
  'source_method': 'getValue()Ljava/lang/Object;'},
 {'clss': 'Lcom/google/android/gms/internal/zzsa;',
  'method': 'zze(Lcom/google/android/gms/internal/zzst;)Ljava/lang/String;',
  'name': ['UUID'],
  'num': 487,
  'source_class': 'Landroid/net/Uri;',
  'source_method': 'getEncodedQuery()Ljava/lang/String;'},
 {'clss': 'Lcom/google/android/gms/analytics/Tracker$1;',
  'method': 'run()V',
  'name': ['UUID'],
  'num': 415,
  'source_class': 'Ljava/util/Map;',
  'source_method': 'get(Ljava/lang/Object;)Ljava/lang/Object;'},
 {'clss': 'Lcom/google/android/gms/internal/zzst;',
  'method': 'zzb(Lcom/google/android/gms/internal/zzrt;Ljava/lang/Object;)Ljava/lang/String;',
  'name': ['UUID'],
  'num': 473,
  'source_class': 'Ljava/lang/Object;',
  'source_method': 'toString()Ljava/lang/String;'},
 {'clss': 'Lcom/google/android/gms/internal/zzsa;',
  'method': 'zze(Lcom/google/android/gms/internal/zzst;)Ljava/lang/String;',
  'name': ['UUID'],
  'num': 472,
  'source_class': 'Ljava/util/Map$Entry;',
  'source_method': 'getValue()Ljava/lang/Object;'},
 {'clss': 'Lcom/google/android/gms/internal/zzsa;',
  'method': 'zze(Lcom/google/android/gms/internal/zzst;)Ljava/lang/String;',
  'name': ['UUID'],
  'num': 487,
  'source_class': 'Landroid/net/Uri;',
  'source_method': 'getEncodedQuery()Ljava/lang/String;'},
 {'clss': 'Lcom/google/android/gms/analytics/Tracker$1;',
  'method': 'run()V',
  'name': ['UUID'],
  'num': 415,
  'source_class': 'Ljava/util/Map;',
  'source_method': 'get(Ljava/lang/Object;)Ljava/lang/Object;'},
 {'clss': 'Lcom/google/android/gms/internal/zzst;',
  'method': 'zzb(Lcom/google/android/gms/internal/zzrt;Ljava/lang/Object;)Ljava/lang/String;',
  'name': ['UUID'],
  'num': 473,
  'source_class': 'Ljava/lang/Object;',
  'source_method': 'toString()Ljava/lang/String;'},
 {'clss': 'Lcom/google/android/gms/internal/zzsa;',
  'method': 'zze(Lcom/google/android/gms/internal/zzst;)Ljava/lang/String;',
  'name': ['UUID'],
  'num': 472,
  'source_class': 'Ljava/util/Map$Entry;',
  'source_method': 'getValue()Ljava/lang/Object;'},
 {'clss': 'Lcom/google/android/gms/internal/zzsa;',
  'method': 'zze(Lcom/google/android/gms/internal/zzst;)Ljava/lang/String;',
  'name': ['UUID'],
  'num': 487,
  'source_class': 'Landroid/net/Uri;',
  'source_method': 'getEncodedQuery()Ljava/lang/String;'},
 {'clss': 'Lcom/google/android/gms/analytics/Tracker$1;',
  'method': 'run()V',
  'name': ['UUID'],
  'num': 415,
  'source_class': 'Ljava/util/Map;',
  'source_method': 'get(Ljava/lang/Object;)Ljava/lang/Object;'},
 {'clss': 'Lcom/google/android/gms/internal/zzst;',
  'method': 'zzb(Lcom/google/android/gms/internal/zzrt;Ljava/lang/Object;)Ljava/lang/String;',
  'name': ['UUID'],
  'num': 473,
  'source_class': 'Ljava/lang/Object;',
  'source_method': 'toString()Ljava/lang/String;'},
 {'clss': 'Lcom/google/android/gms/internal/zzsa;',
  'method': 'zze(Lcom/google/android/gms/internal/zzst;)Ljava/lang/String;',
  'name': ['UUID'],
  'num': 472,
  'source_class': 'Ljava/util/Map$Entry;',
  'source_method': 'getValue()Ljava/lang/Object;'},
 {'clss': 'Lcom/google/android/gms/internal/zzsa;',
  'method': 'zze(Lcom/google/android/gms/internal/zzst;)Ljava/lang/String;',
  'name': ['UUID'],
  'num': 487,
  'source_class': 'Landroid/net/Uri;',
  'source_method': 'getEncodedQuery()Ljava/lang/String;'},
 {'clss': 'Lcom/google/android/gms/analytics/Tracker$1;',
  'method': 'run()V',
  'name': ['UUID'],
  'num': 415,
  'source_class': 'Ljava/util/Map;',
  'source_method': 'get(Ljava/lang/Object;)Ljava/lang/Object;'},
 {'clss': 'Lcom/google/android/gms/internal/zzst;',
  'method': 'zzb(Lcom/google/android/gms/internal/zzrt;Ljava/lang/Object;)Ljava/lang/String;',
  'name': ['UUID'],
  'num': 473,
  'source_class': 'Ljava/lang/Object;',
  'source_method': 'toString()Ljava/lang/String;'},
 {'clss': 'Lcom/google/android/gms/analytics/Tracker$1;',
  'method': 'run()V',
  'name': ['UUID'],
  'num': 415,
  'source_class': 'Ljava/util/Map;',
  'source_method': 'get(Ljava/lang/Object;)Ljava/lang/Object;'},
 {'clss': 'Lcom/google/android/gms/internal/zzst;',
  'method': 'zzb(Lcom/google/android/gms/internal/zzrt;Ljava/lang/Object;)Ljava/lang/String;',
  'name': ['UUID'],
  'num': 473,
  'source_class': 'Ljava/lang/Object;',
  'source_method': 'toString()Ljava/lang/String;'},
 {'clss': 'Lcom/google/android/gms/internal/zzsa;',
  'method': 'zze(Lcom/google/android/gms/internal/zzst;)Ljava/lang/String;',
  'name': ['UUID'],
  'num': 472,
  'source_class': 'Ljava/util/Map$Entry;',
  'source_method': 'getValue()Ljava/lang/Object;'},
 {'clss': 'Lcom/google/android/gms/internal/zzsa;',
  'method': 'zze(Lcom/google/android/gms/internal/zzst;)Ljava/lang/String;',
  'name': ['UUID'],
  'num': 487,
  'source_class': 'Landroid/net/Uri;',
  'source_method': 'getEncodedQuery()Ljava/lang/String;'}]
Sinks
[{"smali_tag": "2053_353", "clss": "Lcom/google/android/gms/internal/zzsz;", "method": "zza(Ljava/lang/StringBuilder;Ljava/lang/String;Ljava/lang/String;)V", "num": 353, "sink_class": "Ljava/net/URLEncoder;", "sink_method": "encode(Ljava/lang/String;Ljava/lang/String;)Ljava/lang/String;", "sink_values": ["ef42113f-ee1c-4f7f-b41f-2698a590cf8f"], "sources": ["UUID"], "returned_value": null}, {"smali_tag": "2053_353", "clss": "Lcom/google/android/gms/internal/zzsz;", "method": "zza(Ljava/lang/StringBuilder;Ljava/lang/String;Ljava/lang/String;)V", "num": 353, "sink_class": "Ljava/net/URLEncoder;", "sink_method": "encode(Ljava/lang/String;Ljava/lang/String;)Ljava/lang/String;", "sink_values": ["ef42113f-ee1c-4f7f-b41f-2698a590cf8f"], "sources": ["UUID"], "returned_value": null}, {"smali_tag": "2053_1375", "clss": "Lcom/google/android/gms/internal/zzsz;", "method": "zzpB()Ljava/net/URL;", "num": 1375, "sink_class": "Ljava/net/URL;", "sink_method": "<init>(Ljava/lang/String;)V", "sink_values": ["https://ssl.google-analytics.com/batch"], "sources": ["UUID"], "returned_value": null}, {"smali_tag": "2053_1321", "clss": "Lcom/google/android/gms/internal/zzsz;", "method": "zzk([B)[B", "num": 1321, "sink_class": "Ljava/util/zip/GZIPOutputStream;", "sink_method": "write([B)V", "sink_values": [[97, 61, 50, 57, 56, 51, 55, 55, 54, 56, 50, 38, 97, 110, 61, 67, 117, 116, 101, 43, 80, 101, 116, 115, 43, 69, 120, 97, 109, 112, 108, 101, 38, 116, 105, 100, 61, 85, 65, 45, 53, 52, 52, 55, 56, 57, 57, 57, 45, 51, 38, 99, 100, 49, 61, 38, 97, 116, 101, 61, 48, 38, 116, 61, 115, 99, 114, 101, 101, 110, 118, 105, 101, 119, 38, 95, 115, 61, 48, 38, 97, 118, 61, 49, 46, 48, 38, 118, 61, 49, 38, 95, 118, 61, 109, 97, 49, 48, 46, 48, 46, 56, 52, 38, 117, 108, 61, 101, 110, 45, 117, 115, 38, 97, 105, 100, 61, 99, 111, 109, 46, 101, 120, 97, 109, 112, 108, 101, 46, 99, 117, 116, 101, 112, 101, 116, 115, 38, 99, 105, 100, 61, 101, 102, 52, 50, 49, 49, 51, 102, 45, 101, 101, 49, 99, 45, 52, 102, 55, 102, 45, 98, 52, 49, 102, 45, 50, 54, 57, 56, 97, 53, 57, 48, 99, 102, 56, 102, 38, 115, 114, 61, 49, 48, 56, 48, 120, 50, 49, 53, 54, 38, 104, 116, 61, 49, 54, 57, 54, 56, 52, 56, 49, 49, 52, 50, 53, 50, 38, 113, 116, 61, 53, 51, 48, 57, 10, 99, 100, 61, 99, 111, 109, 46, 101, 120, 97, 109, 112, 108, 101, 46, 99, 117, 116, 101, 112, 101, 116, 115, 46, 77, 97, 105, 110, 65, 99, 116, 105, 118, 105, 116, 121, 38, 97, 61, 50, 57, 56, 51, 55, 55, 54, 56, 51, 38, 97, 110, 61, 67, 117, 116, 101, 43, 80, 101, 116, 115, 43, 69, 120, 97, 109, 112, 108, 101, 38, 116, 105, 100, 61, 85, 65, 45, 53, 52, 52, 55, 56, 57, 57, 57, 45, 51, 38, 115, 99, 61, 115, 116, 97, 114, 116, 38, 97, 116, 101, 61, 48, 38, 116, 61, 115, 99, 114, 101, 101, 110, 118, 105, 101, 119, 38, 95, 115, 61, 49, 38, 97, 118, 61, 49, 46, 48, 38, 118, 61, 49, 38, 95, 118, 61, 109, 97, 49, 48, 46, 48, 46, 56, 52, 38, 117, 108, 61, 101, 110, 45, 117, 115, 38, 97, 105, 100, 61, 99, 111, 109, 46, 101, 120, 97, 109, 112, 108, 101, 46, 99, 117, 116, 101, 112, 101, 116, 115, 38, 99, 105, 100, 61, 101, 102, 52, 50, 49, 49, 51, 102, 45, 101, 101, 49, 99, 45, 52, 102, 55, 102, 45, 98, 52, 49, 102, 45, 50, 54, 57, 56, 97, 53, 57, 48, 99, 102, 56, 102, 38, 115, 114, 61, 49, 48, 56, 48, 120, 50, 49, 53, 54, 38, 104, 116, 61, 49, 54, 57, 54, 56, 52, 56, 49, 49, 52, 51, 52, 48, 38, 113, 116, 61, 53, 50, 50, 54]], "sources": ["UUID"], "returned_value": null}]