project.emulator.get_num_leaks() = 1
Sources
[{'clss': 'Lcom/adjust/sdk/Util;', 'method': 'createUuid()Ljava/lang/String;', 'name': ['UUID'], 'num': 246, 'source_class': 'Ljava/util/UUID;', 'source_method': 'toString()Ljava/lang/String;'},
 {'clss': 'Lcom/adjust/sdk/Util;',
  'method': 'getFireAdvertisingId(Landroid/content/ContentResolver;)Ljava/lang/String;',
  'name': ['AndroidID'],
  'num': 722,
  'source_class': 'Landroid/provider/Settings$Secure;',
  'source_method': 'getString(Landroid/content/ContentResolver;Ljava/lang/String;)Ljava/lang/String;'},
 {'clss': 'Lcom/adjust/sdk/Util;',
  'method': 'formatString(Ljava/lang/String;[Ljava/lang/Object;)Ljava/lang/String;',
  'name': ['UUID'],
  'num': 426,
  'source_class': 'Ljava/lang/String;',
  'source_method': 'format(Ljava/util/Locale;Ljava/lang/String;[Ljava/lang/Object;)Ljava/lang/String;'},
 {'clss': 'Lcom/adjust/sdk/ActivityPackage;',
  'method': 'getExtendedString()Ljava/lang/String;',
  'name': ['UUID'],
  'num': 665,
  'source_class': 'Ljava/lang/StringBuilder;',
  'source_method': 'toString()Ljava/lang/String;'},
 {'clss': 'Lcom/adjust/sdk/Util;',
  'method': 'formatString(Ljava/lang/String;[Ljava/lang/Object;)Ljava/lang/String;',
  'name': ['UUID'],
  'num': 426,
  'source_class': 'Ljava/lang/String;',
  'source_method': 'format(Ljava/util/Locale;Ljava/lang/String;[Ljava/lang/Object;)Ljava/lang/String;'},
 {'clss': 'Lcom/adjust/sdk/Util;',
  'method': 'formatString(Ljava/lang/String;[Ljava/lang/Object;)Ljava/lang/String;',
  'name': ['UUID'],
  'num': 426,
  'source_class': 'Ljava/lang/String;',
  'source_method': 'format(Ljava/util/Locale;Ljava/lang/String;[Ljava/lang/Object;)Ljava/lang/String;'},
 {'clss': 'Lcom/adjust/sdk/Util;',
  'method': 'formatString(Ljava/lang/String;[Ljava/lang/Object;)Ljava/lang/String;',
  'name': ['UUID'],
  'num': 426,
  'source_class': 'Ljava/lang/String;',
  'source_method': 'format(Ljava/util/Locale;Ljava/lang/String;[Ljava/lang/Object;)Ljava/lang/String;'},
 {'clss': 'Lcom/adjust/sdk/network/ActivityPackageSender;',
  'method': 'injectParametersToPOSTStringBuilder(Ljava/util/Map;Ljava/lang/StringBuilder;)V',
  'name': ['UUID'],
  'num': 1652,
  'source_class': 'Ljava/util/Map$Entry;',
  'source_method': 'getValue()Ljava/lang/Object;'},
 {'clss': 'Lcom/adjust/sdk/network/ActivityPackageSender;',
  'method': 'injectParametersToPOSTStringBuilder(Ljava/util/Map;Ljava/lang/StringBuilder;)V',
  'name': ['UUID'],
  'num': 1663,
  'source_class': 'Ljava/net/URLEncoder;',
  'source_method': 'encode(Ljava/lang/String;Ljava/lang/String;)Ljava/lang/String;'},
 {'clss': 'Lcom/adjust/sdk/network/ActivityPackageSender;',
  'method': 'generatePOSTBodyString(Ljava/util/Map;Ljava/util/Map;)Ljava/lang/String;',
  'name': ['UUID'],
  'num': 957,
  'source_class': 'Ljava/lang/StringBuilder;',
  'source_method': 'toString()Ljava/lang/String;'},
 {'clss': 'Lcom/adjust/sdk/Util;',
  'method': 'getFireAdvertisingId(Landroid/content/ContentResolver;)Ljava/lang/String;',
  'name': ['AndroidID'],
  'num': 722,
  'source_class': 'Landroid/provider/Settings$Secure;',
  'source_method': 'getString(Landroid/content/ContentResolver;Ljava/lang/String;)Ljava/lang/String;'},
 {'clss': 'Lcom/adjust/sdk/Util;',
  'method': 'formatString(Ljava/lang/String;[Ljava/lang/Object;)Ljava/lang/String;',
  'name': ['UUID'],
  'num': 426,
  'source_class': 'Ljava/lang/String;',
  'source_method': 'format(Ljava/util/Locale;Ljava/lang/String;[Ljava/lang/Object;)Ljava/lang/String;'},
 {'clss': 'Lcom/adjust/sdk/ActivityPackage;',
  'method': 'getExtendedString()Ljava/lang/String;',
  'name': ['UUID'],
  'num': 665,
  'source_class': 'Ljava/lang/StringBuilder;',
  'source_method': 'toString()Ljava/lang/String;'},
 {'clss': 'Lcom/adjust/sdk/Util;',
  'method': 'formatString(Ljava/lang/String;[Ljava/lang/Object;)Ljava/lang/String;',
  'name': ['UUID'],
  'num': 426,
  'source_class': 'Ljava/lang/String;',
  'source_method': 'format(Ljava/util/Locale;Ljava/lang/String;[Ljava/lang/Object;)Ljava/lang/String;'},
 {'clss': 'Lcom/adjust/sdk/network/ActivityPackageSender;',
  'method': 'injectParametersToPOSTStringBuilder(Ljava/util/Map;Ljava/lang/StringBuilder;)V',
  'name': ['UUID'],
  'num': 1652,
  'source_class': 'Ljava/util/Map$Entry;',
  'source_method': 'getValue()Ljava/lang/Object;'},
 {'clss': 'Lcom/adjust/sdk/network/ActivityPackageSender;',
  'method': 'injectParametersToPOSTStringBuilder(Ljava/util/Map;Ljava/lang/StringBuilder;)V',
  'name': ['UUID'],
  'num': 1663,
  'source_class': 'Ljava/net/URLEncoder;',
  'source_method': 'encode(Ljava/lang/String;Ljava/lang/String;)Ljava/lang/String;'},
 {'clss': 'Lcom/adjust/sdk/network/ActivityPackageSender;',
  'method': 'generatePOSTBodyString(Ljava/util/Map;Ljava/util/Map;)Ljava/lang/String;',
  'name': ['UUID'],
  'num': 957,
  'source_class': 'Ljava/lang/StringBuilder;',
  'source_method': 'toString()Ljava/lang/String;'},
 {'clss': 'Lcom/adjust/sdk/Util;',
  'method': 'formatString(Ljava/lang/String;[Ljava/lang/Object;)Ljava/lang/String;',
  'name': ['UUID'],
  'num': 426,
  'source_class': 'Ljava/lang/String;',
  'source_method': 'format(Ljava/util/Locale;Ljava/lang/String;[Ljava/lang/Object;)Ljava/lang/String;'},
 {'clss': 'Lcom/adjust/sdk/Util;',
  'method': 'formatString(Ljava/lang/String;[Ljava/lang/Object;)Ljava/lang/String;',
  'name': ['UUID'],
  'num': 426,
  'source_class': 'Ljava/lang/String;',
  'source_method': 'format(Ljava/util/Locale;Ljava/lang/String;[Ljava/lang/Object;)Ljava/lang/String;'}]
Sinks
[{"smali_tag": "2170_1663", "clss": "Lcom/adjust/sdk/network/ActivityPackageSender;", "method": "injectParametersToPOSTStringBuilder(Ljava/util/Map;Ljava/lang/StringBuilder;)V", "num": 1663, "sink_class": "Ljava/net/URLEncoder;", "sink_method": "encode(Ljava/lang/String;Ljava/lang/String;)Ljava/lang/String;", "sink_values": ["0b40fe01-165d-4cc7-8cce-bcf0834a1824"], "sources": ["UUID"], "returned_value": null}, {"smali_tag": "2170_1663", "clss": "Lcom/adjust/sdk/network/ActivityPackageSender;", "method": "injectParametersToPOSTStringBuilder(Ljava/util/Map;Ljava/lang/StringBuilder;)V", "num": 1663, "sink_class": "Ljava/net/URLEncoder;", "sink_method": "encode(Ljava/lang/String;Ljava/lang/String;)Ljava/lang/String;", "sink_values": ["0b40fe01-165d-4cc7-8cce-bcf0834a1824"], "sources": ["UUID"], "returned_value": null}]