project.emulator.get_num_leaks() = 0
Sources
[{'clss': 'Lcom/google/android/gms/internal/zzse;',
  'method': 'zzot()Ljava/lang/String;',
  'name': ['UUID'],
  'num': 676,
  'source_class': 'Ljava/util/UUID;',
  'source_method': 'toString()Ljava/lang/String;'},
 {'clss': 'Lcom/google/android/gms/internal/zzse;',
  'method': 'zzop()Ljava/lang/String;',
  'name': ['UUID'],
  'num': 520,
  'source_class': 'Ljava/util/concurrent/Future;',
  'source_method': 'get()Ljava/lang/Object;'},
 {'clss': 'Lcom/google/android/gms/internal/zzcn$zza$zza;',
  'method': 'getId()Ljava/lang/String;',
  'name': ['AAID'],
  'num': 74,
  'source_class': 'Landroid/os/Parcel;',
  'source_method': 'readString()Ljava/lang/String;'},
 {'clss': 'Lcom/google/android/gms/ads/identifier/AdvertisingIdClient;',
  'method': 'getInfo()Lcom/google/android/gms/ads/identifier/AdvertisingIdClient$Info;',
  'name': ['AAID'],
  'num': 702,
  'source_class': 'Lcom/google/android/gms/internal/zzcn;',
  'source_method': 'getId()Ljava/lang/String;'},
 {'clss': 'Lcom/google/android/gms/ads/identifier/AdvertisingIdClient$Info;', 'method': 'getId()Ljava/lang/String;', 'name': ['AAID'], 'num': 39, 'source_class': None, 'source_method': None},
 {'clss': 'Lcom/google/android/gms/internal/zzrr;',
  'method': 'zza(Lcom/google/android/gms/ads/identifier/AdvertisingIdClient$Info;Lcom/google/android/gms/ads/identifier/AdvertisingIdClient$Info;)Z',
  'name': ['AAID'],
  'num': 73,
  'source_class': 'Lcom/google/android/gms/ads/identifier/AdvertisingIdClient$Info;',
  'source_method': 'getId()Ljava/lang/String;'},
 {'clss': 'Lcom/google/android/gms/internal/zzrr;',
  'method': 'zza(Lcom/google/android/gms/ads/identifier/AdvertisingIdClient$Info;Lcom/google/android/gms/ads/identifier/AdvertisingIdClient$Info;)Z',
  'name': ['AAID'],
  'num': 109,
  'source_class': 'Ljava/lang/String;',
  'source_method': 'valueOf(Ljava/lang/Object;)Ljava/lang/String;'},
 {'clss': 'Lcom/google/android/gms/internal/zzrr;',
  'method': 'zza(Lcom/google/android/gms/ads/identifier/AdvertisingIdClient$Info;Lcom/google/android/gms/ads/identifier/AdvertisingIdClient$Info;)Z',
  'name': ['UUID'],
  'num': 113,
  'source_class': 'Ljava/lang/String;',
  'source_method': 'valueOf(Ljava/lang/Object;)Ljava/lang/String;'},
 {'clss': 'Lcom/google/android/gms/internal/zzrr;',
  'method': 'zza(Lcom/google/android/gms/ads/identifier/AdvertisingIdClient$Info;Lcom/google/android/gms/ads/identifier/AdvertisingIdClient$Info;)Z',
  'name': ['AAID', 'UUID'],
  'num': 123,
  'source_class': 'Ljava/lang/String;',
  'source_method': 'concat(Ljava/lang/String;)Ljava/lang/String;'},
 {'clss': 'Lcom/google/android/gms/internal/zzrr;',
  'method': 'zza(Lcom/google/android/gms/ads/identifier/AdvertisingIdClient$Info;Lcom/google/android/gms/ads/identifier/AdvertisingIdClient$Info;)Z',
  'name': ['AAID'],
  'num': 292,
  'source_class': 'Ljava/lang/String;',
  'source_method': 'valueOf(Ljava/lang/Object;)Ljava/lang/String;'},
 {'clss': 'Lcom/google/android/gms/internal/zzrr;',
  'method': 'zza(Lcom/google/android/gms/ads/identifier/AdvertisingIdClient$Info;Lcom/google/android/gms/ads/identifier/AdvertisingIdClient$Info;)Z',
  'name': ['UUID'],
  'num': 296,
  'source_class': 'Ljava/lang/String;',
  'source_method': 'valueOf(Ljava/lang/Object;)Ljava/lang/String;'},
 {'clss': 'Lcom/google/android/gms/internal/zzrr;',
  'method': 'zza(Lcom/google/android/gms/ads/identifier/AdvertisingIdClient$Info;Lcom/google/android/gms/ads/identifier/AdvertisingIdClient$Info;)Z',
  'name': ['AAID', 'UUID'],
  'num': 306,
  'source_class': 'Ljava/lang/String;',
  'source_method': 'concat(Ljava/lang/String;)Ljava/lang/String;'},
 {'clss': 'Lcom/google/android/gms/internal/zzrr;',
  'method': 'zznf()Ljava/lang/String;',
  'name': ['AAID'],
  'num': 553,
  'source_class': 'Lcom/google/android/gms/ads/identifier/AdvertisingIdClient$Info;',
  'source_method': 'getId()Ljava/lang/String;'},
 {'clss': 'Lcom/google/android/gms/analytics/Tracker$1;',
  'method': 'run()V',
  'name': ['UUID'],
  'num': 415,
  'source_class': 'Ljava/util/Map;',
  'source_method': 'get(Ljava/lang/Object;)Ljava/lang/Object;'},
 {'clss': 'Lcom/google/android/gms/analytics/Tracker$1;',
  'method': 'run()V',
  'name': ['AAID'],
  'num': 463,
  'source_class': 'Ljava/util/Map;',
  'source_method': 'get(Ljava/lang/Object;)Ljava/lang/Object;'},
 {'clss': 'Lcom/google/android/gms/internal/zzst;',
  'method': 'zzb(Lcom/google/android/gms/internal/zzrt;Ljava/lang/Object;)Ljava/lang/String;',
  'name': ['AAID'],
  'num': 473,
  'source_class': 'Ljava/lang/Object;',
  'source_method': 'toString()Ljava/lang/String;'},
 {'clss': 'Lcom/google/android/gms/internal/zzst;',
  'method': 'zzb(Lcom/google/android/gms/internal/zzrt;Ljava/lang/Object;)Ljava/lang/String;',
  'name': ['UUID'],
  'num': 473,
  'source_class': 'Ljava/lang/Object;',
  'source_method': 'toString()Ljava/lang/String;'},
 {'clss': 'Lcom/google/android/gms/internal/zzrr;',
  'method': 'zznf()Ljava/lang/String;',
  'name': ['AAID'],
  'num': 553,
  'source_class': 'Lcom/google/android/gms/ads/identifier/AdvertisingIdClient$Info;',
  'source_method': 'getId()Ljava/lang/String;'},
 {'clss': 'Lcom/google/android/gms/analytics/Tracker$1;',
  'method': 'run()V',
  'name': ['UUID'],
  'num': 415,
  'source_class': 'Ljava/util/Map;',
  'source_method': 'get(Ljava/lang/Object;)Ljava/lang/Object;'},
 {'clss': 'Lcom/google/android/gms/analytics/Tracker$1;',
  'method': 'run()V',
  'name': ['AAID'],
  'num': 463,
  'source_class': 'Ljava/util/Map;',
  'source_method': 'get(Ljava/lang/Object;)Ljava/lang/Object;'},
 {'clss': 'Lcom/google/android/gms/internal/zzst;',
  'method': 'zzb(Lcom/google/android/gms/internal/zzrt;Ljava/lang/Object;)Ljava/lang/String;',
  'name': ['AAID'],
  'num': 473,
  'source_class': 'Ljava/lang/Object;',
  'source_method': 'toString()Ljava/lang/String;'},
 {'clss': 'Lcom/google/android/gms/internal/zzst;',
  'method': 'zzb(Lcom/google/android/gms/internal/zzrt;Ljava/lang/Object;)Ljava/lang/String;',
  'name': ['UUID'],
  'num': 473,
  'source_class': 'Ljava/lang/Object;',
  'source_method': 'toString()Ljava/lang/String;'},
 {'clss': 'Lcom/google/android/gms/internal/zzcn$zza$zza;',
  'method': 'getId()Ljava/lang/String;',
  'name': ['AAID'],
  'num': 74,
  'source_class': 'Landroid/os/Parcel;',
  'source_method': 'readString()Ljava/lang/String;'},
 {'clss': 'Lcom/google/android/gms/internal/zzrr;',
  'method': 'zza(Lcom/google/android/gms/ads/identifier/AdvertisingIdClient$Info;Lcom/google/android/gms/ads/identifier/AdvertisingIdClient$Info;)Z',
  'name': ['AAID'],
  'num': 73,
  'source_class': 'Lcom/google/android/gms/ads/identifier/AdvertisingIdClient$Info;',
  'source_method': 'getId()Ljava/lang/String;'},
 {'clss': 'Lcom/google/android/gms/internal/zzrr;',
  'method': 'zza(Lcom/google/android/gms/ads/identifier/AdvertisingIdClient$Info;Lcom/google/android/gms/ads/identifier/AdvertisingIdClient$Info;)Z',
  'name': ['AAID'],
  'num': 109,
  'source_class': 'Ljava/lang/String;',
  'source_method': 'valueOf(Ljava/lang/Object;)Ljava/lang/String;'},
 {'clss': 'Lcom/google/android/gms/internal/zzrr;',
  'method': 'zza(Lcom/google/android/gms/ads/identifier/AdvertisingIdClient$Info;Lcom/google/android/gms/ads/identifier/AdvertisingIdClient$Info;)Z',
  'name': ['UUID'],
  'num': 113,
  'source_class': 'Ljava/lang/String;',
  'source_method': 'valueOf(Ljava/lang/Object;)Ljava/lang/String;'},
 {'clss': 'Lcom/google/android/gms/internal/zzrr;',
  'method': 'zza(Lcom/google/android/gms/ads/identifier/AdvertisingIdClient$Info;Lcom/google/android/gms/ads/identifier/AdvertisingIdClient$Info;)Z',
  'name': ['AAID', 'UUID'],
  'num': 123,
  'source_class': 'Ljava/lang/String;',
  'source_method': 'concat(Ljava/lang/String;)Ljava/lang/String;'},
 {'clss': 'Lcom/google/android/gms/internal/zzrr;',
  'method': 'zznf()Ljava/lang/String;',
  'name': ['AAID'],
  'num': 553,
  'source_class': 'Lcom/google/android/gms/ads/identifier/AdvertisingIdClient$Info;',
  'source_method': 'getId()Ljava/lang/String;'},
 {'clss': 'Lcom/google/android/gms/analytics/Tracker$1;',
  'method': 'run()V',
  'name': ['UUID'],
  'num': 415,
  'source_class': 'Ljava/util/Map;',
  'source_method': 'get(Ljava/lang/Object;)Ljava/lang/Object;'},
 {'clss': 'Lcom/google/android/gms/analytics/Tracker$1;',
  'method': 'run()V',
  'name': ['AAID'],
  'num': 463,
  'source_class': 'Ljava/util/Map;',
  'source_method': 'get(Ljava/lang/Object;)Ljava/lang/Object;'},
 {'clss': 'Lcom/google/android/gms/internal/zzst;',
  'method': 'zzb(Lcom/google/android/gms/internal/zzrt;Ljava/lang/Object;)Ljava/lang/String;',
  'name': ['AAID'],
  'num': 473,
  'source_class': 'Ljava/lang/Object;',
  'source_method': 'toString()Ljava/lang/String;'},
 {'clss': 'Lcom/google/android/gms/internal/zzst;',
  'method': 'zzb(Lcom/google/android/gms/internal/zzrt;Ljava/lang/Object;)Ljava/lang/String;',
  'name': ['UUID'],
  'num': 473,
  'source_class': 'Ljava/lang/Object;',
  'source_method': 'toString()Ljava/lang/String;'},
 {'clss': 'Lcom/google/android/gms/internal/zzrr;',
  'method': 'zznf()Ljava/lang/String;',
  'name': ['AAID'],
  'num': 553,
  'source_class': 'Lcom/google/android/gms/ads/identifier/AdvertisingIdClient$Info;',
  'source_method': 'getId()Ljava/lang/String;'},
 {'clss': 'Lcom/google/android/gms/analytics/Tracker$1;',
  'method': 'run()V',
  'name': ['UUID'],
  'num': 415,
  'source_class': 'Ljava/util/Map;',
  'source_method': 'get(Ljava/lang/Object;)Ljava/lang/Object;'},
 {'clss': 'Lcom/google/android/gms/analytics/Tracker$1;',
  'method': 'run()V',
  'name': ['AAID'],
  'num': 463,
  'source_class': 'Ljava/util/Map;',
  'source_method': 'get(Ljava/lang/Object;)Ljava/lang/Object;'},
 {'clss': 'Lcom/google/android/gms/internal/zzst;',
  'method': 'zzb(Lcom/google/android/gms/internal/zzrt;Ljava/lang/Object;)Ljava/lang/String;',
  'name': ['AAID'],
  'num': 473,
  'source_class': 'Ljava/lang/Object;',
  'source_method': 'toString()Ljava/lang/String;'},
 {'clss': 'Lcom/google/android/gms/internal/zzst;',
  'method': 'zzb(Lcom/google/android/gms/internal/zzrt;Ljava/lang/Object;)Ljava/lang/String;',
  'name': ['UUID'],
  'num': 473,
  'source_class': 'Ljava/lang/Object;',
  'source_method': 'toString()Ljava/lang/String;'},
 {'clss': 'Lcom/google/android/gms/internal/zzcn$zza$zza;',
  'method': 'getId()Ljava/lang/String;',
  'name': ['AAID'],
  'num': 74,
  'source_class': 'Landroid/os/Parcel;',
  'source_method': 'readString()Ljava/lang/String;'},
 {'clss': 'Lcom/google/android/gms/internal/zzrr;',
  'method': 'zza(Lcom/google/android/gms/ads/identifier/AdvertisingIdClient$Info;Lcom/google/android/gms/ads/identifier/AdvertisingIdClient$Info;)Z',
  'name': ['AAID'],
  'num': 73,
  'source_class': 'Lcom/google/android/gms/ads/identifier/AdvertisingIdClient$Info;',
  'source_method': 'getId()Ljava/lang/String;'},
 {'clss': 'Lcom/google/android/gms/internal/zzrr;',
  'method': 'zza(Lcom/google/android/gms/ads/identifier/AdvertisingIdClient$Info;Lcom/google/android/gms/ads/identifier/AdvertisingIdClient$Info;)Z',
  'name': ['AAID'],
  'num': 109,
  'source_class': 'Ljava/lang/String;',
  'source_method': 'valueOf(Ljava/lang/Object;)Ljava/lang/String;'},
 {'clss': 'Lcom/google/android/gms/internal/zzrr;',
  'method': 'zza(Lcom/google/android/gms/ads/identifier/AdvertisingIdClient$Info;Lcom/google/android/gms/ads/identifier/AdvertisingIdClient$Info;)Z',
  'name': ['UUID'],
  'num': 113,
  'source_class': 'Ljava/lang/String;',
  'source_method': 'valueOf(Ljava/lang/Object;)Ljava/lang/String;'},
 {'clss': 'Lcom/google/android/gms/internal/zzrr;',
  'method': 'zza(Lcom/google/android/gms/ads/identifier/AdvertisingIdClient$Info;Lcom/google/android/gms/ads/identifier/AdvertisingIdClient$Info;)Z',
  'name': ['AAID', 'UUID'],
  'num': 123,
  'source_class': 'Ljava/lang/String;',
  'source_method': 'concat(Ljava/lang/String;)Ljava/lang/String;'},
 {'clss': 'Lcom/google/android/gms/internal/zzrr;',
  'method': 'zznf()Ljava/lang/String;',
  'name': ['AAID'],
  'num': 553,
  'source_class': 'Lcom/google/android/gms/ads/identifier/AdvertisingIdClient$Info;',
  'source_method': 'getId()Ljava/lang/String;'},
 {'clss': 'Lcom/google/android/gms/analytics/Tracker$1;',
  'method': 'run()V',
  'name': ['UUID'],
  'num': 415,
  'source_class': 'Ljava/util/Map;',
  'source_method': 'get(Ljava/lang/Object;)Ljava/lang/Object;'},
 {'clss': 'Lcom/google/android/gms/analytics/Tracker$1;',
  'method': 'run()V',
  'name': ['AAID'],
  'num': 463,
  'source_class': 'Ljava/util/Map;',
  'source_method': 'get(Ljava/lang/Object;)Ljava/lang/Object;'},
 {'clss': 'Lcom/google/android/gms/internal/zzst;',
  'method': 'zzb(Lcom/google/android/gms/internal/zzrt;Ljava/lang/Object;)Ljava/lang/String;',
  'name': ['AAID'],
  'num': 473,
  'source_class': 'Ljava/lang/Object;',
  'source_method': 'toString()Ljava/lang/String;'},
 {'clss': 'Lcom/google/android/gms/internal/zzst;',
  'method': 'zzb(Lcom/google/android/gms/internal/zzrt;Ljava/lang/Object;)Ljava/lang/String;',
  'name': ['UUID'],
  'num': 473,
  'source_class': 'Ljava/lang/Object;',
  'source_method': 'toString()Ljava/lang/String;'},
 {'clss': 'Lcom/google/android/gms/internal/zzrr;',
  'method': 'zznf()Ljava/lang/String;',
  'name': ['AAID'],
  'num': 553,
  'source_class': 'Lcom/google/android/gms/ads/identifier/AdvertisingIdClient$Info;',
  'source_method': 'getId()Ljava/lang/String;'},
 {'clss': 'Lcom/google/android/gms/analytics/Tracker$1;',
  'method': 'run()V',
  'name': ['UUID'],
  'num': 415,
  'source_class': 'Ljava/util/Map;',
  'source_method': 'get(Ljava/lang/Object;)Ljava/lang/Object;'},
 {'clss': 'Lcom/google/android/gms/analytics/Tracker$1;',
  'method': 'run()V',
  'name': ['AAID'],
  'num': 463,
  'source_class': 'Ljava/util/Map;',
  'source_method': 'get(Ljava/lang/Object;)Ljava/lang/Object;'},
 {'clss': 'Lcom/google/android/gms/internal/zzst;',
  'method': 'zzb(Lcom/google/android/gms/internal/zzrt;Ljava/lang/Object;)Ljava/lang/String;',
  'name': ['AAID'],
  'num': 473,
  'source_class': 'Ljava/lang/Object;',
  'source_method': 'toString()Ljava/lang/String;'},
 {'clss': 'Lcom/google/android/gms/internal/zzst;',
  'method': 'zzb(Lcom/google/android/gms/internal/zzrt;Ljava/lang/Object;)Ljava/lang/String;',
  'name': ['UUID'],
  'num': 473,
  'source_class': 'Ljava/lang/Object;',
  'source_method': 'toString()Ljava/lang/String;'},
 {'clss': 'Lcom/google/android/gms/internal/zzrr;',
  'method': 'zznf()Ljava/lang/String;',
  'name': ['AAID'],
  'num': 553,
  'source_class': 'Lcom/google/android/gms/ads/identifier/AdvertisingIdClient$Info;',
  'source_method': 'getId()Ljava/lang/String;'},
 {'clss': 'Lcom/google/android/gms/analytics/Tracker$1;',
  'method': 'run()V',
  'name': ['UUID'],
  'num': 415,
  'source_class': 'Ljava/util/Map;',
  'source_method': 'get(Ljava/lang/Object;)Ljava/lang/Object;'},
 {'clss': 'Lcom/google/android/gms/analytics/Tracker$1;',
  'method': 'run()V',
  'name': ['AAID'],
  'num': 463,
  'source_class': 'Ljava/util/Map;',
  'source_method': 'get(Ljava/lang/Object;)Ljava/lang/Object;'},
 {'clss': 'Lcom/google/android/gms/internal/zzst;',
  'method': 'zzb(Lcom/google/android/gms/internal/zzrt;Ljava/lang/Object;)Ljava/lang/String;',
  'name': ['AAID'],
  'num': 473,
  'source_class': 'Ljava/lang/Object;',
  'source_method': 'toString()Ljava/lang/String;'},
 {'clss': 'Lcom/google/android/gms/internal/zzst;',
  'method': 'zzb(Lcom/google/android/gms/internal/zzrt;Ljava/lang/Object;)Ljava/lang/String;',
  'name': ['UUID'],
  'num': 473,
  'source_class': 'Ljava/lang/Object;',
  'source_method': 'toString()Ljava/lang/String;'},
 {'clss': 'Lcom/google/android/gms/internal/zzrr;',
  'method': 'zznf()Ljava/lang/String;',
  'name': ['AAID'],
  'num': 553,
  'source_class': 'Lcom/google/android/gms/ads/identifier/AdvertisingIdClient$Info;',
  'source_method': 'getId()Ljava/lang/String;'},
 {'clss': 'Lcom/google/android/gms/analytics/Tracker$1;',
  'method': 'run()V',
  'name': ['UUID'],
  'num': 415,
  'source_class': 'Ljava/util/Map;',
  'source_method': 'get(Ljava/lang/Object;)Ljava/lang/Object;'},
 {'clss': 'Lcom/google/android/gms/analytics/Tracker$1;',
  'method': 'run()V',
  'name': ['AAID'],
  'num': 463,
  'source_class': 'Ljava/util/Map;',
  'source_method': 'get(Ljava/lang/Object;)Ljava/lang/Object;'},
 {'clss': 'Lcom/google/android/gms/internal/zzst;',
  'method': 'zzb(Lcom/google/android/gms/internal/zzrt;Ljava/lang/Object;)Ljava/lang/String;',
  'name': ['AAID'],
  'num': 473,
  'source_class': 'Ljava/lang/Object;',
  'source_method': 'toString()Ljava/lang/String;'},
 {'clss': 'Lcom/google/android/gms/internal/zzst;',
  'method': 'zzb(Lcom/google/android/gms/internal/zzrt;Ljava/lang/Object;)Ljava/lang/String;',
  'name': ['UUID'],
  'num': 473,
  'source_class': 'Ljava/lang/Object;',
  'source_method': 'toString()Ljava/lang/String;'},
 {'clss': 'Lcom/google/android/gms/internal/zzcn$zza$zza;',
  'method': 'getId()Ljava/lang/String;',
  'name': ['AAID'],
  'num': 74,
  'source_class': 'Landroid/os/Parcel;',
  'source_method': 'readString()Ljava/lang/String;'},
 {'clss': 'Lcom/google/android/gms/internal/zzrr;',
  'method': 'zza(Lcom/google/android/gms/ads/identifier/AdvertisingIdClient$Info;Lcom/google/android/gms/ads/identifier/AdvertisingIdClient$Info;)Z',
  'name': ['AAID'],
  'num': 73,
  'source_class': 'Lcom/google/android/gms/ads/identifier/AdvertisingIdClient$Info;',
  'source_method': 'getId()Ljava/lang/String;'},
 {'clss': 'Lcom/google/android/gms/internal/zzrr;',
  'method': 'zza(Lcom/google/android/gms/ads/identifier/AdvertisingIdClient$Info;Lcom/google/android/gms/ads/identifier/AdvertisingIdClient$Info;)Z',
  'name': ['AAID'],
  'num': 109,
  'source_class': 'Ljava/lang/String;',
  'source_method': 'valueOf(Ljava/lang/Object;)Ljava/lang/String;'},
 {'clss': 'Lcom/google/android/gms/internal/zzrr;',
  'method': 'zza(Lcom/google/android/gms/ads/identifier/AdvertisingIdClient$Info;Lcom/google/android/gms/ads/identifier/AdvertisingIdClient$Info;)Z',
  'name': ['UUID'],
  'num': 113,
  'source_class': 'Ljava/lang/String;',
  'source_method': 'valueOf(Ljava/lang/Object;)Ljava/lang/String;'},
 {'clss': 'Lcom/google/android/gms/internal/zzrr;',
  'method': 'zza(Lcom/google/android/gms/ads/identifier/AdvertisingIdClient$Info;Lcom/google/android/gms/ads/identifier/AdvertisingIdClient$Info;)Z',
  'name': ['AAID', 'UUID'],
  'num': 123,
  'source_class': 'Ljava/lang/String;',
  'source_method': 'concat(Ljava/lang/String;)Ljava/lang/String;'},
 {'clss': 'Lcom/google/android/gms/internal/zzrr;',
  'method': 'zznf()Ljava/lang/String;',
  'name': ['AAID'],
  'num': 553,
  'source_class': 'Lcom/google/android/gms/ads/identifier/AdvertisingIdClient$Info;',
  'source_method': 'getId()Ljava/lang/String;'},
 {'clss': 'Lcom/google/android/gms/analytics/Tracker$1;',
  'method': 'run()V',
  'name': ['UUID'],
  'num': 415,
  'source_class': 'Ljava/util/Map;',
  'source_method': 'get(Ljava/lang/Object;)Ljava/lang/Object;'},
 {'clss': 'Lcom/google/android/gms/analytics/Tracker$1;',
  'method': 'run()V',
  'name': ['AAID'],
  'num': 463,
  'source_class': 'Ljava/util/Map;',
  'source_method': 'get(Ljava/lang/Object;)Ljava/lang/Object;'},
 {'clss': 'Lcom/google/android/gms/internal/zzst;',
  'method': 'zzb(Lcom/google/android/gms/internal/zzrt;Ljava/lang/Object;)Ljava/lang/String;',
  'name': ['AAID'],
  'num': 473,
  'source_class': 'Ljava/lang/Object;',
  'source_method': 'toString()Ljava/lang/String;'},
 {'clss': 'Lcom/google/android/gms/internal/zzst;',
  'method': 'zzb(Lcom/google/android/gms/internal/zzrt;Ljava/lang/Object;)Ljava/lang/String;',
  'name': ['UUID'],
  'num': 473,
  'source_class': 'Ljava/lang/Object;',
  'source_method': 'toString()Ljava/lang/String;'},
 {'clss': 'Lcom/google/android/gms/internal/zzrr;',
  'method': 'zznf()Ljava/lang/String;',
  'name': ['AAID'],
  'num': 553,
  'source_class': 'Lcom/google/android/gms/ads/identifier/AdvertisingIdClient$Info;',
  'source_method': 'getId()Ljava/lang/String;'},
 {'clss': 'Lcom/google/android/gms/analytics/Tracker$1;',
  'method': 'run()V',
  'name': ['UUID'],
  'num': 415,
  'source_class': 'Ljava/util/Map;',
  'source_method': 'get(Ljava/lang/Object;)Ljava/lang/Object;'},
 {'clss': 'Lcom/google/android/gms/analytics/Tracker$1;',
  'method': 'run()V',
  'name': ['AAID'],
  'num': 463,
  'source_class': 'Ljava/util/Map;',
  'source_method': 'get(Ljava/lang/Object;)Ljava/lang/Object;'},
 {'clss': 'Lcom/google/android/gms/internal/zzst;',
  'method': 'zzb(Lcom/google/android/gms/internal/zzrt;Ljava/lang/Object;)Ljava/lang/String;',
  'name': ['AAID'],
  'num': 473,
  'source_class': 'Ljava/lang/Object;',
  'source_method': 'toString()Ljava/lang/String;'},
 {'clss': 'Lcom/google/android/gms/internal/zzst;',
  'method': 'zzb(Lcom/google/android/gms/internal/zzrt;Ljava/lang/Object;)Ljava/lang/String;',
  'name': ['UUID'],
  'num': 473,
  'source_class': 'Ljava/lang/Object;',
  'source_method': 'toString()Ljava/lang/String;'},
 {'clss': 'Lcom/google/android/gms/internal/zzrr;',
  'method': 'zznf()Ljava/lang/String;',
  'name': ['AAID'],
  'num': 553,
  'source_class': 'Lcom/google/android/gms/ads/identifier/AdvertisingIdClient$Info;',
  'source_method': 'getId()Ljava/lang/String;'},
 {'clss': 'Lcom/google/android/gms/analytics/Tracker$1;',
  'method': 'run()V',
  'name': ['UUID'],
  'num': 415,
  'source_class': 'Ljava/util/Map;',
  'source_method': 'get(Ljava/lang/Object;)Ljava/lang/Object;'},
 {'clss': 'Lcom/google/android/gms/analytics/Tracker$1;',
  'method': 'run()V',
  'name': ['AAID'],
  'num': 463,
  'source_class': 'Ljava/util/Map;',
  'source_method': 'get(Ljava/lang/Object;)Ljava/lang/Object;'},
 {'clss': 'Lcom/google/android/gms/internal/zzst;',
  'method': 'zzb(Lcom/google/android/gms/internal/zzrt;Ljava/lang/Object;)Ljava/lang/String;',
  'name': ['AAID'],
  'num': 473,
  'source_class': 'Ljava/lang/Object;',
  'source_method': 'toString()Ljava/lang/String;'},
 {'clss': 'Lcom/google/android/gms/internal/zzst;',
  'method': 'zzb(Lcom/google/android/gms/internal/zzrt;Ljava/lang/Object;)Ljava/lang/String;',
  'name': ['UUID'],
  'num': 473,
  'source_class': 'Ljava/lang/Object;',
  'source_method': 'toString()Ljava/lang/String;'},
 {'clss': 'Lcom/google/android/gms/internal/zzrr;',
  'method': 'zznf()Ljava/lang/String;',
  'name': ['AAID'],
  'num': 553,
  'source_class': 'Lcom/google/android/gms/ads/identifier/AdvertisingIdClient$Info;',
  'source_method': 'getId()Ljava/lang/String;'},
 {'clss': 'Lcom/google/android/gms/analytics/Tracker$1;',
  'method': 'run()V',
  'name': ['UUID'],
  'num': 415,
  'source_class': 'Ljava/util/Map;',
  'source_method': 'get(Ljava/lang/Object;)Ljava/lang/Object;'},
 {'clss': 'Lcom/google/android/gms/analytics/Tracker$1;',
  'method': 'run()V',
  'name': ['AAID'],
  'num': 463,
  'source_class': 'Ljava/util/Map;',
  'source_method': 'get(Ljava/lang/Object;)Ljava/lang/Object;'},
 {'clss': 'Lcom/google/android/gms/internal/zzst;',
  'method': 'zzb(Lcom/google/android/gms/internal/zzrt;Ljava/lang/Object;)Ljava/lang/String;',
  'name': ['AAID'],
  'num': 473,
  'source_class': 'Ljava/lang/Object;',
  'source_method': 'toString()Ljava/lang/String;'},
 {'clss': 'Lcom/google/android/gms/internal/zzst;',
  'method': 'zzb(Lcom/google/android/gms/internal/zzrt;Ljava/lang/Object;)Ljava/lang/String;',
  'name': ['UUID'],
  'num': 473,
  'source_class': 'Ljava/lang/Object;',
  'source_method': 'toString()Ljava/lang/String;'},
 {'clss': 'Lcom/google/android/gms/internal/zzcn$zza$zza;',
  'method': 'getId()Ljava/lang/String;',
  'name': ['AAID'],
  'num': 74,
  'source_class': 'Landroid/os/Parcel;',
  'source_method': 'readString()Ljava/lang/String;'},
 {'clss': 'Lcom/google/android/gms/internal/zzrr;',
  'method': 'zza(Lcom/google/android/gms/ads/identifier/AdvertisingIdClient$Info;Lcom/google/android/gms/ads/identifier/AdvertisingIdClient$Info;)Z',
  'name': ['AAID'],
  'num': 73,
  'source_class': 'Lcom/google/android/gms/ads/identifier/AdvertisingIdClient$Info;',
  'source_method': 'getId()Ljava/lang/String;'},
 {'clss': 'Lcom/google/android/gms/internal/zzrr;',
  'method': 'zza(Lcom/google/android/gms/ads/identifier/AdvertisingIdClient$Info;Lcom/google/android/gms/ads/identifier/AdvertisingIdClient$Info;)Z',
  'name': ['AAID'],
  'num': 109,
  'source_class': 'Ljava/lang/String;',
  'source_method': 'valueOf(Ljava/lang/Object;)Ljava/lang/String;'},
 {'clss': 'Lcom/google/android/gms/internal/zzrr;',
  'method': 'zza(Lcom/google/android/gms/ads/identifier/AdvertisingIdClient$Info;Lcom/google/android/gms/ads/identifier/AdvertisingIdClient$Info;)Z',
  'name': ['UUID'],
  'num': 113,
  'source_class': 'Ljava/lang/String;',
  'source_method': 'valueOf(Ljava/lang/Object;)Ljava/lang/String;'},
 {'clss': 'Lcom/google/android/gms/internal/zzrr;',
  'method': 'zza(Lcom/google/android/gms/ads/identifier/AdvertisingIdClient$Info;Lcom/google/android/gms/ads/identifier/AdvertisingIdClient$Info;)Z',
  'name': ['AAID', 'UUID'],
  'num': 123,
  'source_class': 'Ljava/lang/String;',
  'source_method': 'concat(Ljava/lang/String;)Ljava/lang/String;'},
 {'clss': 'Lcom/google/android/gms/internal/zzrr;',
  'method': 'zznf()Ljava/lang/String;',
  'name': ['AAID'],
  'num': 553,
  'source_class': 'Lcom/google/android/gms/ads/identifier/AdvertisingIdClient$Info;',
  'source_method': 'getId()Ljava/lang/String;'},
 {'clss': 'Lcom/google/android/gms/analytics/Tracker$1;',
  'method': 'run()V',
  'name': ['UUID'],
  'num': 415,
  'source_class': 'Ljava/util/Map;',
  'source_method': 'get(Ljava/lang/Object;)Ljava/lang/Object;'},
 {'clss': 'Lcom/google/android/gms/analytics/Tracker$1;',
  'method': 'run()V',
  'name': ['AAID'],
  'num': 463,
  'source_class': 'Ljava/util/Map;',
  'source_method': 'get(Ljava/lang/Object;)Ljava/lang/Object;'},
 {'clss': 'Lcom/google/android/gms/internal/zzst;',
  'method': 'zzb(Lcom/google/android/gms/internal/zzrt;Ljava/lang/Object;)Ljava/lang/String;',
  'name': ['AAID'],
  'num': 473,
  'source_class': 'Ljava/lang/Object;',
  'source_method': 'toString()Ljava/lang/String;'},
 {'clss': 'Lcom/google/android/gms/internal/zzst;',
  'method': 'zzb(Lcom/google/android/gms/internal/zzrt;Ljava/lang/Object;)Ljava/lang/String;',
  'name': ['UUID'],
  'num': 473,
  'source_class': 'Ljava/lang/Object;',
  'source_method': 'toString()Ljava/lang/String;'},
 {'clss': 'Lcom/google/android/gms/internal/zzrr;',
  'method': 'zznf()Ljava/lang/String;',
  'name': ['AAID'],
  'num': 553,
  'source_class': 'Lcom/google/android/gms/ads/identifier/AdvertisingIdClient$Info;',
  'source_method': 'getId()Ljava/lang/String;'},
 {'clss': 'Lcom/google/android/gms/analytics/Tracker$1;',
  'method': 'run()V',
  'name': ['UUID'],
  'num': 415,
  'source_class': 'Ljava/util/Map;',
  'source_method': 'get(Ljava/lang/Object;)Ljava/lang/Object;'},
 {'clss': 'Lcom/google/android/gms/analytics/Tracker$1;',
  'method': 'run()V',
  'name': ['AAID'],
  'num': 463,
  'source_class': 'Ljava/util/Map;',
  'source_method': 'get(Ljava/lang/Object;)Ljava/lang/Object;'},
 {'clss': 'Lcom/google/android/gms/internal/zzst;',
  'method': 'zzb(Lcom/google/android/gms/internal/zzrt;Ljava/lang/Object;)Ljava/lang/String;',
  'name': ['AAID'],
  'num': 473,
  'source_class': 'Ljava/lang/Object;',
  'source_method': 'toString()Ljava/lang/String;'},
 {'clss': 'Lcom/google/android/gms/internal/zzst;',
  'method': 'zzb(Lcom/google/android/gms/internal/zzrt;Ljava/lang/Object;)Ljava/lang/String;',
  'name': ['UUID'],
  'num': 473,
  'source_class': 'Ljava/lang/Object;',
  'source_method': 'toString()Ljava/lang/String;'},
 {'clss': 'Lcom/google/android/gms/internal/zzrr;',
  'method': 'zznf()Ljava/lang/String;',
  'name': ['AAID'],
  'num': 553,
  'source_class': 'Lcom/google/android/gms/ads/identifier/AdvertisingIdClient$Info;',
  'source_method': 'getId()Ljava/lang/String;'},
 {'clss': 'Lcom/google/android/gms/analytics/Tracker$1;',
  'method': 'run()V',
  'name': ['UUID'],
  'num': 415,
  'source_class': 'Ljava/util/Map;',
  'source_method': 'get(Ljava/lang/Object;)Ljava/lang/Object;'},
 {'clss': 'Lcom/google/android/gms/analytics/Tracker$1;',
  'method': 'run()V',
  'name': ['AAID'],
  'num': 463,
  'source_class': 'Ljava/util/Map;',
  'source_method': 'get(Ljava/lang/Object;)Ljava/lang/Object;'},
 {'clss': 'Lcom/google/android/gms/internal/zzst;',
  'method': 'zzb(Lcom/google/android/gms/internal/zzrt;Ljava/lang/Object;)Ljava/lang/String;',
  'name': ['AAID'],
  'num': 473,
  'source_class': 'Ljava/lang/Object;',
  'source_method': 'toString()Ljava/lang/String;'},
 {'clss': 'Lcom/google/android/gms/internal/zzst;',
  'method': 'zzb(Lcom/google/android/gms/internal/zzrt;Ljava/lang/Object;)Ljava/lang/String;',
  'name': ['UUID'],
  'num': 473,
  'source_class': 'Ljava/lang/Object;',
  'source_method': 'toString()Ljava/lang/String;'},
 {'clss': 'Lcom/google/android/gms/internal/zzrr;',
  'method': 'zznf()Ljava/lang/String;',
  'name': ['AAID'],
  'num': 553,
  'source_class': 'Lcom/google/android/gms/ads/identifier/AdvertisingIdClient$Info;',
  'source_method': 'getId()Ljava/lang/String;'},
 {'clss': 'Lcom/google/android/gms/analytics/Tracker$1;',
  'method': 'run()V',
  'name': ['UUID'],
  'num': 415,
  'source_class': 'Ljava/util/Map;',
  'source_method': 'get(Ljava/lang/Object;)Ljava/lang/Object;'},
 {'clss': 'Lcom/google/android/gms/analytics/Tracker$1;',
  'method': 'run()V',
  'name': ['AAID'],
  'num': 463,
  'source_class': 'Ljava/util/Map;',
  'source_method': 'get(Ljava/lang/Object;)Ljava/lang/Object;'},
 {'clss': 'Lcom/google/android/gms/internal/zzst;',
  'method': 'zzb(Lcom/google/android/gms/internal/zzrt;Ljava/lang/Object;)Ljava/lang/String;',
  'name': ['AAID'],
  'num': 473,
  'source_class': 'Ljava/lang/Object;',
  'source_method': 'toString()Ljava/lang/String;'},
 {'clss': 'Lcom/google/android/gms/internal/zzst;',
  'method': 'zzb(Lcom/google/android/gms/internal/zzrt;Ljava/lang/Object;)Ljava/lang/String;',
  'name': ['UUID'],
  'num': 473,
  'source_class': 'Ljava/lang/Object;',
  'source_method': 'toString()Ljava/lang/String;'},
 {'clss': 'Lcom/google/android/gms/internal/zzcn$zza$zza;',
  'method': 'getId()Ljava/lang/String;',
  'name': ['AAID'],
  'num': 74,
  'source_class': 'Landroid/os/Parcel;',
  'source_method': 'readString()Ljava/lang/String;'},
 {'clss': 'Lcom/google/android/gms/internal/zzrr;',
  'method': 'zza(Lcom/google/android/gms/ads/identifier/AdvertisingIdClient$Info;Lcom/google/android/gms/ads/identifier/AdvertisingIdClient$Info;)Z',
  'name': ['AAID'],
  'num': 73,
  'source_class': 'Lcom/google/android/gms/ads/identifier/AdvertisingIdClient$Info;',
  'source_method': 'getId()Ljava/lang/String;'},
 {'clss': 'Lcom/google/android/gms/internal/zzrr;',
  'method': 'zza(Lcom/google/android/gms/ads/identifier/AdvertisingIdClient$Info;Lcom/google/android/gms/ads/identifier/AdvertisingIdClient$Info;)Z',
  'name': ['AAID'],
  'num': 109,
  'source_class': 'Ljava/lang/String;',
  'source_method': 'valueOf(Ljava/lang/Object;)Ljava/lang/String;'},
 {'clss': 'Lcom/google/android/gms/internal/zzrr;',
  'method': 'zza(Lcom/google/android/gms/ads/identifier/AdvertisingIdClient$Info;Lcom/google/android/gms/ads/identifier/AdvertisingIdClient$Info;)Z',
  'name': ['UUID'],
  'num': 113,
  'source_class': 'Ljava/lang/String;',
  'source_method': 'valueOf(Ljava/lang/Object;)Ljava/lang/String;'},
 {'clss': 'Lcom/google/android/gms/internal/zzrr;',
  'method': 'zza(Lcom/google/android/gms/ads/identifier/AdvertisingIdClient$Info;Lcom/google/android/gms/ads/identifier/AdvertisingIdClient$Info;)Z',
  'name': ['AAID', 'UUID'],
  'num': 123,
  'source_class': 'Ljava/lang/String;',
  'source_method': 'concat(Ljava/lang/String;)Ljava/lang/String;'},
 {'clss': 'Lcom/google/android/gms/internal/zzrr;',
  'method': 'zznf()Ljava/lang/String;',
  'name': ['AAID'],
  'num': 553,
  'source_class': 'Lcom/google/android/gms/ads/identifier/AdvertisingIdClient$Info;',
  'source_method': 'getId()Ljava/lang/String;'},
 {'clss': 'Lcom/google/android/gms/analytics/Tracker$1;',
  'method': 'run()V',
  'name': ['UUID'],
  'num': 415,
  'source_class': 'Ljava/util/Map;',
  'source_method': 'get(Ljava/lang/Object;)Ljava/lang/Object;'},
 {'clss': 'Lcom/google/android/gms/analytics/Tracker$1;',
  'method': 'run()V',
  'name': ['AAID'],
  'num': 463,
  'source_class': 'Ljava/util/Map;',
  'source_method': 'get(Ljava/lang/Object;)Ljava/lang/Object;'},
 {'clss': 'Lcom/google/android/gms/internal/zzst;',
  'method': 'zzb(Lcom/google/android/gms/internal/zzrt;Ljava/lang/Object;)Ljava/lang/String;',
  'name': ['AAID'],
  'num': 473,
  'source_class': 'Ljava/lang/Object;',
  'source_method': 'toString()Ljava/lang/String;'},
 {'clss': 'Lcom/google/android/gms/internal/zzst;',
  'method': 'zzb(Lcom/google/android/gms/internal/zzrt;Ljava/lang/Object;)Ljava/lang/String;',
  'name': ['UUID'],
  'num': 473,
  'source_class': 'Ljava/lang/Object;',
  'source_method': 'toString()Ljava/lang/String;'},
 {'clss': 'Lcom/google/android/gms/internal/zzrr;',
  'method': 'zznf()Ljava/lang/String;',
  'name': ['AAID'],
  'num': 553,
  'source_class': 'Lcom/google/android/gms/ads/identifier/AdvertisingIdClient$Info;',
  'source_method': 'getId()Ljava/lang/String;'},
 {'clss': 'Lcom/google/android/gms/analytics/Tracker$1;',
  'method': 'run()V',
  'name': ['UUID'],
  'num': 415,
  'source_class': 'Ljava/util/Map;',
  'source_method': 'get(Ljava/lang/Object;)Ljava/lang/Object;'},
 {'clss': 'Lcom/google/android/gms/analytics/Tracker$1;',
  'method': 'run()V',
  'name': ['AAID'],
  'num': 463,
  'source_class': 'Ljava/util/Map;',
  'source_method': 'get(Ljava/lang/Object;)Ljava/lang/Object;'},
 {'clss': 'Lcom/google/android/gms/internal/zzst;',
  'method': 'zzb(Lcom/google/android/gms/internal/zzrt;Ljava/lang/Object;)Ljava/lang/String;',
  'name': ['AAID'],
  'num': 473,
  'source_class': 'Ljava/lang/Object;',
  'source_method': 'toString()Ljava/lang/String;'},
 {'clss': 'Lcom/google/android/gms/internal/zzst;',
  'method': 'zzb(Lcom/google/android/gms/internal/zzrt;Ljava/lang/Object;)Ljava/lang/String;',
  'name': ['UUID'],
  'num': 473,
  'source_class': 'Ljava/lang/Object;',
  'source_method': 'toString()Ljava/lang/String;'},
 {'clss': 'Lcom/google/android/gms/internal/zzrr;',
  'method': 'zznf()Ljava/lang/String;',
  'name': ['AAID'],
  'num': 553,
  'source_class': 'Lcom/google/android/gms/ads/identifier/AdvertisingIdClient$Info;',
  'source_method': 'getId()Ljava/lang/String;'},
 {'clss': 'Lcom/google/android/gms/analytics/Tracker$1;',
  'method': 'run()V',
  'name': ['UUID'],
  'num': 415,
  'source_class': 'Ljava/util/Map;',
  'source_method': 'get(Ljava/lang/Object;)Ljava/lang/Object;'},
 {'clss': 'Lcom/google/android/gms/analytics/Tracker$1;',
  'method': 'run()V',
  'name': ['AAID'],
  'num': 463,
  'source_class': 'Ljava/util/Map;',
  'source_method': 'get(Ljava/lang/Object;)Ljava/lang/Object;'},
 {'clss': 'Lcom/google/android/gms/internal/zzst;',
  'method': 'zzb(Lcom/google/android/gms/internal/zzrt;Ljava/lang/Object;)Ljava/lang/String;',
  'name': ['AAID'],
  'num': 473,
  'source_class': 'Ljava/lang/Object;',
  'source_method': 'toString()Ljava/lang/String;'},
 {'clss': 'Lcom/google/android/gms/internal/zzst;',
  'method': 'zzb(Lcom/google/android/gms/internal/zzrt;Ljava/lang/Object;)Ljava/lang/String;',
  'name': ['UUID'],
  'num': 473,
  'source_class': 'Ljava/lang/Object;',
  'source_method': 'toString()Ljava/lang/String;'},
 {'clss': 'Lcom/google/android/gms/internal/zzrr;',
  'method': 'zznf()Ljava/lang/String;',
  'name': ['AAID'],
  'num': 553,
  'source_class': 'Lcom/google/android/gms/ads/identifier/AdvertisingIdClient$Info;',
  'source_method': 'getId()Ljava/lang/String;'},
 {'clss': 'Lcom/google/android/gms/analytics/Tracker$1;',
  'method': 'run()V',
  'name': ['UUID'],
  'num': 415,
  'source_class': 'Ljava/util/Map;',
  'source_method': 'get(Ljava/lang/Object;)Ljava/lang/Object;'},
 {'clss': 'Lcom/google/android/gms/analytics/Tracker$1;',
  'method': 'run()V',
  'name': ['AAID'],
  'num': 463,
  'source_class': 'Ljava/util/Map;',
  'source_method': 'get(Ljava/lang/Object;)Ljava/lang/Object;'},
 {'clss': 'Lcom/google/android/gms/internal/zzst;',
  'method': 'zzb(Lcom/google/android/gms/internal/zzrt;Ljava/lang/Object;)Ljava/lang/String;',
  'name': ['AAID'],
  'num': 473,
  'source_class': 'Ljava/lang/Object;',
  'source_method': 'toString()Ljava/lang/String;'},
 {'clss': 'Lcom/google/android/gms/internal/zzst;',
  'method': 'zzb(Lcom/google/android/gms/internal/zzrt;Ljava/lang/Object;)Ljava/lang/String;',
  'name': ['UUID'],
  'num': 473,
  'source_class': 'Ljava/lang/Object;',
  'source_method': 'toString()Ljava/lang/String;'},
 {'clss': 'Lcom/google/android/gms/internal/zzcn$zza$zza;',
  'method': 'getId()Ljava/lang/String;',
  'name': ['AAID'],
  'num': 74,
  'source_class': 'Landroid/os/Parcel;',
  'source_method': 'readString()Ljava/lang/String;'},
 {'clss': 'Lcom/google/android/gms/internal/zzrr;',
  'method': 'zza(Lcom/google/android/gms/ads/identifier/AdvertisingIdClient$Info;Lcom/google/android/gms/ads/identifier/AdvertisingIdClient$Info;)Z',
  'name': ['AAID'],
  'num': 73,
  'source_class': 'Lcom/google/android/gms/ads/identifier/AdvertisingIdClient$Info;',
  'source_method': 'getId()Ljava/lang/String;'},
 {'clss': 'Lcom/google/android/gms/internal/zzrr;',
  'method': 'zza(Lcom/google/android/gms/ads/identifier/AdvertisingIdClient$Info;Lcom/google/android/gms/ads/identifier/AdvertisingIdClient$Info;)Z',
  'name': ['AAID'],
  'num': 109,
  'source_class': 'Ljava/lang/String;',
  'source_method': 'valueOf(Ljava/lang/Object;)Ljava/lang/String;'},
 {'clss': 'Lcom/google/android/gms/internal/zzrr;',
  'method': 'zza(Lcom/google/android/gms/ads/identifier/AdvertisingIdClient$Info;Lcom/google/android/gms/ads/identifier/AdvertisingIdClient$Info;)Z',
  'name': ['UUID'],
  'num': 113,
  'source_class': 'Ljava/lang/String;',
  'source_method': 'valueOf(Ljava/lang/Object;)Ljava/lang/String;'},
 {'clss': 'Lcom/google/android/gms/internal/zzrr;',
  'method': 'zza(Lcom/google/android/gms/ads/identifier/AdvertisingIdClient$Info;Lcom/google/android/gms/ads/identifier/AdvertisingIdClient$Info;)Z',
  'name': ['AAID', 'UUID'],
  'num': 123,
  'source_class': 'Ljava/lang/String;',
  'source_method': 'concat(Ljava/lang/String;)Ljava/lang/String;'},
 {'clss': 'Lcom/google/android/gms/internal/zzrr;',
  'method': 'zznf()Ljava/lang/String;',
  'name': ['AAID'],
  'num': 553,
  'source_class': 'Lcom/google/android/gms/ads/identifier/AdvertisingIdClient$Info;',
  'source_method': 'getId()Ljava/lang/String;'},
 {'clss': 'Lcom/google/android/gms/analytics/Tracker$1;',
  'method': 'run()V',
  'name': ['UUID'],
  'num': 415,
  'source_class': 'Ljava/util/Map;',
  'source_method': 'get(Ljava/lang/Object;)Ljava/lang/Object;'}]
Sinks
[]