project.emulator.get_num_leaks() = 13
Sources
[{'clss': 'Lcom/unity3d/services/identifiers/installationid/b;', 'method': 'a()V', 'name': ['UUID'], 'num': 147, 'source_class': 'Ljava/util/UUID;', 'source_method': 'toString()Ljava/lang/String;'},
 {'clss': 'Lcom/applovin/impl/sdk/utils/d;',
  'method': 'd(Landroid/content/Context;)Lcom/applovin/impl/sdk/utils/d$a;',
  'name': ['AAID'],
  'num': 354,
  'source_class': 'Lcom/google/android/gms/ads/identifier/AdvertisingIdClient$Info;',
  'source_method': 'getId()Ljava/lang/String;'},
 {'clss': 'Lcom/flurry/sdk/ae;',
  'method': 'a()V',
  'name': ['AAID'],
  'num': 116,
  'source_class': 'Ljava/lang/reflect/Method;',
  'source_method': 'invoke(Ljava/lang/Object;[Ljava/lang/Object;)Ljava/lang/Object;'},
 {'clss': 'Lcom/flurry/sdk/ae;', 'method': 'a()V', 'name': ['AAID'], 'num': 169, 'source_class': None, 'source_method': None},
 {'clss': 'Lcom/flurry/sdk/ag$4;', 'method': 'a()V', 'name': ['UUID'], 'num': 579, 'source_class': 'Ljava/util/UUID;', 'source_method': 'toString()Ljava/lang/String;'},
 {'clss': 'Lcom/flurry/sdk/ex;',
  'method': 'b(Ljava/lang/String;Ljava/lang/String;)Ljava/lang/String;',
  'name': ['AAID'],
  'num': 326,
  'source_class': 'Landroid/content/SharedPreferences;',
  'source_method': 'getString(Ljava/lang/String;Ljava/lang/String;)Ljava/lang/String;'},
 {'clss': 'Lcom/chartboost/heliumsdk/utils/Environment;',
  'method': 'generateSessionId()Ljava/lang/String;',
  'name': ['UUID'],
  'num': 599,
  'source_class': 'Ljava/util/UUID;',
  'source_method': 'toString()Ljava/lang/String;'},
 {'clss': 'Lcom/chartboost/heliumsdk/utils/Environment;',
  'method': 'updateInstallationId(Landroid/content/Context;)V',
  'name': ['UUID'],
  'num': 2513,
  'source_class': 'Ljava/util/UUID;',
  'source_method': 'toString()Ljava/lang/String;'},
 {'clss': 'Lcom/flurry/sdk/ex;',
  'method': 'b(Ljava/lang/String;Ljava/lang/String;)Ljava/lang/String;',
  'name': ['AAID'],
  'num': 326,
  'source_class': 'Landroid/content/SharedPreferences;',
  'source_method': 'getString(Ljava/lang/String;Ljava/lang/String;)Ljava/lang/String;'},
 {'clss': 'Lcom/chartboost/heliumsdk/controllers/banners/BannerController;',
  'method': 'getNextAd()V',
  'name': ['UUID'],
  'num': 636,
  'source_class': 'Ljava/lang/StringBuilder;',
  'source_method': 'toString()Ljava/lang/String;'},
 {'clss': 'Lcom/chartboost/heliumsdk/infrastructure/NetworkController$NetworkDispatcher;',
  'method': 'performRequest(Lcom/chartboost/heliumsdk/domain/requests/HeliumRequest;Ljava/util/Map;)[B',
  'name': ['UUID'],
  'num': 281,
  'source_class': 'Ljava/util/Map;',
  'source_method': 'get(Ljava/lang/Object;)Ljava/lang/Object;'},
 {'clss': 'Lcom/chartboost/heliumsdk/infrastructure/NetworkController$NetworkDispatcher;',
  'method': 'performRequest(Lcom/chartboost/heliumsdk/domain/requests/HeliumRequest;Ljava/util/Map;)[B',
  'name': ['UUID'],
  'num': 315,
  'source_class': 'Lorg/json/JSONObject;',
  'source_method': 'toString()Ljava/lang/String;'},
 {'clss': 'Lretrofit2/BuiltInConverters$ToStringConverter;',
  'method': 'convert(Ljava/lang/Object;)Ljava/lang/String;',
  'name': ['UUID'],
  'num': 79,
  'source_class': 'Ljava/lang/Object;',
  'source_method': 'toString()Ljava/lang/String;'},
 {'clss': 'Lcom/chartboost/heliumsdk/utils/Environment;',
  'method': 'getIfa()Ljava/lang/String;',
  'name': ['AAID'],
  'num': 1657,
  'source_class': 'Lcom/google/android/gms/ads/identifier/AdvertisingIdClient$Info;',
  'source_method': 'getId()Ljava/lang/String;'},
 {'clss': 'Lcom/chartboost/heliumsdk/network/model/BidRequestDevice;',
  'method': '<init>(Lcom/chartboost/heliumsdk/ad/HeliumBannerAd$HeliumBannerSize;Ljava/lang/Boolean;)V',
  'name': ['AAID'],
  'num': 694,
  'source_class': 'Lcom/chartboost/heliumsdk/utils/Environment;',
  'source_method': 'getIfa()Ljava/lang/String;'},
 {'clss': 'Lretrofit2/BuiltInConverters$ToStringConverter;',
  'method': 'convert(Ljava/lang/Object;)Ljava/lang/String;',
  'name': ['UUID'],
  'num': 79,
  'source_class': 'Ljava/lang/Object;',
  'source_method': 'toString()Ljava/lang/String;'},
 {'clss': 'Lretrofit2/BuiltInConverters$ToStringConverter;',
  'method': 'convert(Ljava/lang/Object;)Ljava/lang/String;',
  'name': ['UUID'],
  'num': 79,
  'source_class': 'Ljava/lang/Object;',
  'source_method': 'toString()Ljava/lang/String;'},
 {'clss': 'Lokhttp3/logging/HttpLoggingInterceptor;',
  'method': 'logHeader(Lokhttp3/Headers;I)V',
  'name': ['UUID'],
  'num': 258,
  'source_class': 'Ljava/lang/StringBuilder;',
  'source_method': 'toString()Ljava/lang/String;'},
 {'clss': 'Lokhttp3/internal/platform/android/AndroidLogHandler;',
  'method': 'publish(Ljava/util/logging/LogRecord;)V',
  'name': ['UUID'],
  'num': 102,
  'source_class': 'Ljava/util/logging/LogRecord;',
  'source_method': 'getMessage()Ljava/lang/String;'},
 {'clss': 'Lokhttp3/internal/platform/android/AndroidLog;',
  'method': 'androidLog$okhttp(Ljava/lang/String;ILjava/lang/String;Ljava/lang/Throwable;)V',
  'name': ['UUID'],
  'num': 459,
  'source_class': 'Ljava/lang/String;',
  'source_method': 'substring(II)Ljava/lang/String;'},
 {'clss': 'Lcom/jakewharton/retrofit2/converter/kotlinx/serialization/Serializer$FromString;',
  'method': 'toRequestBody(Lokhttp3/MediaType;Lkotlinx/serialization/SerializationStrategy;Ljava/lang/Object;)Lokhttp3/RequestBody;',
  'name': ['AAID', 'UUID'],
  'num': 181,
  'source_class': 'Lkotlinx/serialization/StringFormat;',
  'source_method': 'encodeToString(Lkotlinx/serialization/SerializationStrategy;Ljava/lang/Object;)Ljava/lang/String;'},
 {'clss': 'Lokhttp3/logging/HttpLoggingInterceptor;',
  'method': 'logHeader(Lokhttp3/Headers;I)V',
  'name': ['UUID'],
  'num': 258,
  'source_class': 'Ljava/lang/StringBuilder;',
  'source_method': 'toString()Ljava/lang/String;'},
 {'clss': 'Lokhttp3/internal/platform/android/AndroidLogHandler;',
  'method': 'publish(Ljava/util/logging/LogRecord;)V',
  'name': ['UUID'],
  'num': 102,
  'source_class': 'Ljava/util/logging/LogRecord;',
  'source_method': 'getMessage()Ljava/lang/String;'},
 {'clss': 'Lokhttp3/internal/platform/android/AndroidLog;',
  'method': 'androidLog$okhttp(Ljava/lang/String;ILjava/lang/String;Ljava/lang/Throwable;)V',
  'name': ['UUID'],
  'num': 459,
  'source_class': 'Ljava/lang/String;',
  'source_method': 'substring(II)Ljava/lang/String;'},
 {'clss': 'Lokhttp3/logging/HttpLoggingInterceptor;',
  'method': 'logHeader(Lokhttp3/Headers;I)V',
  'name': ['UUID'],
  'num': 258,
  'source_class': 'Ljava/lang/StringBuilder;',
  'source_method': 'toString()Ljava/lang/String;'},
 {'clss': 'Lokhttp3/internal/platform/android/AndroidLogHandler;',
  'method': 'publish(Ljava/util/logging/LogRecord;)V',
  'name': ['UUID'],
  'num': 102,
  'source_class': 'Ljava/util/logging/LogRecord;',
  'source_method': 'getMessage()Ljava/lang/String;'},
 {'clss': 'Lokhttp3/internal/platform/android/AndroidLog;',
  'method': 'androidLog$okhttp(Ljava/lang/String;ILjava/lang/String;Ljava/lang/Throwable;)V',
  'name': ['UUID'],
  'num': 459,
  'source_class': 'Ljava/lang/String;',
  'source_method': 'substring(II)Ljava/lang/String;'},
 {'clss': 'Lokio/Buffer;',
  'method': 'readString(Ljava/nio/charset/Charset;)Ljava/lang/String;',
  'name': ['AAID'],
  'num': 8655,
  'source_class': 'Lokio/Buffer;',
  'source_method': 'readString(JLjava/nio/charset/Charset;)Ljava/lang/String;'},
 {'clss': 'Lokhttp3/logging/HttpLoggingInterceptor;',
  'method': 'intercept(Lokhttp3/Interceptor$Chain;)Lokhttp3/Response;',
  'name': ['UUID'],
  'num': 980,
  'source_class': 'Lokio/Buffer;',
  'source_method': 'readString(Ljava/nio/charset/Charset;)Ljava/lang/String;'},
 {'clss': 'Lokhttp3/internal/platform/android/AndroidLogHandler;',
  'method': 'publish(Ljava/util/logging/LogRecord;)V',
  'name': ['AAID', 'UUID'],
  'num': 102,
  'source_class': 'Ljava/util/logging/LogRecord;',
  'source_method': 'getMessage()Ljava/lang/String;'},
 {'clss': 'Lokhttp3/internal/platform/android/AndroidLog;',
  'method': 'androidLog$okhttp(Ljava/lang/String;ILjava/lang/String;Ljava/lang/Throwable;)V',
  'name': ['AAID', 'UUID'],
  'num': 459,
  'source_class': 'Ljava/lang/String;',
  'source_method': 'substring(II)Ljava/lang/String;'},
 {'clss': 'Lcom/chartboost/heliumsdk/infrastructure/NetworkController$NetworkDispatcher;',
  'method': 'performRequest(Lcom/chartboost/heliumsdk/domain/requests/HeliumRequest;Ljava/util/Map;)[B',
  'name': ['UUID'],
  'num': 281,
  'source_class': 'Ljava/util/Map;',
  'source_method': 'get(Ljava/lang/Object;)Ljava/lang/Object;'},
 {'clss': 'Lcom/chartboost/heliumsdk/ad/HeliumFullscreenAd;',
  'method': 'load()V',
  'name': ['UUID'],
  'num': 378,
  'source_class': 'Ljava/lang/StringBuilder;',
  'source_method': 'toString()Ljava/lang/String;'},
 {'clss': 'Lcom/chartboost/heliumsdk/infrastructure/NetworkController$NetworkDispatcher;',
  'method': 'performRequest(Lcom/chartboost/heliumsdk/domain/requests/HeliumRequest;Ljava/util/Map;)[B',
  'name': ['UUID'],
  'num': 281,
  'source_class': 'Ljava/util/Map;',
  'source_method': 'get(Ljava/lang/Object;)Ljava/lang/Object;'},
 {'clss': 'Lcom/chartboost/heliumsdk/infrastructure/NetworkController$NetworkDispatcher;',
  'method': 'performRequest(Lcom/chartboost/heliumsdk/domain/requests/HeliumRequest;Ljava/util/Map;)[B',
  'name': ['UUID'],
  'num': 315,
  'source_class': 'Lorg/json/JSONObject;',
  'source_method': 'toString()Ljava/lang/String;'},
 {'clss': 'Lcom/chartboost/heliumsdk/utils/Environment;',
  'method': 'getIfa()Ljava/lang/String;',
  'name': ['AAID'],
  'num': 1657,
  'source_class': 'Lcom/google/android/gms/ads/identifier/AdvertisingIdClient$Info;',
  'source_method': 'getId()Ljava/lang/String;'},
 {'clss': 'Lcom/chartboost/heliumsdk/network/model/BidRequestDevice;',
  'method': '<init>(Lcom/chartboost/heliumsdk/ad/HeliumBannerAd$HeliumBannerSize;Ljava/lang/Boolean;)V',
  'name': ['AAID'],
  'num': 694,
  'source_class': 'Lcom/chartboost/heliumsdk/utils/Environment;',
  'source_method': 'getIfa()Ljava/lang/String;'},
 {'clss': 'Lretrofit2/BuiltInConverters$ToStringConverter;',
  'method': 'convert(Ljava/lang/Object;)Ljava/lang/String;',
  'name': ['UUID'],
  'num': 79,
  'source_class': 'Ljava/lang/Object;',
  'source_method': 'toString()Ljava/lang/String;'},
 {'clss': 'Lretrofit2/BuiltInConverters$ToStringConverter;',
  'method': 'convert(Ljava/lang/Object;)Ljava/lang/String;',
  'name': ['UUID'],
  'num': 79,
  'source_class': 'Ljava/lang/Object;',
  'source_method': 'toString()Ljava/lang/String;'},
 {'clss': 'Lcom/jakewharton/retrofit2/converter/kotlinx/serialization/Serializer$FromString;',
  'method': 'toRequestBody(Lokhttp3/MediaType;Lkotlinx/serialization/SerializationStrategy;Ljava/lang/Object;)Lokhttp3/RequestBody;',
  'name': ['AAID', 'UUID'],
  'num': 181,
  'source_class': 'Lkotlinx/serialization/StringFormat;',
  'source_method': 'encodeToString(Lkotlinx/serialization/SerializationStrategy;Ljava/lang/Object;)Ljava/lang/String;'},
 {'clss': 'Lcom/chartboost/heliumsdk/infrastructure/NetworkController$NetworkDispatcher;',
  'method': 'performRequest(Lcom/chartboost/heliumsdk/domain/requests/HeliumRequest;Ljava/util/Map;)[B',
  'name': ['UUID'],
  'num': 281,
  'source_class': 'Ljava/util/Map;',
  'source_method': 'get(Ljava/lang/Object;)Ljava/lang/Object;'},
 {'clss': 'Lcom/chartboost/heliumsdk/ad/HeliumFullscreenAd;',
  'method': 'load()V',
  'name': ['UUID'],
  'num': 378,
  'source_class': 'Ljava/lang/StringBuilder;',
  'source_method': 'toString()Ljava/lang/String;'},
 {'clss': 'Lcom/chartboost/heliumsdk/infrastructure/NetworkController$NetworkDispatcher;',
  'method': 'performRequest(Lcom/chartboost/heliumsdk/domain/requests/HeliumRequest;Ljava/util/Map;)[B',
  'name': ['UUID'],
  'num': 281,
  'source_class': 'Ljava/util/Map;',
  'source_method': 'get(Ljava/lang/Object;)Ljava/lang/Object;'},
 {'clss': 'Lcom/chartboost/heliumsdk/infrastructure/NetworkController$NetworkDispatcher;',
  'method': 'performRequest(Lcom/chartboost/heliumsdk/domain/requests/HeliumRequest;Ljava/util/Map;)[B',
  'name': ['UUID'],
  'num': 315,
  'source_class': 'Lorg/json/JSONObject;',
  'source_method': 'toString()Ljava/lang/String;'},
 {'clss': 'Lcom/chartboost/heliumsdk/utils/Environment;',
  'method': 'getIfa()Ljava/lang/String;',
  'name': ['AAID'],
  'num': 1657,
  'source_class': 'Lcom/google/android/gms/ads/identifier/AdvertisingIdClient$Info;',
  'source_method': 'getId()Ljava/lang/String;'},
 {'clss': 'Lcom/chartboost/heliumsdk/network/model/BidRequestDevice;',
  'method': '<init>(Lcom/chartboost/heliumsdk/ad/HeliumBannerAd$HeliumBannerSize;Ljava/lang/Boolean;)V',
  'name': ['AAID'],
  'num': 694,
  'source_class': 'Lcom/chartboost/heliumsdk/utils/Environment;',
  'source_method': 'getIfa()Ljava/lang/String;'},
 {'clss': 'Lretrofit2/BuiltInConverters$ToStringConverter;',
  'method': 'convert(Ljava/lang/Object;)Ljava/lang/String;',
  'name': ['UUID'],
  'num': 79,
  'source_class': 'Ljava/lang/Object;',
  'source_method': 'toString()Ljava/lang/String;'},
 {'clss': 'Lretrofit2/BuiltInConverters$ToStringConverter;',
  'method': 'convert(Ljava/lang/Object;)Ljava/lang/String;',
  'name': ['UUID'],
  'num': 79,
  'source_class': 'Ljava/lang/Object;',
  'source_method': 'toString()Ljava/lang/String;'},
 {'clss': 'Lcom/jakewharton/retrofit2/converter/kotlinx/serialization/Serializer$FromString;',
  'method': 'toRequestBody(Lokhttp3/MediaType;Lkotlinx/serialization/SerializationStrategy;Ljava/lang/Object;)Lokhttp3/RequestBody;',
  'name': ['AAID', 'UUID'],
  'num': 181,
  'source_class': 'Lkotlinx/serialization/StringFormat;',
  'source_method': 'encodeToString(Lkotlinx/serialization/SerializationStrategy;Ljava/lang/Object;)Ljava/lang/String;'},
 {'clss': 'Lcom/chartboost/heliumsdk/infrastructure/NetworkController$NetworkDispatcher;',
  'method': 'performRequest(Lcom/chartboost/heliumsdk/domain/requests/HeliumRequest;Ljava/util/Map;)[B',
  'name': ['UUID'],
  'num': 281,
  'source_class': 'Ljava/util/Map;',
  'source_method': 'get(Ljava/lang/Object;)Ljava/lang/Object;'},
 {'clss': 'Lcom/chartboost/heliumsdk/controllers/banners/BannerController;',
  'method': 'getNextAd()V',
  'name': ['UUID'],
  'num': 636,
  'source_class': 'Ljava/lang/StringBuilder;',
  'source_method': 'toString()Ljava/lang/String;'},
 {'clss': 'Lcom/chartboost/heliumsdk/infrastructure/NetworkController$NetworkDispatcher;',
  'method': 'performRequest(Lcom/chartboost/heliumsdk/domain/requests/HeliumRequest;Ljava/util/Map;)[B',
  'name': ['UUID'],
  'num': 281,
  'source_class': 'Ljava/util/Map;',
  'source_method': 'get(Ljava/lang/Object;)Ljava/lang/Object;'},
 {'clss': 'Lcom/chartboost/heliumsdk/infrastructure/NetworkController$NetworkDispatcher;',
  'method': 'performRequest(Lcom/chartboost/heliumsdk/domain/requests/HeliumRequest;Ljava/util/Map;)[B',
  'name': ['UUID'],
  'num': 315,
  'source_class': 'Lorg/json/JSONObject;',
  'source_method': 'toString()Ljava/lang/String;'},
 {'clss': 'Lcom/chartboost/heliumsdk/utils/Environment;',
  'method': 'getIfa()Ljava/lang/String;',
  'name': ['AAID'],
  'num': 1657,
  'source_class': 'Lcom/google/android/gms/ads/identifier/AdvertisingIdClient$Info;',
  'source_method': 'getId()Ljava/lang/String;'},
 {'clss': 'Lcom/chartboost/heliumsdk/network/model/BidRequestDevice;',
  'method': '<init>(Lcom/chartboost/heliumsdk/ad/HeliumBannerAd$HeliumBannerSize;Ljava/lang/Boolean;)V',
  'name': ['AAID'],
  'num': 694,
  'source_class': 'Lcom/chartboost/heliumsdk/utils/Environment;',
  'source_method': 'getIfa()Ljava/lang/String;'},
 {'clss': 'Lretrofit2/BuiltInConverters$ToStringConverter;',
  'method': 'convert(Ljava/lang/Object;)Ljava/lang/String;',
  'name': ['UUID'],
  'num': 79,
  'source_class': 'Ljava/lang/Object;',
  'source_method': 'toString()Ljava/lang/String;'},
 {'clss': 'Lretrofit2/BuiltInConverters$ToStringConverter;',
  'method': 'convert(Ljava/lang/Object;)Ljava/lang/String;',
  'name': ['UUID'],
  'num': 79,
  'source_class': 'Ljava/lang/Object;',
  'source_method': 'toString()Ljava/lang/String;'},
 {'clss': 'Lcom/jakewharton/retrofit2/converter/kotlinx/serialization/Serializer$FromString;',
  'method': 'toRequestBody(Lokhttp3/MediaType;Lkotlinx/serialization/SerializationStrategy;Ljava/lang/Object;)Lokhttp3/RequestBody;',
  'name': ['AAID', 'UUID'],
  'num': 181,
  'source_class': 'Lkotlinx/serialization/StringFormat;',
  'source_method': 'encodeToString(Lkotlinx/serialization/SerializationStrategy;Ljava/lang/Object;)Ljava/lang/String;'}]
Sinks
[{"smali_tag": "29576_367", "clss": "Lcom/chartboost/heliumsdk/infrastructure/NetworkController$NetworkDispatcher;", "method": "performRequest(Lcom/chartboost/heliumsdk/domain/requests/HeliumRequest;Ljava/util/Map;)[B", "num": 367, "sink_class": "Ljava/io/DataOutputStream;", "sink_method": "write([B)V", "sink_values": [[123, 34, 112, 108, 97, 99, 101, 109, 101, 110, 116, 95, 110, 97, 109, 101, 34, 58, 34, 67, 66, 66, 97, 110, 110, 101, 114, 34, 44, 34, 97, 100, 95, 116, 121, 112, 101, 34, 58, 34, 98, 97, 110, 110, 101, 114, 34, 44, 34, 108, 111, 97, 100, 95, 105, 100, 34, 58, 34, 54, 102, 98, 97, 52, 57, 54, 98, 45, 97, 98, 49, 51, 45, 52, 51, 100, 56, 45, 57, 99, 51, 55, 45, 97, 49, 100, 56, 50, 53, 102, 48, 97, 54, 56, 99, 49, 54, 57, 55, 49, 55, 54, 51, 48, 50, 53, 51, 57, 34, 44, 34, 115, 116, 97, 116, 117, 115, 34, 58, 34, 110, 101, 119, 34, 125]], "sources": ["UUID"], "returned_value": null}, {"smali_tag": "7946_187", "clss": "Lcom/jakewharton/retrofit2/converter/kotlinx/serialization/Serializer$FromString;", "method": "toRequestBody(Lokhttp3/MediaType;Lkotlinx/serialization/SerializationStrategy;Ljava/lang/Object;)Lokhttp3/RequestBody;", "num": 187, "sink_class": "Lokhttp3/RequestBody;", "sink_method": "create(Lokhttp3/MediaType;Ljava/lang/String;)Lokhttp3/RequestBody;", "sink_values": ["69116492", "{\"user\":{\"ext\":{\"impdepth\":0,\"sessionduration\":4,\"keywords\":{}}},\"test\":0,\"imp\":[{\"displaymanager\":\"Helium\",\"displaymanagerver\":\"4.2.0\",\"instl\":0,\"tagid\":\"CBBanner\",\"secure\":1,\"video\":{\"mimes\":[\"video/mp4\"],\"w\":320,\"h\":50,\"placement\":2,\"pos\":1,\"companiontype\":[1,2],\"ext\":{\"placementtype\":\"banner\"}},\"banner\":{\"w\":320,\"h\":50,\"pos\":1,\"topframe\":1,\"ext\":{\"placementtype\":\"banner\"}}}],\"app\":{\"id\":\"65278cf4b4312101800209fe\",\"bundle\":\"com.chartboost.mediation.sdk.demo\",\"ver\":\"1.0\"},\"device\":{\"ua\":\"\",\"lmt\":0,\"devicetype\":4,\"make\":\"Google\",\"model\":\"Pixel 3\",\"os\":\"Android\",\"osv\":\"9\",\"h\":50,\"w\":320,\"pxratio\":2.75,\"language\":\"ja\",\"carrier\":\"\",\"connectiontype\":2,\"ifa\":\"434ceb01-7f34-44db-bf40-aac89d9fb38e\",\"geo\":{\"utcoffset\":540},\"ext\":{\"mccmnc\":\"440-10\",\"ifv\":\"af873dcb-36ce-a15b-b79e-f96f03d3c377\",\"appsetidscope\":\"1\"}},\"regs\":{\"coppa\":0,\"ext\":{\"gdpr\":0}},\"ext\":{\"bidders\":{},\"inactive_bidders\":{},\"helium_sdk_request_id\":\"6fba496b-ab13-43d8-9c37-a1d825f0a68c1697176302539\"}}"], "sources": ["UUID"], "returned_value": null}, {"smali_tag": "4997_543", "clss": "Lokhttp3/logging/HttpLoggingInterceptor;", "method": "intercept(Lokhttp3/Interceptor$Chain;)Lokhttp3/Response;", "num": 543, "sink_class": "Lokhttp3/RequestBody;", "sink_method": "contentType()Lokhttp3/MediaType;", "sink_values": ["205282626"], "sources": ["UUID"], "returned_value": null}, {"smali_tag": "4997_627", "clss": "Lokhttp3/logging/HttpLoggingInterceptor;", "method": "intercept(Lokhttp3/Interceptor$Chain;)Lokhttp3/Response;", "num": 627, "sink_class": "Lokhttp3/RequestBody;", "sink_method": "contentLength()J", "sink_values": ["205282626"], "sources": ["UUID"], "returned_value": null}, {"smali_tag": "4997_665", "clss": "Lokhttp3/logging/HttpLoggingInterceptor;", "method": "intercept(Lokhttp3/Interceptor$Chain;)Lokhttp3/Response;", "num": 665, "sink_class": "Lokhttp3/RequestBody;", "sink_method": "contentLength()J", "sink_values": ["205282626"], "sources": ["UUID"], "returned_value": null}, {"smali_tag": "4997_823", "clss": "Lokhttp3/logging/HttpLoggingInterceptor;", "method": "intercept(Lokhttp3/Interceptor$Chain;)Lokhttp3/Response;", "num": 823, "sink_class": "Lokhttp3/RequestBody;", "sink_method": "isDuplex()Z", "sink_values": ["205282626"], "sources": ["UUID"], "returned_value": null}, {"smali_tag": "4997_868", "clss": "Lokhttp3/logging/HttpLoggingInterceptor;", "method": "intercept(Lokhttp3/Interceptor$Chain;)Lokhttp3/Response;", "num": 868, "sink_class": "Lokhttp3/RequestBody;", "sink_method": "isOneShot()Z", "sink_values": ["205282626"], "sources": ["UUID"], "returned_value": null}, {"smali_tag": "4997_926", "clss": "Lokhttp3/logging/HttpLoggingInterceptor;", "method": "intercept(Lokhttp3/Interceptor$Chain;)Lokhttp3/Response;", "num": 926, "sink_class": "Lokhttp3/RequestBody;", "sink_method": "contentType()Lokhttp3/MediaType;", "sink_values": ["205282626"], "sources": ["UUID"], "returned_value": null}, {"smali_tag": "4997_1015", "clss": "Lokhttp3/logging/HttpLoggingInterceptor;", "method": "intercept(Lokhttp3/Interceptor$Chain;)Lokhttp3/Response;", "num": 1015, "sink_class": "Lokhttp3/RequestBody;", "sink_method": "contentLength()J", "sink_values": ["205282626"], "sources": ["UUID"], "returned_value": null}, {"smali_tag": "4991_253", "clss": "Lokhttp3/internal/http/BridgeInterceptor;", "method": "intercept(Lokhttp3/Interceptor$Chain;)Lokhttp3/Response;", "num": 253, "sink_class": "Lokhttp3/RequestBody;", "sink_method": "contentType()Lokhttp3/MediaType;", "sink_values": ["205282626"], "sources": ["UUID"], "returned_value": null}, {"smali_tag": "4991_270", "clss": "Lokhttp3/internal/http/BridgeInterceptor;", "method": "intercept(Lokhttp3/Interceptor$Chain;)Lokhttp3/Response;", "num": 270, "sink_class": "Lokhttp3/RequestBody;", "sink_method": "contentLength()J", "sink_values": ["205282626"], "sources": ["UUID"], "returned_value": null}, {"smali_tag": "29576_216", "clss": "Lcom/chartboost/heliumsdk/infrastructure/NetworkController$NetworkDispatcher;", "method": "performRequest(Lcom/chartboost/heliumsdk/domain/requests/HeliumRequest;Ljava/util/Map;)[B", "num": 216, "sink_class": "Ljava/net/URL;", "sink_method": "<init>(Ljava/lang/String;)V", "sink_values": ["https://helium-sdk.chartboost.com/v1/event/load"], "sources": ["UUID"], "returned_value": null}, {"smali_tag": "29576_367", "clss": "Lcom/chartboost/heliumsdk/infrastructure/NetworkController$NetworkDispatcher;", "method": "performRequest(Lcom/chartboost/heliumsdk/domain/requests/HeliumRequest;Ljava/util/Map;)[B", "num": 367, "sink_class": "Ljava/io/DataOutputStream;", "sink_method": "write([B)V", "sink_values": [[123, 34, 97, 117, 99, 116, 105, 111, 110, 95, 105, 100, 34, 58, 34, 34, 44, 34, 109, 101, 116, 114, 105, 99, 115, 34, 58, 91, 93, 44, 34, 101, 114, 114, 111, 114, 34, 58, 123, 34, 99, 109, 95, 99, 111, 100, 101, 34, 58, 34, 67, 77, 95, 51, 48, 56, 34, 44, 34, 100, 101, 116, 97, 105, 108, 115, 34, 58, 123, 34, 116, 121, 112, 101, 34, 58, 34, 67, 77, 95, 76, 79, 65, 68, 95, 70, 65, 73, 76, 85, 82, 69, 95, 73, 78, 86, 65, 76, 73, 68, 95, 66, 73, 68, 95, 82, 69, 83, 80, 79, 78, 83, 69, 34, 44, 34, 100, 101, 115, 99, 114, 105, 112, 116, 105, 111, 110, 34, 58, 34, 80, 97, 114, 116, 110, 101, 114, 32, 97, 100, 32, 108, 111, 97, 100, 32, 104, 97, 115, 32, 102, 97, 105, 108, 101, 100, 46, 34, 125, 125, 125]], "sources": ["UUID"], "returned_value": null}, {"smali_tag": "29576_216", "clss": "Lcom/chartboost/heliumsdk/infrastructure/NetworkController$NetworkDispatcher;", "method": "performRequest(Lcom/chartboost/heliumsdk/domain/requests/HeliumRequest;Ljava/util/Map;)[B", "num": 216, "sink_class": "Ljava/net/URL;", "sink_method": "<init>(Ljava/lang/String;)V", "sink_values": ["https://helium-sdk.chartboost.com/v1/event/initialization"], "sources": ["UUID"], "returned_value": null}, {"smali_tag": "29576_367", "clss": "Lcom/chartboost/heliumsdk/infrastructure/NetworkController$NetworkDispatcher;", "method": "performRequest(Lcom/chartboost/heliumsdk/domain/requests/HeliumRequest;Ljava/util/Map;)[B", "num": 367, "sink_class": "Ljava/io/DataOutputStream;", "sink_method": "write([B)V", "sink_values": [[123, 34, 109, 101, 116, 114, 105, 99, 115, 34, 58, 91, 123, 34, 115, 116, 97, 114, 116, 34, 58, 49, 54, 57, 55, 49, 55, 54, 51, 49, 53, 50, 54, 56, 44, 34, 101, 110, 100, 34, 58, 49, 54, 57, 55, 49, 55, 54, 51, 49, 53, 50, 54, 56, 44, 34, 105, 115, 95, 115, 117, 99, 99, 101, 115, 115, 34, 58, 102, 97, 108, 115, 101, 44, 34, 104, 101, 108, 105, 117, 109, 95, 101, 114, 114, 111, 114, 34, 58, 34, 67, 77, 95, 73, 78, 86, 65, 76, 73, 68, 95, 65, 82, 71, 85, 77, 69, 78, 84, 83, 32, 40, 67, 77, 95, 54, 48, 53, 41, 46, 32, 67, 97, 117, 115, 101, 58, 32, 85, 110, 107, 110, 111, 119, 110, 46, 32, 82, 101, 115, 111, 108, 117, 116, 105, 111, 110, 58, 32, 68, 101, 112, 101, 110, 100, 105, 110, 103, 32, 111, 110, 32, 119, 104, 101, 110, 32, 116, 104, 105, 115, 32, 101, 114, 114, 111, 114, 32, 111, 99, 99, 117, 114, 115, 44, 32, 105, 116, 32, 99, 111, 117, 108, 100, 32, 98, 101, 32, 100, 117, 101, 32, 116, 111, 32, 97, 110, 32, 105, 115, 115, 117, 101, 32, 105, 110, 32, 67, 104, 97, 114, 116, 98, 111, 111, 115, 116, 32, 77, 101, 100, 105, 97, 116, 105, 111, 110, 32, 111, 114, 32, 109, 101, 100, 105, 97, 116, 105, 111, 110, 32, 112, 97, 114, 116, 110, 101, 114, 40, 115, 41, 32, 111, 114, 32, 121, 111, 117, 114, 32, 105, 110, 116, 101, 103, 114, 97, 116, 105, 111, 110, 46, 32, 67, 111, 110, 116, 97, 99, 116, 32, 67, 104, 97, 114, 116, 98, 111, 111, 115, 116, 32, 77, 101, 100, 105, 97, 116, 105, 111, 110, 32, 83, 117, 112, 112, 111, 114, 116, 32, 97, 110, 100, 32, 112, 114, 111, 118, 105, 100, 101, 32, 97, 32, 99, 111, 112, 121, 32, 111, 102, 32, 121, 111, 117, 114, 32, 99, 111, 110, 115, 111, 108, 101, 32, 108, 111, 103, 115, 46, 34, 44, 34, 104, 101, 108, 105, 117, 109, 95, 101, 114, 114, 111, 114, 95, 99, 111, 100, 101, 34, 58, 34, 67, 77, 95, 54, 48, 53, 34, 44, 34, 104, 101, 108, 105, 117, 109, 95, 101, 114, 114, 111, 114, 95, 109, 101, 115, 115, 97, 103, 101, 34, 58, 34, 73, 110, 118, 97, 108, 105, 100, 92, 47, 101, 109, 112, 116, 121, 32, 97, 114, 103, 117, 109, 101, 110, 116, 115, 32, 119, 101, 114, 101, 32, 112, 97, 115, 115, 101, 100, 32, 116, 111, 32, 116, 104, 101, 32, 102, 117, 110, 99, 116, 105, 111, 110, 32, 99, 97, 108, 108, 44, 32, 119, 104, 105, 99, 104, 32, 99, 97, 117, 115, 101, 100, 32, 116, 104, 101, 32, 102, 117, 110, 99, 116, 105, 111, 110, 32, 116, 111, 32, 116, 101, 114, 109, 105, 110, 97, 116, 101, 32, 112, 114, 101, 109, 97, 116, 117, 114, 101, 108, 121, 46, 34, 125, 93, 125]], "sources": ["UUID"], "returned_value": null}, {"smali_tag": "29576_216", "clss": "Lcom/chartboost/heliumsdk/infrastructure/NetworkController$NetworkDispatcher;", "method": "performRequest(Lcom/chartboost/heliumsdk/domain/requests/HeliumRequest;Ljava/util/Map;)[B", "num": 216, "sink_class": "Ljava/net/URL;", "sink_method": "<init>(Ljava/lang/String;)V", "sink_values": ["https://helium-sdk.chartboost.com/v2/event/adload"], "sources": ["UUID"], "returned_value": null}, {"smali_tag": "29576_367", "clss": "Lcom/chartboost/heliumsdk/infrastructure/NetworkController$NetworkDispatcher;", "method": "performRequest(Lcom/chartboost/heliumsdk/domain/requests/HeliumRequest;Ljava/util/Map;)[B", "num": 367, "sink_class": "Ljava/io/DataOutputStream;", "sink_method": "write([B)V", "sink_values": [[123, 34, 112, 108, 97, 99, 101, 109, 101, 110, 116, 95, 110, 97, 109, 101, 34, 58, 34, 67, 66, 73, 110, 116, 101, 114, 115, 116, 105, 116, 105, 97, 108, 34, 44, 34, 97, 100, 95, 116, 121, 112, 101, 34, 58, 34, 105, 110, 116, 101, 114, 115, 116, 105, 116, 105, 97, 108, 34, 44, 34, 108, 111, 97, 100, 95, 105, 100, 34, 58, 34, 54, 102, 98, 97, 52, 57, 54, 98, 45, 97, 98, 49, 51, 45, 52, 51, 100, 56, 45, 57, 99, 51, 55, 45, 97, 49, 100, 56, 50, 53, 102, 48, 97, 54, 56, 99, 49, 54, 57, 55, 49, 55, 54, 51, 50, 48, 53, 52, 48, 34, 44, 34, 115, 116, 97, 116, 117, 115, 34, 58, 34, 110, 101, 119, 34, 125]], "sources": ["UUID"], "returned_value": null}, {"smali_tag": "7946_187", "clss": "Lcom/jakewharton/retrofit2/converter/kotlinx/serialization/Serializer$FromString;", "method": "toRequestBody(Lokhttp3/MediaType;Lkotlinx/serialization/SerializationStrategy;Ljava/lang/Object;)Lokhttp3/RequestBody;", "num": 187, "sink_class": "Lokhttp3/RequestBody;", "sink_method": "create(Lokhttp3/MediaType;Ljava/lang/String;)Lokhttp3/RequestBody;", "sink_values": ["69116492", "{\"user\":{\"ext\":{\"impdepth\":0,\"sessionduration\":18,\"keywords\":{}}},\"test\":0,\"imp\":[{\"displaymanager\":\"Helium\",\"displaymanagerver\":\"4.2.0\",\"instl\":1,\"tagid\":\"CBInterstitial\",\"secure\":1,\"video\":{\"mimes\":[\"video/mp4\"],\"w\":1080,\"h\":2028,\"placement\":5,\"pos\":7,\"companiontype\":[1,2],\"ext\":{\"placementtype\":\"interstitial\"}},\"banner\":{\"w\":1080,\"h\":2028,\"pos\":7,\"topframe\":1,\"ext\":{\"placementtype\":\"interstitial\"}}}],\"app\":{\"id\":\"65278cf4b4312101800209fe\",\"bundle\":\"com.chartboost.mediation.sdk.demo\",\"ver\":\"1.0\"},\"device\":{\"ua\":\"Mozilla/5.0 (Linux; Android 9; Pixel 3 Build/PQ2A.190205.001; wv) AppleWebKit/537.36 (KHTML, like Gecko) Version/4.0 Chrome/117.0.0.0 Mobile Safari/537.36\",\"lmt\":0,\"devicetype\":4,\"make\":\"Google\",\"model\":\"Pixel 3\",\"os\":\"Android\",\"osv\":\"9\",\"h\":2028,\"w\":1080,\"pxratio\":2.75,\"language\":\"ja\",\"carrier\":\"\",\"connectiontype\":2,\"ifa\":\"434ceb01-7f34-44db-bf40-aac89d9fb38e\",\"geo\":{\"utcoffset\":540},\"ext\":{\"mccmnc\":\"440-10\",\"ifv\":\"af873dcb-36ce-a15b-b79e-f96f03d3c377\",\"appsetidscope\":\"1\"}},\"regs\":{\"coppa\":0,\"ext\":{\"gdpr\":0}},\"ext\":{\"bidders\":{},\"inactive_bidders\":{},\"helium_sdk_request_id\":\"6fba496b-ab13-43d8-9c37-a1d825f0a68c1697176320540\"}}"], "sources": ["UUID", "AAID"], "returned_value": null}, {"smali_tag": "29576_216", "clss": "Lcom/chartboost/heliumsdk/infrastructure/NetworkController$NetworkDispatcher;", "method": "performRequest(Lcom/chartboost/heliumsdk/domain/requests/HeliumRequest;Ljava/util/Map;)[B", "num": 216, "sink_class": "Ljava/net/URL;", "sink_method": "<init>(Ljava/lang/String;)V", "sink_values": ["https://helium-sdk.chartboost.com/v1/event/load"], "sources": ["UUID"], "returned_value": null}, {"smali_tag": "29576_216", "clss": "Lcom/chartboost/heliumsdk/infrastructure/NetworkController$NetworkDispatcher;", "method": "performRequest(Lcom/chartboost/heliumsdk/domain/requests/HeliumRequest;Ljava/util/Map;)[B", "num": 216, "sink_class": "Ljava/net/URL;", "sink_method": "<init>(Ljava/lang/String;)V", "sink_values": ["https://helium-sdk.chartboost.com/v2/event/adload"], "sources": ["UUID"], "returned_value": null}, {"smali_tag": "29576_367", "clss": "Lcom/chartboost/heliumsdk/infrastructure/NetworkController$NetworkDispatcher;", "method": "performRequest(Lcom/chartboost/heliumsdk/domain/requests/HeliumRequest;Ljava/util/Map;)[B", "num": 367, "sink_class": "Ljava/io/DataOutputStream;", "sink_method": "write([B)V", "sink_values": [[123, 34, 112, 108, 97, 99, 101, 109, 101, 110, 116, 95, 110, 97, 109, 101, 34, 58, 34, 67, 66, 82, 101, 119, 97, 114, 100, 101, 100, 34, 44, 34, 97, 100, 95, 116, 121, 112, 101, 34, 58, 34, 114, 101, 119, 97, 114, 100, 101, 100, 34, 44, 34, 108, 111, 97, 100, 95, 105, 100, 34, 58, 34, 54, 102, 98, 97, 52, 57, 54, 98, 45, 97, 98, 49, 51, 45, 52, 51, 100, 56, 45, 57, 99, 51, 55, 45, 97, 49, 100, 56, 50, 53, 102, 48, 97, 54, 56, 99, 49, 54, 57, 55, 49, 55, 54, 51, 51, 50, 56, 48, 54, 34, 44, 34, 115, 116, 97, 116, 117, 115, 34, 58, 34, 110, 101, 119, 34, 125]], "sources": ["UUID"], "returned_value": null}, {"smali_tag": "7946_187", "clss": "Lcom/jakewharton/retrofit2/converter/kotlinx/serialization/Serializer$FromString;", "method": "toRequestBody(Lokhttp3/MediaType;Lkotlinx/serialization/SerializationStrategy;Ljava/lang/Object;)Lokhttp3/RequestBody;", "num": 187, "sink_class": "Lokhttp3/RequestBody;", "sink_method": "create(Lokhttp3/MediaType;Ljava/lang/String;)Lokhttp3/RequestBody;", "sink_values": ["69116492", "{\"user\":{\"ext\":{\"impdepth\":0,\"sessionduration\":30,\"keywords\":{}}},\"test\":0,\"imp\":[{\"displaymanager\":\"Helium\",\"displaymanagerver\":\"4.2.0\",\"instl\":1,\"tagid\":\"CBRewarded\",\"secure\":1,\"video\":{\"mimes\":[\"video/mp4\"],\"w\":1080,\"h\":2028,\"placement\":5,\"pos\":7,\"companiontype\":[1,2],\"ext\":{\"placementtype\":\"rewarded\"}},\"banner\":{\"w\":1080,\"h\":2028,\"pos\":7,\"topframe\":1,\"ext\":{\"placementtype\":\"rewarded\"}}}],\"app\":{\"id\":\"65278cf4b4312101800209fe\",\"bundle\":\"com.chartboost.mediation.sdk.demo\",\"ver\":\"1.0\"},\"device\":{\"ua\":\"Mozilla/5.0 (Linux; Android 9; Pixel 3 Build/PQ2A.190205.001; wv) AppleWebKit/537.36 (KHTML, like Gecko) Version/4.0 Chrome/117.0.0.0 Mobile Safari/537.36\",\"lmt\":0,\"devicetype\":4,\"make\":\"Google\",\"model\":\"Pixel 3\",\"os\":\"Android\",\"osv\":\"9\",\"h\":2028,\"w\":1080,\"pxratio\":2.75,\"language\":\"ja\",\"carrier\":\"\",\"connectiontype\":2,\"ifa\":\"434ceb01-7f34-44db-bf40-aac89d9fb38e\",\"geo\":{\"utcoffset\":540},\"ext\":{\"mccmnc\":\"440-10\",\"ifv\":\"af873dcb-36ce-a15b-b79e-f96f03d3c377\",\"appsetidscope\":\"1\"}},\"regs\":{\"coppa\":0,\"ext\":{\"gdpr\":0}},\"ext\":{\"bidders\":{},\"inactive_bidders\":{},\"helium_sdk_request_id\":\"6fba496b-ab13-43d8-9c37-a1d825f0a68c1697176332806\"}}"], "sources": ["UUID", "AAID"], "returned_value": null}, {"smali_tag": "29576_216", "clss": "Lcom/chartboost/heliumsdk/infrastructure/NetworkController$NetworkDispatcher;", "method": "performRequest(Lcom/chartboost/heliumsdk/domain/requests/HeliumRequest;Ljava/util/Map;)[B", "num": 216, "sink_class": "Ljava/net/URL;", "sink_method": "<init>(Ljava/lang/String;)V", "sink_values": ["https://helium-sdk.chartboost.com/v1/event/load"], "sources": ["UUID"], "returned_value": null}, {"smali_tag": "29576_216", "clss": "Lcom/chartboost/heliumsdk/infrastructure/NetworkController$NetworkDispatcher;", "method": "performRequest(Lcom/chartboost/heliumsdk/domain/requests/HeliumRequest;Ljava/util/Map;)[B", "num": 216, "sink_class": "Ljava/net/URL;", "sink_method": "<init>(Ljava/lang/String;)V", "sink_values": ["https://helium-sdk.chartboost.com/v2/event/adload"], "sources": ["UUID"], "returned_value": null}, {"smali_tag": "29576_367", "clss": "Lcom/chartboost/heliumsdk/infrastructure/NetworkController$NetworkDispatcher;", "method": "performRequest(Lcom/chartboost/heliumsdk/domain/requests/HeliumRequest;Ljava/util/Map;)[B", "num": 367, "sink_class": "Ljava/io/DataOutputStream;", "sink_method": "write([B)V", "sink_values": [[123, 34, 112, 108, 97, 99, 101, 109, 101, 110, 116, 95, 110, 97, 109, 101, 34, 58, 34, 67, 66, 66, 97, 110, 110, 101, 114, 34, 44, 34, 97, 100, 95, 116, 121, 112, 101, 34, 58, 34, 98, 97, 110, 110, 101, 114, 34, 44, 34, 108, 111, 97, 100, 95, 105, 100, 34, 58, 34, 54, 102, 98, 97, 52, 57, 54, 98, 45, 97, 98, 49, 51, 45, 52, 51, 100, 56, 45, 57, 99, 51, 55, 45, 97, 49, 100, 56, 50, 53, 102, 48, 97, 54, 56, 99, 49, 54, 57, 55, 49, 55, 54, 51, 52, 53, 51, 53, 48, 34, 44, 34, 115, 116, 97, 116, 117, 115, 34, 58, 34, 110, 101, 119, 34, 125]], "sources": ["UUID"], "returned_value": null}, {"smali_tag": "7946_187", "clss": "Lcom/jakewharton/retrofit2/converter/kotlinx/serialization/Serializer$FromString;", "method": "toRequestBody(Lokhttp3/MediaType;Lkotlinx/serialization/SerializationStrategy;Ljava/lang/Object;)Lokhttp3/RequestBody;", "num": 187, "sink_class": "Lokhttp3/RequestBody;", "sink_method": "create(Lokhttp3/MediaType;Ljava/lang/String;)Lokhttp3/RequestBody;", "sink_values": ["69116492", "{\"user\":{\"ext\":{\"impdepth\":0,\"sessionduration\":43,\"keywords\":{}}},\"test\":0,\"imp\":[{\"displaymanager\":\"Helium\",\"displaymanagerver\":\"4.2.0\",\"instl\":0,\"tagid\":\"CBBanner\",\"secure\":1,\"video\":{\"mimes\":[\"video/mp4\"],\"w\":320,\"h\":50,\"placement\":2,\"pos\":1,\"companiontype\":[1,2],\"ext\":{\"placementtype\":\"banner\"}},\"banner\":{\"w\":320,\"h\":50,\"pos\":1,\"topframe\":1,\"ext\":{\"placementtype\":\"banner\"}}}],\"app\":{\"id\":\"65278cf4b4312101800209fe\",\"bundle\":\"com.chartboost.mediation.sdk.demo\",\"ver\":\"1.0\"},\"device\":{\"ua\":\"Mozilla/5.0 (Linux; Android 9; Pixel 3 Build/PQ2A.190205.001; wv) AppleWebKit/537.36 (KHTML, like Gecko) Version/4.0 Chrome/117.0.0.0 Mobile Safari/537.36\",\"lmt\":0,\"devicetype\":4,\"make\":\"Google\",\"model\":\"Pixel 3\",\"os\":\"Android\",\"osv\":\"9\",\"h\":50,\"w\":320,\"pxratio\":2.75,\"language\":\"ja\",\"carrier\":\"\",\"connectiontype\":2,\"ifa\":\"434ceb01-7f34-44db-bf40-aac89d9fb38e\",\"geo\":{\"utcoffset\":540},\"ext\":{\"mccmnc\":\"440-10\",\"ifv\":\"af873dcb-36ce-a15b-b79e-f96f03d3c377\",\"appsetidscope\":\"1\"}},\"regs\":{\"coppa\":0,\"ext\":{\"gdpr\":0}},\"ext\":{\"bidders\":{},\"inactive_bidders\":{},\"helium_sdk_request_id\":\"6fba496b-ab13-43d8-9c37-a1d825f0a68c1697176345350\"}}"], "sources": ["UUID", "AAID"], "returned_value": null}]