project.emulator.get_num_leaks() = 1
Sources
[{'clss': 'Lcom/taboola/android/global_components/AppSession;',
  'method': '<init>(Landroid/content/Context;)V',
  'name': ['UUID'],
  'num': 37,
  'source_class': 'Ljava/util/UUID;',
  'source_method': 'toString()Ljava/lang/String;'},
 {'clss': 'Lcom/taboola/android/global_components/AppSession;',
  'method': '<init>(Landroid/content/Context;)V',
  'name': ['UUID'],
  'num': 55,
  'source_class': 'Ljava/lang/StringBuilder;',
  'source_method': 'toString()Ljava/lang/String;'},
 {'clss': 'Lcom/taboola/android/utils/TBLSharedPrefUtil;',
  'method': 'getString(Landroid/content/Context;Ljava/lang/String;Ljava/lang/String;)Ljava/lang/String;',
  'name': ['UUID'],
  'num': 634,
  'source_class': 'Landroid/content/SharedPreferences;',
  'source_method': 'getString(Ljava/lang/String;Ljava/lang/String;)Ljava/lang/String;'},
 {'clss': 'Lcom/taboola/android/global_components/AppSession;',
  'method': 'getAppSessionString(Landroid/content/Context;)Ljava/lang/String;',
  'name': ['UUID'],
  'num': 93,
  'source_class': 'Ljava/lang/StringBuilder;',
  'source_method': 'toString()Ljava/lang/String;'},
 {'clss': 'Lcom/taboola/android/tblweb/TBLWebViewManager;',
  'method': 'getDeviceData()Ljava/lang/String;',
  'name': ['UUID'],
  'num': 1857,
  'source_class': 'Lorg/json/JSONObject;',
  'source_method': 'toString()Ljava/lang/String;'},
 {'clss': 'Lcom/taboola/android/tblweb/TBLInjectedObject;',
  'method': 'getDeviceData()Ljava/lang/String;',
  'name': ['UUID'],
  'num': 965,
  'source_class': 'Ljava/lang/StringBuilder;',
  'source_method': 'toString()Ljava/lang/String;'},
 {'clss': 'Lcom/taboola/android/global_components/configuration/TBLConfigManager;',
  'method': 'getConfigFromRemote(Lcom/taboola/android/global_components/configuration/TBLConfigResponse;)V',
  'name': ['UUID'],
  'num': 299,
  'source_class': 'Ljava/util/UUID;',
  'source_method': 'toString()Ljava/lang/String;'}]
Sinks
[{"smali_tag": "3951_455", "clss": "Lcom/taboola/lightnetwork/protocols/http/HttpRequest;", "method": "performRequest(Lcom/taboola/lightnetwork/protocols/http/HttpManager$NetworkResponse;Z)V", "num": 455, "sink_class": "Ljava/net/URL;", "sink_method": "<init>(Ljava/lang/String;)V", "sink_values": ["https://cdn.taboola.com/mobile-config/sdk-tester-demo/confV1_0/taboolaConfig.json?ui=tci8ceb8-ccc8-4f7d-a618-fdb434ed1364&appv=1.0&sdkv=3.8.13&osv=9"], "sources": ["UUID"], "returned_value": null}]