project.emulator.get_num_leaks() = 2
Sources
[{'clss': 'Lcom/clevertap/android/sdk/DeviceInfo;',
  'method': 'generateGUID()Ljava/lang/String;',
  'name': ['UUID'],
  'num': 1051,
  'source_class': 'Ljava/util/UUID;',
  'source_method': 'toString()Ljava/lang/String;'},
 {'clss': 'Lcom/clevertap/android/sdk/LocationManager;',
  'method': '_setLocation(Landroid/location/Location;)Ljava/util/concurrent/Future;',
  'name': ['Location'],
  'num': 262,
  'source_class': 'Landroid/location/Location;',
  'source_method': 'getLatitude()D'},
 {'clss': 'Lcom/clevertap/android/sdk/LocationManager;',
  'method': '_setLocation(Landroid/location/Location;)Ljava/util/concurrent/Future;',
  'name': ['Location'],
  'num': 276,
  'source_class': 'Landroid/location/Location;',
  'source_method': 'getLongitude()D'},
 {'clss': 'Lcom/clevertap/android/sdk/LocationManager;',
  'method': '_setLocation(Landroid/location/Location;)Ljava/util/concurrent/Future;',
  'name': ['Location'],
  'num': 465,
  'source_class': 'Landroid/location/Location;',
  'source_method': 'getLatitude()D'},
 {'clss': 'Lcom/clevertap/android/sdk/LocationManager;',
  'method': '_setLocation(Landroid/location/Location;)Ljava/util/concurrent/Future;',
  'name': ['Location'],
  'num': 478,
  'source_class': 'Landroid/location/Location;',
  'source_method': 'getLongitude()D'},
 {'clss': 'Lcom/clevertap/android/sdk/utils/CTJsonConverter;',
  'method': 'from(Lcom/clevertap/android/sdk/DeviceInfo;Lcom/clevertap/android/sdk/CoreMetaData;ZZ)Lorg/json/JSONObject;',
  'name': ['Location'],
  'num': 165,
  'source_class': 'Landroid/location/Location;',
  'source_method': 'getLatitude()D'},
 {'clss': 'Lcom/clevertap/android/sdk/utils/CTJsonConverter;',
  'method': 'from(Lcom/clevertap/android/sdk/DeviceInfo;Lcom/clevertap/android/sdk/CoreMetaData;ZZ)Lorg/json/JSONObject;',
  'name': ['Location'],
  'num': 174,
  'source_class': 'Landroid/location/Location;',
  'source_method': 'getLongitude()D'},
 {'clss': 'Lcom/clevertap/android/sdk/utils/CTJsonConverter;',
  'method': 'from(Lcom/clevertap/android/sdk/DeviceInfo;Lcom/clevertap/android/sdk/CoreMetaData;ZZ)Lorg/json/JSONObject;',
  'name': ['Location'],
  'num': 165,
  'source_class': 'Landroid/location/Location;',
  'source_method': 'getLatitude()D'},
 {'clss': 'Lcom/clevertap/android/sdk/utils/CTJsonConverter;',
  'method': 'from(Lcom/clevertap/android/sdk/DeviceInfo;Lcom/clevertap/android/sdk/CoreMetaData;ZZ)Lorg/json/JSONObject;',
  'name': ['Location'],
  'num': 174,
  'source_class': 'Landroid/location/Location;',
  'source_method': 'getLongitude()D'},
 {'clss': 'Lcom/clevertap/android/sdk/utils/CTJsonConverter;',
  'method': 'from(Lcom/clevertap/android/sdk/DeviceInfo;Lcom/clevertap/android/sdk/CoreMetaData;ZZ)Lorg/json/JSONObject;',
  'name': ['Location'],
  'num': 165,
  'source_class': 'Landroid/location/Location;',
  'source_method': 'getLatitude()D'},
 {'clss': 'Lcom/clevertap/android/sdk/utils/CTJsonConverter;',
  'method': 'from(Lcom/clevertap/android/sdk/DeviceInfo;Lcom/clevertap/android/sdk/CoreMetaData;ZZ)Lorg/json/JSONObject;',
  'name': ['Location'],
  'num': 174,
  'source_class': 'Landroid/location/Location;',
  'source_method': 'getLongitude()D'},
 {'clss': 'Lcom/clevertap/android/sdk/DeviceInfo;',
  'method': 'generateGUID()Ljava/lang/String;',
  'name': ['UUID'],
  'num': 1051,
  'source_class': 'Ljava/util/UUID;',
  'source_method': 'toString()Ljava/lang/String;'},
 {'clss': 'Lcom/clevertap/android/sdk/utils/CTJsonConverter;',
  'method': 'from(Lcom/clevertap/android/sdk/DeviceInfo;Lcom/clevertap/android/sdk/CoreMetaData;ZZ)Lorg/json/JSONObject;',
  'name': ['Location'],
  'num': 165,
  'source_class': 'Landroid/location/Location;',
  'source_method': 'getLatitude()D'},
 {'clss': 'Lcom/clevertap/android/sdk/utils/CTJsonConverter;',
  'method': 'from(Lcom/clevertap/android/sdk/DeviceInfo;Lcom/clevertap/android/sdk/CoreMetaData;ZZ)Lorg/json/JSONObject;',
  'name': ['Location'],
  'num': 174,
  'source_class': 'Landroid/location/Location;',
  'source_method': 'getLongitude()D'},
 {'clss': 'Lcom/clevertap/android/sdk/utils/CTJsonConverter;',
  'method': 'from(Lcom/clevertap/android/sdk/DeviceInfo;Lcom/clevertap/android/sdk/CoreMetaData;ZZ)Lorg/json/JSONObject;',
  'name': ['Location'],
  'num': 165,
  'source_class': 'Landroid/location/Location;',
  'source_method': 'getLatitude()D'},
 {'clss': 'Lcom/clevertap/android/sdk/utils/CTJsonConverter;',
  'method': 'from(Lcom/clevertap/android/sdk/DeviceInfo;Lcom/clevertap/android/sdk/CoreMetaData;ZZ)Lorg/json/JSONObject;',
  'name': ['Location'],
  'num': 174,
  'source_class': 'Landroid/location/Location;',
  'source_method': 'getLongitude()D'},
 {'clss': 'Lcom/clevertap/android/sdk/utils/CTJsonConverter;',
  'method': 'from(Lcom/clevertap/android/sdk/DeviceInfo;Lcom/clevertap/android/sdk/CoreMetaData;ZZ)Lorg/json/JSONObject;',
  'name': ['Location'],
  'num': 165,
  'source_class': 'Landroid/location/Location;',
  'source_method': 'getLatitude()D'},
 {'clss': 'Lcom/clevertap/android/sdk/utils/CTJsonConverter;',
  'method': 'from(Lcom/clevertap/android/sdk/DeviceInfo;Lcom/clevertap/android/sdk/CoreMetaData;ZZ)Lorg/json/JSONObject;',
  'name': ['Location'],
  'num': 174,
  'source_class': 'Landroid/location/Location;',
  'source_method': 'getLongitude()D'},
 {'clss': 'Lcom/clevertap/android/sdk/utils/CTJsonConverter;',
  'method': 'from(Lcom/clevertap/android/sdk/DeviceInfo;Lcom/clevertap/android/sdk/CoreMetaData;ZZ)Lorg/json/JSONObject;',
  'name': ['Location'],
  'num': 165,
  'source_class': 'Landroid/location/Location;',
  'source_method': 'getLatitude()D'},
 {'clss': 'Lcom/clevertap/android/sdk/utils/CTJsonConverter;',
  'method': 'from(Lcom/clevertap/android/sdk/DeviceInfo;Lcom/clevertap/android/sdk/CoreMetaData;ZZ)Lorg/json/JSONObject;',
  'name': ['Location'],
  'num': 174,
  'source_class': 'Landroid/location/Location;',
  'source_method': 'getLongitude()D'},
 {'clss': 'Lcom/clevertap/android/sdk/utils/CTJsonConverter;',
  'method': 'from(Lcom/clevertap/android/sdk/DeviceInfo;Lcom/clevertap/android/sdk/CoreMetaData;ZZ)Lorg/json/JSONObject;',
  'name': ['Location'],
  'num': 165,
  'source_class': 'Landroid/location/Location;',
  'source_method': 'getLatitude()D'},
 {'clss': 'Lcom/clevertap/android/sdk/utils/CTJsonConverter;',
  'method': 'from(Lcom/clevertap/android/sdk/DeviceInfo;Lcom/clevertap/android/sdk/CoreMetaData;ZZ)Lorg/json/JSONObject;',
  'name': ['Location'],
  'num': 174,
  'source_class': 'Landroid/location/Location;',
  'source_method': 'getLongitude()D'},
 {'clss': 'Lcom/clevertap/android/sdk/utils/CTJsonConverter;',
  'method': 'from(Lcom/clevertap/android/sdk/DeviceInfo;Lcom/clevertap/android/sdk/CoreMetaData;ZZ)Lorg/json/JSONObject;',
  'name': ['Location'],
  'num': 165,
  'source_class': 'Landroid/location/Location;',
  'source_method': 'getLatitude()D'},
 {'clss': 'Lcom/clevertap/android/sdk/utils/CTJsonConverter;',
  'method': 'from(Lcom/clevertap/android/sdk/DeviceInfo;Lcom/clevertap/android/sdk/CoreMetaData;ZZ)Lorg/json/JSONObject;',
  'name': ['Location'],
  'num': 174,
  'source_class': 'Landroid/location/Location;',
  'source_method': 'getLongitude()D'},
 {'clss': 'Lcom/clevertap/android/sdk/utils/CTJsonConverter;',
  'method': 'from(Lcom/clevertap/android/sdk/DeviceInfo;Lcom/clevertap/android/sdk/CoreMetaData;ZZ)Lorg/json/JSONObject;',
  'name': ['Location'],
  'num': 165,
  'source_class': 'Landroid/location/Location;',
  'source_method': 'getLatitude()D'},
 {'clss': 'Lcom/clevertap/android/sdk/utils/CTJsonConverter;',
  'method': 'from(Lcom/clevertap/android/sdk/DeviceInfo;Lcom/clevertap/android/sdk/CoreMetaData;ZZ)Lorg/json/JSONObject;',
  'name': ['Location'],
  'num': 174,
  'source_class': 'Landroid/location/Location;',
  'source_method': 'getLongitude()D'},
 {'clss': 'Lcom/clevertap/android/sdk/LocationManager;',
  'method': '_setLocation(Landroid/location/Location;)Ljava/util/concurrent/Future;',
  'name': ['Location'],
  'num': 262,
  'source_class': 'Landroid/location/Location;',
  'source_method': 'getLatitude()D'},
 {'clss': 'Lcom/clevertap/android/sdk/LocationManager;',
  'method': '_setLocation(Landroid/location/Location;)Ljava/util/concurrent/Future;',
  'name': ['Location'],
  'num': 276,
  'source_class': 'Landroid/location/Location;',
  'source_method': 'getLongitude()D'},
 {'clss': 'Lcom/clevertap/android/sdk/LocationManager;',
  'method': '_setLocation(Landroid/location/Location;)Ljava/util/concurrent/Future;',
  'name': ['Location'],
  'num': 379,
  'source_class': 'Landroid/location/Location;',
  'source_method': 'getLatitude()D'},
 {'clss': 'Lcom/clevertap/android/sdk/LocationManager;',
  'method': '_setLocation(Landroid/location/Location;)Ljava/util/concurrent/Future;',
  'name': ['Location'],
  'num': 392,
  'source_class': 'Landroid/location/Location;',
  'source_method': 'getLongitude()D'},
 {'clss': 'Lcom/clevertap/android/geofence/CTGeofenceAPI;',
  'method': 'processTriggeredLocation(Landroid/location/Location;)Ljava/util/concurrent/Future;',
  'name': ['Location'],
  'num': 1014,
  'source_class': 'Landroid/location/Location;',
  'source_method': 'getLatitude()D'},
 {'clss': 'Lcom/clevertap/android/geofence/CTGeofenceAPI;',
  'method': 'processTriggeredLocation(Landroid/location/Location;)Ljava/util/concurrent/Future;',
  'name': ['Location'],
  'num': 1025,
  'source_class': 'Landroid/location/Location;',
  'source_method': 'getLongitude()D'},
 {'clss': 'Lcom/clevertap/android/geofence/GoogleLocationAdapter;',
  'method': 'getLastLocation(Lcom/clevertap/android/geofence/interfaces/CTLocationCallback;)V',
  'name': ['Location'],
  'num': 622,
  'source_class': 'Landroid/location/Location;',
  'source_method': 'getLatitude()D'},
 {'clss': 'Lcom/clevertap/android/geofence/GoogleLocationAdapter;',
  'method': 'getLastLocation(Lcom/clevertap/android/geofence/interfaces/CTLocationCallback;)V',
  'name': ['Location'],
  'num': 637,
  'source_class': 'Landroid/location/Location;',
  'source_method': 'getLongitude()D'},
 {'clss': 'Lcom/clevertap/android/sdk/utils/CTJsonConverter;',
  'method': 'from(Lcom/clevertap/android/sdk/DeviceInfo;Lcom/clevertap/android/sdk/CoreMetaData;ZZ)Lorg/json/JSONObject;',
  'name': ['Location'],
  'num': 165,
  'source_class': 'Landroid/location/Location;',
  'source_method': 'getLatitude()D'},
 {'clss': 'Lcom/clevertap/android/sdk/utils/CTJsonConverter;',
  'method': 'from(Lcom/clevertap/android/sdk/DeviceInfo;Lcom/clevertap/android/sdk/CoreMetaData;ZZ)Lorg/json/JSONObject;',
  'name': ['Location'],
  'num': 174,
  'source_class': 'Landroid/location/Location;',
  'source_method': 'getLongitude()D'},
 {'clss': 'Lcom/clevertap/android/sdk/utils/CTJsonConverter;',
  'method': 'from(Lcom/clevertap/android/sdk/DeviceInfo;Lcom/clevertap/android/sdk/CoreMetaData;ZZ)Lorg/json/JSONObject;',
  'name': ['Location'],
  'num': 165,
  'source_class': 'Landroid/location/Location;',
  'source_method': 'getLatitude()D'},
 {'clss': 'Lcom/clevertap/android/sdk/utils/CTJsonConverter;',
  'method': 'from(Lcom/clevertap/android/sdk/DeviceInfo;Lcom/clevertap/android/sdk/CoreMetaData;ZZ)Lorg/json/JSONObject;',
  'name': ['Location'],
  'num': 174,
  'source_class': 'Landroid/location/Location;',
  'source_method': 'getLongitude()D'},
 {'clss': 'Lcom/clevertap/android/sdk/utils/CTJsonConverter;',
  'method': 'from(Lcom/clevertap/android/sdk/DeviceInfo;Lcom/clevertap/android/sdk/CoreMetaData;ZZ)Lorg/json/JSONObject;',
  'name': ['Location'],
  'num': 165,
  'source_class': 'Landroid/location/Location;',
  'source_method': 'getLatitude()D'},
 {'clss': 'Lcom/clevertap/android/sdk/utils/CTJsonConverter;',
  'method': 'from(Lcom/clevertap/android/sdk/DeviceInfo;Lcom/clevertap/android/sdk/CoreMetaData;ZZ)Lorg/json/JSONObject;',
  'name': ['Location'],
  'num': 174,
  'source_class': 'Landroid/location/Location;',
  'source_method': 'getLongitude()D'},
 {'clss': 'Lcom/clevertap/android/sdk/utils/CTJsonConverter;',
  'method': 'from(Lcom/clevertap/android/sdk/DeviceInfo;Lcom/clevertap/android/sdk/CoreMetaData;ZZ)Lorg/json/JSONObject;',
  'name': ['Location'],
  'num': 165,
  'source_class': 'Landroid/location/Location;',
  'source_method': 'getLatitude()D'},
 {'clss': 'Lcom/clevertap/android/sdk/utils/CTJsonConverter;',
  'method': 'from(Lcom/clevertap/android/sdk/DeviceInfo;Lcom/clevertap/android/sdk/CoreMetaData;ZZ)Lorg/json/JSONObject;',
  'name': ['Location'],
  'num': 174,
  'source_class': 'Landroid/location/Location;',
  'source_method': 'getLongitude()D'},
 {'clss': 'Lcom/clevertap/android/sdk/utils/CTJsonConverter;',
  'method': 'from(Lcom/clevertap/android/sdk/DeviceInfo;Lcom/clevertap/android/sdk/CoreMetaData;ZZ)Lorg/json/JSONObject;',
  'name': ['Location'],
  'num': 165,
  'source_class': 'Landroid/location/Location;',
  'source_method': 'getLatitude()D'},
 {'clss': 'Lcom/clevertap/android/sdk/utils/CTJsonConverter;',
  'method': 'from(Lcom/clevertap/android/sdk/DeviceInfo;Lcom/clevertap/android/sdk/CoreMetaData;ZZ)Lorg/json/JSONObject;',
  'name': ['Location'],
  'num': 174,
  'source_class': 'Landroid/location/Location;',
  'source_method': 'getLongitude()D'},
 {'clss': 'Lcom/clevertap/android/sdk/utils/CTJsonConverter;',
  'method': 'from(Lcom/clevertap/android/sdk/DeviceInfo;Lcom/clevertap/android/sdk/CoreMetaData;ZZ)Lorg/json/JSONObject;',
  'name': ['Location'],
  'num': 165,
  'source_class': 'Landroid/location/Location;',
  'source_method': 'getLatitude()D'},
 {'clss': 'Lcom/clevertap/android/sdk/utils/CTJsonConverter;',
  'method': 'from(Lcom/clevertap/android/sdk/DeviceInfo;Lcom/clevertap/android/sdk/CoreMetaData;ZZ)Lorg/json/JSONObject;',
  'name': ['Location'],
  'num': 174,
  'source_class': 'Landroid/location/Location;',
  'source_method': 'getLongitude()D'},
 {'clss': 'Lcom/clevertap/android/sdk/utils/CTJsonConverter;',
  'method': 'from(Lcom/clevertap/android/sdk/DeviceInfo;Lcom/clevertap/android/sdk/CoreMetaData;ZZ)Lorg/json/JSONObject;',
  'name': ['Location'],
  'num': 165,
  'source_class': 'Landroid/location/Location;',
  'source_method': 'getLatitude()D'},
 {'clss': 'Lcom/clevertap/android/sdk/utils/CTJsonConverter;',
  'method': 'from(Lcom/clevertap/android/sdk/DeviceInfo;Lcom/clevertap/android/sdk/CoreMetaData;ZZ)Lorg/json/JSONObject;',
  'name': ['Location'],
  'num': 174,
  'source_class': 'Landroid/location/Location;',
  'source_method': 'getLongitude()D'}]
Sinks
[{"smali_tag": "13638_1548", "clss": "Lcom/clevertap/android/sdk/network/NetworkManager;", "method": "buildHttpsURLConnection(Ljava/lang/String;)Ljavax/net/ssl/HttpsURLConnection;", "num": 1548, "sink_class": "Ljava/net/URL;", "sink_method": "<init>(Ljava/lang/String;)V", "sink_values": ["https://eu1.clevertap-prod.com/a1?os=Android&t=50200&z=YOUR ACCT ID&ts=1696656951"], "sources": ["UUID"], "returned_value": null}, {"smali_tag": "13638_1548", "clss": "Lcom/clevertap/android/sdk/network/NetworkManager;", "method": "buildHttpsURLConnection(Ljava/lang/String;)Ljavax/net/ssl/HttpsURLConnection;", "num": 1548, "sink_class": "Ljava/net/URL;", "sink_method": "<init>(Ljava/lang/String;)V", "sink_values": ["https://eu1.clevertap-prod.com/a1?os=Android&t=50200&z=YOUR ACCT ID&ts=1696656954"], "sources": ["UUID"], "returned_value": null}, {"smali_tag": "13638_1548", "clss": "Lcom/clevertap/android/sdk/network/NetworkManager;", "method": "buildHttpsURLConnection(Ljava/lang/String;)Ljavax/net/ssl/HttpsURLConnection;", "num": 1548, "sink_class": "Ljava/net/URL;", "sink_method": "<init>(Ljava/lang/String;)V", "sink_values": ["https://eu1.clevertap-prod.com/a1?os=Android&t=50200&z=YOUR ACCT ID&ts=1696656969"], "sources": ["UUID"], "returned_value": null}, {"smali_tag": "13638_1548", "clss": "Lcom/clevertap/android/sdk/network/NetworkManager;", "method": "buildHttpsURLConnection(Ljava/lang/String;)Ljavax/net/ssl/HttpsURLConnection;", "num": 1548, "sink_class": "Ljava/net/URL;", "sink_method": "<init>(Ljava/lang/String;)V", "sink_values": ["https://eu1.clevertap-prod.com/a1?os=Android&t=50200&z=YOUR ACCT ID&ts=1696656993"], "sources": ["UUID"], "returned_value": null}, {"smali_tag": "13638_1548", "clss": "Lcom/clevertap/android/sdk/network/NetworkManager;", "method": "buildHttpsURLConnection(Ljava/lang/String;)Ljavax/net/ssl/HttpsURLConnection;", "num": 1548, "sink_class": "Ljava/net/URL;", "sink_method": "<init>(Ljava/lang/String;)V", "sink_values": ["https://eu1.clevertap-prod.com/a1?os=Android&t=50200&z=YOUR ACCT ID&ts=1696656998"], "sources": ["UUID"], "returned_value": null}, {"smali_tag": "13638_1548", "clss": "Lcom/clevertap/android/sdk/network/NetworkManager;", "method": "buildHttpsURLConnection(Ljava/lang/String;)Ljavax/net/ssl/HttpsURLConnection;", "num": 1548, "sink_class": "Ljava/net/URL;", "sink_method": "<init>(Ljava/lang/String;)V", "sink_values": ["https://eu1.clevertap-prod.com/a1?os=Android&t=50200&z=YOUR ACCT ID&ts=1696657003"], "sources": ["UUID"], "returned_value": null}, {"smali_tag": "13638_1548", "clss": "Lcom/clevertap/android/sdk/network/NetworkManager;", "method": "buildHttpsURLConnection(Ljava/lang/String;)Ljavax/net/ssl/HttpsURLConnection;", "num": 1548, "sink_class": "Ljava/net/URL;", "sink_method": "<init>(Ljava/lang/String;)V", "sink_values": ["https://eu1.clevertap-prod.com/a1?os=Android&t=50200&z=YOUR ACCT ID&ts=1696657007"], "sources": ["UUID"], "returned_value": null}, {"smali_tag": "13638_1548", "clss": "Lcom/clevertap/android/sdk/network/NetworkManager;", "method": "buildHttpsURLConnection(Ljava/lang/String;)Ljavax/net/ssl/HttpsURLConnection;", "num": 1548, "sink_class": "Ljava/net/URL;", "sink_method": "<init>(Ljava/lang/String;)V", "sink_values": ["https://eu1.clevertap-prod.com/a1?os=Android&t=50200&z=YOUR ACCT ID&ts=1696657010"], "sources": ["UUID"], "returned_value": null}, {"smali_tag": "13638_1548", "clss": "Lcom/clevertap/android/sdk/network/NetworkManager;", "method": "buildHttpsURLConnection(Ljava/lang/String;)Ljavax/net/ssl/HttpsURLConnection;", "num": 1548, "sink_class": "Ljava/net/URL;", "sink_method": "<init>(Ljava/lang/String;)V", "sink_values": ["https://eu1.clevertap-prod.com/a1?os=Android&t=50200&z=YOUR ACCT ID&ts=1696657012"], "sources": ["UUID", "Location"], "returned_value": null}, {"smali_tag": "13638_1548", "clss": "Lcom/clevertap/android/sdk/network/NetworkManager;", "method": "buildHttpsURLConnection(Ljava/lang/String;)Ljavax/net/ssl/HttpsURLConnection;", "num": 1548, "sink_class": "Ljava/net/URL;", "sink_method": "<init>(Ljava/lang/String;)V", "sink_values": ["https://eu1.clevertap-prod.com/a1?os=Android&t=50200&z=YOUR ACCT ID&ts=1696657014"], "sources": ["UUID", "Location"], "returned_value": null}, {"smali_tag": "13638_1548", "clss": "Lcom/clevertap/android/sdk/network/NetworkManager;", "method": "buildHttpsURLConnection(Ljava/lang/String;)Ljavax/net/ssl/HttpsURLConnection;", "num": 1548, "sink_class": "Ljava/net/URL;", "sink_method": "<init>(Ljava/lang/String;)V", "sink_values": ["https://eu1.clevertap-prod.com/a1?os=Android&t=50200&z=YOUR ACCT ID&ts=1696657017"], "sources": ["UUID", "Location"], "returned_value": null}, {"smali_tag": "13638_1548", "clss": "Lcom/clevertap/android/sdk/network/NetworkManager;", "method": "buildHttpsURLConnection(Ljava/lang/String;)Ljavax/net/ssl/HttpsURLConnection;", "num": 1548, "sink_class": "Ljava/net/URL;", "sink_method": "<init>(Ljava/lang/String;)V", "sink_values": ["https://eu1.clevertap-prod.com/a1?os=Android&t=50200&z=YOUR ACCT ID&ts=1696657020"], "sources": ["UUID", "Location"], "returned_value": null}, {"smali_tag": "13638_1548", "clss": "Lcom/clevertap/android/sdk/network/NetworkManager;", "method": "buildHttpsURLConnection(Ljava/lang/String;)Ljavax/net/ssl/HttpsURLConnection;", "num": 1548, "sink_class": "Ljava/net/URL;", "sink_method": "<init>(Ljava/lang/String;)V", "sink_values": ["https://eu1.clevertap-prod.com/a1?os=Android&t=50200&z=YOUR ACCT ID&ts=1696657021"], "sources": ["UUID", "Location"], "returned_value": null}, {"smali_tag": "13638_1548", "clss": "Lcom/clevertap/android/sdk/network/NetworkManager;", "method": "buildHttpsURLConnection(Ljava/lang/String;)Ljavax/net/ssl/HttpsURLConnection;", "num": 1548, "sink_class": "Ljava/net/URL;", "sink_method": "<init>(Ljava/lang/String;)V", "sink_values": ["https://eu1.clevertap-prod.com/a1?os=Android&t=50200&z=YOUR ACCT ID&ts=1696657047"], "sources": ["UUID", "Location"], "returned_value": null}, {"smali_tag": "13638_1548", "clss": "Lcom/clevertap/android/sdk/network/NetworkManager;", "method": "buildHttpsURLConnection(Ljava/lang/String;)Ljavax/net/ssl/HttpsURLConnection;", "num": 1548, "sink_class": "Ljava/net/URL;", "sink_method": "<init>(Ljava/lang/String;)V", "sink_values": ["https://eu1.clevertap-prod.com/a1?os=Android&t=50200&z=YOUR ACCT ID&ts=1696657057"], "sources": ["UUID", "Location"], "returned_value": null}, {"smali_tag": "13638_1548", "clss": "Lcom/clevertap/android/sdk/network/NetworkManager;", "method": "buildHttpsURLConnection(Ljava/lang/String;)Ljavax/net/ssl/HttpsURLConnection;", "num": 1548, "sink_class": "Ljava/net/URL;", "sink_method": "<init>(Ljava/lang/String;)V", "sink_values": ["https://eu1.clevertap-prod.com/a1?os=Android&t=50200&z=YOUR ACCT ID&ts=1696657059"], "sources": ["UUID", "Location"], "returned_value": null}, {"smali_tag": "13638_1548", "clss": "Lcom/clevertap/android/sdk/network/NetworkManager;", "method": "buildHttpsURLConnection(Ljava/lang/String;)Ljavax/net/ssl/HttpsURLConnection;", "num": 1548, "sink_class": "Ljava/net/URL;", "sink_method": "<init>(Ljava/lang/String;)V", "sink_values": ["https://eu1.clevertap-prod.com/a1?os=Android&t=50200&z=YOUR ACCT ID&ts=1696657063"], "sources": ["UUID", "Location"], "returned_value": null}, {"smali_tag": "13638_1548", "clss": "Lcom/clevertap/android/sdk/network/NetworkManager;", "method": "buildHttpsURLConnection(Ljava/lang/String;)Ljavax/net/ssl/HttpsURLConnection;", "num": 1548, "sink_class": "Ljava/net/URL;", "sink_method": "<init>(Ljava/lang/String;)V", "sink_values": ["https://eu1.clevertap-prod.com/a1?os=Android&t=50200&z=YOUR ACCT ID&ts=1696657076"], "sources": ["UUID", "Location"], "returned_value": null}, {"smali_tag": "13638_1548", "clss": "Lcom/clevertap/android/sdk/network/NetworkManager;", "method": "buildHttpsURLConnection(Ljava/lang/String;)Ljavax/net/ssl/HttpsURLConnection;", "num": 1548, "sink_class": "Ljava/net/URL;", "sink_method": "<init>(Ljava/lang/String;)V", "sink_values": ["https://eu1.clevertap-prod.com/a1?os=Android&t=50200&z=YOUR ACCT ID&ts=1696657077"], "sources": ["UUID", "Location"], "returned_value": null}, {"smali_tag": "13638_1548", "clss": "Lcom/clevertap/android/sdk/network/NetworkManager;", "method": "buildHttpsURLConnection(Ljava/lang/String;)Ljavax/net/ssl/HttpsURLConnection;", "num": 1548, "sink_class": "Ljava/net/URL;", "sink_method": "<init>(Ljava/lang/String;)V", "sink_values": ["https://eu1.clevertap-prod.com/a1?os=Android&t=50200&z=YOUR ACCT ID&ts=1696657079"], "sources": ["UUID", "Location"], "returned_value": null}, {"smali_tag": "13638_1548", "clss": "Lcom/clevertap/android/sdk/network/NetworkManager;", "method": "buildHttpsURLConnection(Ljava/lang/String;)Ljavax/net/ssl/HttpsURLConnection;", "num": 1548, "sink_class": "Ljava/net/URL;", "sink_method": "<init>(Ljava/lang/String;)V", "sink_values": ["https://eu1.clevertap-prod.com/a1?os=Android&t=50200&z=YOUR ACCT ID&ts=1696657082"], "sources": ["UUID", "Location"], "returned_value": null}, {"smali_tag": "13638_1548", "clss": "Lcom/clevertap/android/sdk/network/NetworkManager;", "method": "buildHttpsURLConnection(Ljava/lang/String;)Ljavax/net/ssl/HttpsURLConnection;", "num": 1548, "sink_class": "Ljava/net/URL;", "sink_method": "<init>(Ljava/lang/String;)V", "sink_values": ["https://eu1.clevertap-prod.com/a1?os=Android&t=50200&z=YOUR ACCT ID&ts=1696657084"], "sources": ["UUID", "Location"], "returned_value": null}, {"smali_tag": "13638_1548", "clss": "Lcom/clevertap/android/sdk/network/NetworkManager;", "method": "buildHttpsURLConnection(Ljava/lang/String;)Ljavax/net/ssl/HttpsURLConnection;", "num": 1548, "sink_class": "Ljava/net/URL;", "sink_method": "<init>(Ljava/lang/String;)V", "sink_values": ["https://eu1.clevertap-prod.com/a1?os=Android&t=50200&z=YOUR ACCT ID&ts=1696657099"], "sources": ["UUID", "Location"], "returned_value": null}]