project.emulator.get_num_leaks() = 1
Sources
[{'clss': 'Lcom/google/android/gms/internal/ads/zzbzm;',
  'method': 'zzy(Landroid/content/Context;)Ljava/lang/String;',
  'name': ['AndroidID'],
  'num': 1557,
  'source_class': 'Landroid/provider/Settings$Secure;',
  'source_method': 'getString(Landroid/content/ContentResolver;Ljava/lang/String;)Ljava/lang/String;'},
 {'clss': 'Lcom/google/android/gms/internal/ads/zzbzm;',
  'method': 'zzy(Landroid/content/Context;)Ljava/lang/String;',
  'name': ['AndroidID'],
  'num': 1557,
  'source_class': 'Landroid/provider/Settings$Secure;',
  'source_method': 'getString(Landroid/content/ContentResolver;Ljava/lang/String;)Ljava/lang/String;'},
 {'clss': 'Lcom/google/android/gms/internal/ads/zzduu;',
  'method': 'zzb()Ljava/lang/Object;',
  'name': ['UUID'],
  'num': 40,
  'source_class': 'Ljava/util/UUID;',
  'source_method': 'toString()Ljava/lang/String;'},
 {'clss': 'Lcom/google/android/gms/internal/ads/zzbnc;',
  'method': 'zzd(Lcom/google/android/gms/internal/ads/zzbnc;Lcom/google/android/gms/internal/ads/zzbme;Lcom/google/android/gms/internal/ads/zzbml;Ljava/lang/Object;Lcom/google/android/gms/internal/ads/zzcal;)V',
  'name': ['UUID'],
  'num': 60,
  'source_class': 'Ljava/util/UUID;',
  'source_method': 'toString()Ljava/lang/String;'},
 {'clss': 'Lcom/google/android/gms/internal/ads/zzblc;',
  'method': 'zzd(Lcom/google/android/gms/internal/ads/zzbld;Ljava/lang/String;Lorg/json/JSONObject;)V',
  'name': ['UUID'],
  'num': 128,
  'source_class': 'Lorg/json/JSONObject;',
  'source_method': 'toString()Ljava/lang/String;'},
 {'clss': 'Lcom/google/android/gms/internal/ads/zzblc;',
  'method': 'zzc(Lcom/google/android/gms/internal/ads/zzbld;Ljava/lang/String;Ljava/lang/String;)V',
  'name': ['UUID'],
  'num': 114,
  'source_class': 'Ljava/lang/StringBuilder;',
  'source_method': 'toString()Ljava/lang/String;'},
 {'clss': 'Lcom/google/android/gms/internal/ads/zzcfz;', 'method': 'run()V', 'name': ['UUID'], 'num': 34, 'source_class': None, 'source_method': None},
 {'clss': 'Lcom/google/android/gms/internal/ads/zzcfi;',
  'method': 'zzj(Landroid/net/Uri;)V',
  'name': ['UUID'],
  'num': 2927,
  'source_class': 'Landroid/net/Uri;',
  'source_method': 'getEncodedQuery()Ljava/lang/String;'},
 {'clss': 'Lcom/google/android/gms/ads/internal/util/zzs;',
  'method': 'zzL(Landroid/net/Uri;)Ljava/util/Map;',
  'name': ['UUID'],
  'num': 1011,
  'source_class': 'Landroid/net/Uri;',
  'source_method': 'getQueryParameter(Ljava/lang/String;)Ljava/lang/String;'},
 {'clss': 'Lcom/google/android/gms/ads/internal/util/zzs;',
  'method': 'zzL(Landroid/net/Uri;)Ljava/util/Map;',
  'name': ['UUID'],
  'num': 1011,
  'source_class': 'Landroid/net/Uri;',
  'source_method': 'getQueryParameter(Ljava/lang/String;)Ljava/lang/String;'},
 {'clss': 'Lcom/google/android/gms/internal/ads/zzbiw;',
  'method': 'zza(Ljava/lang/Object;Ljava/util/Map;)V',
  'name': ['UUID'],
  'num': 49,
  'source_class': 'Ljava/util/Map;',
  'source_method': 'get(Ljava/lang/Object;)Ljava/lang/Object;'},
 {'clss': 'Lcom/google/android/gms/internal/ads/zzbnc;',
  'method': 'zzd(Lcom/google/android/gms/internal/ads/zzbnc;Lcom/google/android/gms/internal/ads/zzbme;Lcom/google/android/gms/internal/ads/zzbml;Ljava/lang/Object;Lcom/google/android/gms/internal/ads/zzcal;)V',
  'name': ['UUID'],
  'num': 60,
  'source_class': 'Ljava/util/UUID;',
  'source_method': 'toString()Ljava/lang/String;'},
 {'clss': 'Lcom/google/android/gms/internal/ads/zzblc;',
  'method': 'zzd(Lcom/google/android/gms/internal/ads/zzbld;Ljava/lang/String;Lorg/json/JSONObject;)V',
  'name': ['UUID'],
  'num': 128,
  'source_class': 'Lorg/json/JSONObject;',
  'source_method': 'toString()Ljava/lang/String;'},
 {'clss': 'Lcom/google/android/gms/internal/ads/zzblc;',
  'method': 'zzc(Lcom/google/android/gms/internal/ads/zzbld;Ljava/lang/String;Ljava/lang/String;)V',
  'name': ['UUID'],
  'num': 114,
  'source_class': 'Ljava/lang/StringBuilder;',
  'source_method': 'toString()Ljava/lang/String;'},
 {'clss': 'Lcom/google/android/gms/internal/ads/zzcfz;', 'method': 'run()V', 'name': ['UUID'], 'num': 34, 'source_class': None, 'source_method': None},
 {'clss': 'Lcom/google/android/gms/internal/ads/zzcfi;',
  'method': 'zzj(Landroid/net/Uri;)V',
  'name': ['UUID'],
  'num': 2927,
  'source_class': 'Landroid/net/Uri;',
  'source_method': 'getEncodedQuery()Ljava/lang/String;'},
 {'clss': 'Lcom/google/android/gms/ads/internal/util/zzs;',
  'method': 'zzL(Landroid/net/Uri;)Ljava/util/Map;',
  'name': ['UUID'],
  'num': 1011,
  'source_class': 'Landroid/net/Uri;',
  'source_method': 'getQueryParameter(Ljava/lang/String;)Ljava/lang/String;'},
 {'clss': 'Lcom/google/android/gms/ads/internal/util/zzs;',
  'method': 'zzL(Landroid/net/Uri;)Ljava/util/Map;',
  'name': ['UUID'],
  'num': 1011,
  'source_class': 'Landroid/net/Uri;',
  'source_method': 'getQueryParameter(Ljava/lang/String;)Ljava/lang/String;'},
 {'clss': 'Lcom/google/android/gms/internal/ads/zzbiw;',
  'method': 'zza(Ljava/lang/Object;Ljava/util/Map;)V',
  'name': ['UUID'],
  'num': 49,
  'source_class': 'Ljava/util/Map;',
  'source_method': 'get(Ljava/lang/Object;)Ljava/lang/Object;'},
 {'clss': 'Lcom/google/android/gms/internal/ads/zzbnc;',
  'method': 'zzd(Lcom/google/android/gms/internal/ads/zzbnc;Lcom/google/android/gms/internal/ads/zzbme;Lcom/google/android/gms/internal/ads/zzbml;Ljava/lang/Object;Lcom/google/android/gms/internal/ads/zzcal;)V',
  'name': ['UUID'],
  'num': 60,
  'source_class': 'Ljava/util/UUID;',
  'source_method': 'toString()Ljava/lang/String;'},
 {'clss': 'Lcom/google/android/gms/internal/ads/zzblc;',
  'method': 'zzd(Lcom/google/android/gms/internal/ads/zzbld;Ljava/lang/String;Lorg/json/JSONObject;)V',
  'name': ['UUID'],
  'num': 128,
  'source_class': 'Lorg/json/JSONObject;',
  'source_method': 'toString()Ljava/lang/String;'},
 {'clss': 'Lcom/google/android/gms/internal/ads/zzblc;',
  'method': 'zzc(Lcom/google/android/gms/internal/ads/zzbld;Ljava/lang/String;Ljava/lang/String;)V',
  'name': ['UUID'],
  'num': 114,
  'source_class': 'Ljava/lang/StringBuilder;',
  'source_method': 'toString()Ljava/lang/String;'},
 {'clss': 'Lcom/google/android/gms/internal/ads/zzcfz;', 'method': 'run()V', 'name': ['UUID'], 'num': 34, 'source_class': None, 'source_method': None},
 {'clss': 'Lcom/google/android/gms/internal/ads/zzcfi;',
  'method': 'zzj(Landroid/net/Uri;)V',
  'name': ['UUID'],
  'num': 2927,
  'source_class': 'Landroid/net/Uri;',
  'source_method': 'getEncodedQuery()Ljava/lang/String;'},
 {'clss': 'Lcom/google/android/gms/ads/internal/util/zzs;',
  'method': 'zzL(Landroid/net/Uri;)Ljava/util/Map;',
  'name': ['UUID'],
  'num': 1011,
  'source_class': 'Landroid/net/Uri;',
  'source_method': 'getQueryParameter(Ljava/lang/String;)Ljava/lang/String;'},
 {'clss': 'Lcom/google/android/gms/ads/internal/util/zzs;',
  'method': 'zzL(Landroid/net/Uri;)Ljava/util/Map;',
  'name': ['UUID'],
  'num': 1011,
  'source_class': 'Landroid/net/Uri;',
  'source_method': 'getQueryParameter(Ljava/lang/String;)Ljava/lang/String;'},
 {'clss': 'Lcom/google/android/gms/internal/ads/zzbiw;',
  'method': 'zza(Ljava/lang/Object;Ljava/util/Map;)V',
  'name': ['UUID'],
  'num': 49,
  'source_class': 'Ljava/util/Map;',
  'source_method': 'get(Ljava/lang/Object;)Ljava/lang/Object;'},
 {'clss': 'Lcom/google/android/gms/internal/ads/zzbiw;',
  'method': 'zzb(Lcom/google/android/gms/internal/ads/zzblo;Ljava/lang/String;Lorg/json/JSONObject;)Lcom/google/android/gms/internal/ads/zzfwb;',
  'name': ['UUID'],
  'num': 300,
  'source_class': 'Ljava/util/UUID;',
  'source_method': 'toString()Ljava/lang/String;'},
 {'clss': 'Lcom/google/android/gms/internal/ads/zzcfq;',
  'method': 'zzl(Ljava/lang/String;Lorg/json/JSONObject;)V',
  'name': ['UUID'],
  'num': 1452,
  'source_class': 'Lorg/json/JSONObject;',
  'source_method': 'toString()Ljava/lang/String;'},
 {'clss': 'Lcom/google/android/gms/internal/ads/zzcfu;',
  'method': 'zzb(Ljava/lang/String;Ljava/lang/String;)V',
  'name': ['UUID'],
  'num': 4635,
  'source_class': 'Ljava/lang/StringBuilder;',
  'source_method': 'toString()Ljava/lang/String;'},
 {'clss': 'Lcom/google/android/gms/internal/ads/zzcfz;', 'method': 'run()V', 'name': ['UUID'], 'num': 34, 'source_class': None, 'source_method': None},
 {'clss': 'Lcom/google/android/gms/internal/ads/zzcfi;',
  'method': 'zzj(Landroid/net/Uri;)V',
  'name': ['UUID'],
  'num': 2927,
  'source_class': 'Landroid/net/Uri;',
  'source_method': 'getEncodedQuery()Ljava/lang/String;'},
 {'clss': 'Lcom/google/android/gms/ads/internal/util/zzs;',
  'method': 'zzL(Landroid/net/Uri;)Ljava/util/Map;',
  'name': ['UUID'],
  'num': 1011,
  'source_class': 'Landroid/net/Uri;',
  'source_method': 'getQueryParameter(Ljava/lang/String;)Ljava/lang/String;'},
 {'clss': 'Lcom/google/android/gms/ads/internal/util/zzs;',
  'method': 'zzL(Landroid/net/Uri;)Ljava/util/Map;',
  'name': ['UUID'],
  'num': 1011,
  'source_class': 'Landroid/net/Uri;',
  'source_method': 'getQueryParameter(Ljava/lang/String;)Ljava/lang/String;'},
 {'clss': 'Lcom/google/android/gms/internal/ads/zzbiw;',
  'method': 'zza(Ljava/lang/Object;Ljava/util/Map;)V',
  'name': ['UUID'],
  'num': 49,
  'source_class': 'Ljava/util/Map;',
  'source_method': 'get(Ljava/lang/Object;)Ljava/lang/Object;'}]
Sinks
[{"smali_tag": "5905_134", "clss": "Lcom/google/android/gms/internal/ads/zzdyx;", "method": "zzb(Lcom/google/android/gms/internal/ads/zzdyv;)Lcom/google/android/gms/internal/ads/zzdyw;", "num": 134, "sink_class": "Ljava/net/URL;", "sink_method": "<init>(Ljava/lang/String;)V", "sink_values": ["https://pubads.g.doubleclick.net/gampad/ads?submodel=AOSP%20on%20Oriole&native_custom_templates=10104090&native_templates=3%2C1%2C2%2C4%2C5&format=320x50_mb&native_version=3&omid_v=a.1.3.37-google_20220829&dv=0&gl=US&hl=en&js=afma-sdk-a-v231700000.231700000.0&lv=231710100&ms=CoACs4RjSSJ794FEUquDmirNXFSZt03M0QYmFDJQyms6qyIVOYgyXdgqCVx_vaQRWXeXSSCBdKh3lcwElQgFA2QvJGMFyvD46YZ45hpqBQHnyntKwCnRQit9BelQ0i5_JOmQN61HcWbjlv7Aq9kQdRp9L18ZpSRCMEWhx1jx2QbKNPev1ccUxWvNGiI08UPsZEcfpsgBVhJVivYqBwQdUlgpoKOVpzLkwXtH8Laia7Lwg9DLia-BZkYV_Z8nL9qb-eXZASmymHoU2KqO6JIXulO4s_tjg4sTChvHblFpTAmCvuUXs9TTNvxs6o26JR2qDvYCIaOps0gKDZq_HNbyQ4f5IQqAAgKe7HVEFKEarbVTXH7Q_qPiL9ZkRpXqoY9G22kXEimhV6pWcTIwyFd6Wc7EppBX5csACH5FquaTBSlRT0j76UOKfSOL4-OMJ36CmY0MATQfqk0t6ZRz6vQjXBpVaJBAcjepMfQAqsHNrmRI2KHResD0kPMTxA8-Su4pxUEpw04koFso0KC0tqcTRhc_RYWjWz0gPgeSMdbsUQ0h4i5J1nS90yFMG6D1AJzOrc5fxxVbqiNE-dNlOUrb9zPBABWAFgwNNBzxTk4RR7aDXZQ-yC2IVl5EjWTMjlBFS4O-19e8Woece9awUgLoV08Qen0vGePAAQtgJ7qzCF7cIWVUEcQSED5NPtYLGmxLLyQGmgQwcNE&vnm=1.0&u_sd=2.625&request_id=1281760396&target_api=33&is_sidewinder=false&seq_num=1&guci=0.0.0.0.0.0.0.0&sdk_apis=7%2C8&omid_p=Google%2Fafma-sdk-a-v231700000.231700000.0&cap=ma&u_w=412&u_h=822&msid=com.google.example.gms.nativeadsexample&an=1.android.com.google.example.gms.nativeadsexample&u_audio=3&net=wi&u_so=p&loeid=44766145&preqs_in_session=0&support_transparent_background=true&preqs=0&time_in_session=0&sst=1696847760000&output=html&region=mobile_app&u_tz=540&url=1.android.com.google.example.gms.nativeadsexample.adsenseformobileapps.com&gdfp_req=1&m_ast=afmajs&impl=ifr&iu=%2F6499%2Fexample%2Fnative&sz=320x50&correlator=4437451663563683&gsb=wi&ogsb=wi&lite=0&caps=inlineVideo_interactiveVideo_mraid1_mraid2_mraid3_sdkVideo_th_autoplay_mediation_scroll_av_av_transparentBackground_sdkAdmobApiForAds_di_sfv_dinm_dim_nav_navc_dinmo_ipdof_gls_xSeconds&bisch=true&blev=1&canm=false&heap_free=18865224&heap_max=268435456&heap_total=46414640&wv_count=1&rdps=107700&cust_params=excl_cat&d_imp=1&swipeable=0&unr=true&jsv=sdk_20190107_RC02-production-sdk_20230929_RC00#caps=inlineVideo_interactiveVideo_mraid1_mraid2_mraid3_sdkVideo_th_autoplay_mediation_scroll_av_av_transparentBackground_sdkAdmobApiForAds_di_sfv_dinm_dim_nav_navc_dinmo_ipdof_gls_xSeconds&format=320x50_mb&heap_free=18865224&heap_max=268435456&heap_total=46414640&js=afma-sdk-a-v231700000.231700000.0&msid=com.google.example.gms.nativeadsexample&preqs=0&seq_num=1&target_api=33"], "sources": ["UUID"], "returned_value": null}]