project.emulator.get_num_leaks() = 2
Sources
[{'clss': 'Lcom/chartboost/sdk/impl/n0;',
  'method': 'a()V',
  'name': ['AAID'],
  'num': 150,
  'source_class': 'Lcom/google/android/gms/ads/identifier/AdvertisingIdClient$Info;',
  'source_method': 'getId()Ljava/lang/String;'},
 {'clss': 'Lcom/chartboost/sdk/impl/q3;',
  'method': 'c(Landroid/content/Context;)Ljava/lang/String;',
  'name': ['UUID'],
  'num': 240,
  'source_class': 'Ljava/util/UUID;',
  'source_method': 'toString()Ljava/lang/String;'},
 {'clss': 'Lcom/chartboost/sdk/impl/o1;',
  'method': 'a(Ljava/lang/String;Ljava/lang/String;)Ljava/lang/String;',
  'name': ['AAID'],
  'num': 424,
  'source_class': 'Lorg/json/JSONObject;',
  'source_method': 'toString()Ljava/lang/String;'},
 {'clss': 'Lcom/chartboost/sdk/impl/x8;', 'method': 'b()Ljava/lang/String;', 'name': ['UUID'], 'num': 200, 'source_class': 'Ljava/util/UUID;', 'source_method': 'toString()Ljava/lang/String;'},
 {'clss': 'Lcom/chartboost/sdk/impl/n0;',
  'method': 'a()V',
  'name': ['AAID'],
  'num': 150,
  'source_class': 'Lcom/google/android/gms/ads/identifier/AdvertisingIdClient$Info;',
  'source_method': 'getId()Ljava/lang/String;'},
 {'clss': 'Lcom/chartboost/sdk/impl/q3;',
  'method': 'c(Landroid/content/Context;)Ljava/lang/String;',
  'name': ['UUID'],
  'num': 226,
  'source_class': 'Landroid/content/SharedPreferences;',
  'source_method': 'getString(Ljava/lang/String;Ljava/lang/String;)Ljava/lang/String;'},
 {'clss': 'Lcom/chartboost/sdk/impl/o1;',
  'method': 'a(Ljava/lang/String;Ljava/lang/String;)Ljava/lang/String;',
  'name': ['AAID'],
  'num': 424,
  'source_class': 'Lorg/json/JSONObject;',
  'source_method': 'toString()Ljava/lang/String;'},
 {'clss': 'Lcom/chartboost/sdk/impl/n0;',
  'method': 'a()V',
  'name': ['AAID'],
  'num': 150,
  'source_class': 'Lcom/google/android/gms/ads/identifier/AdvertisingIdClient$Info;',
  'source_method': 'getId()Ljava/lang/String;'},
 {'clss': 'Lcom/chartboost/sdk/impl/q3;',
  'method': 'c(Landroid/content/Context;)Ljava/lang/String;',
  'name': ['UUID'],
  'num': 226,
  'source_class': 'Landroid/content/SharedPreferences;',
  'source_method': 'getString(Ljava/lang/String;Ljava/lang/String;)Ljava/lang/String;'},
 {'clss': 'Lcom/chartboost/sdk/impl/o1;',
  'method': 'a(Ljava/lang/String;Ljava/lang/String;)Ljava/lang/String;',
  'name': ['AAID'],
  'num': 424,
  'source_class': 'Lorg/json/JSONObject;',
  'source_method': 'toString()Ljava/lang/String;'},
 {'clss': 'Lcom/chartboost/sdk/impl/n0;',
  'method': 'a()V',
  'name': ['AAID'],
  'num': 150,
  'source_class': 'Lcom/google/android/gms/ads/identifier/AdvertisingIdClient$Info;',
  'source_method': 'getId()Ljava/lang/String;'},
 {'clss': 'Lcom/chartboost/sdk/impl/q3;',
  'method': 'c(Landroid/content/Context;)Ljava/lang/String;',
  'name': ['UUID'],
  'num': 226,
  'source_class': 'Landroid/content/SharedPreferences;',
  'source_method': 'getString(Ljava/lang/String;Ljava/lang/String;)Ljava/lang/String;'},
 {'clss': 'Lcom/chartboost/sdk/impl/o1;',
  'method': 'a(Ljava/lang/String;Ljava/lang/String;)Ljava/lang/String;',
  'name': ['AAID'],
  'num': 424,
  'source_class': 'Lorg/json/JSONObject;',
  'source_method': 'toString()Ljava/lang/String;'},
 {'clss': 'Lcom/chartboost/sdk/impl/n0;',
  'method': 'a()V',
  'name': ['AAID'],
  'num': 150,
  'source_class': 'Lcom/google/android/gms/ads/identifier/AdvertisingIdClient$Info;',
  'source_method': 'getId()Ljava/lang/String;'},
 {'clss': 'Lcom/chartboost/sdk/impl/q3;',
  'method': 'c(Landroid/content/Context;)Ljava/lang/String;',
  'name': ['UUID'],
  'num': 226,
  'source_class': 'Landroid/content/SharedPreferences;',
  'source_method': 'getString(Ljava/lang/String;Ljava/lang/String;)Ljava/lang/String;'},
 {'clss': 'Lcom/chartboost/sdk/impl/o1;',
  'method': 'a(Ljava/lang/String;Ljava/lang/String;)Ljava/lang/String;',
  'name': ['AAID'],
  'num': 424,
  'source_class': 'Lorg/json/JSONObject;',
  'source_method': 'toString()Ljava/lang/String;'},
 {'clss': 'Lcom/chartboost/sdk/impl/n0;',
  'method': 'a()V',
  'name': ['AAID'],
  'num': 150,
  'source_class': 'Lcom/google/android/gms/ads/identifier/AdvertisingIdClient$Info;',
  'source_method': 'getId()Ljava/lang/String;'},
 {'clss': 'Lcom/chartboost/sdk/impl/q3;',
  'method': 'c(Landroid/content/Context;)Ljava/lang/String;',
  'name': ['UUID'],
  'num': 226,
  'source_class': 'Landroid/content/SharedPreferences;',
  'source_method': 'getString(Ljava/lang/String;Ljava/lang/String;)Ljava/lang/String;'},
 {'clss': 'Lcom/chartboost/sdk/impl/o1;',
  'method': 'a(Ljava/lang/String;Ljava/lang/String;)Ljava/lang/String;',
  'name': ['AAID'],
  'num': 424,
  'source_class': 'Lorg/json/JSONObject;',
  'source_method': 'toString()Ljava/lang/String;'},
 {'clss': 'Lcom/chartboost/sdk/impl/c2;',
  'method': 'a(Lcom/chartboost/sdk/impl/y1;)Lcom/chartboost/sdk/impl/x1;',
  'name': ['AAID'],
  'num': 390,
  'source_class': 'Lorg/json/JSONObject;',
  'source_method': 'toString(I)Ljava/lang/String;'},
 {'clss': 'Lcom/chartboost/sdk/impl/c2;',
  'method': 'a(Lcom/chartboost/sdk/impl/y1;)Lcom/chartboost/sdk/impl/x1;',
  'name': ['AAID'],
  'num': 398,
  'source_class': 'Ljava/lang/StringBuilder;',
  'source_method': 'toString()Ljava/lang/String;'},
 {'clss': 'Lcom/chartboost/sdk/impl/x;',
  'method': 'a(Lorg/json/JSONArray;Ljava/util/Map;Ljava/util/Map;)V',
  'name': ['AAID'],
  'num': 435,
  'source_class': 'Lorg/json/JSONObject;',
  'source_method': 'getString(Ljava/lang/String;)Ljava/lang/String;'},
 {'clss': 'Lcom/chartboost/sdk/impl/x;',
  'method': 'b(Lorg/json/JSONObject;)Ljava/util/Map;',
  'name': ['AAID'],
  'num': 696,
  'source_class': 'Lorg/json/JSONArray;',
  'source_method': 'getString(I)Ljava/lang/String;'},
 {'clss': 'Lcom/chartboost/sdk/impl/g9;',
  'method': 'a(Ljava/io/File;Ljava/util/Map;Ljava/lang/String;Ljava/lang/String;)Ljava/lang/String;',
  'name': ['AAID'],
  'num': 110,
  'source_class': 'Ljava/util/Map$Entry;',
  'source_method': 'getValue()Ljava/lang/Object;'},
 {'clss': 'Lcom/chartboost/sdk/impl/g9;',
  'method': 'a(Ljava/io/File;Ljava/util/Map;Ljava/lang/String;Ljava/lang/String;)Ljava/lang/String;',
  'name': ['AAID'],
  'num': 151,
  'source_class': 'Ljava/util/Map$Entry;',
  'source_method': 'getValue()Ljava/lang/Object;'},
 {'clss': 'Lcom/chartboost/sdk/impl/g9;',
  'method': 'a(Ljava/io/File;Ljava/util/Map;Ljava/lang/String;Ljava/lang/String;)Ljava/lang/String;',
  'name': ['AAID'],
  'num': 273,
  'source_class': 'Ljava/util/Map$Entry;',
  'source_method': 'getValue()Ljava/lang/Object;'},
 {'clss': 'Lcom/chartboost/sdk/impl/g9;',
  'method': 'a(Ljava/io/File;Ljava/util/Map;Ljava/lang/String;Ljava/lang/String;)Ljava/lang/String;',
  'name': ['AAID'],
  'num': 273,
  'source_class': 'Ljava/util/Map$Entry;',
  'source_method': 'getValue()Ljava/lang/Object;'},
 {'clss': 'Lcom/chartboost/sdk/impl/g9;',
  'method': 'a(Ljava/io/File;Ljava/util/Map;Ljava/lang/String;Ljava/lang/String;)Ljava/lang/String;',
  'name': ['AAID'],
  'num': 273,
  'source_class': 'Ljava/util/Map$Entry;',
  'source_method': 'getValue()Ljava/lang/Object;'},
 {'clss': 'Lcom/chartboost/sdk/impl/g9;',
  'method': 'a(Ljava/io/File;Ljava/util/Map;Ljava/lang/String;Ljava/lang/String;)Ljava/lang/String;',
  'name': ['AAID'],
  'num': 273,
  'source_class': 'Ljava/util/Map$Entry;',
  'source_method': 'getValue()Ljava/lang/Object;'},
 {'clss': 'Lcom/chartboost/sdk/impl/g9;',
  'method': 'a(Ljava/io/File;Ljava/util/Map;Ljava/lang/String;Ljava/lang/String;)Ljava/lang/String;',
  'name': ['AAID'],
  'num': 273,
  'source_class': 'Ljava/util/Map$Entry;',
  'source_method': 'getValue()Ljava/lang/Object;'},
 {'clss': 'Lcom/chartboost/sdk/impl/g9;',
  'method': 'a(Ljava/io/File;Ljava/util/Map;Ljava/lang/String;Ljava/lang/String;)Ljava/lang/String;',
  'name': ['AAID'],
  'num': 273,
  'source_class': 'Ljava/util/Map$Entry;',
  'source_method': 'getValue()Ljava/lang/Object;'},
 {'clss': 'Lcom/chartboost/sdk/impl/g9;',
  'method': 'a(Ljava/io/File;Ljava/util/Map;Ljava/lang/String;Ljava/lang/String;)Ljava/lang/String;',
  'name': ['AAID'],
  'num': 273,
  'source_class': 'Ljava/util/Map$Entry;',
  'source_method': 'getValue()Ljava/lang/Object;'},
 {'clss': 'Lcom/chartboost/sdk/impl/g9;',
  'method': 'a(Ljava/io/File;Ljava/util/Map;Ljava/lang/String;Ljava/lang/String;)Ljava/lang/String;',
  'name': ['AAID'],
  'num': 273,
  'source_class': 'Ljava/util/Map$Entry;',
  'source_method': 'getValue()Ljava/lang/Object;'},
 {'clss': 'Lcom/chartboost/sdk/impl/g9;',
  'method': 'a(Ljava/io/File;Ljava/util/Map;Ljava/lang/String;Ljava/lang/String;)Ljava/lang/String;',
  'name': ['AAID'],
  'num': 273,
  'source_class': 'Ljava/util/Map$Entry;',
  'source_method': 'getValue()Ljava/lang/Object;'},
 {'clss': 'Lcom/chartboost/sdk/impl/g9;',
  'method': 'a(Ljava/io/File;Ljava/util/Map;Ljava/lang/String;Ljava/lang/String;)Ljava/lang/String;',
  'name': ['AAID'],
  'num': 273,
  'source_class': 'Ljava/util/Map$Entry;',
  'source_method': 'getValue()Ljava/lang/Object;'},
 {'clss': 'Lcom/chartboost/sdk/impl/g9;',
  'method': 'a(Ljava/io/File;Ljava/util/Map;Ljava/lang/String;Ljava/lang/String;)Ljava/lang/String;',
  'name': ['AAID'],
  'num': 273,
  'source_class': 'Ljava/util/Map$Entry;',
  'source_method': 'getValue()Ljava/lang/Object;'},
 {'clss': 'Lcom/chartboost/sdk/impl/g9;',
  'method': 'a(Ljava/io/File;Ljava/util/Map;Ljava/lang/String;Ljava/lang/String;)Ljava/lang/String;',
  'name': ['AAID'],
  'num': 273,
  'source_class': 'Ljava/util/Map$Entry;',
  'source_method': 'getValue()Ljava/lang/Object;'},
 {'clss': 'Lcom/chartboost/sdk/impl/g9;',
  'method': 'a(Ljava/io/File;Ljava/util/Map;Ljava/lang/String;Ljava/lang/String;)Ljava/lang/String;',
  'name': ['AAID'],
  'num': 273,
  'source_class': 'Ljava/util/Map$Entry;',
  'source_method': 'getValue()Ljava/lang/Object;'},
 {'clss': 'Lcom/chartboost/sdk/impl/g9;',
  'method': 'a(Ljava/io/File;Ljava/util/Map;Ljava/lang/String;Ljava/lang/String;)Ljava/lang/String;',
  'name': ['AAID'],
  'num': 273,
  'source_class': 'Ljava/util/Map$Entry;',
  'source_method': 'getValue()Ljava/lang/Object;'},
 {'clss': 'Lcom/chartboost/sdk/impl/g9;',
  'method': 'a(Ljava/io/File;Ljava/util/Map;Ljava/lang/String;Ljava/lang/String;)Ljava/lang/String;',
  'name': ['AAID'],
  'num': 273,
  'source_class': 'Ljava/util/Map$Entry;',
  'source_method': 'getValue()Ljava/lang/Object;'},
 {'clss': 'Lcom/chartboost/sdk/impl/g9;',
  'method': 'a(Ljava/io/File;Ljava/util/Map;Ljava/lang/String;Ljava/lang/String;)Ljava/lang/String;',
  'name': ['AAID'],
  'num': 273,
  'source_class': 'Ljava/util/Map$Entry;',
  'source_method': 'getValue()Ljava/lang/Object;'},
 {'clss': 'Lcom/chartboost/sdk/impl/g9;',
  'method': 'a(Ljava/io/File;Ljava/util/Map;Ljava/lang/String;Ljava/lang/String;)Ljava/lang/String;',
  'name': ['AAID'],
  'num': 273,
  'source_class': 'Ljava/util/Map$Entry;',
  'source_method': 'getValue()Ljava/lang/Object;'},
 {'clss': 'Lcom/chartboost/sdk/impl/g9;',
  'method': 'a(Ljava/io/File;Ljava/util/Map;Ljava/lang/String;Ljava/lang/String;)Ljava/lang/String;',
  'name': ['AAID'],
  'num': 273,
  'source_class': 'Ljava/util/Map$Entry;',
  'source_method': 'getValue()Ljava/lang/Object;'},
 {'clss': 'Lcom/chartboost/sdk/impl/g9;',
  'method': 'a(Ljava/io/File;Ljava/util/Map;Ljava/lang/String;Ljava/lang/String;)Ljava/lang/String;',
  'name': ['AAID'],
  'num': 273,
  'source_class': 'Ljava/util/Map$Entry;',
  'source_method': 'getValue()Ljava/lang/Object;'},
 {'clss': 'Lcom/chartboost/sdk/impl/g9;',
  'method': 'a(Ljava/io/File;Ljava/util/Map;Ljava/lang/String;Ljava/lang/String;)Ljava/lang/String;',
  'name': ['AAID'],
  'num': 273,
  'source_class': 'Ljava/util/Map$Entry;',
  'source_method': 'getValue()Ljava/lang/Object;'},
 {'clss': 'Lcom/chartboost/sdk/impl/g9;',
  'method': 'a(Ljava/io/File;Ljava/util/Map;Ljava/lang/String;Ljava/lang/String;)Ljava/lang/String;',
  'name': ['AAID'],
  'num': 273,
  'source_class': 'Ljava/util/Map$Entry;',
  'source_method': 'getValue()Ljava/lang/Object;'},
 {'clss': 'Lcom/chartboost/sdk/impl/g9;',
  'method': 'a(Ljava/io/File;Ljava/util/Map;Ljava/lang/String;Ljava/lang/String;)Ljava/lang/String;',
  'name': ['AAID'],
  'num': 273,
  'source_class': 'Ljava/util/Map$Entry;',
  'source_method': 'getValue()Ljava/lang/Object;'},
 {'clss': 'Lcom/chartboost/sdk/impl/g9;',
  'method': 'a(Ljava/io/File;Ljava/util/Map;Ljava/lang/String;Ljava/lang/String;)Ljava/lang/String;',
  'name': ['AAID'],
  'num': 273,
  'source_class': 'Ljava/util/Map$Entry;',
  'source_method': 'getValue()Ljava/lang/Object;'},
 {'clss': 'Lcom/chartboost/sdk/impl/g9;',
  'method': 'a(Ljava/io/File;Ljava/util/Map;Ljava/lang/String;Ljava/lang/String;)Ljava/lang/String;',
  'name': ['AAID'],
  'num': 273,
  'source_class': 'Ljava/util/Map$Entry;',
  'source_method': 'getValue()Ljava/lang/Object;'},
 {'clss': 'Lcom/chartboost/sdk/impl/g9;',
  'method': 'a(Ljava/io/File;Ljava/util/Map;Ljava/lang/String;Ljava/lang/String;)Ljava/lang/String;',
  'name': ['AAID'],
  'num': 325,
  'source_class': 'Ljava/lang/StringBuilder;',
  'source_method': 'toString()Ljava/lang/String;'},
 {'clss': 'Lcom/chartboost/sdk/impl/n0;',
  'method': 'a()V',
  'name': ['AAID'],
  'num': 150,
  'source_class': 'Lcom/google/android/gms/ads/identifier/AdvertisingIdClient$Info;',
  'source_method': 'getId()Ljava/lang/String;'},
 {'clss': 'Lcom/chartboost/sdk/impl/q3;',
  'method': 'c(Landroid/content/Context;)Ljava/lang/String;',
  'name': ['UUID'],
  'num': 226,
  'source_class': 'Landroid/content/SharedPreferences;',
  'source_method': 'getString(Ljava/lang/String;Ljava/lang/String;)Ljava/lang/String;'},
 {'clss': 'Lcom/chartboost/sdk/impl/o1;',
  'method': 'a(Ljava/lang/String;Ljava/lang/String;)Ljava/lang/String;',
  'name': ['AAID'],
  'num': 424,
  'source_class': 'Lorg/json/JSONObject;',
  'source_method': 'toString()Ljava/lang/String;'},
 {'clss': 'Lcom/chartboost/sdk/impl/q1;', 'method': 'b(Ljava/lang/String;)V', 'name': ['AAID'], 'num': 1633, 'source_class': 'Ljava/util/Iterator;', 'source_method': 'next()Ljava/lang/Object;'},
 {'clss': 'Lcom/chartboost/sdk/impl/z1;',
  'method': 'a(Lcom/chartboost/sdk/impl/v1;)V',
  'name': ['AAID'],
  'num': 100,
  'source_class': 'Ljava/lang/StringBuilder;',
  'source_method': 'toString()Ljava/lang/String;'},
 {'clss': 'Lcom/chartboost/sdk/impl/g2;',
  'method': 'd(Ljava/lang/String;)V',
  'name': ['AAID'],
  'num': 1751,
  'source_class': 'Ljava/lang/StringBuilder;',
  'source_method': 'toString()Ljava/lang/String;'},
 {'clss': 'Lcom/chartboost/sdk/impl/n0;',
  'method': 'a()V',
  'name': ['AAID'],
  'num': 150,
  'source_class': 'Lcom/google/android/gms/ads/identifier/AdvertisingIdClient$Info;',
  'source_method': 'getId()Ljava/lang/String;'},
 {'clss': 'Lcom/chartboost/sdk/impl/q3;',
  'method': 'c(Landroid/content/Context;)Ljava/lang/String;',
  'name': ['UUID'],
  'num': 226,
  'source_class': 'Landroid/content/SharedPreferences;',
  'source_method': 'getString(Ljava/lang/String;Ljava/lang/String;)Ljava/lang/String;'},
 {'clss': 'Lcom/chartboost/sdk/impl/o1;',
  'method': 'a(Ljava/lang/String;Ljava/lang/String;)Ljava/lang/String;',
  'name': ['AAID'],
  'num': 424,
  'source_class': 'Lorg/json/JSONObject;',
  'source_method': 'toString()Ljava/lang/String;'},
 {'clss': 'Lcom/chartboost/sdk/impl/n0;',
  'method': 'a()V',
  'name': ['AAID'],
  'num': 150,
  'source_class': 'Lcom/google/android/gms/ads/identifier/AdvertisingIdClient$Info;',
  'source_method': 'getId()Ljava/lang/String;'},
 {'clss': 'Lcom/chartboost/sdk/impl/q3;',
  'method': 'c(Landroid/content/Context;)Ljava/lang/String;',
  'name': ['UUID'],
  'num': 226,
  'source_class': 'Landroid/content/SharedPreferences;',
  'source_method': 'getString(Ljava/lang/String;Ljava/lang/String;)Ljava/lang/String;'},
 {'clss': 'Lcom/chartboost/sdk/impl/o1;',
  'method': 'a(Ljava/lang/String;Ljava/lang/String;)Ljava/lang/String;',
  'name': ['AAID'],
  'num': 424,
  'source_class': 'Lorg/json/JSONObject;',
  'source_method': 'toString()Ljava/lang/String;'},
 {'clss': 'Lcom/chartboost/sdk/impl/n0;',
  'method': 'a()V',
  'name': ['AAID'],
  'num': 150,
  'source_class': 'Lcom/google/android/gms/ads/identifier/AdvertisingIdClient$Info;',
  'source_method': 'getId()Ljava/lang/String;'},
 {'clss': 'Lcom/chartboost/sdk/impl/q3;',
  'method': 'c(Landroid/content/Context;)Ljava/lang/String;',
  'name': ['UUID'],
  'num': 226,
  'source_class': 'Landroid/content/SharedPreferences;',
  'source_method': 'getString(Ljava/lang/String;Ljava/lang/String;)Ljava/lang/String;'},
 {'clss': 'Lcom/chartboost/sdk/impl/o1;',
  'method': 'a(Ljava/lang/String;Ljava/lang/String;)Ljava/lang/String;',
  'name': ['AAID'],
  'num': 424,
  'source_class': 'Lorg/json/JSONObject;',
  'source_method': 'toString()Ljava/lang/String;'},
 {'clss': 'Lcom/chartboost/sdk/impl/c2;',
  'method': 'a()Lcom/chartboost/sdk/impl/w1;',
  'name': ['AAID'],
  'num': 129,
  'source_class': 'Lorg/json/JSONObject;',
  'source_method': 'toString()Ljava/lang/String;'},
 {'clss': 'Lcom/chartboost/sdk/impl/c2;',
  'method': 'a()Lcom/chartboost/sdk/impl/w1;',
  'name': ['AAID'],
  'num': 176,
  'source_class': 'Ljava/lang/String;',
  'source_method': 'format(Ljava/util/Locale;Ljava/lang/String;[Ljava/lang/Object;)Ljava/lang/String;'},
 {'clss': 'Lcom/chartboost/sdk/impl/n0;',
  'method': 'a()V',
  'name': ['AAID'],
  'num': 150,
  'source_class': 'Lcom/google/android/gms/ads/identifier/AdvertisingIdClient$Info;',
  'source_method': 'getId()Ljava/lang/String;'},
 {'clss': 'Lcom/chartboost/sdk/impl/q3;',
  'method': 'c(Landroid/content/Context;)Ljava/lang/String;',
  'name': ['UUID'],
  'num': 226,
  'source_class': 'Landroid/content/SharedPreferences;',
  'source_method': 'getString(Ljava/lang/String;Ljava/lang/String;)Ljava/lang/String;'},
 {'clss': 'Lcom/chartboost/sdk/impl/o1;',
  'method': 'a(Ljava/lang/String;Ljava/lang/String;)Ljava/lang/String;',
  'name': ['AAID'],
  'num': 424,
  'source_class': 'Lorg/json/JSONObject;',
  'source_method': 'toString()Ljava/lang/String;'}]
Sinks
[{"smali_tag": "8162_41", "clss": "Lcom/chartboost/sdk/impl/m6;", "method": "a(Lcom/chartboost/sdk/impl/v1;)Ljavax/net/ssl/HttpsURLConnection;", "num": 41, "sink_class": "Ljava/net/URL;", "sink_method": "<init>(Ljava/lang/String;)V", "sink_values": ["https://live.chartboost.com/webview/v2/interstitial/get"], "sources": ["UUID", "AAID"], "returned_value": null}, {"smali_tag": "8162_41", "clss": "Lcom/chartboost/sdk/impl/m6;", "method": "a(Lcom/chartboost/sdk/impl/v1;)Ljavax/net/ssl/HttpsURLConnection;", "num": 41, "sink_class": "Ljava/net/URL;", "sink_method": "<init>(Ljava/lang/String;)V", "sink_values": ["https://live.chartboost.com/webview/v2/interstitial/get"], "sources": ["UUID", "AAID"], "returned_value": null}, {"smali_tag": "8162_41", "clss": "Lcom/chartboost/sdk/impl/m6;", "method": "a(Lcom/chartboost/sdk/impl/v1;)Ljavax/net/ssl/HttpsURLConnection;", "num": 41, "sink_class": "Ljava/net/URL;", "sink_method": "<init>(Ljava/lang/String;)V", "sink_values": ["https://assets.mintegral.com/vm/23/09/05/17/a79292a3-56dd-498e-b670-db6456384460.mp4"], "sources": ["AAID"], "returned_value": null}, {"smali_tag": "8162_41", "clss": "Lcom/chartboost/sdk/impl/m6;", "method": "a(Lcom/chartboost/sdk/impl/v1;)Ljavax/net/ssl/HttpsURLConnection;", "num": 41, "sink_class": "Ljava/net/URL;", "sink_method": "<init>(Ljava/lang/String;)V", "sink_values": ["https://live.chartboost.com/interstitial/show"], "sources": ["UUID", "AAID"], "returned_value": null}, {"smali_tag": "8162_41", "clss": "Lcom/chartboost/sdk/impl/m6;", "method": "a(Lcom/chartboost/sdk/impl/v1;)Ljavax/net/ssl/HttpsURLConnection;", "num": 41, "sink_class": "Ljava/net/URL;", "sink_method": "<init>(Ljava/lang/String;)V", "sink_values": ["https://adx-tk.rayjump.com/impression?opri=NjUyM2M5NmJiYjU2OWQwMIJOnydr6tR-clVXNg==&rid=6523c96bbb569d00089ecff2&impid=197dbbbc000ce02fd1435914acc5ac466d139b95&cid=35-379707458&crid=35-2841080036&spid=start&pri=81.92&ch=10005&chrid=197dbbbc000ce02fd1435914acc5ac466d139b95&chprit=0&chspid=start&chplid=10005&dsp=35&exp=0&bid=6523c96bbb569d00089ecff2&dprin=81.92&dcid=379707458&dcrid=2841080036&dadid=6523c96bbb569d00089ecff2&adm=sites.google.com&bdl=com.redwhale.recovery.file.app&adt=14&w=320&h=480&tpid=0&appid=4f7b433509b6025804000002&plf=1&dt=4&db=Google&dm=sdk_gphone_x86_64&nw=2&os=android&osv=13&aid=4a16ccc6-e9d6-4d9a-885a-6259b15a2aed&ua=Mozilla%2F5.0+%28Linux%3B+Android+13%3B+sdk_gphone_x86_64+Build%2FTE1A.220922.028%3B+wv%29+AppleWebKit%2F537.36+%28KHTML%2C+like+Gecko%29+Version%2F4.0+Chrome%2F103.0.5060.71+Mobile+Safari%2F537.36&ip=133.68.18.24&ext=iD9U4FYOBx2dyJRp9FHrNE7r7dlgyx%2Bn8%2B3uaUkvGNAtxD77xadMcRNpkkYjtW11HHRfsR5%2BivYFpk8l%2B1TYVy%2BbFPHLb4UKL7W5hPuo1idxs050vuSXKc65%2BSfsnQfxx0aLliLZhAof66HQL1IG9nN3h30Kdn0FrtAiO42r3Pd0fD4MDtkhfyWHomiirLeUpaI%2FxnlGqRniIuTSj1ZHlLDt%2FuiqCXKoFYQXr7awxvXWqbpmoz1iYeCum9mHScdeqVJ11dRofn7m82jfglQRVN7gIbr25G8Mm0jl5UmqJ%2B%2FNG7ZM9eZn3ABrYXmpWCghdQwkmb6Iyudz4L1lwittk%2FOdsohdWiNKlKW1qbwyTtBF4J9Uw4fS6YiKmdoisHnfl%2BOT2iIc20oQiGvRWKJ2CV5JSofvF6Xcj2vUAKzRnQLl%2FUMkKyjFpqZ83hL%2FQDfuIoQA5O1BkutAPyOPC9YjjILraK12Iz%2BTMb6n1IdqYuOv7jO4RyEMjIwMHC2B%2BPsyeVDsXQownB4vpPqEznFMC%2BYJMPi1JM6wP0u6AqTp8TjkCGNJEqE5S0qsCUzBmRmKtbY6vuaBerM7K0uSyT3KciJQqYeK4lpeCrt7q9nOGpoFt91%2BfUgXkbkgEMeFmJNn2Pl3WRoC3cGRwYIxjQ639H76oBydVri2kwVCwlEtYIJikq5OHz2FoW5%2B&ts=1696844139&sdkvr=9.4.0&hibid=0&reqdsps=35&rfecpm=0&respt=1&sip=10.33.1.106&ortd=2&bdn=com.chartboost.sdk.sample&abtags=%7B%22cdn_tdabt%22%3A%22a%22%7D&expids=1606%2C3580%2C3319%2C6527%2C7199%2C2906%2C4401%2C7206%2C3520%2C6863%2C4025%2C3994%2C4186%2C7026%2C6870%2C6095%2C5174%2C7245%2C5444%2C5534%2C6272%2C6323%2C6264%2C6951%2C6906%2C6936%2C6992%2C7196%2C7277%2C7271%2C7279&rg=ali_vg&oneid=%7B%22id%22%3A%228455d1240ce08d27516e15e45c26ffcf%22%2C%22idType%22%3A1%2C%22idVersion%22%3A%220.0.2%22%2C%22tIdType%22%3A1%7D&abdata=%7B%7D&rrinfo=%7B%22id%22%3A%220b99225b384b7cca4fdb5041dd2dd6c2-30-56561471%22%2C%22index%22%3A1%7D&mode=1&next=https%3A%2F%2Fsmart.mobvista.com%2Fburl%3Fprice%3D%24%7BAUCTION_PRICE%7D%26reqinfo%3DG4MHAORPp_W1mo5RdUFon56yXV0I2X80QhI2Ywx8wN7dC_N_TT08_Dea4ByrLNqiqZsSeI3DcURSpshAB7bn0-k2dMCB4PToKeq1_AuSmgiSDnFem3FcViKMN04pIb1ARWpSE6NRJm-aptHGZwBwvqS2RQLcCY9SAQAQ4AAAAAD0J5PxSIZxPsWezHE4htOYSx9SPE3kD21ym1a6ocC91hK9QBDaC-WRMtp0dEOV250BQCnKaNPlPt6WmW7oEuPyIN9QRlM8TX3kzH2Iw1D60A3tSDf0z47OIR1Cl5cd3eyoUEjGdrS5w7mWle7o5k-_xOaX4IDGCDACnfFo0DLJLWhtrPZOKnReawYc_X___lFGsyuuwwXphgoGI54pPI0tQ5cyWtJ0em3JwSojlFEKNGjv-MybyS38sxUDhkntgEkpPDMaLbPCe4YeDFMKBLMoBmEfxhnJFKBm0nvFlHDUrwU0zDgLzIDXTAurmEVFQCuFqbVUzKBFIFEWQaOY8VowY0JovJwwPZqlGqDQWjx0raeMdpdE-ImGA2V0HEqXk8HqcnjncErrLFBBKuAyWi1MEboonUjStqkNfokuf76dyo5uxIL-1zIv3Tjo0AAHjoK89cWFDzh6LvtuWbqhse_CZU8ZXdY5rmV_Szf0U4yfHuSbNxux5cc4HMu8FQDbm5stbKf4pgkx34QNC_rYKAWGXMC8DcG2q0Vo933XyImmuTR8KsQ1hmVd3cSlhIwY1zKkMs8d1raUCvkyh3yaLlIFPgvxtdYpnce4GC90EcGgULXhlenXS0j9Ei7YcmzoYnR3yGXquzVcl25_WEMa-xxO_RQyRtuiwnZcD5TRdRi2HGsdzl4byuh5KfODtHaXuMbum0f6j9RERWFSSqYuPptaZR9r53SsDWrfCB0xlswEf4jA7Es0Oba5icpjcskjNrqF0kQPjglTivKplVBKSg02yhUQ3remzTYVj8l64XVhw0pLUtBYp-oIOdZNm1Itk9R1KkK4mLxvnCeCCG9zQ3ACi1QA2ywUPiEvVExJx6SMyUL6xmvhIVTJbTFCGOeN8BYxlrp8mEgaT7yAavElH_mCK_WFPBjyPHa5-lyWtXowTdWdx--qt-8-V2_ePX7x9MddolrbKCk1-MYAagcKt0Ty4sFDX0sggkiEG-WACCm5cVw4jorsx3HfF7LkY9hPh3Eo4caZYBSJVt-cCEkUQfLyfU4JZT4UwlMDqcmb8XfX9_FKc6juvO6G8822-t7EQm4r35apHp67Pl99fiIecETwiBzQbavry93Y7KUv30rzqluvtLRcmurOq-ef37xmVd8dS_WspON4t6oD-7pSHKpHh3k8lSsBkgPXYIBbUb0Zm64v1afYxrnT1pMsa5xXwvK8EOBK_qCa_aFz-X-9nQrd0Es3HA7jObZtlwIDidPEOBew4vQfkdZbsEo7UuEpquhPrQ7zsaTxUubbqq4-lmUd51LxsMBvjgpzydeH2Bc-Sw7N264vPE4T8SAJOiXAAUgD&chp=0.819234"], "sources": ["UUID", "AAID"], "returned_value": null}, {"smali_tag": "8162_41", "clss": "Lcom/chartboost/sdk/impl/m6;", "method": "a(Lcom/chartboost/sdk/impl/v1;)Ljavax/net/ssl/HttpsURLConnection;", "num": 41, "sink_class": "Ljava/net/URL;", "sink_method": "<init>(Ljava/lang/String;)V", "sink_values": ["https://da.chartboost.com/auction/sdk/banner"], "sources": ["UUID", "AAID"], "returned_value": null}, {"smali_tag": "8162_41", "clss": "Lcom/chartboost/sdk/impl/m6;", "method": "a(Lcom/chartboost/sdk/impl/v1;)Ljavax/net/ssl/HttpsURLConnection;", "num": 41, "sink_class": "Ljava/net/URL;", "sink_method": "<init>(Ljava/lang/String;)V", "sink_values": ["https://live.chartboost.com/banner/show"], "sources": ["UUID", "AAID"], "returned_value": null}]