project.emulator.get_num_leaks() = 1
Sources
[{'clss': 'Lcom/appsflyer/internal/x$a;', 'method': 'ˋ()Ljava/lang/String;', 'name': ['AAID'], 'num': 88, 'source_class': 'Landroid/os/Parcel;', 'source_method': 'readString()Ljava/lang/String;'},
 {'clss': 'Lcom/appsflyer/AppsFlyerProperties;',
  'method': 'getString(Ljava/lang/String;)Ljava/lang/String;',
  'name': ['AAID'],
  'num': 319,
  'source_class': 'Ljava/util/Map;',
  'source_method': 'get(Ljava/lang/Object;)Ljava/lang/Object;'},
 {'clss': 'Lcom/appsflyer/AppsFlyerLibCore;',
  'method': 'ˏ(Lcom/appsflyer/AppsFlyerLibCore;Lcom/appsflyer/internal/j;)V',
  'name': ['AAID'],
  'num': 3179,
  'source_class': 'Lorg/json/JSONObject;',
  'source_method': 'toString()Ljava/lang/String;'},
 {'clss': 'Lcom/appsflyer/AppsFlyerLibCore;',
  'method': 'ˏ(Lcom/appsflyer/AppsFlyerLibCore;Lcom/appsflyer/internal/j;)V',
  'name': ['AAID'],
  'num': 3186,
  'source_class': 'Ljava/lang/String;',
  'source_method': 'valueOf(Ljava/lang/Object;)Ljava/lang/String;'},
 {'clss': 'Lcom/appsflyer/AppsFlyerLibCore;',
  'method': 'ˏ(Lcom/appsflyer/AppsFlyerLibCore;Lcom/appsflyer/internal/j;)V',
  'name': ['AAID'],
  'num': 3190,
  'source_class': 'Ljava/lang/String;',
  'source_method': 'concat(Ljava/lang/String;)Ljava/lang/String;'},
 {'clss': 'Lcom/appsflyer/AFFacebookDeferredDeeplink$3;',
  'method': 'ॱ(Ljava/lang/String;)V',
  'name': ['AAID'],
  'num': 164,
  'source_class': 'Ljava/lang/String;',
  'source_method': 'replace(Ljava/lang/CharSequence;Ljava/lang/CharSequence;)Ljava/lang/String;'},
 {'clss': 'Lcom/appsflyer/AFLogger;',
  'method': 'ˏ(Ljava/lang/String;Z)Ljava/lang/String;',
  'name': ['AAID'],
  'num': 582,
  'source_class': 'Ljava/lang/Object;',
  'source_method': 'toString()Ljava/lang/String;'},
 {'clss': 'Lcom/appsflyer/internal/ae;',
  'method': 'ˋ(Ljava/lang/String;Ljava/lang/String;[Ljava/lang/String;)V',
  'name': ['AAID'],
  'num': 1004,
  'source_class': 'Ljava/lang/Object;',
  'source_method': 'toString()Ljava/lang/String;'},
 {'clss': 'Lcom/appsflyer/internal/ae;',
  'method': 'ˋ(Ljava/lang/String;Ljava/lang/String;[Ljava/lang/String;)V',
  'name': ['AAID'],
  'num': 1147,
  'source_class': 'Ljava/lang/String;',
  'source_method': 'format(Ljava/lang/String;[Ljava/lang/Object;)Ljava/lang/String;'},
 {'clss': 'Lcom/appsflyer/internal/ae;',
  'method': 'ˋ(Ljava/lang/String;Ljava/lang/String;[Ljava/lang/String;)V',
  'name': ['AAID'],
  'num': 1004,
  'source_class': 'Ljava/lang/Object;',
  'source_method': 'toString()Ljava/lang/String;'},
 {'clss': 'Lcom/appsflyer/internal/ae;',
  'method': 'ˋ(Ljava/lang/String;Ljava/lang/String;[Ljava/lang/String;)V',
  'name': ['AAID'],
  'num': 1074,
  'source_class': 'Ljava/lang/String;',
  'source_method': 'format(Ljava/lang/String;[Ljava/lang/Object;)Ljava/lang/String;'},
 {'clss': 'Lcom/appsflyer/AppsFlyerProperties;',
  'method': 'saveProperties(Landroid/content/SharedPreferences;)V',
  'name': ['AAID'],
  'num': 556,
  'source_class': 'Lorg/json/JSONObject;',
  'source_method': 'toString()Ljava/lang/String;'},
 {'clss': 'Lcom/appsflyer/internal/x$a;', 'method': 'ˋ()Ljava/lang/String;', 'name': ['AAID'], 'num': 88, 'source_class': 'Landroid/os/Parcel;', 'source_method': 'readString()Ljava/lang/String;'},
 {'clss': 'Lcom/appsflyer/AppsFlyerProperties;',
  'method': 'getString(Ljava/lang/String;)Ljava/lang/String;',
  'name': ['AAID'],
  'num': 319,
  'source_class': 'Ljava/util/Map;',
  'source_method': 'get(Ljava/lang/Object;)Ljava/lang/Object;'},
 {'clss': 'Lcom/appsflyer/AppsFlyerLibCore;',
  'method': 'ˏ(Lcom/appsflyer/AppsFlyerLibCore;Lcom/appsflyer/internal/j;)V',
  'name': ['AAID'],
  'num': 3179,
  'source_class': 'Lorg/json/JSONObject;',
  'source_method': 'toString()Ljava/lang/String;'},
 {'clss': 'Lcom/appsflyer/AppsFlyerLibCore;',
  'method': 'ˏ(Lcom/appsflyer/AppsFlyerLibCore;Lcom/appsflyer/internal/j;)V',
  'name': ['AAID'],
  'num': 3186,
  'source_class': 'Ljava/lang/String;',
  'source_method': 'valueOf(Ljava/lang/Object;)Ljava/lang/String;'},
 {'clss': 'Lcom/appsflyer/AppsFlyerLibCore;',
  'method': 'ˏ(Lcom/appsflyer/AppsFlyerLibCore;Lcom/appsflyer/internal/j;)V',
  'name': ['AAID'],
  'num': 3190,
  'source_class': 'Ljava/lang/String;',
  'source_method': 'concat(Ljava/lang/String;)Ljava/lang/String;'},
 {'clss': 'Lcom/appsflyer/AFFacebookDeferredDeeplink$3;',
  'method': 'ॱ(Ljava/lang/String;)V',
  'name': ['AAID'],
  'num': 164,
  'source_class': 'Ljava/lang/String;',
  'source_method': 'replace(Ljava/lang/CharSequence;Ljava/lang/CharSequence;)Ljava/lang/String;'},
 {'clss': 'Lcom/appsflyer/AFLogger;',
  'method': 'ˏ(Ljava/lang/String;Z)Ljava/lang/String;',
  'name': ['AAID'],
  'num': 582,
  'source_class': 'Ljava/lang/Object;',
  'source_method': 'toString()Ljava/lang/String;'},
 {'clss': 'Lcom/appsflyer/internal/ae;',
  'method': 'ˋ(Ljava/lang/String;Ljava/lang/String;[Ljava/lang/String;)V',
  'name': ['AAID'],
  'num': 1004,
  'source_class': 'Ljava/lang/Object;',
  'source_method': 'toString()Ljava/lang/String;'},
 {'clss': 'Lcom/appsflyer/internal/ae;',
  'method': 'ˋ(Ljava/lang/String;Ljava/lang/String;[Ljava/lang/String;)V',
  'name': ['AAID'],
  'num': 1147,
  'source_class': 'Ljava/lang/String;',
  'source_method': 'format(Ljava/lang/String;[Ljava/lang/Object;)Ljava/lang/String;'},
 {'clss': 'Lcom/appsflyer/internal/ae;',
  'method': 'ˋ(Ljava/lang/String;Ljava/lang/String;[Ljava/lang/String;)V',
  'name': ['AAID'],
  'num': 1004,
  'source_class': 'Ljava/lang/Object;',
  'source_method': 'toString()Ljava/lang/String;'},
 {'clss': 'Lcom/appsflyer/internal/ae;',
  'method': 'ˋ(Ljava/lang/String;Ljava/lang/String;[Ljava/lang/String;)V',
  'name': ['AAID'],
  'num': 1074,
  'source_class': 'Ljava/lang/String;',
  'source_method': 'format(Ljava/lang/String;[Ljava/lang/Object;)Ljava/lang/String;'},
 {'clss': 'Lcom/appsflyer/AppsFlyerProperties;',
  'method': 'saveProperties(Landroid/content/SharedPreferences;)V',
  'name': ['AAID'],
  'num': 556,
  'source_class': 'Lorg/json/JSONObject;',
  'source_method': 'toString()Ljava/lang/String;'},
 {'clss': 'Lcom/appsflyer/internal/x$a;', 'method': 'ˋ()Ljava/lang/String;', 'name': ['AAID'], 'num': 88, 'source_class': 'Landroid/os/Parcel;', 'source_method': 'readString()Ljava/lang/String;'}]
Sinks
[{"smali_tag": "1638_520", "clss": "Lcom/appsflyer/AppsFlyerLibCore$a;", "method": "run()V", "num": 520, "sink_class": "Ljava/net/URL;", "sink_method": "<init>(Ljava/lang/String;)V", "sink_values": ["https://gcdsdk.appsflyer.com/install_data/v4.0/com.appsflyer.androidsampleapp?devkey=zPfbiNr6RTaM6fe7JN6QfG&device_id=1697178456886-7367099082656429660"], "sources": ["AAID"], "returned_value": null}]