project.emulator.get_num_leaks() = 1
Sources
[{'clss': 'Lcom/google/android/gms/internal/ads/zzbzm;',
  'method': 'zzy(Landroid/content/Context;)Ljava/lang/String;',
  'name': ['AndroidID'],
  'num': 1557,
  'source_class': 'Landroid/provider/Settings$Secure;',
  'source_method': 'getString(Landroid/content/ContentResolver;Ljava/lang/String;)Ljava/lang/String;'},
 {'clss': 'Lcom/google/android/gms/internal/ads/zzbzm;',
  'method': 'zzy(Landroid/content/Context;)Ljava/lang/String;',
  'name': ['AndroidID'],
  'num': 1557,
  'source_class': 'Landroid/provider/Settings$Secure;',
  'source_method': 'getString(Landroid/content/ContentResolver;Ljava/lang/String;)Ljava/lang/String;'},
 {'clss': 'Lcom/google/android/gms/internal/ads/zzduu;',
  'method': 'zzb()Ljava/lang/Object;',
  'name': ['UUID'],
  'num': 40,
  'source_class': 'Ljava/util/UUID;',
  'source_method': 'toString()Ljava/lang/String;'},
 {'clss': 'Lcom/google/android/gms/internal/ads/zzbnc;',
  'method': 'zzd(Lcom/google/android/gms/internal/ads/zzbnc;Lcom/google/android/gms/internal/ads/zzbme;Lcom/google/android/gms/internal/ads/zzbml;Ljava/lang/Object;Lcom/google/android/gms/internal/ads/zzcal;)V',
  'name': ['UUID'],
  'num': 60,
  'source_class': 'Ljava/util/UUID;',
  'source_method': 'toString()Ljava/lang/String;'},
 {'clss': 'Lcom/google/android/gms/internal/ads/zzblc;',
  'method': 'zzd(Lcom/google/android/gms/internal/ads/zzbld;Ljava/lang/String;Lorg/json/JSONObject;)V',
  'name': ['UUID'],
  'num': 128,
  'source_class': 'Lorg/json/JSONObject;',
  'source_method': 'toString()Ljava/lang/String;'},
 {'clss': 'Lcom/google/android/gms/internal/ads/zzblc;',
  'method': 'zzc(Lcom/google/android/gms/internal/ads/zzbld;Ljava/lang/String;Ljava/lang/String;)V',
  'name': ['UUID'],
  'num': 114,
  'source_class': 'Ljava/lang/StringBuilder;',
  'source_method': 'toString()Ljava/lang/String;'},
 {'clss': 'Lcom/google/android/gms/internal/ads/zzcfz;', 'method': 'run()V', 'name': ['UUID'], 'num': 34, 'source_class': None, 'source_method': None},
 {'clss': 'Lcom/google/android/gms/internal/ads/zzcfi;',
  'method': 'zzj(Landroid/net/Uri;)V',
  'name': ['UUID'],
  'num': 2927,
  'source_class': 'Landroid/net/Uri;',
  'source_method': 'getEncodedQuery()Ljava/lang/String;'},
 {'clss': 'Lcom/google/android/gms/ads/internal/util/zzs;',
  'method': 'zzL(Landroid/net/Uri;)Ljava/util/Map;',
  'name': ['UUID'],
  'num': 1011,
  'source_class': 'Landroid/net/Uri;',
  'source_method': 'getQueryParameter(Ljava/lang/String;)Ljava/lang/String;'},
 {'clss': 'Lcom/google/android/gms/ads/internal/util/zzs;',
  'method': 'zzL(Landroid/net/Uri;)Ljava/util/Map;',
  'name': ['UUID'],
  'num': 1011,
  'source_class': 'Landroid/net/Uri;',
  'source_method': 'getQueryParameter(Ljava/lang/String;)Ljava/lang/String;'},
 {'clss': 'Lcom/google/android/gms/internal/ads/zzbiw;',
  'method': 'zza(Ljava/lang/Object;Ljava/util/Map;)V',
  'name': ['UUID'],
  'num': 49,
  'source_class': 'Ljava/util/Map;',
  'source_method': 'get(Ljava/lang/Object;)Ljava/lang/Object;'},
 {'clss': 'Lcom/google/android/gms/internal/ads/zzbnc;',
  'method': 'zzd(Lcom/google/android/gms/internal/ads/zzbnc;Lcom/google/android/gms/internal/ads/zzbme;Lcom/google/android/gms/internal/ads/zzbml;Ljava/lang/Object;Lcom/google/android/gms/internal/ads/zzcal;)V',
  'name': ['UUID'],
  'num': 60,
  'source_class': 'Ljava/util/UUID;',
  'source_method': 'toString()Ljava/lang/String;'},
 {'clss': 'Lcom/google/android/gms/internal/ads/zzblc;',
  'method': 'zzd(Lcom/google/android/gms/internal/ads/zzbld;Ljava/lang/String;Lorg/json/JSONObject;)V',
  'name': ['UUID'],
  'num': 128,
  'source_class': 'Lorg/json/JSONObject;',
  'source_method': 'toString()Ljava/lang/String;'},
 {'clss': 'Lcom/google/android/gms/internal/ads/zzblc;',
  'method': 'zzc(Lcom/google/android/gms/internal/ads/zzbld;Ljava/lang/String;Ljava/lang/String;)V',
  'name': ['UUID'],
  'num': 114,
  'source_class': 'Ljava/lang/StringBuilder;',
  'source_method': 'toString()Ljava/lang/String;'},
 {'clss': 'Lcom/google/android/gms/internal/ads/zzcfz;', 'method': 'run()V', 'name': ['UUID'], 'num': 34, 'source_class': None, 'source_method': None},
 {'clss': 'Lcom/google/android/gms/internal/ads/zzcfi;',
  'method': 'zzj(Landroid/net/Uri;)V',
  'name': ['UUID'],
  'num': 2927,
  'source_class': 'Landroid/net/Uri;',
  'source_method': 'getEncodedQuery()Ljava/lang/String;'},
 {'clss': 'Lcom/google/android/gms/ads/internal/util/zzs;',
  'method': 'zzL(Landroid/net/Uri;)Ljava/util/Map;',
  'name': ['UUID'],
  'num': 1011,
  'source_class': 'Landroid/net/Uri;',
  'source_method': 'getQueryParameter(Ljava/lang/String;)Ljava/lang/String;'},
 {'clss': 'Lcom/google/android/gms/ads/internal/util/zzs;',
  'method': 'zzL(Landroid/net/Uri;)Ljava/util/Map;',
  'name': ['UUID'],
  'num': 1011,
  'source_class': 'Landroid/net/Uri;',
  'source_method': 'getQueryParameter(Ljava/lang/String;)Ljava/lang/String;'},
 {'clss': 'Lcom/google/android/gms/internal/ads/zzbiw;',
  'method': 'zza(Ljava/lang/Object;Ljava/util/Map;)V',
  'name': ['UUID'],
  'num': 49,
  'source_class': 'Ljava/util/Map;',
  'source_method': 'get(Ljava/lang/Object;)Ljava/lang/Object;'},
 {'clss': 'Lcom/google/android/gms/internal/ads/zzbnc;',
  'method': 'zzd(Lcom/google/android/gms/internal/ads/zzbnc;Lcom/google/android/gms/internal/ads/zzbme;Lcom/google/android/gms/internal/ads/zzbml;Ljava/lang/Object;Lcom/google/android/gms/internal/ads/zzcal;)V',
  'name': ['UUID'],
  'num': 60,
  'source_class': 'Ljava/util/UUID;',
  'source_method': 'toString()Ljava/lang/String;'},
 {'clss': 'Lcom/google/android/gms/internal/ads/zzblc;',
  'method': 'zzd(Lcom/google/android/gms/internal/ads/zzbld;Ljava/lang/String;Lorg/json/JSONObject;)V',
  'name': ['UUID'],
  'num': 128,
  'source_class': 'Lorg/json/JSONObject;',
  'source_method': 'toString()Ljava/lang/String;'},
 {'clss': 'Lcom/google/android/gms/internal/ads/zzblc;',
  'method': 'zzc(Lcom/google/android/gms/internal/ads/zzbld;Ljava/lang/String;Ljava/lang/String;)V',
  'name': ['UUID'],
  'num': 114,
  'source_class': 'Ljava/lang/StringBuilder;',
  'source_method': 'toString()Ljava/lang/String;'},
 {'clss': 'Lcom/google/android/gms/internal/ads/zzcfz;', 'method': 'run()V', 'name': ['UUID'], 'num': 34, 'source_class': None, 'source_method': None},
 {'clss': 'Lcom/google/android/gms/internal/ads/zzcfi;',
  'method': 'zzj(Landroid/net/Uri;)V',
  'name': ['UUID'],
  'num': 2927,
  'source_class': 'Landroid/net/Uri;',
  'source_method': 'getEncodedQuery()Ljava/lang/String;'},
 {'clss': 'Lcom/google/android/gms/ads/internal/util/zzs;',
  'method': 'zzL(Landroid/net/Uri;)Ljava/util/Map;',
  'name': ['UUID'],
  'num': 1011,
  'source_class': 'Landroid/net/Uri;',
  'source_method': 'getQueryParameter(Ljava/lang/String;)Ljava/lang/String;'},
 {'clss': 'Lcom/google/android/gms/ads/internal/util/zzs;',
  'method': 'zzL(Landroid/net/Uri;)Ljava/util/Map;',
  'name': ['UUID'],
  'num': 1011,
  'source_class': 'Landroid/net/Uri;',
  'source_method': 'getQueryParameter(Ljava/lang/String;)Ljava/lang/String;'},
 {'clss': 'Lcom/google/android/gms/internal/ads/zzbiw;',
  'method': 'zza(Ljava/lang/Object;Ljava/util/Map;)V',
  'name': ['UUID'],
  'num': 49,
  'source_class': 'Ljava/util/Map;',
  'source_method': 'get(Ljava/lang/Object;)Ljava/lang/Object;'},
 {'clss': 'Lcom/google/android/gms/internal/ads/zzcod;',
  'method': 'zzb()Ljava/lang/Object;',
  'name': ['UUID'],
  'num': 83,
  'source_class': 'Ljava/util/UUID;',
  'source_method': 'toString()Ljava/lang/String;'},
 {'clss': 'Lcom/google/android/gms/internal/ads/zzfgs;',
  'method': '<init>(Lcom/google/android/gms/internal/ads/zzfgp;Lcom/google/android/gms/internal/ads/zzfgq;)V',
  'name': ['UUID'],
  'num': 69,
  'source_class': 'Ljava/util/UUID;',
  'source_method': 'toString()Ljava/lang/String;'},
 {'clss': 'Lcom/google/android/gms/internal/ads/zzfhi;',
  'method': 'zzb(Landroid/webkit/WebView;Ljava/lang/String;[Ljava/lang/Object;)V',
  'name': ['UUID'],
  'num': 160,
  'source_class': 'Ljava/lang/StringBuilder;',
  'source_method': 'toString()Ljava/lang/String;'},
 {'clss': 'Lcom/google/android/gms/internal/ads/zzfif;',
  'method': 'zzg(Lcom/google/android/gms/internal/ads/zzfif;)V',
  'name': ['UUID'],
  'num': 267,
  'source_class': 'Ljava/util/Iterator;',
  'source_method': 'next()Ljava/lang/Object;'},
 {'clss': 'Lcom/google/android/gms/internal/ads/zzfhi;',
  'method': 'zzb(Landroid/webkit/WebView;Ljava/lang/String;[Ljava/lang/Object;)V',
  'name': ['UUID'],
  'num': 160,
  'source_class': 'Ljava/lang/StringBuilder;',
  'source_method': 'toString()Ljava/lang/String;'},
 {'clss': 'Lcom/google/android/gms/internal/ads/zzfik;',
  'method': 'doInBackground([Ljava/lang/Object;)Ljava/lang/Object;',
  'name': ['UUID'],
  'num': 84,
  'source_class': 'Lorg/json/JSONObject;',
  'source_method': 'toString()Ljava/lang/String;'},
 {'clss': 'Lcom/google/android/gms/internal/ads/zzfif;',
  'method': 'zzg(Lcom/google/android/gms/internal/ads/zzfif;)V',
  'name': ['UUID'],
  'num': 267,
  'source_class': 'Ljava/util/Iterator;',
  'source_method': 'next()Ljava/lang/Object;'},
 {'clss': 'Lcom/google/android/gms/internal/ads/zzfik;',
  'method': 'doInBackground([Ljava/lang/Object;)Ljava/lang/Object;',
  'name': ['UUID'],
  'num': 84,
  'source_class': 'Lorg/json/JSONObject;',
  'source_method': 'toString()Ljava/lang/String;'},
 {'clss': 'Lcom/google/android/gms/internal/ads/zzfif;',
  'method': 'zzg(Lcom/google/android/gms/internal/ads/zzfif;)V',
  'name': ['UUID'],
  'num': 267,
  'source_class': 'Ljava/util/Iterator;',
  'source_method': 'next()Ljava/lang/Object;'},
 {'clss': 'Lcom/google/android/gms/internal/ads/zzfik;',
  'method': 'doInBackground([Ljava/lang/Object;)Ljava/lang/Object;',
  'name': ['UUID'],
  'num': 84,
  'source_class': 'Lorg/json/JSONObject;',
  'source_method': 'toString()Ljava/lang/String;'},
 {'clss': 'Lcom/google/android/gms/internal/ads/zzfif;',
  'method': 'zzg(Lcom/google/android/gms/internal/ads/zzfif;)V',
  'name': ['UUID'],
  'num': 267,
  'source_class': 'Ljava/util/Iterator;',
  'source_method': 'next()Ljava/lang/Object;'},
 {'clss': 'Lcom/google/android/gms/internal/ads/zzfik;',
  'method': 'doInBackground([Ljava/lang/Object;)Ljava/lang/Object;',
  'name': ['UUID'],
  'num': 84,
  'source_class': 'Lorg/json/JSONObject;',
  'source_method': 'toString()Ljava/lang/String;'},
 {'clss': 'Lcom/google/android/gms/internal/ads/zzfif;',
  'method': 'zzg(Lcom/google/android/gms/internal/ads/zzfif;)V',
  'name': ['UUID'],
  'num': 267,
  'source_class': 'Ljava/util/Iterator;',
  'source_method': 'next()Ljava/lang/Object;'},
 {'clss': 'Lcom/google/android/gms/internal/ads/zzfik;',
  'method': 'doInBackground([Ljava/lang/Object;)Ljava/lang/Object;',
  'name': ['UUID'],
  'num': 84,
  'source_class': 'Lorg/json/JSONObject;',
  'source_method': 'toString()Ljava/lang/String;'},
 {'clss': 'Lcom/google/android/gms/internal/ads/zzfif;',
  'method': 'zzg(Lcom/google/android/gms/internal/ads/zzfif;)V',
  'name': ['UUID'],
  'num': 267,
  'source_class': 'Ljava/util/Iterator;',
  'source_method': 'next()Ljava/lang/Object;'},
 {'clss': 'Lcom/google/android/gms/internal/ads/zzfik;',
  'method': 'doInBackground([Ljava/lang/Object;)Ljava/lang/Object;',
  'name': ['UUID'],
  'num': 84,
  'source_class': 'Lorg/json/JSONObject;',
  'source_method': 'toString()Ljava/lang/String;'},
 {'clss': 'Lcom/google/android/gms/internal/ads/zzfif;',
  'method': 'zzg(Lcom/google/android/gms/internal/ads/zzfif;)V',
  'name': ['UUID'],
  'num': 267,
  'source_class': 'Ljava/util/Iterator;',
  'source_method': 'next()Ljava/lang/Object;'},
 {'clss': 'Lcom/google/android/gms/internal/ads/zzfik;',
  'method': 'doInBackground([Ljava/lang/Object;)Ljava/lang/Object;',
  'name': ['UUID'],
  'num': 84,
  'source_class': 'Lorg/json/JSONObject;',
  'source_method': 'toString()Ljava/lang/String;'},
 {'clss': 'Lcom/google/android/gms/internal/ads/zzfif;',
  'method': 'zzg(Lcom/google/android/gms/internal/ads/zzfif;)V',
  'name': ['UUID'],
  'num': 267,
  'source_class': 'Ljava/util/Iterator;',
  'source_method': 'next()Ljava/lang/Object;'},
 {'clss': 'Lcom/google/android/gms/internal/ads/zzfik;',
  'method': 'doInBackground([Ljava/lang/Object;)Ljava/lang/Object;',
  'name': ['UUID'],
  'num': 84,
  'source_class': 'Lorg/json/JSONObject;',
  'source_method': 'toString()Ljava/lang/String;'},
 {'clss': 'Lcom/google/android/gms/internal/ads/zzfif;',
  'method': 'zzg(Lcom/google/android/gms/internal/ads/zzfif;)V',
  'name': ['UUID'],
  'num': 267,
  'source_class': 'Ljava/util/Iterator;',
  'source_method': 'next()Ljava/lang/Object;'},
 {'clss': 'Lcom/google/android/gms/internal/ads/zzfik;',
  'method': 'doInBackground([Ljava/lang/Object;)Ljava/lang/Object;',
  'name': ['UUID'],
  'num': 84,
  'source_class': 'Lorg/json/JSONObject;',
  'source_method': 'toString()Ljava/lang/String;'},
 {'clss': 'Lcom/google/android/gms/internal/ads/zzfif;',
  'method': 'zzg(Lcom/google/android/gms/internal/ads/zzfif;)V',
  'name': ['UUID'],
  'num': 267,
  'source_class': 'Ljava/util/Iterator;',
  'source_method': 'next()Ljava/lang/Object;'},
 {'clss': 'Lcom/google/android/gms/internal/ads/zzfik;',
  'method': 'doInBackground([Ljava/lang/Object;)Ljava/lang/Object;',
  'name': ['UUID'],
  'num': 84,
  'source_class': 'Lorg/json/JSONObject;',
  'source_method': 'toString()Ljava/lang/String;'},
 {'clss': 'Lcom/google/android/gms/internal/ads/zzfif;',
  'method': 'zzg(Lcom/google/android/gms/internal/ads/zzfif;)V',
  'name': ['UUID'],
  'num': 267,
  'source_class': 'Ljava/util/Iterator;',
  'source_method': 'next()Ljava/lang/Object;'},
 {'clss': 'Lcom/google/android/gms/internal/ads/zzfik;',
  'method': 'doInBackground([Ljava/lang/Object;)Ljava/lang/Object;',
  'name': ['UUID'],
  'num': 84,
  'source_class': 'Lorg/json/JSONObject;',
  'source_method': 'toString()Ljava/lang/String;'},
 {'clss': 'Lcom/google/android/gms/internal/ads/zzfif;',
  'method': 'zzg(Lcom/google/android/gms/internal/ads/zzfif;)V',
  'name': ['UUID'],
  'num': 267,
  'source_class': 'Ljava/util/Iterator;',
  'source_method': 'next()Ljava/lang/Object;'},
 {'clss': 'Lcom/google/android/gms/internal/ads/zzfik;',
  'method': 'doInBackground([Ljava/lang/Object;)Ljava/lang/Object;',
  'name': ['UUID'],
  'num': 84,
  'source_class': 'Lorg/json/JSONObject;',
  'source_method': 'toString()Ljava/lang/String;'},
 {'clss': 'Lcom/google/android/gms/internal/ads/zzfif;',
  'method': 'zzg(Lcom/google/android/gms/internal/ads/zzfif;)V',
  'name': ['UUID'],
  'num': 267,
  'source_class': 'Ljava/util/Iterator;',
  'source_method': 'next()Ljava/lang/Object;'},
 {'clss': 'Lcom/google/android/gms/internal/ads/zzfik;',
  'method': 'doInBackground([Ljava/lang/Object;)Ljava/lang/Object;',
  'name': ['UUID'],
  'num': 84,
  'source_class': 'Lorg/json/JSONObject;',
  'source_method': 'toString()Ljava/lang/String;'},
 {'clss': 'Lcom/google/android/gms/internal/ads/zzfif;',
  'method': 'zzg(Lcom/google/android/gms/internal/ads/zzfif;)V',
  'name': ['UUID'],
  'num': 267,
  'source_class': 'Ljava/util/Iterator;',
  'source_method': 'next()Ljava/lang/Object;'},
 {'clss': 'Lcom/google/android/gms/internal/ads/zzfik;',
  'method': 'doInBackground([Ljava/lang/Object;)Ljava/lang/Object;',
  'name': ['UUID'],
  'num': 84,
  'source_class': 'Lorg/json/JSONObject;',
  'source_method': 'toString()Ljava/lang/String;'},
 {'clss': 'Lcom/google/android/gms/internal/ads/zzfif;',
  'method': 'zzg(Lcom/google/android/gms/internal/ads/zzfif;)V',
  'name': ['UUID'],
  'num': 267,
  'source_class': 'Ljava/util/Iterator;',
  'source_method': 'next()Ljava/lang/Object;'},
 {'clss': 'Lcom/google/android/gms/internal/ads/zzfik;',
  'method': 'doInBackground([Ljava/lang/Object;)Ljava/lang/Object;',
  'name': ['UUID'],
  'num': 84,
  'source_class': 'Lorg/json/JSONObject;',
  'source_method': 'toString()Ljava/lang/String;'},
 {'clss': 'Lcom/google/android/gms/internal/ads/zzfif;',
  'method': 'zzg(Lcom/google/android/gms/internal/ads/zzfif;)V',
  'name': ['UUID'],
  'num': 267,
  'source_class': 'Ljava/util/Iterator;',
  'source_method': 'next()Ljava/lang/Object;'},
 {'clss': 'Lcom/google/android/gms/internal/ads/zzfik;',
  'method': 'doInBackground([Ljava/lang/Object;)Ljava/lang/Object;',
  'name': ['UUID'],
  'num': 84,
  'source_class': 'Lorg/json/JSONObject;',
  'source_method': 'toString()Ljava/lang/String;'},
 {'clss': 'Lcom/google/android/gms/internal/ads/zzfif;',
  'method': 'zzg(Lcom/google/android/gms/internal/ads/zzfif;)V',
  'name': ['UUID'],
  'num': 267,
  'source_class': 'Ljava/util/Iterator;',
  'source_method': 'next()Ljava/lang/Object;'},
 {'clss': 'Lcom/google/android/gms/internal/ads/zzfik;',
  'method': 'doInBackground([Ljava/lang/Object;)Ljava/lang/Object;',
  'name': ['UUID'],
  'num': 84,
  'source_class': 'Lorg/json/JSONObject;',
  'source_method': 'toString()Ljava/lang/String;'},
 {'clss': 'Lcom/google/android/gms/internal/ads/zzfif;',
  'method': 'zzg(Lcom/google/android/gms/internal/ads/zzfif;)V',
  'name': ['UUID'],
  'num': 267,
  'source_class': 'Ljava/util/Iterator;',
  'source_method': 'next()Ljava/lang/Object;'},
 {'clss': 'Lcom/google/android/gms/internal/ads/zzfik;',
  'method': 'doInBackground([Ljava/lang/Object;)Ljava/lang/Object;',
  'name': ['UUID'],
  'num': 84,
  'source_class': 'Lorg/json/JSONObject;',
  'source_method': 'toString()Ljava/lang/String;'},
 {'clss': 'Lcom/google/android/gms/internal/ads/zzfif;',
  'method': 'zzg(Lcom/google/android/gms/internal/ads/zzfif;)V',
  'name': ['UUID'],
  'num': 267,
  'source_class': 'Ljava/util/Iterator;',
  'source_method': 'next()Ljava/lang/Object;'},
 {'clss': 'Lcom/google/android/gms/internal/ads/zzfik;',
  'method': 'doInBackground([Ljava/lang/Object;)Ljava/lang/Object;',
  'name': ['UUID'],
  'num': 84,
  'source_class': 'Lorg/json/JSONObject;',
  'source_method': 'toString()Ljava/lang/String;'},
 {'clss': 'Lcom/google/android/gms/internal/ads/zzfif;',
  'method': 'zzg(Lcom/google/android/gms/internal/ads/zzfif;)V',
  'name': ['UUID'],
  'num': 267,
  'source_class': 'Ljava/util/Iterator;',
  'source_method': 'next()Ljava/lang/Object;'},
 {'clss': 'Lcom/google/android/gms/internal/ads/zzfik;',
  'method': 'doInBackground([Ljava/lang/Object;)Ljava/lang/Object;',
  'name': ['UUID'],
  'num': 84,
  'source_class': 'Lorg/json/JSONObject;',
  'source_method': 'toString()Ljava/lang/String;'},
 {'clss': 'Lcom/google/android/gms/internal/ads/zzfif;',
  'method': 'zzg(Lcom/google/android/gms/internal/ads/zzfif;)V',
  'name': ['UUID'],
  'num': 267,
  'source_class': 'Ljava/util/Iterator;',
  'source_method': 'next()Ljava/lang/Object;'},
 {'clss': 'Lcom/google/android/gms/internal/ads/zzfik;',
  'method': 'doInBackground([Ljava/lang/Object;)Ljava/lang/Object;',
  'name': ['UUID'],
  'num': 84,
  'source_class': 'Lorg/json/JSONObject;',
  'source_method': 'toString()Ljava/lang/String;'},
 {'clss': 'Lcom/google/android/gms/internal/ads/zzfif;',
  'method': 'zzg(Lcom/google/android/gms/internal/ads/zzfif;)V',
  'name': ['UUID'],
  'num': 267,
  'source_class': 'Ljava/util/Iterator;',
  'source_method': 'next()Ljava/lang/Object;'},
 {'clss': 'Lcom/google/android/gms/internal/ads/zzfik;',
  'method': 'doInBackground([Ljava/lang/Object;)Ljava/lang/Object;',
  'name': ['UUID'],
  'num': 84,
  'source_class': 'Lorg/json/JSONObject;',
  'source_method': 'toString()Ljava/lang/String;'},
 {'clss': 'Lcom/google/android/gms/internal/ads/zzfif;',
  'method': 'zzg(Lcom/google/android/gms/internal/ads/zzfif;)V',
  'name': ['UUID'],
  'num': 267,
  'source_class': 'Ljava/util/Iterator;',
  'source_method': 'next()Ljava/lang/Object;'}]
Sinks
[{"smali_tag": "6399_134", "clss": "Lcom/google/android/gms/internal/ads/zzdyx;", "method": "zzb(Lcom/google/android/gms/internal/ads/zzdyv;)Lcom/google/android/gms/internal/ads/zzdyw;", "num": 134, "sink_class": "Ljava/net/URL;", "sink_method": "<init>(Ljava/lang/String;)V", "sink_values": ["https://googleads.g.doubleclick.net/mads/gma?submodel=AOSP%20on%20Oriole&format=interstitial_mb&omid_v=a.1.3.37-google_20220829&dv=0&gl=US&hl=en&js=afma-sdk-a-v231700000.231700000.0&lv=231710100&ms=CoAC6fM9TGIVt9MGLemegRCaERPl4Q_A51p2VHwW1zgbp20Ge4gnBpNtRU4Vt6FLLzWRF2zUe-8Om5UZtloOX1l7KipJ06Lr7c4uvW9_QlbEkSQUlX7NSVl8SPkR1Xx2NbKMfNoKdTW1h7qMhJ9dc3IxIU425DcaOhrhlju_ll-Weby84YwfxF3DASNmvBPnQB8I9I5dQBwhn-4lEBcGTTp6qOXn6iar1T4IqoP0IeqYhpzfh7eRfQMPtcoIO9vL3afJV0esyS4d37-bzc5P_1TrruVfw5QcTkafND8oEA-Q4bgTidyMLZ9ivMG4ZBuxTfxKLrGq-0YlFIahY863W_unIwqAAjyCIg0dPIt2Ybk4ufBNT43IRLiAuX7K_ALXgZiV_An8txyLOEnMEvh3L-RJAjPsYUpalxa31OEO2GkeH3XdR88bFl59UTee5ChsgIFk3GtYYDFyR1Wn9ujL4sk8rhLEUNgcvYmXeSlu87Kvd2xGNBGV0XUCGmPxAa9doGlRGRR2eApZSt-PC8IKT6BPTNCUIPjbnFQYG0B6je5SBSPCAs-z7RDs-u-dehyaDoBE-0BBVfwuf0LCxg3frSwFt5t0tHGeVyxFHmjrbqU1dquNWAE4qCSYD3C1xk-zDOhPCyFFrpVabCu0DCwgurUgC1PRZVvm7rzE1MlrZL2UgD3gaEgSEDer-zw4U3nuj6nGA5XUWoI&vnm=1.0&u_sd=2.625&request_id=145140517&target_api=33&is_sidewinder=false&seq_num=1&guci=0.0.0.0.0.0.0.0&sdk_apis=7%2C8&omid_p=Google%2Fafma-sdk-a-v231700000.231700000.0&cap=m&u_w=412&u_h=822&msid=com.google.android.gms.example.interstitialexample&an=1.android.com.google.android.gms.example.interstitialexample&u_audio=3&net=wi&u_so=p&loeid=44766145&preqs_in_session=0&support_transparent_background=true&preqs=0&time_in_session=0&sst=1696847160000&output=html&region=mobile_app&u_tz=540&client=ca-app-pub-3940256099942544&slotname=1033173712&adtest=on&gsb=wi&ogsb=wi&lite=0&num_ads=1&vpt=8&vfmt=18&vst=0&sdkv=o.231700000.231700000.0&sdmax=0&dmax=1&sdki=3c4d&caps=inlineVideo_interactiveVideo_mraid1_mraid2_mraid3_sdkVideo_th_autoplay_mediation_scroll_av_av_transparentBackground_sdkAdmobApiForAds_di_sfv_dinm_dim_nav_navc_dinmo_ipdof_gls_xSeconds&bisch=true&blev=1&canm=false&heap_free=0&heap_max=268435456&heap_total=65684360&wv_count=1&rdps=107700&jsv=sdk_20190107_RC02-production-sdk_20230929_RC00#caps=inlineVideo_interactiveVideo_mraid1_mraid2_mraid3_sdkVideo_th_autoplay_mediation_scroll_av_av_transparentBackground_sdkAdmobApiForAds_di_sfv_dinm_dim_nav_navc_dinmo_ipdof_gls_xSeconds&format=interstitial_mb&heap_free=0&heap_max=268435456&heap_total=65684360&js=afma-sdk-a-v231700000.231700000.0&msid=com.google.android.gms.example.interstitialexample&preqs=0&seq_num=1&target_api=33"], "sources": ["UUID"], "returned_value": null}]