project.emulator.get_num_leaks() = 3
Sources
[{'clss': 'Lcom/yandex/metrica/impl/ob/U3;', 'method': '<clinit>()V', 'name': ['UUID'], 'num': 37, 'source_class': 'Ljava/util/UUID;', 'source_method': 'toString()Ljava/lang/String;'},
 {'clss': 'Lcom/yandex/metrica/impl/ob/Rm;', 'method': 'a()Ljava/lang/String;', 'name': ['UUID'], 'num': 25, 'source_class': 'Ljava/util/UUID;', 'source_method': 'toString()Ljava/lang/String;'},
 {'clss': 'Lcom/yandex/metrica/impl/ob/U3;', 'method': '<clinit>()V', 'name': ['UUID'], 'num': 37, 'source_class': 'Ljava/util/UUID;', 'source_method': 'toString()Ljava/lang/String;'},
 {'clss': 'Lcom/yandex/metrica/identifiers/impl/k;',
  'method': 'a(Landroid/content/Context;)Lcom/yandex/metrica/identifiers/impl/g;',
  'name': ['AAID'],
  'num': 51,
  'source_class': 'Lcom/google/android/gms/ads/identifier/AdvertisingIdClient$Info;',
  'source_method': 'getId()Ljava/lang/String;'},
 {'clss': 'Lcom/yandex/metrica/impl/ob/rc;',
  'method': 'b(Landroid/content/Context;)Lcom/yandex/metrica/impl/ob/bc;',
  'name': ['AAID'],
  'num': 142,
  'source_class': 'Landroid/os/Bundle;',
  'source_method': 'getString(Ljava/lang/String;)Ljava/lang/String;'},
 {'clss': 'Lcom/yandex/metrica/impl/ob/U3;',
  'method': 'h()Ljava/lang/String;',
  'name': ['UUID'],
  'num': 679,
  'source_class': 'Landroid/content/ContentValues;',
  'source_method': 'getAsString(Ljava/lang/String;)Ljava/lang/String;'},
 {'clss': 'Lcom/yandex/metrica/identifiers/impl/k;',
  'method': 'a(Landroid/content/Context;)Lcom/yandex/metrica/identifiers/impl/g;',
  'name': ['AAID'],
  'num': 51,
  'source_class': 'Lcom/google/android/gms/ads/identifier/AdvertisingIdClient$Info;',
  'source_method': 'getId()Ljava/lang/String;'},
 {'clss': 'Lcom/yandex/metrica/impl/ob/rc;',
  'method': 'b(Landroid/content/Context;)Lcom/yandex/metrica/impl/ob/bc;',
  'name': ['AAID'],
  'num': 142,
  'source_class': 'Landroid/os/Bundle;',
  'source_method': 'getString(Ljava/lang/String;)Ljava/lang/String;'},
 {'clss': 'Lcom/yandex/metrica/impl/ob/U3;',
  'method': 'h()Ljava/lang/String;',
  'name': ['UUID'],
  'num': 679,
  'source_class': 'Landroid/content/ContentValues;',
  'source_method': 'getAsString(Ljava/lang/String;)Ljava/lang/String;'},
 {'clss': 'Lcom/yandex/metrica/impl/ob/U3;',
  'method': 'h()Ljava/lang/String;',
  'name': ['UUID'],
  'num': 679,
  'source_class': 'Landroid/content/ContentValues;',
  'source_method': 'getAsString(Ljava/lang/String;)Ljava/lang/String;'},
 {'clss': 'Lcom/yandex/metrica/impl/ob/B1;',
  'method': 'b(Landroid/content/Intent;)V',
  'name': ['UUID'],
  'num': 1429,
  'source_class': 'Landroid/net/Uri;',
  'source_method': 'getQueryParameter(Ljava/lang/String;)Ljava/lang/String;'},
 {'clss': 'Lcom/yandex/metrica/impl/ob/T1;', 'method': 'p()Z', 'name': ['AAID'], 'num': 805, 'source_class': 'Landroid/net/Uri;', 'source_method': 'toString()Ljava/lang/String;'},
 {'clss': 'Lcom/yandex/metrica/impl/ob/U3;',
  'method': 'h()Ljava/lang/String;',
  'name': ['UUID'],
  'num': 679,
  'source_class': 'Landroid/content/ContentValues;',
  'source_method': 'getAsString(Ljava/lang/String;)Ljava/lang/String;'},
 {'clss': 'Lcom/yandex/metrica/impl/ob/C4;', 'method': 'equals(Ljava/lang/Object;)Z', 'name': ['UUID'], 'num': 243, 'source_class': None, 'source_method': None},
 {'clss': 'Lcom/yandex/metrica/impl/ob/U3;',
  'method': 'h()Ljava/lang/String;',
  'name': ['UUID'],
  'num': 679,
  'source_class': 'Landroid/content/ContentValues;',
  'source_method': 'getAsString(Ljava/lang/String;)Ljava/lang/String;'},
 {'clss': 'Lcom/yandex/metrica/impl/ob/U3;',
  'method': 'h()Ljava/lang/String;',
  'name': ['UUID'],
  'num': 679,
  'source_class': 'Landroid/content/ContentValues;',
  'source_method': 'getAsString(Ljava/lang/String;)Ljava/lang/String;'},
 {'clss': 'Lcom/yandex/metrica/impl/ob/U3;',
  'method': 'h()Ljava/lang/String;',
  'name': ['UUID'],
  'num': 679,
  'source_class': 'Landroid/content/ContentValues;',
  'source_method': 'getAsString(Ljava/lang/String;)Ljava/lang/String;'},
 {'clss': 'Lcom/yandex/metrica/identifiers/impl/k;',
  'method': 'a(Landroid/content/Context;)Lcom/yandex/metrica/identifiers/impl/g;',
  'name': ['AAID'],
  'num': 51,
  'source_class': 'Lcom/google/android/gms/ads/identifier/AdvertisingIdClient$Info;',
  'source_method': 'getId()Ljava/lang/String;'},
 {'clss': 'Lcom/yandex/metrica/impl/ob/rc;',
  'method': 'b(Landroid/content/Context;)Lcom/yandex/metrica/impl/ob/bc;',
  'name': ['AAID'],
  'num': 142,
  'source_class': 'Landroid/os/Bundle;',
  'source_method': 'getString(Ljava/lang/String;)Ljava/lang/String;'},
 {'clss': 'Lcom/yandex/metrica/impl/ob/U3;',
  'method': 'h()Ljava/lang/String;',
  'name': ['UUID'],
  'num': 679,
  'source_class': 'Landroid/content/ContentValues;',
  'source_method': 'getAsString(Ljava/lang/String;)Ljava/lang/String;'},
 {'clss': 'Lcom/yandex/metrica/impl/ob/g1$a;',
  'method': 'createFromParcel(Landroid/os/Parcel;)Ljava/lang/Object;',
  'name': ['AAID'],
  'num': 47,
  'source_class': 'Landroid/os/Parcel;',
  'source_method': 'readString()Ljava/lang/String;'},
 {'clss': 'Lcom/yandex/metrica/identifiers/impl/k;',
  'method': 'a(Landroid/content/Context;)Lcom/yandex/metrica/identifiers/impl/g;',
  'name': ['AAID'],
  'num': 51,
  'source_class': 'Lcom/google/android/gms/ads/identifier/AdvertisingIdClient$Info;',
  'source_method': 'getId()Ljava/lang/String;'},
 {'clss': 'Lcom/yandex/metrica/impl/ob/rc;',
  'method': 'b(Landroid/content/Context;)Lcom/yandex/metrica/impl/ob/bc;',
  'name': ['AAID'],
  'num': 142,
  'source_class': 'Landroid/os/Bundle;',
  'source_method': 'getString(Ljava/lang/String;)Ljava/lang/String;'},
 {'clss': 'Lcom/yandex/metrica/impl/ob/F9;',
  'method': 'a(Ljava/lang/String;Lcom/yandex/metrica/impl/ob/g1;)Lcom/yandex/metrica/impl/ob/F9;',
  'name': ['AAID'],
  'num': 515,
  'source_class': 'Lorg/json/JSONObject;',
  'source_method': 'toString()Ljava/lang/String;'},
 {'clss': 'Lcom/yandex/metrica/impl/ob/Ra;',
  'method': 'a(Lcom/yandex/metrica/impl/ob/Ra;Ljava/util/Map;)V',
  'name': ['AAID'],
  'num': 372,
  'source_class': 'Landroid/content/ContentValues;',
  'source_method': 'getAsString(Ljava/lang/String;)Ljava/lang/String;'},
 {'clss': 'Lcom/yandex/metrica/impl/ob/U3;',
  'method': 'h()Ljava/lang/String;',
  'name': ['UUID'],
  'num': 679,
  'source_class': 'Landroid/content/ContentValues;',
  'source_method': 'getAsString(Ljava/lang/String;)Ljava/lang/String;'},
 {'clss': 'Lcom/yandex/metrica/impl/ob/U3;',
  'method': 'h()Ljava/lang/String;',
  'name': ['UUID'],
  'num': 679,
  'source_class': 'Landroid/content/ContentValues;',
  'source_method': 'getAsString(Ljava/lang/String;)Ljava/lang/String;'},
 {'clss': 'Lcom/yandex/metrica/impl/ob/U3;',
  'method': 'h()Ljava/lang/String;',
  'name': ['UUID'],
  'num': 679,
  'source_class': 'Landroid/content/ContentValues;',
  'source_method': 'getAsString(Ljava/lang/String;)Ljava/lang/String;'},
 {'clss': 'Lcom/yandex/metrica/identifiers/impl/k;',
  'method': 'a(Landroid/content/Context;)Lcom/yandex/metrica/identifiers/impl/g;',
  'name': ['AAID'],
  'num': 51,
  'source_class': 'Lcom/google/android/gms/ads/identifier/AdvertisingIdClient$Info;',
  'source_method': 'getId()Ljava/lang/String;'},
 {'clss': 'Lcom/yandex/metrica/impl/ob/rc;',
  'method': 'b(Landroid/content/Context;)Lcom/yandex/metrica/impl/ob/bc;',
  'name': ['AAID'],
  'num': 142,
  'source_class': 'Landroid/os/Bundle;',
  'source_method': 'getString(Ljava/lang/String;)Ljava/lang/String;'},
 {'clss': 'Lcom/yandex/metrica/impl/ob/T1;', 'method': 'p()Z', 'name': ['AAID'], 'num': 805, 'source_class': 'Landroid/net/Uri;', 'source_method': 'toString()Ljava/lang/String;'},
 {'clss': 'Lcom/yandex/metrica/impl/ob/U3;',
  'method': 'h()Ljava/lang/String;',
  'name': ['UUID'],
  'num': 679,
  'source_class': 'Landroid/content/ContentValues;',
  'source_method': 'getAsString(Ljava/lang/String;)Ljava/lang/String;'},
 {'clss': 'Lcom/yandex/metrica/impl/ob/U3;',
  'method': 'h()Ljava/lang/String;',
  'name': ['UUID'],
  'num': 679,
  'source_class': 'Landroid/content/ContentValues;',
  'source_method': 'getAsString(Ljava/lang/String;)Ljava/lang/String;'},
 {'clss': 'Lcom/yandex/metrica/impl/ob/F9;',
  'method': 'a(Ljava/lang/String;Lcom/yandex/metrica/impl/ob/g1;)Lcom/yandex/metrica/impl/ob/F9;',
  'name': ['AAID'],
  'num': 515,
  'source_class': 'Lorg/json/JSONObject;',
  'source_method': 'toString()Ljava/lang/String;'},
 {'clss': 'Lcom/yandex/metrica/impl/ob/Ra;',
  'method': 'a(Lcom/yandex/metrica/impl/ob/Ra;Ljava/util/Map;)V',
  'name': ['AAID'],
  'num': 372,
  'source_class': 'Landroid/content/ContentValues;',
  'source_method': 'getAsString(Ljava/lang/String;)Ljava/lang/String;'},
 {'clss': 'Lcom/yandex/metrica/impl/ob/U3;',
  'method': 'h()Ljava/lang/String;',
  'name': ['UUID'],
  'num': 679,
  'source_class': 'Landroid/content/ContentValues;',
  'source_method': 'getAsString(Ljava/lang/String;)Ljava/lang/String;'},
 {'clss': 'Lcom/yandex/metrica/identifiers/impl/k;',
  'method': 'a(Landroid/content/Context;)Lcom/yandex/metrica/identifiers/impl/g;',
  'name': ['AAID'],
  'num': 51,
  'source_class': 'Lcom/google/android/gms/ads/identifier/AdvertisingIdClient$Info;',
  'source_method': 'getId()Ljava/lang/String;'},
 {'clss': 'Lcom/yandex/metrica/impl/ob/rc;',
  'method': 'b(Landroid/content/Context;)Lcom/yandex/metrica/impl/ob/bc;',
  'name': ['AAID'],
  'num': 142,
  'source_class': 'Landroid/os/Bundle;',
  'source_method': 'getString(Ljava/lang/String;)Ljava/lang/String;'},
 {'clss': 'Lcom/yandex/metrica/impl/ob/U3;',
  'method': 'h()Ljava/lang/String;',
  'name': ['UUID'],
  'num': 679,
  'source_class': 'Landroid/content/ContentValues;',
  'source_method': 'getAsString(Ljava/lang/String;)Ljava/lang/String;'},
 {'clss': 'Lcom/yandex/metrica/impl/ob/U3;',
  'method': 'h()Ljava/lang/String;',
  'name': ['UUID'],
  'num': 679,
  'source_class': 'Landroid/content/ContentValues;',
  'source_method': 'getAsString(Ljava/lang/String;)Ljava/lang/String;'},
 {'clss': 'Lcom/yandex/metrica/impl/ob/U3;',
  'method': 'h()Ljava/lang/String;',
  'name': ['UUID'],
  'num': 679,
  'source_class': 'Landroid/content/ContentValues;',
  'source_method': 'getAsString(Ljava/lang/String;)Ljava/lang/String;'},
 {'clss': 'Lcom/yandex/metrica/impl/ob/U3;',
  'method': 'h()Ljava/lang/String;',
  'name': ['UUID'],
  'num': 679,
  'source_class': 'Landroid/content/ContentValues;',
  'source_method': 'getAsString(Ljava/lang/String;)Ljava/lang/String;'},
 {'clss': 'Lcom/yandex/metrica/impl/ob/U3;',
  'method': 'h()Ljava/lang/String;',
  'name': ['UUID'],
  'num': 679,
  'source_class': 'Landroid/content/ContentValues;',
  'source_method': 'getAsString(Ljava/lang/String;)Ljava/lang/String;'},
 {'clss': 'Lcom/yandex/metrica/impl/ob/U3;',
  'method': 'h()Ljava/lang/String;',
  'name': ['UUID'],
  'num': 679,
  'source_class': 'Landroid/content/ContentValues;',
  'source_method': 'getAsString(Ljava/lang/String;)Ljava/lang/String;'},
 {'clss': 'Lcom/yandex/metrica/impl/ob/U3;',
  'method': 'h()Ljava/lang/String;',
  'name': ['UUID'],
  'num': 679,
  'source_class': 'Landroid/content/ContentValues;',
  'source_method': 'getAsString(Ljava/lang/String;)Ljava/lang/String;'},
 {'clss': 'Lcom/yandex/metrica/impl/ob/T1;', 'method': 'p()Z', 'name': ['AAID'], 'num': 805, 'source_class': 'Landroid/net/Uri;', 'source_method': 'toString()Ljava/lang/String;'},
 {'clss': 'Lcom/yandex/metrica/impl/ob/U3;',
  'method': 'h()Ljava/lang/String;',
  'name': ['UUID'],
  'num': 679,
  'source_class': 'Landroid/content/ContentValues;',
  'source_method': 'getAsString(Ljava/lang/String;)Ljava/lang/String;'}]
Sinks
[{"smali_tag": "4791_55", "clss": "Lcom/yandex/metrica/impl/ob/Zd;", "method": "a(Ljava/lang/String;)Ljavax/net/ssl/HttpsURLConnection;", "num": 55, "sink_class": "Ljava/net/URL;", "sink_method": "<init>(Ljava/lang/String;)V", "sink_values": ["https://startup.mobile.yandex.net/analytics/startup?deviceid=9b32564ee564ecc3c24fe6675b2da135&deviceid2=9b32564ee564ecc3c24fe6675b2da135&adv_id=434ceb01-7f34-44db-bf40-aac89d9fb38e&oaid=&yandex_adv_id=&app_set_id=9b32564e-e564-ecc3-c24f-e6675b2da135&app_set_id_scope=app&app_platform=android&protocol_version=2&analytics_sdk_version_name=5.0.0&model=Pixel%203&manufacturer=Google&os_version=9&screen_width=2160&screen_height=1080&screen_dpi=440&scalefactor=2.75&locale=ja_JP&device_type=phone&queries=1&query_hosts=2&features=ec%2Ceg%2Cpi%2Cs%2Cpc%2Cfc%2Clc%2Cwu%2Clbs%2Cg%2Ch%2Ctht%2Cwa%2Cwc%2Cca%2Csi%2Csl%2Cilc%2Cgplc%2Cup%2Cucfb%2Cues%2Cures%2Ccai%2Ccaico%2Csp&s=1&app_id=com.yandex.sample.metrica&lc=1&app_debuggable=1&sl=1&wu=1&detect_locale=1&uuid=1224aa5eae514eac849e9fbd9e6b5db5&time=1&requests=1&stat_sending=1&permissions=1&ilc=1&up=1&ucfb=1&ues=1&ures=1&rp=1&tht=1&cc=1&mak=1&d=1&pc=1&app_system_flag=0&aic=1&at=1&ec=1&eg=1&su=1"], "sources": ["AAID"], "returned_value": null}, {"smali_tag": "4399_720", "clss": "Lcom/yandex/metrica/impl/ob/V0;", "method": "b([B)[B", "num": 720, "sink_class": "Ljava/util/zip/GZIPOutputStream;", "sink_method": "write([B)V", "sink_values": [[26, -81, 1, 8, -128, -56, -81, -96, 37, 18, 23, 10, 12, 8, -19, -109, -124, -87, 6, 16, -96, -6, 3, 32, 1, 18, 5, 106, 97, 95, 74, 80, 40, 1, 26, 21, 8, 0, 16, 0, 24, 13, 58, 2, 24, 1, 104, 0, -112, 1, 2, -104, 1, 2, -96, 1, 0, 26, 24, 8, 1, 16, 0, 24, 2, 58, 2, 24, 1, 104, 0, -128, 1, 1, -112, 1, 2, -104, 1, 2, -96, 1, 0, 26, 71, 8, 2, 16, 20, 24, 5, 42, 45, 10, 41, 117, 116, 109, 95, 115, 111, 117, 114, 99, 101, 61, 103, 111, 111, 103, 108, 101, 45, 112, 108, 97, 121, 38, 117, 116, 109, 95, 109, 101, 100, 105, 117, 109, 61, 111, 114, 103, 97, 110, 105, 99, 32, 1, 58, 2, 24, 1, 104, 0, -128, 1, 2, -112, 1, 2, -104, 1, 2, -96, 1, 0, 26, 20, 8, 3, 16, 21, 24, 7, 104, 0, -128, 1, 3, -112, 1, 2, -104, 1, 2, -96, 1, 0, 26, 105, 8, -127, -56, -81, -96, 37, 18, 21, 10, 12, 8, -18, -109, -124, -87, 6, 16, -96, -6, 3, 32, 1, 18, 5, 106, 97, 95, 74, 80, 26, 27, 8, 0, 16, 0, 24, 2, 58, 2, 24, 1, 104, 0, -128, 1, 4, -120, 1, 1, -112, 1, 2, -104, 1, 2, -96, 1, 0, 26, 45, 8, 1, 16, 0, 24, 1, 42, 19, 123, 34, 97, 112, 112, 73, 110, 115, 116, 97, 108, 108, 101, 114, 34, 58, 34, 34, 125, 58, 2, 24, 1, 104, 0, -128, 1, 5, -112, 1, 2, -104, 1, 2, -96, 1, 0, 34, 68, 10, 32, 49, 50, 50, 52, 97, 97, 53, 101, 97, 101, 53, 49, 52, 101, 97, 99, 56, 52, 57, 101, 57, 102, 98, 100, 57, 101, 54, 98, 53, 100, 98, 53, 18, 32, 57, 98, 51, 50, 53, 54, 52, 101, 101, 53, 54, 52, 101, 99, 99, 51, 99, 50, 52, 102, 101, 54, 54, 55, 53, 98, 50, 100, 97, 49, 51, 53, 90, 59, 54, 55, 58, 49, 55, 58, 65, 69, 58, 50, 68, 58, 57, 55, 58, 49, 53, 58, 52, 65, 58, 65, 56, 58, 55, 70, 58, 55, 66, 58, 50, 52, 58, 52, 67, 58, 52, 65, 58, 69, 50, 58, 70, 55, 58, 65, 66, 58, 66, 68, 58, 56, 67, 58, 51, 66, 58, 67, 56]], "sources": ["AAID", "UUID"], "returned_value": null}, {"smali_tag": "4791_55", "clss": "Lcom/yandex/metrica/impl/ob/Zd;", "method": "a(Ljava/lang/String;)Ljavax/net/ssl/HttpsURLConnection;", "num": 55, "sink_class": "Ljava/net/URL;", "sink_method": "<init>(Ljava/lang/String;)V", "sink_values": ["https://report.appmetrica.yandex.net/report?encrypted_request=1&deviceid=9b32564ee564ecc3c24fe6675b2da135&uuid=1224aa5eae514eac849e9fbd9e6b5db5&analytics_sdk_version_name=5.0.0&app_version_name=3.0&app_build_number=3&os_version=9&os_api_level=28&analytics_sdk_build_number=45001354&analytics_sdk_build_type=public_binary&app_debuggable=1&locale=ja_JP&is_rooted=0&app_framework=native&attribution_id=1&api_key_128=fdcdb071-8fa1-4dee-b3ee-1adc1858ec7f&app_id=com.yandex.sample.metrica&app_platform=android&model=Pixel%203&manufacturer=Google&screen_width=2160&screen_height=1080&screen_dpi=440&scalefactor=2.75&device_type=phone&app_set_id=9b32564e-e564-ecc3-c24f-e6675b2da135&app_set_id_scope=app&adv_id=434ceb01-7f34-44db-bf40-aac89d9fb38e&limit_ad_tracking=0&oaid=&limit_oaid_tracking=&yandex_adv_id=&limit_yandex_adv_id_tracking=&request_id=0"], "sources": ["AAID"], "returned_value": null}, {"smali_tag": "4791_55", "clss": "Lcom/yandex/metrica/impl/ob/Zd;", "method": "a(Ljava/lang/String;)Ljavax/net/ssl/HttpsURLConnection;", "num": 55, "sink_class": "Ljava/net/URL;", "sink_method": "<init>(Ljava/lang/String;)V", "sink_values": ["https://report.appmetrica.yandex.net/report?encrypted_request=1&deviceid=9b32564ee564ecc3c24fe6675b2da135&uuid=1224aa5eae514eac849e9fbd9e6b5db5&analytics_sdk_version_name=5.0.0&app_version_name=3.0&app_build_number=3&os_version=9&os_api_level=28&analytics_sdk_build_number=45001354&analytics_sdk_build_type=public_binary&app_debuggable=1&locale=ja_JP&is_rooted=0&app_framework=native&attribution_id=1&api_key_128=20799a27-fa80-4b36-b2db-0f8141f24180&app_id=com.yandex.sample.metrica&app_platform=android&model=Pixel%203&manufacturer=Google&screen_width=2160&screen_height=1080&screen_dpi=440&scalefactor=2.75&device_type=phone&app_set_id=9b32564e-e564-ecc3-c24f-e6675b2da135&app_set_id_scope=app&adv_id=434ceb01-7f34-44db-bf40-aac89d9fb38e&limit_ad_tracking=0&oaid=&limit_oaid_tracking=&yandex_adv_id=&limit_yandex_adv_id_tracking=&request_id=0"], "sources": ["AAID"], "returned_value": null}]