project.emulator.get_num_leaks() = 2
Sources
[{'clss': 'Lcom/google/android/gms/internal/ads/zzbzm;',
  'method': 'zzy(Landroid/content/Context;)Ljava/lang/String;',
  'name': ['AndroidID'],
  'num': 1557,
  'source_class': 'Landroid/provider/Settings$Secure;',
  'source_method': 'getString(Landroid/content/ContentResolver;Ljava/lang/String;)Ljava/lang/String;'},
 {'clss': 'Lcom/google/android/gms/internal/ads/zzbzm;',
  'method': 'zzy(Landroid/content/Context;)Ljava/lang/String;',
  'name': ['AndroidID'],
  'num': 1557,
  'source_class': 'Landroid/provider/Settings$Secure;',
  'source_method': 'getString(Landroid/content/ContentResolver;Ljava/lang/String;)Ljava/lang/String;'},
 {'clss': 'Lcom/google/android/gms/internal/ads/zzduu;',
  'method': 'zzb()Ljava/lang/Object;',
  'name': ['UUID'],
  'num': 40,
  'source_class': 'Ljava/util/UUID;',
  'source_method': 'toString()Ljava/lang/String;'},
 {'clss': 'Lcom/google/android/gms/internal/ads/zzbnc;',
  'method': 'zzd(Lcom/google/android/gms/internal/ads/zzbnc;Lcom/google/android/gms/internal/ads/zzbme;Lcom/google/android/gms/internal/ads/zzbml;Ljava/lang/Object;Lcom/google/android/gms/internal/ads/zzcal;)V',
  'name': ['UUID'],
  'num': 60,
  'source_class': 'Ljava/util/UUID;',
  'source_method': 'toString()Ljava/lang/String;'},
 {'clss': 'Lcom/google/android/gms/internal/ads/zzblc;',
  'method': 'zzd(Lcom/google/android/gms/internal/ads/zzbld;Ljava/lang/String;Lorg/json/JSONObject;)V',
  'name': ['UUID'],
  'num': 128,
  'source_class': 'Lorg/json/JSONObject;',
  'source_method': 'toString()Ljava/lang/String;'},
 {'clss': 'Lcom/google/android/gms/internal/ads/zzblc;',
  'method': 'zzc(Lcom/google/android/gms/internal/ads/zzbld;Ljava/lang/String;Ljava/lang/String;)V',
  'name': ['UUID'],
  'num': 114,
  'source_class': 'Ljava/lang/StringBuilder;',
  'source_method': 'toString()Ljava/lang/String;'},
 {'clss': 'Lcom/google/android/gms/internal/ads/zzcfz;', 'method': 'run()V', 'name': ['UUID'], 'num': 34, 'source_class': None, 'source_method': None},
 {'clss': 'Lcom/google/android/gms/internal/ads/zzcfi;',
  'method': 'zzj(Landroid/net/Uri;)V',
  'name': ['UUID'],
  'num': 2927,
  'source_class': 'Landroid/net/Uri;',
  'source_method': 'getEncodedQuery()Ljava/lang/String;'},
 {'clss': 'Lcom/google/android/gms/ads/internal/util/zzs;',
  'method': 'zzL(Landroid/net/Uri;)Ljava/util/Map;',
  'name': ['UUID'],
  'num': 1011,
  'source_class': 'Landroid/net/Uri;',
  'source_method': 'getQueryParameter(Ljava/lang/String;)Ljava/lang/String;'},
 {'clss': 'Lcom/google/android/gms/ads/internal/util/zzs;',
  'method': 'zzL(Landroid/net/Uri;)Ljava/util/Map;',
  'name': ['UUID'],
  'num': 1011,
  'source_class': 'Landroid/net/Uri;',
  'source_method': 'getQueryParameter(Ljava/lang/String;)Ljava/lang/String;'},
 {'clss': 'Lcom/google/android/gms/internal/ads/zzbiw;',
  'method': 'zza(Ljava/lang/Object;Ljava/util/Map;)V',
  'name': ['UUID'],
  'num': 49,
  'source_class': 'Ljava/util/Map;',
  'source_method': 'get(Ljava/lang/Object;)Ljava/lang/Object;'},
 {'clss': 'Lcom/google/android/gms/internal/ads/zzbnc;',
  'method': 'zzd(Lcom/google/android/gms/internal/ads/zzbnc;Lcom/google/android/gms/internal/ads/zzbme;Lcom/google/android/gms/internal/ads/zzbml;Ljava/lang/Object;Lcom/google/android/gms/internal/ads/zzcal;)V',
  'name': ['UUID'],
  'num': 60,
  'source_class': 'Ljava/util/UUID;',
  'source_method': 'toString()Ljava/lang/String;'},
 {'clss': 'Lcom/google/android/gms/internal/ads/zzblc;',
  'method': 'zzd(Lcom/google/android/gms/internal/ads/zzbld;Ljava/lang/String;Lorg/json/JSONObject;)V',
  'name': ['UUID'],
  'num': 128,
  'source_class': 'Lorg/json/JSONObject;',
  'source_method': 'toString()Ljava/lang/String;'},
 {'clss': 'Lcom/google/android/gms/internal/ads/zzblc;',
  'method': 'zzc(Lcom/google/android/gms/internal/ads/zzbld;Ljava/lang/String;Ljava/lang/String;)V',
  'name': ['UUID'],
  'num': 114,
  'source_class': 'Ljava/lang/StringBuilder;',
  'source_method': 'toString()Ljava/lang/String;'},
 {'clss': 'Lcom/google/android/gms/internal/ads/zzcfz;', 'method': 'run()V', 'name': ['UUID'], 'num': 34, 'source_class': None, 'source_method': None},
 {'clss': 'Lcom/google/android/gms/internal/ads/zzcfi;',
  'method': 'zzj(Landroid/net/Uri;)V',
  'name': ['UUID'],
  'num': 2927,
  'source_class': 'Landroid/net/Uri;',
  'source_method': 'getEncodedQuery()Ljava/lang/String;'},
 {'clss': 'Lcom/google/android/gms/ads/internal/util/zzs;',
  'method': 'zzL(Landroid/net/Uri;)Ljava/util/Map;',
  'name': ['UUID'],
  'num': 1011,
  'source_class': 'Landroid/net/Uri;',
  'source_method': 'getQueryParameter(Ljava/lang/String;)Ljava/lang/String;'},
 {'clss': 'Lcom/google/android/gms/ads/internal/util/zzs;',
  'method': 'zzL(Landroid/net/Uri;)Ljava/util/Map;',
  'name': ['UUID'],
  'num': 1011,
  'source_class': 'Landroid/net/Uri;',
  'source_method': 'getQueryParameter(Ljava/lang/String;)Ljava/lang/String;'},
 {'clss': 'Lcom/google/android/gms/internal/ads/zzbiw;',
  'method': 'zza(Ljava/lang/Object;Ljava/util/Map;)V',
  'name': ['UUID'],
  'num': 49,
  'source_class': 'Ljava/util/Map;',
  'source_method': 'get(Ljava/lang/Object;)Ljava/lang/Object;'},
 {'clss': 'Lcom/google/android/gms/internal/ads/zzcod;',
  'method': 'zzb()Ljava/lang/Object;',
  'name': ['UUID'],
  'num': 83,
  'source_class': 'Ljava/util/UUID;',
  'source_method': 'toString()Ljava/lang/String;'}]
Sinks
[{"smali_tag": "5873_154", "clss": "Lcom/google/android/gms/internal/ads/zzalx;", "method": "zza(Lcom/google/android/gms/internal/ads/zzali;)Lcom/google/android/gms/internal/ads/zzale;", "num": 154, "sink_class": "Ljava/net/URL;", "sink_method": "<init>(Ljava/lang/String;)V", "sink_values": ["https"], "sources": ["UUID"], "returned_value": null}, {"smali_tag": "2828_79", "clss": "Lcom/google/android/gms/internal/ads/zzbzy;", "method": "zza(Ljava/lang/String;)Z", "num": 79, "sink_class": "Ljava/net/URL;", "sink_method": "<init>(Ljava/lang/String;)V", "sink_values": ["https://googleads.g.doubleclick.net/pagead/interaction/?ai=CUAeP69IjZYrkPPq97OsPpYOV8AYA4tbOheMMwI23ARABIMLs3CBgibPPhJwUiAEBoAH71NLXA6kCUewEayhLpT6oAwGqBPICT9CwK4d1OOV0trjCmj_zBeDhqxYnKWMs9q141TKneUDkAeOWhwKxhqtD7Tsf1h1bHrufqDimRpvwOl9e2J8qROuyT5rEzNCYNTJA1ptLquiZhaw-Xy8KD001UA_3j5c0i50gqiRWF_3SncCw7IL0E8NgVkY9AR9W1JAARFeDSFWHBju9lYAnaSW3Eh7bm-JXyPJ49Quvk8cJGcYLuXVuK77wLBlsU-cMnXlEXOpqYvFfuOGN9peYOQAY_ukJvC3gCZY01gWrStjdhBzomehkNS3jlnBpJlc0APmJJBmjul747T3fhwEDIZDpZJbSwEHsSFEGip6IQtGYwhdwuORWFa_USLJx5yKLB54kQ1OLiAhO7mCisVOH-0Ic8fRKzphzJlWbNJUyg7OcrPHppiNNs0UPWU8elzlBz7ajkVmA5HS5jBe8Vy9R7QLS2FZNsdXv9XbE-r1QB9oVkYS_6EFhyZtIafBuYdcWuLsxXS-k7WZKJ8AE_qjHo5kDiAWkxeWXKpAGAcAGC4AH7aqtKJgHAagHpr4bqAfVyRuoB_6esQKoB_PRG6gHltgbqAeqm7ECqAeDrbECqAf_nrECqAffn7ECqAeO3BuoB8mcsQLYBwGgCLXOPbAIAtIIFAiEYRABGF8yAopCOgLAQEi9_cE6gAoCqg0CSlCCFDwaOm1vYmlsZWFwcDo6Mi1jb20uZ29vZ2xlLmFuZHJvaWQuZ21zLmV4YW1wbGUuYXBwb3BlbmV4YW1wbGXQFQGYFgH4FgGAFwGyFxoKGAgAEhRwdWItMzk0MDI1NjA5OTk0MjU0NA&sigh=cnre9_xlX2A&cid=CAQSKQDICaaNMsLjNLUK-HSMfLtCW78fJ7KhcHNsbW-LG55363_KL9qKl1Xc&label=admob_mediation_request_fill_result&mediation_fill_status=7391550076873578.0.2577.7391550076873578&smc_index=0"], "sources": ["UUID"], "returned_value": null}]