project.emulator.get_num_leaks() = 2
Sources
[{'clss': 'Lcom/chartboost/sdk/impl/n0;',
  'method': 'a()V',
  'name': ['AAID'],
  'num': 150,
  'source_class': 'Lcom/google/android/gms/ads/identifier/AdvertisingIdClient$Info;',
  'source_method': 'getId()Ljava/lang/String;'},
 {'clss': 'Lcom/chartboost/sdk/impl/q3;',
  'method': 'c(Landroid/content/Context;)Ljava/lang/String;',
  'name': ['UUID'],
  'num': 240,
  'source_class': 'Ljava/util/UUID;',
  'source_method': 'toString()Ljava/lang/String;'},
 {'clss': 'Lcom/chartboost/sdk/impl/o1;',
  'method': 'a(Ljava/lang/String;Ljava/lang/String;)Ljava/lang/String;',
  'name': ['AAID'],
  'num': 424,
  'source_class': 'Lorg/json/JSONObject;',
  'source_method': 'toString()Ljava/lang/String;'},
 {'clss': 'Lcom/chartboost/sdk/impl/x8;', 'method': 'b()Ljava/lang/String;', 'name': ['UUID'], 'num': 200, 'source_class': 'Ljava/util/UUID;', 'source_method': 'toString()Ljava/lang/String;'},
 {'clss': 'Lcom/chartboost/sdk/impl/n0;',
  'method': 'a()V',
  'name': ['AAID'],
  'num': 150,
  'source_class': 'Lcom/google/android/gms/ads/identifier/AdvertisingIdClient$Info;',
  'source_method': 'getId()Ljava/lang/String;'},
 {'clss': 'Lcom/chartboost/sdk/impl/q3;',
  'method': 'c(Landroid/content/Context;)Ljava/lang/String;',
  'name': ['UUID'],
  'num': 226,
  'source_class': 'Landroid/content/SharedPreferences;',
  'source_method': 'getString(Ljava/lang/String;Ljava/lang/String;)Ljava/lang/String;'},
 {'clss': 'Lcom/chartboost/sdk/impl/o1;',
  'method': 'a(Ljava/lang/String;Ljava/lang/String;)Ljava/lang/String;',
  'name': ['AAID'],
  'num': 424,
  'source_class': 'Lorg/json/JSONObject;',
  'source_method': 'toString()Ljava/lang/String;'},
 {'clss': 'Lcom/chartboost/sdk/impl/n0;',
  'method': 'a()V',
  'name': ['AAID'],
  'num': 150,
  'source_class': 'Lcom/google/android/gms/ads/identifier/AdvertisingIdClient$Info;',
  'source_method': 'getId()Ljava/lang/String;'},
 {'clss': 'Lcom/chartboost/sdk/impl/q3;',
  'method': 'c(Landroid/content/Context;)Ljava/lang/String;',
  'name': ['UUID'],
  'num': 226,
  'source_class': 'Landroid/content/SharedPreferences;',
  'source_method': 'getString(Ljava/lang/String;Ljava/lang/String;)Ljava/lang/String;'},
 {'clss': 'Lcom/chartboost/sdk/impl/o1;',
  'method': 'a(Ljava/lang/String;Ljava/lang/String;)Ljava/lang/String;',
  'name': ['AAID'],
  'num': 424,
  'source_class': 'Lorg/json/JSONObject;',
  'source_method': 'toString()Ljava/lang/String;'},
 {'clss': 'Lcom/chartboost/sdk/impl/n0;',
  'method': 'a()V',
  'name': ['AAID'],
  'num': 150,
  'source_class': 'Lcom/google/android/gms/ads/identifier/AdvertisingIdClient$Info;',
  'source_method': 'getId()Ljava/lang/String;'},
 {'clss': 'Lcom/chartboost/sdk/impl/q3;',
  'method': 'c(Landroid/content/Context;)Ljava/lang/String;',
  'name': ['UUID'],
  'num': 226,
  'source_class': 'Landroid/content/SharedPreferences;',
  'source_method': 'getString(Ljava/lang/String;Ljava/lang/String;)Ljava/lang/String;'},
 {'clss': 'Lcom/chartboost/sdk/impl/o1;',
  'method': 'a(Ljava/lang/String;Ljava/lang/String;)Ljava/lang/String;',
  'name': ['AAID'],
  'num': 424,
  'source_class': 'Lorg/json/JSONObject;',
  'source_method': 'toString()Ljava/lang/String;'},
 {'clss': 'Lcom/chartboost/sdk/impl/n0;',
  'method': 'a()V',
  'name': ['AAID'],
  'num': 150,
  'source_class': 'Lcom/google/android/gms/ads/identifier/AdvertisingIdClient$Info;',
  'source_method': 'getId()Ljava/lang/String;'},
 {'clss': 'Lcom/chartboost/sdk/impl/q3;',
  'method': 'c(Landroid/content/Context;)Ljava/lang/String;',
  'name': ['UUID'],
  'num': 226,
  'source_class': 'Landroid/content/SharedPreferences;',
  'source_method': 'getString(Ljava/lang/String;Ljava/lang/String;)Ljava/lang/String;'},
 {'clss': 'Lcom/chartboost/sdk/impl/o1;',
  'method': 'a(Ljava/lang/String;Ljava/lang/String;)Ljava/lang/String;',
  'name': ['AAID'],
  'num': 424,
  'source_class': 'Lorg/json/JSONObject;',
  'source_method': 'toString()Ljava/lang/String;'},
 {'clss': 'Lcom/chartboost/sdk/impl/c2;',
  'method': 'a(Lcom/chartboost/sdk/impl/y1;)Lcom/chartboost/sdk/impl/x1;',
  'name': ['AAID'],
  'num': 390,
  'source_class': 'Lorg/json/JSONObject;',
  'source_method': 'toString(I)Ljava/lang/String;'},
 {'clss': 'Lcom/chartboost/sdk/impl/c2;',
  'method': 'a(Lcom/chartboost/sdk/impl/y1;)Lcom/chartboost/sdk/impl/x1;',
  'name': ['AAID'],
  'num': 398,
  'source_class': 'Ljava/lang/StringBuilder;',
  'source_method': 'toString()Ljava/lang/String;'},
 {'clss': 'Lcom/chartboost/sdk/impl/x;',
  'method': 'a(Lorg/json/JSONArray;Ljava/util/Map;Ljava/util/Map;)V',
  'name': ['AAID'],
  'num': 435,
  'source_class': 'Lorg/json/JSONObject;',
  'source_method': 'getString(Ljava/lang/String;)Ljava/lang/String;'},
 {'clss': 'Lcom/chartboost/sdk/impl/x;',
  'method': 'b(Lorg/json/JSONObject;)Ljava/util/Map;',
  'name': ['AAID'],
  'num': 696,
  'source_class': 'Lorg/json/JSONArray;',
  'source_method': 'getString(I)Ljava/lang/String;'},
 {'clss': 'Lcom/chartboost/sdk/impl/g9;',
  'method': 'a(Ljava/io/File;Ljava/util/Map;Ljava/lang/String;Ljava/lang/String;)Ljava/lang/String;',
  'name': ['AAID'],
  'num': 110,
  'source_class': 'Ljava/util/Map$Entry;',
  'source_method': 'getValue()Ljava/lang/Object;'},
 {'clss': 'Lcom/chartboost/sdk/impl/g9;',
  'method': 'a(Ljava/io/File;Ljava/util/Map;Ljava/lang/String;Ljava/lang/String;)Ljava/lang/String;',
  'name': ['AAID'],
  'num': 151,
  'source_class': 'Ljava/util/Map$Entry;',
  'source_method': 'getValue()Ljava/lang/Object;'},
 {'clss': 'Lcom/chartboost/sdk/impl/g9;',
  'method': 'a(Ljava/io/File;Ljava/util/Map;Ljava/lang/String;Ljava/lang/String;)Ljava/lang/String;',
  'name': ['AAID'],
  'num': 273,
  'source_class': 'Ljava/util/Map$Entry;',
  'source_method': 'getValue()Ljava/lang/Object;'},
 {'clss': 'Lcom/chartboost/sdk/impl/g9;',
  'method': 'a(Ljava/io/File;Ljava/util/Map;Ljava/lang/String;Ljava/lang/String;)Ljava/lang/String;',
  'name': ['AAID'],
  'num': 273,
  'source_class': 'Ljava/util/Map$Entry;',
  'source_method': 'getValue()Ljava/lang/Object;'},
 {'clss': 'Lcom/chartboost/sdk/impl/g9;',
  'method': 'a(Ljava/io/File;Ljava/util/Map;Ljava/lang/String;Ljava/lang/String;)Ljava/lang/String;',
  'name': ['AAID'],
  'num': 273,
  'source_class': 'Ljava/util/Map$Entry;',
  'source_method': 'getValue()Ljava/lang/Object;'},
 {'clss': 'Lcom/chartboost/sdk/impl/g9;',
  'method': 'a(Ljava/io/File;Ljava/util/Map;Ljava/lang/String;Ljava/lang/String;)Ljava/lang/String;',
  'name': ['AAID'],
  'num': 273,
  'source_class': 'Ljava/util/Map$Entry;',
  'source_method': 'getValue()Ljava/lang/Object;'},
 {'clss': 'Lcom/chartboost/sdk/impl/g9;',
  'method': 'a(Ljava/io/File;Ljava/util/Map;Ljava/lang/String;Ljava/lang/String;)Ljava/lang/String;',
  'name': ['AAID'],
  'num': 273,
  'source_class': 'Ljava/util/Map$Entry;',
  'source_method': 'getValue()Ljava/lang/Object;'},
 {'clss': 'Lcom/chartboost/sdk/impl/g9;',
  'method': 'a(Ljava/io/File;Ljava/util/Map;Ljava/lang/String;Ljava/lang/String;)Ljava/lang/String;',
  'name': ['AAID'],
  'num': 273,
  'source_class': 'Ljava/util/Map$Entry;',
  'source_method': 'getValue()Ljava/lang/Object;'},
 {'clss': 'Lcom/chartboost/sdk/impl/g9;',
  'method': 'a(Ljava/io/File;Ljava/util/Map;Ljava/lang/String;Ljava/lang/String;)Ljava/lang/String;',
  'name': ['AAID'],
  'num': 273,
  'source_class': 'Ljava/util/Map$Entry;',
  'source_method': 'getValue()Ljava/lang/Object;'},
 {'clss': 'Lcom/chartboost/sdk/impl/g9;',
  'method': 'a(Ljava/io/File;Ljava/util/Map;Ljava/lang/String;Ljava/lang/String;)Ljava/lang/String;',
  'name': ['AAID'],
  'num': 273,
  'source_class': 'Ljava/util/Map$Entry;',
  'source_method': 'getValue()Ljava/lang/Object;'},
 {'clss': 'Lcom/chartboost/sdk/impl/g9;',
  'method': 'a(Ljava/io/File;Ljava/util/Map;Ljava/lang/String;Ljava/lang/String;)Ljava/lang/String;',
  'name': ['AAID'],
  'num': 273,
  'source_class': 'Ljava/util/Map$Entry;',
  'source_method': 'getValue()Ljava/lang/Object;'},
 {'clss': 'Lcom/chartboost/sdk/impl/g9;',
  'method': 'a(Ljava/io/File;Ljava/util/Map;Ljava/lang/String;Ljava/lang/String;)Ljava/lang/String;',
  'name': ['AAID'],
  'num': 273,
  'source_class': 'Ljava/util/Map$Entry;',
  'source_method': 'getValue()Ljava/lang/Object;'},
 {'clss': 'Lcom/chartboost/sdk/impl/g9;',
  'method': 'a(Ljava/io/File;Ljava/util/Map;Ljava/lang/String;Ljava/lang/String;)Ljava/lang/String;',
  'name': ['AAID'],
  'num': 273,
  'source_class': 'Ljava/util/Map$Entry;',
  'source_method': 'getValue()Ljava/lang/Object;'},
 {'clss': 'Lcom/chartboost/sdk/impl/g9;',
  'method': 'a(Ljava/io/File;Ljava/util/Map;Ljava/lang/String;Ljava/lang/String;)Ljava/lang/String;',
  'name': ['AAID'],
  'num': 273,
  'source_class': 'Ljava/util/Map$Entry;',
  'source_method': 'getValue()Ljava/lang/Object;'},
 {'clss': 'Lcom/chartboost/sdk/impl/g9;',
  'method': 'a(Ljava/io/File;Ljava/util/Map;Ljava/lang/String;Ljava/lang/String;)Ljava/lang/String;',
  'name': ['AAID'],
  'num': 273,
  'source_class': 'Ljava/util/Map$Entry;',
  'source_method': 'getValue()Ljava/lang/Object;'},
 {'clss': 'Lcom/chartboost/sdk/impl/g9;',
  'method': 'a(Ljava/io/File;Ljava/util/Map;Ljava/lang/String;Ljava/lang/String;)Ljava/lang/String;',
  'name': ['AAID'],
  'num': 273,
  'source_class': 'Ljava/util/Map$Entry;',
  'source_method': 'getValue()Ljava/lang/Object;'},
 {'clss': 'Lcom/chartboost/sdk/impl/g9;',
  'method': 'a(Ljava/io/File;Ljava/util/Map;Ljava/lang/String;Ljava/lang/String;)Ljava/lang/String;',
  'name': ['AAID'],
  'num': 273,
  'source_class': 'Ljava/util/Map$Entry;',
  'source_method': 'getValue()Ljava/lang/Object;'},
 {'clss': 'Lcom/chartboost/sdk/impl/g9;',
  'method': 'a(Ljava/io/File;Ljava/util/Map;Ljava/lang/String;Ljava/lang/String;)Ljava/lang/String;',
  'name': ['AAID'],
  'num': 273,
  'source_class': 'Ljava/util/Map$Entry;',
  'source_method': 'getValue()Ljava/lang/Object;'},
 {'clss': 'Lcom/chartboost/sdk/impl/g9;',
  'method': 'a(Ljava/io/File;Ljava/util/Map;Ljava/lang/String;Ljava/lang/String;)Ljava/lang/String;',
  'name': ['AAID'],
  'num': 273,
  'source_class': 'Ljava/util/Map$Entry;',
  'source_method': 'getValue()Ljava/lang/Object;'},
 {'clss': 'Lcom/chartboost/sdk/impl/g9;',
  'method': 'a(Ljava/io/File;Ljava/util/Map;Ljava/lang/String;Ljava/lang/String;)Ljava/lang/String;',
  'name': ['AAID'],
  'num': 273,
  'source_class': 'Ljava/util/Map$Entry;',
  'source_method': 'getValue()Ljava/lang/Object;'},
 {'clss': 'Lcom/chartboost/sdk/impl/g9;',
  'method': 'a(Ljava/io/File;Ljava/util/Map;Ljava/lang/String;Ljava/lang/String;)Ljava/lang/String;',
  'name': ['AAID'],
  'num': 273,
  'source_class': 'Ljava/util/Map$Entry;',
  'source_method': 'getValue()Ljava/lang/Object;'},
 {'clss': 'Lcom/chartboost/sdk/impl/g9;',
  'method': 'a(Ljava/io/File;Ljava/util/Map;Ljava/lang/String;Ljava/lang/String;)Ljava/lang/String;',
  'name': ['AAID'],
  'num': 273,
  'source_class': 'Ljava/util/Map$Entry;',
  'source_method': 'getValue()Ljava/lang/Object;'},
 {'clss': 'Lcom/chartboost/sdk/impl/g9;',
  'method': 'a(Ljava/io/File;Ljava/util/Map;Ljava/lang/String;Ljava/lang/String;)Ljava/lang/String;',
  'name': ['AAID'],
  'num': 273,
  'source_class': 'Ljava/util/Map$Entry;',
  'source_method': 'getValue()Ljava/lang/Object;'},
 {'clss': 'Lcom/chartboost/sdk/impl/g9;',
  'method': 'a(Ljava/io/File;Ljava/util/Map;Ljava/lang/String;Ljava/lang/String;)Ljava/lang/String;',
  'name': ['AAID'],
  'num': 273,
  'source_class': 'Ljava/util/Map$Entry;',
  'source_method': 'getValue()Ljava/lang/Object;'},
 {'clss': 'Lcom/chartboost/sdk/impl/g9;',
  'method': 'a(Ljava/io/File;Ljava/util/Map;Ljava/lang/String;Ljava/lang/String;)Ljava/lang/String;',
  'name': ['AAID'],
  'num': 273,
  'source_class': 'Ljava/util/Map$Entry;',
  'source_method': 'getValue()Ljava/lang/Object;'},
 {'clss': 'Lcom/chartboost/sdk/impl/g9;',
  'method': 'a(Ljava/io/File;Ljava/util/Map;Ljava/lang/String;Ljava/lang/String;)Ljava/lang/String;',
  'name': ['AAID'],
  'num': 273,
  'source_class': 'Ljava/util/Map$Entry;',
  'source_method': 'getValue()Ljava/lang/Object;'},
 {'clss': 'Lcom/chartboost/sdk/impl/g9;',
  'method': 'a(Ljava/io/File;Ljava/util/Map;Ljava/lang/String;Ljava/lang/String;)Ljava/lang/String;',
  'name': ['AAID'],
  'num': 325,
  'source_class': 'Ljava/lang/StringBuilder;',
  'source_method': 'toString()Ljava/lang/String;'},
 {'clss': 'Lcom/chartboost/sdk/impl/n0;',
  'method': 'a()V',
  'name': ['AAID'],
  'num': 150,
  'source_class': 'Lcom/google/android/gms/ads/identifier/AdvertisingIdClient$Info;',
  'source_method': 'getId()Ljava/lang/String;'},
 {'clss': 'Lcom/chartboost/sdk/impl/q1;', 'method': 'b(Ljava/lang/String;)V', 'name': ['AAID'], 'num': 1633, 'source_class': 'Ljava/util/Iterator;', 'source_method': 'next()Ljava/lang/Object;'},
 {'clss': 'Lcom/chartboost/sdk/impl/z1;',
  'method': 'a(Lcom/chartboost/sdk/impl/v1;)V',
  'name': ['AAID'],
  'num': 100,
  'source_class': 'Ljava/lang/StringBuilder;',
  'source_method': 'toString()Ljava/lang/String;'},
 {'clss': 'Lcom/chartboost/sdk/impl/q3;',
  'method': 'c(Landroid/content/Context;)Ljava/lang/String;',
  'name': ['UUID'],
  'num': 226,
  'source_class': 'Landroid/content/SharedPreferences;',
  'source_method': 'getString(Ljava/lang/String;Ljava/lang/String;)Ljava/lang/String;'},
 {'clss': 'Lcom/chartboost/sdk/impl/g2;',
  'method': 'd(Ljava/lang/String;)V',
  'name': ['AAID'],
  'num': 1751,
  'source_class': 'Ljava/lang/StringBuilder;',
  'source_method': 'toString()Ljava/lang/String;'},
 {'clss': 'Lcom/chartboost/sdk/impl/o1;',
  'method': 'a(Ljava/lang/String;Ljava/lang/String;)Ljava/lang/String;',
  'name': ['AAID'],
  'num': 424,
  'source_class': 'Lorg/json/JSONObject;',
  'source_method': 'toString()Ljava/lang/String;'},
 {'clss': 'Lcom/chartboost/sdk/impl/n0;',
  'method': 'a()V',
  'name': ['AAID'],
  'num': 150,
  'source_class': 'Lcom/google/android/gms/ads/identifier/AdvertisingIdClient$Info;',
  'source_method': 'getId()Ljava/lang/String;'},
 {'clss': 'Lcom/chartboost/sdk/impl/q3;',
  'method': 'c(Landroid/content/Context;)Ljava/lang/String;',
  'name': ['UUID'],
  'num': 226,
  'source_class': 'Landroid/content/SharedPreferences;',
  'source_method': 'getString(Ljava/lang/String;Ljava/lang/String;)Ljava/lang/String;'},
 {'clss': 'Lcom/chartboost/sdk/impl/o1;',
  'method': 'a(Ljava/lang/String;Ljava/lang/String;)Ljava/lang/String;',
  'name': ['AAID'],
  'num': 424,
  'source_class': 'Lorg/json/JSONObject;',
  'source_method': 'toString()Ljava/lang/String;'},
 {'clss': 'Lcom/chartboost/sdk/impl/n0;',
  'method': 'a()V',
  'name': ['AAID'],
  'num': 150,
  'source_class': 'Lcom/google/android/gms/ads/identifier/AdvertisingIdClient$Info;',
  'source_method': 'getId()Ljava/lang/String;'},
 {'clss': 'Lcom/chartboost/sdk/impl/q3;',
  'method': 'c(Landroid/content/Context;)Ljava/lang/String;',
  'name': ['UUID'],
  'num': 226,
  'source_class': 'Landroid/content/SharedPreferences;',
  'source_method': 'getString(Ljava/lang/String;Ljava/lang/String;)Ljava/lang/String;'},
 {'clss': 'Lcom/chartboost/sdk/impl/o1;',
  'method': 'a(Ljava/lang/String;Ljava/lang/String;)Ljava/lang/String;',
  'name': ['AAID'],
  'num': 424,
  'source_class': 'Lorg/json/JSONObject;',
  'source_method': 'toString()Ljava/lang/String;'},
 {'clss': 'Lcom/chartboost/sdk/impl/n0;',
  'method': 'a()V',
  'name': ['AAID'],
  'num': 150,
  'source_class': 'Lcom/google/android/gms/ads/identifier/AdvertisingIdClient$Info;',
  'source_method': 'getId()Ljava/lang/String;'},
 {'clss': 'Lcom/chartboost/sdk/impl/q3;',
  'method': 'c(Landroid/content/Context;)Ljava/lang/String;',
  'name': ['UUID'],
  'num': 226,
  'source_class': 'Landroid/content/SharedPreferences;',
  'source_method': 'getString(Ljava/lang/String;Ljava/lang/String;)Ljava/lang/String;'},
 {'clss': 'Lcom/chartboost/sdk/impl/o1;',
  'method': 'a(Ljava/lang/String;Ljava/lang/String;)Ljava/lang/String;',
  'name': ['AAID'],
  'num': 424,
  'source_class': 'Lorg/json/JSONObject;',
  'source_method': 'toString()Ljava/lang/String;'},
 {'clss': 'Lcom/chartboost/sdk/impl/c2;',
  'method': 'a(Lcom/chartboost/sdk/impl/y1;)Lcom/chartboost/sdk/impl/x1;',
  'name': ['AAID'],
  'num': 390,
  'source_class': 'Lorg/json/JSONObject;',
  'source_method': 'toString(I)Ljava/lang/String;'},
 {'clss': 'Lcom/chartboost/sdk/impl/c2;',
  'method': 'a(Lcom/chartboost/sdk/impl/y1;)Lcom/chartboost/sdk/impl/x1;',
  'name': ['AAID'],
  'num': 398,
  'source_class': 'Ljava/lang/StringBuilder;',
  'source_method': 'toString()Ljava/lang/String;'},
 {'clss': 'Lcom/chartboost/sdk/impl/x;',
  'method': 'a(Lorg/json/JSONArray;Ljava/util/Map;Ljava/util/Map;)V',
  'name': ['AAID'],
  'num': 435,
  'source_class': 'Lorg/json/JSONObject;',
  'source_method': 'getString(Ljava/lang/String;)Ljava/lang/String;'},
 {'clss': 'Lcom/chartboost/sdk/impl/x;',
  'method': 'b(Lorg/json/JSONObject;)Ljava/util/Map;',
  'name': ['AAID'],
  'num': 696,
  'source_class': 'Lorg/json/JSONArray;',
  'source_method': 'getString(I)Ljava/lang/String;'},
 {'clss': 'Lcom/chartboost/sdk/impl/g9;',
  'method': 'a(Ljava/io/File;Ljava/util/Map;Ljava/lang/String;Ljava/lang/String;)Ljava/lang/String;',
  'name': ['AAID'],
  'num': 110,
  'source_class': 'Ljava/util/Map$Entry;',
  'source_method': 'getValue()Ljava/lang/Object;'},
 {'clss': 'Lcom/chartboost/sdk/impl/g9;',
  'method': 'a(Ljava/io/File;Ljava/util/Map;Ljava/lang/String;Ljava/lang/String;)Ljava/lang/String;',
  'name': ['AAID'],
  'num': 151,
  'source_class': 'Ljava/util/Map$Entry;',
  'source_method': 'getValue()Ljava/lang/Object;'},
 {'clss': 'Lcom/chartboost/sdk/impl/g9;',
  'method': 'a(Ljava/io/File;Ljava/util/Map;Ljava/lang/String;Ljava/lang/String;)Ljava/lang/String;',
  'name': ['AAID'],
  'num': 273,
  'source_class': 'Ljava/util/Map$Entry;',
  'source_method': 'getValue()Ljava/lang/Object;'},
 {'clss': 'Lcom/chartboost/sdk/impl/g9;',
  'method': 'a(Ljava/io/File;Ljava/util/Map;Ljava/lang/String;Ljava/lang/String;)Ljava/lang/String;',
  'name': ['AAID'],
  'num': 273,
  'source_class': 'Ljava/util/Map$Entry;',
  'source_method': 'getValue()Ljava/lang/Object;'},
 {'clss': 'Lcom/chartboost/sdk/impl/g9;',
  'method': 'a(Ljava/io/File;Ljava/util/Map;Ljava/lang/String;Ljava/lang/String;)Ljava/lang/String;',
  'name': ['AAID'],
  'num': 273,
  'source_class': 'Ljava/util/Map$Entry;',
  'source_method': 'getValue()Ljava/lang/Object;'},
 {'clss': 'Lcom/chartboost/sdk/impl/g9;',
  'method': 'a(Ljava/io/File;Ljava/util/Map;Ljava/lang/String;Ljava/lang/String;)Ljava/lang/String;',
  'name': ['AAID'],
  'num': 273,
  'source_class': 'Ljava/util/Map$Entry;',
  'source_method': 'getValue()Ljava/lang/Object;'},
 {'clss': 'Lcom/chartboost/sdk/impl/g9;',
  'method': 'a(Ljava/io/File;Ljava/util/Map;Ljava/lang/String;Ljava/lang/String;)Ljava/lang/String;',
  'name': ['AAID'],
  'num': 273,
  'source_class': 'Ljava/util/Map$Entry;',
  'source_method': 'getValue()Ljava/lang/Object;'},
 {'clss': 'Lcom/chartboost/sdk/impl/g9;',
  'method': 'a(Ljava/io/File;Ljava/util/Map;Ljava/lang/String;Ljava/lang/String;)Ljava/lang/String;',
  'name': ['AAID'],
  'num': 273,
  'source_class': 'Ljava/util/Map$Entry;',
  'source_method': 'getValue()Ljava/lang/Object;'},
 {'clss': 'Lcom/chartboost/sdk/impl/g9;',
  'method': 'a(Ljava/io/File;Ljava/util/Map;Ljava/lang/String;Ljava/lang/String;)Ljava/lang/String;',
  'name': ['AAID'],
  'num': 273,
  'source_class': 'Ljava/util/Map$Entry;',
  'source_method': 'getValue()Ljava/lang/Object;'},
 {'clss': 'Lcom/chartboost/sdk/impl/g9;',
  'method': 'a(Ljava/io/File;Ljava/util/Map;Ljava/lang/String;Ljava/lang/String;)Ljava/lang/String;',
  'name': ['AAID'],
  'num': 273,
  'source_class': 'Ljava/util/Map$Entry;',
  'source_method': 'getValue()Ljava/lang/Object;'},
 {'clss': 'Lcom/chartboost/sdk/impl/g9;',
  'method': 'a(Ljava/io/File;Ljava/util/Map;Ljava/lang/String;Ljava/lang/String;)Ljava/lang/String;',
  'name': ['AAID'],
  'num': 273,
  'source_class': 'Ljava/util/Map$Entry;',
  'source_method': 'getValue()Ljava/lang/Object;'},
 {'clss': 'Lcom/chartboost/sdk/impl/g9;',
  'method': 'a(Ljava/io/File;Ljava/util/Map;Ljava/lang/String;Ljava/lang/String;)Ljava/lang/String;',
  'name': ['AAID'],
  'num': 273,
  'source_class': 'Ljava/util/Map$Entry;',
  'source_method': 'getValue()Ljava/lang/Object;'},
 {'clss': 'Lcom/chartboost/sdk/impl/g9;',
  'method': 'a(Ljava/io/File;Ljava/util/Map;Ljava/lang/String;Ljava/lang/String;)Ljava/lang/String;',
  'name': ['AAID'],
  'num': 273,
  'source_class': 'Ljava/util/Map$Entry;',
  'source_method': 'getValue()Ljava/lang/Object;'},
 {'clss': 'Lcom/chartboost/sdk/impl/g9;',
  'method': 'a(Ljava/io/File;Ljava/util/Map;Ljava/lang/String;Ljava/lang/String;)Ljava/lang/String;',
  'name': ['AAID'],
  'num': 273,
  'source_class': 'Ljava/util/Map$Entry;',
  'source_method': 'getValue()Ljava/lang/Object;'},
 {'clss': 'Lcom/chartboost/sdk/impl/g9;',
  'method': 'a(Ljava/io/File;Ljava/util/Map;Ljava/lang/String;Ljava/lang/String;)Ljava/lang/String;',
  'name': ['AAID'],
  'num': 273,
  'source_class': 'Ljava/util/Map$Entry;',
  'source_method': 'getValue()Ljava/lang/Object;'},
 {'clss': 'Lcom/chartboost/sdk/impl/g9;',
  'method': 'a(Ljava/io/File;Ljava/util/Map;Ljava/lang/String;Ljava/lang/String;)Ljava/lang/String;',
  'name': ['AAID'],
  'num': 273,
  'source_class': 'Ljava/util/Map$Entry;',
  'source_method': 'getValue()Ljava/lang/Object;'},
 {'clss': 'Lcom/chartboost/sdk/impl/g9;',
  'method': 'a(Ljava/io/File;Ljava/util/Map;Ljava/lang/String;Ljava/lang/String;)Ljava/lang/String;',
  'name': ['AAID'],
  'num': 273,
  'source_class': 'Ljava/util/Map$Entry;',
  'source_method': 'getValue()Ljava/lang/Object;'},
 {'clss': 'Lcom/chartboost/sdk/impl/g9;',
  'method': 'a(Ljava/io/File;Ljava/util/Map;Ljava/lang/String;Ljava/lang/String;)Ljava/lang/String;',
  'name': ['AAID'],
  'num': 273,
  'source_class': 'Ljava/util/Map$Entry;',
  'source_method': 'getValue()Ljava/lang/Object;'},
 {'clss': 'Lcom/chartboost/sdk/impl/g9;',
  'method': 'a(Ljava/io/File;Ljava/util/Map;Ljava/lang/String;Ljava/lang/String;)Ljava/lang/String;',
  'name': ['AAID'],
  'num': 273,
  'source_class': 'Ljava/util/Map$Entry;',
  'source_method': 'getValue()Ljava/lang/Object;'},
 {'clss': 'Lcom/chartboost/sdk/impl/g9;',
  'method': 'a(Ljava/io/File;Ljava/util/Map;Ljava/lang/String;Ljava/lang/String;)Ljava/lang/String;',
  'name': ['AAID'],
  'num': 273,
  'source_class': 'Ljava/util/Map$Entry;',
  'source_method': 'getValue()Ljava/lang/Object;'},
 {'clss': 'Lcom/chartboost/sdk/impl/g9;',
  'method': 'a(Ljava/io/File;Ljava/util/Map;Ljava/lang/String;Ljava/lang/String;)Ljava/lang/String;',
  'name': ['AAID'],
  'num': 273,
  'source_class': 'Ljava/util/Map$Entry;',
  'source_method': 'getValue()Ljava/lang/Object;'},
 {'clss': 'Lcom/chartboost/sdk/impl/g9;',
  'method': 'a(Ljava/io/File;Ljava/util/Map;Ljava/lang/String;Ljava/lang/String;)Ljava/lang/String;',
  'name': ['AAID'],
  'num': 273,
  'source_class': 'Ljava/util/Map$Entry;',
  'source_method': 'getValue()Ljava/lang/Object;'},
 {'clss': 'Lcom/chartboost/sdk/impl/g9;',
  'method': 'a(Ljava/io/File;Ljava/util/Map;Ljava/lang/String;Ljava/lang/String;)Ljava/lang/String;',
  'name': ['AAID'],
  'num': 273,
  'source_class': 'Ljava/util/Map$Entry;',
  'source_method': 'getValue()Ljava/lang/Object;'},
 {'clss': 'Lcom/chartboost/sdk/impl/g9;',
  'method': 'a(Ljava/io/File;Ljava/util/Map;Ljava/lang/String;Ljava/lang/String;)Ljava/lang/String;',
  'name': ['AAID'],
  'num': 273,
  'source_class': 'Ljava/util/Map$Entry;',
  'source_method': 'getValue()Ljava/lang/Object;'},
 {'clss': 'Lcom/chartboost/sdk/impl/g9;',
  'method': 'a(Ljava/io/File;Ljava/util/Map;Ljava/lang/String;Ljava/lang/String;)Ljava/lang/String;',
  'name': ['AAID'],
  'num': 273,
  'source_class': 'Ljava/util/Map$Entry;',
  'source_method': 'getValue()Ljava/lang/Object;'},
 {'clss': 'Lcom/chartboost/sdk/impl/g9;',
  'method': 'a(Ljava/io/File;Ljava/util/Map;Ljava/lang/String;Ljava/lang/String;)Ljava/lang/String;',
  'name': ['AAID'],
  'num': 273,
  'source_class': 'Ljava/util/Map$Entry;',
  'source_method': 'getValue()Ljava/lang/Object;'},
 {'clss': 'Lcom/chartboost/sdk/impl/g9;',
  'method': 'a(Ljava/io/File;Ljava/util/Map;Ljava/lang/String;Ljava/lang/String;)Ljava/lang/String;',
  'name': ['AAID'],
  'num': 325,
  'source_class': 'Ljava/lang/StringBuilder;',
  'source_method': 'toString()Ljava/lang/String;'},
 {'clss': 'Lcom/chartboost/sdk/impl/n0;',
  'method': 'a()V',
  'name': ['AAID'],
  'num': 150,
  'source_class': 'Lcom/google/android/gms/ads/identifier/AdvertisingIdClient$Info;',
  'source_method': 'getId()Ljava/lang/String;'},
 {'clss': 'Lcom/chartboost/sdk/impl/q3;',
  'method': 'c(Landroid/content/Context;)Ljava/lang/String;',
  'name': ['UUID'],
  'num': 226,
  'source_class': 'Landroid/content/SharedPreferences;',
  'source_method': 'getString(Ljava/lang/String;Ljava/lang/String;)Ljava/lang/String;'},
 {'clss': 'Lcom/chartboost/sdk/impl/o1;',
  'method': 'a(Ljava/lang/String;Ljava/lang/String;)Ljava/lang/String;',
  'name': ['AAID'],
  'num': 424,
  'source_class': 'Lorg/json/JSONObject;',
  'source_method': 'toString()Ljava/lang/String;'},
 {'clss': 'Lcom/chartboost/sdk/impl/q1;', 'method': 'b(Ljava/lang/String;)V', 'name': ['AAID'], 'num': 1633, 'source_class': 'Ljava/util/Iterator;', 'source_method': 'next()Ljava/lang/Object;'},
 {'clss': 'Lcom/chartboost/sdk/impl/z1;',
  'method': 'a(Lcom/chartboost/sdk/impl/v1;)V',
  'name': ['AAID'],
  'num': 100,
  'source_class': 'Ljava/lang/StringBuilder;',
  'source_method': 'toString()Ljava/lang/String;'},
 {'clss': 'Lcom/chartboost/sdk/impl/g2;',
  'method': 'd(Ljava/lang/String;)V',
  'name': ['AAID'],
  'num': 1751,
  'source_class': 'Ljava/lang/StringBuilder;',
  'source_method': 'toString()Ljava/lang/String;'},
 {'clss': 'Lcom/chartboost/sdk/impl/n0;',
  'method': 'a()V',
  'name': ['AAID'],
  'num': 150,
  'source_class': 'Lcom/google/android/gms/ads/identifier/AdvertisingIdClient$Info;',
  'source_method': 'getId()Ljava/lang/String;'},
 {'clss': 'Lcom/chartboost/sdk/impl/q3;',
  'method': 'c(Landroid/content/Context;)Ljava/lang/String;',
  'name': ['UUID'],
  'num': 226,
  'source_class': 'Landroid/content/SharedPreferences;',
  'source_method': 'getString(Ljava/lang/String;Ljava/lang/String;)Ljava/lang/String;'},
 {'clss': 'Lcom/chartboost/sdk/impl/o1;',
  'method': 'a(Ljava/lang/String;Ljava/lang/String;)Ljava/lang/String;',
  'name': ['AAID'],
  'num': 424,
  'source_class': 'Lorg/json/JSONObject;',
  'source_method': 'toString()Ljava/lang/String;'},
 {'clss': 'Lcom/chartboost/sdk/impl/n0;',
  'method': 'a()V',
  'name': ['AAID'],
  'num': 150,
  'source_class': 'Lcom/google/android/gms/ads/identifier/AdvertisingIdClient$Info;',
  'source_method': 'getId()Ljava/lang/String;'},
 {'clss': 'Lcom/chartboost/sdk/impl/q3;',
  'method': 'c(Landroid/content/Context;)Ljava/lang/String;',
  'name': ['UUID'],
  'num': 226,
  'source_class': 'Landroid/content/SharedPreferences;',
  'source_method': 'getString(Ljava/lang/String;Ljava/lang/String;)Ljava/lang/String;'},
 {'clss': 'Lcom/chartboost/sdk/impl/o1;',
  'method': 'a(Ljava/lang/String;Ljava/lang/String;)Ljava/lang/String;',
  'name': ['AAID'],
  'num': 424,
  'source_class': 'Lorg/json/JSONObject;',
  'source_method': 'toString()Ljava/lang/String;'},
 {'clss': 'Lcom/chartboost/sdk/impl/n0;',
  'method': 'a()V',
  'name': ['AAID'],
  'num': 150,
  'source_class': 'Lcom/google/android/gms/ads/identifier/AdvertisingIdClient$Info;',
  'source_method': 'getId()Ljava/lang/String;'},
 {'clss': 'Lcom/chartboost/sdk/impl/q3;',
  'method': 'c(Landroid/content/Context;)Ljava/lang/String;',
  'name': ['UUID'],
  'num': 226,
  'source_class': 'Landroid/content/SharedPreferences;',
  'source_method': 'getString(Ljava/lang/String;Ljava/lang/String;)Ljava/lang/String;'},
 {'clss': 'Lcom/chartboost/sdk/impl/o1;',
  'method': 'a(Ljava/lang/String;Ljava/lang/String;)Ljava/lang/String;',
  'name': ['AAID'],
  'num': 424,
  'source_class': 'Lorg/json/JSONObject;',
  'source_method': 'toString()Ljava/lang/String;'},
 {'clss': 'Lcom/chartboost/sdk/impl/c2;',
  'method': 'a()Lcom/chartboost/sdk/impl/w1;',
  'name': ['AAID'],
  'num': 129,
  'source_class': 'Lorg/json/JSONObject;',
  'source_method': 'toString()Ljava/lang/String;'},
 {'clss': 'Lcom/chartboost/sdk/impl/c2;',
  'method': 'a()Lcom/chartboost/sdk/impl/w1;',
  'name': ['AAID'],
  'num': 176,
  'source_class': 'Ljava/lang/String;',
  'source_method': 'format(Ljava/util/Locale;Ljava/lang/String;[Ljava/lang/Object;)Ljava/lang/String;'},
 {'clss': 'Lcom/chartboost/sdk/impl/n0;',
  'method': 'a()V',
  'name': ['AAID'],
  'num': 150,
  'source_class': 'Lcom/google/android/gms/ads/identifier/AdvertisingIdClient$Info;',
  'source_method': 'getId()Ljava/lang/String;'},
 {'clss': 'Lcom/chartboost/sdk/impl/q3;',
  'method': 'c(Landroid/content/Context;)Ljava/lang/String;',
  'name': ['UUID'],
  'num': 226,
  'source_class': 'Landroid/content/SharedPreferences;',
  'source_method': 'getString(Ljava/lang/String;Ljava/lang/String;)Ljava/lang/String;'},
 {'clss': 'Lcom/chartboost/sdk/impl/o1;',
  'method': 'a(Ljava/lang/String;Ljava/lang/String;)Ljava/lang/String;',
  'name': ['AAID'],
  'num': 424,
  'source_class': 'Lorg/json/JSONObject;',
  'source_method': 'toString()Ljava/lang/String;'}]
Sinks
[{"smali_tag": "8162_41", "clss": "Lcom/chartboost/sdk/impl/m6;", "method": "a(Lcom/chartboost/sdk/impl/v1;)Ljavax/net/ssl/HttpsURLConnection;", "num": 41, "sink_class": "Ljava/net/URL;", "sink_method": "<init>(Ljava/lang/String;)V", "sink_values": ["https://live.chartboost.com/webview/v2/interstitial/get"], "sources": ["AAID", "UUID"], "returned_value": null}, {"smali_tag": "8162_41", "clss": "Lcom/chartboost/sdk/impl/m6;", "method": "a(Lcom/chartboost/sdk/impl/v1;)Ljavax/net/ssl/HttpsURLConnection;", "num": 41, "sink_class": "Ljava/net/URL;", "sink_method": "<init>(Ljava/lang/String;)V", "sink_values": ["https://assets.mintegral.com/vm/23/07/30/00/e814a45a-abae-4751-82d9-6c7b538aad0c.mp4"], "sources": ["AAID"], "returned_value": null}, {"smali_tag": "8162_41", "clss": "Lcom/chartboost/sdk/impl/m6;", "method": "a(Lcom/chartboost/sdk/impl/v1;)Ljavax/net/ssl/HttpsURLConnection;", "num": 41, "sink_class": "Ljava/net/URL;", "sink_method": "<init>(Ljava/lang/String;)V", "sink_values": ["https://adx-tk.rayjump.com/impression?opri=NjUyMGVkYTEwMTM1ZjkwMC_vHTXOaQxg8XjxFA==&rid=6520eda10135f900089f7c9a&impid=1ea4871d1a3d03b83b65a06fbfa44c6864f929a6&cid=35-379833066&crid=35-2840341501&spid=start&pri=59.27&ch=10005&chrid=1ea4871d1a3d03b83b65a06fbfa44c6864f929a6&chprit=0&chspid=start&chplid=10005&dsp=35&exp=0&bid=6520eda10135f900089f7c9a&dprin=59.27&dcid=379833066&dcrid=2840341501&dadid=6520eda10135f900089f7c9a&adm=sites.google.com&bdl=bg.remove.android.acmrca&adt=14&w=320&h=480&tpid=0&appid=4f7b433509b6025804000002&plf=1&dt=4&db=Google&dm=Pixel+3&nw=2&os=android&osv=9&aid=434ceb01-7f34-44db-bf40-aac89d9fb38e&ua=Mozilla%2F5.0+%28Linux%3B+Android+9%3B+Pixel+3+Build%2FPQ2A.190205.001%3B+wv%29+AppleWebKit%2F537.36+%28KHTML%2C+like+Gecko%29+Version%2F4.0+Chrome%2F117.0.0.0+Mobile+Safari%2F537.36&ip=133.68.18.208&ext=ls7HPrcvnBZnxeGAoCMxydXG17hmqHPusHCE8WibZs5DQSi5oLPLac4jXFP3nWOhD%2BrHF6LmZf7DKuXPDZLQ%2BveuE42Dnb9i72CNfx0UY31nsk%2BjGpm9utEQ1EMLse60fe3cv8Iuy6APQRFZ0vzepwbE4d6KcbgKSSwFzJMkeD8bs51USJigVV0dSU2KJ6dzNFIVzZ2WrTmqIkf7DjnbbzeBEn%2FMoblAsNxRPL%2Fqwy3BNm607yignTa9%2FJQV77RPZFEvqY9mejm2gn5%2FWRCyAevyvbeEJ42Ke1g5NBeU37IKV4R5dxvIALEN9LCYPx1YotOf7YEyviGijh7iVi74uay%2FOihsxMsGKgflOz%2ByLWQ1fll7p3nTR4sA6HohOsC4at6ard%2Fx6V3ZUp0uT9%2FJ3%2B07iSSh2gW742lzV5eQTUqHFBJMv1notzlIwmdxaqWvAuUu8W8YlTMcvW9zJd40hlH29Spw2Odt7lgPcK8Bb9QXSjoQiCG8LtMejLqW2oLM3wD0D%2FLBdXGMJXs2H5rANybvlw0HmlaQHzbyGZ0W0MaeMRfmLN4MALepRuvqfJ0nPFfVcC5vDUz22sl1nn3ZCzh5yL%2B0Bk6rqcZlYJf9EgIEqLFqmvI%2FRhJdHjTufN2E&ts=1696656801&sdkvr=9.4.0&hibid=0&reqdsps=35&rfecpm=0&respt=1&sip=10.33.17.203&ortd=2&bdn=com.chartboost.sdk.sample&abtags=%7B%22cdn_tdabt%22%3A%22a%22%7D&expids=6489%2C4685%2C3318%2C6527%2C7099%2C2906%2C7206%2C3151%2C6864%2C4026%2C3994%2C4189%2C7025%2C6870%2C6095%2C5174%2C7050%2C5444%2C5534%2C5779%2C6325%2C6264%2C6952%2C6905%2C6936%2C6993%2C7195%2C7252%2C7264&rg=ali_vg&oneid=%7B%22id%22%3A%22d5cc31270bd25bb64da984bc46cbc5be%22%2C%22idType%22%3A1%2C%22idVersion%22%3A%220.0.2%22%2C%22tIdType%22%3A1%7D&abdata=%7B%7D&rrinfo=%7B%22id%22%3A%22405291ea35ba2c1c6a27f85793021db4-30-56555226%22%2C%22index%22%3A1%7D&devctx=google%0Cpixel+3%0Cja%0C4%0C2&mode=1&next=https%3A%2F%2Fsmart.mobvista.com%2Fburl%3Fprice%3D%24%7BAUCTION_PRICE%7D%26reqinfo%3DG3wHAOTPpvlnXW6MTimCfSoNn1JKd4ZR9fKNgS8w8ab8_amgwQQtyi-WzmW9UD51DVs0wQtSWnPRWAr1anUbJv85wYmIFJ8z7QVRjSgK166sfpqWFVFllZLKADVSoxrVSEkGKToKlMtsAcDYrIN1CBppmVIAAICgAQAAACh_MpqOaJzKyQ2ouPHYnaaYhi6404z-YB9zWHGLobFScmYpAyotFZZhgn2PW0z1_gwAgmOCfR8Hd5MKbvHi3HIvXjDBwZ3mwXHmvnbjmIauH_OEW_xnj0sXrrs-Lnvc7jEVFI7ssf98-SXL7HH7p4W0PwwewhoF1jJBaEOZthKoBafQBpgm0Ej5898_THBMWx9SF9YLbvFhmg5DsswpzP0lDRWfkP7nxlxxAwx0tEE9bgwMOYEemOrTlBmGmOAU5hOMDRUDrpm0XAAzismiTpfZnnfALVbCWCKUkYRzaoiSTBMN1hJmQRHNQBFOJSXKKEEEMEW4tYIIaizRwOSVTwNRYCWRVJchNUggUghBpOSCSK0tUVwWZ0rkt5IRZUESZbmiQtZyoqmVRLNir5kSmOB-85sL8JwwwdOY-ug7SR-9sXKUIXDKNPjIpPdKRGeN8EGo4IP0yVcl-vjxZk573NIJw8-pLP006kDQQMMEFeuzB_xznJIO_TTiFruh77YDJnhZi1vT4Qa3-INzH-7Fy6t9a_XejcdUdpQMdpfLDnZDqKhz8dKtukgXT3OXZ6o6eB1q2uXD0HsZzVxSCAD42pp1yzzr3ZI6H5jWvAuplIZJzYoubkWlZOMqAPzQWupEZXJL98bbaKcYFbXilRnWrQvD0m2skrRdGEvpxvRrtSDS2Vq-c_Gym9ZrTPA6jjtLso6x2QYTfF5SuRfWfnMrWN8Ehv-hGgkuQvJAa525qIWIvvZZQO1cMDba7LlJRPB3eCGMhahdpE5SF8BQ4V1UjiblsyAqW6UtSyqa4HIGG1XMTAQAC475FKnNMSZKus9g0YnMDasVi6K2Pqk66yjrSBXTJmVPs0QU0eSE0TRSxyNwb7hX0oHKPjshQkREUbbMOiU8hEgxJ0WpMlZRqxlzqTASCyhMpybB6jRLPDYLXWlI6N4Yy9TH6mNa1urePFe3Hr6pXr_5WL168_DZ42-3kcjaC84lWK-ASQOCzsDQs3v3bc0BUcQZXIQBRDlvlGmoaRgYlHB4KNdIkftZ5pFFAjH0_K0nqeTvDeGpAdXo1fS7HwZ3JRuobr3sx_NlV1nJ2F31dj3LVPfP_RCv3r5j9xpqgYFsAOiu-rXdhuEiQ_qS_It-vZJcN1xVt148_fjqJamG_piqJykcp9tVjDe_Eg1UD67LdEpXlOoG-g7Vq8n3Q6o-uOxKr6knWlZXVkRiWRA0gp9Tzf7gkv5fb-aEW7z1YwyYFpdzHzoG4eaZc05MRfE_xLU1nINSZ59Aqtr43um89OOheuDKOk1j9codU0H-0JR0mrbUuGDIxoVTCQ5Z4IgZAVxQCRQ&chp=0.59266"], "sources": ["AAID", "UUID"], "returned_value": null}, {"smali_tag": "8162_41", "clss": "Lcom/chartboost/sdk/impl/m6;", "method": "a(Lcom/chartboost/sdk/impl/v1;)Ljavax/net/ssl/HttpsURLConnection;", "num": 41, "sink_class": "Ljava/net/URL;", "sink_method": "<init>(Ljava/lang/String;)V", "sink_values": ["https://live.chartboost.com/interstitial/show"], "sources": ["AAID", "UUID"], "returned_value": null}, {"smali_tag": "8162_41", "clss": "Lcom/chartboost/sdk/impl/m6;", "method": "a(Lcom/chartboost/sdk/impl/v1;)Ljavax/net/ssl/HttpsURLConnection;", "num": 41, "sink_class": "Ljava/net/URL;", "sink_method": "<init>(Ljava/lang/String;)V", "sink_values": ["https://live.chartboost.com/webview/v2/reward/get"], "sources": ["AAID", "UUID"], "returned_value": null}, {"smali_tag": "8162_41", "clss": "Lcom/chartboost/sdk/impl/m6;", "method": "a(Lcom/chartboost/sdk/impl/v1;)Ljavax/net/ssl/HttpsURLConnection;", "num": 41, "sink_class": "Ljava/net/URL;", "sink_method": "<init>(Ljava/lang/String;)V", "sink_values": ["https://assets.mintegral.com/cdn-adn/vh/22/11/22/14/14/0201ece05ad019cc308e78f1f22c320a.mp4"], "sources": ["AAID"], "returned_value": null}, {"smali_tag": "8162_41", "clss": "Lcom/chartboost/sdk/impl/m6;", "method": "a(Lcom/chartboost/sdk/impl/v1;)Ljavax/net/ssl/HttpsURLConnection;", "num": 41, "sink_class": "Ljava/net/URL;", "sink_method": "<init>(Ljava/lang/String;)V", "sink_values": ["https://live.chartboost.com/reward/show"], "sources": ["AAID", "UUID"], "returned_value": null}, {"smali_tag": "8162_41", "clss": "Lcom/chartboost/sdk/impl/m6;", "method": "a(Lcom/chartboost/sdk/impl/v1;)Ljavax/net/ssl/HttpsURLConnection;", "num": 41, "sink_class": "Ljava/net/URL;", "sink_method": "<init>(Ljava/lang/String;)V", "sink_values": ["https://adx-tk.rayjump.com/impression?opri=NjUyMGVkZDg1Zjk3YTMwMIfF7oqxJnsZltI4vw==&rid=6520edd85f97a3000883cb3a&impid=45fbe7ccd05145b86ef89439e09d00074483eceb&cid=35-379839396&crid=35-2840407534&spid=start&pri=91.50&ch=10005&chrid=45fbe7ccd05145b86ef89439e09d00074483eceb&chprit=0&chspid=start&chplid=10005&dsp=35&exp=0&bid=6520edd85f97a3000883cb3a&dprin=91.50&dcid=379839396&dcrid=2840407534&dadid=6520edd85f97a3000883cb3a&adm=sites.google.com&bdl=air.com.befunky.cemrtc&adt=12&w=320&h=480&tpid=0&appid=4f7b433509b6025804000002&plf=1&dt=4&db=Google&dm=Pixel+3&nw=2&os=android&osv=9&aid=434ceb01-7f34-44db-bf40-aac89d9fb38e&ua=Mozilla%2F5.0+%28Linux%3B+Android+9%3B+Pixel+3+Build%2FPQ2A.190205.001%3B+wv%29+AppleWebKit%2F537.36+%28KHTML%2C+like+Gecko%29+Version%2F4.0+Chrome%2F117.0.0.0+Mobile+Safari%2F537.36&ip=133.68.18.208&ext=GzxxPZgfHZAFwbXOoKvQlfsAkr36WaeOxZSCQ%2Fhrt0mUNzN0gQWsHE01a514uA2tzk2KGbR3vErh6I3Vyas9LgYgGJgLNSMvNnGDEq24AYbm3f9%2B%2B%2BUD0yBEJ3HnaECPjKww%2Bt%2FOfmfVkxeQCDvz8Epr%2Fza%2B752xOHSUC0eKt8fBmsLclm1fkW9%2Bbo1G8K0BQBhnDtT%2FK7zitygTTeeOwNSUnBqnyD14PELeCncxBbxb0vKhsA91Tl0LnmtdDIKNDN1Ap%2F%2F2aD2qklWWQRbTRA%2FC2RoS5vMaFP6VGihCwYOAwFeOqq6fledJ2fkB3JjcKypX5IjSJU9QGOuzKnwtCGxriBsIB%2Fj4wTe%2FVo9FfVxet%2FlVYVLi21HWXxSlORd73iTkVF34n%2BEFauX8nRbvYjZRtdPdO59iyuG9rgjjxkeIyuGNrqGwJoZhx9%2Fq4qj%2FNvem%2F%2FHKkPDI%2Fdaqppj2xcDeCibcCiHQOYbWA6I1imN7TRw29KjeM2F%2FvkEnOTs7EXFEnkrSrDziw%2Bk6ftgav1t407CykLeQFepBgApPYZMuBatuh0%2BO7X54f3aKyWq5xqqHOMdlHAqO3o4tzAuiQ76Z1LP%2Fo%2FayIX2b3eoZAlv5iqgPlf%2B2azLkPbu1KqSF1v2SXT7k5EFcey7Ze7o%2B4uKPQrw%3D&ts=1696656856&sdkvr=9.4.0&hibid=0&reqdsps=35&rfecpm=0&respt=1&sip=10.33.1.138&ortd=2&bdn=com.chartboost.sdk.sample&abtags=%7B%22cdn_tdabt%22%3A%22a%22%7D&expids=6489%2C4685%2C3318%2C6527%2C7099%2C2906%2C7206%2C3151%2C6864%2C4026%2C3994%2C4189%2C7025%2C6870%2C6095%2C5174%2C7050%2C5444%2C5534%2C5779%2C6325%2C6264%2C6952%2C6905%2C6936%2C6993%2C7195%2C7264&rg=ali_vg&oneid=%7B%22id%22%3A%22d5cc31270bd25bb64da984bc46cbc5be%22%2C%22idType%22%3A1%2C%22idVersion%22%3A%220.0.2%22%2C%22tIdType%22%3A1%7D&abdata=%7B%7D&rrinfo=%7B%22id%22%3A%22910440aa74475f475891b23eb082d8ba-30-56555228%22%2C%22index%22%3A1%7D&devctx=google%0Cpixel+3%0Cja%0C4%0C2&mode=1&next=https%3A%2F%2Fsmart.mobvista.com%2Fburl%3Fprice%3D%24%7BAUCTION_PRICE%7D%26reqinfo%3DG3QHAORPVf0Zy8bDlALSD6VJU0rpyvFQHmx-UaQ-SCtyytC5QIcb2pQ_smlHX2FFSfgYXZYF-MT1NlTZIwYRoeI85Z6QtISTdBXqGud5WQk33hhtnDbSGNKSlhgtAHN2ungbJAA4J1OUgUDnufLOAAAQ6AAAAADgDGTek2muhzCSGqZ9f5gzjn0KhyP5Q2MuaaUbCp3XWgrPBXCtrLCgjMaBbqiwu2tgKOIweQw3WOmGLiEs9_KZMvp643yoqzBNOPbDVGa6oX92tPbpqh_ysqObHeVqR9mOxjuYX7KGHd386aLND4dPoTU4sF4Lz3inwUkAD6C0F84bBp2R-ue_f5TRjKchYZ_WM5hdzvPliK55pONwxrGRBMF_Yc5QJ85tWnZCOp0EqjiDEceUHebCsKaMYjoe4tjAWssBpFBGglUgw_PRoVegG2qU80wZp5mU3DGjhWUWvGfCg2FWgGGSa86MM4opEIZJ7xVT3HlmQegjnwVmwGumuYUhLWhgWinFtJaKaWs9M1IWFkbl91ow40Ez46XBot5LZrnXzApjG2845cxL4Dwoo_OEQ84bf8iZWDnrlCQXFmIWOkajcvBOxaRMiklHzFOJIX-8OeKObjjB_DPWZZgnHQA66ISgeH124VKznoqXwzzRDQ3j0J8uKaPLWsOKlzd0Qz-E8OFePr9asw7vw7THuuVotj2ft7Cd4hroQz73Vhfp8-HYlyM3fWTdWt6Xy3GIMvJjxeWPi7uuFf1Cx2JYsA-_dSv7hLV2SFtM9flUVfJPUgUu7tGt1gnqHJb-iXfivRFctYZXZlxPfRqX_iQayrqkqdZ-wl_W4kQ6ey-3IZ-383pFGV2naVHx12lftqGMXi9Y76V1OIU1WP8EQf-RliipEkbgrS1StUrl2MaioA0hOZ99idIhEzxbVMp5yDZkHjQPCRxXMWQTOJpYFDPFG-sFmuxSKAV8NrkIlRbOe0FEzNyXnJGz4SlEDqpIJ1ojsmp9RNMWm3WbuRHWYYm8aMKJ0iWiTSmD5kpHZ7A4r6RH8Bkgu6xSTmLCKNwcc0HDuXHecG-FCGUwlkgkzYeuuBp1S953C15oRHJvynUecvMRl7W5dzw2tx6-aV6_-di8evPw2eNvt4kqNiopNfhoQGgHCrcgyLN7930rgXAiBZyVA8Kl7IzruOsEOFJrmKTMCEj4WOaJJ4oI8vxtJvGFPxDCUwNpyav59zCO4UJ30Nx6OUzX523jpcFvm7f2LNPcvx7GfPH2nbjXcQ8CdAfAt82v0-0w7GTELxhfDOuFlraTprn14unHVy9ZMw57bJ5g2s-3mz3e_EJ10Dy4qvMBLzi3HYwdmldzHEZsPoQS6qCpF1nWUFfCcl0IdOIn1ZT8oRX_X2-OSDf0VHEPWNdQypB6BhKOR_p1YSpN_xFpvZNeekOKPEnV0A_mw5CaR6VgWptXYVmxkjDULvvLRSzX0_6mS3ioayIeJBFOgQKrpQI&chp=0.914986"], "sources": ["AAID"], "returned_value": null}, {"smali_tag": "8162_41", "clss": "Lcom/chartboost/sdk/impl/m6;", "method": "a(Lcom/chartboost/sdk/impl/v1;)Ljavax/net/ssl/HttpsURLConnection;", "num": 41, "sink_class": "Ljava/net/URL;", "sink_method": "<init>(Ljava/lang/String;)V", "sink_values": ["https://da.chartboost.com/auction/sdk/banner"], "sources": ["AAID", "UUID"], "returned_value": null}, {"smali_tag": "8162_41", "clss": "Lcom/chartboost/sdk/impl/m6;", "method": "a(Lcom/chartboost/sdk/impl/v1;)Ljavax/net/ssl/HttpsURLConnection;", "num": 41, "sink_class": "Ljava/net/URL;", "sink_method": "<init>(Ljava/lang/String;)V", "sink_values": ["https://live.chartboost.com/banner/show"], "sources": ["AAID", "UUID"], "returned_value": null}]