project.emulator.get_num_leaks() = 0
Sources
[{'clss': 'Lbo/app/e5;', 'method': '<init>(Ljava/util/UUID;)V', 'name': ['UUID'], 'num': 95, 'source_class': 'Ljava/util/UUID;', 'source_method': 'toString()Ljava/lang/String;'},
 {'clss': 'Lbo/app/u$g;', 'method': 'a()Ljava/lang/String;', 'name': ['UUID'], 'num': 85, 'source_class': 'Ljava/lang/StringBuilder;', 'source_method': 'toString()Ljava/lang/String;'},
 {'clss': 'Lbo/app/m3;', 'method': 'toString()Ljava/lang/String;', 'name': ['UUID'], 'num': 226, 'source_class': 'Ljava/lang/StringBuilder;', 'source_method': 'toString()Ljava/lang/String;'},
 {'clss': 'Lbo/app/d5;', 'method': 'toString()Ljava/lang/String;', 'name': ['UUID'], 'num': 160, 'source_class': 'Ljava/lang/StringBuilder;', 'source_method': 'toString()Ljava/lang/String;'},
 {'clss': 'Lbo/app/a1$d;', 'method': 'a()Ljava/lang/String;', 'name': ['UUID'], 'num': 114, 'source_class': 'Ljava/lang/StringBuilder;', 'source_method': 'toString()Ljava/lang/String;'},
 {'clss': 'Lbo/app/j;',
  'method': '<init>(Lbo/app/d1;Lorg/json/JSONObject;DLjava/lang/String;ILkotlin/jvm/internal/DefaultConstructorMarker;)V',
  'name': ['UUID'],
  'num': 281,
  'source_class': 'Ljava/util/UUID;',
  'source_method': 'toString()Ljava/lang/String;'},
 {'clss': 'Lbo/app/u$i;', 'method': 'a()Ljava/lang/String;', 'name': ['UUID'], 'num': 85, 'source_class': 'Ljava/lang/StringBuilder;', 'source_method': 'toString()Ljava/lang/String;'},
 {'clss': 'Lbo/app/u$i;', 'method': 'a()Ljava/lang/String;', 'name': ['UUID'], 'num': 85, 'source_class': 'Ljava/lang/StringBuilder;', 'source_method': 'toString()Ljava/lang/String;'},
 {'clss': 'Lcom/braze/support/JsonUtils;',
  'method': 'getPrettyPrintedString(Lorg/json/JSONObject;)Ljava/lang/String;',
  'name': ['UUID'],
  'num': 671,
  'source_class': 'Lorg/json/JSONObject;',
  'source_method': 'toString(I)Ljava/lang/String;'},
 {'clss': 'Lbo/app/p$j;', 'method': 'a()Ljava/lang/String;', 'name': ['UUID'], 'num': 91, 'source_class': 'Ljava/lang/StringBuilder;', 'source_method': 'toString()Ljava/lang/String;'},
 {'clss': 'Lcom/braze/support/JsonUtils;',
  'method': 'getPrettyPrintedString(Lorg/json/JSONObject;)Ljava/lang/String;',
  'name': ['UUID'],
  'num': 671,
  'source_class': 'Lorg/json/JSONObject;',
  'source_method': 'toString(I)Ljava/lang/String;'},
 {'clss': 'Lbo/app/p$k;', 'method': 'a()Ljava/lang/String;', 'name': ['UUID'], 'num': 91, 'source_class': 'Ljava/lang/StringBuilder;', 'source_method': 'toString()Ljava/lang/String;'},
 {'clss': 'Lbo/app/w1$-CC;',
  'method': '$default$p(Lbo/app/w1;)Ljava/lang/String;',
  'name': ['UUID'],
  'num': 17,
  'source_class': 'Lorg/json/JSONObject;',
  'source_method': 'toString()Ljava/lang/String;'},
 {'clss': 'Lbo/app/b1;', 'method': 'a(Lbo/app/w1;)V', 'name': ['UUID'], 'num': 306, 'source_class': 'Ljava/lang/StringBuilder;', 'source_method': 'toString()Ljava/lang/String;'},
 {'clss': 'Lbo/app/j5$c;', 'method': 'a()Ljava/lang/String;', 'name': ['UUID'], 'num': 85, 'source_class': 'Ljava/lang/StringBuilder;', 'source_method': 'toString()Ljava/lang/String;'},
 {'clss': 'Lbo/app/w1$-CC;',
  'method': '$default$p(Lbo/app/w1;)Ljava/lang/String;',
  'name': ['UUID'],
  'num': 17,
  'source_class': 'Lorg/json/JSONObject;',
  'source_method': 'toString()Ljava/lang/String;'},
 {'clss': 'Lbo/app/w1$-CC;',
  'method': '$default$p(Lbo/app/w1;)Ljava/lang/String;',
  'name': ['UUID'],
  'num': 17,
  'source_class': 'Lorg/json/JSONObject;',
  'source_method': 'toString()Ljava/lang/String;'},
 {'clss': 'Lbo/app/p0;', 'method': 'toString()Ljava/lang/String;', 'name': ['UUID'], 'num': 359, 'source_class': 'Ljava/lang/StringBuilder;', 'source_method': 'toString()Ljava/lang/String;'},
 {'clss': 'Lbo/app/p0;',
  'method': 'toString()Ljava/lang/String;',
  'name': ['UUID'],
  'num': 364,
  'source_class': 'Lkotlin/text/StringsKt;',
  'source_method': 'trimIndent(Ljava/lang/String;)Ljava/lang/String;'},
 {'clss': 'Lbo/app/a1$d;', 'method': 'a()Ljava/lang/String;', 'name': ['UUID'], 'num': 114, 'source_class': 'Ljava/lang/StringBuilder;', 'source_method': 'toString()Ljava/lang/String;'},
 {'clss': 'Lbo/app/p0;', 'method': 'toString()Ljava/lang/String;', 'name': ['UUID'], 'num': 359, 'source_class': 'Ljava/lang/StringBuilder;', 'source_method': 'toString()Ljava/lang/String;'},
 {'clss': 'Lbo/app/p0;',
  'method': 'toString()Ljava/lang/String;',
  'name': ['UUID'],
  'num': 364,
  'source_class': 'Lkotlin/text/StringsKt;',
  'source_method': 'trimIndent(Ljava/lang/String;)Ljava/lang/String;'},
 {'clss': 'Lbo/app/a1$d;', 'method': 'a()Ljava/lang/String;', 'name': ['UUID'], 'num': 114, 'source_class': 'Ljava/lang/StringBuilder;', 'source_method': 'toString()Ljava/lang/String;'},
 {'clss': 'Lbo/app/n0;', 'method': 'getDeviceId()Ljava/lang/String;', 'name': ['UUID'], 'num': 214, 'source_class': 'Ljava/util/UUID;', 'source_method': 'toString()Ljava/lang/String;'},
 {'clss': 'Lcom/braze/events/SessionStateChangedEvent;',
  'method': 'toString()Ljava/lang/String;',
  'name': ['UUID'],
  'num': 254,
  'source_class': 'Ljava/lang/StringBuilder;',
  'source_method': 'toString()Ljava/lang/String;'},
 {'clss': 'Lbo/app/a1$d;', 'method': 'a()Ljava/lang/String;', 'name': ['UUID'], 'num': 114, 'source_class': 'Ljava/lang/StringBuilder;', 'source_method': 'toString()Ljava/lang/String;'},
 {'clss': 'Lbo/app/k5;', 'method': 'a(Lbo/app/c5;)V', 'name': ['UUID'], 'num': 278, 'source_class': 'Lorg/json/JSONObject;', 'source_method': 'toString()Ljava/lang/String;'},
 {'clss': 'Lbo/app/m3;', 'method': 'toString()Ljava/lang/String;', 'name': ['UUID'], 'num': 226, 'source_class': 'Ljava/lang/StringBuilder;', 'source_method': 'toString()Ljava/lang/String;'},
 {'clss': 'Lbo/app/r0$f;', 'method': 'a()Ljava/lang/String;', 'name': ['UUID'], 'num': 97, 'source_class': 'Ljava/lang/StringBuilder;', 'source_method': 'toString()Ljava/lang/String;'},
 {'clss': 'Lbo/app/u$i;', 'method': 'a()Ljava/lang/String;', 'name': ['UUID'], 'num': 85, 'source_class': 'Ljava/lang/StringBuilder;', 'source_method': 'toString()Ljava/lang/String;'},
 {'clss': 'Lbo/app/p$q;', 'method': 'a()Ljava/lang/String;', 'name': ['UUID'], 'num': 89, 'source_class': 'Ljava/lang/StringBuilder;', 'source_method': 'toString()Ljava/lang/String;'},
 {'clss': 'Lbo/app/j;',
  'method': '<init>(Lbo/app/d1;Lorg/json/JSONObject;DLjava/lang/String;ILkotlin/jvm/internal/DefaultConstructorMarker;)V',
  'name': ['UUID'],
  'num': 281,
  'source_class': 'Ljava/util/UUID;',
  'source_method': 'toString()Ljava/lang/String;'},
 {'clss': 'Lbo/app/u$i;', 'method': 'a()Ljava/lang/String;', 'name': ['UUID'], 'num': 85, 'source_class': 'Ljava/lang/StringBuilder;', 'source_method': 'toString()Ljava/lang/String;'},
 {'clss': 'Lbo/app/u$i;', 'method': 'a()Ljava/lang/String;', 'name': ['UUID'], 'num': 85, 'source_class': 'Ljava/lang/StringBuilder;', 'source_method': 'toString()Ljava/lang/String;'},
 {'clss': 'Lcom/braze/support/JsonUtils;',
  'method': 'getPrettyPrintedString(Lorg/json/JSONObject;)Ljava/lang/String;',
  'name': ['UUID'],
  'num': 671,
  'source_class': 'Lorg/json/JSONObject;',
  'source_method': 'toString(I)Ljava/lang/String;'},
 {'clss': 'Lbo/app/p$j;', 'method': 'a()Ljava/lang/String;', 'name': ['UUID'], 'num': 91, 'source_class': 'Ljava/lang/StringBuilder;', 'source_method': 'toString()Ljava/lang/String;'},
 {'clss': 'Lcom/braze/support/JsonUtils;',
  'method': 'getPrettyPrintedString(Lorg/json/JSONObject;)Ljava/lang/String;',
  'name': ['UUID'],
  'num': 671,
  'source_class': 'Lorg/json/JSONObject;',
  'source_method': 'toString(I)Ljava/lang/String;'},
 {'clss': 'Lbo/app/p$k;', 'method': 'a()Ljava/lang/String;', 'name': ['UUID'], 'num': 91, 'source_class': 'Ljava/lang/StringBuilder;', 'source_method': 'toString()Ljava/lang/String;'},
 {'clss': 'Lbo/app/w1$-CC;',
  'method': '$default$p(Lbo/app/w1;)Ljava/lang/String;',
  'name': ['UUID'],
  'num': 17,
  'source_class': 'Lorg/json/JSONObject;',
  'source_method': 'toString()Ljava/lang/String;'},
 {'clss': 'Lbo/app/b1;', 'method': 'a(Lbo/app/w1;)V', 'name': ['UUID'], 'num': 306, 'source_class': 'Ljava/lang/StringBuilder;', 'source_method': 'toString()Ljava/lang/String;'},
 {'clss': 'Lcom/braze/support/JsonUtils;',
  'method': 'getPrettyPrintedString(Lorg/json/JSONObject;)Ljava/lang/String;',
  'name': ['UUID'],
  'num': 671,
  'source_class': 'Lorg/json/JSONObject;',
  'source_method': 'toString(I)Ljava/lang/String;'},
 {'clss': 'Lbo/app/i3;',
  'method': 'a(Lbo/app/r4;Ljava/util/Map;Ljava/lang/String;Lorg/json/JSONObject;)Ljava/lang/String;',
  'name': ['UUID'],
  'num': 239,
  'source_class': 'Ljava/lang/StringBuilder;',
  'source_method': 'toString()Ljava/lang/String;'},
 {'clss': 'Lbo/app/j5$c;', 'method': 'a()Ljava/lang/String;', 'name': ['UUID'], 'num': 85, 'source_class': 'Ljava/lang/StringBuilder;', 'source_method': 'toString()Ljava/lang/String;'},
 {'clss': 'Lbo/app/i3;',
  'method': 'a(Lbo/app/r4;Ljava/util/Map;Ljava/lang/String;Lorg/json/JSONObject;)Ljava/lang/String;',
  'name': ['UUID'],
  'num': 251,
  'source_class': 'Ljava/lang/StringBuilder;',
  'source_method': 'toString()Ljava/lang/String;'},
 {'clss': 'Lbo/app/i3;',
  'method': 'a(Lbo/app/r4;Ljava/util/Map;Ljava/lang/String;Lorg/json/JSONObject;)Ljava/lang/String;',
  'name': ['UUID'],
  'num': 260,
  'source_class': 'Lkotlin/text/StringsKt;',
  'source_method': 'trimMargin$default(Ljava/lang/String;Ljava/lang/String;ILjava/lang/Object;)Ljava/lang/String;'},
 {'clss': 'Lbo/app/w1$-CC;',
  'method': '$default$p(Lbo/app/w1;)Ljava/lang/String;',
  'name': ['UUID'],
  'num': 17,
  'source_class': 'Lorg/json/JSONObject;',
  'source_method': 'toString()Ljava/lang/String;'},
 {'clss': 'Lbo/app/s1;',
  'method': 'a(Ljava/net/URL;Lorg/json/JSONObject;Ljava/util/Map;)Ljava/net/HttpURLConnection;',
  'name': ['UUID'],
  'num': 118,
  'source_class': 'Lorg/json/JSONObject;',
  'source_method': 'toString()Ljava/lang/String;'},
 {'clss': 'Lbo/app/w1$-CC;',
  'method': '$default$p(Lbo/app/w1;)Ljava/lang/String;',
  'name': ['UUID'],
  'num': 17,
  'source_class': 'Lorg/json/JSONObject;',
  'source_method': 'toString()Ljava/lang/String;'},
 {'clss': 'Lbo/app/p0;', 'method': 'toString()Ljava/lang/String;', 'name': ['UUID'], 'num': 359, 'source_class': 'Ljava/lang/StringBuilder;', 'source_method': 'toString()Ljava/lang/String;'},
 {'clss': 'Lbo/app/p0;',
  'method': 'toString()Ljava/lang/String;',
  'name': ['UUID'],
  'num': 364,
  'source_class': 'Lkotlin/text/StringsKt;',
  'source_method': 'trimIndent(Ljava/lang/String;)Ljava/lang/String;'},
 {'clss': 'Lbo/app/a1$d;', 'method': 'a()Ljava/lang/String;', 'name': ['UUID'], 'num': 114, 'source_class': 'Ljava/lang/StringBuilder;', 'source_method': 'toString()Ljava/lang/String;'},
 {'clss': 'Lbo/app/n0;',
  'method': 'getDeviceId()Ljava/lang/String;',
  'name': ['UUID'],
  'num': 190,
  'source_class': 'Landroid/content/SharedPreferences;',
  'source_method': 'getString(Ljava/lang/String;Ljava/lang/String;)Ljava/lang/String;'},
 {'clss': 'Lbo/app/r0$f;', 'method': 'a()Ljava/lang/String;', 'name': ['UUID'], 'num': 97, 'source_class': 'Ljava/lang/StringBuilder;', 'source_method': 'toString()Ljava/lang/String;'},
 {'clss': 'Lcom/braze/support/JsonUtils;',
  'method': 'getPrettyPrintedString(Lorg/json/JSONObject;)Ljava/lang/String;',
  'name': ['UUID'],
  'num': 671,
  'source_class': 'Lorg/json/JSONObject;',
  'source_method': 'toString(I)Ljava/lang/String;'},
 {'clss': 'Lbo/app/i3;',
  'method': 'a(Lbo/app/r4;Ljava/util/Map;Ljava/lang/String;Lorg/json/JSONObject;)Ljava/lang/String;',
  'name': ['UUID'],
  'num': 239,
  'source_class': 'Ljava/lang/StringBuilder;',
  'source_method': 'toString()Ljava/lang/String;'},
 {'clss': 'Lbo/app/i3;',
  'method': 'a(Lbo/app/r4;Ljava/util/Map;Ljava/lang/String;Lorg/json/JSONObject;)Ljava/lang/String;',
  'name': ['UUID'],
  'num': 251,
  'source_class': 'Ljava/lang/StringBuilder;',
  'source_method': 'toString()Ljava/lang/String;'},
 {'clss': 'Lbo/app/i3;',
  'method': 'a(Lbo/app/r4;Ljava/util/Map;Ljava/lang/String;Lorg/json/JSONObject;)Ljava/lang/String;',
  'name': ['UUID'],
  'num': 260,
  'source_class': 'Lkotlin/text/StringsKt;',
  'source_method': 'trimMargin$default(Ljava/lang/String;Ljava/lang/String;ILjava/lang/Object;)Ljava/lang/String;'},
 {'clss': 'Lbo/app/s1;',
  'method': 'a(Ljava/net/URL;Lorg/json/JSONObject;Ljava/util/Map;)Ljava/net/HttpURLConnection;',
  'name': ['UUID'],
  'num': 118,
  'source_class': 'Lorg/json/JSONObject;',
  'source_method': 'toString()Ljava/lang/String;'},
 {'clss': 'Lcom/braze/support/JsonUtils;',
  'method': 'getPrettyPrintedString(Lorg/json/JSONObject;)Ljava/lang/String;',
  'name': ['UUID'],
  'num': 671,
  'source_class': 'Lorg/json/JSONObject;',
  'source_method': 'toString(I)Ljava/lang/String;'},
 {'clss': 'Lbo/app/s;', 'method': 'toString()Ljava/lang/String;', 'name': ['UUID'], 'num': 1197, 'source_class': 'Ljava/lang/StringBuilder;', 'source_method': 'toString()Ljava/lang/String;'},
 {'clss': 'Lbo/app/g3;', 'method': 'toString()Ljava/lang/String;', 'name': ['UUID'], 'num': 220, 'source_class': 'Ljava/lang/StringBuilder;', 'source_method': 'toString()Ljava/lang/String;'},
 {'clss': 'Lbo/app/b5;', 'method': 'toString()Ljava/lang/String;', 'name': ['UUID'], 'num': 135, 'source_class': 'Ljava/lang/StringBuilder;', 'source_method': 'toString()Ljava/lang/String;'},
 {'clss': 'Lbo/app/a1$d;', 'method': 'a()Ljava/lang/String;', 'name': ['UUID'], 'num': 114, 'source_class': 'Ljava/lang/StringBuilder;', 'source_method': 'toString()Ljava/lang/String;'},
 {'clss': 'Lcom/braze/support/JsonUtils;',
  'method': 'getPrettyPrintedString(Lorg/json/JSONObject;)Ljava/lang/String;',
  'name': ['UUID'],
  'num': 671,
  'source_class': 'Lorg/json/JSONObject;',
  'source_method': 'toString(I)Ljava/lang/String;'},
 {'clss': 'Lbo/app/s;', 'method': 'toString()Ljava/lang/String;', 'name': ['UUID'], 'num': 1197, 'source_class': 'Ljava/lang/StringBuilder;', 'source_method': 'toString()Ljava/lang/String;'},
 {'clss': 'Lbo/app/g3;', 'method': 'toString()Ljava/lang/String;', 'name': ['UUID'], 'num': 220, 'source_class': 'Ljava/lang/StringBuilder;', 'source_method': 'toString()Ljava/lang/String;'},
 {'clss': 'Lbo/app/a1$d;', 'method': 'a()Ljava/lang/String;', 'name': ['UUID'], 'num': 114, 'source_class': 'Ljava/lang/StringBuilder;', 'source_method': 'toString()Ljava/lang/String;'},
 {'clss': 'Lcom/braze/support/JsonUtils;',
  'method': 'getPrettyPrintedString(Lorg/json/JSONObject;)Ljava/lang/String;',
  'name': ['UUID'],
  'num': 671,
  'source_class': 'Lorg/json/JSONObject;',
  'source_method': 'toString(I)Ljava/lang/String;'},
 {'clss': 'Lbo/app/s;', 'method': 'toString()Ljava/lang/String;', 'name': ['UUID'], 'num': 1197, 'source_class': 'Ljava/lang/StringBuilder;', 'source_method': 'toString()Ljava/lang/String;'},
 {'clss': 'Lbo/app/g3;', 'method': 'toString()Ljava/lang/String;', 'name': ['UUID'], 'num': 220, 'source_class': 'Ljava/lang/StringBuilder;', 'source_method': 'toString()Ljava/lang/String;'},
 {'clss': 'Lbo/app/b5;', 'method': 'toString()Ljava/lang/String;', 'name': ['UUID'], 'num': 135, 'source_class': 'Ljava/lang/StringBuilder;', 'source_method': 'toString()Ljava/lang/String;'},
 {'clss': 'Lbo/app/a1$d;', 'method': 'a()Ljava/lang/String;', 'name': ['UUID'], 'num': 114, 'source_class': 'Ljava/lang/StringBuilder;', 'source_method': 'toString()Ljava/lang/String;'},
 {'clss': 'Lcom/braze/support/JsonUtils;',
  'method': 'getPrettyPrintedString(Lorg/json/JSONObject;)Ljava/lang/String;',
  'name': ['UUID'],
  'num': 671,
  'source_class': 'Lorg/json/JSONObject;',
  'source_method': 'toString(I)Ljava/lang/String;'},
 {'clss': 'Lbo/app/s;', 'method': 'toString()Ljava/lang/String;', 'name': ['UUID'], 'num': 1197, 'source_class': 'Ljava/lang/StringBuilder;', 'source_method': 'toString()Ljava/lang/String;'},
 {'clss': 'Lbo/app/g3;', 'method': 'toString()Ljava/lang/String;', 'name': ['UUID'], 'num': 220, 'source_class': 'Ljava/lang/StringBuilder;', 'source_method': 'toString()Ljava/lang/String;'},
 {'clss': 'Lbo/app/a1$d;', 'method': 'a()Ljava/lang/String;', 'name': ['UUID'], 'num': 114, 'source_class': 'Ljava/lang/StringBuilder;', 'source_method': 'toString()Ljava/lang/String;'},
 {'clss': 'Lcom/braze/support/JsonUtils;',
  'method': 'getPrettyPrintedString(Lorg/json/JSONObject;)Ljava/lang/String;',
  'name': ['UUID'],
  'num': 671,
  'source_class': 'Lorg/json/JSONObject;',
  'source_method': 'toString(I)Ljava/lang/String;'},
 {'clss': 'Lbo/app/s;', 'method': 'toString()Ljava/lang/String;', 'name': ['UUID'], 'num': 1197, 'source_class': 'Ljava/lang/StringBuilder;', 'source_method': 'toString()Ljava/lang/String;'},
 {'clss': 'Lbo/app/q4;', 'method': 'toString()Ljava/lang/String;', 'name': ['UUID'], 'num': 126, 'source_class': 'Ljava/lang/StringBuilder;', 'source_method': 'toString()Ljava/lang/String;'},
 {'clss': 'Lbo/app/a1$d;', 'method': 'a()Ljava/lang/String;', 'name': ['UUID'], 'num': 114, 'source_class': 'Ljava/lang/StringBuilder;', 'source_method': 'toString()Ljava/lang/String;'},
 {'clss': 'Lcom/braze/support/JsonUtils;',
  'method': 'getPrettyPrintedString(Lorg/json/JSONObject;)Ljava/lang/String;',
  'name': ['UUID'],
  'num': 671,
  'source_class': 'Lorg/json/JSONObject;',
  'source_method': 'toString(I)Ljava/lang/String;'},
 {'clss': 'Lbo/app/s;', 'method': 'toString()Ljava/lang/String;', 'name': ['UUID'], 'num': 1197, 'source_class': 'Ljava/lang/StringBuilder;', 'source_method': 'toString()Ljava/lang/String;'},
 {'clss': 'Lbo/app/s0;', 'method': 'toString()Ljava/lang/String;', 'name': ['UUID'], 'num': 135, 'source_class': 'Ljava/lang/StringBuilder;', 'source_method': 'toString()Ljava/lang/String;'},
 {'clss': 'Lbo/app/a1$d;', 'method': 'a()Ljava/lang/String;', 'name': ['UUID'], 'num': 114, 'source_class': 'Ljava/lang/StringBuilder;', 'source_method': 'toString()Ljava/lang/String;'},
 {'clss': 'Lbo/app/w1$-CC;',
  'method': '$default$p(Lbo/app/w1;)Ljava/lang/String;',
  'name': ['UUID'],
  'num': 17,
  'source_class': 'Lorg/json/JSONObject;',
  'source_method': 'toString()Ljava/lang/String;'},
 {'clss': 'Lbo/app/b1;', 'method': 'a(Ljava/util/Set;)V', 'name': ['UUID'], 'num': 346, 'source_class': 'Ljava/lang/StringBuilder;', 'source_method': 'toString()Ljava/lang/String;'},
 {'clss': 'Lbo/app/j5$h;', 'method': 'a()Ljava/lang/String;', 'name': ['UUID'], 'num': 81, 'source_class': 'Ljava/lang/StringBuilder;', 'source_method': 'toString()Ljava/lang/String;'},
 {'clss': 'Lcom/braze/support/JsonUtils;',
  'method': 'getPrettyPrintedString(Lorg/json/JSONObject;)Ljava/lang/String;',
  'name': ['UUID'],
  'num': 671,
  'source_class': 'Lorg/json/JSONObject;',
  'source_method': 'toString(I)Ljava/lang/String;'},
 {'clss': 'Lbo/app/s;', 'method': 'toString()Ljava/lang/String;', 'name': ['UUID'], 'num': 1197, 'source_class': 'Ljava/lang/StringBuilder;', 'source_method': 'toString()Ljava/lang/String;'},
 {'clss': 'Lbo/app/q4;', 'method': 'toString()Ljava/lang/String;', 'name': ['UUID'], 'num': 126, 'source_class': 'Ljava/lang/StringBuilder;', 'source_method': 'toString()Ljava/lang/String;'},
 {'clss': 'Lbo/app/a1$d;', 'method': 'a()Ljava/lang/String;', 'name': ['UUID'], 'num': 114, 'source_class': 'Ljava/lang/StringBuilder;', 'source_method': 'toString()Ljava/lang/String;'},
 {'clss': 'Lcom/braze/support/JsonUtils;',
  'method': 'getPrettyPrintedString(Lorg/json/JSONObject;)Ljava/lang/String;',
  'name': ['UUID'],
  'num': 671,
  'source_class': 'Lorg/json/JSONObject;',
  'source_method': 'toString(I)Ljava/lang/String;'},
 {'clss': 'Lbo/app/s;', 'method': 'toString()Ljava/lang/String;', 'name': ['UUID'], 'num': 1197, 'source_class': 'Ljava/lang/StringBuilder;', 'source_method': 'toString()Ljava/lang/String;'},
 {'clss': 'Lbo/app/s0;', 'method': 'toString()Ljava/lang/String;', 'name': ['UUID'], 'num': 135, 'source_class': 'Ljava/lang/StringBuilder;', 'source_method': 'toString()Ljava/lang/String;'},
 {'clss': 'Lbo/app/a1$d;', 'method': 'a()Ljava/lang/String;', 'name': ['UUID'], 'num': 114, 'source_class': 'Ljava/lang/StringBuilder;', 'source_method': 'toString()Ljava/lang/String;'},
 {'clss': 'Lbo/app/w1$-CC;',
  'method': '$default$p(Lbo/app/w1;)Ljava/lang/String;',
  'name': ['UUID'],
  'num': 17,
  'source_class': 'Lorg/json/JSONObject;',
  'source_method': 'toString()Ljava/lang/String;'},
 {'clss': 'Lbo/app/b1;', 'method': 'a(Ljava/util/Set;)V', 'name': ['UUID'], 'num': 346, 'source_class': 'Ljava/lang/StringBuilder;', 'source_method': 'toString()Ljava/lang/String;'},
 {'clss': 'Lbo/app/j5$h;', 'method': 'a()Ljava/lang/String;', 'name': ['UUID'], 'num': 81, 'source_class': 'Ljava/lang/StringBuilder;', 'source_method': 'toString()Ljava/lang/String;'},
 {'clss': 'Lcom/braze/support/JsonUtils;',
  'method': 'getPrettyPrintedString(Lorg/json/JSONObject;)Ljava/lang/String;',
  'name': ['UUID'],
  'num': 671,
  'source_class': 'Lorg/json/JSONObject;',
  'source_method': 'toString(I)Ljava/lang/String;'},
 {'clss': 'Lbo/app/s;', 'method': 'toString()Ljava/lang/String;', 'name': ['UUID'], 'num': 1197, 'source_class': 'Ljava/lang/StringBuilder;', 'source_method': 'toString()Ljava/lang/String;'},
 {'clss': 'Lbo/app/x5;', 'method': 'toString()Ljava/lang/String;', 'name': ['UUID'], 'num': 126, 'source_class': 'Ljava/lang/StringBuilder;', 'source_method': 'toString()Ljava/lang/String;'},
 {'clss': 'Lbo/app/a1$d;', 'method': 'a()Ljava/lang/String;', 'name': ['UUID'], 'num': 114, 'source_class': 'Ljava/lang/StringBuilder;', 'source_method': 'toString()Ljava/lang/String;'}]
Sinks
[]