project.emulator.get_num_leaks() = 3
Sources
[{'clss': 'Lcom/yandex/metrica/impl/ob/U3;', 'method': '<clinit>()V', 'name': ['UUID'], 'num': 37, 'source_class': 'Ljava/util/UUID;', 'source_method': 'toString()Ljava/lang/String;'},
 {'clss': 'Lcom/yandex/metrica/impl/ob/Rm;', 'method': 'a()Ljava/lang/String;', 'name': ['UUID'], 'num': 25, 'source_class': 'Ljava/util/UUID;', 'source_method': 'toString()Ljava/lang/String;'},
 {'clss': 'Lcom/yandex/metrica/identifiers/impl/k;',
  'method': 'a(Landroid/content/Context;)Lcom/yandex/metrica/identifiers/impl/g;',
  'name': ['AAID'],
  'num': 51,
  'source_class': 'Lcom/google/android/gms/ads/identifier/AdvertisingIdClient$Info;',
  'source_method': 'getId()Ljava/lang/String;'},
 {'clss': 'Lcom/yandex/metrica/identifiers/impl/f;', 'method': 'a()Landroid/os/Bundle;', 'name': ['AAID'], 'num': 47, 'source_class': None, 'source_method': None},
 {'clss': 'Lcom/yandex/metrica/impl/ob/rc;',
  'method': 'b(Landroid/content/Context;)Lcom/yandex/metrica/impl/ob/bc;',
  'name': ['AAID'],
  'num': 142,
  'source_class': 'Landroid/os/Bundle;',
  'source_method': 'getString(Ljava/lang/String;)Ljava/lang/String;'},
 {'clss': 'Lcom/yandex/metrica/impl/ob/U3;', 'method': '<clinit>()V', 'name': ['UUID'], 'num': 37, 'source_class': 'Ljava/util/UUID;', 'source_method': 'toString()Ljava/lang/String;'},
 {'clss': 'Lcom/yandex/metrica/impl/ob/U3;',
  'method': 'h()Ljava/lang/String;',
  'name': ['UUID'],
  'num': 679,
  'source_class': 'Landroid/content/ContentValues;',
  'source_method': 'getAsString(Ljava/lang/String;)Ljava/lang/String;'},
 {'clss': 'Lcom/yandex/metrica/identifiers/impl/k;',
  'method': 'a(Landroid/content/Context;)Lcom/yandex/metrica/identifiers/impl/g;',
  'name': ['AAID'],
  'num': 51,
  'source_class': 'Lcom/google/android/gms/ads/identifier/AdvertisingIdClient$Info;',
  'source_method': 'getId()Ljava/lang/String;'},
 {'clss': 'Lcom/yandex/metrica/impl/ob/rc;',
  'method': 'b(Landroid/content/Context;)Lcom/yandex/metrica/impl/ob/bc;',
  'name': ['AAID'],
  'num': 142,
  'source_class': 'Landroid/os/Bundle;',
  'source_method': 'getString(Ljava/lang/String;)Ljava/lang/String;'},
 {'clss': 'Lcom/yandex/metrica/impl/ob/U3;',
  'method': 'h()Ljava/lang/String;',
  'name': ['UUID'],
  'num': 679,
  'source_class': 'Landroid/content/ContentValues;',
  'source_method': 'getAsString(Ljava/lang/String;)Ljava/lang/String;'},
 {'clss': 'Lcom/yandex/metrica/impl/ob/U3;',
  'method': 'h()Ljava/lang/String;',
  'name': ['UUID'],
  'num': 679,
  'source_class': 'Landroid/content/ContentValues;',
  'source_method': 'getAsString(Ljava/lang/String;)Ljava/lang/String;'},
 {'clss': 'Lcom/yandex/metrica/impl/ob/U3;',
  'method': 'h()Ljava/lang/String;',
  'name': ['UUID'],
  'num': 679,
  'source_class': 'Landroid/content/ContentValues;',
  'source_method': 'getAsString(Ljava/lang/String;)Ljava/lang/String;'},
 {'clss': 'Lcom/yandex/metrica/impl/ob/U3;',
  'method': 'h()Ljava/lang/String;',
  'name': ['UUID'],
  'num': 679,
  'source_class': 'Landroid/content/ContentValues;',
  'source_method': 'getAsString(Ljava/lang/String;)Ljava/lang/String;'},
 {'clss': 'Lcom/yandex/metrica/impl/ob/U3;',
  'method': 'h()Ljava/lang/String;',
  'name': ['UUID'],
  'num': 679,
  'source_class': 'Landroid/content/ContentValues;',
  'source_method': 'getAsString(Ljava/lang/String;)Ljava/lang/String;'},
 {'clss': 'Lcom/yandex/metrica/impl/ob/U3;',
  'method': 'h()Ljava/lang/String;',
  'name': ['UUID'],
  'num': 679,
  'source_class': 'Landroid/content/ContentValues;',
  'source_method': 'getAsString(Ljava/lang/String;)Ljava/lang/String;'},
 {'clss': 'Lcom/yandex/metrica/impl/ob/U3;',
  'method': 'h()Ljava/lang/String;',
  'name': ['UUID'],
  'num': 679,
  'source_class': 'Landroid/content/ContentValues;',
  'source_method': 'getAsString(Ljava/lang/String;)Ljava/lang/String;'},
 {'clss': 'Lcom/yandex/metrica/identifiers/impl/k;',
  'method': 'a(Landroid/content/Context;)Lcom/yandex/metrica/identifiers/impl/g;',
  'name': ['AAID'],
  'num': 51,
  'source_class': 'Lcom/google/android/gms/ads/identifier/AdvertisingIdClient$Info;',
  'source_method': 'getId()Ljava/lang/String;'},
 {'clss': 'Lcom/yandex/metrica/impl/ob/rc;',
  'method': 'b(Landroid/content/Context;)Lcom/yandex/metrica/impl/ob/bc;',
  'name': ['AAID'],
  'num': 142,
  'source_class': 'Landroid/os/Bundle;',
  'source_method': 'getString(Ljava/lang/String;)Ljava/lang/String;'},
 {'clss': 'Lcom/yandex/metrica/impl/ob/g1$a;',
  'method': 'createFromParcel(Landroid/os/Parcel;)Ljava/lang/Object;',
  'name': ['AAID'],
  'num': 47,
  'source_class': 'Landroid/os/Parcel;',
  'source_method': 'readString()Ljava/lang/String;'},
 {'clss': 'Lcom/yandex/metrica/impl/ob/F9;',
  'method': 'a(Ljava/lang/String;Lcom/yandex/metrica/impl/ob/g1;)Lcom/yandex/metrica/impl/ob/F9;',
  'name': ['AAID'],
  'num': 515,
  'source_class': 'Lorg/json/JSONObject;',
  'source_method': 'toString()Ljava/lang/String;'},
 {'clss': 'Lcom/yandex/metrica/identifiers/impl/k;',
  'method': 'a(Landroid/content/Context;)Lcom/yandex/metrica/identifiers/impl/g;',
  'name': ['AAID'],
  'num': 51,
  'source_class': 'Lcom/google/android/gms/ads/identifier/AdvertisingIdClient$Info;',
  'source_method': 'getId()Ljava/lang/String;'},
 {'clss': 'Lcom/yandex/metrica/impl/ob/rc;',
  'method': 'b(Landroid/content/Context;)Lcom/yandex/metrica/impl/ob/bc;',
  'name': ['AAID'],
  'num': 142,
  'source_class': 'Landroid/os/Bundle;',
  'source_method': 'getString(Ljava/lang/String;)Ljava/lang/String;'},
 {'clss': 'Lcom/yandex/metrica/impl/ob/U3;',
  'method': 'h()Ljava/lang/String;',
  'name': ['UUID'],
  'num': 679,
  'source_class': 'Landroid/content/ContentValues;',
  'source_method': 'getAsString(Ljava/lang/String;)Ljava/lang/String;'},
 {'clss': 'Lcom/yandex/metrica/impl/ob/U3;',
  'method': 'h()Ljava/lang/String;',
  'name': ['UUID'],
  'num': 679,
  'source_class': 'Landroid/content/ContentValues;',
  'source_method': 'getAsString(Ljava/lang/String;)Ljava/lang/String;'},
 {'clss': 'Lcom/yandex/metrica/impl/ob/T1;', 'method': 'p()Z', 'name': ['AAID'], 'num': 805, 'source_class': 'Landroid/net/Uri;', 'source_method': 'toString()Ljava/lang/String;'},
 {'clss': 'Lcom/yandex/metrica/impl/ob/U3;',
  'method': 'h()Ljava/lang/String;',
  'name': ['UUID'],
  'num': 679,
  'source_class': 'Landroid/content/ContentValues;',
  'source_method': 'getAsString(Ljava/lang/String;)Ljava/lang/String;'},
 {'clss': 'Lcom/yandex/metrica/impl/ob/U3;',
  'method': 'h()Ljava/lang/String;',
  'name': ['UUID'],
  'num': 679,
  'source_class': 'Landroid/content/ContentValues;',
  'source_method': 'getAsString(Ljava/lang/String;)Ljava/lang/String;'},
 {'clss': 'Lcom/yandex/metrica/impl/ob/T1;', 'method': 'p()Z', 'name': ['AAID'], 'num': 805, 'source_class': 'Landroid/net/Uri;', 'source_method': 'toString()Ljava/lang/String;'},
 {'clss': 'Lcom/yandex/metrica/impl/ob/U3;',
  'method': 'h()Ljava/lang/String;',
  'name': ['UUID'],
  'num': 679,
  'source_class': 'Landroid/content/ContentValues;',
  'source_method': 'getAsString(Ljava/lang/String;)Ljava/lang/String;'},
 {'clss': 'Lcom/yandex/metrica/impl/ob/U3;',
  'method': 'h()Ljava/lang/String;',
  'name': ['UUID'],
  'num': 679,
  'source_class': 'Landroid/content/ContentValues;',
  'source_method': 'getAsString(Ljava/lang/String;)Ljava/lang/String;'},
 {'clss': 'Lcom/yandex/metrica/impl/ob/T1;', 'method': 'p()Z', 'name': ['AAID'], 'num': 805, 'source_class': 'Landroid/net/Uri;', 'source_method': 'toString()Ljava/lang/String;'},
 {'clss': 'Lcom/yandex/metrica/impl/ob/U3;',
  'method': 'h()Ljava/lang/String;',
  'name': ['UUID'],
  'num': 679,
  'source_class': 'Landroid/content/ContentValues;',
  'source_method': 'getAsString(Ljava/lang/String;)Ljava/lang/String;'},
 {'clss': 'Lcom/yandex/metrica/impl/ob/Ra;',
  'method': 'a(Lcom/yandex/metrica/impl/ob/Ra;Ljava/util/Map;)V',
  'name': ['AAID'],
  'num': 372,
  'source_class': 'Landroid/content/ContentValues;',
  'source_method': 'getAsString(Ljava/lang/String;)Ljava/lang/String;'},
 {'clss': 'Lcom/yandex/metrica/impl/ob/U3;',
  'method': 'h()Ljava/lang/String;',
  'name': ['UUID'],
  'num': 679,
  'source_class': 'Landroid/content/ContentValues;',
  'source_method': 'getAsString(Ljava/lang/String;)Ljava/lang/String;'},
 {'clss': 'Lcom/yandex/metrica/impl/ob/B1;',
  'method': 'b(Landroid/content/Intent;)V',
  'name': ['UUID'],
  'num': 1429,
  'source_class': 'Landroid/net/Uri;',
  'source_method': 'getQueryParameter(Ljava/lang/String;)Ljava/lang/String;'},
 {'clss': 'Lcom/yandex/metrica/impl/ob/U3;',
  'method': 'h()Ljava/lang/String;',
  'name': ['UUID'],
  'num': 679,
  'source_class': 'Landroid/content/ContentValues;',
  'source_method': 'getAsString(Ljava/lang/String;)Ljava/lang/String;'},
 {'clss': 'Lcom/yandex/metrica/impl/ob/U3;',
  'method': 'h()Ljava/lang/String;',
  'name': ['UUID'],
  'num': 679,
  'source_class': 'Landroid/content/ContentValues;',
  'source_method': 'getAsString(Ljava/lang/String;)Ljava/lang/String;'},
 {'clss': 'Lcom/yandex/metrica/impl/ob/U3;',
  'method': 'h()Ljava/lang/String;',
  'name': ['UUID'],
  'num': 679,
  'source_class': 'Landroid/content/ContentValues;',
  'source_method': 'getAsString(Ljava/lang/String;)Ljava/lang/String;'},
 {'clss': 'Lcom/yandex/metrica/impl/ob/U3;',
  'method': 'h()Ljava/lang/String;',
  'name': ['UUID'],
  'num': 679,
  'source_class': 'Landroid/content/ContentValues;',
  'source_method': 'getAsString(Ljava/lang/String;)Ljava/lang/String;'},
 {'clss': 'Lcom/yandex/metrica/impl/ob/U3;',
  'method': 'h()Ljava/lang/String;',
  'name': ['UUID'],
  'num': 679,
  'source_class': 'Landroid/content/ContentValues;',
  'source_method': 'getAsString(Ljava/lang/String;)Ljava/lang/String;'},
 {'clss': 'Lcom/yandex/metrica/impl/ob/U3;',
  'method': 'h()Ljava/lang/String;',
  'name': ['UUID'],
  'num': 679,
  'source_class': 'Landroid/content/ContentValues;',
  'source_method': 'getAsString(Ljava/lang/String;)Ljava/lang/String;'},
 {'clss': 'Lcom/yandex/metrica/impl/ob/U3;',
  'method': 'h()Ljava/lang/String;',
  'name': ['UUID'],
  'num': 679,
  'source_class': 'Landroid/content/ContentValues;',
  'source_method': 'getAsString(Ljava/lang/String;)Ljava/lang/String;'},
 {'clss': 'Lcom/yandex/metrica/impl/ob/U3;',
  'method': 'h()Ljava/lang/String;',
  'name': ['UUID'],
  'num': 679,
  'source_class': 'Landroid/content/ContentValues;',
  'source_method': 'getAsString(Ljava/lang/String;)Ljava/lang/String;'},
 {'clss': 'Lcom/yandex/metrica/impl/ob/U3;',
  'method': 'h()Ljava/lang/String;',
  'name': ['UUID'],
  'num': 679,
  'source_class': 'Landroid/content/ContentValues;',
  'source_method': 'getAsString(Ljava/lang/String;)Ljava/lang/String;'}]
Sinks
[{"smali_tag": "4399_720", "clss": "Lcom/yandex/metrica/impl/ob/V0;", "method": "b([B)[B", "num": 720, "sink_class": "Ljava/util/zip/GZIPOutputStream;", "sink_method": "write([B)V", "sink_values": [[26, -37, 1, 8, -128, -56, -81, -96, 37, 18, 23, 10, 12, 8, -23, -54, -113, -87, 6, 16, -96, -6, 3, 32, 1, 18, 5, 101, 110, 95, 85, 83, 40, 1, 26, 21, 8, 0, 16, 0, 24, 13, 58, 2, 24, 1, 104, 0, -112, 1, 1, -104, 1, 3, -96, 1, 0, 26, 24, 8, 1, 16, 0, 24, 2, 58, 2, 24, 1, 104, 0, -128, 1, 1, -112, 1, 1, -104, 1, 3, -96, 1, 0, 26, 50, 8, 2, 16, 0, 24, 4, 34, 22, 67, 114, 101, 97, 116, 105, 110, 103, 32, 97, 117, 116, 104, 101, 110, 116, 105, 99, 97, 116, 111, 114, 58, 2, 24, 1, 104, 0, 120, 1, -128, 1, 2, -112, 1, 1, -104, 1, 3, -96, 1, 0, 26, 63, 8, 3, 16, 0, 24, 4, 34, 32, 83, 111, 109, 101, 98, 111, 100, 121, 32, 97, 115, 107, 101, 100, 32, 102, 111, 114, 32, 97, 117, 116, 104, 101, 110, 116, 105, 99, 97, 116, 111, 114, 58, 2, 24, 1, 104, 0, 120, 1, -128, 1, 3, -120, 1, 1, -112, 1, 1, -104, 1, 3, -96, 1, 0, 26, 20, 8, 4, 16, 0, 24, 7, 104, 0, -128, 1, 4, -112, 1, 1, -104, 1, 3, -96, 1, 0, 26, 105, 8, -127, -56, -81, -96, 37, 18, 21, 10, 12, 8, -23, -54, -113, -87, 6, 16, -96, -6, 3, 32, 1, 18, 5, 101, 110, 95, 85, 83, 26, 27, 8, 0, 16, 0, 24, 2, 58, 2, 24, 1, 104, 0, -128, 1, 5, -120, 1, 1, -112, 1, 1, -104, 1, 3, -96, 1, 0, 26, 45, 8, 1, 16, 0, 24, 1, 42, 19, 123, 34, 97, 112, 112, 73, 110, 115, 116, 97, 108, 108, 101, 114, 34, 58, 34, 34, 125, 58, 2, 24, 1, 104, 0, -128, 1, 6, -112, 1, 1, -104, 1, 3, -96, 1, 0, 34, 68, 10, 32, 54, 55, 101, 102, 54, 53, 51, 98, 51, 53, 102, 53, 52, 56, 97, 53, 56, 54, 99, 102, 102, 49, 100, 99, 50, 49, 97, 53, 52, 52, 53, 50, 18, 32, 52, 99, 54, 100, 101, 49, 55, 100, 54, 50, 48, 53, 52, 55, 102, 53, 54, 56, 101, 100, 55, 53, 51, 98, 99, 98, 99, 52, 53, 54, 52, 56, 90, 59, 54, 55, 58, 49, 55, 58, 65, 69, 58, 50, 68, 58, 57, 55, 58, 49, 53, 58, 52, 65, 58, 65, 56, 58, 55, 70, 58, 55, 66, 58, 50, 52, 58, 52, 67, 58, 52, 65, 58, 69, 50, 58, 70, 55, 58, 65, 66, 58, 66, 68, 58, 56, 67, 58, 51, 66, 58, 67, 56]], "sources": ["AAID", "UUID"], "returned_value": null}, {"smali_tag": "4791_55", "clss": "Lcom/yandex/metrica/impl/ob/Zd;", "method": "a(Ljava/lang/String;)Ljavax/net/ssl/HttpsURLConnection;", "num": 55, "sink_class": "Ljava/net/URL;", "sink_method": "<init>(Ljava/lang/String;)V", "sink_values": ["https://report.appmetrica.yandex.net/report?encrypted_request=1&deviceid=4c6de17d620547f568ed753bcbc45648&uuid=67ef653b35f548a586cff1dc21a54452&analytics_sdk_version_name=5.0.0&app_version_name=1.0&app_build_number=1&os_version=13&os_api_level=33&analytics_sdk_build_number=45001354&analytics_sdk_build_type=public_binary&app_debuggable=1&locale=en_US&is_rooted=0&app_framework=native&attribution_id=1&api_key_128=fdcdb071-8fa1-4dee-b3ee-1adc1858ec7f&app_id=com.yandex.sample.metrica.authuser&app_platform=android&model=sdk_gphone_x86_64&manufacturer=Google&screen_width=2400&screen_height=1080&screen_dpi=420&scalefactor=2.625&device_type=phone&app_set_id=4c6de17d-6205-47f5-68ed-753bcbc45648&app_set_id_scope=app&adv_id=4a16ccc6-e9d6-4d9a-885a-6259b15a2aed&limit_ad_tracking=0&oaid=&limit_oaid_tracking=&yandex_adv_id=&limit_yandex_adv_id_tracking=&request_id=0"], "sources": ["AAID"], "returned_value": null}, {"smali_tag": "4791_55", "clss": "Lcom/yandex/metrica/impl/ob/Zd;", "method": "a(Ljava/lang/String;)Ljavax/net/ssl/HttpsURLConnection;", "num": 55, "sink_class": "Ljava/net/URL;", "sink_method": "<init>(Ljava/lang/String;)V", "sink_values": ["https://report.appmetrica.yandex.net/report?encrypted_request=1&deviceid=4c6de17d620547f568ed753bcbc45648&uuid=67ef653b35f548a586cff1dc21a54452&analytics_sdk_version_name=5.0.0&app_version_name=1.0&app_build_number=1&os_version=13&os_api_level=33&analytics_sdk_build_number=45001354&analytics_sdk_build_type=public_binary&app_debuggable=1&locale=en_US&is_rooted=0&app_framework=native&attribution_id=1&api_key_128=20799a27-fa80-4b36-b2db-0f8141f24180&app_id=com.yandex.sample.metrica.authuser&app_platform=android&model=sdk_gphone_x86_64&manufacturer=Google&screen_width=2400&screen_height=1080&screen_dpi=420&scalefactor=2.625&device_type=phone&app_set_id=4c6de17d-6205-47f5-68ed-753bcbc45648&app_set_id_scope=app&adv_id=4a16ccc6-e9d6-4d9a-885a-6259b15a2aed&limit_ad_tracking=0&oaid=&limit_oaid_tracking=&yandex_adv_id=&limit_yandex_adv_id_tracking=&request_id=0"], "sources": ["AAID"], "returned_value": null}, {"smali_tag": "4791_55", "clss": "Lcom/yandex/metrica/impl/ob/Zd;", "method": "a(Ljava/lang/String;)Ljavax/net/ssl/HttpsURLConnection;", "num": 55, "sink_class": "Ljava/net/URL;", "sink_method": "<init>(Ljava/lang/String;)V", "sink_values": ["https://report.appmetrica.yandex.net/report?encrypted_request=1&deviceid=4c6de17d620547f568ed753bcbc45648&uuid=67ef653b35f548a586cff1dc21a54452&analytics_sdk_version_name=5.0.0&app_version_name=1.0&app_build_number=1&os_version=13&os_api_level=33&analytics_sdk_build_number=45001354&analytics_sdk_build_type=public_binary&app_debuggable=1&locale=en_US&is_rooted=0&app_framework=native&attribution_id=1&api_key_128=fdcdb071-8fa1-4dee-b3ee-1adc1858ec7f&app_id=com.yandex.sample.metrica.authuser&app_platform=android&model=sdk_gphone_x86_64&manufacturer=Google&screen_width=2400&screen_height=1080&screen_dpi=420&scalefactor=2.625&device_type=phone&app_set_id=4c6de17d-6205-47f5-68ed-753bcbc45648&app_set_id_scope=app&adv_id=4a16ccc6-e9d6-4d9a-885a-6259b15a2aed&limit_ad_tracking=0&oaid=&limit_oaid_tracking=&yandex_adv_id=&limit_yandex_adv_id_tracking=&request_id=1"], "sources": ["AAID"], "returned_value": null}]