project.emulator.get_num_leaks() = 3
Sources
[{'clss': 'Lcom/apptentive/android/sdk/util/Util;',
  'method': 'getAndroidID(Landroid/content/Context;)Ljava/lang/String;',
  'name': ['AndroidID'],
  'num': 1550,
  'source_class': 'Landroid/provider/Settings$Secure;',
  'source_method': 'getString(Landroid/content/ContentResolver;Ljava/lang/String;)Ljava/lang/String;'},
 {'clss': 'Lcom/apptentive/android/sdk/encryption/SecurityManager;',
  'method': 'generateUniqueKeyAlias()Ljava/lang/String;',
  'name': ['UUID'],
  'num': 85,
  'source_class': 'Ljava/util/UUID;',
  'source_method': 'toString()Ljava/lang/String;'},
 {'clss': 'Lcom/apptentive/android/sdk/encryption/SecurityManager;',
  'method': 'generateUniqueKeyAlias()Ljava/lang/String;',
  'name': ['UUID'],
  'num': 91,
  'source_class': 'Ljava/lang/StringBuilder;',
  'source_method': 'toString()Ljava/lang/String;'},
 {'clss': 'Lcom/apptentive/android/sdk/util/Util;',
  'method': 'generateRandomFilename()Ljava/lang/String;',
  'name': ['UUID'],
  'num': 1523,
  'source_class': 'Ljava/util/UUID;',
  'source_method': 'toString()Ljava/lang/String;'},
 {'clss': 'Lcom/apptentive/android/sdk/conversation/ConversationManager;',
  'method': 'generateConversationDataFilename()Ljava/io/File;',
  'name': ['UUID'],
  'num': 801,
  'source_class': 'Ljava/lang/StringBuilder;',
  'source_method': 'toString()Ljava/lang/String;'},
 {'clss': 'Lcom/apptentive/android/sdk/util/Util;',
  'method': 'getEncryptedFilename(Ljava/io/File;)Ljava/io/File;',
  'name': ['UUID'],
  'num': 1896,
  'source_class': 'Ljava/io/File;',
  'source_method': 'getName()Ljava/lang/String;'},
 {'clss': 'Lcom/apptentive/android/sdk/util/Util;',
  'method': 'getEncryptedFilename(Ljava/io/File;)Ljava/io/File;',
  'name': ['UUID'],
  'num': 1929,
  'source_class': 'Ljava/lang/StringBuilder;',
  'source_method': 'toString()Ljava/lang/String;'},
 {'clss': 'Lcom/apptentive/android/sdk/util/Util;',
  'method': 'generateRandomFilename()Ljava/lang/String;',
  'name': ['UUID'],
  'num': 1523,
  'source_class': 'Ljava/util/UUID;',
  'source_method': 'toString()Ljava/lang/String;'},
 {'clss': 'Lcom/apptentive/android/sdk/conversation/ConversationManager;',
  'method': 'generateMessagesFilename()Ljava/io/File;',
  'name': ['UUID'],
  'num': 836,
  'source_class': 'Ljava/lang/StringBuilder;',
  'source_method': 'toString()Ljava/lang/String;'},
 {'clss': 'Lcom/apptentive/android/sdk/util/Util;',
  'method': 'getEncryptedFilename(Ljava/io/File;)Ljava/io/File;',
  'name': ['UUID'],
  'num': 1896,
  'source_class': 'Ljava/io/File;',
  'source_method': 'getName()Ljava/lang/String;'},
 {'clss': 'Lcom/apptentive/android/sdk/util/Util;',
  'method': 'getEncryptedFilename(Ljava/io/File;)Ljava/io/File;',
  'name': ['UUID'],
  'num': 1929,
  'source_class': 'Ljava/lang/StringBuilder;',
  'source_method': 'toString()Ljava/lang/String;'},
 {'clss': 'Lcom/apptentive/android/sdk/conversation/ConversationData;',
  'method': '<init>()V',
  'name': ['UUID'],
  'num': 73,
  'source_class': 'Ljava/util/UUID;',
  'source_method': 'toString()Ljava/lang/String;'},
 {'clss': 'Lcom/apptentive/android/sdk/util/Util;',
  'method': 'getUnencryptedFilename(Ljava/io/File;)Ljava/io/File;',
  'name': ['UUID'],
  'num': 2732,
  'source_class': 'Ljava/io/File;',
  'source_method': 'getName()Ljava/lang/String;'},
 {'clss': 'Lcom/apptentive/android/sdk/util/Util;',
  'method': 'getUnencryptedFilename(Ljava/io/File;)Ljava/io/File;',
  'name': ['UUID'],
  'num': 2764,
  'source_class': 'Ljava/lang/String;',
  'source_method': 'substring(II)Ljava/lang/String;'},
 {'clss': 'Lcom/apptentive/android/sdk/util/StringUtils;',
  'method': 'format(Ljava/lang/String;[Ljava/lang/Object;)Ljava/lang/String;',
  'name': ['UUID'],
  'num': 132,
  'source_class': 'Ljava/lang/String;',
  'source_method': 'format(Ljava/lang/String;[Ljava/lang/Object;)Ljava/lang/String;'},
 {'clss': 'Lcom/apptentive/android/sdk/util/StringUtils;',
  'method': 'toString(Ljava/util/Map;)Ljava/lang/String;',
  'name': ['UUID'],
  'num': 967,
  'source_class': 'Ljava/lang/StringBuilder;',
  'source_method': 'toString()Ljava/lang/String;'},
 {'clss': 'Lcom/apptentive/android/sdk/ApptentiveLog;',
  'method': 'logGuarded(Lcom/apptentive/android/sdk/ApptentiveLog$Level;Lcom/apptentive/android/sdk/ApptentiveLogTag;Ljava/lang/Throwable;Ljava/lang/String;[Ljava/lang/Object;)V',
  'name': ['UUID'],
  'num': 573,
  'source_class': 'Ljava/lang/String;',
  'source_method': 'format(Ljava/lang/String;[Ljava/lang/Object;)Ljava/lang/String;'},
 {'clss': 'Lcom/apptentive/android/sdk/ApptentiveLog;',
  'method': 'logGuarded(Lcom/apptentive/android/sdk/ApptentiveLog$Level;Lcom/apptentive/android/sdk/ApptentiveLogTag;Ljava/lang/Throwable;Ljava/lang/String;[Ljava/lang/Object;)V',
  'name': ['UUID'],
  'num': 697,
  'source_class': 'Ljava/lang/StringBuilder;',
  'source_method': 'toString()Ljava/lang/String;'},
 {'clss': 'Lcom/apptentive/android/sdk/debug/AsyncLogWriter;',
  'method': 'onLogMessage(Lcom/apptentive/android/sdk/ApptentiveLog$Level;Ljava/lang/String;)V',
  'name': ['UUID'],
  'num': 302,
  'source_class': 'Ljava/lang/StringBuilder;',
  'source_method': 'toString()Ljava/lang/String;'},
 {'clss': 'Lcom/apptentive/android/sdk/util/Util;',
  'method': 'writeText(Ljava/io/File;Ljava/util/List;Z)V',
  'name': ['UUID'],
  'num': 5158,
  'source_class': 'Ljava/util/Iterator;',
  'source_method': 'next()Ljava/lang/Object;'},
 {'clss': 'Lcom/apptentive/android/sdk/model/JsonPayload;',
  'method': '<init>(Lcom/apptentive/android/sdk/model/PayloadType;)V',
  'name': ['UUID'],
  'num': 61,
  'source_class': 'Ljava/util/UUID;',
  'source_method': 'toString()Ljava/lang/String;'},
 {'clss': 'Lcom/apptentive/android/sdk/model/JsonPayload;',
  'method': '<init>(Lcom/apptentive/android/sdk/model/PayloadType;)V',
  'name': ['UUID'],
  'num': 61,
  'source_class': 'Ljava/util/UUID;',
  'source_method': 'toString()Ljava/lang/String;'},
 {'clss': 'Lcom/apptentive/android/sdk/model/JsonPayload;',
  'method': '<init>(Lcom/apptentive/android/sdk/model/PayloadType;)V',
  'name': ['UUID'],
  'num': 61,
  'source_class': 'Ljava/util/UUID;',
  'source_method': 'toString()Ljava/lang/String;'},
 {'clss': 'Lcom/apptentive/android/sdk/util/StringUtils;',
  'method': 'format(Ljava/lang/String;[Ljava/lang/Object;)Ljava/lang/String;',
  'name': ['UUID'],
  'num': 132,
  'source_class': 'Ljava/lang/String;',
  'source_method': 'format(Ljava/lang/String;[Ljava/lang/Object;)Ljava/lang/String;'},
 {'clss': 'Lcom/apptentive/android/sdk/util/StringUtils;',
  'method': 'toString(Ljava/util/Map;)Ljava/lang/String;',
  'name': ['UUID'],
  'num': 967,
  'source_class': 'Ljava/lang/StringBuilder;',
  'source_method': 'toString()Ljava/lang/String;'},
 {'clss': 'Lcom/apptentive/android/sdk/ApptentiveLog;',
  'method': 'logGuarded(Lcom/apptentive/android/sdk/ApptentiveLog$Level;Lcom/apptentive/android/sdk/ApptentiveLogTag;Ljava/lang/Throwable;Ljava/lang/String;[Ljava/lang/Object;)V',
  'name': ['UUID'],
  'num': 573,
  'source_class': 'Ljava/lang/String;',
  'source_method': 'format(Ljava/lang/String;[Ljava/lang/Object;)Ljava/lang/String;'},
 {'clss': 'Lcom/apptentive/android/sdk/ApptentiveLog;',
  'method': 'logGuarded(Lcom/apptentive/android/sdk/ApptentiveLog$Level;Lcom/apptentive/android/sdk/ApptentiveLogTag;Ljava/lang/Throwable;Ljava/lang/String;[Ljava/lang/Object;)V',
  'name': ['UUID'],
  'num': 697,
  'source_class': 'Ljava/lang/StringBuilder;',
  'source_method': 'toString()Ljava/lang/String;'},
 {'clss': 'Lcom/apptentive/android/sdk/debug/AsyncLogWriter;',
  'method': 'onLogMessage(Lcom/apptentive/android/sdk/ApptentiveLog$Level;Ljava/lang/String;)V',
  'name': ['UUID'],
  'num': 302,
  'source_class': 'Ljava/lang/StringBuilder;',
  'source_method': 'toString()Ljava/lang/String;'},
 {'clss': 'Lcom/apptentive/android/sdk/util/Util;',
  'method': 'writeText(Ljava/io/File;Ljava/util/List;Z)V',
  'name': ['UUID'],
  'num': 5158,
  'source_class': 'Ljava/util/Iterator;',
  'source_method': 'next()Ljava/lang/Object;'},
 {'clss': 'Lcom/apptentive/android/sdk/network/HttpJsonRequest;',
  'method': 'createRequestData()[B',
  'name': ['AndroidID', 'UUID'],
  'num': 53,
  'source_class': 'Lorg/json/JSONObject;',
  'source_method': 'toString()Ljava/lang/String;'},
 {'clss': 'Lcom/apptentive/android/sdk/util/StringUtils;',
  'method': 'format(Ljava/lang/String;[Ljava/lang/Object;)Ljava/lang/String;',
  'name': ['UUID'],
  'num': 132,
  'source_class': 'Ljava/lang/String;',
  'source_method': 'format(Ljava/lang/String;[Ljava/lang/Object;)Ljava/lang/String;'},
 {'clss': 'Lcom/apptentive/android/sdk/ApptentiveLog;',
  'method': 'logGuarded(Lcom/apptentive/android/sdk/ApptentiveLog$Level;Lcom/apptentive/android/sdk/ApptentiveLogTag;Ljava/lang/Throwable;Ljava/lang/String;[Ljava/lang/Object;)V',
  'name': ['UUID'],
  'num': 573,
  'source_class': 'Ljava/lang/String;',
  'source_method': 'format(Ljava/lang/String;[Ljava/lang/Object;)Ljava/lang/String;'},
 {'clss': 'Lcom/apptentive/android/sdk/ApptentiveLog;',
  'method': 'logGuarded(Lcom/apptentive/android/sdk/ApptentiveLog$Level;Lcom/apptentive/android/sdk/ApptentiveLogTag;Ljava/lang/Throwable;Ljava/lang/String;[Ljava/lang/Object;)V',
  'name': ['UUID'],
  'num': 697,
  'source_class': 'Ljava/lang/StringBuilder;',
  'source_method': 'toString()Ljava/lang/String;'},
 {'clss': 'Lcom/apptentive/android/sdk/debug/AsyncLogWriter;',
  'method': 'onLogMessage(Lcom/apptentive/android/sdk/ApptentiveLog$Level;Ljava/lang/String;)V',
  'name': ['UUID'],
  'num': 302,
  'source_class': 'Ljava/lang/StringBuilder;',
  'source_method': 'toString()Ljava/lang/String;'},
 {'clss': 'Lcom/apptentive/android/sdk/util/Util;',
  'method': 'writeText(Ljava/io/File;Ljava/util/List;Z)V',
  'name': ['UUID'],
  'num': 5158,
  'source_class': 'Ljava/util/Iterator;',
  'source_method': 'next()Ljava/lang/Object;'},
 {'clss': 'Lcom/apptentive/android/sdk/util/StringUtils;',
  'method': 'format(Ljava/lang/String;[Ljava/lang/Object;)Ljava/lang/String;',
  'name': ['UUID'],
  'num': 132,
  'source_class': 'Ljava/lang/String;',
  'source_method': 'format(Ljava/lang/String;[Ljava/lang/Object;)Ljava/lang/String;'},
 {'clss': 'Lcom/apptentive/android/sdk/util/StringUtils;',
  'method': 'toString(Ljava/util/Map;)Ljava/lang/String;',
  'name': ['UUID'],
  'num': 967,
  'source_class': 'Ljava/lang/StringBuilder;',
  'source_method': 'toString()Ljava/lang/String;'},
 {'clss': 'Lcom/apptentive/android/sdk/ApptentiveLog;',
  'method': 'logGuarded(Lcom/apptentive/android/sdk/ApptentiveLog$Level;Lcom/apptentive/android/sdk/ApptentiveLogTag;Ljava/lang/Throwable;Ljava/lang/String;[Ljava/lang/Object;)V',
  'name': ['UUID'],
  'num': 573,
  'source_class': 'Ljava/lang/String;',
  'source_method': 'format(Ljava/lang/String;[Ljava/lang/Object;)Ljava/lang/String;'},
 {'clss': 'Lcom/apptentive/android/sdk/ApptentiveLog;',
  'method': 'logGuarded(Lcom/apptentive/android/sdk/ApptentiveLog$Level;Lcom/apptentive/android/sdk/ApptentiveLogTag;Ljava/lang/Throwable;Ljava/lang/String;[Ljava/lang/Object;)V',
  'name': ['UUID'],
  'num': 697,
  'source_class': 'Ljava/lang/StringBuilder;',
  'source_method': 'toString()Ljava/lang/String;'},
 {'clss': 'Lcom/apptentive/android/sdk/debug/AsyncLogWriter;',
  'method': 'onLogMessage(Lcom/apptentive/android/sdk/ApptentiveLog$Level;Ljava/lang/String;)V',
  'name': ['UUID'],
  'num': 302,
  'source_class': 'Ljava/lang/StringBuilder;',
  'source_method': 'toString()Ljava/lang/String;'},
 {'clss': 'Lcom/apptentive/android/sdk/util/Util;',
  'method': 'writeText(Ljava/io/File;Ljava/util/List;Z)V',
  'name': ['UUID'],
  'num': 5158,
  'source_class': 'Ljava/util/Iterator;',
  'source_method': 'next()Ljava/lang/Object;'},
 {'clss': 'Lcom/apptentive/android/sdk/util/StringUtils;',
  'method': 'format(Ljava/lang/String;[Ljava/lang/Object;)Ljava/lang/String;',
  'name': ['UUID'],
  'num': 132,
  'source_class': 'Ljava/lang/String;',
  'source_method': 'format(Ljava/lang/String;[Ljava/lang/Object;)Ljava/lang/String;'},
 {'clss': 'Lcom/apptentive/android/sdk/ApptentiveLog;',
  'method': 'logGuarded(Lcom/apptentive/android/sdk/ApptentiveLog$Level;Lcom/apptentive/android/sdk/ApptentiveLogTag;Ljava/lang/Throwable;Ljava/lang/String;[Ljava/lang/Object;)V',
  'name': ['UUID'],
  'num': 573,
  'source_class': 'Ljava/lang/String;',
  'source_method': 'format(Ljava/lang/String;[Ljava/lang/Object;)Ljava/lang/String;'},
 {'clss': 'Lcom/apptentive/android/sdk/ApptentiveLog;',
  'method': 'logGuarded(Lcom/apptentive/android/sdk/ApptentiveLog$Level;Lcom/apptentive/android/sdk/ApptentiveLogTag;Ljava/lang/Throwable;Ljava/lang/String;[Ljava/lang/Object;)V',
  'name': ['UUID'],
  'num': 697,
  'source_class': 'Ljava/lang/StringBuilder;',
  'source_method': 'toString()Ljava/lang/String;'},
 {'clss': 'Lcom/apptentive/android/sdk/debug/AsyncLogWriter;',
  'method': 'onLogMessage(Lcom/apptentive/android/sdk/ApptentiveLog$Level;Ljava/lang/String;)V',
  'name': ['UUID'],
  'num': 302,
  'source_class': 'Ljava/lang/StringBuilder;',
  'source_method': 'toString()Ljava/lang/String;'},
 {'clss': 'Lcom/apptentive/android/sdk/util/Util;',
  'method': 'writeText(Ljava/io/File;Ljava/util/List;Z)V',
  'name': ['UUID'],
  'num': 5158,
  'source_class': 'Ljava/util/Iterator;',
  'source_method': 'next()Ljava/lang/Object;'},
 {'clss': 'Lcom/apptentive/android/sdk/conversation/ConversationMetadataItem;',
  'method': 'writeExternal(Ljava/io/DataOutput;)V',
  'name': ['UUID'],
  'num': 456,
  'source_class': 'Ljava/io/File;',
  'source_method': 'getAbsolutePath()Ljava/lang/String;'},
 {'clss': 'Lcom/apptentive/android/sdk/conversation/ConversationMetadataItem;',
  'method': 'writeExternal(Ljava/io/DataOutput;)V',
  'name': ['UUID'],
  'num': 465,
  'source_class': 'Ljava/io/File;',
  'source_method': 'getAbsolutePath()Ljava/lang/String;'},
 {'clss': 'Lcom/apptentive/android/sdk/conversation/Conversation;',
  'method': 'generateSessionId()Ljava/lang/String;',
  'name': ['UUID'],
  'num': 202,
  'source_class': 'Ljava/util/UUID;',
  'source_method': 'toString()Ljava/lang/String;'},
 {'clss': 'Lcom/apptentive/android/sdk/util/StringUtils;',
  'method': 'format(Ljava/lang/String;[Ljava/lang/Object;)Ljava/lang/String;',
  'name': ['UUID'],
  'num': 132,
  'source_class': 'Ljava/lang/String;',
  'source_method': 'format(Ljava/lang/String;[Ljava/lang/Object;)Ljava/lang/String;'},
 {'clss': 'Lcom/apptentive/android/sdk/util/StringUtils;',
  'method': 'toString(Ljava/util/Map;)Ljava/lang/String;',
  'name': ['UUID'],
  'num': 967,
  'source_class': 'Ljava/lang/StringBuilder;',
  'source_method': 'toString()Ljava/lang/String;'},
 {'clss': 'Lcom/apptentive/android/sdk/ApptentiveLog;',
  'method': 'logGuarded(Lcom/apptentive/android/sdk/ApptentiveLog$Level;Lcom/apptentive/android/sdk/ApptentiveLogTag;Ljava/lang/Throwable;Ljava/lang/String;[Ljava/lang/Object;)V',
  'name': ['UUID'],
  'num': 573,
  'source_class': 'Ljava/lang/String;',
  'source_method': 'format(Ljava/lang/String;[Ljava/lang/Object;)Ljava/lang/String;'},
 {'clss': 'Lcom/apptentive/android/sdk/ApptentiveLog;',
  'method': 'logGuarded(Lcom/apptentive/android/sdk/ApptentiveLog$Level;Lcom/apptentive/android/sdk/ApptentiveLogTag;Ljava/lang/Throwable;Ljava/lang/String;[Ljava/lang/Object;)V',
  'name': ['UUID'],
  'num': 697,
  'source_class': 'Ljava/lang/StringBuilder;',
  'source_method': 'toString()Ljava/lang/String;'},
 {'clss': 'Lcom/apptentive/android/sdk/debug/AsyncLogWriter;',
  'method': 'onLogMessage(Lcom/apptentive/android/sdk/ApptentiveLog$Level;Ljava/lang/String;)V',
  'name': ['UUID'],
  'num': 302,
  'source_class': 'Ljava/lang/StringBuilder;',
  'source_method': 'toString()Ljava/lang/String;'},
 {'clss': 'Lcom/apptentive/android/sdk/util/Util;',
  'method': 'writeText(Ljava/io/File;Ljava/util/List;Z)V',
  'name': ['UUID'],
  'num': 5158,
  'source_class': 'Ljava/util/Iterator;',
  'source_method': 'next()Ljava/lang/Object;'},
 {'clss': 'Lcom/apptentive/android/sdk/model/JsonPayload;',
  'method': '<init>(Lcom/apptentive/android/sdk/model/PayloadType;)V',
  'name': ['UUID'],
  'num': 61,
  'source_class': 'Ljava/util/UUID;',
  'source_method': 'toString()Ljava/lang/String;'},
 {'clss': 'Lcom/apptentive/android/sdk/util/StringUtils;',
  'method': 'format(Ljava/lang/String;[Ljava/lang/Object;)Ljava/lang/String;',
  'name': ['UUID'],
  'num': 132,
  'source_class': 'Ljava/lang/String;',
  'source_method': 'format(Ljava/lang/String;[Ljava/lang/Object;)Ljava/lang/String;'},
 {'clss': 'Lcom/apptentive/android/sdk/util/StringUtils;',
  'method': 'toString(Ljava/util/Map;)Ljava/lang/String;',
  'name': ['UUID'],
  'num': 967,
  'source_class': 'Ljava/lang/StringBuilder;',
  'source_method': 'toString()Ljava/lang/String;'},
 {'clss': 'Lcom/apptentive/android/sdk/ApptentiveLog;',
  'method': 'logGuarded(Lcom/apptentive/android/sdk/ApptentiveLog$Level;Lcom/apptentive/android/sdk/ApptentiveLogTag;Ljava/lang/Throwable;Ljava/lang/String;[Ljava/lang/Object;)V',
  'name': ['UUID'],
  'num': 573,
  'source_class': 'Ljava/lang/String;',
  'source_method': 'format(Ljava/lang/String;[Ljava/lang/Object;)Ljava/lang/String;'},
 {'clss': 'Lcom/apptentive/android/sdk/ApptentiveLog;',
  'method': 'logGuarded(Lcom/apptentive/android/sdk/ApptentiveLog$Level;Lcom/apptentive/android/sdk/ApptentiveLogTag;Ljava/lang/Throwable;Ljava/lang/String;[Ljava/lang/Object;)V',
  'name': ['UUID'],
  'num': 697,
  'source_class': 'Ljava/lang/StringBuilder;',
  'source_method': 'toString()Ljava/lang/String;'},
 {'clss': 'Lcom/apptentive/android/sdk/debug/AsyncLogWriter;',
  'method': 'onLogMessage(Lcom/apptentive/android/sdk/ApptentiveLog$Level;Ljava/lang/String;)V',
  'name': ['UUID'],
  'num': 302,
  'source_class': 'Ljava/lang/StringBuilder;',
  'source_method': 'toString()Ljava/lang/String;'},
 {'clss': 'Lcom/apptentive/android/sdk/util/Util;',
  'method': 'writeText(Ljava/io/File;Ljava/util/List;Z)V',
  'name': ['UUID'],
  'num': 5158,
  'source_class': 'Ljava/util/Iterator;',
  'source_method': 'next()Ljava/lang/Object;'},
 {'clss': 'Lcom/apptentive/android/sdk/util/StringUtils;',
  'method': 'format(Ljava/lang/String;[Ljava/lang/Object;)Ljava/lang/String;',
  'name': ['UUID'],
  'num': 132,
  'source_class': 'Ljava/lang/String;',
  'source_method': 'format(Ljava/lang/String;[Ljava/lang/Object;)Ljava/lang/String;'},
 {'clss': 'Lcom/apptentive/android/sdk/ApptentiveLog;',
  'method': 'logGuarded(Lcom/apptentive/android/sdk/ApptentiveLog$Level;Lcom/apptentive/android/sdk/ApptentiveLogTag;Ljava/lang/Throwable;Ljava/lang/String;[Ljava/lang/Object;)V',
  'name': ['UUID'],
  'num': 573,
  'source_class': 'Ljava/lang/String;',
  'source_method': 'format(Ljava/lang/String;[Ljava/lang/Object;)Ljava/lang/String;'},
 {'clss': 'Lcom/apptentive/android/sdk/ApptentiveLog;',
  'method': 'logGuarded(Lcom/apptentive/android/sdk/ApptentiveLog$Level;Lcom/apptentive/android/sdk/ApptentiveLogTag;Ljava/lang/Throwable;Ljava/lang/String;[Ljava/lang/Object;)V',
  'name': ['UUID'],
  'num': 697,
  'source_class': 'Ljava/lang/StringBuilder;',
  'source_method': 'toString()Ljava/lang/String;'},
 {'clss': 'Lcom/apptentive/android/sdk/debug/AsyncLogWriter;',
  'method': 'onLogMessage(Lcom/apptentive/android/sdk/ApptentiveLog$Level;Ljava/lang/String;)V',
  'name': ['UUID'],
  'num': 302,
  'source_class': 'Ljava/lang/StringBuilder;',
  'source_method': 'toString()Ljava/lang/String;'},
 {'clss': 'Lcom/apptentive/android/sdk/util/Util;',
  'method': 'writeText(Ljava/io/File;Ljava/util/List;Z)V',
  'name': ['UUID'],
  'num': 5158,
  'source_class': 'Ljava/util/Iterator;',
  'source_method': 'next()Ljava/lang/Object;'},
 {'clss': 'Lcom/apptentive/android/sdk/model/JsonPayload;',
  'method': 'optString(Ljava/lang/String;Ljava/lang/String;)Ljava/lang/String;',
  'name': ['UUID'],
  'num': 636,
  'source_class': 'Lorg/json/JSONObject;',
  'source_method': 'optString(Ljava/lang/String;Ljava/lang/String;)Ljava/lang/String;'},
 {'clss': 'Lcom/apptentive/android/sdk/model/JsonPayload;',
  'method': 'optString(Ljava/lang/String;Ljava/lang/String;)Ljava/lang/String;',
  'name': ['UUID'],
  'num': 636,
  'source_class': 'Lorg/json/JSONObject;',
  'source_method': 'optString(Ljava/lang/String;Ljava/lang/String;)Ljava/lang/String;'},
 {'clss': 'Lcom/apptentive/android/sdk/storage/ApptentiveDatabaseHelper;',
  'method': 'getPayloadBodyFile(Ljava/lang/String;)Ljava/io/File;',
  'name': ['UUID'],
  'num': 572,
  'source_class': 'Ljava/lang/StringBuilder;',
  'source_method': 'toString()Ljava/lang/String;'},
 {'clss': 'Lcom/apptentive/android/sdk/ApptentiveLog;',
  'method': 'logGuarded(Lcom/apptentive/android/sdk/ApptentiveLog$Level;Lcom/apptentive/android/sdk/ApptentiveLogTag;Ljava/lang/Throwable;Ljava/lang/String;[Ljava/lang/Object;)V',
  'name': ['UUID'],
  'num': 573,
  'source_class': 'Ljava/lang/String;',
  'source_method': 'format(Ljava/lang/String;[Ljava/lang/Object;)Ljava/lang/String;'},
 {'clss': 'Lcom/apptentive/android/sdk/ApptentiveLog;',
  'method': 'logGuarded(Lcom/apptentive/android/sdk/ApptentiveLog$Level;Lcom/apptentive/android/sdk/ApptentiveLogTag;Ljava/lang/Throwable;Ljava/lang/String;[Ljava/lang/Object;)V',
  'name': ['UUID'],
  'num': 697,
  'source_class': 'Ljava/lang/StringBuilder;',
  'source_method': 'toString()Ljava/lang/String;'},
 {'clss': 'Lcom/apptentive/android/sdk/debug/AsyncLogWriter;',
  'method': 'onLogMessage(Lcom/apptentive/android/sdk/ApptentiveLog$Level;Ljava/lang/String;)V',
  'name': ['UUID'],
  'num': 302,
  'source_class': 'Ljava/lang/StringBuilder;',
  'source_method': 'toString()Ljava/lang/String;'},
 {'clss': 'Lcom/apptentive/android/sdk/util/Util;',
  'method': 'writeText(Ljava/io/File;Ljava/util/List;Z)V',
  'name': ['UUID'],
  'num': 5158,
  'source_class': 'Ljava/util/Iterator;',
  'source_method': 'next()Ljava/lang/Object;'},
 {'clss': 'Lcom/apptentive/android/sdk/model/JsonPayload;',
  'method': 'renderData()[B',
  'name': ['UUID'],
  'num': 930,
  'source_class': 'Lorg/json/JSONObject;',
  'source_method': 'toString()Ljava/lang/String;'},
 {'clss': 'Lcom/apptentive/android/sdk/ApptentiveLog;',
  'method': 'logGuarded(Lcom/apptentive/android/sdk/ApptentiveLog$Level;Lcom/apptentive/android/sdk/ApptentiveLogTag;Ljava/lang/Throwable;Ljava/lang/String;[Ljava/lang/Object;)V',
  'name': ['UUID'],
  'num': 697,
  'source_class': 'Ljava/lang/StringBuilder;',
  'source_method': 'toString()Ljava/lang/String;'},
 {'clss': 'Lcom/apptentive/android/sdk/debug/AsyncLogWriter;',
  'method': 'onLogMessage(Lcom/apptentive/android/sdk/ApptentiveLog$Level;Ljava/lang/String;)V',
  'name': ['UUID'],
  'num': 302,
  'source_class': 'Ljava/lang/StringBuilder;',
  'source_method': 'toString()Ljava/lang/String;'},
 {'clss': 'Lcom/apptentive/android/sdk/util/Util;',
  'method': 'writeText(Ljava/io/File;Ljava/util/List;Z)V',
  'name': ['UUID'],
  'num': 5158,
  'source_class': 'Ljava/util/Iterator;',
  'source_method': 'next()Ljava/lang/Object;'},
 {'clss': 'Lcom/apptentive/android/sdk/network/HttpJsonRequest;',
  'method': 'createRequestData()[B',
  'name': ['AndroidID', 'UUID'],
  'num': 53,
  'source_class': 'Lorg/json/JSONObject;',
  'source_method': 'toString()Ljava/lang/String;'},
 {'clss': 'Lcom/apptentive/android/sdk/util/StringUtils;',
  'method': 'format(Ljava/lang/String;[Ljava/lang/Object;)Ljava/lang/String;',
  'name': ['UUID'],
  'num': 132,
  'source_class': 'Ljava/lang/String;',
  'source_method': 'format(Ljava/lang/String;[Ljava/lang/Object;)Ljava/lang/String;'},
 {'clss': 'Lcom/apptentive/android/sdk/util/StringUtils;',
  'method': 'toString(Ljava/util/Map;)Ljava/lang/String;',
  'name': ['UUID'],
  'num': 967,
  'source_class': 'Ljava/lang/StringBuilder;',
  'source_method': 'toString()Ljava/lang/String;'},
 {'clss': 'Lcom/apptentive/android/sdk/ApptentiveLog;',
  'method': 'logGuarded(Lcom/apptentive/android/sdk/ApptentiveLog$Level;Lcom/apptentive/android/sdk/ApptentiveLogTag;Ljava/lang/Throwable;Ljava/lang/String;[Ljava/lang/Object;)V',
  'name': ['UUID'],
  'num': 573,
  'source_class': 'Ljava/lang/String;',
  'source_method': 'format(Ljava/lang/String;[Ljava/lang/Object;)Ljava/lang/String;'},
 {'clss': 'Lcom/apptentive/android/sdk/ApptentiveLog;',
  'method': 'logGuarded(Lcom/apptentive/android/sdk/ApptentiveLog$Level;Lcom/apptentive/android/sdk/ApptentiveLogTag;Ljava/lang/Throwable;Ljava/lang/String;[Ljava/lang/Object;)V',
  'name': ['UUID'],
  'num': 697,
  'source_class': 'Ljava/lang/StringBuilder;',
  'source_method': 'toString()Ljava/lang/String;'},
 {'clss': 'Lcom/apptentive/android/sdk/debug/AsyncLogWriter;',
  'method': 'onLogMessage(Lcom/apptentive/android/sdk/ApptentiveLog$Level;Ljava/lang/String;)V',
  'name': ['UUID'],
  'num': 302,
  'source_class': 'Ljava/lang/StringBuilder;',
  'source_method': 'toString()Ljava/lang/String;'},
 {'clss': 'Lcom/apptentive/android/sdk/util/Util;',
  'method': 'writeText(Ljava/io/File;Ljava/util/List;Z)V',
  'name': ['UUID'],
  'num': 5158,
  'source_class': 'Ljava/util/Iterator;',
  'source_method': 'next()Ljava/lang/Object;'},
 {'clss': 'Lcom/apptentive/android/sdk/util/StringUtils;',
  'method': 'format(Ljava/lang/String;[Ljava/lang/Object;)Ljava/lang/String;',
  'name': ['UUID'],
  'num': 132,
  'source_class': 'Ljava/lang/String;',
  'source_method': 'format(Ljava/lang/String;[Ljava/lang/Object;)Ljava/lang/String;'},
 {'clss': 'Lcom/apptentive/android/sdk/util/StringUtils;',
  'method': 'toString(Ljava/util/Map;)Ljava/lang/String;',
  'name': ['UUID'],
  'num': 967,
  'source_class': 'Ljava/lang/StringBuilder;',
  'source_method': 'toString()Ljava/lang/String;'},
 {'clss': 'Lcom/apptentive/android/sdk/ApptentiveLog;',
  'method': 'logGuarded(Lcom/apptentive/android/sdk/ApptentiveLog$Level;Lcom/apptentive/android/sdk/ApptentiveLogTag;Ljava/lang/Throwable;Ljava/lang/String;[Ljava/lang/Object;)V',
  'name': ['UUID'],
  'num': 573,
  'source_class': 'Ljava/lang/String;',
  'source_method': 'format(Ljava/lang/String;[Ljava/lang/Object;)Ljava/lang/String;'},
 {'clss': 'Lcom/apptentive/android/sdk/ApptentiveLog;',
  'method': 'logGuarded(Lcom/apptentive/android/sdk/ApptentiveLog$Level;Lcom/apptentive/android/sdk/ApptentiveLogTag;Ljava/lang/Throwable;Ljava/lang/String;[Ljava/lang/Object;)V',
  'name': ['UUID'],
  'num': 697,
  'source_class': 'Ljava/lang/StringBuilder;',
  'source_method': 'toString()Ljava/lang/String;'},
 {'clss': 'Lcom/apptentive/android/sdk/debug/AsyncLogWriter;',
  'method': 'onLogMessage(Lcom/apptentive/android/sdk/ApptentiveLog$Level;Ljava/lang/String;)V',
  'name': ['UUID'],
  'num': 302,
  'source_class': 'Ljava/lang/StringBuilder;',
  'source_method': 'toString()Ljava/lang/String;'},
 {'clss': 'Lcom/apptentive/android/sdk/model/JsonPayload;',
  'method': '<init>(Lcom/apptentive/android/sdk/model/PayloadType;)V',
  'name': ['UUID'],
  'num': 61,
  'source_class': 'Ljava/util/UUID;',
  'source_method': 'toString()Ljava/lang/String;'},
 {'clss': 'Lcom/apptentive/android/sdk/util/StringUtils;',
  'method': 'format(Ljava/lang/String;[Ljava/lang/Object;)Ljava/lang/String;',
  'name': ['UUID'],
  'num': 132,
  'source_class': 'Ljava/lang/String;',
  'source_method': 'format(Ljava/lang/String;[Ljava/lang/Object;)Ljava/lang/String;'},
 {'clss': 'Lcom/apptentive/android/sdk/util/StringUtils;',
  'method': 'toString(Ljava/util/Map;)Ljava/lang/String;',
  'name': ['UUID'],
  'num': 967,
  'source_class': 'Ljava/lang/StringBuilder;',
  'source_method': 'toString()Ljava/lang/String;'},
 {'clss': 'Lcom/apptentive/android/sdk/ApptentiveLog;',
  'method': 'logGuarded(Lcom/apptentive/android/sdk/ApptentiveLog$Level;Lcom/apptentive/android/sdk/ApptentiveLogTag;Ljava/lang/Throwable;Ljava/lang/String;[Ljava/lang/Object;)V',
  'name': ['UUID'],
  'num': 573,
  'source_class': 'Ljava/lang/String;',
  'source_method': 'format(Ljava/lang/String;[Ljava/lang/Object;)Ljava/lang/String;'},
 {'clss': 'Lcom/apptentive/android/sdk/ApptentiveLog;',
  'method': 'logGuarded(Lcom/apptentive/android/sdk/ApptentiveLog$Level;Lcom/apptentive/android/sdk/ApptentiveLogTag;Ljava/lang/Throwable;Ljava/lang/String;[Ljava/lang/Object;)V',
  'name': ['UUID'],
  'num': 697,
  'source_class': 'Ljava/lang/StringBuilder;',
  'source_method': 'toString()Ljava/lang/String;'},
 {'clss': 'Lcom/apptentive/android/sdk/debug/AsyncLogWriter;',
  'method': 'onLogMessage(Lcom/apptentive/android/sdk/ApptentiveLog$Level;Ljava/lang/String;)V',
  'name': ['UUID'],
  'num': 302,
  'source_class': 'Ljava/lang/StringBuilder;',
  'source_method': 'toString()Ljava/lang/String;'},
 {'clss': 'Lcom/apptentive/android/sdk/util/Util;',
  'method': 'writeText(Ljava/io/File;Ljava/util/List;Z)V',
  'name': ['UUID'],
  'num': 5158,
  'source_class': 'Ljava/util/Iterator;',
  'source_method': 'next()Ljava/lang/Object;'},
 {'clss': 'Lcom/apptentive/android/sdk/util/Util;',
  'method': 'writeText(Ljava/io/File;Ljava/util/List;Z)V',
  'name': ['UUID'],
  'num': 5158,
  'source_class': 'Ljava/util/Iterator;',
  'source_method': 'next()Ljava/lang/Object;'},
 {'clss': 'Lcom/apptentive/android/sdk/util/StringUtils;',
  'method': 'format(Ljava/lang/String;[Ljava/lang/Object;)Ljava/lang/String;',
  'name': ['UUID'],
  'num': 132,
  'source_class': 'Ljava/lang/String;',
  'source_method': 'format(Ljava/lang/String;[Ljava/lang/Object;)Ljava/lang/String;'},
 {'clss': 'Lcom/apptentive/android/sdk/ApptentiveLog;',
  'method': 'logGuarded(Lcom/apptentive/android/sdk/ApptentiveLog$Level;Lcom/apptentive/android/sdk/ApptentiveLogTag;Ljava/lang/Throwable;Ljava/lang/String;[Ljava/lang/Object;)V',
  'name': ['UUID'],
  'num': 573,
  'source_class': 'Ljava/lang/String;',
  'source_method': 'format(Ljava/lang/String;[Ljava/lang/Object;)Ljava/lang/String;'},
 {'clss': 'Lcom/apptentive/android/sdk/ApptentiveLog;',
  'method': 'logGuarded(Lcom/apptentive/android/sdk/ApptentiveLog$Level;Lcom/apptentive/android/sdk/ApptentiveLogTag;Ljava/lang/Throwable;Ljava/lang/String;[Ljava/lang/Object;)V',
  'name': ['UUID'],
  'num': 697,
  'source_class': 'Ljava/lang/StringBuilder;',
  'source_method': 'toString()Ljava/lang/String;'},
 {'clss': 'Lcom/apptentive/android/sdk/debug/AsyncLogWriter;',
  'method': 'onLogMessage(Lcom/apptentive/android/sdk/ApptentiveLog$Level;Ljava/lang/String;)V',
  'name': ['UUID'],
  'num': 302,
  'source_class': 'Ljava/lang/StringBuilder;',
  'source_method': 'toString()Ljava/lang/String;'},
 {'clss': 'Lcom/apptentive/android/sdk/util/Util;',
  'method': 'writeText(Ljava/io/File;Ljava/util/List;Z)V',
  'name': ['UUID'],
  'num': 5158,
  'source_class': 'Ljava/util/Iterator;',
  'source_method': 'next()Ljava/lang/Object;'},
 {'clss': 'Lcom/apptentive/android/sdk/model/JsonPayload;',
  'method': 'optString(Ljava/lang/String;Ljava/lang/String;)Ljava/lang/String;',
  'name': ['UUID'],
  'num': 636,
  'source_class': 'Lorg/json/JSONObject;',
  'source_method': 'optString(Ljava/lang/String;Ljava/lang/String;)Ljava/lang/String;'},
 {'clss': 'Lcom/apptentive/android/sdk/model/JsonPayload;',
  'method': 'optString(Ljava/lang/String;Ljava/lang/String;)Ljava/lang/String;',
  'name': ['UUID'],
  'num': 636,
  'source_class': 'Lorg/json/JSONObject;',
  'source_method': 'optString(Ljava/lang/String;Ljava/lang/String;)Ljava/lang/String;'},
 {'clss': 'Lcom/apptentive/android/sdk/storage/ApptentiveDatabaseHelper;',
  'method': 'getPayloadBodyFile(Ljava/lang/String;)Ljava/io/File;',
  'name': ['UUID'],
  'num': 572,
  'source_class': 'Ljava/lang/StringBuilder;',
  'source_method': 'toString()Ljava/lang/String;'},
 {'clss': 'Lcom/apptentive/android/sdk/ApptentiveLog;',
  'method': 'logGuarded(Lcom/apptentive/android/sdk/ApptentiveLog$Level;Lcom/apptentive/android/sdk/ApptentiveLogTag;Ljava/lang/Throwable;Ljava/lang/String;[Ljava/lang/Object;)V',
  'name': ['UUID'],
  'num': 573,
  'source_class': 'Ljava/lang/String;',
  'source_method': 'format(Ljava/lang/String;[Ljava/lang/Object;)Ljava/lang/String;'},
 {'clss': 'Lcom/apptentive/android/sdk/ApptentiveLog;',
  'method': 'logGuarded(Lcom/apptentive/android/sdk/ApptentiveLog$Level;Lcom/apptentive/android/sdk/ApptentiveLogTag;Ljava/lang/Throwable;Ljava/lang/String;[Ljava/lang/Object;)V',
  'name': ['UUID'],
  'num': 697,
  'source_class': 'Ljava/lang/StringBuilder;',
  'source_method': 'toString()Ljava/lang/String;'},
 {'clss': 'Lcom/apptentive/android/sdk/debug/AsyncLogWriter;',
  'method': 'onLogMessage(Lcom/apptentive/android/sdk/ApptentiveLog$Level;Ljava/lang/String;)V',
  'name': ['UUID'],
  'num': 302,
  'source_class': 'Ljava/lang/StringBuilder;',
  'source_method': 'toString()Ljava/lang/String;'},
 {'clss': 'Lcom/apptentive/android/sdk/model/JsonPayload;',
  'method': 'renderData()[B',
  'name': ['UUID'],
  'num': 930,
  'source_class': 'Lorg/json/JSONObject;',
  'source_method': 'toString()Ljava/lang/String;'},
 {'clss': 'Lcom/apptentive/android/sdk/util/Util;',
  'method': 'writeText(Ljava/io/File;Ljava/util/List;Z)V',
  'name': ['UUID'],
  'num': 5158,
  'source_class': 'Ljava/util/Iterator;',
  'source_method': 'next()Ljava/lang/Object;'},
 {'clss': 'Lcom/apptentive/android/sdk/ApptentiveLog;',
  'method': 'logGuarded(Lcom/apptentive/android/sdk/ApptentiveLog$Level;Lcom/apptentive/android/sdk/ApptentiveLogTag;Ljava/lang/Throwable;Ljava/lang/String;[Ljava/lang/Object;)V',
  'name': ['UUID'],
  'num': 697,
  'source_class': 'Ljava/lang/StringBuilder;',
  'source_method': 'toString()Ljava/lang/String;'},
 {'clss': 'Lcom/apptentive/android/sdk/debug/AsyncLogWriter;',
  'method': 'onLogMessage(Lcom/apptentive/android/sdk/ApptentiveLog$Level;Ljava/lang/String;)V',
  'name': ['UUID'],
  'num': 302,
  'source_class': 'Ljava/lang/StringBuilder;',
  'source_method': 'toString()Ljava/lang/String;'},
 {'clss': 'Lcom/apptentive/android/sdk/util/Util;',
  'method': 'writeText(Ljava/io/File;Ljava/util/List;Z)V',
  'name': ['UUID'],
  'num': 5158,
  'source_class': 'Ljava/util/Iterator;',
  'source_method': 'next()Ljava/lang/Object;'},
 {'clss': 'Lcom/apptentive/android/sdk/util/StringUtils;',
  'method': 'format(Ljava/lang/String;[Ljava/lang/Object;)Ljava/lang/String;',
  'name': ['UUID'],
  'num': 132,
  'source_class': 'Ljava/lang/String;',
  'source_method': 'format(Ljava/lang/String;[Ljava/lang/Object;)Ljava/lang/String;'},
 {'clss': 'Lcom/apptentive/android/sdk/util/StringUtils;',
  'method': 'toString(Ljava/util/Map;)Ljava/lang/String;',
  'name': ['UUID'],
  'num': 967,
  'source_class': 'Ljava/lang/StringBuilder;',
  'source_method': 'toString()Ljava/lang/String;'},
 {'clss': 'Lcom/apptentive/android/sdk/ApptentiveLog;',
  'method': 'logGuarded(Lcom/apptentive/android/sdk/ApptentiveLog$Level;Lcom/apptentive/android/sdk/ApptentiveLogTag;Ljava/lang/Throwable;Ljava/lang/String;[Ljava/lang/Object;)V',
  'name': ['UUID'],
  'num': 573,
  'source_class': 'Ljava/lang/String;',
  'source_method': 'format(Ljava/lang/String;[Ljava/lang/Object;)Ljava/lang/String;'},
 {'clss': 'Lcom/apptentive/android/sdk/ApptentiveLog;',
  'method': 'logGuarded(Lcom/apptentive/android/sdk/ApptentiveLog$Level;Lcom/apptentive/android/sdk/ApptentiveLogTag;Ljava/lang/Throwable;Ljava/lang/String;[Ljava/lang/Object;)V',
  'name': ['UUID'],
  'num': 697,
  'source_class': 'Ljava/lang/StringBuilder;',
  'source_method': 'toString()Ljava/lang/String;'},
 {'clss': 'Lcom/apptentive/android/sdk/debug/AsyncLogWriter;',
  'method': 'onLogMessage(Lcom/apptentive/android/sdk/ApptentiveLog$Level;Ljava/lang/String;)V',
  'name': ['UUID'],
  'num': 302,
  'source_class': 'Ljava/lang/StringBuilder;',
  'source_method': 'toString()Ljava/lang/String;'},
 {'clss': 'Lcom/apptentive/android/sdk/util/Util;',
  'method': 'writeText(Ljava/io/File;Ljava/util/List;Z)V',
  'name': ['UUID'],
  'num': 5158,
  'source_class': 'Ljava/util/Iterator;',
  'source_method': 'next()Ljava/lang/Object;'},
 {'clss': 'Lcom/apptentive/android/sdk/model/JsonPayload;',
  'method': '<init>(Lcom/apptentive/android/sdk/model/PayloadType;)V',
  'name': ['UUID'],
  'num': 61,
  'source_class': 'Ljava/util/UUID;',
  'source_method': 'toString()Ljava/lang/String;'},
 {'clss': 'Lcom/apptentive/android/sdk/util/StringUtils;',
  'method': 'format(Ljava/lang/String;[Ljava/lang/Object;)Ljava/lang/String;',
  'name': ['UUID'],
  'num': 132,
  'source_class': 'Ljava/lang/String;',
  'source_method': 'format(Ljava/lang/String;[Ljava/lang/Object;)Ljava/lang/String;'},
 {'clss': 'Lcom/apptentive/android/sdk/util/StringUtils;',
  'method': 'toString(Ljava/util/Map;)Ljava/lang/String;',
  'name': ['UUID'],
  'num': 967,
  'source_class': 'Ljava/lang/StringBuilder;',
  'source_method': 'toString()Ljava/lang/String;'},
 {'clss': 'Lcom/apptentive/android/sdk/ApptentiveLog;',
  'method': 'logGuarded(Lcom/apptentive/android/sdk/ApptentiveLog$Level;Lcom/apptentive/android/sdk/ApptentiveLogTag;Ljava/lang/Throwable;Ljava/lang/String;[Ljava/lang/Object;)V',
  'name': ['UUID'],
  'num': 573,
  'source_class': 'Ljava/lang/String;',
  'source_method': 'format(Ljava/lang/String;[Ljava/lang/Object;)Ljava/lang/String;'},
 {'clss': 'Lcom/apptentive/android/sdk/ApptentiveLog;',
  'method': 'logGuarded(Lcom/apptentive/android/sdk/ApptentiveLog$Level;Lcom/apptentive/android/sdk/ApptentiveLogTag;Ljava/lang/Throwable;Ljava/lang/String;[Ljava/lang/Object;)V',
  'name': ['UUID'],
  'num': 697,
  'source_class': 'Ljava/lang/StringBuilder;',
  'source_method': 'toString()Ljava/lang/String;'},
 {'clss': 'Lcom/apptentive/android/sdk/debug/AsyncLogWriter;',
  'method': 'onLogMessage(Lcom/apptentive/android/sdk/ApptentiveLog$Level;Ljava/lang/String;)V',
  'name': ['UUID'],
  'num': 302,
  'source_class': 'Ljava/lang/StringBuilder;',
  'source_method': 'toString()Ljava/lang/String;'},
 {'clss': 'Lcom/apptentive/android/sdk/util/Util;',
  'method': 'writeText(Ljava/io/File;Ljava/util/List;Z)V',
  'name': ['UUID'],
  'num': 5158,
  'source_class': 'Ljava/util/Iterator;',
  'source_method': 'next()Ljava/lang/Object;'},
 {'clss': 'Lcom/apptentive/android/sdk/util/StringUtils;',
  'method': 'format(Ljava/lang/String;[Ljava/lang/Object;)Ljava/lang/String;',
  'name': ['UUID'],
  'num': 132,
  'source_class': 'Ljava/lang/String;',
  'source_method': 'format(Ljava/lang/String;[Ljava/lang/Object;)Ljava/lang/String;'},
 {'clss': 'Lcom/apptentive/android/sdk/ApptentiveLog;',
  'method': 'logGuarded(Lcom/apptentive/android/sdk/ApptentiveLog$Level;Lcom/apptentive/android/sdk/ApptentiveLogTag;Ljava/lang/Throwable;Ljava/lang/String;[Ljava/lang/Object;)V',
  'name': ['UUID'],
  'num': 573,
  'source_class': 'Ljava/lang/String;',
  'source_method': 'format(Ljava/lang/String;[Ljava/lang/Object;)Ljava/lang/String;'},
 {'clss': 'Lcom/apptentive/android/sdk/ApptentiveLog;',
  'method': 'logGuarded(Lcom/apptentive/android/sdk/ApptentiveLog$Level;Lcom/apptentive/android/sdk/ApptentiveLogTag;Ljava/lang/Throwable;Ljava/lang/String;[Ljava/lang/Object;)V',
  'name': ['UUID'],
  'num': 697,
  'source_class': 'Ljava/lang/StringBuilder;',
  'source_method': 'toString()Ljava/lang/String;'},
 {'clss': 'Lcom/apptentive/android/sdk/debug/AsyncLogWriter;',
  'method': 'onLogMessage(Lcom/apptentive/android/sdk/ApptentiveLog$Level;Ljava/lang/String;)V',
  'name': ['UUID'],
  'num': 302,
  'source_class': 'Ljava/lang/StringBuilder;',
  'source_method': 'toString()Ljava/lang/String;'},
 {'clss': 'Lcom/apptentive/android/sdk/util/Util;',
  'method': 'writeText(Ljava/io/File;Ljava/util/List;Z)V',
  'name': ['UUID'],
  'num': 5158,
  'source_class': 'Ljava/util/Iterator;',
  'source_method': 'next()Ljava/lang/Object;'},
 {'clss': 'Lcom/apptentive/android/sdk/model/JsonPayload;',
  'method': 'optString(Ljava/lang/String;Ljava/lang/String;)Ljava/lang/String;',
  'name': ['UUID'],
  'num': 636,
  'source_class': 'Lorg/json/JSONObject;',
  'source_method': 'optString(Ljava/lang/String;Ljava/lang/String;)Ljava/lang/String;'},
 {'clss': 'Lcom/apptentive/android/sdk/model/JsonPayload;',
  'method': 'optString(Ljava/lang/String;Ljava/lang/String;)Ljava/lang/String;',
  'name': ['UUID'],
  'num': 636,
  'source_class': 'Lorg/json/JSONObject;',
  'source_method': 'optString(Ljava/lang/String;Ljava/lang/String;)Ljava/lang/String;'},
 {'clss': 'Lcom/apptentive/android/sdk/storage/ApptentiveDatabaseHelper;',
  'method': 'getPayloadBodyFile(Ljava/lang/String;)Ljava/io/File;',
  'name': ['UUID'],
  'num': 572,
  'source_class': 'Ljava/lang/StringBuilder;',
  'source_method': 'toString()Ljava/lang/String;'},
 {'clss': 'Lcom/apptentive/android/sdk/ApptentiveLog;',
  'method': 'logGuarded(Lcom/apptentive/android/sdk/ApptentiveLog$Level;Lcom/apptentive/android/sdk/ApptentiveLogTag;Ljava/lang/Throwable;Ljava/lang/String;[Ljava/lang/Object;)V',
  'name': ['UUID'],
  'num': 573,
  'source_class': 'Ljava/lang/String;',
  'source_method': 'format(Ljava/lang/String;[Ljava/lang/Object;)Ljava/lang/String;'},
 {'clss': 'Lcom/apptentive/android/sdk/ApptentiveLog;',
  'method': 'logGuarded(Lcom/apptentive/android/sdk/ApptentiveLog$Level;Lcom/apptentive/android/sdk/ApptentiveLogTag;Ljava/lang/Throwable;Ljava/lang/String;[Ljava/lang/Object;)V',
  'name': ['UUID'],
  'num': 697,
  'source_class': 'Ljava/lang/StringBuilder;',
  'source_method': 'toString()Ljava/lang/String;'},
 {'clss': 'Lcom/apptentive/android/sdk/debug/AsyncLogWriter;',
  'method': 'onLogMessage(Lcom/apptentive/android/sdk/ApptentiveLog$Level;Ljava/lang/String;)V',
  'name': ['UUID'],
  'num': 302,
  'source_class': 'Ljava/lang/StringBuilder;',
  'source_method': 'toString()Ljava/lang/String;'},
 {'clss': 'Lcom/apptentive/android/sdk/model/JsonPayload;',
  'method': 'renderData()[B',
  'name': ['UUID'],
  'num': 930,
  'source_class': 'Lorg/json/JSONObject;',
  'source_method': 'toString()Ljava/lang/String;'},
 {'clss': 'Lcom/apptentive/android/sdk/util/Util;',
  'method': 'writeText(Ljava/io/File;Ljava/util/List;Z)V',
  'name': ['UUID'],
  'num': 5158,
  'source_class': 'Ljava/util/Iterator;',
  'source_method': 'next()Ljava/lang/Object;'},
 {'clss': 'Lcom/apptentive/android/sdk/ApptentiveLog;',
  'method': 'logGuarded(Lcom/apptentive/android/sdk/ApptentiveLog$Level;Lcom/apptentive/android/sdk/ApptentiveLogTag;Ljava/lang/Throwable;Ljava/lang/String;[Ljava/lang/Object;)V',
  'name': ['UUID'],
  'num': 697,
  'source_class': 'Ljava/lang/StringBuilder;',
  'source_method': 'toString()Ljava/lang/String;'},
 {'clss': 'Lcom/apptentive/android/sdk/debug/AsyncLogWriter;',
  'method': 'onLogMessage(Lcom/apptentive/android/sdk/ApptentiveLog$Level;Ljava/lang/String;)V',
  'name': ['UUID'],
  'num': 302,
  'source_class': 'Ljava/lang/StringBuilder;',
  'source_method': 'toString()Ljava/lang/String;'},
 {'clss': 'Lcom/apptentive/android/sdk/util/Util;',
  'method': 'writeText(Ljava/io/File;Ljava/util/List;Z)V',
  'name': ['UUID'],
  'num': 5158,
  'source_class': 'Ljava/util/Iterator;',
  'source_method': 'next()Ljava/lang/Object;'},
 {'clss': 'Lcom/apptentive/android/sdk/util/StringUtils;',
  'method': 'format(Ljava/lang/String;[Ljava/lang/Object;)Ljava/lang/String;',
  'name': ['UUID'],
  'num': 132,
  'source_class': 'Ljava/lang/String;',
  'source_method': 'format(Ljava/lang/String;[Ljava/lang/Object;)Ljava/lang/String;'},
 {'clss': 'Lcom/apptentive/android/sdk/util/StringUtils;',
  'method': 'toString(Ljava/util/Map;)Ljava/lang/String;',
  'name': ['UUID'],
  'num': 967,
  'source_class': 'Ljava/lang/StringBuilder;',
  'source_method': 'toString()Ljava/lang/String;'},
 {'clss': 'Lcom/apptentive/android/sdk/ApptentiveLog;',
  'method': 'logGuarded(Lcom/apptentive/android/sdk/ApptentiveLog$Level;Lcom/apptentive/android/sdk/ApptentiveLogTag;Ljava/lang/Throwable;Ljava/lang/String;[Ljava/lang/Object;)V',
  'name': ['UUID'],
  'num': 573,
  'source_class': 'Ljava/lang/String;',
  'source_method': 'format(Ljava/lang/String;[Ljava/lang/Object;)Ljava/lang/String;'},
 {'clss': 'Lcom/apptentive/android/sdk/ApptentiveLog;',
  'method': 'logGuarded(Lcom/apptentive/android/sdk/ApptentiveLog$Level;Lcom/apptentive/android/sdk/ApptentiveLogTag;Ljava/lang/Throwable;Ljava/lang/String;[Ljava/lang/Object;)V',
  'name': ['UUID'],
  'num': 697,
  'source_class': 'Ljava/lang/StringBuilder;',
  'source_method': 'toString()Ljava/lang/String;'},
 {'clss': 'Lcom/apptentive/android/sdk/debug/AsyncLogWriter;',
  'method': 'onLogMessage(Lcom/apptentive/android/sdk/ApptentiveLog$Level;Ljava/lang/String;)V',
  'name': ['UUID'],
  'num': 302,
  'source_class': 'Ljava/lang/StringBuilder;',
  'source_method': 'toString()Ljava/lang/String;'},
 {'clss': 'Lcom/apptentive/android/sdk/util/Util;',
  'method': 'writeText(Ljava/io/File;Ljava/util/List;Z)V',
  'name': ['UUID'],
  'num': 5158,
  'source_class': 'Ljava/util/Iterator;',
  'source_method': 'next()Ljava/lang/Object;'},
 {'clss': 'Lcom/apptentive/android/sdk/model/JsonPayload;',
  'method': '<init>(Lcom/apptentive/android/sdk/model/PayloadType;)V',
  'name': ['UUID'],
  'num': 61,
  'source_class': 'Ljava/util/UUID;',
  'source_method': 'toString()Ljava/lang/String;'},
 {'clss': 'Lcom/apptentive/android/sdk/util/StringUtils;',
  'method': 'format(Ljava/lang/String;[Ljava/lang/Object;)Ljava/lang/String;',
  'name': ['UUID'],
  'num': 132,
  'source_class': 'Ljava/lang/String;',
  'source_method': 'format(Ljava/lang/String;[Ljava/lang/Object;)Ljava/lang/String;'},
 {'clss': 'Lcom/apptentive/android/sdk/util/StringUtils;',
  'method': 'toString(Ljava/util/Map;)Ljava/lang/String;',
  'name': ['UUID'],
  'num': 967,
  'source_class': 'Ljava/lang/StringBuilder;',
  'source_method': 'toString()Ljava/lang/String;'},
 {'clss': 'Lcom/apptentive/android/sdk/ApptentiveLog;',
  'method': 'logGuarded(Lcom/apptentive/android/sdk/ApptentiveLog$Level;Lcom/apptentive/android/sdk/ApptentiveLogTag;Ljava/lang/Throwable;Ljava/lang/String;[Ljava/lang/Object;)V',
  'name': ['UUID'],
  'num': 573,
  'source_class': 'Ljava/lang/String;',
  'source_method': 'format(Ljava/lang/String;[Ljava/lang/Object;)Ljava/lang/String;'},
 {'clss': 'Lcom/apptentive/android/sdk/ApptentiveLog;',
  'method': 'logGuarded(Lcom/apptentive/android/sdk/ApptentiveLog$Level;Lcom/apptentive/android/sdk/ApptentiveLogTag;Ljava/lang/Throwable;Ljava/lang/String;[Ljava/lang/Object;)V',
  'name': ['UUID'],
  'num': 697,
  'source_class': 'Ljava/lang/StringBuilder;',
  'source_method': 'toString()Ljava/lang/String;'},
 {'clss': 'Lcom/apptentive/android/sdk/debug/AsyncLogWriter;',
  'method': 'onLogMessage(Lcom/apptentive/android/sdk/ApptentiveLog$Level;Ljava/lang/String;)V',
  'name': ['UUID'],
  'num': 302,
  'source_class': 'Ljava/lang/StringBuilder;',
  'source_method': 'toString()Ljava/lang/String;'},
 {'clss': 'Lcom/apptentive/android/sdk/util/Util;',
  'method': 'writeText(Ljava/io/File;Ljava/util/List;Z)V',
  'name': ['UUID'],
  'num': 5158,
  'source_class': 'Ljava/util/Iterator;',
  'source_method': 'next()Ljava/lang/Object;'},
 {'clss': 'Lcom/apptentive/android/sdk/util/StringUtils;',
  'method': 'format(Ljava/lang/String;[Ljava/lang/Object;)Ljava/lang/String;',
  'name': ['UUID'],
  'num': 132,
  'source_class': 'Ljava/lang/String;',
  'source_method': 'format(Ljava/lang/String;[Ljava/lang/Object;)Ljava/lang/String;'},
 {'clss': 'Lcom/apptentive/android/sdk/ApptentiveLog;',
  'method': 'logGuarded(Lcom/apptentive/android/sdk/ApptentiveLog$Level;Lcom/apptentive/android/sdk/ApptentiveLogTag;Ljava/lang/Throwable;Ljava/lang/String;[Ljava/lang/Object;)V',
  'name': ['UUID'],
  'num': 573,
  'source_class': 'Ljava/lang/String;',
  'source_method': 'format(Ljava/lang/String;[Ljava/lang/Object;)Ljava/lang/String;'},
 {'clss': 'Lcom/apptentive/android/sdk/ApptentiveLog;',
  'method': 'logGuarded(Lcom/apptentive/android/sdk/ApptentiveLog$Level;Lcom/apptentive/android/sdk/ApptentiveLogTag;Ljava/lang/Throwable;Ljava/lang/String;[Ljava/lang/Object;)V',
  'name': ['UUID'],
  'num': 697,
  'source_class': 'Ljava/lang/StringBuilder;',
  'source_method': 'toString()Ljava/lang/String;'},
 {'clss': 'Lcom/apptentive/android/sdk/debug/AsyncLogWriter;',
  'method': 'onLogMessage(Lcom/apptentive/android/sdk/ApptentiveLog$Level;Ljava/lang/String;)V',
  'name': ['UUID'],
  'num': 302,
  'source_class': 'Ljava/lang/StringBuilder;',
  'source_method': 'toString()Ljava/lang/String;'},
 {'clss': 'Lcom/apptentive/android/sdk/util/Util;',
  'method': 'writeText(Ljava/io/File;Ljava/util/List;Z)V',
  'name': ['UUID'],
  'num': 5158,
  'source_class': 'Ljava/util/Iterator;',
  'source_method': 'next()Ljava/lang/Object;'},
 {'clss': 'Lcom/apptentive/android/sdk/model/JsonPayload;',
  'method': 'optString(Ljava/lang/String;Ljava/lang/String;)Ljava/lang/String;',
  'name': ['UUID'],
  'num': 636,
  'source_class': 'Lorg/json/JSONObject;',
  'source_method': 'optString(Ljava/lang/String;Ljava/lang/String;)Ljava/lang/String;'},
 {'clss': 'Lcom/apptentive/android/sdk/model/JsonPayload;',
  'method': 'optString(Ljava/lang/String;Ljava/lang/String;)Ljava/lang/String;',
  'name': ['UUID'],
  'num': 636,
  'source_class': 'Lorg/json/JSONObject;',
  'source_method': 'optString(Ljava/lang/String;Ljava/lang/String;)Ljava/lang/String;'},
 {'clss': 'Lcom/apptentive/android/sdk/storage/ApptentiveDatabaseHelper;',
  'method': 'getPayloadBodyFile(Ljava/lang/String;)Ljava/io/File;',
  'name': ['UUID'],
  'num': 572,
  'source_class': 'Ljava/lang/StringBuilder;',
  'source_method': 'toString()Ljava/lang/String;'},
 {'clss': 'Lcom/apptentive/android/sdk/ApptentiveLog;',
  'method': 'logGuarded(Lcom/apptentive/android/sdk/ApptentiveLog$Level;Lcom/apptentive/android/sdk/ApptentiveLogTag;Ljava/lang/Throwable;Ljava/lang/String;[Ljava/lang/Object;)V',
  'name': ['UUID'],
  'num': 573,
  'source_class': 'Ljava/lang/String;',
  'source_method': 'format(Ljava/lang/String;[Ljava/lang/Object;)Ljava/lang/String;'},
 {'clss': 'Lcom/apptentive/android/sdk/ApptentiveLog;',
  'method': 'logGuarded(Lcom/apptentive/android/sdk/ApptentiveLog$Level;Lcom/apptentive/android/sdk/ApptentiveLogTag;Ljava/lang/Throwable;Ljava/lang/String;[Ljava/lang/Object;)V',
  'name': ['UUID'],
  'num': 697,
  'source_class': 'Ljava/lang/StringBuilder;',
  'source_method': 'toString()Ljava/lang/String;'},
 {'clss': 'Lcom/apptentive/android/sdk/debug/AsyncLogWriter;',
  'method': 'onLogMessage(Lcom/apptentive/android/sdk/ApptentiveLog$Level;Ljava/lang/String;)V',
  'name': ['UUID'],
  'num': 302,
  'source_class': 'Ljava/lang/StringBuilder;',
  'source_method': 'toString()Ljava/lang/String;'},
 {'clss': 'Lcom/apptentive/android/sdk/util/Util;',
  'method': 'writeText(Ljava/io/File;Ljava/util/List;Z)V',
  'name': ['UUID'],
  'num': 5158,
  'source_class': 'Ljava/util/Iterator;',
  'source_method': 'next()Ljava/lang/Object;'},
 {'clss': 'Lcom/apptentive/android/sdk/model/JsonPayload;',
  'method': 'renderData()[B',
  'name': ['UUID'],
  'num': 930,
  'source_class': 'Lorg/json/JSONObject;',
  'source_method': 'toString()Ljava/lang/String;'},
 {'clss': 'Lcom/apptentive/android/sdk/ApptentiveLog;',
  'method': 'logGuarded(Lcom/apptentive/android/sdk/ApptentiveLog$Level;Lcom/apptentive/android/sdk/ApptentiveLogTag;Ljava/lang/Throwable;Ljava/lang/String;[Ljava/lang/Object;)V',
  'name': ['UUID'],
  'num': 697,
  'source_class': 'Ljava/lang/StringBuilder;',
  'source_method': 'toString()Ljava/lang/String;'},
 {'clss': 'Lcom/apptentive/android/sdk/debug/AsyncLogWriter;',
  'method': 'onLogMessage(Lcom/apptentive/android/sdk/ApptentiveLog$Level;Ljava/lang/String;)V',
  'name': ['UUID'],
  'num': 302,
  'source_class': 'Ljava/lang/StringBuilder;',
  'source_method': 'toString()Ljava/lang/String;'},
 {'clss': 'Lcom/apptentive/android/sdk/util/Util;',
  'method': 'writeText(Ljava/io/File;Ljava/util/List;Z)V',
  'name': ['UUID'],
  'num': 5158,
  'source_class': 'Ljava/util/Iterator;',
  'source_method': 'next()Ljava/lang/Object;'},
 {'clss': 'Lcom/apptentive/android/sdk/util/StringUtils;',
  'method': 'format(Ljava/lang/String;[Ljava/lang/Object;)Ljava/lang/String;',
  'name': ['UUID'],
  'num': 132,
  'source_class': 'Ljava/lang/String;',
  'source_method': 'format(Ljava/lang/String;[Ljava/lang/Object;)Ljava/lang/String;'},
 {'clss': 'Lcom/apptentive/android/sdk/util/StringUtils;',
  'method': 'toString(Ljava/util/Map;)Ljava/lang/String;',
  'name': ['UUID'],
  'num': 967,
  'source_class': 'Ljava/lang/StringBuilder;',
  'source_method': 'toString()Ljava/lang/String;'},
 {'clss': 'Lcom/apptentive/android/sdk/ApptentiveLog;',
  'method': 'logGuarded(Lcom/apptentive/android/sdk/ApptentiveLog$Level;Lcom/apptentive/android/sdk/ApptentiveLogTag;Ljava/lang/Throwable;Ljava/lang/String;[Ljava/lang/Object;)V',
  'name': ['UUID'],
  'num': 573,
  'source_class': 'Ljava/lang/String;',
  'source_method': 'format(Ljava/lang/String;[Ljava/lang/Object;)Ljava/lang/String;'},
 {'clss': 'Lcom/apptentive/android/sdk/ApptentiveLog;',
  'method': 'logGuarded(Lcom/apptentive/android/sdk/ApptentiveLog$Level;Lcom/apptentive/android/sdk/ApptentiveLogTag;Ljava/lang/Throwable;Ljava/lang/String;[Ljava/lang/Object;)V',
  'name': ['UUID'],
  'num': 697,
  'source_class': 'Ljava/lang/StringBuilder;',
  'source_method': 'toString()Ljava/lang/String;'},
 {'clss': 'Lcom/apptentive/android/sdk/debug/AsyncLogWriter;',
  'method': 'onLogMessage(Lcom/apptentive/android/sdk/ApptentiveLog$Level;Ljava/lang/String;)V',
  'name': ['UUID'],
  'num': 302,
  'source_class': 'Ljava/lang/StringBuilder;',
  'source_method': 'toString()Ljava/lang/String;'},
 {'clss': 'Lcom/apptentive/android/sdk/util/Util;',
  'method': 'writeText(Ljava/io/File;Ljava/util/List;Z)V',
  'name': ['UUID'],
  'num': 5158,
  'source_class': 'Ljava/util/Iterator;',
  'source_method': 'next()Ljava/lang/Object;'},
 {'clss': 'Lcom/apptentive/android/sdk/model/JsonPayload;',
  'method': '<init>(Lcom/apptentive/android/sdk/model/PayloadType;)V',
  'name': ['UUID'],
  'num': 61,
  'source_class': 'Ljava/util/UUID;',
  'source_method': 'toString()Ljava/lang/String;'},
 {'clss': 'Lcom/apptentive/android/sdk/util/StringUtils;',
  'method': 'format(Ljava/lang/String;[Ljava/lang/Object;)Ljava/lang/String;',
  'name': ['UUID'],
  'num': 132,
  'source_class': 'Ljava/lang/String;',
  'source_method': 'format(Ljava/lang/String;[Ljava/lang/Object;)Ljava/lang/String;'},
 {'clss': 'Lcom/apptentive/android/sdk/util/StringUtils;',
  'method': 'toString(Ljava/util/Map;)Ljava/lang/String;',
  'name': ['UUID'],
  'num': 967,
  'source_class': 'Ljava/lang/StringBuilder;',
  'source_method': 'toString()Ljava/lang/String;'},
 {'clss': 'Lcom/apptentive/android/sdk/ApptentiveLog;',
  'method': 'logGuarded(Lcom/apptentive/android/sdk/ApptentiveLog$Level;Lcom/apptentive/android/sdk/ApptentiveLogTag;Ljava/lang/Throwable;Ljava/lang/String;[Ljava/lang/Object;)V',
  'name': ['UUID'],
  'num': 573,
  'source_class': 'Ljava/lang/String;',
  'source_method': 'format(Ljava/lang/String;[Ljava/lang/Object;)Ljava/lang/String;'},
 {'clss': 'Lcom/apptentive/android/sdk/ApptentiveLog;',
  'method': 'logGuarded(Lcom/apptentive/android/sdk/ApptentiveLog$Level;Lcom/apptentive/android/sdk/ApptentiveLogTag;Ljava/lang/Throwable;Ljava/lang/String;[Ljava/lang/Object;)V',
  'name': ['UUID'],
  'num': 697,
  'source_class': 'Ljava/lang/StringBuilder;',
  'source_method': 'toString()Ljava/lang/String;'},
 {'clss': 'Lcom/apptentive/android/sdk/debug/AsyncLogWriter;',
  'method': 'onLogMessage(Lcom/apptentive/android/sdk/ApptentiveLog$Level;Ljava/lang/String;)V',
  'name': ['UUID'],
  'num': 302,
  'source_class': 'Ljava/lang/StringBuilder;',
  'source_method': 'toString()Ljava/lang/String;'},
 {'clss': 'Lcom/apptentive/android/sdk/util/Util;',
  'method': 'writeText(Ljava/io/File;Ljava/util/List;Z)V',
  'name': ['UUID'],
  'num': 5158,
  'source_class': 'Ljava/util/Iterator;',
  'source_method': 'next()Ljava/lang/Object;'},
 {'clss': 'Lcom/apptentive/android/sdk/util/StringUtils;',
  'method': 'format(Ljava/lang/String;[Ljava/lang/Object;)Ljava/lang/String;',
  'name': ['UUID'],
  'num': 132,
  'source_class': 'Ljava/lang/String;',
  'source_method': 'format(Ljava/lang/String;[Ljava/lang/Object;)Ljava/lang/String;'},
 {'clss': 'Lcom/apptentive/android/sdk/ApptentiveLog;',
  'method': 'logGuarded(Lcom/apptentive/android/sdk/ApptentiveLog$Level;Lcom/apptentive/android/sdk/ApptentiveLogTag;Ljava/lang/Throwable;Ljava/lang/String;[Ljava/lang/Object;)V',
  'name': ['UUID'],
  'num': 573,
  'source_class': 'Ljava/lang/String;',
  'source_method': 'format(Ljava/lang/String;[Ljava/lang/Object;)Ljava/lang/String;'},
 {'clss': 'Lcom/apptentive/android/sdk/ApptentiveLog;',
  'method': 'logGuarded(Lcom/apptentive/android/sdk/ApptentiveLog$Level;Lcom/apptentive/android/sdk/ApptentiveLogTag;Ljava/lang/Throwable;Ljava/lang/String;[Ljava/lang/Object;)V',
  'name': ['UUID'],
  'num': 697,
  'source_class': 'Ljava/lang/StringBuilder;',
  'source_method': 'toString()Ljava/lang/String;'},
 {'clss': 'Lcom/apptentive/android/sdk/debug/AsyncLogWriter;',
  'method': 'onLogMessage(Lcom/apptentive/android/sdk/ApptentiveLog$Level;Ljava/lang/String;)V',
  'name': ['UUID'],
  'num': 302,
  'source_class': 'Ljava/lang/StringBuilder;',
  'source_method': 'toString()Ljava/lang/String;'},
 {'clss': 'Lcom/apptentive/android/sdk/util/Util;',
  'method': 'writeText(Ljava/io/File;Ljava/util/List;Z)V',
  'name': ['UUID'],
  'num': 5158,
  'source_class': 'Ljava/util/Iterator;',
  'source_method': 'next()Ljava/lang/Object;'},
 {'clss': 'Lcom/apptentive/android/sdk/model/JsonPayload;',
  'method': 'optString(Ljava/lang/String;Ljava/lang/String;)Ljava/lang/String;',
  'name': ['UUID'],
  'num': 636,
  'source_class': 'Lorg/json/JSONObject;',
  'source_method': 'optString(Ljava/lang/String;Ljava/lang/String;)Ljava/lang/String;'},
 {'clss': 'Lcom/apptentive/android/sdk/model/JsonPayload;',
  'method': 'optString(Ljava/lang/String;Ljava/lang/String;)Ljava/lang/String;',
  'name': ['UUID'],
  'num': 636,
  'source_class': 'Lorg/json/JSONObject;',
  'source_method': 'optString(Ljava/lang/String;Ljava/lang/String;)Ljava/lang/String;'},
 {'clss': 'Lcom/apptentive/android/sdk/storage/ApptentiveDatabaseHelper;',
  'method': 'getPayloadBodyFile(Ljava/lang/String;)Ljava/io/File;',
  'name': ['UUID'],
  'num': 572,
  'source_class': 'Ljava/lang/StringBuilder;',
  'source_method': 'toString()Ljava/lang/String;'},
 {'clss': 'Lcom/apptentive/android/sdk/ApptentiveLog;',
  'method': 'logGuarded(Lcom/apptentive/android/sdk/ApptentiveLog$Level;Lcom/apptentive/android/sdk/ApptentiveLogTag;Ljava/lang/Throwable;Ljava/lang/String;[Ljava/lang/Object;)V',
  'name': ['UUID'],
  'num': 573,
  'source_class': 'Ljava/lang/String;',
  'source_method': 'format(Ljava/lang/String;[Ljava/lang/Object;)Ljava/lang/String;'},
 {'clss': 'Lcom/apptentive/android/sdk/ApptentiveLog;',
  'method': 'logGuarded(Lcom/apptentive/android/sdk/ApptentiveLog$Level;Lcom/apptentive/android/sdk/ApptentiveLogTag;Ljava/lang/Throwable;Ljava/lang/String;[Ljava/lang/Object;)V',
  'name': ['UUID'],
  'num': 697,
  'source_class': 'Ljava/lang/StringBuilder;',
  'source_method': 'toString()Ljava/lang/String;'},
 {'clss': 'Lcom/apptentive/android/sdk/debug/AsyncLogWriter;',
  'method': 'onLogMessage(Lcom/apptentive/android/sdk/ApptentiveLog$Level;Ljava/lang/String;)V',
  'name': ['UUID'],
  'num': 302,
  'source_class': 'Ljava/lang/StringBuilder;',
  'source_method': 'toString()Ljava/lang/String;'},
 {'clss': 'Lcom/apptentive/android/sdk/model/JsonPayload;',
  'method': 'renderData()[B',
  'name': ['UUID'],
  'num': 930,
  'source_class': 'Lorg/json/JSONObject;',
  'source_method': 'toString()Ljava/lang/String;'},
 {'clss': 'Lcom/apptentive/android/sdk/util/Util;',
  'method': 'writeText(Ljava/io/File;Ljava/util/List;Z)V',
  'name': ['UUID'],
  'num': 5158,
  'source_class': 'Ljava/util/Iterator;',
  'source_method': 'next()Ljava/lang/Object;'},
 {'clss': 'Lcom/apptentive/android/sdk/ApptentiveLog;',
  'method': 'logGuarded(Lcom/apptentive/android/sdk/ApptentiveLog$Level;Lcom/apptentive/android/sdk/ApptentiveLogTag;Ljava/lang/Throwable;Ljava/lang/String;[Ljava/lang/Object;)V',
  'name': ['UUID'],
  'num': 697,
  'source_class': 'Ljava/lang/StringBuilder;',
  'source_method': 'toString()Ljava/lang/String;'},
 {'clss': 'Lcom/apptentive/android/sdk/debug/AsyncLogWriter;',
  'method': 'onLogMessage(Lcom/apptentive/android/sdk/ApptentiveLog$Level;Ljava/lang/String;)V',
  'name': ['UUID'],
  'num': 302,
  'source_class': 'Ljava/lang/StringBuilder;',
  'source_method': 'toString()Ljava/lang/String;'},
 {'clss': 'Lcom/apptentive/android/sdk/util/Util;',
  'method': 'writeText(Ljava/io/File;Ljava/util/List;Z)V',
  'name': ['UUID'],
  'num': 5158,
  'source_class': 'Ljava/util/Iterator;',
  'source_method': 'next()Ljava/lang/Object;'},
 {'clss': 'Lcom/apptentive/android/sdk/util/StringUtils;',
  'method': 'format(Ljava/lang/String;[Ljava/lang/Object;)Ljava/lang/String;',
  'name': ['UUID'],
  'num': 132,
  'source_class': 'Ljava/lang/String;',
  'source_method': 'format(Ljava/lang/String;[Ljava/lang/Object;)Ljava/lang/String;'},
 {'clss': 'Lcom/apptentive/android/sdk/util/StringUtils;',
  'method': 'toString(Ljava/util/Map;)Ljava/lang/String;',
  'name': ['UUID'],
  'num': 967,
  'source_class': 'Ljava/lang/StringBuilder;',
  'source_method': 'toString()Ljava/lang/String;'},
 {'clss': 'Lcom/apptentive/android/sdk/ApptentiveLog;',
  'method': 'logGuarded(Lcom/apptentive/android/sdk/ApptentiveLog$Level;Lcom/apptentive/android/sdk/ApptentiveLogTag;Ljava/lang/Throwable;Ljava/lang/String;[Ljava/lang/Object;)V',
  'name': ['UUID'],
  'num': 573,
  'source_class': 'Ljava/lang/String;',
  'source_method': 'format(Ljava/lang/String;[Ljava/lang/Object;)Ljava/lang/String;'},
 {'clss': 'Lcom/apptentive/android/sdk/ApptentiveLog;',
  'method': 'logGuarded(Lcom/apptentive/android/sdk/ApptentiveLog$Level;Lcom/apptentive/android/sdk/ApptentiveLogTag;Ljava/lang/Throwable;Ljava/lang/String;[Ljava/lang/Object;)V',
  'name': ['UUID'],
  'num': 697,
  'source_class': 'Ljava/lang/StringBuilder;',
  'source_method': 'toString()Ljava/lang/String;'},
 {'clss': 'Lcom/apptentive/android/sdk/debug/AsyncLogWriter;',
  'method': 'onLogMessage(Lcom/apptentive/android/sdk/ApptentiveLog$Level;Ljava/lang/String;)V',
  'name': ['UUID'],
  'num': 302,
  'source_class': 'Ljava/lang/StringBuilder;',
  'source_method': 'toString()Ljava/lang/String;'},
 {'clss': 'Lcom/apptentive/android/sdk/util/Util;',
  'method': 'writeText(Ljava/io/File;Ljava/util/List;Z)V',
  'name': ['UUID'],
  'num': 5158,
  'source_class': 'Ljava/util/Iterator;',
  'source_method': 'next()Ljava/lang/Object;'},
 {'clss': 'Lcom/apptentive/android/sdk/model/JsonPayload;',
  'method': '<init>(Lcom/apptentive/android/sdk/model/PayloadType;)V',
  'name': ['UUID'],
  'num': 61,
  'source_class': 'Ljava/util/UUID;',
  'source_method': 'toString()Ljava/lang/String;'},
 {'clss': 'Lcom/apptentive/android/sdk/util/StringUtils;',
  'method': 'format(Ljava/lang/String;[Ljava/lang/Object;)Ljava/lang/String;',
  'name': ['UUID'],
  'num': 132,
  'source_class': 'Ljava/lang/String;',
  'source_method': 'format(Ljava/lang/String;[Ljava/lang/Object;)Ljava/lang/String;'},
 {'clss': 'Lcom/apptentive/android/sdk/util/StringUtils;',
  'method': 'toString(Ljava/util/Map;)Ljava/lang/String;',
  'name': ['UUID'],
  'num': 967,
  'source_class': 'Ljava/lang/StringBuilder;',
  'source_method': 'toString()Ljava/lang/String;'},
 {'clss': 'Lcom/apptentive/android/sdk/ApptentiveLog;',
  'method': 'logGuarded(Lcom/apptentive/android/sdk/ApptentiveLog$Level;Lcom/apptentive/android/sdk/ApptentiveLogTag;Ljava/lang/Throwable;Ljava/lang/String;[Ljava/lang/Object;)V',
  'name': ['UUID'],
  'num': 573,
  'source_class': 'Ljava/lang/String;',
  'source_method': 'format(Ljava/lang/String;[Ljava/lang/Object;)Ljava/lang/String;'},
 {'clss': 'Lcom/apptentive/android/sdk/ApptentiveLog;',
  'method': 'logGuarded(Lcom/apptentive/android/sdk/ApptentiveLog$Level;Lcom/apptentive/android/sdk/ApptentiveLogTag;Ljava/lang/Throwable;Ljava/lang/String;[Ljava/lang/Object;)V',
  'name': ['UUID'],
  'num': 697,
  'source_class': 'Ljava/lang/StringBuilder;',
  'source_method': 'toString()Ljava/lang/String;'},
 {'clss': 'Lcom/apptentive/android/sdk/debug/AsyncLogWriter;',
  'method': 'onLogMessage(Lcom/apptentive/android/sdk/ApptentiveLog$Level;Ljava/lang/String;)V',
  'name': ['UUID'],
  'num': 302,
  'source_class': 'Ljava/lang/StringBuilder;',
  'source_method': 'toString()Ljava/lang/String;'},
 {'clss': 'Lcom/apptentive/android/sdk/util/Util;',
  'method': 'writeText(Ljava/io/File;Ljava/util/List;Z)V',
  'name': ['UUID'],
  'num': 5158,
  'source_class': 'Ljava/util/Iterator;',
  'source_method': 'next()Ljava/lang/Object;'},
 {'clss': 'Lcom/apptentive/android/sdk/util/StringUtils;',
  'method': 'format(Ljava/lang/String;[Ljava/lang/Object;)Ljava/lang/String;',
  'name': ['UUID'],
  'num': 132,
  'source_class': 'Ljava/lang/String;',
  'source_method': 'format(Ljava/lang/String;[Ljava/lang/Object;)Ljava/lang/String;'},
 {'clss': 'Lcom/apptentive/android/sdk/ApptentiveLog;',
  'method': 'logGuarded(Lcom/apptentive/android/sdk/ApptentiveLog$Level;Lcom/apptentive/android/sdk/ApptentiveLogTag;Ljava/lang/Throwable;Ljava/lang/String;[Ljava/lang/Object;)V',
  'name': ['UUID'],
  'num': 573,
  'source_class': 'Ljava/lang/String;',
  'source_method': 'format(Ljava/lang/String;[Ljava/lang/Object;)Ljava/lang/String;'},
 {'clss': 'Lcom/apptentive/android/sdk/ApptentiveLog;',
  'method': 'logGuarded(Lcom/apptentive/android/sdk/ApptentiveLog$Level;Lcom/apptentive/android/sdk/ApptentiveLogTag;Ljava/lang/Throwable;Ljava/lang/String;[Ljava/lang/Object;)V',
  'name': ['UUID'],
  'num': 697,
  'source_class': 'Ljava/lang/StringBuilder;',
  'source_method': 'toString()Ljava/lang/String;'},
 {'clss': 'Lcom/apptentive/android/sdk/debug/AsyncLogWriter;',
  'method': 'onLogMessage(Lcom/apptentive/android/sdk/ApptentiveLog$Level;Ljava/lang/String;)V',
  'name': ['UUID'],
  'num': 302,
  'source_class': 'Ljava/lang/StringBuilder;',
  'source_method': 'toString()Ljava/lang/String;'},
 {'clss': 'Lcom/apptentive/android/sdk/util/Util;',
  'method': 'writeText(Ljava/io/File;Ljava/util/List;Z)V',
  'name': ['UUID'],
  'num': 5158,
  'source_class': 'Ljava/util/Iterator;',
  'source_method': 'next()Ljava/lang/Object;'},
 {'clss': 'Lcom/apptentive/android/sdk/model/JsonPayload;',
  'method': 'optString(Ljava/lang/String;Ljava/lang/String;)Ljava/lang/String;',
  'name': ['UUID'],
  'num': 636,
  'source_class': 'Lorg/json/JSONObject;',
  'source_method': 'optString(Ljava/lang/String;Ljava/lang/String;)Ljava/lang/String;'},
 {'clss': 'Lcom/apptentive/android/sdk/model/JsonPayload;',
  'method': 'optString(Ljava/lang/String;Ljava/lang/String;)Ljava/lang/String;',
  'name': ['UUID'],
  'num': 636,
  'source_class': 'Lorg/json/JSONObject;',
  'source_method': 'optString(Ljava/lang/String;Ljava/lang/String;)Ljava/lang/String;'},
 {'clss': 'Lcom/apptentive/android/sdk/storage/ApptentiveDatabaseHelper;',
  'method': 'getPayloadBodyFile(Ljava/lang/String;)Ljava/io/File;',
  'name': ['UUID'],
  'num': 572,
  'source_class': 'Ljava/lang/StringBuilder;',
  'source_method': 'toString()Ljava/lang/String;'},
 {'clss': 'Lcom/apptentive/android/sdk/ApptentiveLog;',
  'method': 'logGuarded(Lcom/apptentive/android/sdk/ApptentiveLog$Level;Lcom/apptentive/android/sdk/ApptentiveLogTag;Ljava/lang/Throwable;Ljava/lang/String;[Ljava/lang/Object;)V',
  'name': ['UUID'],
  'num': 573,
  'source_class': 'Ljava/lang/String;',
  'source_method': 'format(Ljava/lang/String;[Ljava/lang/Object;)Ljava/lang/String;'},
 {'clss': 'Lcom/apptentive/android/sdk/ApptentiveLog;',
  'method': 'logGuarded(Lcom/apptentive/android/sdk/ApptentiveLog$Level;Lcom/apptentive/android/sdk/ApptentiveLogTag;Ljava/lang/Throwable;Ljava/lang/String;[Ljava/lang/Object;)V',
  'name': ['UUID'],
  'num': 697,
  'source_class': 'Ljava/lang/StringBuilder;',
  'source_method': 'toString()Ljava/lang/String;'},
 {'clss': 'Lcom/apptentive/android/sdk/debug/AsyncLogWriter;',
  'method': 'onLogMessage(Lcom/apptentive/android/sdk/ApptentiveLog$Level;Ljava/lang/String;)V',
  'name': ['UUID'],
  'num': 302,
  'source_class': 'Ljava/lang/StringBuilder;',
  'source_method': 'toString()Ljava/lang/String;'},
 {'clss': 'Lcom/apptentive/android/sdk/model/JsonPayload;',
  'method': 'renderData()[B',
  'name': ['UUID'],
  'num': 930,
  'source_class': 'Lorg/json/JSONObject;',
  'source_method': 'toString()Ljava/lang/String;'},
 {'clss': 'Lcom/apptentive/android/sdk/util/Util;',
  'method': 'writeText(Ljava/io/File;Ljava/util/List;Z)V',
  'name': ['UUID'],
  'num': 5158,
  'source_class': 'Ljava/util/Iterator;',
  'source_method': 'next()Ljava/lang/Object;'},
 {'clss': 'Lcom/apptentive/android/sdk/ApptentiveLog;',
  'method': 'logGuarded(Lcom/apptentive/android/sdk/ApptentiveLog$Level;Lcom/apptentive/android/sdk/ApptentiveLogTag;Ljava/lang/Throwable;Ljava/lang/String;[Ljava/lang/Object;)V',
  'name': ['UUID'],
  'num': 697,
  'source_class': 'Ljava/lang/StringBuilder;',
  'source_method': 'toString()Ljava/lang/String;'},
 {'clss': 'Lcom/apptentive/android/sdk/debug/AsyncLogWriter;',
  'method': 'onLogMessage(Lcom/apptentive/android/sdk/ApptentiveLog$Level;Ljava/lang/String;)V',
  'name': ['UUID'],
  'num': 302,
  'source_class': 'Ljava/lang/StringBuilder;',
  'source_method': 'toString()Ljava/lang/String;'},
 {'clss': 'Lcom/apptentive/android/sdk/util/Util;',
  'method': 'writeText(Ljava/io/File;Ljava/util/List;Z)V',
  'name': ['UUID'],
  'num': 5158,
  'source_class': 'Ljava/util/Iterator;',
  'source_method': 'next()Ljava/lang/Object;'},
 {'clss': 'Lcom/apptentive/android/sdk/util/StringUtils;',
  'method': 'format(Ljava/lang/String;[Ljava/lang/Object;)Ljava/lang/String;',
  'name': ['UUID'],
  'num': 132,
  'source_class': 'Ljava/lang/String;',
  'source_method': 'format(Ljava/lang/String;[Ljava/lang/Object;)Ljava/lang/String;'},
 {'clss': 'Lcom/apptentive/android/sdk/util/StringUtils;',
  'method': 'toString(Ljava/util/Map;)Ljava/lang/String;',
  'name': ['UUID'],
  'num': 967,
  'source_class': 'Ljava/lang/StringBuilder;',
  'source_method': 'toString()Ljava/lang/String;'},
 {'clss': 'Lcom/apptentive/android/sdk/ApptentiveLog;',
  'method': 'logGuarded(Lcom/apptentive/android/sdk/ApptentiveLog$Level;Lcom/apptentive/android/sdk/ApptentiveLogTag;Ljava/lang/Throwable;Ljava/lang/String;[Ljava/lang/Object;)V',
  'name': ['UUID'],
  'num': 573,
  'source_class': 'Ljava/lang/String;',
  'source_method': 'format(Ljava/lang/String;[Ljava/lang/Object;)Ljava/lang/String;'},
 {'clss': 'Lcom/apptentive/android/sdk/ApptentiveLog;',
  'method': 'logGuarded(Lcom/apptentive/android/sdk/ApptentiveLog$Level;Lcom/apptentive/android/sdk/ApptentiveLogTag;Ljava/lang/Throwable;Ljava/lang/String;[Ljava/lang/Object;)V',
  'name': ['UUID'],
  'num': 697,
  'source_class': 'Ljava/lang/StringBuilder;',
  'source_method': 'toString()Ljava/lang/String;'},
 {'clss': 'Lcom/apptentive/android/sdk/debug/AsyncLogWriter;',
  'method': 'onLogMessage(Lcom/apptentive/android/sdk/ApptentiveLog$Level;Ljava/lang/String;)V',
  'name': ['UUID'],
  'num': 302,
  'source_class': 'Ljava/lang/StringBuilder;',
  'source_method': 'toString()Ljava/lang/String;'},
 {'clss': 'Lcom/apptentive/android/sdk/util/Util;',
  'method': 'writeText(Ljava/io/File;Ljava/util/List;Z)V',
  'name': ['UUID'],
  'num': 5158,
  'source_class': 'Ljava/util/Iterator;',
  'source_method': 'next()Ljava/lang/Object;'},
 {'clss': 'Lcom/apptentive/android/sdk/model/JsonPayload;',
  'method': '<init>(Lcom/apptentive/android/sdk/model/PayloadType;)V',
  'name': ['UUID'],
  'num': 61,
  'source_class': 'Ljava/util/UUID;',
  'source_method': 'toString()Ljava/lang/String;'},
 {'clss': 'Lcom/apptentive/android/sdk/util/StringUtils;',
  'method': 'format(Ljava/lang/String;[Ljava/lang/Object;)Ljava/lang/String;',
  'name': ['UUID'],
  'num': 132,
  'source_class': 'Ljava/lang/String;',
  'source_method': 'format(Ljava/lang/String;[Ljava/lang/Object;)Ljava/lang/String;'},
 {'clss': 'Lcom/apptentive/android/sdk/util/StringUtils;',
  'method': 'toString(Ljava/util/Map;)Ljava/lang/String;',
  'name': ['UUID'],
  'num': 967,
  'source_class': 'Ljava/lang/StringBuilder;',
  'source_method': 'toString()Ljava/lang/String;'},
 {'clss': 'Lcom/apptentive/android/sdk/ApptentiveLog;',
  'method': 'logGuarded(Lcom/apptentive/android/sdk/ApptentiveLog$Level;Lcom/apptentive/android/sdk/ApptentiveLogTag;Ljava/lang/Throwable;Ljava/lang/String;[Ljava/lang/Object;)V',
  'name': ['UUID'],
  'num': 573,
  'source_class': 'Ljava/lang/String;',
  'source_method': 'format(Ljava/lang/String;[Ljava/lang/Object;)Ljava/lang/String;'},
 {'clss': 'Lcom/apptentive/android/sdk/ApptentiveLog;',
  'method': 'logGuarded(Lcom/apptentive/android/sdk/ApptentiveLog$Level;Lcom/apptentive/android/sdk/ApptentiveLogTag;Ljava/lang/Throwable;Ljava/lang/String;[Ljava/lang/Object;)V',
  'name': ['UUID'],
  'num': 697,
  'source_class': 'Ljava/lang/StringBuilder;',
  'source_method': 'toString()Ljava/lang/String;'},
 {'clss': 'Lcom/apptentive/android/sdk/debug/AsyncLogWriter;',
  'method': 'onLogMessage(Lcom/apptentive/android/sdk/ApptentiveLog$Level;Ljava/lang/String;)V',
  'name': ['UUID'],
  'num': 302,
  'source_class': 'Ljava/lang/StringBuilder;',
  'source_method': 'toString()Ljava/lang/String;'},
 {'clss': 'Lcom/apptentive/android/sdk/util/Util;',
  'method': 'writeText(Ljava/io/File;Ljava/util/List;Z)V',
  'name': ['UUID'],
  'num': 5158,
  'source_class': 'Ljava/util/Iterator;',
  'source_method': 'next()Ljava/lang/Object;'},
 {'clss': 'Lcom/apptentive/android/sdk/util/StringUtils;',
  'method': 'format(Ljava/lang/String;[Ljava/lang/Object;)Ljava/lang/String;',
  'name': ['UUID'],
  'num': 132,
  'source_class': 'Ljava/lang/String;',
  'source_method': 'format(Ljava/lang/String;[Ljava/lang/Object;)Ljava/lang/String;'},
 {'clss': 'Lcom/apptentive/android/sdk/ApptentiveLog;',
  'method': 'logGuarded(Lcom/apptentive/android/sdk/ApptentiveLog$Level;Lcom/apptentive/android/sdk/ApptentiveLogTag;Ljava/lang/Throwable;Ljava/lang/String;[Ljava/lang/Object;)V',
  'name': ['UUID'],
  'num': 573,
  'source_class': 'Ljava/lang/String;',
  'source_method': 'format(Ljava/lang/String;[Ljava/lang/Object;)Ljava/lang/String;'},
 {'clss': 'Lcom/apptentive/android/sdk/ApptentiveLog;',
  'method': 'logGuarded(Lcom/apptentive/android/sdk/ApptentiveLog$Level;Lcom/apptentive/android/sdk/ApptentiveLogTag;Ljava/lang/Throwable;Ljava/lang/String;[Ljava/lang/Object;)V',
  'name': ['UUID'],
  'num': 697,
  'source_class': 'Ljava/lang/StringBuilder;',
  'source_method': 'toString()Ljava/lang/String;'},
 {'clss': 'Lcom/apptentive/android/sdk/debug/AsyncLogWriter;',
  'method': 'onLogMessage(Lcom/apptentive/android/sdk/ApptentiveLog$Level;Ljava/lang/String;)V',
  'name': ['UUID'],
  'num': 302,
  'source_class': 'Ljava/lang/StringBuilder;',
  'source_method': 'toString()Ljava/lang/String;'},
 {'clss': 'Lcom/apptentive/android/sdk/util/Util;',
  'method': 'writeText(Ljava/io/File;Ljava/util/List;Z)V',
  'name': ['UUID'],
  'num': 5158,
  'source_class': 'Ljava/util/Iterator;',
  'source_method': 'next()Ljava/lang/Object;'},
 {'clss': 'Lcom/apptentive/android/sdk/model/JsonPayload;',
  'method': 'optString(Ljava/lang/String;Ljava/lang/String;)Ljava/lang/String;',
  'name': ['UUID'],
  'num': 636,
  'source_class': 'Lorg/json/JSONObject;',
  'source_method': 'optString(Ljava/lang/String;Ljava/lang/String;)Ljava/lang/String;'},
 {'clss': 'Lcom/apptentive/android/sdk/model/JsonPayload;',
  'method': 'optString(Ljava/lang/String;Ljava/lang/String;)Ljava/lang/String;',
  'name': ['UUID'],
  'num': 636,
  'source_class': 'Lorg/json/JSONObject;',
  'source_method': 'optString(Ljava/lang/String;Ljava/lang/String;)Ljava/lang/String;'},
 {'clss': 'Lcom/apptentive/android/sdk/storage/ApptentiveDatabaseHelper;',
  'method': 'getPayloadBodyFile(Ljava/lang/String;)Ljava/io/File;',
  'name': ['UUID'],
  'num': 572,
  'source_class': 'Ljava/lang/StringBuilder;',
  'source_method': 'toString()Ljava/lang/String;'},
 {'clss': 'Lcom/apptentive/android/sdk/ApptentiveLog;',
  'method': 'logGuarded(Lcom/apptentive/android/sdk/ApptentiveLog$Level;Lcom/apptentive/android/sdk/ApptentiveLogTag;Ljava/lang/Throwable;Ljava/lang/String;[Ljava/lang/Object;)V',
  'name': ['UUID'],
  'num': 573,
  'source_class': 'Ljava/lang/String;',
  'source_method': 'format(Ljava/lang/String;[Ljava/lang/Object;)Ljava/lang/String;'},
 {'clss': 'Lcom/apptentive/android/sdk/ApptentiveLog;',
  'method': 'logGuarded(Lcom/apptentive/android/sdk/ApptentiveLog$Level;Lcom/apptentive/android/sdk/ApptentiveLogTag;Ljava/lang/Throwable;Ljava/lang/String;[Ljava/lang/Object;)V',
  'name': ['UUID'],
  'num': 697,
  'source_class': 'Ljava/lang/StringBuilder;',
  'source_method': 'toString()Ljava/lang/String;'},
 {'clss': 'Lcom/apptentive/android/sdk/debug/AsyncLogWriter;',
  'method': 'onLogMessage(Lcom/apptentive/android/sdk/ApptentiveLog$Level;Ljava/lang/String;)V',
  'name': ['UUID'],
  'num': 302,
  'source_class': 'Ljava/lang/StringBuilder;',
  'source_method': 'toString()Ljava/lang/String;'}]
Sinks
[{"smali_tag": "4755_819", "clss": "Lcom/apptentive/android/sdk/network/HttpRequest;", "method": "sendRequestSync()V", "num": 819, "sink_class": "Ljava/net/URL;", "sink_method": "<init>(Ljava/lang/String;)V", "sink_values": ["https://api.apptentive.com/conversation"], "sources": ["UUID"], "returned_value": null}, {"smali_tag": "4755_1000", "clss": "Lcom/apptentive/android/sdk/network/HttpRequest;", "method": "sendRequestSync()V", "num": 1000, "sink_class": "Ljava/io/OutputStream;", "sink_method": "write([B)V", "sink_values": [[123, 34, 100, 101, 118, 105, 99, 101, 34, 58, 123, 34, 110, 111, 110, 99, 101, 34, 58, 34, 52, 54, 100, 50, 57, 56, 97, 55, 45, 100, 55, 48, 57, 45, 52, 51, 51, 53, 45, 97, 101, 99, 55, 45, 50, 99, 54, 54, 54, 100, 51, 101, 98, 98, 50, 101, 34, 44, 34, 117, 117, 105, 100, 34, 58, 34, 57, 100, 53, 51, 99, 54, 54, 48, 56, 50, 97, 50, 57, 100, 100, 100, 34, 44, 34, 111, 115, 95, 110, 97, 109, 101, 34, 58, 34, 65, 110, 100, 114, 111, 105, 100, 34, 44, 34, 111, 115, 95, 118, 101, 114, 115, 105, 111, 110, 34, 58, 34, 49, 51, 34, 44, 34, 111, 115, 95, 98, 117, 105, 108, 100, 34, 58, 34, 49, 48, 49, 57, 48, 53, 52, 49, 34, 44, 34, 111, 115, 95, 97, 112, 105, 95, 108, 101, 118, 101, 108, 34, 58, 34, 51, 51, 34, 44, 34, 109, 97, 110, 117, 102, 97, 99, 116, 117, 114, 101, 114, 34, 58, 34, 71, 111, 111, 103, 108, 101, 34, 44, 34, 109, 111, 100, 101, 108, 34, 58, 34, 115, 100, 107, 95, 103, 112, 104, 111, 110, 101, 95, 120, 56, 54, 95, 54, 52, 34, 44, 34, 98, 111, 97, 114, 100, 34, 58, 34, 103, 111, 108, 100, 102, 105, 115, 104, 95, 120, 56, 54, 95, 54, 52, 34, 44, 34, 112, 114, 111, 100, 117, 99, 116, 34, 58, 34, 115, 100, 107, 95, 103, 112, 104, 111, 110, 101, 95, 120, 56, 54, 95, 54, 52, 34, 44, 34, 98, 114, 97, 110, 100, 34, 58, 34, 103, 111, 111, 103, 108, 101, 34, 44, 34, 99, 112, 117, 34, 58, 34, 120, 56, 54, 95, 54, 52, 34, 44, 34, 100, 101, 118, 105, 99, 101, 34, 58, 34, 101, 109, 117, 54, 52, 120, 97, 34, 44, 34, 99, 97, 114, 114, 105, 101, 114, 34, 58, 34, 84, 45, 77, 111, 98, 105, 108, 101, 34, 44, 34, 99, 117, 114, 114, 101, 110, 116, 95, 99, 97, 114, 114, 105, 101, 114, 34, 58, 34, 84, 45, 77, 111, 98, 105, 108, 101, 34, 44, 34, 110, 101, 116, 119, 111, 114, 107, 95, 116, 121, 112, 101, 34, 58, 110, 117, 108, 108, 44, 34, 98, 117, 105, 108, 100, 95, 116, 121, 112, 101, 34, 58, 34, 117, 115, 101, 114, 100, 101, 98, 117, 103, 34, 44, 34, 98, 117, 105, 108, 100, 95, 105, 100, 34, 58, 34, 84, 69, 49, 65, 46, 50, 50, 48, 57, 50, 50, 46, 48, 50, 56, 34, 44, 34, 98, 111, 111, 116, 108, 111, 97, 100, 101, 114, 95, 118, 101, 114, 115, 105, 111, 110, 34, 58, 34, 117, 110, 107, 110, 111, 119, 110, 34, 44, 34, 114, 97, 100, 105, 111, 95, 118, 101, 114, 115, 105, 111, 110, 34, 58, 34, 49, 46, 48, 46, 48, 46, 48, 34, 44, 34, 99, 117, 115, 116, 111, 109, 95, 100, 97, 116, 97, 34, 58, 123, 125, 44, 34, 108, 111, 99, 97, 108, 101, 95, 99, 111, 117, 110, 116, 114, 121, 95, 99, 111, 100, 101, 34, 58, 34, 85, 83, 34, 44, 34, 108, 111, 99, 97, 108, 101, 95, 108, 97, 110, 103, 117, 97, 103, 101, 95, 99, 111, 100, 101, 34, 58, 34, 101, 110, 34, 44, 34, 108, 111, 99, 97, 108, 101, 95, 114, 97, 119, 34, 58, 34, 101, 110, 95, 85, 83, 34, 44, 34, 117, 116, 99, 95, 111, 102, 102, 115, 101, 116, 34, 58, 34, 51, 50, 52, 48, 48, 34, 44, 34, 105, 110, 116, 101, 103, 114, 97, 116, 105, 111, 110, 95, 99, 111, 110, 102, 105, 103, 34, 58, 123, 125, 125, 44, 34, 97, 112, 112, 95, 114, 101, 108, 101, 97, 115, 101, 34, 58, 123, 34, 115, 100, 107, 95, 110, 111, 110, 99, 101, 34, 58, 34, 51, 99, 97, 102, 54, 56, 51, 48, 45, 102, 52, 97, 98, 45, 52, 51, 54, 50, 45, 97, 54, 52, 55, 45, 53, 52, 102, 57, 50, 54, 55, 52, 56, 102, 54, 101, 34, 44, 34, 115, 100, 107, 95, 97, 117, 116, 104, 111, 114, 95, 101, 109, 97, 105, 108, 34, 58, 110, 117, 108, 108, 44, 34, 115, 100, 107, 95, 97, 117, 116, 104, 111, 114, 95, 110, 97, 109, 101, 34, 58, 110, 117, 108, 108, 44, 34, 115, 100, 107, 95, 100, 105, 115, 116, 114, 105, 98, 117, 116, 105, 111, 110, 34, 58, 34, 100, 101, 102, 97, 117, 108, 116, 34, 44, 34, 115, 100, 107, 95, 100, 105, 115, 116, 114, 105, 98, 117, 116, 105, 111, 110, 95, 118, 101, 114, 115, 105, 111, 110, 34, 58, 34, 53, 46, 55, 46, 49, 34, 44, 34, 115, 100, 107, 95, 112, 108, 97, 116, 102, 111, 114, 109, 34, 58, 34, 65, 110, 100, 114, 111, 105, 100, 34, 44, 34, 115, 100, 107, 95, 112, 114, 111, 103, 114, 97, 109, 109, 105, 110, 103, 95, 108, 97, 110, 103, 117, 97, 103, 101, 34, 58, 110, 117, 108, 108, 44, 34, 115, 100, 107, 95, 118, 101, 114, 115, 105, 111, 110, 34, 58, 34, 53, 46, 55, 46, 49, 34, 44, 34, 110, 111, 110, 99, 101, 34, 58, 34, 98, 100, 57, 51, 55, 99, 102, 56, 45, 97, 100, 54, 99, 45, 52, 48, 51, 98, 45, 97, 56, 97, 99, 45, 99, 52, 99, 99, 97, 55, 100, 100, 99, 53, 98, 51, 34, 44, 34, 97, 112, 112, 95, 115, 116, 111, 114, 101, 34, 58, 110, 117, 108, 108, 44, 34, 100, 101, 98, 117, 103, 34, 58, 116, 114, 117, 101, 44, 34, 105, 100, 101, 110, 116, 105, 102, 105, 101, 114, 34, 58, 34, 97, 112, 112, 116, 101, 110, 116, 105, 118, 101, 46, 99, 111, 109, 46, 101, 120, 97, 109, 112, 108, 101, 34, 44, 34, 105, 110, 104, 101, 114, 105, 116, 105, 110, 103, 95, 115, 116, 121, 108, 101, 115, 34, 58, 102, 97, 108, 115, 101, 44, 34, 111, 118, 101, 114, 114, 105, 100, 105, 110, 103, 95, 115, 116, 121, 108, 101, 115, 34, 58, 102, 97, 108, 115, 101, 44, 34, 116, 97, 114, 103, 101, 116, 95, 115, 100, 107, 95, 118, 101, 114, 115, 105, 111, 110, 34, 58, 34, 51, 49, 34, 44, 34, 116, 121, 112, 101, 34, 58, 34, 97, 110, 100, 114, 111, 105, 100, 34, 44, 34, 118, 101, 114, 115, 105, 111, 110, 95, 99, 111, 100, 101, 34, 58, 49, 44, 34, 118, 101, 114, 115, 105, 111, 110, 95, 110, 97, 109, 101, 34, 58, 34, 49, 46, 48, 34, 125, 125]], "sources": ["UUID", "AndroidID"], "returned_value": null}]