project.emulator.get_num_leaks() = 7
Sources
[{'clss': 'Lcom/my/target/j4;',
  'method': 'a(Landroid/content/Context;)Z',
  'name': ['AndroidID'],
  'num': 40,
  'source_class': 'Landroid/provider/Settings$Secure;',
  'source_method': 'getString(Landroid/content/ContentResolver;Ljava/lang/String;)Ljava/lang/String;'},
 {'clss': 'Lcom/my/target/j4;',
  'method': 'a(Landroid/content/Context;)Z',
  'name': ['AndroidID'],
  'num': 63,
  'source_class': 'Landroid/provider/Settings$System;',
  'source_method': 'getString(Landroid/content/ContentResolver;Ljava/lang/String;)Ljava/lang/String;'},
 {'clss': 'Lcom/my/target/j4;',
  'method': 'a(Landroid/content/Context;)Z',
  'name': ['AndroidID'],
  'num': 99,
  'source_class': 'Landroid/provider/Settings$Global;',
  'source_method': 'getString(Landroid/content/ContentResolver;Ljava/lang/String;)Ljava/lang/String;'},
 {'clss': 'Lcom/my/target/d1;',
  'method': 'd(Landroid/content/Context;)Ljava/lang/String;',
  'name': ['UUID'],
  'num': 1523,
  'source_class': 'Ljava/util/UUID;',
  'source_method': 'toString()Ljava/lang/String;'},
 {'clss': 'Lcom/my/target/d1;',
  'method': 'collectData(Landroid/content/Context;)V',
  'name': ['AndroidID'],
  'num': 1425,
  'source_class': 'Ljava/util/Map$Entry;',
  'source_method': 'getValue()Ljava/lang/Object;'},
 {'clss': 'Lcom/my/target/d1;',
  'method': 'collectData(Landroid/content/Context;)V',
  'name': ['AndroidID'],
  'num': 1433,
  'source_class': 'Ljava/lang/StringBuilder;',
  'source_method': 'toString()Ljava/lang/String;'},
 {'clss': 'Lcom/my/target/d1;',
  'method': 'collectData(Landroid/content/Context;)V',
  'name': ['UUID'],
  'num': 1425,
  'source_class': 'Ljava/util/Map$Entry;',
  'source_method': 'getValue()Ljava/lang/Object;'},
 {'clss': 'Lcom/my/target/d1;',
  'method': 'collectData(Landroid/content/Context;)V',
  'name': ['UUID'],
  'num': 1433,
  'source_class': 'Ljava/lang/StringBuilder;',
  'source_method': 'toString()Ljava/lang/String;'},
 {'clss': 'Lcom/applovin/impl/sdk/utils/d;',
  'method': 'd(Landroid/content/Context;)Lcom/applovin/impl/sdk/o$a;',
  'name': ['AAID'],
  'num': 296,
  'source_class': 'Lcom/google/android/gms/ads/identifier/AdvertisingIdClient$Info;',
  'source_method': 'getId()Ljava/lang/String;'},
 {'clss': 'Lio/bidmachine/UserAgentProvider$1;',
  'method': 'run()V',
  'name': ['AndroidID'],
  'num': 44,
  'source_class': 'Landroid/webkit/WebSettings;',
  'source_method': 'getDefaultUserAgent(Landroid/content/Context;)Ljava/lang/String;'},
 {'clss': 'Lcom/my/target/o1;',
  'method': 'b(Landroid/content/Context;)V',
  'name': ['AAID'],
  'num': 101,
  'source_class': 'Lcom/google/android/gms/ads/identifier/AdvertisingIdClient$Info;',
  'source_method': 'getId()Ljava/lang/String;'},
 {'clss': 'Lcom/my/target/o1;', 'method': 'b(Landroid/content/Context;)V', 'name': ['AAID'], 'num': 115, 'source_class': 'Ljava/lang/StringBuilder;', 'source_method': 'toString()Ljava/lang/String;'},
 {'clss': 'Lcom/yandex/metrica/impl/ob/A3;', 'method': '<clinit>()V', 'name': ['UUID'], 'num': 37, 'source_class': 'Ljava/util/UUID;', 'source_method': 'toString()Ljava/lang/String;'},
 {'clss': 'Lcom/appodeal/ads/utils/w;', 'method': '<init>(J)V', 'name': ['UUID'], 'num': 75, 'source_class': 'Ljava/util/UUID;', 'source_method': 'toString()Ljava/lang/String;'},
 {'clss': 'Lcom/yandex/metrica/impl/ob/Wl;', 'method': 'a()Ljava/lang/String;', 'name': ['UUID'], 'num': 25, 'source_class': 'Ljava/util/UUID;', 'source_method': 'toString()Ljava/lang/String;'},
 {'clss': 'Lcom/yandex/mobile/ads/impl/d80;', 'method': 'a()Ljava/lang/String;', 'name': ['UUID'], 'num': 136, 'source_class': 'Ljava/util/UUID;', 'source_method': 'toString()Ljava/lang/String;'},
 {'clss': 'Lcom/appodeal/advertising/AdvertisingInfo$GoogleAdvertisingProfile;',
  'method': 'extractParams$apd_advertising(Landroid/content/Context;)V',
  'name': ['AAID'],
  'num': 109,
  'source_class': 'Ljava/lang/reflect/Method;',
  'source_method': 'invoke(Ljava/lang/Object;[Ljava/lang/Object;)Ljava/lang/Object;'},
 {'clss': 'Lcom/appodeal/advertising/AdvertisingInfo$AdvertisingProfile;',
  'method': 'toString()Ljava/lang/String;',
  'name': ['AAID'],
  'num': 291,
  'source_class': 'Ljava/lang/StringBuilder;',
  'source_method': 'toString()Ljava/lang/String;'},
 {'clss': 'Lcom/appodeal/ads/x4;',
  'method': 'a(Lcom/appodeal/ads/x4;Landroid/content/Context;Lcom/appodeal/consent/Consent;Ljava/lang/Boolean;Ljava/lang/String;Lkotlin/coroutines/Continuation;)Ljava/lang/Object;',
  'name': ['AAID'],
  'num': 1102,
  'source_class': 'Ljava/lang/String;',
  'source_method': 'valueOf(Ljava/lang/Object;)Ljava/lang/String;'},
 {'clss': 'Lcom/appodeal/ads/utils/Log;',
  'method': 'log(Ljava/lang/String;Ljava/lang/String;Ljava/lang/String;Lcom/appodeal/ads/utils/Log$LogLevel;)V',
  'name': ['AAID'],
  'num': 216,
  'source_class': 'Ljava/lang/String;',
  'source_method': 'format(Ljava/lang/String;[Ljava/lang/Object;)Ljava/lang/String;'},
 {'clss': 'Lcom/appodeal/ads/x2;',
  'method': 'a(Lcom/appodeal/advertising/AdvertisingInfo$AdvertisingProfile;)Z',
  'name': ['AAID'],
  'num': 475,
  'source_class': 'Lcom/appodeal/advertising/AdvertisingInfo$AdvertisingProfile;',
  'source_method': 'getId()Ljava/lang/String;'},
 {'clss': 'Lcom/yandex/mobile/ads/impl/zs0;',
  'method': 'a(Ljava/lang/Object;Ljava/lang/String;[Ljava/lang/Object;)Ljava/lang/Object;',
  'name': ['AAID'],
  'num': 132,
  'source_class': 'Ljava/lang/reflect/Method;',
  'source_method': 'invoke(Ljava/lang/Object;[Ljava/lang/Object;)Ljava/lang/Object;'},
 {'clss': 'Lcom/yandex/mobile/ads/impl/gw;',
  'method': 'a(Lcom/yandex/mobile/ads/impl/q7;)Z',
  'name': ['AAID'],
  'num': 183,
  'source_class': 'Landroid/content/SharedPreferences;',
  'source_method': 'getString(Ljava/lang/String;Ljava/lang/String;)Ljava/lang/String;'},
 {'clss': 'Lcom/yandex/mobile/ads/impl/kt$b;', 'method': 'N(Lcom/yandex/mobile/ads/impl/kt$b;)Ljava/lang/String;', 'name': ['AndroidID'], 'num': 358, 'source_class': None, 'source_method': None},
 {'clss': 'Lcom/appodeal/advertising/AdvertisingInfo$AdvertisingProfile;', 'method': 'getId()Ljava/lang/String;', 'name': ['AAID'], 'num': 164, 'source_class': None, 'source_method': None},
 {'clss': 'Lcom/appodeal/consent/internal/a;', 'method': 'g()Ljava/lang/String;', 'name': ['AndroidID'], 'num': 244, 'source_class': None, 'source_method': None},
 {'clss': 'Lcom/appodeal/consent/internal/c$b;',
  'method': 'invokeSuspend(Ljava/lang/Object;)Ljava/lang/Object;',
  'name': ['AAID', 'AndroidID'],
  'num': 139,
  'source_class': 'Lorg/json/JSONObject;',
  'source_method': 'toString()Ljava/lang/String;'},
 {'clss': 'Lcom/appodeal/ads/modules/libs/network/httpclients/a;',
  'method': 'enqueue-yxL6bBk(Lcom/appodeal/ads/modules/libs/network/HttpClient$Method;Ljava/lang/String;[BLkotlin/jvm/functions/Function1;Z)Ljava/lang/Object;',
  'name': ['AAID', 'AndroidID'],
  'num': 166,
  'source_class': 'Ljava/lang/StringBuilder;',
  'source_method': 'toString()Ljava/lang/String;'},
 {'clss': 'Lcom/yandex/mobile/ads/impl/t21;',
  'method': 'a()Ljava/lang/String;',
  'name': ['AndroidID'],
  'num': 29,
  'source_class': 'Ljava/lang/System;',
  'source_method': 'getProperty(Ljava/lang/String;)Ljava/lang/String;'},
 {'clss': 'Lcom/yandex/mobile/ads/impl/fz;',
  'method': 'a(Lcom/yandex/mobile/ads/impl/au0;Ljava/util/Map;)Lcom/yandex/mobile/ads/impl/yy;',
  'name': ['AndroidID'],
  'num': 433,
  'source_class': 'Ljava/util/HashMap;',
  'source_method': 'get(Ljava/lang/Object;)Ljava/lang/Object;'},
 {'clss': 'Lio/bidmachine/SessionManager;', 'method': 'startNewSession()V', 'name': ['UUID'], 'num': 315, 'source_class': 'Ljava/util/UUID;', 'source_method': 'toString()Ljava/lang/String;'},
 {'clss': 'Lcom/appodeal/ads/f1;',
  'method': 'a(Landroid/content/Context;)Ljava/lang/String;',
  'name': ['AndroidID'],
  'num': 412,
  'source_class': 'Landroid/provider/Settings$Secure;',
  'source_method': 'getString(Landroid/content/ContentResolver;Ljava/lang/String;)Ljava/lang/String;'},
 {'clss': 'Lcom/appodeal/ads/g4;',
  'method': 'a(Landroid/content/Context;Lkotlin/coroutines/Continuation;)Ljava/lang/Object;',
  'name': ['AndroidID'],
  'num': 216,
  'source_class': 'Lcom/appodeal/ads/f1;',
  'source_method': 'a(Landroid/content/Context;)Ljava/lang/String;'},
 {'clss': 'Lcom/appodeal/ads/g4;',
  'method': 'a(Landroid/content/Context;Lkotlin/coroutines/Continuation;)Ljava/lang/Object;',
  'name': ['AndroidID'],
  'num': 317,
  'source_class': 'Lcom/appodeal/ads/f1;',
  'source_method': 'c()Ljava/lang/String;'},
 {'clss': 'Lcom/appodeal/ads/g4;',
  'method': 'a(Landroid/content/Context;Lkotlin/coroutines/Continuation;)Ljava/lang/Object;',
  'name': ['AndroidID'],
  'num': 323,
  'source_class': 'Ljava/lang/StringBuilder;',
  'source_method': 'toString()Ljava/lang/String;'},
 {'clss': 'Lcom/appodeal/advertising/AdvertisingInfo$AdvertisingProfile;', 'method': 'getId()Ljava/lang/String;', 'name': ['AAID'], 'num': 164, 'source_class': None, 'source_method': None},
 {'clss': 'Lcom/appodeal/ads/j4;', 'method': 'getIfa()Ljava/lang/String;', 'name': ['AAID'], 'num': 522, 'source_class': 'Lcom/appodeal/ads/x2;', 'source_method': 'a()Ljava/lang/String;'},
 {'clss': 'Lcom/appodeal/ads/z1;', 'method': 'obtainLatitude()Ljava/lang/Float;', 'name': ['Location'], 'num': 139, 'source_class': 'Landroid/location/Location;', 'source_method': 'getLatitude()D'},
 {'clss': 'Lcom/appodeal/ads/z1;', 'method': 'obtainLongitude()Ljava/lang/Float;', 'name': ['Location'], 'num': 241, 'source_class': 'Landroid/location/Location;', 'source_method': 'getLongitude()D'},
 {'clss': 'Lcom/appodeal/ads/j4;',
  'method': 'getHttpAgent(Landroid/content/Context;)Ljava/lang/String;',
  'name': ['AndroidID'],
  'num': 272,
  'source_class': 'Landroid/webkit/WebSettings;',
  'source_method': 'getDefaultUserAgent(Landroid/content/Context;)Ljava/lang/String;'},
 {'clss': 'Lcom/appodeal/ads/g4;',
  'method': 'a(Lcom/appodeal/ads/networking/binders/c;Lcom/appodeal/ads/r;Lcom/appodeal/ads/s;Lcom/appodeal/ads/u;Lkotlin/coroutines/Continuation;)Ljava/lang/Object;',
  'name': ['AndroidID'],
  'num': 1025,
  'source_class': 'Lcom/appodeal/ads/j4;',
  'source_method': 'getHttpAgent(Landroid/content/Context;)Ljava/lang/String;'},
 {'clss': 'Lcom/appodeal/ads/b3;', 'method': 'a()[B', 'name': ['AAID', 'AndroidID', 'UUID'], 'num': 458, 'source_class': 'Lorg/json/JSONObject;', 'source_method': 'toString()Ljava/lang/String;'},
 {'clss': 'Lcom/appodeal/ads/modules/libs/network/httpclients/a;',
  'method': 'enqueue-yxL6bBk(Lcom/appodeal/ads/modules/libs/network/HttpClient$Method;Ljava/lang/String;[BLkotlin/jvm/functions/Function1;Z)Ljava/lang/Object;',
  'name': ['AAID', 'AndroidID', 'UUID'],
  'num': 166,
  'source_class': 'Ljava/lang/StringBuilder;',
  'source_method': 'toString()Ljava/lang/String;'},
 {'clss': 'Lio/sentry/android/core/Installation;',
  'method': 'writeInstallationFile(Ljava/io/File;)Ljava/lang/String;',
  'name': ['UUID'],
  'num': 236,
  'source_class': 'Ljava/util/UUID;',
  'source_method': 'toString()Ljava/lang/String;'},
 {'clss': 'Lio/sentry/cache/EnvelopeCache;',
  'method': 'getEnvelopeFile(Lio/sentry/SentryEnvelope;)Ljava/io/File;',
  'name': ['UUID'],
  'num': 229,
  'source_class': 'Ljava/util/UUID;',
  'source_method': 'toString()Ljava/lang/String;'},
 {'clss': 'Lio/sentry/cache/EnvelopeCache;',
  'method': 'getEnvelopeFile(Lio/sentry/SentryEnvelope;)Ljava/io/File;',
  'name': ['UUID'],
  'num': 246,
  'source_class': 'Ljava/lang/StringBuilder;',
  'source_method': 'toString()Ljava/lang/String;'},
 {'clss': 'Lio/sentry/cache/EnvelopeCache;',
  'method': 'store(Lio/sentry/SentryEnvelope;Lio/sentry/Hint;)V',
  'name': ['UUID'],
  'num': 2003,
  'source_class': 'Ljava/io/File;',
  'source_method': 'getAbsolutePath()Ljava/lang/String;'},
 {'clss': 'Lcom/appodeal/ads/f1;',
  'method': 'a(Landroid/content/Context;)Ljava/lang/String;',
  'name': ['AndroidID'],
  'num': 412,
  'source_class': 'Landroid/provider/Settings$Secure;',
  'source_method': 'getString(Landroid/content/ContentResolver;Ljava/lang/String;)Ljava/lang/String;'},
 {'clss': 'Lcom/appodeal/ads/g4;',
  'method': 'a(Landroid/content/Context;Lkotlin/coroutines/Continuation;)Ljava/lang/Object;',
  'name': ['AndroidID'],
  'num': 216,
  'source_class': 'Lcom/appodeal/ads/f1;',
  'source_method': 'a(Landroid/content/Context;)Ljava/lang/String;'},
 {'clss': 'Lcom/appodeal/ads/g4;',
  'method': 'a(Landroid/content/Context;Lkotlin/coroutines/Continuation;)Ljava/lang/Object;',
  'name': ['AndroidID'],
  'num': 317,
  'source_class': 'Lcom/appodeal/ads/f1;',
  'source_method': 'c()Ljava/lang/String;'},
 {'clss': 'Lcom/appodeal/ads/g4;',
  'method': 'a(Landroid/content/Context;Lkotlin/coroutines/Continuation;)Ljava/lang/Object;',
  'name': ['AndroidID'],
  'num': 323,
  'source_class': 'Ljava/lang/StringBuilder;',
  'source_method': 'toString()Ljava/lang/String;'},
 {'clss': 'Lio/sentry/Session;',
  'method': 'serialize(Lio/sentry/JsonObjectWriter;Lio/sentry/ILogger;)V',
  'name': ['UUID'],
  'num': 629,
  'source_class': 'Ljava/util/UUID;',
  'source_method': 'toString()Ljava/lang/String;'},
 {'clss': 'Lcom/appodeal/ads/z1;', 'method': 'obtainLatitude()Ljava/lang/Float;', 'name': ['Location'], 'num': 139, 'source_class': 'Landroid/location/Location;', 'source_method': 'getLatitude()D'},
 {'clss': 'Lcom/appodeal/ads/z1;', 'method': 'obtainLongitude()Ljava/lang/Float;', 'name': ['Location'], 'num': 241, 'source_class': 'Landroid/location/Location;', 'source_method': 'getLongitude()D'},
 {'clss': 'Lcom/appodeal/ads/b3;', 'method': 'a()[B', 'name': ['AAID', 'AndroidID', 'UUID'], 'num': 458, 'source_class': 'Lorg/json/JSONObject;', 'source_method': 'toString()Ljava/lang/String;'},
 {'clss': 'Lcom/appodeal/ads/modules/libs/network/httpclients/a;',
  'method': 'enqueue-yxL6bBk(Lcom/appodeal/ads/modules/libs/network/HttpClient$Method;Ljava/lang/String;[BLkotlin/jvm/functions/Function1;Z)Ljava/lang/Object;',
  'name': ['AAID', 'AndroidID', 'UUID'],
  'num': 166,
  'source_class': 'Ljava/lang/StringBuilder;',
  'source_method': 'toString()Ljava/lang/String;'},
 {'clss': 'Lio/sentry/cache/EnvelopeCache;',
  'method': 'getEnvelopeFile(Lio/sentry/SentryEnvelope;)Ljava/io/File;',
  'name': ['UUID'],
  'num': 183,
  'source_class': 'Ljava/util/Map;',
  'source_method': 'get(Ljava/lang/Object;)Ljava/lang/Object;'},
 {'clss': 'Lio/sentry/cache/EnvelopeCache;',
  'method': 'discard(Lio/sentry/SentryEnvelope;)V',
  'name': ['UUID'],
  'num': 1224,
  'source_class': 'Ljava/io/File;',
  'source_method': 'getAbsolutePath()Ljava/lang/String;'},
 {'clss': 'Lio/sentry/Session;',
  'method': 'serialize(Lio/sentry/JsonObjectWriter;Lio/sentry/ILogger;)V',
  'name': ['UUID'],
  'num': 629,
  'source_class': 'Ljava/util/UUID;',
  'source_method': 'toString()Ljava/lang/String;'},
 {'clss': 'Lio/sentry/Session;',
  'method': 'serialize(Lio/sentry/JsonObjectWriter;Lio/sentry/ILogger;)V',
  'name': ['UUID'],
  'num': 629,
  'source_class': 'Ljava/util/UUID;',
  'source_method': 'toString()Ljava/lang/String;'},
 {'clss': 'Lio/sentry/cache/EnvelopeCache;',
  'method': 'getEnvelopeFile(Lio/sentry/SentryEnvelope;)Ljava/io/File;',
  'name': ['UUID'],
  'num': 229,
  'source_class': 'Ljava/util/UUID;',
  'source_method': 'toString()Ljava/lang/String;'},
 {'clss': 'Lio/sentry/cache/EnvelopeCache;',
  'method': 'getEnvelopeFile(Lio/sentry/SentryEnvelope;)Ljava/io/File;',
  'name': ['UUID'],
  'num': 246,
  'source_class': 'Ljava/lang/StringBuilder;',
  'source_method': 'toString()Ljava/lang/String;'},
 {'clss': 'Lio/sentry/cache/EnvelopeCache;',
  'method': 'store(Lio/sentry/SentryEnvelope;Lio/sentry/Hint;)V',
  'name': ['UUID'],
  'num': 2003,
  'source_class': 'Ljava/io/File;',
  'source_method': 'getAbsolutePath()Ljava/lang/String;'},
 {'clss': 'Lcom/yandex/metrica/identifiers/impl/k;',
  'method': 'a(Landroid/content/Context;)Lcom/yandex/metrica/identifiers/impl/g;',
  'name': ['AAID'],
  'num': 51,
  'source_class': 'Lcom/google/android/gms/ads/identifier/AdvertisingIdClient$Info;',
  'source_method': 'getId()Ljava/lang/String;'},
 {'clss': 'Lcom/yandex/metrica/identifiers/impl/f;', 'method': 'a()Landroid/os/Bundle;', 'name': ['AAID'], 'num': 47, 'source_class': None, 'source_method': None},
 {'clss': 'Lcom/yandex/metrica/impl/ob/Db;',
  'method': 'b(Landroid/content/Context;)Lcom/yandex/metrica/impl/ob/nb;',
  'name': ['AAID'],
  'num': 142,
  'source_class': 'Landroid/os/Bundle;',
  'source_method': 'getString(Ljava/lang/String;)Ljava/lang/String;'},
 {'clss': 'Lcom/yandex/metrica/impl/ob/A3;', 'method': '<clinit>()V', 'name': ['UUID'], 'num': 37, 'source_class': 'Ljava/util/UUID;', 'source_method': 'toString()Ljava/lang/String;'},
 {'clss': 'Lcom/appodeal/ads/f1;',
  'method': 'a(Landroid/content/Context;)Ljava/lang/String;',
  'name': ['AndroidID'],
  'num': 412,
  'source_class': 'Landroid/provider/Settings$Secure;',
  'source_method': 'getString(Landroid/content/ContentResolver;Ljava/lang/String;)Ljava/lang/String;'},
 {'clss': 'Lcom/appodeal/ads/g4;',
  'method': 'a(Landroid/content/Context;Lkotlin/coroutines/Continuation;)Ljava/lang/Object;',
  'name': ['AndroidID'],
  'num': 216,
  'source_class': 'Lcom/appodeal/ads/f1;',
  'source_method': 'a(Landroid/content/Context;)Ljava/lang/String;'},
 {'clss': 'Lcom/appodeal/ads/g4;',
  'method': 'a(Landroid/content/Context;Lkotlin/coroutines/Continuation;)Ljava/lang/Object;',
  'name': ['AndroidID'],
  'num': 317,
  'source_class': 'Lcom/appodeal/ads/f1;',
  'source_method': 'c()Ljava/lang/String;'},
 {'clss': 'Lcom/appodeal/ads/g4;',
  'method': 'a(Landroid/content/Context;Lkotlin/coroutines/Continuation;)Ljava/lang/Object;',
  'name': ['AndroidID'],
  'num': 323,
  'source_class': 'Ljava/lang/StringBuilder;',
  'source_method': 'toString()Ljava/lang/String;'},
 {'clss': 'Lcom/yandex/metrica/impl/ob/A3;',
  'method': 'h()Ljava/lang/String;',
  'name': ['UUID'],
  'num': 679,
  'source_class': 'Landroid/content/ContentValues;',
  'source_method': 'getAsString(Ljava/lang/String;)Ljava/lang/String;'},
 {'clss': 'Lcom/appodeal/ads/z1;', 'method': 'obtainLatitude()Ljava/lang/Float;', 'name': ['Location'], 'num': 139, 'source_class': 'Landroid/location/Location;', 'source_method': 'getLatitude()D'},
 {'clss': 'Lcom/appodeal/ads/z1;', 'method': 'obtainLongitude()Ljava/lang/Float;', 'name': ['Location'], 'num': 241, 'source_class': 'Landroid/location/Location;', 'source_method': 'getLongitude()D'},
 {'clss': 'Lcom/appodeal/ads/b3;', 'method': 'a()[B', 'name': ['AAID', 'AndroidID', 'UUID'], 'num': 458, 'source_class': 'Lorg/json/JSONObject;', 'source_method': 'toString()Ljava/lang/String;'},
 {'clss': 'Lcom/appodeal/ads/modules/libs/network/httpclients/a;',
  'method': 'enqueue-yxL6bBk(Lcom/appodeal/ads/modules/libs/network/HttpClient$Method;Ljava/lang/String;[BLkotlin/jvm/functions/Function1;Z)Ljava/lang/Object;',
  'name': ['AAID', 'AndroidID', 'UUID'],
  'num': 166,
  'source_class': 'Ljava/lang/StringBuilder;',
  'source_method': 'toString()Ljava/lang/String;'},
 {'clss': 'Lcom/appodeal/ads/r;', 'method': '<init>(Lcom/appodeal/ads/s;)V', 'name': ['UUID'], 'num': 179, 'source_class': 'Ljava/util/UUID;', 'source_method': 'toString()Ljava/lang/String;'},
 {'clss': 'Lcom/appodeal/ads/f1;',
  'method': 'a(Landroid/content/Context;)Ljava/lang/String;',
  'name': ['AndroidID'],
  'num': 412,
  'source_class': 'Landroid/provider/Settings$Secure;',
  'source_method': 'getString(Landroid/content/ContentResolver;Ljava/lang/String;)Ljava/lang/String;'},
 {'clss': 'Lcom/appodeal/ads/g4;',
  'method': 'a(Landroid/content/Context;Lkotlin/coroutines/Continuation;)Ljava/lang/Object;',
  'name': ['AndroidID'],
  'num': 216,
  'source_class': 'Lcom/appodeal/ads/f1;',
  'source_method': 'a(Landroid/content/Context;)Ljava/lang/String;'},
 {'clss': 'Lcom/appodeal/ads/g4;',
  'method': 'a(Landroid/content/Context;Lkotlin/coroutines/Continuation;)Ljava/lang/Object;',
  'name': ['AndroidID'],
  'num': 317,
  'source_class': 'Lcom/appodeal/ads/f1;',
  'source_method': 'c()Ljava/lang/String;'},
 {'clss': 'Lcom/appodeal/ads/g4;',
  'method': 'a(Landroid/content/Context;Lkotlin/coroutines/Continuation;)Ljava/lang/Object;',
  'name': ['AndroidID'],
  'num': 323,
  'source_class': 'Ljava/lang/StringBuilder;',
  'source_method': 'toString()Ljava/lang/String;'},
 {'clss': 'Lcom/appodeal/ads/z1;', 'method': 'obtainLatitude()Ljava/lang/Float;', 'name': ['Location'], 'num': 139, 'source_class': 'Landroid/location/Location;', 'source_method': 'getLatitude()D'},
 {'clss': 'Lcom/appodeal/ads/z1;', 'method': 'obtainLongitude()Ljava/lang/Float;', 'name': ['Location'], 'num': 241, 'source_class': 'Landroid/location/Location;', 'source_method': 'getLongitude()D'},
 {'clss': 'Lcom/yandex/metrica/identifiers/impl/k;',
  'method': 'a(Landroid/content/Context;)Lcom/yandex/metrica/identifiers/impl/g;',
  'name': ['AAID'],
  'num': 51,
  'source_class': 'Lcom/google/android/gms/ads/identifier/AdvertisingIdClient$Info;',
  'source_method': 'getId()Ljava/lang/String;'},
 {'clss': 'Lcom/yandex/metrica/identifiers/impl/f;', 'method': 'a()Landroid/os/Bundle;', 'name': ['AAID'], 'num': 47, 'source_class': None, 'source_method': None},
 {'clss': 'Lcom/yandex/metrica/impl/ob/Db;',
  'method': 'b(Landroid/content/Context;)Lcom/yandex/metrica/impl/ob/nb;',
  'name': ['AAID'],
  'num': 142,
  'source_class': 'Landroid/os/Bundle;',
  'source_method': 'getString(Ljava/lang/String;)Ljava/lang/String;'},
 {'clss': 'Lio/sentry/cache/EnvelopeCache;',
  'method': 'getEnvelopeFile(Lio/sentry/SentryEnvelope;)Ljava/io/File;',
  'name': ['UUID'],
  'num': 183,
  'source_class': 'Ljava/util/Map;',
  'source_method': 'get(Ljava/lang/Object;)Ljava/lang/Object;'},
 {'clss': 'Lio/sentry/cache/EnvelopeCache;',
  'method': 'discard(Lio/sentry/SentryEnvelope;)V',
  'name': ['UUID'],
  'num': 1224,
  'source_class': 'Ljava/io/File;',
  'source_method': 'getAbsolutePath()Ljava/lang/String;'},
 {'clss': 'Lcom/appodeal/ads/b3;', 'method': 'a()[B', 'name': ['AAID', 'AndroidID', 'UUID'], 'num': 458, 'source_class': 'Lorg/json/JSONObject;', 'source_method': 'toString()Ljava/lang/String;'},
 {'clss': 'Lcom/appodeal/ads/modules/libs/network/httpclients/a;',
  'method': 'enqueue-yxL6bBk(Lcom/appodeal/ads/modules/libs/network/HttpClient$Method;Ljava/lang/String;[BLkotlin/jvm/functions/Function1;Z)Ljava/lang/Object;',
  'name': ['AAID', 'AndroidID', 'UUID'],
  'num': 166,
  'source_class': 'Ljava/lang/StringBuilder;',
  'source_method': 'toString()Ljava/lang/String;'},
 {'clss': 'Lio/sentry/cache/EnvelopeCache;',
  'method': 'getEnvelopeFile(Lio/sentry/SentryEnvelope;)Ljava/io/File;',
  'name': ['UUID'],
  'num': 229,
  'source_class': 'Ljava/util/UUID;',
  'source_method': 'toString()Ljava/lang/String;'},
 {'clss': 'Lio/sentry/cache/EnvelopeCache;',
  'method': 'getEnvelopeFile(Lio/sentry/SentryEnvelope;)Ljava/io/File;',
  'name': ['UUID'],
  'num': 246,
  'source_class': 'Ljava/lang/StringBuilder;',
  'source_method': 'toString()Ljava/lang/String;'},
 {'clss': 'Lio/sentry/Session;',
  'method': 'serialize(Lio/sentry/JsonObjectWriter;Lio/sentry/ILogger;)V',
  'name': ['UUID'],
  'num': 629,
  'source_class': 'Ljava/util/UUID;',
  'source_method': 'toString()Ljava/lang/String;'},
 {'clss': 'Lio/sentry/Session;',
  'method': 'serialize(Lio/sentry/JsonObjectWriter;Lio/sentry/ILogger;)V',
  'name': ['UUID'],
  'num': 629,
  'source_class': 'Ljava/util/UUID;',
  'source_method': 'toString()Ljava/lang/String;'},
 {'clss': 'Lio/sentry/Session;',
  'method': 'serialize(Lio/sentry/JsonObjectWriter;Lio/sentry/ILogger;)V',
  'name': ['UUID'],
  'num': 629,
  'source_class': 'Ljava/util/UUID;',
  'source_method': 'toString()Ljava/lang/String;'},
 {'clss': 'Lio/sentry/cache/EnvelopeCache;',
  'method': 'getEnvelopeFile(Lio/sentry/SentryEnvelope;)Ljava/io/File;',
  'name': ['UUID'],
  'num': 229,
  'source_class': 'Ljava/util/UUID;',
  'source_method': 'toString()Ljava/lang/String;'},
 {'clss': 'Lio/sentry/cache/EnvelopeCache;',
  'method': 'getEnvelopeFile(Lio/sentry/SentryEnvelope;)Ljava/io/File;',
  'name': ['UUID'],
  'num': 246,
  'source_class': 'Ljava/lang/StringBuilder;',
  'source_method': 'toString()Ljava/lang/String;'},
 {'clss': 'Lio/sentry/cache/EnvelopeCache;',
  'method': 'store(Lio/sentry/SentryEnvelope;Lio/sentry/Hint;)V',
  'name': ['UUID'],
  'num': 2003,
  'source_class': 'Ljava/io/File;',
  'source_method': 'getAbsolutePath()Ljava/lang/String;'},
 {'clss': 'Lcom/appodeal/advertising/AdvertisingInfo$AdvertisingProfile;', 'method': 'getId()Ljava/lang/String;', 'name': ['AAID'], 'num': 164, 'source_class': None, 'source_method': None},
 {'clss': 'Lcom/appodeal/ads/p0;',
  'method': 'invoke(Ljava/lang/Object;)Ljava/lang/Object;',
  'name': ['AndroidID'],
  'num': 167,
  'source_class': 'Ljava/lang/String;',
  'source_method': 'format(Ljava/lang/String;[Ljava/lang/Object;)Ljava/lang/String;'}]
Sinks
[{"smali_tag": "34618_30", "clss": "Lcom/appodeal/ads/modules/libs/network/httpclients/d;", "method": "a(Lcom/appodeal/ads/modules/libs/network/httpclients/c;)Ljava/lang/Object;", "num": 30, "sink_class": "Ljava/net/URL;", "sink_method": "<init>(Ljava/lang/String;)V", "sink_values": ["https://a.appbaqend.com/consent/check"], "sources": ["UUID", "AndroidID"], "returned_value": null}, {"smali_tag": "8134_345", "clss": "Lcom/yandex/mobile/ads/impl/fz;", "method": "a(Lcom/yandex/mobile/ads/impl/au0;Ljava/util/Map;)Lcom/yandex/mobile/ads/impl/yy;", "num": 345, "sink_class": "Ljava/net/URL;", "sink_method": "<init>(Ljava/lang/String;)V", "sink_values": ["https"], "sources": ["UUID", "AndroidID"], "returned_value": null}, {"smali_tag": "34618_30", "clss": "Lcom/appodeal/ads/modules/libs/network/httpclients/d;", "method": "a(Lcom/appodeal/ads/modules/libs/network/httpclients/c;)Ljava/lang/Object;", "num": 30, "sink_class": "Ljava/net/URL;", "sink_method": "<init>(Ljava/lang/String;)V", "sink_values": ["https://a.appbaqend.com:443/config"], "sources": ["UUID"], "returned_value": null}, {"smali_tag": "33281_789", "clss": "Lio/sentry/vendor/gson/stream/JsonWriter;", "method": "string(Ljava/lang/String;)V", "num": 789, "sink_class": "Ljava/io/Writer;", "sink_method": "write(Ljava/lang/String;II)V", "sink_values": ["sentry.java.android"], "sources": ["UUID"], "returned_value": null}, {"smali_tag": "33281_789", "clss": "Lio/sentry/vendor/gson/stream/JsonWriter;", "method": "string(Ljava/lang/String;)V", "num": 789, "sink_class": "Ljava/io/Writer;", "sink_method": "write(Ljava/lang/String;II)V", "sink_values": ["6.11.0"], "sources": ["UUID"], "returned_value": null}, {"smali_tag": "33281_789", "clss": "Lio/sentry/vendor/gson/stream/JsonWriter;", "method": "string(Ljava/lang/String;)V", "num": 789, "sink_class": "Ljava/io/Writer;", "sink_method": "write(Ljava/lang/String;II)V", "sink_values": ["maven:io.sentry:sentry"], "sources": ["UUID"], "returned_value": null}, {"smali_tag": "33281_789", "clss": "Lio/sentry/vendor/gson/stream/JsonWriter;", "method": "string(Ljava/lang/String;)V", "num": 789, "sink_class": "Ljava/io/Writer;", "sink_method": "write(Ljava/lang/String;II)V", "sink_values": ["6.11.0"], "sources": ["UUID"], "returned_value": null}, {"smali_tag": "33281_789", "clss": "Lio/sentry/vendor/gson/stream/JsonWriter;", "method": "string(Ljava/lang/String;)V", "num": 789, "sink_class": "Ljava/io/Writer;", "sink_method": "write(Ljava/lang/String;II)V", "sink_values": ["maven:io.sentry:sentry-android-core"], "sources": ["UUID"], "returned_value": null}, {"smali_tag": "33281_789", "clss": "Lio/sentry/vendor/gson/stream/JsonWriter;", "method": "string(Ljava/lang/String;)V", "num": 789, "sink_class": "Ljava/io/Writer;", "sink_method": "write(Ljava/lang/String;II)V", "sink_values": ["6.11.0"], "sources": ["UUID"], "returned_value": null}, {"smali_tag": "33281_789", "clss": "Lio/sentry/vendor/gson/stream/JsonWriter;", "method": "string(Ljava/lang/String;)V", "num": 789, "sink_class": "Ljava/io/Writer;", "sink_method": "write(Ljava/lang/String;II)V", "sink_values": ["maven:io.sentry:sentry-android-ndk"], "sources": ["UUID"], "returned_value": null}, {"smali_tag": "33281_789", "clss": "Lio/sentry/vendor/gson/stream/JsonWriter;", "method": "string(Ljava/lang/String;)V", "num": 789, "sink_class": "Ljava/io/Writer;", "sink_method": "write(Ljava/lang/String;II)V", "sink_values": ["6.11.0"], "sources": ["UUID"], "returned_value": null}, {"smali_tag": "33281_789", "clss": "Lio/sentry/vendor/gson/stream/JsonWriter;", "method": "string(Ljava/lang/String;)V", "num": 789, "sink_class": "Ljava/io/Writer;", "sink_method": "write(Ljava/lang/String;II)V", "sink_values": ["application/json"], "sources": ["UUID"], "returned_value": null}, {"smali_tag": "33281_789", "clss": "Lio/sentry/vendor/gson/stream/JsonWriter;", "method": "string(Ljava/lang/String;)V", "num": 789, "sink_class": "Ljava/io/Writer;", "sink_method": "write(Ljava/lang/String;II)V", "sink_values": ["session"], "sources": ["UUID"], "returned_value": null}, {"smali_tag": "13924_781", "clss": "Lio/sentry/JsonSerializer;", "method": "serialize(Lio/sentry/SentryEnvelope;Ljava/io/OutputStream;)V", "num": 781, "sink_class": "Ljava/io/OutputStream;", "sink_method": "write([B)V", "sink_values": [[123, 34, 115, 105, 100, 34, 58, 34, 98, 101, 56, 50, 99, 99, 54, 101, 45, 57, 56, 53, 54, 45, 52, 48, 57, 57, 45, 57, 53, 48, 49, 45, 52, 97, 50, 49, 51, 49, 52, 55, 50, 98, 52, 56, 34, 44, 34, 100, 105, 100, 34, 58, 34, 54, 48, 57, 97, 52, 99, 55, 102, 45, 102, 48, 101, 57, 45, 52, 56, 50, 101, 45, 56, 50, 56, 55, 45, 100, 49, 50, 48, 97, 98, 57, 57, 98, 52, 97, 55, 34, 44, 34, 115, 116, 97, 114, 116, 101, 100, 34, 58, 34, 50, 48, 50, 51, 45, 49, 48, 45, 49, 51, 84, 48, 53, 58, 50, 56, 58, 51, 51, 46, 56, 54, 53, 90, 34, 44, 34, 115, 116, 97, 116, 117, 115, 34, 58, 34, 101, 120, 105, 116, 101, 100, 34, 44, 34, 115, 101, 113, 34, 58, 49, 54, 57, 55, 49, 55, 52, 57, 49, 51, 56, 54, 54, 44, 34, 101, 114, 114, 111, 114, 115, 34, 58, 48, 44, 34, 100, 117, 114, 97, 116, 105, 111, 110, 34, 58, 48, 46, 48, 48, 49, 44, 34, 116, 105, 109, 101, 115, 116, 97, 109, 112, 34, 58, 34, 50, 48, 50, 51, 45, 49, 48, 45, 49, 51, 84, 48, 53, 58, 50, 56, 58, 51, 51, 46, 56, 54, 54, 90, 34, 44, 34, 97, 116, 116, 114, 115, 34, 58, 123, 34, 114, 101, 108, 101, 97, 115, 101, 34, 58, 34, 51, 46, 48, 46, 50, 34, 44, 34, 101, 110, 118, 105, 114, 111, 110, 109, 101, 110, 116, 34, 58, 34, 112, 114, 111, 100, 117, 99, 116, 105, 111, 110, 34, 125, 125]], "sources": ["UUID"], "returned_value": null}, {"smali_tag": "34618_30", "clss": "Lcom/appodeal/ads/modules/libs/network/httpclients/d;", "method": "a(Lcom/appodeal/ads/modules/libs/network/httpclients/c;)Ljava/lang/Object;", "num": 30, "sink_class": "Ljava/net/URL;", "sink_method": "<init>(Ljava/lang/String;)V", "sink_values": ["https://a.appbaqend.com:443/init"], "sources": ["UUID"], "returned_value": null}, {"smali_tag": "33281_789", "clss": "Lio/sentry/vendor/gson/stream/JsonWriter;", "method": "string(Ljava/lang/String;)V", "num": 789, "sink_class": "Ljava/io/Writer;", "sink_method": "write(Ljava/lang/String;II)V", "sink_values": ["be82cc6e-9856-4099-9501-4a2131472b48"], "sources": ["UUID"], "returned_value": null}, {"smali_tag": "33281_789", "clss": "Lio/sentry/vendor/gson/stream/JsonWriter;", "method": "string(Ljava/lang/String;)V", "num": 789, "sink_class": "Ljava/io/Writer;", "sink_method": "write(Ljava/lang/String;II)V", "sink_values": ["609a4c7f-f0e9-482e-8287-d120ab99b4a7"], "sources": ["UUID"], "returned_value": null}, {"smali_tag": "33281_789", "clss": "Lio/sentry/vendor/gson/stream/JsonWriter;", "method": "string(Ljava/lang/String;)V", "num": 789, "sink_class": "Ljava/io/Writer;", "sink_method": "write(Ljava/lang/String;II)V", "sink_values": ["init"], "sources": ["UUID", "AndroidID"], "returned_value": null}, {"smali_tag": "33281_789", "clss": "Lio/sentry/vendor/gson/stream/JsonWriter;", "method": "string(Ljava/lang/String;)V", "num": 789, "sink_class": "Ljava/io/Writer;", "sink_method": "write(Ljava/lang/String;II)V", "sink_values": ["started"], "sources": ["UUID", "AndroidID"], "returned_value": null}, {"smali_tag": "33281_789", "clss": "Lio/sentry/vendor/gson/stream/JsonWriter;", "method": "string(Ljava/lang/String;)V", "num": 789, "sink_class": "Ljava/io/Writer;", "sink_method": "write(Ljava/lang/String;II)V", "sink_values": ["2023-10-13T05:28:33.865Z"], "sources": ["UUID"], "returned_value": null}, {"smali_tag": "33281_789", "clss": "Lio/sentry/vendor/gson/stream/JsonWriter;", "method": "string(Ljava/lang/String;)V", "num": 789, "sink_class": "Ljava/io/Writer;", "sink_method": "write(Ljava/lang/String;II)V", "sink_values": ["status"], "sources": ["UUID", "AndroidID"], "returned_value": null}, {"smali_tag": "33281_789", "clss": "Lio/sentry/vendor/gson/stream/JsonWriter;", "method": "string(Ljava/lang/String;)V", "num": 789, "sink_class": "Ljava/io/Writer;", "sink_method": "write(Ljava/lang/String;II)V", "sink_values": ["ok"], "sources": ["UUID"], "returned_value": null}, {"smali_tag": "33281_789", "clss": "Lio/sentry/vendor/gson/stream/JsonWriter;", "method": "string(Ljava/lang/String;)V", "num": 789, "sink_class": "Ljava/io/Writer;", "sink_method": "write(Ljava/lang/String;II)V", "sink_values": ["errors"], "sources": ["UUID", "AndroidID"], "returned_value": null}, {"smali_tag": "33281_789", "clss": "Lio/sentry/vendor/gson/stream/JsonWriter;", "method": "string(Ljava/lang/String;)V", "num": 789, "sink_class": "Ljava/io/Writer;", "sink_method": "write(Ljava/lang/String;II)V", "sink_values": ["timestamp"], "sources": ["UUID", "AndroidID"], "returned_value": null}, {"smali_tag": "33281_789", "clss": "Lio/sentry/vendor/gson/stream/JsonWriter;", "method": "string(Ljava/lang/String;)V", "num": 789, "sink_class": "Ljava/io/Writer;", "sink_method": "write(Ljava/lang/String;II)V", "sink_values": ["2023-10-13T05:28:33.865Z"], "sources": ["UUID"], "returned_value": null}, {"smali_tag": "33281_789", "clss": "Lio/sentry/vendor/gson/stream/JsonWriter;", "method": "string(Ljava/lang/String;)V", "num": 789, "sink_class": "Ljava/io/Writer;", "sink_method": "write(Ljava/lang/String;II)V", "sink_values": ["attrs"], "sources": ["UUID", "AndroidID"], "returned_value": null}, {"smali_tag": "33281_789", "clss": "Lio/sentry/vendor/gson/stream/JsonWriter;", "method": "string(Ljava/lang/String;)V", "num": 789, "sink_class": "Ljava/io/Writer;", "sink_method": "write(Ljava/lang/String;II)V", "sink_values": ["release"], "sources": ["UUID", "AndroidID"], "returned_value": null}, {"smali_tag": "33281_789", "clss": "Lio/sentry/vendor/gson/stream/JsonWriter;", "method": "string(Ljava/lang/String;)V", "num": 789, "sink_class": "Ljava/io/Writer;", "sink_method": "write(Ljava/lang/String;II)V", "sink_values": ["3.0.2"], "sources": ["UUID"], "returned_value": null}, {"smali_tag": "33281_789", "clss": "Lio/sentry/vendor/gson/stream/JsonWriter;", "method": "string(Ljava/lang/String;)V", "num": 789, "sink_class": "Ljava/io/Writer;", "sink_method": "write(Ljava/lang/String;II)V", "sink_values": ["environment"], "sources": ["UUID", "AndroidID"], "returned_value": null}, {"smali_tag": "33281_789", "clss": "Lio/sentry/vendor/gson/stream/JsonWriter;", "method": "string(Ljava/lang/String;)V", "num": 789, "sink_class": "Ljava/io/Writer;", "sink_method": "write(Ljava/lang/String;II)V", "sink_values": ["production"], "sources": ["UUID"], "returned_value": null}, {"smali_tag": "33281_789", "clss": "Lio/sentry/vendor/gson/stream/JsonWriter;", "method": "string(Ljava/lang/String;)V", "num": 789, "sink_class": "Ljava/io/Writer;", "sink_method": "write(Ljava/lang/String;II)V", "sink_values": ["be82cc6e-9856-4099-9501-4a2131472b48"], "sources": ["UUID"], "returned_value": null}, {"smali_tag": "33281_789", "clss": "Lio/sentry/vendor/gson/stream/JsonWriter;", "method": "string(Ljava/lang/String;)V", "num": 789, "sink_class": "Ljava/io/Writer;", "sink_method": "write(Ljava/lang/String;II)V", "sink_values": ["609a4c7f-f0e9-482e-8287-d120ab99b4a7"], "sources": ["UUID"], "returned_value": null}, {"smali_tag": "33281_789", "clss": "Lio/sentry/vendor/gson/stream/JsonWriter;", "method": "string(Ljava/lang/String;)V", "num": 789, "sink_class": "Ljava/io/Writer;", "sink_method": "write(Ljava/lang/String;II)V", "sink_values": ["2023-10-13T05:28:33.865Z"], "sources": ["UUID"], "returned_value": null}, {"smali_tag": "33281_789", "clss": "Lio/sentry/vendor/gson/stream/JsonWriter;", "method": "string(Ljava/lang/String;)V", "num": 789, "sink_class": "Ljava/io/Writer;", "sink_method": "write(Ljava/lang/String;II)V", "sink_values": ["ok"], "sources": ["UUID"], "returned_value": null}, {"smali_tag": "33281_789", "clss": "Lio/sentry/vendor/gson/stream/JsonWriter;", "method": "string(Ljava/lang/String;)V", "num": 789, "sink_class": "Ljava/io/Writer;", "sink_method": "write(Ljava/lang/String;II)V", "sink_values": ["2023-10-13T05:28:33.865Z"], "sources": ["UUID"], "returned_value": null}, {"smali_tag": "33281_789", "clss": "Lio/sentry/vendor/gson/stream/JsonWriter;", "method": "string(Ljava/lang/String;)V", "num": 789, "sink_class": "Ljava/io/Writer;", "sink_method": "write(Ljava/lang/String;II)V", "sink_values": ["3.0.2"], "sources": ["UUID"], "returned_value": null}, {"smali_tag": "33281_789", "clss": "Lio/sentry/vendor/gson/stream/JsonWriter;", "method": "string(Ljava/lang/String;)V", "num": 789, "sink_class": "Ljava/io/Writer;", "sink_method": "write(Ljava/lang/String;II)V", "sink_values": ["production"], "sources": ["UUID"], "returned_value": null}, {"smali_tag": "33281_789", "clss": "Lio/sentry/vendor/gson/stream/JsonWriter;", "method": "string(Ljava/lang/String;)V", "num": 789, "sink_class": "Ljava/io/Writer;", "sink_method": "write(Ljava/lang/String;II)V", "sink_values": ["sentry.java.android"], "sources": ["UUID"], "returned_value": null}, {"smali_tag": "33281_789", "clss": "Lio/sentry/vendor/gson/stream/JsonWriter;", "method": "string(Ljava/lang/String;)V", "num": 789, "sink_class": "Ljava/io/Writer;", "sink_method": "write(Ljava/lang/String;II)V", "sink_values": ["6.11.0"], "sources": ["UUID"], "returned_value": null}, {"smali_tag": "33281_789", "clss": "Lio/sentry/vendor/gson/stream/JsonWriter;", "method": "string(Ljava/lang/String;)V", "num": 789, "sink_class": "Ljava/io/Writer;", "sink_method": "write(Ljava/lang/String;II)V", "sink_values": ["maven:io.sentry:sentry"], "sources": ["UUID"], "returned_value": null}, {"smali_tag": "33281_789", "clss": "Lio/sentry/vendor/gson/stream/JsonWriter;", "method": "string(Ljava/lang/String;)V", "num": 789, "sink_class": "Ljava/io/Writer;", "sink_method": "write(Ljava/lang/String;II)V", "sink_values": ["6.11.0"], "sources": ["UUID"], "returned_value": null}, {"smali_tag": "33281_789", "clss": "Lio/sentry/vendor/gson/stream/JsonWriter;", "method": "string(Ljava/lang/String;)V", "num": 789, "sink_class": "Ljava/io/Writer;", "sink_method": "write(Ljava/lang/String;II)V", "sink_values": ["maven:io.sentry:sentry-android-core"], "sources": ["UUID"], "returned_value": null}, {"smali_tag": "33281_789", "clss": "Lio/sentry/vendor/gson/stream/JsonWriter;", "method": "string(Ljava/lang/String;)V", "num": 789, "sink_class": "Ljava/io/Writer;", "sink_method": "write(Ljava/lang/String;II)V", "sink_values": ["6.11.0"], "sources": ["UUID"], "returned_value": null}, {"smali_tag": "33281_789", "clss": "Lio/sentry/vendor/gson/stream/JsonWriter;", "method": "string(Ljava/lang/String;)V", "num": 789, "sink_class": "Ljava/io/Writer;", "sink_method": "write(Ljava/lang/String;II)V", "sink_values": ["maven:io.sentry:sentry-android-ndk"], "sources": ["UUID"], "returned_value": null}, {"smali_tag": "33281_789", "clss": "Lio/sentry/vendor/gson/stream/JsonWriter;", "method": "string(Ljava/lang/String;)V", "num": 789, "sink_class": "Ljava/io/Writer;", "sink_method": "write(Ljava/lang/String;II)V", "sink_values": ["6.11.0"], "sources": ["UUID"], "returned_value": null}, {"smali_tag": "33281_789", "clss": "Lio/sentry/vendor/gson/stream/JsonWriter;", "method": "string(Ljava/lang/String;)V", "num": 789, "sink_class": "Ljava/io/Writer;", "sink_method": "write(Ljava/lang/String;II)V", "sink_values": ["application/json"], "sources": ["UUID"], "returned_value": null}, {"smali_tag": "33281_789", "clss": "Lio/sentry/vendor/gson/stream/JsonWriter;", "method": "string(Ljava/lang/String;)V", "num": 789, "sink_class": "Ljava/io/Writer;", "sink_method": "write(Ljava/lang/String;II)V", "sink_values": ["session"], "sources": ["UUID"], "returned_value": null}, {"smali_tag": "13924_781", "clss": "Lio/sentry/JsonSerializer;", "method": "serialize(Lio/sentry/SentryEnvelope;Ljava/io/OutputStream;)V", "num": 781, "sink_class": "Ljava/io/OutputStream;", "sink_method": "write([B)V", "sink_values": [[123, 34, 115, 105, 100, 34, 58, 34, 98, 101, 56, 50, 99, 99, 54, 101, 45, 57, 56, 53, 54, 45, 52, 48, 57, 57, 45, 57, 53, 48, 49, 45, 52, 97, 50, 49, 51, 49, 52, 55, 50, 98, 52, 56, 34, 44, 34, 100, 105, 100, 34, 58, 34, 54, 48, 57, 97, 52, 99, 55, 102, 45, 102, 48, 101, 57, 45, 52, 56, 50, 101, 45, 56, 50, 56, 55, 45, 100, 49, 50, 48, 97, 98, 57, 57, 98, 52, 97, 55, 34, 44, 34, 105, 110, 105, 116, 34, 58, 116, 114, 117, 101, 44, 34, 115, 116, 97, 114, 116, 101, 100, 34, 58, 34, 50, 48, 50, 51, 45, 49, 48, 45, 49, 51, 84, 48, 53, 58, 50, 56, 58, 51, 51, 46, 56, 54, 53, 90, 34, 44, 34, 115, 116, 97, 116, 117, 115, 34, 58, 34, 111, 107, 34, 44, 34, 101, 114, 114, 111, 114, 115, 34, 58, 48, 44, 34, 116, 105, 109, 101, 115, 116, 97, 109, 112, 34, 58, 34, 50, 48, 50, 51, 45, 49, 48, 45, 49, 51, 84, 48, 53, 58, 50, 56, 58, 51, 51, 46, 56, 54, 53, 90, 34, 44, 34, 97, 116, 116, 114, 115, 34, 58, 123, 34, 114, 101, 108, 101, 97, 115, 101, 34, 58, 34, 51, 46, 48, 46, 50, 34, 44, 34, 101, 110, 118, 105, 114, 111, 110, 109, 101, 110, 116, 34, 58, 34, 112, 114, 111, 100, 117, 99, 116, 105, 111, 110, 34, 125, 125]], "sources": ["UUID"], "returned_value": null}, {"smali_tag": "34618_30", "clss": "Lcom/appodeal/ads/modules/libs/network/httpclients/d;", "method": "a(Lcom/appodeal/ads/modules/libs/network/httpclients/c;)Ljava/lang/Object;", "num": 30, "sink_class": "Ljava/net/URL;", "sink_method": "<init>(Ljava/lang/String;)V", "sink_values": ["https://a.appbaqend.com:443/install"], "sources": ["UUID"], "returned_value": null}, {"smali_tag": "33281_789", "clss": "Lio/sentry/vendor/gson/stream/JsonWriter;", "method": "string(Ljava/lang/String;)V", "num": 789, "sink_class": "Ljava/io/Writer;", "sink_method": "write(Ljava/lang/String;II)V", "sink_values": ["sentry.java.android"], "sources": ["UUID"], "returned_value": null}, {"smali_tag": "33281_789", "clss": "Lio/sentry/vendor/gson/stream/JsonWriter;", "method": "string(Ljava/lang/String;)V", "num": 789, "sink_class": "Ljava/io/Writer;", "sink_method": "write(Ljava/lang/String;II)V", "sink_values": ["6.11.0"], "sources": ["UUID"], "returned_value": null}, {"smali_tag": "33281_789", "clss": "Lio/sentry/vendor/gson/stream/JsonWriter;", "method": "string(Ljava/lang/String;)V", "num": 789, "sink_class": "Ljava/io/Writer;", "sink_method": "write(Ljava/lang/String;II)V", "sink_values": ["maven:io.sentry:sentry"], "sources": ["UUID"], "returned_value": null}, {"smali_tag": "33281_789", "clss": "Lio/sentry/vendor/gson/stream/JsonWriter;", "method": "string(Ljava/lang/String;)V", "num": 789, "sink_class": "Ljava/io/Writer;", "sink_method": "write(Ljava/lang/String;II)V", "sink_values": ["6.11.0"], "sources": ["UUID"], "returned_value": null}, {"smali_tag": "33281_789", "clss": "Lio/sentry/vendor/gson/stream/JsonWriter;", "method": "string(Ljava/lang/String;)V", "num": 789, "sink_class": "Ljava/io/Writer;", "sink_method": "write(Ljava/lang/String;II)V", "sink_values": ["maven:io.sentry:sentry-android-core"], "sources": ["UUID"], "returned_value": null}, {"smali_tag": "33281_789", "clss": "Lio/sentry/vendor/gson/stream/JsonWriter;", "method": "string(Ljava/lang/String;)V", "num": 789, "sink_class": "Ljava/io/Writer;", "sink_method": "write(Ljava/lang/String;II)V", "sink_values": ["6.11.0"], "sources": ["UUID"], "returned_value": null}, {"smali_tag": "33281_789", "clss": "Lio/sentry/vendor/gson/stream/JsonWriter;", "method": "string(Ljava/lang/String;)V", "num": 789, "sink_class": "Ljava/io/Writer;", "sink_method": "write(Ljava/lang/String;II)V", "sink_values": ["maven:io.sentry:sentry-android-ndk"], "sources": ["UUID"], "returned_value": null}, {"smali_tag": "33281_789", "clss": "Lio/sentry/vendor/gson/stream/JsonWriter;", "method": "string(Ljava/lang/String;)V", "num": 789, "sink_class": "Ljava/io/Writer;", "sink_method": "write(Ljava/lang/String;II)V", "sink_values": ["6.11.0"], "sources": ["UUID"], "returned_value": null}, {"smali_tag": "33281_789", "clss": "Lio/sentry/vendor/gson/stream/JsonWriter;", "method": "string(Ljava/lang/String;)V", "num": 789, "sink_class": "Ljava/io/Writer;", "sink_method": "write(Ljava/lang/String;II)V", "sink_values": ["application/json"], "sources": ["UUID"], "returned_value": null}, {"smali_tag": "33281_789", "clss": "Lio/sentry/vendor/gson/stream/JsonWriter;", "method": "string(Ljava/lang/String;)V", "num": 789, "sink_class": "Ljava/io/Writer;", "sink_method": "write(Ljava/lang/String;II)V", "sink_values": ["session"], "sources": ["UUID"], "returned_value": null}, {"smali_tag": "13924_781", "clss": "Lio/sentry/JsonSerializer;", "method": "serialize(Lio/sentry/SentryEnvelope;Ljava/io/OutputStream;)V", "num": 781, "sink_class": "Ljava/io/OutputStream;", "sink_method": "write([B)V", "sink_values": [[123, 34, 115, 105, 100, 34, 58, 34, 98, 101, 56, 50, 99, 99, 54, 101, 45, 57, 56, 53, 54, 45, 52, 48, 57, 57, 45, 57, 53, 48, 49, 45, 52, 97, 50, 49, 51, 49, 52, 55, 50, 98, 52, 56, 34, 44, 34, 100, 105, 100, 34, 58, 34, 54, 48, 57, 97, 52, 99, 55, 102, 45, 102, 48, 101, 57, 45, 52, 56, 50, 101, 45, 56, 50, 56, 55, 45, 100, 49, 50, 48, 97, 98, 57, 57, 98, 52, 97, 55, 34, 44, 34, 105, 110, 105, 116, 34, 58, 116, 114, 117, 101, 44, 34, 115, 116, 97, 114, 116, 101, 100, 34, 58, 34, 50, 48, 50, 51, 45, 49, 48, 45, 49, 51, 84, 48, 53, 58, 50, 56, 58, 51, 51, 46, 56, 54, 53, 90, 34, 44, 34, 115, 116, 97, 116, 117, 115, 34, 58, 34, 111, 107, 34, 44, 34, 101, 114, 114, 111, 114, 115, 34, 58, 48, 44, 34, 116, 105, 109, 101, 115, 116, 97, 109, 112, 34, 58, 34, 50, 48, 50, 51, 45, 49, 48, 45, 49, 51, 84, 48, 53, 58, 50, 56, 58, 51, 51, 46, 56, 54, 53, 90, 34, 44, 34, 97, 116, 116, 114, 115, 34, 58, 123, 34, 114, 101, 108, 101, 97, 115, 101, 34, 58, 34, 51, 46, 48, 46, 50, 34, 44, 34, 101, 110, 118, 105, 114, 111, 110, 109, 101, 110, 116, 34, 58, 34, 112, 114, 111, 100, 117, 99, 116, 105, 111, 110, 34, 125, 125]], "sources": ["UUID"], "returned_value": null}, {"smali_tag": "34618_30", "clss": "Lcom/appodeal/ads/modules/libs/network/httpclients/d;", "method": "a(Lcom/appodeal/ads/modules/libs/network/httpclients/c;)Ljava/lang/Object;", "num": 30, "sink_class": "Ljava/net/URL;", "sink_method": "<init>(Ljava/lang/String;)V", "sink_values": ["https://a.appbaqend.com:443/get"], "sources": ["UUID"], "returned_value": null}, {"smali_tag": "33281_789", "clss": "Lio/sentry/vendor/gson/stream/JsonWriter;", "method": "string(Ljava/lang/String;)V", "num": 789, "sink_class": "Ljava/io/Writer;", "sink_method": "write(Ljava/lang/String;II)V", "sink_values": ["sentry.java.android"], "sources": ["UUID"], "returned_value": null}, {"smali_tag": "33281_789", "clss": "Lio/sentry/vendor/gson/stream/JsonWriter;", "method": "string(Ljava/lang/String;)V", "num": 789, "sink_class": "Ljava/io/Writer;", "sink_method": "write(Ljava/lang/String;II)V", "sink_values": ["6.11.0"], "sources": ["UUID"], "returned_value": null}, {"smali_tag": "33281_789", "clss": "Lio/sentry/vendor/gson/stream/JsonWriter;", "method": "string(Ljava/lang/String;)V", "num": 789, "sink_class": "Ljava/io/Writer;", "sink_method": "write(Ljava/lang/String;II)V", "sink_values": ["maven:io.sentry:sentry"], "sources": ["UUID"], "returned_value": null}, {"smali_tag": "33281_789", "clss": "Lio/sentry/vendor/gson/stream/JsonWriter;", "method": "string(Ljava/lang/String;)V", "num": 789, "sink_class": "Ljava/io/Writer;", "sink_method": "write(Ljava/lang/String;II)V", "sink_values": ["6.11.0"], "sources": ["UUID"], "returned_value": null}, {"smali_tag": "33281_789", "clss": "Lio/sentry/vendor/gson/stream/JsonWriter;", "method": "string(Ljava/lang/String;)V", "num": 789, "sink_class": "Ljava/io/Writer;", "sink_method": "write(Ljava/lang/String;II)V", "sink_values": ["maven:io.sentry:sentry-android-core"], "sources": ["UUID"], "returned_value": null}, {"smali_tag": "33281_789", "clss": "Lio/sentry/vendor/gson/stream/JsonWriter;", "method": "string(Ljava/lang/String;)V", "num": 789, "sink_class": "Ljava/io/Writer;", "sink_method": "write(Ljava/lang/String;II)V", "sink_values": ["6.11.0"], "sources": ["UUID"], "returned_value": null}, {"smali_tag": "33281_789", "clss": "Lio/sentry/vendor/gson/stream/JsonWriter;", "method": "string(Ljava/lang/String;)V", "num": 789, "sink_class": "Ljava/io/Writer;", "sink_method": "write(Ljava/lang/String;II)V", "sink_values": ["maven:io.sentry:sentry-android-ndk"], "sources": ["UUID"], "returned_value": null}, {"smali_tag": "33281_789", "clss": "Lio/sentry/vendor/gson/stream/JsonWriter;", "method": "string(Ljava/lang/String;)V", "num": 789, "sink_class": "Ljava/io/Writer;", "sink_method": "write(Ljava/lang/String;II)V", "sink_values": ["6.11.0"], "sources": ["UUID"], "returned_value": null}, {"smali_tag": "33281_789", "clss": "Lio/sentry/vendor/gson/stream/JsonWriter;", "method": "string(Ljava/lang/String;)V", "num": 789, "sink_class": "Ljava/io/Writer;", "sink_method": "write(Ljava/lang/String;II)V", "sink_values": ["be82cc6e-9856-4099-9501-4a2131472b48"], "sources": ["UUID"], "returned_value": null}, {"smali_tag": "33281_789", "clss": "Lio/sentry/vendor/gson/stream/JsonWriter;", "method": "string(Ljava/lang/String;)V", "num": 789, "sink_class": "Ljava/io/Writer;", "sink_method": "write(Ljava/lang/String;II)V", "sink_values": ["609a4c7f-f0e9-482e-8287-d120ab99b4a7"], "sources": ["UUID"], "returned_value": null}, {"smali_tag": "33281_789", "clss": "Lio/sentry/vendor/gson/stream/JsonWriter;", "method": "string(Ljava/lang/String;)V", "num": 789, "sink_class": "Ljava/io/Writer;", "sink_method": "write(Ljava/lang/String;II)V", "sink_values": ["2023-10-13T05:28:33.865Z"], "sources": ["UUID"], "returned_value": null}, {"smali_tag": "33281_789", "clss": "Lio/sentry/vendor/gson/stream/JsonWriter;", "method": "string(Ljava/lang/String;)V", "num": 789, "sink_class": "Ljava/io/Writer;", "sink_method": "write(Ljava/lang/String;II)V", "sink_values": ["exited"], "sources": ["UUID"], "returned_value": null}, {"smali_tag": "33281_789", "clss": "Lio/sentry/vendor/gson/stream/JsonWriter;", "method": "string(Ljava/lang/String;)V", "num": 789, "sink_class": "Ljava/io/Writer;", "sink_method": "write(Ljava/lang/String;II)V", "sink_values": ["2023-10-13T05:28:37.851Z"], "sources": ["UUID"], "returned_value": null}, {"smali_tag": "33281_789", "clss": "Lio/sentry/vendor/gson/stream/JsonWriter;", "method": "string(Ljava/lang/String;)V", "num": 789, "sink_class": "Ljava/io/Writer;", "sink_method": "write(Ljava/lang/String;II)V", "sink_values": ["3.0.2"], "sources": ["UUID"], "returned_value": null}, {"smali_tag": "33281_789", "clss": "Lio/sentry/vendor/gson/stream/JsonWriter;", "method": "string(Ljava/lang/String;)V", "num": 789, "sink_class": "Ljava/io/Writer;", "sink_method": "write(Ljava/lang/String;II)V", "sink_values": ["production"], "sources": ["UUID"], "returned_value": null}, {"smali_tag": "33281_789", "clss": "Lio/sentry/vendor/gson/stream/JsonWriter;", "method": "string(Ljava/lang/String;)V", "num": 789, "sink_class": "Ljava/io/Writer;", "sink_method": "write(Ljava/lang/String;II)V", "sink_values": ["application/json"], "sources": ["UUID"], "returned_value": null}, {"smali_tag": "33281_789", "clss": "Lio/sentry/vendor/gson/stream/JsonWriter;", "method": "string(Ljava/lang/String;)V", "num": 789, "sink_class": "Ljava/io/Writer;", "sink_method": "write(Ljava/lang/String;II)V", "sink_values": ["session"], "sources": ["UUID"], "returned_value": null}, {"smali_tag": "13924_781", "clss": "Lio/sentry/JsonSerializer;", "method": "serialize(Lio/sentry/SentryEnvelope;Ljava/io/OutputStream;)V", "num": 781, "sink_class": "Ljava/io/OutputStream;", "sink_method": "write([B)V", "sink_values": [[123, 34, 115, 105, 100, 34, 58, 34, 98, 101, 56, 50, 99, 99, 54, 101, 45, 57, 56, 53, 54, 45, 52, 48, 57, 57, 45, 57, 53, 48, 49, 45, 52, 97, 50, 49, 51, 49, 52, 55, 50, 98, 52, 56, 34, 44, 34, 100, 105, 100, 34, 58, 34, 54, 48, 57, 97, 52, 99, 55, 102, 45, 102, 48, 101, 57, 45, 52, 56, 50, 101, 45, 56, 50, 56, 55, 45, 100, 49, 50, 48, 97, 98, 57, 57, 98, 52, 97, 55, 34, 44, 34, 115, 116, 97, 114, 116, 101, 100, 34, 58, 34, 50, 48, 50, 51, 45, 49, 48, 45, 49, 51, 84, 48, 53, 58, 50, 56, 58, 51, 51, 46, 56, 54, 53, 90, 34, 44, 34, 115, 116, 97, 116, 117, 115, 34, 58, 34, 101, 120, 105, 116, 101, 100, 34, 44, 34, 115, 101, 113, 34, 58, 49, 54, 57, 55, 49, 55, 52, 57, 49, 55, 56, 53, 49, 44, 34, 101, 114, 114, 111, 114, 115, 34, 58, 48, 44, 34, 100, 117, 114, 97, 116, 105, 111, 110, 34, 58, 51, 46, 57, 56, 54, 44, 34, 116, 105, 109, 101, 115, 116, 97, 109, 112, 34, 58, 34, 50, 48, 50, 51, 45, 49, 48, 45, 49, 51, 84, 48, 53, 58, 50, 56, 58, 51, 55, 46, 56, 53, 49, 90, 34, 44, 34, 97, 116, 116, 114, 115, 34, 58, 123, 34, 114, 101, 108, 101, 97, 115, 101, 34, 58, 34, 51, 46, 48, 46, 50, 34, 44, 34, 101, 110, 118, 105, 114, 111, 110, 109, 101, 110, 116, 34, 58, 34, 112, 114, 111, 100, 117, 99, 116, 105, 111, 110, 34, 125, 125]], "sources": ["UUID"], "returned_value": null}, {"smali_tag": "33281_789", "clss": "Lio/sentry/vendor/gson/stream/JsonWriter;", "method": "string(Ljava/lang/String;)V", "num": 789, "sink_class": "Ljava/io/Writer;", "sink_method": "write(Ljava/lang/String;II)V", "sink_values": ["8e9a1c9b-1538-49bb-9f85-4cda72227b29"], "sources": ["UUID"], "returned_value": null}, {"smali_tag": "33281_789", "clss": "Lio/sentry/vendor/gson/stream/JsonWriter;", "method": "string(Ljava/lang/String;)V", "num": 789, "sink_class": "Ljava/io/Writer;", "sink_method": "write(Ljava/lang/String;II)V", "sink_values": ["609a4c7f-f0e9-482e-8287-d120ab99b4a7"], "sources": ["UUID"], "returned_value": null}, {"smali_tag": "33281_789", "clss": "Lio/sentry/vendor/gson/stream/JsonWriter;", "method": "string(Ljava/lang/String;)V", "num": 789, "sink_class": "Ljava/io/Writer;", "sink_method": "write(Ljava/lang/String;II)V", "sink_values": ["2023-10-13T05:28:33.866Z"], "sources": ["UUID"], "returned_value": null}, {"smali_tag": "33281_789", "clss": "Lio/sentry/vendor/gson/stream/JsonWriter;", "method": "string(Ljava/lang/String;)V", "num": 789, "sink_class": "Ljava/io/Writer;", "sink_method": "write(Ljava/lang/String;II)V", "sink_values": ["ok"], "sources": ["UUID"], "returned_value": null}, {"smali_tag": "33281_789", "clss": "Lio/sentry/vendor/gson/stream/JsonWriter;", "method": "string(Ljava/lang/String;)V", "num": 789, "sink_class": "Ljava/io/Writer;", "sink_method": "write(Ljava/lang/String;II)V", "sink_values": ["2023-10-13T05:28:33.866Z"], "sources": ["UUID"], "returned_value": null}, {"smali_tag": "33281_789", "clss": "Lio/sentry/vendor/gson/stream/JsonWriter;", "method": "string(Ljava/lang/String;)V", "num": 789, "sink_class": "Ljava/io/Writer;", "sink_method": "write(Ljava/lang/String;II)V", "sink_values": ["3.0.2"], "sources": ["UUID"], "returned_value": null}, {"smali_tag": "33281_789", "clss": "Lio/sentry/vendor/gson/stream/JsonWriter;", "method": "string(Ljava/lang/String;)V", "num": 789, "sink_class": "Ljava/io/Writer;", "sink_method": "write(Ljava/lang/String;II)V", "sink_values": ["production"], "sources": ["UUID"], "returned_value": null}, {"smali_tag": "33281_789", "clss": "Lio/sentry/vendor/gson/stream/JsonWriter;", "method": "string(Ljava/lang/String;)V", "num": 789, "sink_class": "Ljava/io/Writer;", "sink_method": "write(Ljava/lang/String;II)V", "sink_values": ["8e9a1c9b-1538-49bb-9f85-4cda72227b29"], "sources": ["UUID"], "returned_value": null}, {"smali_tag": "33281_789", "clss": "Lio/sentry/vendor/gson/stream/JsonWriter;", "method": "string(Ljava/lang/String;)V", "num": 789, "sink_class": "Ljava/io/Writer;", "sink_method": "write(Ljava/lang/String;II)V", "sink_values": ["609a4c7f-f0e9-482e-8287-d120ab99b4a7"], "sources": ["UUID"], "returned_value": null}, {"smali_tag": "33281_789", "clss": "Lio/sentry/vendor/gson/stream/JsonWriter;", "method": "string(Ljava/lang/String;)V", "num": 789, "sink_class": "Ljava/io/Writer;", "sink_method": "write(Ljava/lang/String;II)V", "sink_values": ["2023-10-13T05:28:33.866Z"], "sources": ["UUID"], "returned_value": null}, {"smali_tag": "33281_789", "clss": "Lio/sentry/vendor/gson/stream/JsonWriter;", "method": "string(Ljava/lang/String;)V", "num": 789, "sink_class": "Ljava/io/Writer;", "sink_method": "write(Ljava/lang/String;II)V", "sink_values": ["ok"], "sources": ["UUID"], "returned_value": null}, {"smali_tag": "33281_789", "clss": "Lio/sentry/vendor/gson/stream/JsonWriter;", "method": "string(Ljava/lang/String;)V", "num": 789, "sink_class": "Ljava/io/Writer;", "sink_method": "write(Ljava/lang/String;II)V", "sink_values": ["2023-10-13T05:28:33.866Z"], "sources": ["UUID"], "returned_value": null}, {"smali_tag": "33281_789", "clss": "Lio/sentry/vendor/gson/stream/JsonWriter;", "method": "string(Ljava/lang/String;)V", "num": 789, "sink_class": "Ljava/io/Writer;", "sink_method": "write(Ljava/lang/String;II)V", "sink_values": ["3.0.2"], "sources": ["UUID"], "returned_value": null}, {"smali_tag": "33281_789", "clss": "Lio/sentry/vendor/gson/stream/JsonWriter;", "method": "string(Ljava/lang/String;)V", "num": 789, "sink_class": "Ljava/io/Writer;", "sink_method": "write(Ljava/lang/String;II)V", "sink_values": ["production"], "sources": ["UUID"], "returned_value": null}, {"smali_tag": "33281_789", "clss": "Lio/sentry/vendor/gson/stream/JsonWriter;", "method": "string(Ljava/lang/String;)V", "num": 789, "sink_class": "Ljava/io/Writer;", "sink_method": "write(Ljava/lang/String;II)V", "sink_values": ["sentry.java.android"], "sources": ["UUID"], "returned_value": null}, {"smali_tag": "33281_789", "clss": "Lio/sentry/vendor/gson/stream/JsonWriter;", "method": "string(Ljava/lang/String;)V", "num": 789, "sink_class": "Ljava/io/Writer;", "sink_method": "write(Ljava/lang/String;II)V", "sink_values": ["6.11.0"], "sources": ["UUID"], "returned_value": null}, {"smali_tag": "33281_789", "clss": "Lio/sentry/vendor/gson/stream/JsonWriter;", "method": "string(Ljava/lang/String;)V", "num": 789, "sink_class": "Ljava/io/Writer;", "sink_method": "write(Ljava/lang/String;II)V", "sink_values": ["maven:io.sentry:sentry"], "sources": ["UUID"], "returned_value": null}, {"smali_tag": "33281_789", "clss": "Lio/sentry/vendor/gson/stream/JsonWriter;", "method": "string(Ljava/lang/String;)V", "num": 789, "sink_class": "Ljava/io/Writer;", "sink_method": "write(Ljava/lang/String;II)V", "sink_values": ["6.11.0"], "sources": ["UUID"], "returned_value": null}, {"smali_tag": "33281_789", "clss": "Lio/sentry/vendor/gson/stream/JsonWriter;", "method": "string(Ljava/lang/String;)V", "num": 789, "sink_class": "Ljava/io/Writer;", "sink_method": "write(Ljava/lang/String;II)V", "sink_values": ["maven:io.sentry:sentry-android-core"], "sources": ["UUID"], "returned_value": null}, {"smali_tag": "33281_789", "clss": "Lio/sentry/vendor/gson/stream/JsonWriter;", "method": "string(Ljava/lang/String;)V", "num": 789, "sink_class": "Ljava/io/Writer;", "sink_method": "write(Ljava/lang/String;II)V", "sink_values": ["6.11.0"], "sources": ["UUID"], "returned_value": null}, {"smali_tag": "33281_789", "clss": "Lio/sentry/vendor/gson/stream/JsonWriter;", "method": "string(Ljava/lang/String;)V", "num": 789, "sink_class": "Ljava/io/Writer;", "sink_method": "write(Ljava/lang/String;II)V", "sink_values": ["maven:io.sentry:sentry-android-ndk"], "sources": ["UUID"], "returned_value": null}, {"smali_tag": "33281_789", "clss": "Lio/sentry/vendor/gson/stream/JsonWriter;", "method": "string(Ljava/lang/String;)V", "num": 789, "sink_class": "Ljava/io/Writer;", "sink_method": "write(Ljava/lang/String;II)V", "sink_values": ["6.11.0"], "sources": ["UUID"], "returned_value": null}, {"smali_tag": "33281_789", "clss": "Lio/sentry/vendor/gson/stream/JsonWriter;", "method": "string(Ljava/lang/String;)V", "num": 789, "sink_class": "Ljava/io/Writer;", "sink_method": "write(Ljava/lang/String;II)V", "sink_values": ["application/json"], "sources": ["UUID"], "returned_value": null}, {"smali_tag": "33281_789", "clss": "Lio/sentry/vendor/gson/stream/JsonWriter;", "method": "string(Ljava/lang/String;)V", "num": 789, "sink_class": "Ljava/io/Writer;", "sink_method": "write(Ljava/lang/String;II)V", "sink_values": ["session"], "sources": ["UUID"], "returned_value": null}, {"smali_tag": "13924_781", "clss": "Lio/sentry/JsonSerializer;", "method": "serialize(Lio/sentry/SentryEnvelope;Ljava/io/OutputStream;)V", "num": 781, "sink_class": "Ljava/io/OutputStream;", "sink_method": "write([B)V", "sink_values": [[123, 34, 115, 105, 100, 34, 58, 34, 56, 101, 57, 97, 49, 99, 57, 98, 45, 49, 53, 51, 56, 45, 52, 57, 98, 98, 45, 57, 102, 56, 53, 45, 52, 99, 100, 97, 55, 50, 50, 50, 55, 98, 50, 57, 34, 44, 34, 100, 105, 100, 34, 58, 34, 54, 48, 57, 97, 52, 99, 55, 102, 45, 102, 48, 101, 57, 45, 52, 56, 50, 101, 45, 56, 50, 56, 55, 45, 100, 49, 50, 48, 97, 98, 57, 57, 98, 52, 97, 55, 34, 44, 34, 105, 110, 105, 116, 34, 58, 116, 114, 117, 101, 44, 34, 115, 116, 97, 114, 116, 101, 100, 34, 58, 34, 50, 48, 50, 51, 45, 49, 48, 45, 49, 51, 84, 48, 53, 58, 50, 56, 58, 51, 51, 46, 56, 54, 54, 90, 34, 44, 34, 115, 116, 97, 116, 117, 115, 34, 58, 34, 111, 107, 34, 44, 34, 101, 114, 114, 111, 114, 115, 34, 58, 48, 44, 34, 116, 105, 109, 101, 115, 116, 97, 109, 112, 34, 58, 34, 50, 48, 50, 51, 45, 49, 48, 45, 49, 51, 84, 48, 53, 58, 50, 56, 58, 51, 51, 46, 56, 54, 54, 90, 34, 44, 34, 97, 116, 116, 114, 115, 34, 58, 123, 34, 114, 101, 108, 101, 97, 115, 101, 34, 58, 34, 51, 46, 48, 46, 50, 34, 44, 34, 101, 110, 118, 105, 114, 111, 110, 109, 101, 110, 116, 34, 58, 34, 112, 114, 111, 100, 117, 99, 116, 105, 111, 110, 34, 125, 125]], "sources": ["UUID"], "returned_value": null}]