project.emulator.get_num_leaks() = 2
Sources
[{'clss': 'Lcom/unity3d/services/identifiers/installationid/b;', 'method': 'a()V', 'name': ['UUID'], 'num': 147, 'source_class': 'Ljava/util/UUID;', 'source_method': 'toString()Ljava/lang/String;'},
 {'clss': 'Lcom/tradplus/ads/base/common/TPDataManager;', 'method': '<init>()V', 'name': ['UUID'], 'num': 337, 'source_class': 'Ljava/util/UUID;', 'source_method': 'toString()Ljava/lang/String;'},
 {'clss': 'Lcom/tradplus/ads/base/common/TPDataManager;',
  'method': '<init>()V',
  'name': ['UUID'],
  'num': 343,
  'source_class': 'Ljava/lang/StringBuilder;',
  'source_method': 'toString()Ljava/lang/String;'},
 {'clss': 'Lcom/tradplus/ads/base/common/SPUtil;',
  'method': 'putString(Landroid/content/Context;Ljava/lang/String;Ljava/lang/String;Ljava/lang/String;)V',
  'name': ['UUID'],
  'num': 425,
  'source_class': 'Ljava/lang/String;',
  'source_method': 'valueOf(Ljava/lang/Object;)Ljava/lang/String;'},
 {'clss': 'Lcom/tradplus/ads/base/network/TPAdUrlGenerator;',
  'method': 'getParamData()Ljava/lang/String;',
  'name': ['UUID'],
  'num': 972,
  'source_class': 'Ljava/net/URLEncoder;',
  'source_method': 'encode(Ljava/lang/String;Ljava/lang/String;)Ljava/lang/String;'},
 {'clss': 'Lcom/tradplus/ads/base/network/TPAdUrlGenerator;',
  'method': 'getParamData()Ljava/lang/String;',
  'name': ['UUID'],
  'num': 995,
  'source_class': 'Ljava/lang/StringBuilder;',
  'source_method': 'toString()Ljava/lang/String;'},
 {'clss': 'Lcom/tradplus/ads/base/network/TPHttpBuilder;',
  'method': '<init>(Ljava/lang/String;Ljava/lang/String;Ljava/lang/String;Z)V',
  'name': ['UUID'],
  'num': 173,
  'source_class': 'Ljava/lang/StringBuilder;',
  'source_method': 'toString()Ljava/lang/String;'},
 {'clss': 'Lcom/tradplus/ads/base/network/TPHttpGetRequest;',
  'method': 'generateURL()Ljava/lang/String;',
  'name': ['UUID'],
  'num': 71,
  'source_class': 'Ljava/lang/StringBuilder;',
  'source_method': 'toString()Ljava/lang/String;'},
 {'clss': 'Lcom/tradplus/ads/base/network/TPHttpGetRequest;',
  'method': 'generateURL()Ljava/lang/String;',
  'name': ['UUID'],
  'num': 83,
  'source_class': 'Ljava/lang/StringBuilder;',
  'source_method': 'toString()Ljava/lang/String;'},
 {'clss': 'Lcom/tradplus/ads/base/network/TPHttpGetRequest;',
  'method': 'generateURL()Ljava/lang/String;',
  'name': ['UUID'],
  'num': 87,
  'source_class': 'Ljava/lang/String;',
  'source_method': 'valueOf(Ljava/lang/Object;)Ljava/lang/String;'},
 {'clss': 'Lcom/tradplus/ads/base/network/TPHttpGetRequest;',
  'method': 'generateURL()Ljava/lang/String;',
  'name': ['UUID'],
  'num': 93,
  'source_class': 'Ljava/lang/String;',
  'source_method': 'concat(Ljava/lang/String;)Ljava/lang/String;'},
 {'clss': 'Lcom/applovin/impl/sdk/utils/d;',
  'method': 'd(Landroid/content/Context;)Lcom/applovin/impl/sdk/utils/d$a;',
  'name': ['AAID'],
  'num': 362,
  'source_class': 'Lcom/google/android/gms/ads/identifier/AdvertisingIdClient$Info;',
  'source_method': 'getId()Ljava/lang/String;'},
 {'clss': 'Lcom/tradplus/ads/base/network/TPAdUrlGenerator;',
  'method': 'getParamData()Ljava/lang/String;',
  'name': ['UUID'],
  'num': 995,
  'source_class': 'Ljava/lang/StringBuilder;',
  'source_method': 'toString()Ljava/lang/String;'},
 {'clss': 'Lcom/tradplus/ads/base/network/TPHttpBuilder;',
  'method': '<init>(Ljava/lang/String;Ljava/lang/String;Ljava/lang/String;Z)V',
  'name': ['UUID'],
  'num': 173,
  'source_class': 'Ljava/lang/StringBuilder;',
  'source_method': 'toString()Ljava/lang/String;'},
 {'clss': 'Lcom/tradplus/ads/base/network/TPHttpGetRequest;',
  'method': 'generateURL()Ljava/lang/String;',
  'name': ['UUID'],
  'num': 71,
  'source_class': 'Ljava/lang/StringBuilder;',
  'source_method': 'toString()Ljava/lang/String;'},
 {'clss': 'Lcom/tradplus/ads/base/network/TPHttpGetRequest;',
  'method': 'generateURL()Ljava/lang/String;',
  'name': ['UUID'],
  'num': 83,
  'source_class': 'Ljava/lang/StringBuilder;',
  'source_method': 'toString()Ljava/lang/String;'},
 {'clss': 'Lcom/tradplus/ads/base/network/TPHttpGetRequest;',
  'method': 'generateURL()Ljava/lang/String;',
  'name': ['UUID'],
  'num': 87,
  'source_class': 'Ljava/lang/String;',
  'source_method': 'valueOf(Ljava/lang/Object;)Ljava/lang/String;'},
 {'clss': 'Lcom/tradplus/ads/base/network/TPHttpGetRequest;',
  'method': 'generateURL()Ljava/lang/String;',
  'name': ['UUID'],
  'num': 93,
  'source_class': 'Ljava/lang/String;',
  'source_method': 'concat(Ljava/lang/String;)Ljava/lang/String;'},
 {'clss': 'Lcom/tradplus/ads/common/AdvertisingIdClient$AdvertisingInterface;',
  'method': 'getId()Ljava/lang/String;',
  'name': ['AAID'],
  'num': 69,
  'source_class': 'Landroid/os/Parcel;',
  'source_method': 'readString()Ljava/lang/String;'},
 {'clss': 'Lcom/tradplus/ads/base/common/TPDataCenter$3;',
  'method': 'run()V',
  'name': ['AAID'],
  'num': 117,
  'source_class': 'Ljava/lang/String;',
  'source_method': 'valueOf(Ljava/lang/Object;)Ljava/lang/String;'},
 {'clss': 'Lcom/tradplus/ads/base/common/TPDataCenter$3;',
  'method': 'run()V',
  'name': ['AAID'],
  'num': 121,
  'source_class': 'Ljava/lang/String;',
  'source_method': 'concat(Ljava/lang/String;)Ljava/lang/String;'},
 {'clss': 'Lcom/tradplus/ads/pushcenter/reqeust/BaseRequest;',
  'method': 'initBaseRequest(Landroid/content/Context;Ljava/lang/String;)V',
  'name': ['UUID'],
  'num': 691,
  'source_class': 'Ljava/util/UUID;',
  'source_method': 'toString()Ljava/lang/String;'},
 {'clss': 'Lcom/tradplus/ads/pushcenter/reqeust/BaseRequest;',
  'method': 'initBaseRequest(Landroid/content/Context;Ljava/lang/String;)V',
  'name': ['UUID'],
  'num': 691,
  'source_class': 'Ljava/util/UUID;',
  'source_method': 'toString()Ljava/lang/String;'},
 {'clss': 'Lcom/tradplus/ads/base/network/TPAdUrlGenerator;',
  'method': 'getParamData()Ljava/lang/String;',
  'name': ['UUID'],
  'num': 995,
  'source_class': 'Ljava/lang/StringBuilder;',
  'source_method': 'toString()Ljava/lang/String;'},
 {'clss': 'Lcom/tradplus/ads/base/network/TPHttpBuilder;',
  'method': '<init>(Ljava/lang/String;Ljava/lang/String;Ljava/lang/String;Z)V',
  'name': ['UUID'],
  'num': 173,
  'source_class': 'Ljava/lang/StringBuilder;',
  'source_method': 'toString()Ljava/lang/String;'},
 {'clss': 'Lcom/tradplus/ads/base/network/TPHttpGetRequest;',
  'method': 'generateURL()Ljava/lang/String;',
  'name': ['UUID'],
  'num': 71,
  'source_class': 'Ljava/lang/StringBuilder;',
  'source_method': 'toString()Ljava/lang/String;'},
 {'clss': 'Lcom/tradplus/ads/base/network/TPHttpGetRequest;',
  'method': 'generateURL()Ljava/lang/String;',
  'name': ['UUID'],
  'num': 83,
  'source_class': 'Ljava/lang/StringBuilder;',
  'source_method': 'toString()Ljava/lang/String;'},
 {'clss': 'Lcom/tradplus/ads/base/network/TPHttpGetRequest;',
  'method': 'generateURL()Ljava/lang/String;',
  'name': ['UUID'],
  'num': 87,
  'source_class': 'Ljava/lang/String;',
  'source_method': 'valueOf(Ljava/lang/Object;)Ljava/lang/String;'},
 {'clss': 'Lcom/tradplus/ads/base/network/TPHttpGetRequest;',
  'method': 'generateURL()Ljava/lang/String;',
  'name': ['UUID'],
  'num': 93,
  'source_class': 'Ljava/lang/String;',
  'source_method': 'concat(Ljava/lang/String;)Ljava/lang/String;'},
 {'clss': 'Lcom/tradplus/ads/core/track/LoadLifecycleCallback;',
  'method': '<init>(Ljava/lang/String;Lcom/tradplus/ads/core/track/LoadAdListener;)V',
  'name': ['UUID'],
  'num': 46,
  'source_class': 'Ljava/util/UUID;',
  'source_method': 'toString()Ljava/lang/String;'},
 {'clss': 'Lcom/tradplus/ads/pushcenter/reqeust/BaseRequest;',
  'method': 'initBaseRequest(Landroid/content/Context;Ljava/lang/String;)V',
  'name': ['UUID'],
  'num': 691,
  'source_class': 'Ljava/util/UUID;',
  'source_method': 'toString()Ljava/lang/String;'},
 {'clss': 'Lcom/tradplus/ads/pushcenter/reqeust/BaseRequest;',
  'method': 'initBaseRequest(Landroid/content/Context;Ljava/lang/String;)V',
  'name': ['UUID'],
  'num': 691,
  'source_class': 'Ljava/util/UUID;',
  'source_method': 'toString()Ljava/lang/String;'},
 {'clss': 'Lcom/tradplus/ads/base/network/TPAdUrlGenerator;',
  'method': 'getParamData()Ljava/lang/String;',
  'name': ['UUID'],
  'num': 995,
  'source_class': 'Ljava/lang/StringBuilder;',
  'source_method': 'toString()Ljava/lang/String;'},
 {'clss': 'Lcom/tradplus/ads/base/network/TPHttpBuilder;',
  'method': '<init>(Ljava/lang/String;Ljava/lang/String;Ljava/lang/String;Z)V',
  'name': ['UUID'],
  'num': 173,
  'source_class': 'Ljava/lang/StringBuilder;',
  'source_method': 'toString()Ljava/lang/String;'},
 {'clss': 'Lcom/tradplus/ads/base/network/TPHttpGetRequest;',
  'method': 'generateURL()Ljava/lang/String;',
  'name': ['UUID'],
  'num': 71,
  'source_class': 'Ljava/lang/StringBuilder;',
  'source_method': 'toString()Ljava/lang/String;'},
 {'clss': 'Lcom/tradplus/ads/base/network/TPHttpGetRequest;',
  'method': 'generateURL()Ljava/lang/String;',
  'name': ['UUID'],
  'num': 83,
  'source_class': 'Ljava/lang/StringBuilder;',
  'source_method': 'toString()Ljava/lang/String;'},
 {'clss': 'Lcom/tradplus/ads/base/network/TPHttpGetRequest;',
  'method': 'generateURL()Ljava/lang/String;',
  'name': ['UUID'],
  'num': 87,
  'source_class': 'Ljava/lang/String;',
  'source_method': 'valueOf(Ljava/lang/Object;)Ljava/lang/String;'},
 {'clss': 'Lcom/tradplus/ads/base/network/TPHttpGetRequest;',
  'method': 'generateURL()Ljava/lang/String;',
  'name': ['UUID'],
  'num': 93,
  'source_class': 'Ljava/lang/String;',
  'source_method': 'concat(Ljava/lang/String;)Ljava/lang/String;'},
 {'clss': 'Lcom/tradplus/ads/pushcenter/http/PushCenterHttpUtils;',
  'method': 'pushSingleMessage(Ljava/lang/String;Ljava/lang/Object;Lcom/tradplus/ads/pushcenter/http/Listener;)V',
  'name': ['UUID'],
  'num': 325,
  'source_class': 'Ljava/lang/StringBuilder;',
  'source_method': 'toString()Ljava/lang/String;'},
 {'clss': 'Lcom/tradplus/ads/base/network/TPHttpBuilder;',
  'method': '<init>(Ljava/lang/String;Ljava/lang/String;Ljava/lang/String;Z)V',
  'name': ['UUID'],
  'num': 173,
  'source_class': 'Ljava/lang/StringBuilder;',
  'source_method': 'toString()Ljava/lang/String;'},
 {'clss': 'Lcom/tradplus/ads/pushcenter/http/PushCenterHttpUtils;',
  'method': 'pushSingleMessage(Ljava/lang/String;Ljava/lang/Object;Lcom/tradplus/ads/pushcenter/http/Listener;)V',
  'name': ['UUID'],
  'num': 325,
  'source_class': 'Ljava/lang/StringBuilder;',
  'source_method': 'toString()Ljava/lang/String;'},
 {'clss': 'Lcom/tradplus/ads/base/network/TPHttpBuilder;',
  'method': '<init>(Ljava/lang/String;Ljava/lang/String;Ljava/lang/String;Z)V',
  'name': ['UUID'],
  'num': 173,
  'source_class': 'Ljava/lang/StringBuilder;',
  'source_method': 'toString()Ljava/lang/String;'},
 {'clss': 'Lcom/tradplus/ads/common/AdvertisingIdClient$AdvertisingInterface;',
  'method': 'getId()Ljava/lang/String;',
  'name': ['AAID'],
  'num': 69,
  'source_class': 'Landroid/os/Parcel;',
  'source_method': 'readString()Ljava/lang/String;'},
 {'clss': 'Lcom/tradplus/ads/base/common/SPUtil;',
  'method': 'putString(Landroid/content/Context;Ljava/lang/String;Ljava/lang/String;Ljava/lang/String;)V',
  'name': ['AAID'],
  'num': 425,
  'source_class': 'Ljava/lang/String;',
  'source_method': 'valueOf(Ljava/lang/Object;)Ljava/lang/String;'},
 {'clss': 'Lcom/tradplus/ads/pushcenter/reqeust/BaseRequest;',
  'method': 'initBaseRequest(Landroid/content/Context;Ljava/lang/String;)V',
  'name': ['UUID'],
  'num': 691,
  'source_class': 'Ljava/util/UUID;',
  'source_method': 'toString()Ljava/lang/String;'},
 {'clss': 'Lcom/tradplus/ads/common/util/CustomLogUtils;',
  'method': 'log(Lcom/tradplus/ads/common/util/CustomLogUtils$TradPlusLog;Ljava/lang/String;)V',
  'name': ['AAID'],
  'num': 184,
  'source_class': 'Ljava/lang/StringBuilder;',
  'source_method': 'toString()Ljava/lang/String;'},
 {'clss': 'Lcom/tradplus/ads/common/util/CustomLogUtils;',
  'method': 'log(Lcom/tradplus/ads/common/util/CustomLogUtils$TradPlusLog;Ljava/lang/String;)V',
  'name': ['UUID'],
  'num': 184,
  'source_class': 'Ljava/lang/StringBuilder;',
  'source_method': 'toString()Ljava/lang/String;'},
 {'clss': 'Lcom/tradplus/ads/base/db/StoreManager;',
  'method': 'saveEvent(Lcom/tradplus/ads/pushcenter/reqeust/BaseRequest;)V',
  'name': ['UUID'],
  'num': 1652,
  'source_class': 'Ljava/util/UUID;',
  'source_method': 'toString()Ljava/lang/String;'},
 {'clss': 'Lcom/tradplus/ads/core/track/LoadLifecycleCallback;',
  'method': '<init>(Ljava/lang/String;Lcom/tradplus/ads/core/track/LoadAdListener;)V',
  'name': ['UUID'],
  'num': 46,
  'source_class': 'Ljava/util/UUID;',
  'source_method': 'toString()Ljava/lang/String;'},
 {'clss': 'Lcom/tradplus/ads/pushcenter/reqeust/BaseRequest;',
  'method': 'initBaseRequest(Landroid/content/Context;Ljava/lang/String;)V',
  'name': ['UUID'],
  'num': 691,
  'source_class': 'Ljava/util/UUID;',
  'source_method': 'toString()Ljava/lang/String;'},
 {'clss': 'Lcom/tradplus/ads/common/serialization/JSON;',
  'method': 'toJSONString(Ljava/lang/Object;Lcom/tradplus/ads/common/serialization/serializer/SerializeConfig;[Lcom/tradplus/ads/common/serialization/serializer/SerializeFilter;Ljava/lang/String;I[Lcom/tradplus/ads/common/serialization/serializer/SerializerFeature;)Ljava/lang/String;',
  'name': ['AAID'],
  'num': 3062,
  'source_class': 'Lcom/tradplus/ads/common/serialization/serializer/SerializeWriter;',
  'source_method': 'toString()Ljava/lang/String;'},
 {'clss': 'Lcom/tradplus/ads/base/db/StoreManager;',
  'method': 'saveEvent(Lcom/tradplus/ads/pushcenter/reqeust/BaseRequest;)V',
  'name': ['UUID'],
  'num': 1652,
  'source_class': 'Ljava/util/UUID;',
  'source_method': 'toString()Ljava/lang/String;'},
 {'clss': 'Lcom/tradplus/ads/common/serialization/JSON;',
  'method': 'toJSONString(Ljava/lang/Object;Lcom/tradplus/ads/common/serialization/serializer/SerializeConfig;[Lcom/tradplus/ads/common/serialization/serializer/SerializeFilter;Ljava/lang/String;I[Lcom/tradplus/ads/common/serialization/serializer/SerializerFeature;)Ljava/lang/String;',
  'name': ['AAID'],
  'num': 3062,
  'source_class': 'Lcom/tradplus/ads/common/serialization/serializer/SerializeWriter;',
  'source_method': 'toString()Ljava/lang/String;'},
 {'clss': 'Lcom/tradplus/ads/base/db/dao/EventDao;',
  'method': 'parseCursor(Landroid/database/Cursor;)Lcom/tradplus/ads/base/db/entity/Event;',
  'name': ['UUID'],
  'num': 278,
  'source_class': 'Landroid/database/Cursor;',
  'source_method': 'getString(I)Ljava/lang/String;'},
 {'clss': 'Lcom/tradplus/ads/base/db/dao/EventDao;',
  'method': 'parseCursor(Landroid/database/Cursor;)Lcom/tradplus/ads/base/db/entity/Event;',
  'name': ['UUID'],
  'num': 314,
  'source_class': 'Landroid/database/Cursor;',
  'source_method': 'getString(I)Ljava/lang/String;'},
 {'clss': 'Lcom/tradplus/ads/base/db/dao/EventDao;',
  'method': 'parseCursor(Landroid/database/Cursor;)Lcom/tradplus/ads/base/db/entity/Event;',
  'name': ['UUID'],
  'num': 278,
  'source_class': 'Landroid/database/Cursor;',
  'source_method': 'getString(I)Ljava/lang/String;'},
 {'clss': 'Lcom/tradplus/ads/base/db/dao/EventDao;',
  'method': 'parseCursor(Landroid/database/Cursor;)Lcom/tradplus/ads/base/db/entity/Event;',
  'name': ['AAID', 'UUID'],
  'num': 314,
  'source_class': 'Landroid/database/Cursor;',
  'source_method': 'getString(I)Ljava/lang/String;'},
 {'clss': 'Lcom/tradplus/ads/base/db/entity/Event;', 'method': 'getContent()Ljava/lang/String;', 'name': ['AAID'], 'num': 24, 'source_class': None, 'source_method': None},
 {'clss': 'Lcom/tradplus/ads/base/db/StoreManager;',
  'method': 'getEvent(I)Landroid/util/Pair;',
  'name': ['UUID'],
  'num': 263,
  'source_class': 'Lcom/tradplus/ads/base/db/entity/Event;',
  'source_method': 'getContent()Ljava/lang/String;'},
 {'clss': 'Lcom/tradplus/ads/pushcenter/http/PushCenterHttpUtils;',
  'method': 'addTimeDiff(Ljava/lang/String;)Ljava/lang/String;',
  'name': ['UUID'],
  'num': 59,
  'source_class': 'Lorg/json/JSONObject;',
  'source_method': 'toString()Ljava/lang/String;'},
 {'clss': 'Lcom/tradplus/ads/pushcenter/http/PushCenterHttpUtils;',
  'method': 'addTimeDiff(Ljava/lang/String;)Ljava/lang/String;',
  'name': ['AAID', 'UUID'],
  'num': 59,
  'source_class': 'Lorg/json/JSONObject;',
  'source_method': 'toString()Ljava/lang/String;'},
 {'clss': 'Lcom/tradplus/ads/pushcenter/http/PushCenterHttpUtils;',
  'method': 'pushMessageArray(Ljava/lang/String;[Ljava/lang/String;Lcom/tradplus/ads/pushcenter/http/Listener;)V',
  'name': ['AAID', 'UUID'],
  'num': 250,
  'source_class': 'Ljava/lang/StringBuilder;',
  'source_method': 'toString()Ljava/lang/String;'},
 {'clss': 'Lcom/tradplus/ads/pushcenter/http/PushCenterHttpUtils;',
  'method': 'pushMessageArray(Ljava/lang/String;[Ljava/lang/String;Lcom/tradplus/ads/pushcenter/http/Listener;)V',
  'name': ['AAID', 'UUID'],
  'num': 254,
  'source_class': 'Ljava/lang/String;',
  'source_method': 'valueOf(Ljava/lang/Object;)Ljava/lang/String;'},
 {'clss': 'Lcom/tradplus/ads/pushcenter/http/PushCenterHttpUtils;',
  'method': 'pushMessageArray(Ljava/lang/String;[Ljava/lang/String;Lcom/tradplus/ads/pushcenter/http/Listener;)V',
  'name': ['AAID', 'UUID'],
  'num': 260,
  'source_class': 'Ljava/lang/String;',
  'source_method': 'concat(Ljava/lang/String;)Ljava/lang/String;'},
 {'clss': 'Lcom/tradplus/ads/base/network/TPHttpBuilder;',
  'method': '<init>(Ljava/lang/String;Ljava/lang/String;Ljava/lang/String;Z)V',
  'name': ['AAID', 'UUID'],
  'num': 173,
  'source_class': 'Ljava/lang/StringBuilder;',
  'source_method': 'toString()Ljava/lang/String;'},
 {'clss': 'Lcom/tradplus/ads/common/serialization/JSON;',
  'method': 'toJSONString(Ljava/lang/Object;Lcom/tradplus/ads/common/serialization/serializer/SerializeConfig;[Lcom/tradplus/ads/common/serialization/serializer/SerializeFilter;Ljava/lang/String;I[Lcom/tradplus/ads/common/serialization/serializer/SerializerFeature;)Ljava/lang/String;',
  'name': ['AAID'],
  'num': 3062,
  'source_class': 'Lcom/tradplus/ads/common/serialization/serializer/SerializeWriter;',
  'source_method': 'toString()Ljava/lang/String;'},
 {'clss': 'Lcom/tradplus/ads/base/db/StoreManager;',
  'method': 'saveEvent(Lcom/tradplus/ads/pushcenter/reqeust/BaseRequest;)V',
  'name': ['UUID'],
  'num': 1652,
  'source_class': 'Ljava/util/UUID;',
  'source_method': 'toString()Ljava/lang/String;'},
 {'clss': 'Lcom/tradplus/ads/common/serialization/JSON;',
  'method': 'toJSONString(Ljava/lang/Object;Lcom/tradplus/ads/common/serialization/serializer/SerializeConfig;[Lcom/tradplus/ads/common/serialization/serializer/SerializeFilter;Ljava/lang/String;I[Lcom/tradplus/ads/common/serialization/serializer/SerializerFeature;)Ljava/lang/String;',
  'name': ['AAID'],
  'num': 3062,
  'source_class': 'Lcom/tradplus/ads/common/serialization/serializer/SerializeWriter;',
  'source_method': 'toString()Ljava/lang/String;'},
 {'clss': 'Lcom/tradplus/ads/base/db/dao/EventDao;',
  'method': 'parseCursor(Landroid/database/Cursor;)Lcom/tradplus/ads/base/db/entity/Event;',
  'name': ['UUID'],
  'num': 278,
  'source_class': 'Landroid/database/Cursor;',
  'source_method': 'getString(I)Ljava/lang/String;'},
 {'clss': 'Lcom/tradplus/ads/base/db/dao/EventDao;',
  'method': 'parseCursor(Landroid/database/Cursor;)Lcom/tradplus/ads/base/db/entity/Event;',
  'name': ['AAID', 'UUID'],
  'num': 314,
  'source_class': 'Landroid/database/Cursor;',
  'source_method': 'getString(I)Ljava/lang/String;'},
 {'clss': 'Lcom/tradplus/ads/pushcenter/http/PushCenterHttpUtils;',
  'method': 'addTimeDiff(Ljava/lang/String;)Ljava/lang/String;',
  'name': ['AAID', 'UUID'],
  'num': 59,
  'source_class': 'Lorg/json/JSONObject;',
  'source_method': 'toString()Ljava/lang/String;'},
 {'clss': 'Lcom/tradplus/ads/pushcenter/http/PushCenterHttpUtils;',
  'method': 'pushMessageArray(Ljava/lang/String;[Ljava/lang/String;Lcom/tradplus/ads/pushcenter/http/Listener;)V',
  'name': ['AAID', 'UUID'],
  'num': 250,
  'source_class': 'Ljava/lang/StringBuilder;',
  'source_method': 'toString()Ljava/lang/String;'},
 {'clss': 'Lcom/tradplus/ads/pushcenter/http/PushCenterHttpUtils;',
  'method': 'pushMessageArray(Ljava/lang/String;[Ljava/lang/String;Lcom/tradplus/ads/pushcenter/http/Listener;)V',
  'name': ['AAID', 'UUID'],
  'num': 254,
  'source_class': 'Ljava/lang/String;',
  'source_method': 'valueOf(Ljava/lang/Object;)Ljava/lang/String;'},
 {'clss': 'Lcom/tradplus/ads/pushcenter/http/PushCenterHttpUtils;',
  'method': 'pushMessageArray(Ljava/lang/String;[Ljava/lang/String;Lcom/tradplus/ads/pushcenter/http/Listener;)V',
  'name': ['AAID', 'UUID'],
  'num': 260,
  'source_class': 'Ljava/lang/String;',
  'source_method': 'concat(Ljava/lang/String;)Ljava/lang/String;'},
 {'clss': 'Lcom/tradplus/ads/base/network/TPHttpBuilder;',
  'method': '<init>(Ljava/lang/String;Ljava/lang/String;Ljava/lang/String;Z)V',
  'name': ['AAID', 'UUID'],
  'num': 173,
  'source_class': 'Ljava/lang/StringBuilder;',
  'source_method': 'toString()Ljava/lang/String;'},
 {'clss': 'Lcom/tradplus/ads/core/track/LoadLifecycleCallback;',
  'method': '<init>(Ljava/lang/String;Lcom/tradplus/ads/core/track/LoadAdListener;)V',
  'name': ['UUID'],
  'num': 46,
  'source_class': 'Ljava/util/UUID;',
  'source_method': 'toString()Ljava/lang/String;'},
 {'clss': 'Lcom/tradplus/ads/pushcenter/reqeust/BaseRequest;',
  'method': 'initBaseRequest(Landroid/content/Context;Ljava/lang/String;)V',
  'name': ['UUID'],
  'num': 691,
  'source_class': 'Ljava/util/UUID;',
  'source_method': 'toString()Ljava/lang/String;'},
 {'clss': 'Lcom/tradplus/ads/pushcenter/reqeust/BaseRequest;',
  'method': 'initBaseRequest(Landroid/content/Context;Ljava/lang/String;)V',
  'name': ['UUID'],
  'num': 691,
  'source_class': 'Ljava/util/UUID;',
  'source_method': 'toString()Ljava/lang/String;'},
 {'clss': 'Lcom/tradplus/ads/base/network/TPAdUrlGenerator;',
  'method': 'getParamData()Ljava/lang/String;',
  'name': ['AAID'],
  'num': 972,
  'source_class': 'Ljava/net/URLEncoder;',
  'source_method': 'encode(Ljava/lang/String;Ljava/lang/String;)Ljava/lang/String;'},
 {'clss': 'Lcom/tradplus/ads/base/network/TPAdUrlGenerator;',
  'method': 'getParamData()Ljava/lang/String;',
  'name': ['AAID'],
  'num': 960,
  'source_class': 'Ljava/util/Map;',
  'source_method': 'get(Ljava/lang/Object;)Ljava/lang/Object;'},
 {'clss': 'Lcom/tradplus/ads/base/network/TPAdUrlGenerator;',
  'method': 'getParamData()Ljava/lang/String;',
  'name': ['AAID'],
  'num': 972,
  'source_class': 'Ljava/net/URLEncoder;',
  'source_method': 'encode(Ljava/lang/String;Ljava/lang/String;)Ljava/lang/String;'},
 {'clss': 'Lcom/tradplus/ads/base/network/TPAdUrlGenerator;',
  'method': 'getParamData()Ljava/lang/String;',
  'name': ['AAID'],
  'num': 960,
  'source_class': 'Ljava/util/Map;',
  'source_method': 'get(Ljava/lang/Object;)Ljava/lang/Object;'},
 {'clss': 'Lcom/tradplus/ads/base/network/TPAdUrlGenerator;',
  'method': 'getParamData()Ljava/lang/String;',
  'name': ['AAID'],
  'num': 972,
  'source_class': 'Ljava/net/URLEncoder;',
  'source_method': 'encode(Ljava/lang/String;Ljava/lang/String;)Ljava/lang/String;'},
 {'clss': 'Lcom/tradplus/ads/base/network/TPAdUrlGenerator;',
  'method': 'getParamData()Ljava/lang/String;',
  'name': ['AAID', 'UUID'],
  'num': 995,
  'source_class': 'Ljava/lang/StringBuilder;',
  'source_method': 'toString()Ljava/lang/String;'},
 {'clss': 'Lcom/tradplus/ads/base/network/TPHttpBuilder;',
  'method': '<init>(Ljava/lang/String;Ljava/lang/String;Ljava/lang/String;Z)V',
  'name': ['AAID', 'UUID'],
  'num': 173,
  'source_class': 'Ljava/lang/StringBuilder;',
  'source_method': 'toString()Ljava/lang/String;'}]
Sinks
[{"smali_tag": "24339_119", "clss": "Lcom/tradplus/ads/base/network/BaseHttpRequest;", "method": "requestWithUrl(Ljava/lang/String;)V", "num": 119, "sink_class": "Ljava/net/URL;", "sink_method": "<init>(Ljava/lang/String;)V", "sink_values": ["https"], "sources": ["UUID"], "returned_value": null}, {"smali_tag": "24334_972", "clss": "Lcom/tradplus/ads/base/network/TPAdUrlGenerator;", "method": "getParamData()Ljava/lang/String;", "num": 972, "sink_class": "Ljava/net/URLEncoder;", "sink_method": "encode(Ljava/lang/String;Ljava/lang/String;)Ljava/lang/String;", "sink_values": ["US"], "sources": ["UUID"], "returned_value": null}, {"smali_tag": "24334_972", "clss": "Lcom/tradplus/ads/base/network/TPAdUrlGenerator;", "method": "getParamData()Ljava/lang/String;", "num": 972, "sink_class": "Ljava/net/URLEncoder;", "sink_method": "encode(Ljava/lang/String;Ljava/lang/String;)Ljava/lang/String;", "sink_values": ["9.8.0.1"], "sources": ["UUID"], "returned_value": null}, {"smali_tag": "24334_972", "clss": "Lcom/tradplus/ads/base/network/TPAdUrlGenerator;", "method": "getParamData()Ljava/lang/String;", "num": 972, "sink_class": "Ljava/net/URLEncoder;", "sink_method": "encode(Ljava/lang/String;Ljava/lang/String;)Ljava/lang/String;", "sink_values": ["sdk_gphone_x86_64"], "sources": ["UUID"], "returned_value": null}, {"smali_tag": "24334_972", "clss": "Lcom/tradplus/ads/base/network/TPAdUrlGenerator;", "method": "getParamData()Ljava/lang/String;", "num": 972, "sink_class": "Ljava/net/URLEncoder;", "sink_method": "encode(Ljava/lang/String;Ljava/lang/String;)Ljava/lang/String;", "sink_values": ["1"], "sources": ["UUID"], "returned_value": null}, {"smali_tag": "24334_972", "clss": "Lcom/tradplus/ads/base/network/TPAdUrlGenerator;", "method": "getParamData()Ljava/lang/String;", "num": 972, "sink_class": "Ljava/net/URLEncoder;", "sink_method": "encode(Ljava/lang/String;Ljava/lang/String;)Ljava/lang/String;", "sink_values": ["1"], "sources": ["UUID"], "returned_value": null}, {"smali_tag": "24334_972", "clss": "Lcom/tradplus/ads/base/network/TPAdUrlGenerator;", "method": "getParamData()Ljava/lang/String;", "num": 972, "sink_class": "Ljava/net/URLEncoder;", "sink_method": "encode(Ljava/lang/String;Ljava/lang/String;)Ljava/lang/String;", "sink_values": ["com.tradplus.demo"], "sources": ["UUID"], "returned_value": null}, {"smali_tag": "24334_972", "clss": "Lcom/tradplus/ads/base/network/TPAdUrlGenerator;", "method": "getParamData()Ljava/lang/String;", "num": 972, "sink_class": "Ljava/net/URLEncoder;", "sink_method": "encode(Ljava/lang/String;Ljava/lang/String;)Ljava/lang/String;", "sink_values": ["google"], "sources": ["UUID"], "returned_value": null}, {"smali_tag": "24334_972", "clss": "Lcom/tradplus/ads/base/network/TPAdUrlGenerator;", "method": "getParamData()Ljava/lang/String;", "num": 972, "sink_class": "Ljava/net/URLEncoder;", "sink_method": "encode(Ljava/lang/String;Ljava/lang/String;)Ljava/lang/String;", "sink_values": ["UID-f7e9fb54-f98e-4db3-9ee7-101f38ba6277"], "sources": ["UUID"], "returned_value": null}, {"smali_tag": "24334_972", "clss": "Lcom/tradplus/ads/base/network/TPAdUrlGenerator;", "method": "getParamData()Ljava/lang/String;", "num": 972, "sink_class": "Ljava/net/URLEncoder;", "sink_method": "encode(Ljava/lang/String;Ljava/lang/String;)Ljava/lang/String;", "sink_values": ["UID-f7e9fb54-f98e-4db3-9ee7-101f38ba6277"], "sources": ["UUID"], "returned_value": null}, {"smali_tag": "24339_119", "clss": "Lcom/tradplus/ads/base/network/BaseHttpRequest;", "method": "requestWithUrl(Ljava/lang/String;)V", "num": 119, "sink_class": "Ljava/net/URL;", "sink_method": "<init>(Ljava/lang/String;)V", "sink_values": ["https"], "sources": ["UUID"], "returned_value": null}, {"smali_tag": "24334_972", "clss": "Lcom/tradplus/ads/base/network/TPAdUrlGenerator;", "method": "getParamData()Ljava/lang/String;", "num": 972, "sink_class": "Ljava/net/URLEncoder;", "sink_method": "encode(Ljava/lang/String;Ljava/lang/String;)Ljava/lang/String;", "sink_values": ["2"], "sources": ["UUID"], "returned_value": null}, {"smali_tag": "24334_972", "clss": "Lcom/tradplus/ads/base/network/TPAdUrlGenerator;", "method": "getParamData()Ljava/lang/String;", "num": 972, "sink_class": "Ljava/net/URLEncoder;", "sink_method": "encode(Ljava/lang/String;Ljava/lang/String;)Ljava/lang/String;", "sink_values": ["197363560"], "sources": ["UUID"], "returned_value": null}, {"smali_tag": "24334_972", "clss": "Lcom/tradplus/ads/base/network/TPAdUrlGenerator;", "method": "getParamData()Ljava/lang/String;", "num": 972, "sink_class": "Ljava/net/URLEncoder;", "sink_method": "encode(Ljava/lang/String;Ljava/lang/String;)Ljava/lang/String;", "sink_values": ["US"], "sources": ["UUID"], "returned_value": null}, {"smali_tag": "24334_972", "clss": "Lcom/tradplus/ads/base/network/TPAdUrlGenerator;", "method": "getParamData()Ljava/lang/String;", "num": 972, "sink_class": "Ljava/net/URLEncoder;", "sink_method": "encode(Ljava/lang/String;Ljava/lang/String;)Ljava/lang/String;", "sink_values": ["9.8.0.1"], "sources": ["UUID"], "returned_value": null}, {"smali_tag": "24334_972", "clss": "Lcom/tradplus/ads/base/network/TPAdUrlGenerator;", "method": "getParamData()Ljava/lang/String;", "num": 972, "sink_class": "Ljava/net/URLEncoder;", "sink_method": "encode(Ljava/lang/String;Ljava/lang/String;)Ljava/lang/String;", "sink_values": ["en"], "sources": ["UUID"], "returned_value": null}, {"smali_tag": "24334_972", "clss": "Lcom/tradplus/ads/base/network/TPAdUrlGenerator;", "method": "getParamData()Ljava/lang/String;", "num": 972, "sink_class": "Ljava/net/URLEncoder;", "sink_method": "encode(Ljava/lang/String;Ljava/lang/String;)Ljava/lang/String;", "sink_values": ["com.tradplus.demo"], "sources": ["UUID"], "returned_value": null}, {"smali_tag": "24334_972", "clss": "Lcom/tradplus/ads/base/network/TPAdUrlGenerator;", "method": "getParamData()Ljava/lang/String;", "num": 972, "sink_class": "Ljava/net/URLEncoder;", "sink_method": "encode(Ljava/lang/String;Ljava/lang/String;)Ljava/lang/String;", "sink_values": ["UID-f7e9fb54-f98e-4db3-9ee7-101f38ba6277"], "sources": ["UUID"], "returned_value": null}, {"smali_tag": "24334_972", "clss": "Lcom/tradplus/ads/base/network/TPAdUrlGenerator;", "method": "getParamData()Ljava/lang/String;", "num": 972, "sink_class": "Ljava/net/URLEncoder;", "sink_method": "encode(Ljava/lang/String;Ljava/lang/String;)Ljava/lang/String;", "sink_values": ["UID-f7e9fb54-f98e-4db3-9ee7-101f38ba6277"], "sources": ["UUID"], "returned_value": null}, {"smali_tag": "24339_119", "clss": "Lcom/tradplus/ads/base/network/BaseHttpRequest;", "method": "requestWithUrl(Ljava/lang/String;)V", "num": 119, "sink_class": "Ljava/net/URL;", "sink_method": "<init>(Ljava/lang/String;)V", "sink_values": ["https"], "sources": ["UUID"], "returned_value": null}, {"smali_tag": "24334_972", "clss": "Lcom/tradplus/ads/base/network/TPAdUrlGenerator;", "method": "getParamData()Ljava/lang/String;", "num": 972, "sink_class": "Ljava/net/URLEncoder;", "sink_method": "encode(Ljava/lang/String;Ljava/lang/String;)Ljava/lang/String;", "sink_values": ["12D9EA6DAFDBA492C8C922B5F0EBA908"], "sources": ["UUID"], "returned_value": null}, {"smali_tag": "24334_972", "clss": "Lcom/tradplus/ads/base/network/TPAdUrlGenerator;", "method": "getParamData()Ljava/lang/String;", "num": 972, "sink_class": "Ljava/net/URLEncoder;", "sink_method": "encode(Ljava/lang/String;Ljava/lang/String;)Ljava/lang/String;", "sink_values": ["US"], "sources": ["UUID"], "returned_value": null}, {"smali_tag": "24334_972", "clss": "Lcom/tradplus/ads/base/network/TPAdUrlGenerator;", "method": "getParamData()Ljava/lang/String;", "num": 972, "sink_class": "Ljava/net/URLEncoder;", "sink_method": "encode(Ljava/lang/String;Ljava/lang/String;)Ljava/lang/String;", "sink_values": ["9.8.0.1"], "sources": ["UUID"], "returned_value": null}, {"smali_tag": "24334_972", "clss": "Lcom/tradplus/ads/base/network/TPAdUrlGenerator;", "method": "getParamData()Ljava/lang/String;", "num": 972, "sink_class": "Ljava/net/URLEncoder;", "sink_method": "encode(Ljava/lang/String;Ljava/lang/String;)Ljava/lang/String;", "sink_values": ["1"], "sources": ["UUID"], "returned_value": null}, {"smali_tag": "24334_972", "clss": "Lcom/tradplus/ads/base/network/TPAdUrlGenerator;", "method": "getParamData()Ljava/lang/String;", "num": 972, "sink_class": "Ljava/net/URLEncoder;", "sink_method": "encode(Ljava/lang/String;Ljava/lang/String;)Ljava/lang/String;", "sink_values": ["2"], "sources": ["UUID"], "returned_value": null}, {"smali_tag": "24334_972", "clss": "Lcom/tradplus/ads/base/network/TPAdUrlGenerator;", "method": "getParamData()Ljava/lang/String;", "num": 972, "sink_class": "Ljava/net/URLEncoder;", "sink_method": "encode(Ljava/lang/String;Ljava/lang/String;)Ljava/lang/String;", "sink_values": ["1"], "sources": ["UUID"], "returned_value": null}, {"smali_tag": "24334_972", "clss": "Lcom/tradplus/ads/base/network/TPAdUrlGenerator;", "method": "getParamData()Ljava/lang/String;", "num": 972, "sink_class": "Ljava/net/URLEncoder;", "sink_method": "encode(Ljava/lang/String;Ljava/lang/String;)Ljava/lang/String;", "sink_values": ["1696850181"], "sources": ["UUID"], "returned_value": null}, {"smali_tag": "24334_972", "clss": "Lcom/tradplus/ads/base/network/TPAdUrlGenerator;", "method": "getParamData()Ljava/lang/String;", "num": 972, "sink_class": "Ljava/net/URLEncoder;", "sink_method": "encode(Ljava/lang/String;Ljava/lang/String;)Ljava/lang/String;", "sink_values": ["en"], "sources": ["UUID"], "returned_value": null}, {"smali_tag": "24334_972", "clss": "Lcom/tradplus/ads/base/network/TPAdUrlGenerator;", "method": "getParamData()Ljava/lang/String;", "num": 972, "sink_class": "Ljava/net/URLEncoder;", "sink_method": "encode(Ljava/lang/String;Ljava/lang/String;)Ljava/lang/String;", "sink_values": ["com.tradplus.demo"], "sources": ["UUID"], "returned_value": null}, {"smali_tag": "24334_972", "clss": "Lcom/tradplus/ads/base/network/TPAdUrlGenerator;", "method": "getParamData()Ljava/lang/String;", "num": 972, "sink_class": "Ljava/net/URLEncoder;", "sink_method": "encode(Ljava/lang/String;Ljava/lang/String;)Ljava/lang/String;", "sink_values": ["44273068BFF4D8A8AFF3D5B11CBA3ADE"], "sources": ["UUID"], "returned_value": null}, {"smali_tag": "24334_972", "clss": "Lcom/tradplus/ads/base/network/TPAdUrlGenerator;", "method": "getParamData()Ljava/lang/String;", "num": 972, "sink_class": "Ljava/net/URLEncoder;", "sink_method": "encode(Ljava/lang/String;Ljava/lang/String;)Ljava/lang/String;", "sink_values": ["9.8.0.1"], "sources": ["UUID"], "returned_value": null}, {"smali_tag": "24334_972", "clss": "Lcom/tradplus/ads/base/network/TPAdUrlGenerator;", "method": "getParamData()Ljava/lang/String;", "num": 972, "sink_class": "Ljava/net/URLEncoder;", "sink_method": "encode(Ljava/lang/String;Ljava/lang/String;)Ljava/lang/String;", "sink_values": ["UID-f7e9fb54-f98e-4db3-9ee7-101f38ba6277"], "sources": ["UUID"], "returned_value": null}, {"smali_tag": "24334_972", "clss": "Lcom/tradplus/ads/base/network/TPAdUrlGenerator;", "method": "getParamData()Ljava/lang/String;", "num": 972, "sink_class": "Ljava/net/URLEncoder;", "sink_method": "encode(Ljava/lang/String;Ljava/lang/String;)Ljava/lang/String;", "sink_values": ["13"], "sources": ["UUID"], "returned_value": null}, {"smali_tag": "24334_972", "clss": "Lcom/tradplus/ads/base/network/TPAdUrlGenerator;", "method": "getParamData()Ljava/lang/String;", "num": 972, "sink_class": "Ljava/net/URLEncoder;", "sink_method": "encode(Ljava/lang/String;Ljava/lang/String;)Ljava/lang/String;", "sink_values": ["UID-f7e9fb54-f98e-4db3-9ee7-101f38ba6277"], "sources": ["UUID"], "returned_value": null}, {"smali_tag": "24339_119", "clss": "Lcom/tradplus/ads/base/network/BaseHttpRequest;", "method": "requestWithUrl(Ljava/lang/String;)V", "num": 119, "sink_class": "Ljava/net/URL;", "sink_method": "<init>(Ljava/lang/String;)V", "sink_values": ["https"], "sources": ["UUID"], "returned_value": null}, {"smali_tag": "24339_119", "clss": "Lcom/tradplus/ads/base/network/BaseHttpRequest;", "method": "requestWithUrl(Ljava/lang/String;)V", "num": 119, "sink_class": "Ljava/net/URL;", "sink_method": "<init>(Ljava/lang/String;)V", "sink_values": ["https"], "sources": ["UUID"], "returned_value": null}, {"smali_tag": "24339_119", "clss": "Lcom/tradplus/ads/base/network/BaseHttpRequest;", "method": "requestWithUrl(Ljava/lang/String;)V", "num": 119, "sink_class": "Ljava/net/URL;", "sink_method": "<init>(Ljava/lang/String;)V", "sink_values": ["https"], "sources": ["UUID"], "returned_value": null}, {"smali_tag": "24339_119", "clss": "Lcom/tradplus/ads/base/network/BaseHttpRequest;", "method": "requestWithUrl(Ljava/lang/String;)V", "num": 119, "sink_class": "Ljava/net/URL;", "sink_method": "<init>(Ljava/lang/String;)V", "sink_values": ["https"], "sources": ["UUID"], "returned_value": null}, {"smali_tag": "24339_119", "clss": "Lcom/tradplus/ads/base/network/BaseHttpRequest;", "method": "requestWithUrl(Ljava/lang/String;)V", "num": 119, "sink_class": "Ljava/net/URL;", "sink_method": "<init>(Ljava/lang/String;)V", "sink_values": ["https"], "sources": ["UUID"], "returned_value": null}, {"smali_tag": "24334_972", "clss": "Lcom/tradplus/ads/base/network/TPAdUrlGenerator;", "method": "getParamData()Ljava/lang/String;", "num": 972, "sink_class": "Ljava/net/URLEncoder;", "sink_method": "encode(Ljava/lang/String;Ljava/lang/String;)Ljava/lang/String;", "sink_values": ["229705296"], "sources": ["UUID"], "returned_value": null}, {"smali_tag": "24334_972", "clss": "Lcom/tradplus/ads/base/network/TPAdUrlGenerator;", "method": "getParamData()Ljava/lang/String;", "num": 972, "sink_class": "Ljava/net/URLEncoder;", "sink_method": "encode(Ljava/lang/String;Ljava/lang/String;)Ljava/lang/String;", "sink_values": ["US"], "sources": ["UUID"], "returned_value": null}, {"smali_tag": "24334_972", "clss": "Lcom/tradplus/ads/base/network/TPAdUrlGenerator;", "method": "getParamData()Ljava/lang/String;", "num": 972, "sink_class": "Ljava/net/URLEncoder;", "sink_method": "encode(Ljava/lang/String;Ljava/lang/String;)Ljava/lang/String;", "sink_values": ["9.8.0.1"], "sources": ["UUID"], "returned_value": null}, {"smali_tag": "24334_972", "clss": "Lcom/tradplus/ads/base/network/TPAdUrlGenerator;", "method": "getParamData()Ljava/lang/String;", "num": 972, "sink_class": "Ljava/net/URLEncoder;", "sink_method": "encode(Ljava/lang/String;Ljava/lang/String;)Ljava/lang/String;", "sink_values": ["1"], "sources": ["UUID"], "returned_value": null}, {"smali_tag": "24334_972", "clss": "Lcom/tradplus/ads/base/network/TPAdUrlGenerator;", "method": "getParamData()Ljava/lang/String;", "num": 972, "sink_class": "Ljava/net/URLEncoder;", "sink_method": "encode(Ljava/lang/String;Ljava/lang/String;)Ljava/lang/String;", "sink_values": ["4a16ccc6-e9d6-4d9a-885a-6259b15a2aed"], "sources": ["UUID"], "returned_value": null}, {"smali_tag": "24334_972", "clss": "Lcom/tradplus/ads/base/network/TPAdUrlGenerator;", "method": "getParamData()Ljava/lang/String;", "num": 972, "sink_class": "Ljava/net/URLEncoder;", "sink_method": "encode(Ljava/lang/String;Ljava/lang/String;)Ljava/lang/String;", "sink_values": ["2"], "sources": ["UUID"], "returned_value": null}, {"smali_tag": "24334_972", "clss": "Lcom/tradplus/ads/base/network/TPAdUrlGenerator;", "method": "getParamData()Ljava/lang/String;", "num": 972, "sink_class": "Ljava/net/URLEncoder;", "sink_method": "encode(Ljava/lang/String;Ljava/lang/String;)Ljava/lang/String;", "sink_values": ["1"], "sources": ["UUID"], "returned_value": null}, {"smali_tag": "24334_972", "clss": "Lcom/tradplus/ads/base/network/TPAdUrlGenerator;", "method": "getParamData()Ljava/lang/String;", "num": 972, "sink_class": "Ljava/net/URLEncoder;", "sink_method": "encode(Ljava/lang/String;Ljava/lang/String;)Ljava/lang/String;", "sink_values": ["1696850181"], "sources": ["UUID"], "returned_value": null}, {"smali_tag": "24334_972", "clss": "Lcom/tradplus/ads/base/network/TPAdUrlGenerator;", "method": "getParamData()Ljava/lang/String;", "num": 972, "sink_class": "Ljava/net/URLEncoder;", "sink_method": "encode(Ljava/lang/String;Ljava/lang/String;)Ljava/lang/String;", "sink_values": ["en"], "sources": ["UUID"], "returned_value": null}, {"smali_tag": "24334_972", "clss": "Lcom/tradplus/ads/base/network/TPAdUrlGenerator;", "method": "getParamData()Ljava/lang/String;", "num": 972, "sink_class": "Ljava/net/URLEncoder;", "sink_method": "encode(Ljava/lang/String;Ljava/lang/String;)Ljava/lang/String;", "sink_values": ["com.tradplus.demo"], "sources": ["UUID"], "returned_value": null}, {"smali_tag": "24334_972", "clss": "Lcom/tradplus/ads/base/network/TPAdUrlGenerator;", "method": "getParamData()Ljava/lang/String;", "num": 972, "sink_class": "Ljava/net/URLEncoder;", "sink_method": "encode(Ljava/lang/String;Ljava/lang/String;)Ljava/lang/String;", "sink_values": ["4a16ccc6-e9d6-4d9a-885a-6259b15a2aed"], "sources": ["UUID"], "returned_value": null}, {"smali_tag": "24334_972", "clss": "Lcom/tradplus/ads/base/network/TPAdUrlGenerator;", "method": "getParamData()Ljava/lang/String;", "num": 972, "sink_class": "Ljava/net/URLEncoder;", "sink_method": "encode(Ljava/lang/String;Ljava/lang/String;)Ljava/lang/String;", "sink_values": ["44273068BFF4D8A8AFF3D5B11CBA3ADE"], "sources": ["UUID"], "returned_value": null}, {"smali_tag": "24334_972", "clss": "Lcom/tradplus/ads/base/network/TPAdUrlGenerator;", "method": "getParamData()Ljava/lang/String;", "num": 972, "sink_class": "Ljava/net/URLEncoder;", "sink_method": "encode(Ljava/lang/String;Ljava/lang/String;)Ljava/lang/String;", "sink_values": ["9.8.0.1"], "sources": ["UUID"], "returned_value": null}, {"smali_tag": "24334_972", "clss": "Lcom/tradplus/ads/base/network/TPAdUrlGenerator;", "method": "getParamData()Ljava/lang/String;", "num": 972, "sink_class": "Ljava/net/URLEncoder;", "sink_method": "encode(Ljava/lang/String;Ljava/lang/String;)Ljava/lang/String;", "sink_values": ["UID-f7e9fb54-f98e-4db3-9ee7-101f38ba6277"], "sources": ["UUID"], "returned_value": null}, {"smali_tag": "24334_972", "clss": "Lcom/tradplus/ads/base/network/TPAdUrlGenerator;", "method": "getParamData()Ljava/lang/String;", "num": 972, "sink_class": "Ljava/net/URLEncoder;", "sink_method": "encode(Ljava/lang/String;Ljava/lang/String;)Ljava/lang/String;", "sink_values": ["13"], "sources": ["UUID"], "returned_value": null}, {"smali_tag": "24334_972", "clss": "Lcom/tradplus/ads/base/network/TPAdUrlGenerator;", "method": "getParamData()Ljava/lang/String;", "num": 972, "sink_class": "Ljava/net/URLEncoder;", "sink_method": "encode(Ljava/lang/String;Ljava/lang/String;)Ljava/lang/String;", "sink_values": ["UID-f7e9fb54-f98e-4db3-9ee7-101f38ba6277"], "sources": ["UUID"], "returned_value": null}]