project.emulator.get_num_leaks() = 6
Sources
[{'clss': 'Lcom/snowplowanalytics/core/utils/Util;',
  'method': 'uUIDString()Ljava/lang/String;',
  'name': ['UUID'],
  'num': 1362,
  'source_class': 'Ljava/util/UUID;',
  'source_method': 'toString()Ljava/lang/String;'},
 {'clss': 'Lcom/snowplowanalytics/core/utils/Util;',
  'method': 'uUIDString()Ljava/lang/String;',
  'name': ['UUID'],
  'num': 1362,
  'source_class': 'Ljava/util/UUID;',
  'source_method': 'toString()Ljava/lang/String;'},
 {'clss': 'Lcom/snowplowanalytics/core/session/Session$Companion;',
  'method': 'retrieveUserId(Landroid/content/Context;Lcom/snowplowanalytics/snowplow/tracker/SessionState;)Ljava/lang/String;',
  'name': ['UUID'],
  'num': 134,
  'source_class': 'Landroid/content/SharedPreferences;',
  'source_method': 'getString(Ljava/lang/String;Ljava/lang/String;)Ljava/lang/String;'},
 {'clss': 'Lcom/snowplowanalytics/core/tracker/Tracker;',
  'method': 'workaroundForIncoherentSessionContext(Lcom/snowplowanalytics/core/tracker/TrackerEvent;)V',
  'name': ['UUID'],
  'num': 1955,
  'source_class': 'Ljava/util/UUID;',
  'source_method': 'toString()Ljava/lang/String;'},
 {'clss': 'Lcom/snowplowanalytics/core/utils/Util;',
  'method': 'uUIDString()Ljava/lang/String;',
  'name': ['UUID'],
  'num': 1362,
  'source_class': 'Ljava/util/UUID;',
  'source_method': 'toString()Ljava/lang/String;'},
 {'clss': 'Lcom/snowplowanalytics/core/session/Session;',
  'method': 'storeSessionState(Lcom/snowplowanalytics/snowplow/tracker/SessionState;)V',
  'name': ['UUID'],
  'num': 927,
  'source_class': 'Lorg/json/JSONObject;',
  'source_method': 'toString()Ljava/lang/String;'},
 {'clss': 'Lcom/snowplowanalytics/core/utils/Util;',
  'method': 'uUIDString()Ljava/lang/String;',
  'name': ['UUID'],
  'num': 1362,
  'source_class': 'Ljava/util/UUID;',
  'source_method': 'toString()Ljava/lang/String;'},
 {'clss': 'Lcom/snowplowanalytics/core/utils/Util;',
  'method': 'uUIDString()Ljava/lang/String;',
  'name': ['UUID'],
  'num': 1362,
  'source_class': 'Ljava/util/UUID;',
  'source_method': 'toString()Ljava/lang/String;'},
 {'clss': 'Lcom/snowplowanalytics/core/tracker/Tracker;',
  'method': 'workaroundForIncoherentSessionContext(Lcom/snowplowanalytics/core/tracker/TrackerEvent;)V',
  'name': ['UUID'],
  'num': 1955,
  'source_class': 'Ljava/util/UUID;',
  'source_method': 'toString()Ljava/lang/String;'},
 {'clss': 'Lcom/snowplowanalytics/core/tracker/Tracker;',
  'method': 'addBasicPropertiesToPayload(Lcom/snowplowanalytics/snowplow/payload/Payload;Lcom/snowplowanalytics/core/tracker/TrackerEvent;)V',
  'name': ['UUID'],
  'num': 1092,
  'source_class': 'Ljava/util/UUID;',
  'source_method': 'toString()Ljava/lang/String;'},
 {'clss': 'Lcom/snowplowanalytics/core/tracker/Tracker;',
  'method': 'addBasicPropertiesToPayload(Lcom/snowplowanalytics/snowplow/payload/Payload;Lcom/snowplowanalytics/core/tracker/TrackerEvent;)V',
  'name': ['UUID'],
  'num': 1092,
  'source_class': 'Ljava/util/UUID;',
  'source_method': 'toString()Ljava/lang/String;'},
 {'clss': 'Lcom/snowplowanalytics/snowplow/payload/TrackerPayload;',
  'method': 'addMap(Ljava/util/Map;ZLjava/lang/String;Ljava/lang/String;)V',
  'name': ['UUID'],
  'num': 418,
  'source_class': 'Lorg/json/JSONObject;',
  'source_method': 'toString()Ljava/lang/String;'},
 {'clss': 'Lcom/snowplowanalytics/snowplow/payload/TrackerPayload;',
  'method': 'addMap(Ljava/util/Map;ZLjava/lang/String;Ljava/lang/String;)V',
  'name': ['UUID'],
  'num': 418,
  'source_class': 'Lorg/json/JSONObject;',
  'source_method': 'toString()Ljava/lang/String;'},
 {'clss': 'Lcom/snowplowanalytics/core/utils/Util;',
  'method': 'objectMapToString(Ljava/util/Map;)Ljava/util/Map;',
  'name': ['UUID'],
  'num': 1199,
  'source_class': 'Ljava/lang/Object;',
  'source_method': 'toString()Ljava/lang/String;'},
 {'clss': 'Lcom/snowplowanalytics/snowplow/payload/TrackerPayload;',
  'method': 'addMap(Ljava/util/Map;ZLjava/lang/String;Ljava/lang/String;)V',
  'name': ['UUID'],
  'num': 418,
  'source_class': 'Lorg/json/JSONObject;',
  'source_method': 'toString()Ljava/lang/String;'},
 {'clss': 'Lcom/snowplowanalytics/core/utils/Util;',
  'method': 'objectMapToString(Ljava/util/Map;)Ljava/util/Map;',
  'name': ['UUID'],
  'num': 1199,
  'source_class': 'Ljava/lang/Object;',
  'source_method': 'toString()Ljava/lang/String;'},
 {'clss': 'Lcom/snowplowanalytics/snowplow/payload/TrackerPayload;',
  'method': 'toString()Ljava/lang/String;',
  'name': ['UUID'],
  'num': 531,
  'source_class': 'Lorg/json/JSONObject;',
  'source_method': 'toString()Ljava/lang/String;'},
 {'clss': 'Lcom/snowplowanalytics/snowplow/payload/TrackerPayload;',
  'method': 'toString()Ljava/lang/String;',
  'name': ['UUID'],
  'num': 531,
  'source_class': 'Lorg/json/JSONObject;',
  'source_method': 'toString()Ljava/lang/String;'},
 {'clss': 'Lcom/snowplowanalytics/snowplow/payload/TrackerPayload;',
  'method': 'toString()Ljava/lang/String;',
  'name': ['UUID'],
  'num': 531,
  'source_class': 'Lorg/json/JSONObject;',
  'source_method': 'toString()Ljava/lang/String;'},
 {'clss': 'Lcom/snowplowanalytics/core/utils/Util;',
  'method': 'uUIDString()Ljava/lang/String;',
  'name': ['UUID'],
  'num': 1362,
  'source_class': 'Ljava/util/UUID;',
  'source_method': 'toString()Ljava/lang/String;'},
 {'clss': 'Lcom/snowplowanalytics/core/tracker/Tracker;',
  'method': 'workaroundForIncoherentSessionContext(Lcom/snowplowanalytics/core/tracker/TrackerEvent;)V',
  'name': ['UUID'],
  'num': 1955,
  'source_class': 'Ljava/util/UUID;',
  'source_method': 'toString()Ljava/lang/String;'},
 {'clss': 'Lcom/snowplowanalytics/core/tracker/Tracker;',
  'method': 'addBasicPropertiesToPayload(Lcom/snowplowanalytics/snowplow/payload/Payload;Lcom/snowplowanalytics/core/tracker/TrackerEvent;)V',
  'name': ['UUID'],
  'num': 1092,
  'source_class': 'Ljava/util/UUID;',
  'source_method': 'toString()Ljava/lang/String;'},
 {'clss': 'Lcom/snowplowanalytics/snowplow/payload/TrackerPayload;',
  'method': 'addMap(Ljava/util/Map;ZLjava/lang/String;Ljava/lang/String;)V',
  'name': ['UUID'],
  'num': 418,
  'source_class': 'Lorg/json/JSONObject;',
  'source_method': 'toString()Ljava/lang/String;'},
 {'clss': 'Lcom/snowplowanalytics/snowplow/payload/TrackerPayload;',
  'method': 'addMap(Ljava/util/Map;ZLjava/lang/String;Ljava/lang/String;)V',
  'name': ['UUID'],
  'num': 418,
  'source_class': 'Lorg/json/JSONObject;',
  'source_method': 'toString()Ljava/lang/String;'},
 {'clss': 'Lcom/snowplowanalytics/core/utils/Util;',
  'method': 'objectMapToString(Ljava/util/Map;)Ljava/util/Map;',
  'name': ['UUID'],
  'num': 1199,
  'source_class': 'Ljava/lang/Object;',
  'source_method': 'toString()Ljava/lang/String;'},
 {'clss': 'Lcom/snowplowanalytics/snowplow/payload/TrackerPayload;',
  'method': 'toString()Ljava/lang/String;',
  'name': ['UUID'],
  'num': 531,
  'source_class': 'Lorg/json/JSONObject;',
  'source_method': 'toString()Ljava/lang/String;'},
 {'clss': 'Lcom/snowplowanalytics/snowplow/payload/TrackerPayload;',
  'method': 'toString()Ljava/lang/String;',
  'name': ['UUID'],
  'num': 531,
  'source_class': 'Lorg/json/JSONObject;',
  'source_method': 'toString()Ljava/lang/String;'},
 {'clss': 'Lcom/snowplowanalytics/core/utils/Util;',
  'method': 'uUIDString()Ljava/lang/String;',
  'name': ['UUID'],
  'num': 1362,
  'source_class': 'Ljava/util/UUID;',
  'source_method': 'toString()Ljava/lang/String;'},
 {'clss': 'Lcom/snowplowanalytics/core/tracker/Tracker;',
  'method': 'workaroundForIncoherentSessionContext(Lcom/snowplowanalytics/core/tracker/TrackerEvent;)V',
  'name': ['UUID'],
  'num': 1955,
  'source_class': 'Ljava/util/UUID;',
  'source_method': 'toString()Ljava/lang/String;'},
 {'clss': 'Lcom/snowplowanalytics/core/tracker/Tracker;',
  'method': 'addBasicPropertiesToPayload(Lcom/snowplowanalytics/snowplow/payload/Payload;Lcom/snowplowanalytics/core/tracker/TrackerEvent;)V',
  'name': ['UUID'],
  'num': 1092,
  'source_class': 'Ljava/util/UUID;',
  'source_method': 'toString()Ljava/lang/String;'},
 {'clss': 'Lcom/snowplowanalytics/snowplow/payload/TrackerPayload;',
  'method': 'addMap(Ljava/util/Map;ZLjava/lang/String;Ljava/lang/String;)V',
  'name': ['UUID'],
  'num': 418,
  'source_class': 'Lorg/json/JSONObject;',
  'source_method': 'toString()Ljava/lang/String;'},
 {'clss': 'Lcom/snowplowanalytics/snowplow/payload/TrackerPayload;',
  'method': 'addMap(Ljava/util/Map;ZLjava/lang/String;Ljava/lang/String;)V',
  'name': ['UUID'],
  'num': 418,
  'source_class': 'Lorg/json/JSONObject;',
  'source_method': 'toString()Ljava/lang/String;'},
 {'clss': 'Lcom/snowplowanalytics/core/utils/Util;',
  'method': 'objectMapToString(Ljava/util/Map;)Ljava/util/Map;',
  'name': ['UUID'],
  'num': 1199,
  'source_class': 'Ljava/lang/Object;',
  'source_method': 'toString()Ljava/lang/String;'},
 {'clss': 'Lcom/snowplowanalytics/snowplow/payload/TrackerPayload;',
  'method': 'toString()Ljava/lang/String;',
  'name': ['UUID'],
  'num': 531,
  'source_class': 'Lorg/json/JSONObject;',
  'source_method': 'toString()Ljava/lang/String;'},
 {'clss': 'Lcom/snowplowanalytics/snowplow/payload/TrackerPayload;',
  'method': 'toString()Ljava/lang/String;',
  'name': ['UUID'],
  'num': 531,
  'source_class': 'Lorg/json/JSONObject;',
  'source_method': 'toString()Ljava/lang/String;'},
 {'clss': 'Lcom/snowplowanalytics/snowplow/payload/TrackerPayload;',
  'method': 'toString()Ljava/lang/String;',
  'name': ['UUID'],
  'num': 531,
  'source_class': 'Lorg/json/JSONObject;',
  'source_method': 'toString()Ljava/lang/String;'},
 {'clss': 'Lcom/snowplowanalytics/snowplow/payload/TrackerPayload;',
  'method': 'toString()Ljava/lang/String;',
  'name': ['UUID'],
  'num': 531,
  'source_class': 'Lorg/json/JSONObject;',
  'source_method': 'toString()Ljava/lang/String;'},
 {'clss': 'Lcom/snowplowanalytics/snowplow/payload/TrackerPayload;',
  'method': 'toString()Ljava/lang/String;',
  'name': ['UUID'],
  'num': 531,
  'source_class': 'Lorg/json/JSONObject;',
  'source_method': 'toString()Ljava/lang/String;'},
 {'clss': 'Lcom/snowplowanalytics/snowplow/payload/TrackerPayload;',
  'method': 'toString()Ljava/lang/String;',
  'name': ['UUID'],
  'num': 531,
  'source_class': 'Lorg/json/JSONObject;',
  'source_method': 'toString()Ljava/lang/String;'},
 {'clss': 'Lcom/snowplowanalytics/snowplow/payload/TrackerPayload;',
  'method': 'toString()Ljava/lang/String;',
  'name': ['UUID'],
  'num': 531,
  'source_class': 'Lorg/json/JSONObject;',
  'source_method': 'toString()Ljava/lang/String;'},
 {'clss': 'Lcom/snowplowanalytics/core/utils/Util;',
  'method': 'uUIDString()Ljava/lang/String;',
  'name': ['UUID'],
  'num': 1362,
  'source_class': 'Ljava/util/UUID;',
  'source_method': 'toString()Ljava/lang/String;'},
 {'clss': 'Lcom/snowplowanalytics/core/tracker/Tracker;',
  'method': 'workaroundForIncoherentSessionContext(Lcom/snowplowanalytics/core/tracker/TrackerEvent;)V',
  'name': ['UUID'],
  'num': 1955,
  'source_class': 'Ljava/util/UUID;',
  'source_method': 'toString()Ljava/lang/String;'},
 {'clss': 'Lcom/snowplowanalytics/core/tracker/Tracker;',
  'method': 'addBasicPropertiesToPayload(Lcom/snowplowanalytics/snowplow/payload/Payload;Lcom/snowplowanalytics/core/tracker/TrackerEvent;)V',
  'name': ['UUID'],
  'num': 1092,
  'source_class': 'Ljava/util/UUID;',
  'source_method': 'toString()Ljava/lang/String;'},
 {'clss': 'Lcom/snowplowanalytics/snowplow/payload/TrackerPayload;',
  'method': 'addMap(Ljava/util/Map;ZLjava/lang/String;Ljava/lang/String;)V',
  'name': ['UUID'],
  'num': 418,
  'source_class': 'Lorg/json/JSONObject;',
  'source_method': 'toString()Ljava/lang/String;'},
 {'clss': 'Lcom/snowplowanalytics/snowplow/payload/TrackerPayload;',
  'method': 'addMap(Ljava/util/Map;ZLjava/lang/String;Ljava/lang/String;)V',
  'name': ['UUID'],
  'num': 418,
  'source_class': 'Lorg/json/JSONObject;',
  'source_method': 'toString()Ljava/lang/String;'},
 {'clss': 'Lcom/snowplowanalytics/core/utils/Util;',
  'method': 'objectMapToString(Ljava/util/Map;)Ljava/util/Map;',
  'name': ['UUID'],
  'num': 1199,
  'source_class': 'Ljava/lang/Object;',
  'source_method': 'toString()Ljava/lang/String;'},
 {'clss': 'Lcom/snowplowanalytics/snowplow/payload/TrackerPayload;',
  'method': 'toString()Ljava/lang/String;',
  'name': ['UUID'],
  'num': 531,
  'source_class': 'Lorg/json/JSONObject;',
  'source_method': 'toString()Ljava/lang/String;'},
 {'clss': 'Lcom/snowplowanalytics/snowplow/payload/TrackerPayload;',
  'method': 'toString()Ljava/lang/String;',
  'name': ['UUID'],
  'num': 531,
  'source_class': 'Lorg/json/JSONObject;',
  'source_method': 'toString()Ljava/lang/String;'},
 {'clss': 'Lcom/snowplowanalytics/snowplow/payload/TrackerPayload;',
  'method': 'toString()Ljava/lang/String;',
  'name': ['UUID'],
  'num': 531,
  'source_class': 'Lorg/json/JSONObject;',
  'source_method': 'toString()Ljava/lang/String;'},
 {'clss': 'Lcom/snowplowanalytics/snowplow/payload/TrackerPayload;',
  'method': 'toString()Ljava/lang/String;',
  'name': ['UUID'],
  'num': 531,
  'source_class': 'Lorg/json/JSONObject;',
  'source_method': 'toString()Ljava/lang/String;'},
 {'clss': 'Lcom/snowplowanalytics/snowplow/payload/TrackerPayload;',
  'method': 'toString()Ljava/lang/String;',
  'name': ['UUID'],
  'num': 531,
  'source_class': 'Lorg/json/JSONObject;',
  'source_method': 'toString()Ljava/lang/String;'},
 {'clss': 'Lcom/snowplowanalytics/core/utils/Util;',
  'method': 'uUIDString()Ljava/lang/String;',
  'name': ['UUID'],
  'num': 1362,
  'source_class': 'Ljava/util/UUID;',
  'source_method': 'toString()Ljava/lang/String;'},
 {'clss': 'Lcom/snowplowanalytics/core/tracker/Tracker;',
  'method': 'workaroundForIncoherentSessionContext(Lcom/snowplowanalytics/core/tracker/TrackerEvent;)V',
  'name': ['UUID'],
  'num': 1955,
  'source_class': 'Ljava/util/UUID;',
  'source_method': 'toString()Ljava/lang/String;'},
 {'clss': 'Lcom/snowplowanalytics/core/tracker/Tracker;',
  'method': 'addBasicPropertiesToPayload(Lcom/snowplowanalytics/snowplow/payload/Payload;Lcom/snowplowanalytics/core/tracker/TrackerEvent;)V',
  'name': ['UUID'],
  'num': 1092,
  'source_class': 'Ljava/util/UUID;',
  'source_method': 'toString()Ljava/lang/String;'},
 {'clss': 'Lcom/snowplowanalytics/snowplow/payload/TrackerPayload;',
  'method': 'addMap(Ljava/util/Map;ZLjava/lang/String;Ljava/lang/String;)V',
  'name': ['UUID'],
  'num': 418,
  'source_class': 'Lorg/json/JSONObject;',
  'source_method': 'toString()Ljava/lang/String;'},
 {'clss': 'Lcom/snowplowanalytics/snowplow/payload/TrackerPayload;',
  'method': 'addMap(Ljava/util/Map;ZLjava/lang/String;Ljava/lang/String;)V',
  'name': ['UUID'],
  'num': 418,
  'source_class': 'Lorg/json/JSONObject;',
  'source_method': 'toString()Ljava/lang/String;'},
 {'clss': 'Lcom/snowplowanalytics/core/utils/Util;',
  'method': 'objectMapToString(Ljava/util/Map;)Ljava/util/Map;',
  'name': ['UUID'],
  'num': 1199,
  'source_class': 'Ljava/lang/Object;',
  'source_method': 'toString()Ljava/lang/String;'},
 {'clss': 'Lcom/snowplowanalytics/snowplow/payload/TrackerPayload;',
  'method': 'toString()Ljava/lang/String;',
  'name': ['UUID'],
  'num': 531,
  'source_class': 'Lorg/json/JSONObject;',
  'source_method': 'toString()Ljava/lang/String;'},
 {'clss': 'Lcom/snowplowanalytics/snowplow/payload/TrackerPayload;',
  'method': 'toString()Ljava/lang/String;',
  'name': ['UUID'],
  'num': 531,
  'source_class': 'Lorg/json/JSONObject;',
  'source_method': 'toString()Ljava/lang/String;'},
 {'clss': 'Lcom/snowplowanalytics/core/utils/Util;',
  'method': 'uUIDString()Ljava/lang/String;',
  'name': ['UUID'],
  'num': 1362,
  'source_class': 'Ljava/util/UUID;',
  'source_method': 'toString()Ljava/lang/String;'},
 {'clss': 'Lcom/snowplowanalytics/core/tracker/Tracker;',
  'method': 'workaroundForIncoherentSessionContext(Lcom/snowplowanalytics/core/tracker/TrackerEvent;)V',
  'name': ['UUID'],
  'num': 1955,
  'source_class': 'Ljava/util/UUID;',
  'source_method': 'toString()Ljava/lang/String;'},
 {'clss': 'Lcom/snowplowanalytics/core/tracker/Tracker;',
  'method': 'addBasicPropertiesToPayload(Lcom/snowplowanalytics/snowplow/payload/Payload;Lcom/snowplowanalytics/core/tracker/TrackerEvent;)V',
  'name': ['UUID'],
  'num': 1092,
  'source_class': 'Ljava/util/UUID;',
  'source_method': 'toString()Ljava/lang/String;'},
 {'clss': 'Lcom/snowplowanalytics/snowplow/payload/TrackerPayload;',
  'method': 'addMap(Ljava/util/Map;ZLjava/lang/String;Ljava/lang/String;)V',
  'name': ['UUID'],
  'num': 418,
  'source_class': 'Lorg/json/JSONObject;',
  'source_method': 'toString()Ljava/lang/String;'},
 {'clss': 'Lcom/snowplowanalytics/snowplow/payload/TrackerPayload;',
  'method': 'addMap(Ljava/util/Map;ZLjava/lang/String;Ljava/lang/String;)V',
  'name': ['UUID'],
  'num': 418,
  'source_class': 'Lorg/json/JSONObject;',
  'source_method': 'toString()Ljava/lang/String;'},
 {'clss': 'Lcom/snowplowanalytics/core/utils/Util;',
  'method': 'objectMapToString(Ljava/util/Map;)Ljava/util/Map;',
  'name': ['UUID'],
  'num': 1199,
  'source_class': 'Ljava/lang/Object;',
  'source_method': 'toString()Ljava/lang/String;'},
 {'clss': 'Lcom/snowplowanalytics/snowplow/payload/TrackerPayload;',
  'method': 'toString()Ljava/lang/String;',
  'name': ['UUID'],
  'num': 531,
  'source_class': 'Lorg/json/JSONObject;',
  'source_method': 'toString()Ljava/lang/String;'},
 {'clss': 'Lcom/snowplowanalytics/snowplow/payload/TrackerPayload;',
  'method': 'toString()Ljava/lang/String;',
  'name': ['UUID'],
  'num': 531,
  'source_class': 'Lorg/json/JSONObject;',
  'source_method': 'toString()Ljava/lang/String;'},
 {'clss': 'Lcom/snowplowanalytics/snowplow/payload/TrackerPayload;',
  'method': 'toString()Ljava/lang/String;',
  'name': ['UUID'],
  'num': 531,
  'source_class': 'Lorg/json/JSONObject;',
  'source_method': 'toString()Ljava/lang/String;'},
 {'clss': 'Lcom/snowplowanalytics/snowplow/payload/TrackerPayload;',
  'method': 'toString()Ljava/lang/String;',
  'name': ['UUID'],
  'num': 531,
  'source_class': 'Lorg/json/JSONObject;',
  'source_method': 'toString()Ljava/lang/String;'},
 {'clss': 'Lcom/snowplowanalytics/snowplow/payload/TrackerPayload;',
  'method': 'toString()Ljava/lang/String;',
  'name': ['UUID'],
  'num': 531,
  'source_class': 'Lorg/json/JSONObject;',
  'source_method': 'toString()Ljava/lang/String;'},
 {'clss': 'Lcom/snowplowanalytics/snowplow/payload/TrackerPayload;',
  'method': 'toString()Ljava/lang/String;',
  'name': ['UUID'],
  'num': 531,
  'source_class': 'Lorg/json/JSONObject;',
  'source_method': 'toString()Ljava/lang/String;'},
 {'clss': 'Lcom/snowplowanalytics/snowplow/payload/TrackerPayload;',
  'method': 'toString()Ljava/lang/String;',
  'name': ['UUID'],
  'num': 531,
  'source_class': 'Lorg/json/JSONObject;',
  'source_method': 'toString()Ljava/lang/String;'},
 {'clss': 'Lcom/snowplowanalytics/snowplow/payload/TrackerPayload;',
  'method': 'toString()Ljava/lang/String;',
  'name': ['UUID'],
  'num': 531,
  'source_class': 'Lorg/json/JSONObject;',
  'source_method': 'toString()Ljava/lang/String;'},
 {'clss': 'Lcom/snowplowanalytics/core/utils/Util;',
  'method': 'uUIDString()Ljava/lang/String;',
  'name': ['UUID'],
  'num': 1362,
  'source_class': 'Ljava/util/UUID;',
  'source_method': 'toString()Ljava/lang/String;'},
 {'clss': 'Lcom/snowplowanalytics/core/tracker/Tracker;',
  'method': 'workaroundForIncoherentSessionContext(Lcom/snowplowanalytics/core/tracker/TrackerEvent;)V',
  'name': ['UUID'],
  'num': 1955,
  'source_class': 'Ljava/util/UUID;',
  'source_method': 'toString()Ljava/lang/String;'},
 {'clss': 'Lcom/snowplowanalytics/core/tracker/Tracker;',
  'method': 'addBasicPropertiesToPayload(Lcom/snowplowanalytics/snowplow/payload/Payload;Lcom/snowplowanalytics/core/tracker/TrackerEvent;)V',
  'name': ['UUID'],
  'num': 1092,
  'source_class': 'Ljava/util/UUID;',
  'source_method': 'toString()Ljava/lang/String;'},
 {'clss': 'Lcom/snowplowanalytics/snowplow/payload/TrackerPayload;',
  'method': 'addMap(Ljava/util/Map;ZLjava/lang/String;Ljava/lang/String;)V',
  'name': ['UUID'],
  'num': 418,
  'source_class': 'Lorg/json/JSONObject;',
  'source_method': 'toString()Ljava/lang/String;'},
 {'clss': 'Lcom/snowplowanalytics/snowplow/payload/TrackerPayload;',
  'method': 'addMap(Ljava/util/Map;ZLjava/lang/String;Ljava/lang/String;)V',
  'name': ['UUID'],
  'num': 418,
  'source_class': 'Lorg/json/JSONObject;',
  'source_method': 'toString()Ljava/lang/String;'},
 {'clss': 'Lcom/snowplowanalytics/core/utils/Util;',
  'method': 'objectMapToString(Ljava/util/Map;)Ljava/util/Map;',
  'name': ['UUID'],
  'num': 1199,
  'source_class': 'Ljava/lang/Object;',
  'source_method': 'toString()Ljava/lang/String;'},
 {'clss': 'Lcom/snowplowanalytics/core/utils/Util;',
  'method': 'uUIDString()Ljava/lang/String;',
  'name': ['UUID'],
  'num': 1362,
  'source_class': 'Ljava/util/UUID;',
  'source_method': 'toString()Ljava/lang/String;'},
 {'clss': 'Lcom/snowplowanalytics/core/tracker/Tracker;',
  'method': 'workaroundForIncoherentSessionContext(Lcom/snowplowanalytics/core/tracker/TrackerEvent;)V',
  'name': ['UUID'],
  'num': 1955,
  'source_class': 'Ljava/util/UUID;',
  'source_method': 'toString()Ljava/lang/String;'},
 {'clss': 'Lcom/snowplowanalytics/core/tracker/Tracker;',
  'method': 'addBasicPropertiesToPayload(Lcom/snowplowanalytics/snowplow/payload/Payload;Lcom/snowplowanalytics/core/tracker/TrackerEvent;)V',
  'name': ['UUID'],
  'num': 1092,
  'source_class': 'Ljava/util/UUID;',
  'source_method': 'toString()Ljava/lang/String;'},
 {'clss': 'Lcom/snowplowanalytics/snowplow/payload/TrackerPayload;',
  'method': 'addMap(Ljava/util/Map;ZLjava/lang/String;Ljava/lang/String;)V',
  'name': ['UUID'],
  'num': 418,
  'source_class': 'Lorg/json/JSONObject;',
  'source_method': 'toString()Ljava/lang/String;'},
 {'clss': 'Lcom/snowplowanalytics/snowplow/payload/TrackerPayload;',
  'method': 'addMap(Ljava/util/Map;ZLjava/lang/String;Ljava/lang/String;)V',
  'name': ['UUID'],
  'num': 418,
  'source_class': 'Lorg/json/JSONObject;',
  'source_method': 'toString()Ljava/lang/String;'},
 {'clss': 'Lcom/snowplowanalytics/core/utils/Util;',
  'method': 'objectMapToString(Ljava/util/Map;)Ljava/util/Map;',
  'name': ['UUID'],
  'num': 1199,
  'source_class': 'Ljava/lang/Object;',
  'source_method': 'toString()Ljava/lang/String;'},
 {'clss': 'Lcom/snowplowanalytics/snowplow/payload/TrackerPayload;',
  'method': 'toString()Ljava/lang/String;',
  'name': ['UUID'],
  'num': 531,
  'source_class': 'Lorg/json/JSONObject;',
  'source_method': 'toString()Ljava/lang/String;'},
 {'clss': 'Lcom/snowplowanalytics/core/utils/Util;',
  'method': 'uUIDString()Ljava/lang/String;',
  'name': ['UUID'],
  'num': 1362,
  'source_class': 'Ljava/util/UUID;',
  'source_method': 'toString()Ljava/lang/String;'},
 {'clss': 'Lcom/snowplowanalytics/snowplow/payload/TrackerPayload;',
  'method': 'toString()Ljava/lang/String;',
  'name': ['UUID'],
  'num': 531,
  'source_class': 'Lorg/json/JSONObject;',
  'source_method': 'toString()Ljava/lang/String;'},
 {'clss': 'Lcom/snowplowanalytics/core/tracker/Tracker;',
  'method': 'workaroundForIncoherentSessionContext(Lcom/snowplowanalytics/core/tracker/TrackerEvent;)V',
  'name': ['UUID'],
  'num': 1955,
  'source_class': 'Ljava/util/UUID;',
  'source_method': 'toString()Ljava/lang/String;'},
 {'clss': 'Lcom/snowplowanalytics/core/tracker/Tracker;',
  'method': 'addBasicPropertiesToPayload(Lcom/snowplowanalytics/snowplow/payload/Payload;Lcom/snowplowanalytics/core/tracker/TrackerEvent;)V',
  'name': ['UUID'],
  'num': 1092,
  'source_class': 'Ljava/util/UUID;',
  'source_method': 'toString()Ljava/lang/String;'},
 {'clss': 'Lcom/snowplowanalytics/snowplow/payload/TrackerPayload;',
  'method': 'addMap(Ljava/util/Map;ZLjava/lang/String;Ljava/lang/String;)V',
  'name': ['UUID'],
  'num': 418,
  'source_class': 'Lorg/json/JSONObject;',
  'source_method': 'toString()Ljava/lang/String;'},
 {'clss': 'Lcom/snowplowanalytics/snowplow/payload/TrackerPayload;',
  'method': 'addMap(Ljava/util/Map;ZLjava/lang/String;Ljava/lang/String;)V',
  'name': ['UUID'],
  'num': 418,
  'source_class': 'Lorg/json/JSONObject;',
  'source_method': 'toString()Ljava/lang/String;'},
 {'clss': 'Lcom/snowplowanalytics/core/utils/Util;',
  'method': 'objectMapToString(Ljava/util/Map;)Ljava/util/Map;',
  'name': ['UUID'],
  'num': 1199,
  'source_class': 'Ljava/lang/Object;',
  'source_method': 'toString()Ljava/lang/String;'},
 {'clss': 'Lcom/snowplowanalytics/snowplow/payload/TrackerPayload;',
  'method': 'toString()Ljava/lang/String;',
  'name': ['UUID'],
  'num': 531,
  'source_class': 'Lorg/json/JSONObject;',
  'source_method': 'toString()Ljava/lang/String;'},
 {'clss': 'Lcom/snowplowanalytics/snowplow/payload/TrackerPayload;',
  'method': 'toString()Ljava/lang/String;',
  'name': ['UUID'],
  'num': 531,
  'source_class': 'Lorg/json/JSONObject;',
  'source_method': 'toString()Ljava/lang/String;'},
 {'clss': 'Lcom/snowplowanalytics/snowplow/payload/TrackerPayload;',
  'method': 'toString()Ljava/lang/String;',
  'name': ['UUID'],
  'num': 531,
  'source_class': 'Lorg/json/JSONObject;',
  'source_method': 'toString()Ljava/lang/String;'},
 {'clss': 'Lcom/snowplowanalytics/snowplow/payload/TrackerPayload;',
  'method': 'toString()Ljava/lang/String;',
  'name': ['UUID'],
  'num': 531,
  'source_class': 'Lorg/json/JSONObject;',
  'source_method': 'toString()Ljava/lang/String;'},
 {'clss': 'Lcom/snowplowanalytics/snowplow/payload/TrackerPayload;',
  'method': 'toString()Ljava/lang/String;',
  'name': ['UUID'],
  'num': 531,
  'source_class': 'Lorg/json/JSONObject;',
  'source_method': 'toString()Ljava/lang/String;'},
 {'clss': 'Lcom/snowplowanalytics/snowplow/payload/TrackerPayload;',
  'method': 'toString()Ljava/lang/String;',
  'name': ['UUID'],
  'num': 531,
  'source_class': 'Lorg/json/JSONObject;',
  'source_method': 'toString()Ljava/lang/String;'},
 {'clss': 'Lcom/snowplowanalytics/core/utils/Util;',
  'method': 'uUIDString()Ljava/lang/String;',
  'name': ['UUID'],
  'num': 1362,
  'source_class': 'Ljava/util/UUID;',
  'source_method': 'toString()Ljava/lang/String;'},
 {'clss': 'Lcom/snowplowanalytics/core/tracker/Tracker;',
  'method': 'workaroundForIncoherentSessionContext(Lcom/snowplowanalytics/core/tracker/TrackerEvent;)V',
  'name': ['UUID'],
  'num': 1955,
  'source_class': 'Ljava/util/UUID;',
  'source_method': 'toString()Ljava/lang/String;'},
 {'clss': 'Lcom/snowplowanalytics/core/tracker/Tracker;',
  'method': 'addBasicPropertiesToPayload(Lcom/snowplowanalytics/snowplow/payload/Payload;Lcom/snowplowanalytics/core/tracker/TrackerEvent;)V',
  'name': ['UUID'],
  'num': 1092,
  'source_class': 'Ljava/util/UUID;',
  'source_method': 'toString()Ljava/lang/String;'},
 {'clss': 'Lcom/snowplowanalytics/snowplow/payload/TrackerPayload;',
  'method': 'addMap(Ljava/util/Map;ZLjava/lang/String;Ljava/lang/String;)V',
  'name': ['UUID'],
  'num': 418,
  'source_class': 'Lorg/json/JSONObject;',
  'source_method': 'toString()Ljava/lang/String;'},
 {'clss': 'Lcom/snowplowanalytics/snowplow/payload/TrackerPayload;',
  'method': 'addMap(Ljava/util/Map;ZLjava/lang/String;Ljava/lang/String;)V',
  'name': ['UUID'],
  'num': 418,
  'source_class': 'Lorg/json/JSONObject;',
  'source_method': 'toString()Ljava/lang/String;'},
 {'clss': 'Lcom/snowplowanalytics/core/utils/Util;',
  'method': 'objectMapToString(Ljava/util/Map;)Ljava/util/Map;',
  'name': ['UUID'],
  'num': 1199,
  'source_class': 'Ljava/lang/Object;',
  'source_method': 'toString()Ljava/lang/String;'},
 {'clss': 'Lcom/snowplowanalytics/snowplow/payload/TrackerPayload;',
  'method': 'toString()Ljava/lang/String;',
  'name': ['UUID'],
  'num': 531,
  'source_class': 'Lorg/json/JSONObject;',
  'source_method': 'toString()Ljava/lang/String;'},
 {'clss': 'Lcom/snowplowanalytics/snowplow/payload/TrackerPayload;',
  'method': 'toString()Ljava/lang/String;',
  'name': ['UUID'],
  'num': 531,
  'source_class': 'Lorg/json/JSONObject;',
  'source_method': 'toString()Ljava/lang/String;'},
 {'clss': 'Lcom/snowplowanalytics/snowplow/payload/TrackerPayload;',
  'method': 'toString()Ljava/lang/String;',
  'name': ['UUID'],
  'num': 531,
  'source_class': 'Lorg/json/JSONObject;',
  'source_method': 'toString()Ljava/lang/String;'},
 {'clss': 'Lcom/snowplowanalytics/snowplow/payload/TrackerPayload;',
  'method': 'toString()Ljava/lang/String;',
  'name': ['UUID'],
  'num': 531,
  'source_class': 'Lorg/json/JSONObject;',
  'source_method': 'toString()Ljava/lang/String;'},
 {'clss': 'Lcom/snowplowanalytics/snowplow/payload/TrackerPayload;',
  'method': 'toString()Ljava/lang/String;',
  'name': ['UUID'],
  'num': 531,
  'source_class': 'Lorg/json/JSONObject;',
  'source_method': 'toString()Ljava/lang/String;'},
 {'clss': 'Lcom/snowplowanalytics/snowplow/payload/TrackerPayload;',
  'method': 'toString()Ljava/lang/String;',
  'name': ['UUID'],
  'num': 531,
  'source_class': 'Lorg/json/JSONObject;',
  'source_method': 'toString()Ljava/lang/String;'},
 {'clss': 'Lcom/snowplowanalytics/snowplow/payload/TrackerPayload;',
  'method': 'toString()Ljava/lang/String;',
  'name': ['UUID'],
  'num': 531,
  'source_class': 'Lorg/json/JSONObject;',
  'source_method': 'toString()Ljava/lang/String;'},
 {'clss': 'Lcom/snowplowanalytics/snowplow/payload/TrackerPayload;',
  'method': 'toString()Ljava/lang/String;',
  'name': ['UUID'],
  'num': 531,
  'source_class': 'Lorg/json/JSONObject;',
  'source_method': 'toString()Ljava/lang/String;'},
 {'clss': 'Lcom/snowplowanalytics/snowplow/payload/TrackerPayload;',
  'method': 'toString()Ljava/lang/String;',
  'name': ['UUID'],
  'num': 531,
  'source_class': 'Lorg/json/JSONObject;',
  'source_method': 'toString()Ljava/lang/String;'},
 {'clss': 'Lcom/snowplowanalytics/snowplow/payload/TrackerPayload;',
  'method': 'toString()Ljava/lang/String;',
  'name': ['UUID'],
  'num': 531,
  'source_class': 'Lorg/json/JSONObject;',
  'source_method': 'toString()Ljava/lang/String;'},
 {'clss': 'Lcom/snowplowanalytics/snowplow/payload/TrackerPayload;',
  'method': 'toString()Ljava/lang/String;',
  'name': ['UUID'],
  'num': 531,
  'source_class': 'Lorg/json/JSONObject;',
  'source_method': 'toString()Ljava/lang/String;'},
 {'clss': 'Lcom/snowplowanalytics/snowplow/payload/TrackerPayload;',
  'method': 'toString()Ljava/lang/String;',
  'name': ['UUID'],
  'num': 531,
  'source_class': 'Lorg/json/JSONObject;',
  'source_method': 'toString()Ljava/lang/String;'},
 {'clss': 'Lcom/snowplowanalytics/snowplow/payload/TrackerPayload;',
  'method': 'toString()Ljava/lang/String;',
  'name': ['UUID'],
  'num': 531,
  'source_class': 'Lorg/json/JSONObject;',
  'source_method': 'toString()Ljava/lang/String;'},
 {'clss': 'Lcom/snowplowanalytics/snowplow/payload/TrackerPayload;',
  'method': 'toString()Ljava/lang/String;',
  'name': ['UUID'],
  'num': 531,
  'source_class': 'Lorg/json/JSONObject;',
  'source_method': 'toString()Ljava/lang/String;'},
 {'clss': 'Lcom/snowplowanalytics/snowplow/payload/TrackerPayload;',
  'method': 'toString()Ljava/lang/String;',
  'name': ['UUID'],
  'num': 531,
  'source_class': 'Lorg/json/JSONObject;',
  'source_method': 'toString()Ljava/lang/String;'},
 {'clss': 'Lcom/snowplowanalytics/snowplow/payload/TrackerPayload;',
  'method': 'toString()Ljava/lang/String;',
  'name': ['UUID'],
  'num': 531,
  'source_class': 'Lorg/json/JSONObject;',
  'source_method': 'toString()Ljava/lang/String;'},
 {'clss': 'Lcom/snowplowanalytics/snowplow/payload/TrackerPayload;',
  'method': 'toString()Ljava/lang/String;',
  'name': ['UUID'],
  'num': 531,
  'source_class': 'Lorg/json/JSONObject;',
  'source_method': 'toString()Ljava/lang/String;'},
 {'clss': 'Lcom/snowplowanalytics/snowplow/payload/TrackerPayload;',
  'method': 'toString()Ljava/lang/String;',
  'name': ['UUID'],
  'num': 531,
  'source_class': 'Lorg/json/JSONObject;',
  'source_method': 'toString()Ljava/lang/String;'},
 {'clss': 'Lcom/snowplowanalytics/snowplow/payload/TrackerPayload;',
  'method': 'toString()Ljava/lang/String;',
  'name': ['UUID'],
  'num': 531,
  'source_class': 'Lorg/json/JSONObject;',
  'source_method': 'toString()Ljava/lang/String;'}]
Sinks
[{"smali_tag": "3318_249", "clss": "Lokhttp3/internal/http/BridgeInterceptor;", "method": "intercept(Lokhttp3/Interceptor$Chain;)Lokhttp3/Response;", "num": 249, "sink_class": "Lokhttp3/RequestBody;", "sink_method": "contentType()Lokhttp3/MediaType;", "sink_values": ["25644820"], "sources": ["UUID"], "returned_value": null}, {"smali_tag": "3318_266", "clss": "Lokhttp3/internal/http/BridgeInterceptor;", "method": "intercept(Lokhttp3/Interceptor$Chain;)Lokhttp3/Response;", "num": 266, "sink_class": "Lokhttp3/RequestBody;", "sink_method": "contentLength()J", "sink_values": ["25644820"], "sources": ["UUID"], "returned_value": null}, {"smali_tag": "3310_163", "clss": "Lokhttp3/internal/http/CallServerInterceptor;", "method": "intercept(Lokhttp3/Interceptor$Chain;)Lokhttp3/Response;", "num": 163, "sink_class": "Lokhttp3/RequestBody;", "sink_method": "isDuplex()Z", "sink_values": ["25644820"], "sources": ["UUID"], "returned_value": null}, {"smali_tag": "3187_312", "clss": "Lokhttp3/internal/connection/Exchange;", "method": "createRequestBody(Lokhttp3/Request;Z)Lokio/Sink;", "num": 312, "sink_class": "Lokhttp3/RequestBody;", "sink_method": "contentLength()J", "sink_values": ["25644820"], "sources": ["UUID"], "returned_value": null}, {"smali_tag": "3285_725", "clss": "Lokhttp3/internal/http1/Http1ExchangeCodec;", "method": "createRequestBody(Lokhttp3/Request;J)Lokio/Sink;", "num": 725, "sink_class": "Lokhttp3/RequestBody;", "sink_method": "isDuplex()Z", "sink_values": ["25644820"], "sources": ["UUID"], "returned_value": null}, {"smali_tag": "3310_237", "clss": "Lokhttp3/internal/http/CallServerInterceptor;", "method": "intercept(Lokhttp3/Interceptor$Chain;)Lokhttp3/Response;", "num": 237, "sink_class": "Lokhttp3/RequestBody;", "sink_method": "isDuplex()Z", "sink_values": ["25644820"], "sources": ["UUID"], "returned_value": null}, {"smali_tag": "3318_249", "clss": "Lokhttp3/internal/http/BridgeInterceptor;", "method": "intercept(Lokhttp3/Interceptor$Chain;)Lokhttp3/Response;", "num": 249, "sink_class": "Lokhttp3/RequestBody;", "sink_method": "contentType()Lokhttp3/MediaType;", "sink_values": ["201846289"], "sources": ["UUID"], "returned_value": null}, {"smali_tag": "3318_266", "clss": "Lokhttp3/internal/http/BridgeInterceptor;", "method": "intercept(Lokhttp3/Interceptor$Chain;)Lokhttp3/Response;", "num": 266, "sink_class": "Lokhttp3/RequestBody;", "sink_method": "contentLength()J", "sink_values": ["201846289"], "sources": ["UUID"], "returned_value": null}, {"smali_tag": "3318_249", "clss": "Lokhttp3/internal/http/BridgeInterceptor;", "method": "intercept(Lokhttp3/Interceptor$Chain;)Lokhttp3/Response;", "num": 249, "sink_class": "Lokhttp3/RequestBody;", "sink_method": "contentType()Lokhttp3/MediaType;", "sink_values": ["34004396"], "sources": ["UUID"], "returned_value": null}, {"smali_tag": "3318_266", "clss": "Lokhttp3/internal/http/BridgeInterceptor;", "method": "intercept(Lokhttp3/Interceptor$Chain;)Lokhttp3/Response;", "num": 266, "sink_class": "Lokhttp3/RequestBody;", "sink_method": "contentLength()J", "sink_values": ["34004396"], "sources": ["UUID"], "returned_value": null}, {"smali_tag": "3318_249", "clss": "Lokhttp3/internal/http/BridgeInterceptor;", "method": "intercept(Lokhttp3/Interceptor$Chain;)Lokhttp3/Response;", "num": 249, "sink_class": "Lokhttp3/RequestBody;", "sink_method": "contentType()Lokhttp3/MediaType;", "sink_values": ["43873650"], "sources": ["UUID"], "returned_value": null}, {"smali_tag": "3318_266", "clss": "Lokhttp3/internal/http/BridgeInterceptor;", "method": "intercept(Lokhttp3/Interceptor$Chain;)Lokhttp3/Response;", "num": 266, "sink_class": "Lokhttp3/RequestBody;", "sink_method": "contentLength()J", "sink_values": ["43873650"], "sources": ["UUID"], "returned_value": null}, {"smali_tag": "3310_163", "clss": "Lokhttp3/internal/http/CallServerInterceptor;", "method": "intercept(Lokhttp3/Interceptor$Chain;)Lokhttp3/Response;", "num": 163, "sink_class": "Lokhttp3/RequestBody;", "sink_method": "isDuplex()Z", "sink_values": ["34004396"], "sources": ["UUID"], "returned_value": null}, {"smali_tag": "3310_163", "clss": "Lokhttp3/internal/http/CallServerInterceptor;", "method": "intercept(Lokhttp3/Interceptor$Chain;)Lokhttp3/Response;", "num": 163, "sink_class": "Lokhttp3/RequestBody;", "sink_method": "isDuplex()Z", "sink_values": ["201846289"], "sources": ["UUID"], "returned_value": null}, {"smali_tag": "3310_163", "clss": "Lokhttp3/internal/http/CallServerInterceptor;", "method": "intercept(Lokhttp3/Interceptor$Chain;)Lokhttp3/Response;", "num": 163, "sink_class": "Lokhttp3/RequestBody;", "sink_method": "isDuplex()Z", "sink_values": ["43873650"], "sources": ["UUID"], "returned_value": null}, {"smali_tag": "3187_312", "clss": "Lokhttp3/internal/connection/Exchange;", "method": "createRequestBody(Lokhttp3/Request;Z)Lokio/Sink;", "num": 312, "sink_class": "Lokhttp3/RequestBody;", "sink_method": "contentLength()J", "sink_values": ["43873650"], "sources": ["UUID"], "returned_value": null}, {"smali_tag": "3187_312", "clss": "Lokhttp3/internal/connection/Exchange;", "method": "createRequestBody(Lokhttp3/Request;Z)Lokio/Sink;", "num": 312, "sink_class": "Lokhttp3/RequestBody;", "sink_method": "contentLength()J", "sink_values": ["34004396"], "sources": ["UUID"], "returned_value": null}, {"smali_tag": "3187_312", "clss": "Lokhttp3/internal/connection/Exchange;", "method": "createRequestBody(Lokhttp3/Request;Z)Lokio/Sink;", "num": 312, "sink_class": "Lokhttp3/RequestBody;", "sink_method": "contentLength()J", "sink_values": ["201846289"], "sources": ["UUID"], "returned_value": null}, {"smali_tag": "3285_725", "clss": "Lokhttp3/internal/http1/Http1ExchangeCodec;", "method": "createRequestBody(Lokhttp3/Request;J)Lokio/Sink;", "num": 725, "sink_class": "Lokhttp3/RequestBody;", "sink_method": "isDuplex()Z", "sink_values": ["43873650"], "sources": ["UUID"], "returned_value": null}, {"smali_tag": "3285_725", "clss": "Lokhttp3/internal/http1/Http1ExchangeCodec;", "method": "createRequestBody(Lokhttp3/Request;J)Lokio/Sink;", "num": 725, "sink_class": "Lokhttp3/RequestBody;", "sink_method": "isDuplex()Z", "sink_values": ["201846289"], "sources": ["UUID"], "returned_value": null}, {"smali_tag": "3285_725", "clss": "Lokhttp3/internal/http1/Http1ExchangeCodec;", "method": "createRequestBody(Lokhttp3/Request;J)Lokio/Sink;", "num": 725, "sink_class": "Lokhttp3/RequestBody;", "sink_method": "isDuplex()Z", "sink_values": ["34004396"], "sources": ["UUID"], "returned_value": null}, {"smali_tag": "3310_237", "clss": "Lokhttp3/internal/http/CallServerInterceptor;", "method": "intercept(Lokhttp3/Interceptor$Chain;)Lokhttp3/Response;", "num": 237, "sink_class": "Lokhttp3/RequestBody;", "sink_method": "isDuplex()Z", "sink_values": ["43873650"], "sources": ["UUID"], "returned_value": null}, {"smali_tag": "3310_237", "clss": "Lokhttp3/internal/http/CallServerInterceptor;", "method": "intercept(Lokhttp3/Interceptor$Chain;)Lokhttp3/Response;", "num": 237, "sink_class": "Lokhttp3/RequestBody;", "sink_method": "isDuplex()Z", "sink_values": ["34004396"], "sources": ["UUID"], "returned_value": null}, {"smali_tag": "3310_237", "clss": "Lokhttp3/internal/http/CallServerInterceptor;", "method": "intercept(Lokhttp3/Interceptor$Chain;)Lokhttp3/Response;", "num": 237, "sink_class": "Lokhttp3/RequestBody;", "sink_method": "isDuplex()Z", "sink_values": ["201846289"], "sources": ["UUID"], "returned_value": null}, {"smali_tag": "3318_249", "clss": "Lokhttp3/internal/http/BridgeInterceptor;", "method": "intercept(Lokhttp3/Interceptor$Chain;)Lokhttp3/Response;", "num": 249, "sink_class": "Lokhttp3/RequestBody;", "sink_method": "contentType()Lokhttp3/MediaType;", "sink_values": ["204909779"], "sources": ["UUID"], "returned_value": null}, {"smali_tag": "3318_266", "clss": "Lokhttp3/internal/http/BridgeInterceptor;", "method": "intercept(Lokhttp3/Interceptor$Chain;)Lokhttp3/Response;", "num": 266, "sink_class": "Lokhttp3/RequestBody;", "sink_method": "contentLength()J", "sink_values": ["204909779"], "sources": ["UUID"], "returned_value": null}, {"smali_tag": "3318_249", "clss": "Lokhttp3/internal/http/BridgeInterceptor;", "method": "intercept(Lokhttp3/Interceptor$Chain;)Lokhttp3/Response;", "num": 249, "sink_class": "Lokhttp3/RequestBody;", "sink_method": "contentType()Lokhttp3/MediaType;", "sink_values": ["147220913"], "sources": ["UUID"], "returned_value": null}, {"smali_tag": "3318_266", "clss": "Lokhttp3/internal/http/BridgeInterceptor;", "method": "intercept(Lokhttp3/Interceptor$Chain;)Lokhttp3/Response;", "num": 266, "sink_class": "Lokhttp3/RequestBody;", "sink_method": "contentLength()J", "sink_values": ["147220913"], "sources": ["UUID"], "returned_value": null}, {"smali_tag": "3318_249", "clss": "Lokhttp3/internal/http/BridgeInterceptor;", "method": "intercept(Lokhttp3/Interceptor$Chain;)Lokhttp3/Response;", "num": 249, "sink_class": "Lokhttp3/RequestBody;", "sink_method": "contentType()Lokhttp3/MediaType;", "sink_values": ["149624039"], "sources": ["UUID"], "returned_value": null}, {"smali_tag": "3318_266", "clss": "Lokhttp3/internal/http/BridgeInterceptor;", "method": "intercept(Lokhttp3/Interceptor$Chain;)Lokhttp3/Response;", "num": 266, "sink_class": "Lokhttp3/RequestBody;", "sink_method": "contentLength()J", "sink_values": ["149624039"], "sources": ["UUID"], "returned_value": null}, {"smali_tag": "3318_249", "clss": "Lokhttp3/internal/http/BridgeInterceptor;", "method": "intercept(Lokhttp3/Interceptor$Chain;)Lokhttp3/Response;", "num": 249, "sink_class": "Lokhttp3/RequestBody;", "sink_method": "contentType()Lokhttp3/MediaType;", "sink_values": ["49967981"], "sources": ["UUID"], "returned_value": null}, {"smali_tag": "3318_266", "clss": "Lokhttp3/internal/http/BridgeInterceptor;", "method": "intercept(Lokhttp3/Interceptor$Chain;)Lokhttp3/Response;", "num": 266, "sink_class": "Lokhttp3/RequestBody;", "sink_method": "contentLength()J", "sink_values": ["49967981"], "sources": ["UUID"], "returned_value": null}, {"smali_tag": "3318_249", "clss": "Lokhttp3/internal/http/BridgeInterceptor;", "method": "intercept(Lokhttp3/Interceptor$Chain;)Lokhttp3/Response;", "num": 249, "sink_class": "Lokhttp3/RequestBody;", "sink_method": "contentType()Lokhttp3/MediaType;", "sink_values": ["89878029"], "sources": ["UUID"], "returned_value": null}, {"smali_tag": "3318_266", "clss": "Lokhttp3/internal/http/BridgeInterceptor;", "method": "intercept(Lokhttp3/Interceptor$Chain;)Lokhttp3/Response;", "num": 266, "sink_class": "Lokhttp3/RequestBody;", "sink_method": "contentLength()J", "sink_values": ["89878029"], "sources": ["UUID"], "returned_value": null}, {"smali_tag": "3310_163", "clss": "Lokhttp3/internal/http/CallServerInterceptor;", "method": "intercept(Lokhttp3/Interceptor$Chain;)Lokhttp3/Response;", "num": 163, "sink_class": "Lokhttp3/RequestBody;", "sink_method": "isDuplex()Z", "sink_values": ["204909779"], "sources": ["UUID"], "returned_value": null}, {"smali_tag": "3310_163", "clss": "Lokhttp3/internal/http/CallServerInterceptor;", "method": "intercept(Lokhttp3/Interceptor$Chain;)Lokhttp3/Response;", "num": 163, "sink_class": "Lokhttp3/RequestBody;", "sink_method": "isDuplex()Z", "sink_values": ["49967981"], "sources": ["UUID"], "returned_value": null}, {"smali_tag": "3187_312", "clss": "Lokhttp3/internal/connection/Exchange;", "method": "createRequestBody(Lokhttp3/Request;Z)Lokio/Sink;", "num": 312, "sink_class": "Lokhttp3/RequestBody;", "sink_method": "contentLength()J", "sink_values": ["204909779"], "sources": ["UUID"], "returned_value": null}, {"smali_tag": "3187_312", "clss": "Lokhttp3/internal/connection/Exchange;", "method": "createRequestBody(Lokhttp3/Request;Z)Lokio/Sink;", "num": 312, "sink_class": "Lokhttp3/RequestBody;", "sink_method": "contentLength()J", "sink_values": ["49967981"], "sources": ["UUID"], "returned_value": null}, {"smali_tag": "3310_163", "clss": "Lokhttp3/internal/http/CallServerInterceptor;", "method": "intercept(Lokhttp3/Interceptor$Chain;)Lokhttp3/Response;", "num": 163, "sink_class": "Lokhttp3/RequestBody;", "sink_method": "isDuplex()Z", "sink_values": ["147220913"], "sources": ["UUID"], "returned_value": null}, {"smali_tag": "3187_312", "clss": "Lokhttp3/internal/connection/Exchange;", "method": "createRequestBody(Lokhttp3/Request;Z)Lokio/Sink;", "num": 312, "sink_class": "Lokhttp3/RequestBody;", "sink_method": "contentLength()J", "sink_values": ["147220913"], "sources": ["UUID"], "returned_value": null}, {"smali_tag": "3285_725", "clss": "Lokhttp3/internal/http1/Http1ExchangeCodec;", "method": "createRequestBody(Lokhttp3/Request;J)Lokio/Sink;", "num": 725, "sink_class": "Lokhttp3/RequestBody;", "sink_method": "isDuplex()Z", "sink_values": ["204909779"], "sources": ["UUID"], "returned_value": null}, {"smali_tag": "3285_725", "clss": "Lokhttp3/internal/http1/Http1ExchangeCodec;", "method": "createRequestBody(Lokhttp3/Request;J)Lokio/Sink;", "num": 725, "sink_class": "Lokhttp3/RequestBody;", "sink_method": "isDuplex()Z", "sink_values": ["49967981"], "sources": ["UUID"], "returned_value": null}, {"smali_tag": "3285_725", "clss": "Lokhttp3/internal/http1/Http1ExchangeCodec;", "method": "createRequestBody(Lokhttp3/Request;J)Lokio/Sink;", "num": 725, "sink_class": "Lokhttp3/RequestBody;", "sink_method": "isDuplex()Z", "sink_values": ["147220913"], "sources": ["UUID"], "returned_value": null}, {"smali_tag": "3310_163", "clss": "Lokhttp3/internal/http/CallServerInterceptor;", "method": "intercept(Lokhttp3/Interceptor$Chain;)Lokhttp3/Response;", "num": 163, "sink_class": "Lokhttp3/RequestBody;", "sink_method": "isDuplex()Z", "sink_values": ["149624039"], "sources": ["UUID"], "returned_value": null}, {"smali_tag": "3187_312", "clss": "Lokhttp3/internal/connection/Exchange;", "method": "createRequestBody(Lokhttp3/Request;Z)Lokio/Sink;", "num": 312, "sink_class": "Lokhttp3/RequestBody;", "sink_method": "contentLength()J", "sink_values": ["149624039"], "sources": ["UUID"], "returned_value": null}, {"smali_tag": "3285_725", "clss": "Lokhttp3/internal/http1/Http1ExchangeCodec;", "method": "createRequestBody(Lokhttp3/Request;J)Lokio/Sink;", "num": 725, "sink_class": "Lokhttp3/RequestBody;", "sink_method": "isDuplex()Z", "sink_values": ["149624039"], "sources": ["UUID"], "returned_value": null}, {"smali_tag": "3310_163", "clss": "Lokhttp3/internal/http/CallServerInterceptor;", "method": "intercept(Lokhttp3/Interceptor$Chain;)Lokhttp3/Response;", "num": 163, "sink_class": "Lokhttp3/RequestBody;", "sink_method": "isDuplex()Z", "sink_values": ["89878029"], "sources": ["UUID"], "returned_value": null}, {"smali_tag": "3187_312", "clss": "Lokhttp3/internal/connection/Exchange;", "method": "createRequestBody(Lokhttp3/Request;Z)Lokio/Sink;", "num": 312, "sink_class": "Lokhttp3/RequestBody;", "sink_method": "contentLength()J", "sink_values": ["89878029"], "sources": ["UUID"], "returned_value": null}, {"smali_tag": "3285_725", "clss": "Lokhttp3/internal/http1/Http1ExchangeCodec;", "method": "createRequestBody(Lokhttp3/Request;J)Lokio/Sink;", "num": 725, "sink_class": "Lokhttp3/RequestBody;", "sink_method": "isDuplex()Z", "sink_values": ["89878029"], "sources": ["UUID"], "returned_value": null}, {"smali_tag": "3310_237", "clss": "Lokhttp3/internal/http/CallServerInterceptor;", "method": "intercept(Lokhttp3/Interceptor$Chain;)Lokhttp3/Response;", "num": 237, "sink_class": "Lokhttp3/RequestBody;", "sink_method": "isDuplex()Z", "sink_values": ["49967981"], "sources": ["UUID"], "returned_value": null}, {"smali_tag": "3310_237", "clss": "Lokhttp3/internal/http/CallServerInterceptor;", "method": "intercept(Lokhttp3/Interceptor$Chain;)Lokhttp3/Response;", "num": 237, "sink_class": "Lokhttp3/RequestBody;", "sink_method": "isDuplex()Z", "sink_values": ["149624039"], "sources": ["UUID"], "returned_value": null}, {"smali_tag": "3310_237", "clss": "Lokhttp3/internal/http/CallServerInterceptor;", "method": "intercept(Lokhttp3/Interceptor$Chain;)Lokhttp3/Response;", "num": 237, "sink_class": "Lokhttp3/RequestBody;", "sink_method": "isDuplex()Z", "sink_values": ["147220913"], "sources": ["UUID"], "returned_value": null}, {"smali_tag": "3310_237", "clss": "Lokhttp3/internal/http/CallServerInterceptor;", "method": "intercept(Lokhttp3/Interceptor$Chain;)Lokhttp3/Response;", "num": 237, "sink_class": "Lokhttp3/RequestBody;", "sink_method": "isDuplex()Z", "sink_values": ["204909779"], "sources": ["UUID"], "returned_value": null}, {"smali_tag": "3310_237", "clss": "Lokhttp3/internal/http/CallServerInterceptor;", "method": "intercept(Lokhttp3/Interceptor$Chain;)Lokhttp3/Response;", "num": 237, "sink_class": "Lokhttp3/RequestBody;", "sink_method": "isDuplex()Z", "sink_values": ["89878029"], "sources": ["UUID"], "returned_value": null}, {"smali_tag": "3318_249", "clss": "Lokhttp3/internal/http/BridgeInterceptor;", "method": "intercept(Lokhttp3/Interceptor$Chain;)Lokhttp3/Response;", "num": 249, "sink_class": "Lokhttp3/RequestBody;", "sink_method": "contentType()Lokhttp3/MediaType;", "sink_values": ["197734905"], "sources": ["UUID"], "returned_value": null}, {"smali_tag": "3318_266", "clss": "Lokhttp3/internal/http/BridgeInterceptor;", "method": "intercept(Lokhttp3/Interceptor$Chain;)Lokhttp3/Response;", "num": 266, "sink_class": "Lokhttp3/RequestBody;", "sink_method": "contentLength()J", "sink_values": ["197734905"], "sources": ["UUID"], "returned_value": null}, {"smali_tag": "3318_249", "clss": "Lokhttp3/internal/http/BridgeInterceptor;", "method": "intercept(Lokhttp3/Interceptor$Chain;)Lokhttp3/Response;", "num": 249, "sink_class": "Lokhttp3/RequestBody;", "sink_method": "contentType()Lokhttp3/MediaType;", "sink_values": ["211198087"], "sources": ["UUID"], "returned_value": null}, {"smali_tag": "3318_266", "clss": "Lokhttp3/internal/http/BridgeInterceptor;", "method": "intercept(Lokhttp3/Interceptor$Chain;)Lokhttp3/Response;", "num": 266, "sink_class": "Lokhttp3/RequestBody;", "sink_method": "contentLength()J", "sink_values": ["211198087"], "sources": ["UUID"], "returned_value": null}, {"smali_tag": "3318_249", "clss": "Lokhttp3/internal/http/BridgeInterceptor;", "method": "intercept(Lokhttp3/Interceptor$Chain;)Lokhttp3/Response;", "num": 249, "sink_class": "Lokhttp3/RequestBody;", "sink_method": "contentType()Lokhttp3/MediaType;", "sink_values": ["244217245"], "sources": ["UUID"], "returned_value": null}, {"smali_tag": "3318_266", "clss": "Lokhttp3/internal/http/BridgeInterceptor;", "method": "intercept(Lokhttp3/Interceptor$Chain;)Lokhttp3/Response;", "num": 266, "sink_class": "Lokhttp3/RequestBody;", "sink_method": "contentLength()J", "sink_values": ["244217245"], "sources": ["UUID"], "returned_value": null}, {"smali_tag": "3318_249", "clss": "Lokhttp3/internal/http/BridgeInterceptor;", "method": "intercept(Lokhttp3/Interceptor$Chain;)Lokhttp3/Response;", "num": 249, "sink_class": "Lokhttp3/RequestBody;", "sink_method": "contentType()Lokhttp3/MediaType;", "sink_values": ["75711765"], "sources": ["UUID"], "returned_value": null}, {"smali_tag": "3318_266", "clss": "Lokhttp3/internal/http/BridgeInterceptor;", "method": "intercept(Lokhttp3/Interceptor$Chain;)Lokhttp3/Response;", "num": 266, "sink_class": "Lokhttp3/RequestBody;", "sink_method": "contentLength()J", "sink_values": ["75711765"], "sources": ["UUID"], "returned_value": null}, {"smali_tag": "3318_249", "clss": "Lokhttp3/internal/http/BridgeInterceptor;", "method": "intercept(Lokhttp3/Interceptor$Chain;)Lokhttp3/Response;", "num": 249, "sink_class": "Lokhttp3/RequestBody;", "sink_method": "contentType()Lokhttp3/MediaType;", "sink_values": ["221203867"], "sources": ["UUID"], "returned_value": null}, {"smali_tag": "3318_266", "clss": "Lokhttp3/internal/http/BridgeInterceptor;", "method": "intercept(Lokhttp3/Interceptor$Chain;)Lokhttp3/Response;", "num": 266, "sink_class": "Lokhttp3/RequestBody;", "sink_method": "contentLength()J", "sink_values": ["221203867"], "sources": ["UUID"], "returned_value": null}, {"smali_tag": "3318_249", "clss": "Lokhttp3/internal/http/BridgeInterceptor;", "method": "intercept(Lokhttp3/Interceptor$Chain;)Lokhttp3/Response;", "num": 249, "sink_class": "Lokhttp3/RequestBody;", "sink_method": "contentType()Lokhttp3/MediaType;", "sink_values": ["37131834"], "sources": ["UUID"], "returned_value": null}, {"smali_tag": "3318_266", "clss": "Lokhttp3/internal/http/BridgeInterceptor;", "method": "intercept(Lokhttp3/Interceptor$Chain;)Lokhttp3/Response;", "num": 266, "sink_class": "Lokhttp3/RequestBody;", "sink_method": "contentLength()J", "sink_values": ["37131834"], "sources": ["UUID"], "returned_value": null}, {"smali_tag": "3318_249", "clss": "Lokhttp3/internal/http/BridgeInterceptor;", "method": "intercept(Lokhttp3/Interceptor$Chain;)Lokhttp3/Response;", "num": 249, "sink_class": "Lokhttp3/RequestBody;", "sink_method": "contentType()Lokhttp3/MediaType;", "sink_values": ["234887921"], "sources": ["UUID"], "returned_value": null}, {"smali_tag": "3318_266", "clss": "Lokhttp3/internal/http/BridgeInterceptor;", "method": "intercept(Lokhttp3/Interceptor$Chain;)Lokhttp3/Response;", "num": 266, "sink_class": "Lokhttp3/RequestBody;", "sink_method": "contentLength()J", "sink_values": ["234887921"], "sources": ["UUID"], "returned_value": null}, {"smali_tag": "3318_249", "clss": "Lokhttp3/internal/http/BridgeInterceptor;", "method": "intercept(Lokhttp3/Interceptor$Chain;)Lokhttp3/Response;", "num": 249, "sink_class": "Lokhttp3/RequestBody;", "sink_method": "contentType()Lokhttp3/MediaType;", "sink_values": ["250149972"], "sources": ["UUID"], "returned_value": null}, {"smali_tag": "3318_266", "clss": "Lokhttp3/internal/http/BridgeInterceptor;", "method": "intercept(Lokhttp3/Interceptor$Chain;)Lokhttp3/Response;", "num": 266, "sink_class": "Lokhttp3/RequestBody;", "sink_method": "contentLength()J", "sink_values": ["250149972"], "sources": ["UUID"], "returned_value": null}, {"smali_tag": "3318_249", "clss": "Lokhttp3/internal/http/BridgeInterceptor;", "method": "intercept(Lokhttp3/Interceptor$Chain;)Lokhttp3/Response;", "num": 249, "sink_class": "Lokhttp3/RequestBody;", "sink_method": "contentType()Lokhttp3/MediaType;", "sink_values": ["259234719"], "sources": ["UUID"], "returned_value": null}, {"smali_tag": "3318_266", "clss": "Lokhttp3/internal/http/BridgeInterceptor;", "method": "intercept(Lokhttp3/Interceptor$Chain;)Lokhttp3/Response;", "num": 266, "sink_class": "Lokhttp3/RequestBody;", "sink_method": "contentLength()J", "sink_values": ["259234719"], "sources": ["UUID"], "returned_value": null}, {"smali_tag": "3310_163", "clss": "Lokhttp3/internal/http/CallServerInterceptor;", "method": "intercept(Lokhttp3/Interceptor$Chain;)Lokhttp3/Response;", "num": 163, "sink_class": "Lokhttp3/RequestBody;", "sink_method": "isDuplex()Z", "sink_values": ["211198087"], "sources": ["UUID"], "returned_value": null}, {"smali_tag": "3187_312", "clss": "Lokhttp3/internal/connection/Exchange;", "method": "createRequestBody(Lokhttp3/Request;Z)Lokio/Sink;", "num": 312, "sink_class": "Lokhttp3/RequestBody;", "sink_method": "contentLength()J", "sink_values": ["211198087"], "sources": ["UUID"], "returned_value": null}, {"smali_tag": "3310_163", "clss": "Lokhttp3/internal/http/CallServerInterceptor;", "method": "intercept(Lokhttp3/Interceptor$Chain;)Lokhttp3/Response;", "num": 163, "sink_class": "Lokhttp3/RequestBody;", "sink_method": "isDuplex()Z", "sink_values": ["244217245"], "sources": ["UUID"], "returned_value": null}, {"smali_tag": "3187_312", "clss": "Lokhttp3/internal/connection/Exchange;", "method": "createRequestBody(Lokhttp3/Request;Z)Lokio/Sink;", "num": 312, "sink_class": "Lokhttp3/RequestBody;", "sink_method": "contentLength()J", "sink_values": ["244217245"], "sources": ["UUID"], "returned_value": null}, {"smali_tag": "3285_725", "clss": "Lokhttp3/internal/http1/Http1ExchangeCodec;", "method": "createRequestBody(Lokhttp3/Request;J)Lokio/Sink;", "num": 725, "sink_class": "Lokhttp3/RequestBody;", "sink_method": "isDuplex()Z", "sink_values": ["211198087"], "sources": ["UUID"], "returned_value": null}, {"smali_tag": "3285_725", "clss": "Lokhttp3/internal/http1/Http1ExchangeCodec;", "method": "createRequestBody(Lokhttp3/Request;J)Lokio/Sink;", "num": 725, "sink_class": "Lokhttp3/RequestBody;", "sink_method": "isDuplex()Z", "sink_values": ["244217245"], "sources": ["UUID"], "returned_value": null}, {"smali_tag": "3310_163", "clss": "Lokhttp3/internal/http/CallServerInterceptor;", "method": "intercept(Lokhttp3/Interceptor$Chain;)Lokhttp3/Response;", "num": 163, "sink_class": "Lokhttp3/RequestBody;", "sink_method": "isDuplex()Z", "sink_values": ["197734905"], "sources": ["UUID"], "returned_value": null}, {"smali_tag": "3187_312", "clss": "Lokhttp3/internal/connection/Exchange;", "method": "createRequestBody(Lokhttp3/Request;Z)Lokio/Sink;", "num": 312, "sink_class": "Lokhttp3/RequestBody;", "sink_method": "contentLength()J", "sink_values": ["197734905"], "sources": ["UUID"], "returned_value": null}, {"smali_tag": "3285_725", "clss": "Lokhttp3/internal/http1/Http1ExchangeCodec;", "method": "createRequestBody(Lokhttp3/Request;J)Lokio/Sink;", "num": 725, "sink_class": "Lokhttp3/RequestBody;", "sink_method": "isDuplex()Z", "sink_values": ["197734905"], "sources": ["UUID"], "returned_value": null}, {"smali_tag": "3310_237", "clss": "Lokhttp3/internal/http/CallServerInterceptor;", "method": "intercept(Lokhttp3/Interceptor$Chain;)Lokhttp3/Response;", "num": 237, "sink_class": "Lokhttp3/RequestBody;", "sink_method": "isDuplex()Z", "sink_values": ["244217245"], "sources": ["UUID"], "returned_value": null}, {"smali_tag": "3310_237", "clss": "Lokhttp3/internal/http/CallServerInterceptor;", "method": "intercept(Lokhttp3/Interceptor$Chain;)Lokhttp3/Response;", "num": 237, "sink_class": "Lokhttp3/RequestBody;", "sink_method": "isDuplex()Z", "sink_values": ["197734905"], "sources": ["UUID"], "returned_value": null}, {"smali_tag": "3310_237", "clss": "Lokhttp3/internal/http/CallServerInterceptor;", "method": "intercept(Lokhttp3/Interceptor$Chain;)Lokhttp3/Response;", "num": 237, "sink_class": "Lokhttp3/RequestBody;", "sink_method": "isDuplex()Z", "sink_values": ["211198087"], "sources": ["UUID"], "returned_value": null}, {"smali_tag": "3310_163", "clss": "Lokhttp3/internal/http/CallServerInterceptor;", "method": "intercept(Lokhttp3/Interceptor$Chain;)Lokhttp3/Response;", "num": 163, "sink_class": "Lokhttp3/RequestBody;", "sink_method": "isDuplex()Z", "sink_values": ["75711765"], "sources": ["UUID"], "returned_value": null}, {"smali_tag": "3187_312", "clss": "Lokhttp3/internal/connection/Exchange;", "method": "createRequestBody(Lokhttp3/Request;Z)Lokio/Sink;", "num": 312, "sink_class": "Lokhttp3/RequestBody;", "sink_method": "contentLength()J", "sink_values": ["75711765"], "sources": ["UUID"], "returned_value": null}, {"smali_tag": "3285_725", "clss": "Lokhttp3/internal/http1/Http1ExchangeCodec;", "method": "createRequestBody(Lokhttp3/Request;J)Lokio/Sink;", "num": 725, "sink_class": "Lokhttp3/RequestBody;", "sink_method": "isDuplex()Z", "sink_values": ["75711765"], "sources": ["UUID"], "returned_value": null}, {"smali_tag": "3310_163", "clss": "Lokhttp3/internal/http/CallServerInterceptor;", "method": "intercept(Lokhttp3/Interceptor$Chain;)Lokhttp3/Response;", "num": 163, "sink_class": "Lokhttp3/RequestBody;", "sink_method": "isDuplex()Z", "sink_values": ["221203867"], "sources": ["UUID"], "returned_value": null}, {"smali_tag": "3187_312", "clss": "Lokhttp3/internal/connection/Exchange;", "method": "createRequestBody(Lokhttp3/Request;Z)Lokio/Sink;", "num": 312, "sink_class": "Lokhttp3/RequestBody;", "sink_method": "contentLength()J", "sink_values": ["221203867"], "sources": ["UUID"], "returned_value": null}, {"smali_tag": "3285_725", "clss": "Lokhttp3/internal/http1/Http1ExchangeCodec;", "method": "createRequestBody(Lokhttp3/Request;J)Lokio/Sink;", "num": 725, "sink_class": "Lokhttp3/RequestBody;", "sink_method": "isDuplex()Z", "sink_values": ["221203867"], "sources": ["UUID"], "returned_value": null}, {"smali_tag": "3310_237", "clss": "Lokhttp3/internal/http/CallServerInterceptor;", "method": "intercept(Lokhttp3/Interceptor$Chain;)Lokhttp3/Response;", "num": 237, "sink_class": "Lokhttp3/RequestBody;", "sink_method": "isDuplex()Z", "sink_values": ["75711765"], "sources": ["UUID"], "returned_value": null}, {"smali_tag": "3310_237", "clss": "Lokhttp3/internal/http/CallServerInterceptor;", "method": "intercept(Lokhttp3/Interceptor$Chain;)Lokhttp3/Response;", "num": 237, "sink_class": "Lokhttp3/RequestBody;", "sink_method": "isDuplex()Z", "sink_values": ["221203867"], "sources": ["UUID"], "returned_value": null}, {"smali_tag": "3310_163", "clss": "Lokhttp3/internal/http/CallServerInterceptor;", "method": "intercept(Lokhttp3/Interceptor$Chain;)Lokhttp3/Response;", "num": 163, "sink_class": "Lokhttp3/RequestBody;", "sink_method": "isDuplex()Z", "sink_values": ["37131834"], "sources": ["UUID"], "returned_value": null}, {"smali_tag": "3187_312", "clss": "Lokhttp3/internal/connection/Exchange;", "method": "createRequestBody(Lokhttp3/Request;Z)Lokio/Sink;", "num": 312, "sink_class": "Lokhttp3/RequestBody;", "sink_method": "contentLength()J", "sink_values": ["37131834"], "sources": ["UUID"], "returned_value": null}, {"smali_tag": "3285_725", "clss": "Lokhttp3/internal/http1/Http1ExchangeCodec;", "method": "createRequestBody(Lokhttp3/Request;J)Lokio/Sink;", "num": 725, "sink_class": "Lokhttp3/RequestBody;", "sink_method": "isDuplex()Z", "sink_values": ["37131834"], "sources": ["UUID"], "returned_value": null}, {"smali_tag": "3310_237", "clss": "Lokhttp3/internal/http/CallServerInterceptor;", "method": "intercept(Lokhttp3/Interceptor$Chain;)Lokhttp3/Response;", "num": 237, "sink_class": "Lokhttp3/RequestBody;", "sink_method": "isDuplex()Z", "sink_values": ["37131834"], "sources": ["UUID"], "returned_value": null}, {"smali_tag": "3310_163", "clss": "Lokhttp3/internal/http/CallServerInterceptor;", "method": "intercept(Lokhttp3/Interceptor$Chain;)Lokhttp3/Response;", "num": 163, "sink_class": "Lokhttp3/RequestBody;", "sink_method": "isDuplex()Z", "sink_values": ["250149972"], "sources": ["UUID"], "returned_value": null}, {"smali_tag": "3187_312", "clss": "Lokhttp3/internal/connection/Exchange;", "method": "createRequestBody(Lokhttp3/Request;Z)Lokio/Sink;", "num": 312, "sink_class": "Lokhttp3/RequestBody;", "sink_method": "contentLength()J", "sink_values": ["250149972"], "sources": ["UUID"], "returned_value": null}, {"smali_tag": "3285_725", "clss": "Lokhttp3/internal/http1/Http1ExchangeCodec;", "method": "createRequestBody(Lokhttp3/Request;J)Lokio/Sink;", "num": 725, "sink_class": "Lokhttp3/RequestBody;", "sink_method": "isDuplex()Z", "sink_values": ["250149972"], "sources": ["UUID"], "returned_value": null}, {"smali_tag": "3310_237", "clss": "Lokhttp3/internal/http/CallServerInterceptor;", "method": "intercept(Lokhttp3/Interceptor$Chain;)Lokhttp3/Response;", "num": 237, "sink_class": "Lokhttp3/RequestBody;", "sink_method": "isDuplex()Z", "sink_values": ["250149972"], "sources": ["UUID"], "returned_value": null}, {"smali_tag": "3310_163", "clss": "Lokhttp3/internal/http/CallServerInterceptor;", "method": "intercept(Lokhttp3/Interceptor$Chain;)Lokhttp3/Response;", "num": 163, "sink_class": "Lokhttp3/RequestBody;", "sink_method": "isDuplex()Z", "sink_values": ["234887921"], "sources": ["UUID"], "returned_value": null}, {"smali_tag": "3187_312", "clss": "Lokhttp3/internal/connection/Exchange;", "method": "createRequestBody(Lokhttp3/Request;Z)Lokio/Sink;", "num": 312, "sink_class": "Lokhttp3/RequestBody;", "sink_method": "contentLength()J", "sink_values": ["234887921"], "sources": ["UUID"], "returned_value": null}, {"smali_tag": "3285_725", "clss": "Lokhttp3/internal/http1/Http1ExchangeCodec;", "method": "createRequestBody(Lokhttp3/Request;J)Lokio/Sink;", "num": 725, "sink_class": "Lokhttp3/RequestBody;", "sink_method": "isDuplex()Z", "sink_values": ["234887921"], "sources": ["UUID"], "returned_value": null}, {"smali_tag": "3310_237", "clss": "Lokhttp3/internal/http/CallServerInterceptor;", "method": "intercept(Lokhttp3/Interceptor$Chain;)Lokhttp3/Response;", "num": 237, "sink_class": "Lokhttp3/RequestBody;", "sink_method": "isDuplex()Z", "sink_values": ["234887921"], "sources": ["UUID"], "returned_value": null}, {"smali_tag": "3310_163", "clss": "Lokhttp3/internal/http/CallServerInterceptor;", "method": "intercept(Lokhttp3/Interceptor$Chain;)Lokhttp3/Response;", "num": 163, "sink_class": "Lokhttp3/RequestBody;", "sink_method": "isDuplex()Z", "sink_values": ["259234719"], "sources": ["UUID"], "returned_value": null}, {"smali_tag": "3187_312", "clss": "Lokhttp3/internal/connection/Exchange;", "method": "createRequestBody(Lokhttp3/Request;Z)Lokio/Sink;", "num": 312, "sink_class": "Lokhttp3/RequestBody;", "sink_method": "contentLength()J", "sink_values": ["259234719"], "sources": ["UUID"], "returned_value": null}, {"smali_tag": "3285_725", "clss": "Lokhttp3/internal/http1/Http1ExchangeCodec;", "method": "createRequestBody(Lokhttp3/Request;J)Lokio/Sink;", "num": 725, "sink_class": "Lokhttp3/RequestBody;", "sink_method": "isDuplex()Z", "sink_values": ["259234719"], "sources": ["UUID"], "returned_value": null}, {"smali_tag": "3310_237", "clss": "Lokhttp3/internal/http/CallServerInterceptor;", "method": "intercept(Lokhttp3/Interceptor$Chain;)Lokhttp3/Response;", "num": 237, "sink_class": "Lokhttp3/RequestBody;", "sink_method": "isDuplex()Z", "sink_values": ["259234719"], "sources": ["UUID"], "returned_value": null}]