project.emulator.get_num_leaks() = 2
Sources
[{'clss': 'Lcom/unity3d/services/identifiers/installationid/b;', 'method': 'a()V', 'name': ['UUID'], 'num': 147, 'source_class': 'Ljava/util/UUID;', 'source_method': 'toString()Ljava/lang/String;'},
 {'clss': 'Lcom/tradplus/ads/base/common/TPDataManager;', 'method': '<init>()V', 'name': ['UUID'], 'num': 337, 'source_class': 'Ljava/util/UUID;', 'source_method': 'toString()Ljava/lang/String;'},
 {'clss': 'Lcom/tradplus/ads/base/common/TPDataManager;',
  'method': '<init>()V',
  'name': ['UUID'],
  'num': 343,
  'source_class': 'Ljava/lang/StringBuilder;',
  'source_method': 'toString()Ljava/lang/String;'},
 {'clss': 'Lcom/tradplus/ads/base/common/SPUtil;',
  'method': 'putString(Landroid/content/Context;Ljava/lang/String;Ljava/lang/String;Ljava/lang/String;)V',
  'name': ['UUID'],
  'num': 425,
  'source_class': 'Ljava/lang/String;',
  'source_method': 'valueOf(Ljava/lang/Object;)Ljava/lang/String;'},
 {'clss': 'Lcom/tradplus/ads/base/network/TPAdUrlGenerator;',
  'method': 'getParamData()Ljava/lang/String;',
  'name': ['UUID'],
  'num': 972,
  'source_class': 'Ljava/net/URLEncoder;',
  'source_method': 'encode(Ljava/lang/String;Ljava/lang/String;)Ljava/lang/String;'},
 {'clss': 'Lcom/tradplus/ads/base/network/TPAdUrlGenerator;',
  'method': 'getParamData()Ljava/lang/String;',
  'name': ['UUID'],
  'num': 995,
  'source_class': 'Ljava/lang/StringBuilder;',
  'source_method': 'toString()Ljava/lang/String;'},
 {'clss': 'Lcom/tradplus/ads/base/network/TPHttpBuilder;',
  'method': '<init>(Ljava/lang/String;Ljava/lang/String;Ljava/lang/String;Z)V',
  'name': ['UUID'],
  'num': 173,
  'source_class': 'Ljava/lang/StringBuilder;',
  'source_method': 'toString()Ljava/lang/String;'},
 {'clss': 'Lcom/tradplus/ads/base/network/TPHttpGetRequest;',
  'method': 'generateURL()Ljava/lang/String;',
  'name': ['UUID'],
  'num': 71,
  'source_class': 'Ljava/lang/StringBuilder;',
  'source_method': 'toString()Ljava/lang/String;'},
 {'clss': 'Lcom/tradplus/ads/base/network/TPHttpGetRequest;',
  'method': 'generateURL()Ljava/lang/String;',
  'name': ['UUID'],
  'num': 83,
  'source_class': 'Ljava/lang/StringBuilder;',
  'source_method': 'toString()Ljava/lang/String;'},
 {'clss': 'Lcom/tradplus/ads/base/network/TPHttpGetRequest;',
  'method': 'generateURL()Ljava/lang/String;',
  'name': ['UUID'],
  'num': 87,
  'source_class': 'Ljava/lang/String;',
  'source_method': 'valueOf(Ljava/lang/Object;)Ljava/lang/String;'},
 {'clss': 'Lcom/tradplus/ads/base/network/TPHttpGetRequest;',
  'method': 'generateURL()Ljava/lang/String;',
  'name': ['UUID'],
  'num': 93,
  'source_class': 'Ljava/lang/String;',
  'source_method': 'concat(Ljava/lang/String;)Ljava/lang/String;'},
 {'clss': 'Lcom/applovin/impl/sdk/utils/d;',
  'method': 'd(Landroid/content/Context;)Lcom/applovin/impl/sdk/utils/d$a;',
  'name': ['AAID'],
  'num': 362,
  'source_class': 'Lcom/google/android/gms/ads/identifier/AdvertisingIdClient$Info;',
  'source_method': 'getId()Ljava/lang/String;'},
 {'clss': 'Lcom/tradplus/ads/pushcenter/reqeust/BaseRequest;',
  'method': 'initBaseRequest(Landroid/content/Context;Ljava/lang/String;)V',
  'name': ['UUID'],
  'num': 691,
  'source_class': 'Ljava/util/UUID;',
  'source_method': 'toString()Ljava/lang/String;'},
 {'clss': 'Lcom/tradplus/ads/pushcenter/reqeust/BaseRequest;',
  'method': 'initBaseRequest(Landroid/content/Context;Ljava/lang/String;)V',
  'name': ['UUID'],
  'num': 691,
  'source_class': 'Ljava/util/UUID;',
  'source_method': 'toString()Ljava/lang/String;'},
 {'clss': 'Lcom/tradplus/ads/core/track/LoadLifecycleCallback;',
  'method': '<init>(Ljava/lang/String;Lcom/tradplus/ads/core/track/LoadAdListener;)V',
  'name': ['UUID'],
  'num': 46,
  'source_class': 'Ljava/util/UUID;',
  'source_method': 'toString()Ljava/lang/String;'},
 {'clss': 'Lcom/tradplus/ads/pushcenter/reqeust/BaseRequest;',
  'method': 'initBaseRequest(Landroid/content/Context;Ljava/lang/String;)V',
  'name': ['UUID'],
  'num': 691,
  'source_class': 'Ljava/util/UUID;',
  'source_method': 'toString()Ljava/lang/String;'},
 {'clss': 'Lcom/tradplus/ads/core/track/LoadLifecycleCallback;',
  'method': '<init>(Ljava/lang/String;Lcom/tradplus/ads/core/track/LoadAdListener;)V',
  'name': ['UUID'],
  'num': 46,
  'source_class': 'Ljava/util/UUID;',
  'source_method': 'toString()Ljava/lang/String;'},
 {'clss': 'Lcom/tradplus/ads/pushcenter/reqeust/BaseRequest;',
  'method': 'initBaseRequest(Landroid/content/Context;Ljava/lang/String;)V',
  'name': ['UUID'],
  'num': 691,
  'source_class': 'Ljava/util/UUID;',
  'source_method': 'toString()Ljava/lang/String;'},
 {'clss': 'Lcom/tradplus/ads/common/AdvertisingIdClient$AdvertisingInterface;',
  'method': 'getId()Ljava/lang/String;',
  'name': ['AAID'],
  'num': 69,
  'source_class': 'Landroid/os/Parcel;',
  'source_method': 'readString()Ljava/lang/String;'},
 {'clss': 'Lcom/tradplus/ads/base/common/TPDataCenter$3;',
  'method': 'run()V',
  'name': ['AAID'],
  'num': 117,
  'source_class': 'Ljava/lang/String;',
  'source_method': 'valueOf(Ljava/lang/Object;)Ljava/lang/String;'},
 {'clss': 'Lcom/tradplus/ads/base/common/TPDataCenter$3;',
  'method': 'run()V',
  'name': ['AAID'],
  'num': 121,
  'source_class': 'Ljava/lang/String;',
  'source_method': 'concat(Ljava/lang/String;)Ljava/lang/String;'},
 {'clss': 'Lcom/tradplus/ads/base/network/TPAdUrlGenerator;',
  'method': 'getParamData()Ljava/lang/String;',
  'name': ['UUID'],
  'num': 995,
  'source_class': 'Ljava/lang/StringBuilder;',
  'source_method': 'toString()Ljava/lang/String;'},
 {'clss': 'Lcom/tradplus/ads/base/network/TPHttpBuilder;',
  'method': '<init>(Ljava/lang/String;Ljava/lang/String;Ljava/lang/String;Z)V',
  'name': ['UUID'],
  'num': 173,
  'source_class': 'Ljava/lang/StringBuilder;',
  'source_method': 'toString()Ljava/lang/String;'},
 {'clss': 'Lcom/tradplus/ads/base/network/TPHttpGetRequest;',
  'method': 'generateURL()Ljava/lang/String;',
  'name': ['UUID'],
  'num': 71,
  'source_class': 'Ljava/lang/StringBuilder;',
  'source_method': 'toString()Ljava/lang/String;'},
 {'clss': 'Lcom/tradplus/ads/base/network/TPHttpGetRequest;',
  'method': 'generateURL()Ljava/lang/String;',
  'name': ['UUID'],
  'num': 83,
  'source_class': 'Ljava/lang/StringBuilder;',
  'source_method': 'toString()Ljava/lang/String;'},
 {'clss': 'Lcom/tradplus/ads/base/network/TPHttpGetRequest;',
  'method': 'generateURL()Ljava/lang/String;',
  'name': ['UUID'],
  'num': 87,
  'source_class': 'Ljava/lang/String;',
  'source_method': 'valueOf(Ljava/lang/Object;)Ljava/lang/String;'},
 {'clss': 'Lcom/tradplus/ads/base/network/TPHttpGetRequest;',
  'method': 'generateURL()Ljava/lang/String;',
  'name': ['UUID'],
  'num': 93,
  'source_class': 'Ljava/lang/String;',
  'source_method': 'concat(Ljava/lang/String;)Ljava/lang/String;'},
 {'clss': 'Lcom/tradplus/ads/core/track/LoadLifecycleCallback;',
  'method': '<init>(Ljava/lang/String;Lcom/tradplus/ads/core/track/LoadAdListener;)V',
  'name': ['UUID'],
  'num': 46,
  'source_class': 'Ljava/util/UUID;',
  'source_method': 'toString()Ljava/lang/String;'},
 {'clss': 'Lcom/tradplus/ads/pushcenter/reqeust/BaseRequest;',
  'method': 'initBaseRequest(Landroid/content/Context;Ljava/lang/String;)V',
  'name': ['UUID'],
  'num': 691,
  'source_class': 'Ljava/util/UUID;',
  'source_method': 'toString()Ljava/lang/String;'},
 {'clss': 'Lcom/tradplus/ads/pushcenter/reqeust/BaseRequest;',
  'method': 'initBaseRequest(Landroid/content/Context;Ljava/lang/String;)V',
  'name': ['UUID'],
  'num': 691,
  'source_class': 'Ljava/util/UUID;',
  'source_method': 'toString()Ljava/lang/String;'},
 {'clss': 'Lcom/tradplus/ads/pushcenter/reqeust/BaseRequest;',
  'method': 'initBaseRequest(Landroid/content/Context;Ljava/lang/String;)V',
  'name': ['UUID'],
  'num': 691,
  'source_class': 'Ljava/util/UUID;',
  'source_method': 'toString()Ljava/lang/String;'},
 {'clss': 'Lcom/tradplus/ads/pushcenter/reqeust/BaseRequest;',
  'method': 'initBaseRequest(Landroid/content/Context;Ljava/lang/String;)V',
  'name': ['UUID'],
  'num': 691,
  'source_class': 'Ljava/util/UUID;',
  'source_method': 'toString()Ljava/lang/String;'},
 {'clss': 'Lcom/tradplus/ads/base/network/TPAdUrlGenerator;',
  'method': 'getParamData()Ljava/lang/String;',
  'name': ['UUID'],
  'num': 995,
  'source_class': 'Ljava/lang/StringBuilder;',
  'source_method': 'toString()Ljava/lang/String;'},
 {'clss': 'Lcom/tradplus/ads/base/network/TPAdUrlGenerator;',
  'method': 'getParamData()Ljava/lang/String;',
  'name': ['UUID'],
  'num': 995,
  'source_class': 'Ljava/lang/StringBuilder;',
  'source_method': 'toString()Ljava/lang/String;'},
 {'clss': 'Lcom/tradplus/ads/base/network/TPHttpBuilder;',
  'method': '<init>(Ljava/lang/String;Ljava/lang/String;Ljava/lang/String;Z)V',
  'name': ['UUID'],
  'num': 173,
  'source_class': 'Ljava/lang/StringBuilder;',
  'source_method': 'toString()Ljava/lang/String;'},
 {'clss': 'Lcom/tradplus/ads/base/network/TPHttpBuilder;',
  'method': '<init>(Ljava/lang/String;Ljava/lang/String;Ljava/lang/String;Z)V',
  'name': ['UUID'],
  'num': 173,
  'source_class': 'Ljava/lang/StringBuilder;',
  'source_method': 'toString()Ljava/lang/String;'},
 {'clss': 'Lcom/tradplus/ads/base/network/TPHttpGetRequest;',
  'method': 'generateURL()Ljava/lang/String;',
  'name': ['UUID'],
  'num': 71,
  'source_class': 'Ljava/lang/StringBuilder;',
  'source_method': 'toString()Ljava/lang/String;'},
 {'clss': 'Lcom/tradplus/ads/base/network/TPHttpGetRequest;',
  'method': 'generateURL()Ljava/lang/String;',
  'name': ['UUID'],
  'num': 71,
  'source_class': 'Ljava/lang/StringBuilder;',
  'source_method': 'toString()Ljava/lang/String;'},
 {'clss': 'Lcom/tradplus/ads/base/network/TPHttpGetRequest;',
  'method': 'generateURL()Ljava/lang/String;',
  'name': ['UUID'],
  'num': 83,
  'source_class': 'Ljava/lang/StringBuilder;',
  'source_method': 'toString()Ljava/lang/String;'},
 {'clss': 'Lcom/tradplus/ads/base/network/TPHttpGetRequest;',
  'method': 'generateURL()Ljava/lang/String;',
  'name': ['UUID'],
  'num': 83,
  'source_class': 'Ljava/lang/StringBuilder;',
  'source_method': 'toString()Ljava/lang/String;'},
 {'clss': 'Lcom/tradplus/ads/base/network/TPHttpGetRequest;',
  'method': 'generateURL()Ljava/lang/String;',
  'name': ['UUID'],
  'num': 87,
  'source_class': 'Ljava/lang/String;',
  'source_method': 'valueOf(Ljava/lang/Object;)Ljava/lang/String;'},
 {'clss': 'Lcom/tradplus/ads/base/network/TPHttpGetRequest;',
  'method': 'generateURL()Ljava/lang/String;',
  'name': ['UUID'],
  'num': 87,
  'source_class': 'Ljava/lang/String;',
  'source_method': 'valueOf(Ljava/lang/Object;)Ljava/lang/String;'},
 {'clss': 'Lcom/tradplus/ads/base/network/TPHttpGetRequest;',
  'method': 'generateURL()Ljava/lang/String;',
  'name': ['UUID'],
  'num': 93,
  'source_class': 'Ljava/lang/String;',
  'source_method': 'concat(Ljava/lang/String;)Ljava/lang/String;'},
 {'clss': 'Lcom/tradplus/ads/base/network/TPHttpGetRequest;',
  'method': 'generateURL()Ljava/lang/String;',
  'name': ['UUID'],
  'num': 93,
  'source_class': 'Ljava/lang/String;',
  'source_method': 'concat(Ljava/lang/String;)Ljava/lang/String;'},
 {'clss': 'Lcom/tradplus/ads/core/track/LoadLifecycleCallback;',
  'method': '<init>(Ljava/lang/String;Lcom/tradplus/ads/core/track/LoadAdListener;)V',
  'name': ['UUID'],
  'num': 46,
  'source_class': 'Ljava/util/UUID;',
  'source_method': 'toString()Ljava/lang/String;'},
 {'clss': 'Lcom/tradplus/ads/pushcenter/reqeust/BaseRequest;',
  'method': 'initBaseRequest(Landroid/content/Context;Ljava/lang/String;)V',
  'name': ['UUID'],
  'num': 691,
  'source_class': 'Ljava/util/UUID;',
  'source_method': 'toString()Ljava/lang/String;'},
 {'clss': 'Lcom/tradplus/ads/core/track/LoadLifecycleCallback;',
  'method': '<init>(Ljava/lang/String;Lcom/tradplus/ads/core/track/LoadAdListener;)V',
  'name': ['UUID'],
  'num': 46,
  'source_class': 'Ljava/util/UUID;',
  'source_method': 'toString()Ljava/lang/String;'},
 {'clss': 'Lcom/tradplus/ads/pushcenter/reqeust/BaseRequest;',
  'method': 'initBaseRequest(Landroid/content/Context;Ljava/lang/String;)V',
  'name': ['UUID'],
  'num': 691,
  'source_class': 'Ljava/util/UUID;',
  'source_method': 'toString()Ljava/lang/String;'},
 {'clss': 'Lcom/tradplus/ads/pushcenter/reqeust/BaseRequest;',
  'method': 'initBaseRequest(Landroid/content/Context;Ljava/lang/String;)V',
  'name': ['UUID'],
  'num': 691,
  'source_class': 'Ljava/util/UUID;',
  'source_method': 'toString()Ljava/lang/String;'},
 {'clss': 'Lcom/tradplus/ads/pushcenter/reqeust/BaseRequest;',
  'method': 'initBaseRequest(Landroid/content/Context;Ljava/lang/String;)V',
  'name': ['UUID'],
  'num': 691,
  'source_class': 'Ljava/util/UUID;',
  'source_method': 'toString()Ljava/lang/String;'},
 {'clss': 'Lcom/tradplus/ads/core/track/LoadLifecycleCallback;',
  'method': '<init>(Ljava/lang/String;Lcom/tradplus/ads/core/track/LoadAdListener;)V',
  'name': ['UUID'],
  'num': 46,
  'source_class': 'Ljava/util/UUID;',
  'source_method': 'toString()Ljava/lang/String;'},
 {'clss': 'Lcom/tradplus/ads/pushcenter/reqeust/BaseRequest;',
  'method': 'initBaseRequest(Landroid/content/Context;Ljava/lang/String;)V',
  'name': ['UUID'],
  'num': 691,
  'source_class': 'Ljava/util/UUID;',
  'source_method': 'toString()Ljava/lang/String;'},
 {'clss': 'Lcom/tradplus/ads/core/track/LoadLifecycleCallback;',
  'method': '<init>(Ljava/lang/String;Lcom/tradplus/ads/core/track/LoadAdListener;)V',
  'name': ['UUID'],
  'num': 46,
  'source_class': 'Ljava/util/UUID;',
  'source_method': 'toString()Ljava/lang/String;'},
 {'clss': 'Lcom/tradplus/ads/pushcenter/reqeust/BaseRequest;',
  'method': 'initBaseRequest(Landroid/content/Context;Ljava/lang/String;)V',
  'name': ['UUID'],
  'num': 691,
  'source_class': 'Ljava/util/UUID;',
  'source_method': 'toString()Ljava/lang/String;'},
 {'clss': 'Lcom/tradplus/ads/base/network/TPAdUrlGenerator;',
  'method': 'getParamData()Ljava/lang/String;',
  'name': ['UUID'],
  'num': 995,
  'source_class': 'Ljava/lang/StringBuilder;',
  'source_method': 'toString()Ljava/lang/String;'},
 {'clss': 'Lcom/tradplus/ads/base/network/TPHttpBuilder;',
  'method': '<init>(Ljava/lang/String;Ljava/lang/String;Ljava/lang/String;Z)V',
  'name': ['UUID'],
  'num': 173,
  'source_class': 'Ljava/lang/StringBuilder;',
  'source_method': 'toString()Ljava/lang/String;'},
 {'clss': 'Lcom/tradplus/ads/core/track/LoadLifecycleCallback;',
  'method': '<init>(Ljava/lang/String;Lcom/tradplus/ads/core/track/LoadAdListener;)V',
  'name': ['UUID'],
  'num': 46,
  'source_class': 'Ljava/util/UUID;',
  'source_method': 'toString()Ljava/lang/String;'},
 {'clss': 'Lcom/tradplus/ads/pushcenter/reqeust/BaseRequest;',
  'method': 'initBaseRequest(Landroid/content/Context;Ljava/lang/String;)V',
  'name': ['UUID'],
  'num': 691,
  'source_class': 'Ljava/util/UUID;',
  'source_method': 'toString()Ljava/lang/String;'},
 {'clss': 'Lcom/tradplus/ads/pushcenter/reqeust/BaseRequest;',
  'method': 'initBaseRequest(Landroid/content/Context;Ljava/lang/String;)V',
  'name': ['UUID'],
  'num': 691,
  'source_class': 'Ljava/util/UUID;',
  'source_method': 'toString()Ljava/lang/String;'},
 {'clss': 'Lcom/tradplus/ads/base/network/TPAdUrlGenerator;',
  'method': 'getParamData()Ljava/lang/String;',
  'name': ['UUID'],
  'num': 995,
  'source_class': 'Ljava/lang/StringBuilder;',
  'source_method': 'toString()Ljava/lang/String;'},
 {'clss': 'Lcom/tradplus/ads/base/network/TPHttpBuilder;',
  'method': '<init>(Ljava/lang/String;Ljava/lang/String;Ljava/lang/String;Z)V',
  'name': ['UUID'],
  'num': 173,
  'source_class': 'Ljava/lang/StringBuilder;',
  'source_method': 'toString()Ljava/lang/String;'},
 {'clss': 'Lcom/tradplus/ads/core/track/LoadLifecycleCallback;',
  'method': '<init>(Ljava/lang/String;Lcom/tradplus/ads/core/track/LoadAdListener;)V',
  'name': ['UUID'],
  'num': 46,
  'source_class': 'Ljava/util/UUID;',
  'source_method': 'toString()Ljava/lang/String;'},
 {'clss': 'Lcom/tradplus/ads/pushcenter/reqeust/BaseRequest;',
  'method': 'initBaseRequest(Landroid/content/Context;Ljava/lang/String;)V',
  'name': ['UUID'],
  'num': 691,
  'source_class': 'Ljava/util/UUID;',
  'source_method': 'toString()Ljava/lang/String;'},
 {'clss': 'Lcom/tradplus/ads/core/track/LoadLifecycleCallback;',
  'method': '<init>(Ljava/lang/String;Lcom/tradplus/ads/core/track/LoadAdListener;)V',
  'name': ['UUID'],
  'num': 46,
  'source_class': 'Ljava/util/UUID;',
  'source_method': 'toString()Ljava/lang/String;'},
 {'clss': 'Lcom/tradplus/ads/pushcenter/reqeust/BaseRequest;',
  'method': 'initBaseRequest(Landroid/content/Context;Ljava/lang/String;)V',
  'name': ['UUID'],
  'num': 691,
  'source_class': 'Ljava/util/UUID;',
  'source_method': 'toString()Ljava/lang/String;'},
 {'clss': 'Lcom/tradplus/ads/core/track/LoadLifecycleCallback;',
  'method': '<init>(Ljava/lang/String;Lcom/tradplus/ads/core/track/LoadAdListener;)V',
  'name': ['UUID'],
  'num': 46,
  'source_class': 'Ljava/util/UUID;',
  'source_method': 'toString()Ljava/lang/String;'},
 {'clss': 'Lcom/tradplus/ads/pushcenter/reqeust/BaseRequest;',
  'method': 'initBaseRequest(Landroid/content/Context;Ljava/lang/String;)V',
  'name': ['UUID'],
  'num': 691,
  'source_class': 'Ljava/util/UUID;',
  'source_method': 'toString()Ljava/lang/String;'}]
Sinks
[{"smali_tag": "24339_119", "clss": "Lcom/tradplus/ads/base/network/BaseHttpRequest;", "method": "requestWithUrl(Ljava/lang/String;)V", "num": 119, "sink_class": "Ljava/net/URL;", "sink_method": "<init>(Ljava/lang/String;)V", "sink_values": ["https"], "sources": ["UUID"], "returned_value": null}, {"smali_tag": "24334_972", "clss": "Lcom/tradplus/ads/base/network/TPAdUrlGenerator;", "method": "getParamData()Ljava/lang/String;", "num": 972, "sink_class": "Ljava/net/URLEncoder;", "sink_method": "encode(Ljava/lang/String;Ljava/lang/String;)Ljava/lang/String;", "sink_values": ["JP"], "sources": ["UUID"], "returned_value": null}, {"smali_tag": "24334_972", "clss": "Lcom/tradplus/ads/base/network/TPAdUrlGenerator;", "method": "getParamData()Ljava/lang/String;", "num": 972, "sink_class": "Ljava/net/URLEncoder;", "sink_method": "encode(Ljava/lang/String;Ljava/lang/String;)Ljava/lang/String;", "sink_values": ["9.8.0.1"], "sources": ["UUID"], "returned_value": null}, {"smali_tag": "24334_972", "clss": "Lcom/tradplus/ads/base/network/TPAdUrlGenerator;", "method": "getParamData()Ljava/lang/String;", "num": 972, "sink_class": "Ljava/net/URLEncoder;", "sink_method": "encode(Ljava/lang/String;Ljava/lang/String;)Ljava/lang/String;", "sink_values": ["1"], "sources": ["UUID"], "returned_value": null}, {"smali_tag": "24334_972", "clss": "Lcom/tradplus/ads/base/network/TPAdUrlGenerator;", "method": "getParamData()Ljava/lang/String;", "num": 972, "sink_class": "Ljava/net/URLEncoder;", "sink_method": "encode(Ljava/lang/String;Ljava/lang/String;)Ljava/lang/String;", "sink_values": ["1"], "sources": ["UUID"], "returned_value": null}, {"smali_tag": "24334_972", "clss": "Lcom/tradplus/ads/base/network/TPAdUrlGenerator;", "method": "getParamData()Ljava/lang/String;", "num": 972, "sink_class": "Ljava/net/URLEncoder;", "sink_method": "encode(Ljava/lang/String;Ljava/lang/String;)Ljava/lang/String;", "sink_values": ["com.tradplus.demo"], "sources": ["UUID"], "returned_value": null}, {"smali_tag": "24334_972", "clss": "Lcom/tradplus/ads/base/network/TPAdUrlGenerator;", "method": "getParamData()Ljava/lang/String;", "num": 972, "sink_class": "Ljava/net/URLEncoder;", "sink_method": "encode(Ljava/lang/String;Ljava/lang/String;)Ljava/lang/String;", "sink_values": ["google"], "sources": ["UUID"], "returned_value": null}, {"smali_tag": "24334_972", "clss": "Lcom/tradplus/ads/base/network/TPAdUrlGenerator;", "method": "getParamData()Ljava/lang/String;", "num": 972, "sink_class": "Ljava/net/URLEncoder;", "sink_method": "encode(Ljava/lang/String;Ljava/lang/String;)Ljava/lang/String;", "sink_values": ["UID-89ed9418-a706-4ce7-a4b1-16f646232cc4"], "sources": ["UUID"], "returned_value": null}, {"smali_tag": "24334_972", "clss": "Lcom/tradplus/ads/base/network/TPAdUrlGenerator;", "method": "getParamData()Ljava/lang/String;", "num": 972, "sink_class": "Ljava/net/URLEncoder;", "sink_method": "encode(Ljava/lang/String;Ljava/lang/String;)Ljava/lang/String;", "sink_values": ["UID-89ed9418-a706-4ce7-a4b1-16f646232cc4"], "sources": ["UUID"], "returned_value": null}, {"smali_tag": "24339_119", "clss": "Lcom/tradplus/ads/base/network/BaseHttpRequest;", "method": "requestWithUrl(Ljava/lang/String;)V", "num": 119, "sink_class": "Ljava/net/URL;", "sink_method": "<init>(Ljava/lang/String;)V", "sink_values": ["https"], "sources": ["UUID"], "returned_value": null}, {"smali_tag": "24334_972", "clss": "Lcom/tradplus/ads/base/network/TPAdUrlGenerator;", "method": "getParamData()Ljava/lang/String;", "num": 972, "sink_class": "Ljava/net/URLEncoder;", "sink_method": "encode(Ljava/lang/String;Ljava/lang/String;)Ljava/lang/String;", "sink_values": ["4"], "sources": ["UUID"], "returned_value": null}, {"smali_tag": "24334_972", "clss": "Lcom/tradplus/ads/base/network/TPAdUrlGenerator;", "method": "getParamData()Ljava/lang/String;", "num": 972, "sink_class": "Ljava/net/URLEncoder;", "sink_method": "encode(Ljava/lang/String;Ljava/lang/String;)Ljava/lang/String;", "sink_values": ["29823786"], "sources": ["UUID"], "returned_value": null}, {"smali_tag": "24334_972", "clss": "Lcom/tradplus/ads/base/network/TPAdUrlGenerator;", "method": "getParamData()Ljava/lang/String;", "num": 972, "sink_class": "Ljava/net/URLEncoder;", "sink_method": "encode(Ljava/lang/String;Ljava/lang/String;)Ljava/lang/String;", "sink_values": ["JP"], "sources": ["UUID"], "returned_value": null}, {"smali_tag": "24334_972", "clss": "Lcom/tradplus/ads/base/network/TPAdUrlGenerator;", "method": "getParamData()Ljava/lang/String;", "num": 972, "sink_class": "Ljava/net/URLEncoder;", "sink_method": "encode(Ljava/lang/String;Ljava/lang/String;)Ljava/lang/String;", "sink_values": ["9.8.0.1"], "sources": ["UUID"], "returned_value": null}, {"smali_tag": "24334_972", "clss": "Lcom/tradplus/ads/base/network/TPAdUrlGenerator;", "method": "getParamData()Ljava/lang/String;", "num": 972, "sink_class": "Ljava/net/URLEncoder;", "sink_method": "encode(Ljava/lang/String;Ljava/lang/String;)Ljava/lang/String;", "sink_values": ["ja"], "sources": ["UUID"], "returned_value": null}, {"smali_tag": "24334_972", "clss": "Lcom/tradplus/ads/base/network/TPAdUrlGenerator;", "method": "getParamData()Ljava/lang/String;", "num": 972, "sink_class": "Ljava/net/URLEncoder;", "sink_method": "encode(Ljava/lang/String;Ljava/lang/String;)Ljava/lang/String;", "sink_values": ["com.tradplus.demo"], "sources": ["UUID"], "returned_value": null}, {"smali_tag": "24334_972", "clss": "Lcom/tradplus/ads/base/network/TPAdUrlGenerator;", "method": "getParamData()Ljava/lang/String;", "num": 972, "sink_class": "Ljava/net/URLEncoder;", "sink_method": "encode(Ljava/lang/String;Ljava/lang/String;)Ljava/lang/String;", "sink_values": ["UID-89ed9418-a706-4ce7-a4b1-16f646232cc4"], "sources": ["UUID"], "returned_value": null}, {"smali_tag": "24334_972", "clss": "Lcom/tradplus/ads/base/network/TPAdUrlGenerator;", "method": "getParamData()Ljava/lang/String;", "num": 972, "sink_class": "Ljava/net/URLEncoder;", "sink_method": "encode(Ljava/lang/String;Ljava/lang/String;)Ljava/lang/String;", "sink_values": ["UID-89ed9418-a706-4ce7-a4b1-16f646232cc4"], "sources": ["UUID"], "returned_value": null}, {"smali_tag": "24334_972", "clss": "Lcom/tradplus/ads/base/network/TPAdUrlGenerator;", "method": "getParamData()Ljava/lang/String;", "num": 972, "sink_class": "Ljava/net/URLEncoder;", "sink_method": "encode(Ljava/lang/String;Ljava/lang/String;)Ljava/lang/String;", "sink_values": ["4B44890D7AD1A51AC0814BAD6A1E6BF4"], "sources": ["UUID"], "returned_value": null}, {"smali_tag": "24334_972", "clss": "Lcom/tradplus/ads/base/network/TPAdUrlGenerator;", "method": "getParamData()Ljava/lang/String;", "num": 972, "sink_class": "Ljava/net/URLEncoder;", "sink_method": "encode(Ljava/lang/String;Ljava/lang/String;)Ljava/lang/String;", "sink_values": ["JP"], "sources": ["UUID"], "returned_value": null}, {"smali_tag": "24334_972", "clss": "Lcom/tradplus/ads/base/network/TPAdUrlGenerator;", "method": "getParamData()Ljava/lang/String;", "num": 972, "sink_class": "Ljava/net/URLEncoder;", "sink_method": "encode(Ljava/lang/String;Ljava/lang/String;)Ljava/lang/String;", "sink_values": ["9.8.0.1"], "sources": ["UUID"], "returned_value": null}, {"smali_tag": "24334_972", "clss": "Lcom/tradplus/ads/base/network/TPAdUrlGenerator;", "method": "getParamData()Ljava/lang/String;", "num": 972, "sink_class": "Ljava/net/URLEncoder;", "sink_method": "encode(Ljava/lang/String;Ljava/lang/String;)Ljava/lang/String;", "sink_values": ["1"], "sources": ["UUID"], "returned_value": null}, {"smali_tag": "24334_972", "clss": "Lcom/tradplus/ads/base/network/TPAdUrlGenerator;", "method": "getParamData()Ljava/lang/String;", "num": 972, "sink_class": "Ljava/net/URLEncoder;", "sink_method": "encode(Ljava/lang/String;Ljava/lang/String;)Ljava/lang/String;", "sink_values": ["4"], "sources": ["UUID"], "returned_value": null}, {"smali_tag": "24334_972", "clss": "Lcom/tradplus/ads/base/network/TPAdUrlGenerator;", "method": "getParamData()Ljava/lang/String;", "num": 972, "sink_class": "Ljava/net/URLEncoder;", "sink_method": "encode(Ljava/lang/String;Ljava/lang/String;)Ljava/lang/String;", "sink_values": ["1"], "sources": ["UUID"], "returned_value": null}, {"smali_tag": "24334_972", "clss": "Lcom/tradplus/ads/base/network/TPAdUrlGenerator;", "method": "getParamData()Ljava/lang/String;", "num": 972, "sink_class": "Ljava/net/URLEncoder;", "sink_method": "encode(Ljava/lang/String;Ljava/lang/String;)Ljava/lang/String;", "sink_values": ["1696663498"], "sources": ["UUID"], "returned_value": null}, {"smali_tag": "24334_972", "clss": "Lcom/tradplus/ads/base/network/TPAdUrlGenerator;", "method": "getParamData()Ljava/lang/String;", "num": 972, "sink_class": "Ljava/net/URLEncoder;", "sink_method": "encode(Ljava/lang/String;Ljava/lang/String;)Ljava/lang/String;", "sink_values": ["ja"], "sources": ["UUID"], "returned_value": null}, {"smali_tag": "24334_972", "clss": "Lcom/tradplus/ads/base/network/TPAdUrlGenerator;", "method": "getParamData()Ljava/lang/String;", "num": 972, "sink_class": "Ljava/net/URLEncoder;", "sink_method": "encode(Ljava/lang/String;Ljava/lang/String;)Ljava/lang/String;", "sink_values": ["com.tradplus.demo"], "sources": ["UUID"], "returned_value": null}, {"smali_tag": "24334_972", "clss": "Lcom/tradplus/ads/base/network/TPAdUrlGenerator;", "method": "getParamData()Ljava/lang/String;", "num": 972, "sink_class": "Ljava/net/URLEncoder;", "sink_method": "encode(Ljava/lang/String;Ljava/lang/String;)Ljava/lang/String;", "sink_values": ["9.8.0.1"], "sources": ["UUID"], "returned_value": null}, {"smali_tag": "24334_972", "clss": "Lcom/tradplus/ads/base/network/TPAdUrlGenerator;", "method": "getParamData()Ljava/lang/String;", "num": 972, "sink_class": "Ljava/net/URLEncoder;", "sink_method": "encode(Ljava/lang/String;Ljava/lang/String;)Ljava/lang/String;", "sink_values": ["E609A0A67AF53299F2176C3A7783C46D"], "sources": ["UUID"], "returned_value": null}, {"smali_tag": "24334_972", "clss": "Lcom/tradplus/ads/base/network/TPAdUrlGenerator;", "method": "getParamData()Ljava/lang/String;", "num": 972, "sink_class": "Ljava/net/URLEncoder;", "sink_method": "encode(Ljava/lang/String;Ljava/lang/String;)Ljava/lang/String;", "sink_values": ["UID-89ed9418-a706-4ce7-a4b1-16f646232cc4"], "sources": ["UUID"], "returned_value": null}, {"smali_tag": "24334_972", "clss": "Lcom/tradplus/ads/base/network/TPAdUrlGenerator;", "method": "getParamData()Ljava/lang/String;", "num": 972, "sink_class": "Ljava/net/URLEncoder;", "sink_method": "encode(Ljava/lang/String;Ljava/lang/String;)Ljava/lang/String;", "sink_values": ["9"], "sources": ["UUID"], "returned_value": null}, {"smali_tag": "24334_972", "clss": "Lcom/tradplus/ads/base/network/TPAdUrlGenerator;", "method": "getParamData()Ljava/lang/String;", "num": 972, "sink_class": "Ljava/net/URLEncoder;", "sink_method": "encode(Ljava/lang/String;Ljava/lang/String;)Ljava/lang/String;", "sink_values": ["UID-89ed9418-a706-4ce7-a4b1-16f646232cc4"], "sources": ["UUID"], "returned_value": null}, {"smali_tag": "24339_119", "clss": "Lcom/tradplus/ads/base/network/BaseHttpRequest;", "method": "requestWithUrl(Ljava/lang/String;)V", "num": 119, "sink_class": "Ljava/net/URL;", "sink_method": "<init>(Ljava/lang/String;)V", "sink_values": ["https"], "sources": ["UUID"], "returned_value": null}, {"smali_tag": "24339_119", "clss": "Lcom/tradplus/ads/base/network/BaseHttpRequest;", "method": "requestWithUrl(Ljava/lang/String;)V", "num": 119, "sink_class": "Ljava/net/URL;", "sink_method": "<init>(Ljava/lang/String;)V", "sink_values": ["https"], "sources": ["UUID"], "returned_value": null}, {"smali_tag": "24334_972", "clss": "Lcom/tradplus/ads/base/network/TPAdUrlGenerator;", "method": "getParamData()Ljava/lang/String;", "num": 972, "sink_class": "Ljava/net/URLEncoder;", "sink_method": "encode(Ljava/lang/String;Ljava/lang/String;)Ljava/lang/String;", "sink_values": ["JP"], "sources": ["UUID"], "returned_value": null}, {"smali_tag": "24334_972", "clss": "Lcom/tradplus/ads/base/network/TPAdUrlGenerator;", "method": "getParamData()Ljava/lang/String;", "num": 972, "sink_class": "Ljava/net/URLEncoder;", "sink_method": "encode(Ljava/lang/String;Ljava/lang/String;)Ljava/lang/String;", "sink_values": ["9.8.0.1"], "sources": ["UUID"], "returned_value": null}, {"smali_tag": "24334_972", "clss": "Lcom/tradplus/ads/base/network/TPAdUrlGenerator;", "method": "getParamData()Ljava/lang/String;", "num": 972, "sink_class": "Ljava/net/URLEncoder;", "sink_method": "encode(Ljava/lang/String;Ljava/lang/String;)Ljava/lang/String;", "sink_values": ["1"], "sources": ["UUID"], "returned_value": null}, {"smali_tag": "24334_972", "clss": "Lcom/tradplus/ads/base/network/TPAdUrlGenerator;", "method": "getParamData()Ljava/lang/String;", "num": 972, "sink_class": "Ljava/net/URLEncoder;", "sink_method": "encode(Ljava/lang/String;Ljava/lang/String;)Ljava/lang/String;", "sink_values": ["4"], "sources": ["UUID"], "returned_value": null}, {"smali_tag": "24334_972", "clss": "Lcom/tradplus/ads/base/network/TPAdUrlGenerator;", "method": "getParamData()Ljava/lang/String;", "num": 972, "sink_class": "Ljava/net/URLEncoder;", "sink_method": "encode(Ljava/lang/String;Ljava/lang/String;)Ljava/lang/String;", "sink_values": ["1"], "sources": ["UUID"], "returned_value": null}, {"smali_tag": "24334_972", "clss": "Lcom/tradplus/ads/base/network/TPAdUrlGenerator;", "method": "getParamData()Ljava/lang/String;", "num": 972, "sink_class": "Ljava/net/URLEncoder;", "sink_method": "encode(Ljava/lang/String;Ljava/lang/String;)Ljava/lang/String;", "sink_values": ["1696663498"], "sources": ["UUID"], "returned_value": null}, {"smali_tag": "24334_972", "clss": "Lcom/tradplus/ads/base/network/TPAdUrlGenerator;", "method": "getParamData()Ljava/lang/String;", "num": 972, "sink_class": "Ljava/net/URLEncoder;", "sink_method": "encode(Ljava/lang/String;Ljava/lang/String;)Ljava/lang/String;", "sink_values": ["ja"], "sources": ["UUID"], "returned_value": null}, {"smali_tag": "24334_972", "clss": "Lcom/tradplus/ads/base/network/TPAdUrlGenerator;", "method": "getParamData()Ljava/lang/String;", "num": 972, "sink_class": "Ljava/net/URLEncoder;", "sink_method": "encode(Ljava/lang/String;Ljava/lang/String;)Ljava/lang/String;", "sink_values": ["com.tradplus.demo"], "sources": ["UUID"], "returned_value": null}, {"smali_tag": "24334_972", "clss": "Lcom/tradplus/ads/base/network/TPAdUrlGenerator;", "method": "getParamData()Ljava/lang/String;", "num": 972, "sink_class": "Ljava/net/URLEncoder;", "sink_method": "encode(Ljava/lang/String;Ljava/lang/String;)Ljava/lang/String;", "sink_values": ["9.8.0.1"], "sources": ["UUID"], "returned_value": null}, {"smali_tag": "24334_972", "clss": "Lcom/tradplus/ads/base/network/TPAdUrlGenerator;", "method": "getParamData()Ljava/lang/String;", "num": 972, "sink_class": "Ljava/net/URLEncoder;", "sink_method": "encode(Ljava/lang/String;Ljava/lang/String;)Ljava/lang/String;", "sink_values": ["UID-89ed9418-a706-4ce7-a4b1-16f646232cc4"], "sources": ["UUID"], "returned_value": null}, {"smali_tag": "24334_972", "clss": "Lcom/tradplus/ads/base/network/TPAdUrlGenerator;", "method": "getParamData()Ljava/lang/String;", "num": 972, "sink_class": "Ljava/net/URLEncoder;", "sink_method": "encode(Ljava/lang/String;Ljava/lang/String;)Ljava/lang/String;", "sink_values": ["9"], "sources": ["UUID"], "returned_value": null}, {"smali_tag": "24334_972", "clss": "Lcom/tradplus/ads/base/network/TPAdUrlGenerator;", "method": "getParamData()Ljava/lang/String;", "num": 972, "sink_class": "Ljava/net/URLEncoder;", "sink_method": "encode(Ljava/lang/String;Ljava/lang/String;)Ljava/lang/String;", "sink_values": ["UID-89ed9418-a706-4ce7-a4b1-16f646232cc4"], "sources": ["UUID"], "returned_value": null}, {"smali_tag": "24334_972", "clss": "Lcom/tradplus/ads/base/network/TPAdUrlGenerator;", "method": "getParamData()Ljava/lang/String;", "num": 972, "sink_class": "Ljava/net/URLEncoder;", "sink_method": "encode(Ljava/lang/String;Ljava/lang/String;)Ljava/lang/String;", "sink_values": ["JP"], "sources": ["UUID"], "returned_value": null}, {"smali_tag": "24334_972", "clss": "Lcom/tradplus/ads/base/network/TPAdUrlGenerator;", "method": "getParamData()Ljava/lang/String;", "num": 972, "sink_class": "Ljava/net/URLEncoder;", "sink_method": "encode(Ljava/lang/String;Ljava/lang/String;)Ljava/lang/String;", "sink_values": ["9.8.0.1"], "sources": ["UUID"], "returned_value": null}, {"smali_tag": "24334_972", "clss": "Lcom/tradplus/ads/base/network/TPAdUrlGenerator;", "method": "getParamData()Ljava/lang/String;", "num": 972, "sink_class": "Ljava/net/URLEncoder;", "sink_method": "encode(Ljava/lang/String;Ljava/lang/String;)Ljava/lang/String;", "sink_values": ["1"], "sources": ["UUID"], "returned_value": null}, {"smali_tag": "24334_972", "clss": "Lcom/tradplus/ads/base/network/TPAdUrlGenerator;", "method": "getParamData()Ljava/lang/String;", "num": 972, "sink_class": "Ljava/net/URLEncoder;", "sink_method": "encode(Ljava/lang/String;Ljava/lang/String;)Ljava/lang/String;", "sink_values": ["4"], "sources": ["UUID"], "returned_value": null}, {"smali_tag": "24334_972", "clss": "Lcom/tradplus/ads/base/network/TPAdUrlGenerator;", "method": "getParamData()Ljava/lang/String;", "num": 972, "sink_class": "Ljava/net/URLEncoder;", "sink_method": "encode(Ljava/lang/String;Ljava/lang/String;)Ljava/lang/String;", "sink_values": ["1"], "sources": ["UUID"], "returned_value": null}, {"smali_tag": "24334_972", "clss": "Lcom/tradplus/ads/base/network/TPAdUrlGenerator;", "method": "getParamData()Ljava/lang/String;", "num": 972, "sink_class": "Ljava/net/URLEncoder;", "sink_method": "encode(Ljava/lang/String;Ljava/lang/String;)Ljava/lang/String;", "sink_values": ["1696663498"], "sources": ["UUID"], "returned_value": null}, {"smali_tag": "24334_972", "clss": "Lcom/tradplus/ads/base/network/TPAdUrlGenerator;", "method": "getParamData()Ljava/lang/String;", "num": 972, "sink_class": "Ljava/net/URLEncoder;", "sink_method": "encode(Ljava/lang/String;Ljava/lang/String;)Ljava/lang/String;", "sink_values": ["ja"], "sources": ["UUID"], "returned_value": null}, {"smali_tag": "24334_972", "clss": "Lcom/tradplus/ads/base/network/TPAdUrlGenerator;", "method": "getParamData()Ljava/lang/String;", "num": 972, "sink_class": "Ljava/net/URLEncoder;", "sink_method": "encode(Ljava/lang/String;Ljava/lang/String;)Ljava/lang/String;", "sink_values": ["com.tradplus.demo"], "sources": ["UUID"], "returned_value": null}, {"smali_tag": "24334_972", "clss": "Lcom/tradplus/ads/base/network/TPAdUrlGenerator;", "method": "getParamData()Ljava/lang/String;", "num": 972, "sink_class": "Ljava/net/URLEncoder;", "sink_method": "encode(Ljava/lang/String;Ljava/lang/String;)Ljava/lang/String;", "sink_values": ["9.8.0.1"], "sources": ["UUID"], "returned_value": null}, {"smali_tag": "24334_972", "clss": "Lcom/tradplus/ads/base/network/TPAdUrlGenerator;", "method": "getParamData()Ljava/lang/String;", "num": 972, "sink_class": "Ljava/net/URLEncoder;", "sink_method": "encode(Ljava/lang/String;Ljava/lang/String;)Ljava/lang/String;", "sink_values": ["39DAC7EAC046676C5404004A311D1DB1"], "sources": ["UUID"], "returned_value": null}, {"smali_tag": "24334_972", "clss": "Lcom/tradplus/ads/base/network/TPAdUrlGenerator;", "method": "getParamData()Ljava/lang/String;", "num": 972, "sink_class": "Ljava/net/URLEncoder;", "sink_method": "encode(Ljava/lang/String;Ljava/lang/String;)Ljava/lang/String;", "sink_values": ["UID-89ed9418-a706-4ce7-a4b1-16f646232cc4"], "sources": ["UUID"], "returned_value": null}, {"smali_tag": "24334_972", "clss": "Lcom/tradplus/ads/base/network/TPAdUrlGenerator;", "method": "getParamData()Ljava/lang/String;", "num": 972, "sink_class": "Ljava/net/URLEncoder;", "sink_method": "encode(Ljava/lang/String;Ljava/lang/String;)Ljava/lang/String;", "sink_values": ["9"], "sources": ["UUID"], "returned_value": null}, {"smali_tag": "24334_972", "clss": "Lcom/tradplus/ads/base/network/TPAdUrlGenerator;", "method": "getParamData()Ljava/lang/String;", "num": 972, "sink_class": "Ljava/net/URLEncoder;", "sink_method": "encode(Ljava/lang/String;Ljava/lang/String;)Ljava/lang/String;", "sink_values": ["UID-89ed9418-a706-4ce7-a4b1-16f646232cc4"], "sources": ["UUID"], "returned_value": null}]