project.emulator.get_num_leaks() = 1
Sources
[{'clss': 'Lcom/flurry/sdk/ae$4;',
  'method': 'a()V',
  'name': ['AndroidID'],
  'num': 274,
  'source_class': 'Landroid/provider/Settings$Secure;',
  'source_method': 'getString(Landroid/content/ContentResolver;Ljava/lang/String;)Ljava/lang/String;'},
 {'clss': 'Lcom/flurry/sdk/ae$4;', 'method': 'a()V', 'name': ['AndroidID'], 'num': 283, 'source_class': 'Ljava/lang/String;', 'source_method': 'toLowerCase(Ljava/util/Locale;)Ljava/lang/String;'},
 {'clss': 'Lcom/flurry/sdk/ae$4;', 'method': 'a()V', 'name': ['AndroidID'], 'num': 306, 'source_class': 'Ljava/lang/String;', 'source_method': 'concat(Ljava/lang/String;)Ljava/lang/String;'},
 {'clss': 'Lcom/flurry/sdk/ae$4;', 'method': 'a()V', 'name': ['UUID'], 'num': 531, 'source_class': 'Ljava/util/UUID;', 'source_method': 'toString()Ljava/lang/String;'},
 {'clss': 'Lcom/flurry/sdk/ae$4;',
  'method': 'a()V',
  'name': ['AndroidID'],
  'num': 274,
  'source_class': 'Landroid/provider/Settings$Secure;',
  'source_method': 'getString(Landroid/content/ContentResolver;Ljava/lang/String;)Ljava/lang/String;'},
 {'clss': 'Lcom/flurry/sdk/ae$4;', 'method': 'a()V', 'name': ['AndroidID'], 'num': 283, 'source_class': 'Ljava/lang/String;', 'source_method': 'toLowerCase(Ljava/util/Locale;)Ljava/lang/String;'},
 {'clss': 'Lcom/flurry/sdk/ae$4;', 'method': 'a()V', 'name': ['AndroidID'], 'num': 306, 'source_class': 'Ljava/lang/String;', 'source_method': 'concat(Ljava/lang/String;)Ljava/lang/String;'},
 {'clss': 'Lcom/flurry/sdk/hi;', 'method': 'a(Ljava/lang/Object;)V', 'name': ['AndroidID'], 'num': 228, 'source_class': 'Ljava/lang/StringBuilder;', 'source_method': 'toString()Ljava/lang/String;'},
 {'clss': 'Lcom/flurry/sdk/cy;',
  'method': 'c(ILjava/lang/String;Ljava/lang/String;)V',
  'name': ['AndroidID'],
  'num': 282,
  'source_class': 'Ljava/lang/String;',
  'source_method': 'substring(II)Ljava/lang/String;'},
 {'clss': 'Lcom/flurry/sdk/hi;', 'method': 'a(Ljava/lang/Object;)V', 'name': ['AndroidID'], 'num': 228, 'source_class': 'Ljava/lang/StringBuilder;', 'source_method': 'toString()Ljava/lang/String;'},
 {'clss': 'Lcom/flurry/sdk/cy;',
  'method': 'c(ILjava/lang/String;Ljava/lang/String;)V',
  'name': ['AndroidID'],
  'num': 282,
  'source_class': 'Ljava/lang/String;',
  'source_method': 'substring(II)Ljava/lang/String;'},
 {'clss': 'Lcom/flurry/sdk/je;', 'method': 'e()Ljava/lang/String;', 'name': ['AndroidID'], 'num': 83, 'source_class': 'Lorg/json/JSONObject;', 'source_method': 'toString()Ljava/lang/String;'},
 {'clss': 'Lcom/flurry/sdk/fx;', 'method': 'a(Lcom/flurry/sdk/jh;)V', 'name': ['AndroidID'], 'num': 1465, 'source_class': 'Ljava/lang/StringBuilder;', 'source_method': 'toString()Ljava/lang/String;'},
 {'clss': 'Lcom/flurry/sdk/cy;',
  'method': 'c(ILjava/lang/String;Ljava/lang/String;)V',
  'name': ['AndroidID'],
  'num': 282,
  'source_class': 'Ljava/lang/String;',
  'source_method': 'substring(II)Ljava/lang/String;'},
 {'clss': 'Lcom/flurry/sdk/je;', 'method': 'e()Ljava/lang/String;', 'name': ['AndroidID'], 'num': 83, 'source_class': 'Lorg/json/JSONObject;', 'source_method': 'toString()Ljava/lang/String;'},
 {'clss': 'Lcom/flurry/sdk/fi;',
  'method': 'a(Lcom/flurry/sdk/fi;Ljava/util/List;)V',
  'name': ['AndroidID'],
  'num': 498,
  'source_class': 'Ljava/lang/StringBuilder;',
  'source_method': 'toString()Ljava/lang/String;'},
 {'clss': 'Lcom/flurry/sdk/cy;',
  'method': 'c(ILjava/lang/String;Ljava/lang/String;)V',
  'name': ['AndroidID'],
  'num': 282,
  'source_class': 'Ljava/lang/String;',
  'source_method': 'substring(II)Ljava/lang/String;'},
 {'clss': 'Lcom/flurry/sdk/ae$4;',
  'method': 'a()V',
  'name': ['AndroidID'],
  'num': 274,
  'source_class': 'Landroid/provider/Settings$Secure;',
  'source_method': 'getString(Landroid/content/ContentResolver;Ljava/lang/String;)Ljava/lang/String;'},
 {'clss': 'Lcom/flurry/sdk/ae$4;', 'method': 'a()V', 'name': ['AndroidID'], 'num': 283, 'source_class': 'Ljava/lang/String;', 'source_method': 'toLowerCase(Ljava/util/Locale;)Ljava/lang/String;'},
 {'clss': 'Lcom/flurry/sdk/ae$4;', 'method': 'a()V', 'name': ['AndroidID'], 'num': 306, 'source_class': 'Ljava/lang/String;', 'source_method': 'concat(Ljava/lang/String;)Ljava/lang/String;'},
 {'clss': 'Lcom/flurry/sdk/je;', 'method': 'e()Ljava/lang/String;', 'name': ['AndroidID'], 'num': 83, 'source_class': 'Lorg/json/JSONObject;', 'source_method': 'toString()Ljava/lang/String;'},
 {'clss': 'Lcom/flurry/sdk/fj$1;', 'method': 'a()V', 'name': ['AndroidID'], 'num': 226, 'source_class': 'Ljava/lang/StringBuilder;', 'source_method': 'toString()Ljava/lang/String;'},
 {'clss': 'Lcom/flurry/sdk/cy;',
  'method': 'c(ILjava/lang/String;Ljava/lang/String;)V',
  'name': ['AndroidID'],
  'num': 282,
  'source_class': 'Ljava/lang/String;',
  'source_method': 'substring(II)Ljava/lang/String;'},
 {'clss': 'Lcom/flurry/sdk/je;', 'method': 'e()Ljava/lang/String;', 'name': ['AndroidID'], 'num': 83, 'source_class': 'Lorg/json/JSONObject;', 'source_method': 'toString()Ljava/lang/String;'},
 {'clss': 'Lcom/flurry/sdk/fx;', 'method': 'a(Lcom/flurry/sdk/jh;)V', 'name': ['AndroidID'], 'num': 1465, 'source_class': 'Ljava/lang/StringBuilder;', 'source_method': 'toString()Ljava/lang/String;'},
 {'clss': 'Lcom/flurry/sdk/cy;',
  'method': 'c(ILjava/lang/String;Ljava/lang/String;)V',
  'name': ['AndroidID'],
  'num': 282,
  'source_class': 'Ljava/lang/String;',
  'source_method': 'substring(II)Ljava/lang/String;'},
 {'clss': 'Lcom/flurry/sdk/je;', 'method': 'e()Ljava/lang/String;', 'name': ['AndroidID'], 'num': 83, 'source_class': 'Lorg/json/JSONObject;', 'source_method': 'toString()Ljava/lang/String;'},
 {'clss': 'Lcom/flurry/sdk/fz;', 'method': 'a(Lcom/flurry/sdk/jh;)[B', 'name': ['AndroidID'], 'num': 76, 'source_class': 'Ljava/lang/StringBuilder;', 'source_method': 'toString()Ljava/lang/String;'},
 {'clss': 'Lcom/flurry/sdk/je;', 'method': 'e()Ljava/lang/String;', 'name': ['AndroidID'], 'num': 83, 'source_class': 'Lorg/json/JSONObject;', 'source_method': 'toString()Ljava/lang/String;'},
 {'clss': 'Lcom/flurry/sdk/hi;', 'method': 'a(Ljava/lang/Object;)V', 'name': ['AndroidID'], 'num': 228, 'source_class': 'Ljava/lang/StringBuilder;', 'source_method': 'toString()Ljava/lang/String;'},
 {'clss': 'Lcom/flurry/sdk/cy;',
  'method': 'c(ILjava/lang/String;Ljava/lang/String;)V',
  'name': ['AndroidID'],
  'num': 282,
  'source_class': 'Ljava/lang/String;',
  'source_method': 'substring(II)Ljava/lang/String;'},
 {'clss': 'Lcom/flurry/sdk/je;', 'method': 'e()Ljava/lang/String;', 'name': ['AndroidID'], 'num': 83, 'source_class': 'Lorg/json/JSONObject;', 'source_method': 'toString()Ljava/lang/String;'},
 {'clss': 'Lcom/flurry/sdk/fi;',
  'method': 'a(Lcom/flurry/sdk/fi;Ljava/util/List;)V',
  'name': ['AndroidID'],
  'num': 498,
  'source_class': 'Ljava/lang/StringBuilder;',
  'source_method': 'toString()Ljava/lang/String;'},
 {'clss': 'Lcom/flurry/sdk/cy;',
  'method': 'c(ILjava/lang/String;Ljava/lang/String;)V',
  'name': ['AndroidID'],
  'num': 282,
  'source_class': 'Ljava/lang/String;',
  'source_method': 'substring(II)Ljava/lang/String;'},
 {'clss': 'Lcom/flurry/sdk/je;', 'method': 'e()Ljava/lang/String;', 'name': ['AndroidID'], 'num': 83, 'source_class': 'Lorg/json/JSONObject;', 'source_method': 'toString()Ljava/lang/String;'},
 {'clss': 'Lcom/flurry/sdk/fj$1;', 'method': 'a()V', 'name': ['AndroidID'], 'num': 226, 'source_class': 'Ljava/lang/StringBuilder;', 'source_method': 'toString()Ljava/lang/String;'},
 {'clss': 'Lcom/flurry/sdk/cy;',
  'method': 'c(ILjava/lang/String;Ljava/lang/String;)V',
  'name': ['AndroidID'],
  'num': 282,
  'source_class': 'Ljava/lang/String;',
  'source_method': 'substring(II)Ljava/lang/String;'},
 {'clss': 'Lcom/flurry/sdk/je;', 'method': 'e()Ljava/lang/String;', 'name': ['AndroidID'], 'num': 83, 'source_class': 'Lorg/json/JSONObject;', 'source_method': 'toString()Ljava/lang/String;'},
 {'clss': 'Lcom/flurry/sdk/fz;', 'method': 'a(Lcom/flurry/sdk/jh;)[B', 'name': ['AndroidID'], 'num': 76, 'source_class': 'Ljava/lang/StringBuilder;', 'source_method': 'toString()Ljava/lang/String;'},
 {'clss': 'Lcom/flurry/sdk/je;', 'method': 'e()Ljava/lang/String;', 'name': ['AndroidID'], 'num': 83, 'source_class': 'Lorg/json/JSONObject;', 'source_method': 'toString()Ljava/lang/String;'},
 {'clss': 'Lcom/flurry/sdk/je;', 'method': 'e()Ljava/lang/String;', 'name': ['AndroidID'], 'num': 83, 'source_class': 'Lorg/json/JSONObject;', 'source_method': 'toString()Ljava/lang/String;'},
 {'clss': 'Lcom/flurry/sdk/fx;', 'method': 'a(Lcom/flurry/sdk/jh;)V', 'name': ['AndroidID'], 'num': 1465, 'source_class': 'Ljava/lang/StringBuilder;', 'source_method': 'toString()Ljava/lang/String;'},
 {'clss': 'Lcom/flurry/sdk/cy;',
  'method': 'c(ILjava/lang/String;Ljava/lang/String;)V',
  'name': ['AndroidID'],
  'num': 282,
  'source_class': 'Ljava/lang/String;',
  'source_method': 'substring(II)Ljava/lang/String;'},
 {'clss': 'Lcom/flurry/sdk/je;', 'method': 'e()Ljava/lang/String;', 'name': ['AndroidID'], 'num': 83, 'source_class': 'Lorg/json/JSONObject;', 'source_method': 'toString()Ljava/lang/String;'},
 {'clss': 'Lcom/flurry/sdk/fi;',
  'method': 'a(Lcom/flurry/sdk/fi;Ljava/util/List;)V',
  'name': ['AndroidID'],
  'num': 498,
  'source_class': 'Ljava/lang/StringBuilder;',
  'source_method': 'toString()Ljava/lang/String;'},
 {'clss': 'Lcom/flurry/sdk/cy;',
  'method': 'c(ILjava/lang/String;Ljava/lang/String;)V',
  'name': ['AndroidID'],
  'num': 282,
  'source_class': 'Ljava/lang/String;',
  'source_method': 'substring(II)Ljava/lang/String;'},
 {'clss': 'Lcom/flurry/sdk/bo;', 'method': '<init>([B)V', 'name': ['UUID'], 'num': 66, 'source_class': 'Ljava/util/UUID;', 'source_method': 'toString()Ljava/lang/String;'},
 {'clss': 'Lcom/flurry/sdk/bo;',
  'method': 'a(Ljava/lang/String;)Ljava/lang/String;',
  'name': ['UUID'],
  'num': 89,
  'source_class': 'Ljava/lang/String;',
  'source_method': 'concat(Ljava/lang/String;)Ljava/lang/String;'},
 {'clss': 'Lcom/flurry/sdk/bo;',
  'method': 'a(Ljava/lang/String;)Ljava/lang/String;',
  'name': ['UUID'],
  'num': 89,
  'source_class': 'Ljava/lang/String;',
  'source_method': 'concat(Ljava/lang/String;)Ljava/lang/String;'},
 {'clss': 'Lcom/flurry/sdk/bn;',
  'method': 'b([BLjava/lang/String;Ljava/lang/String;)V',
  'name': ['UUID'],
  'num': 624,
  'source_class': 'Ljava/lang/StringBuilder;',
  'source_method': 'toString()Ljava/lang/String;'},
 {'clss': 'Lcom/flurry/sdk/bp;',
  'method': 'a(Ljava/lang/String;Ljava/util/List;Ljava/lang/String;)V',
  'name': ['UUID'],
  'num': 253,
  'source_class': 'Ljava/util/Iterator;',
  'source_method': 'next()Ljava/lang/Object;'},
 {'clss': 'Lcom/flurry/sdk/je;', 'method': 'e()Ljava/lang/String;', 'name': ['AndroidID'], 'num': 83, 'source_class': 'Lorg/json/JSONObject;', 'source_method': 'toString()Ljava/lang/String;'},
 {'clss': 'Lcom/flurry/sdk/fj$1;', 'method': 'a()V', 'name': ['AndroidID'], 'num': 226, 'source_class': 'Ljava/lang/StringBuilder;', 'source_method': 'toString()Ljava/lang/String;'},
 {'clss': 'Lcom/flurry/sdk/cy;',
  'method': 'c(ILjava/lang/String;Ljava/lang/String;)V',
  'name': ['AndroidID'],
  'num': 282,
  'source_class': 'Ljava/lang/String;',
  'source_method': 'substring(II)Ljava/lang/String;'},
 {'clss': 'Lcom/flurry/sdk/bn;', 'method': 'c()V', 'name': ['UUID'], 'num': 768, 'source_class': 'Ljava/util/Iterator;', 'source_method': 'next()Ljava/lang/Object;'},
 {'clss': 'Lcom/flurry/sdk/bo;',
  'method': 'a(Ljava/lang/String;)Ljava/lang/String;',
  'name': ['UUID'],
  'num': 89,
  'source_class': 'Ljava/lang/String;',
  'source_method': 'concat(Ljava/lang/String;)Ljava/lang/String;'},
 {'clss': 'Lcom/flurry/sdk/bn;', 'method': 'c()V', 'name': ['UUID'], 'num': 848, 'source_class': 'Ljava/lang/String;', 'source_method': 'valueOf(Ljava/lang/Object;)Ljava/lang/String;'},
 {'clss': 'Lcom/flurry/sdk/bn;', 'method': 'c()V', 'name': ['UUID'], 'num': 854, 'source_class': 'Ljava/lang/String;', 'source_method': 'concat(Ljava/lang/String;)Ljava/lang/String;'},
 {'clss': 'Lcom/flurry/sdk/bn;', 'method': 'c()V', 'name': ['UUID'], 'num': 890, 'source_class': 'Ljava/lang/StringBuilder;', 'source_method': 'toString()Ljava/lang/String;'},
 {'clss': 'Lcom/flurry/sdk/je;', 'method': 'e()Ljava/lang/String;', 'name': ['AndroidID'], 'num': 83, 'source_class': 'Lorg/json/JSONObject;', 'source_method': 'toString()Ljava/lang/String;'},
 {'clss': 'Lcom/flurry/sdk/fz;', 'method': 'a(Lcom/flurry/sdk/jh;)[B', 'name': ['AndroidID'], 'num': 76, 'source_class': 'Ljava/lang/StringBuilder;', 'source_method': 'toString()Ljava/lang/String;'},
 {'clss': 'Lcom/flurry/sdk/je;', 'method': 'e()Ljava/lang/String;', 'name': ['AndroidID'], 'num': 83, 'source_class': 'Lorg/json/JSONObject;', 'source_method': 'toString()Ljava/lang/String;'},
 {'clss': 'Lcom/flurry/sdk/je;', 'method': 'e()Ljava/lang/String;', 'name': ['AndroidID'], 'num': 83, 'source_class': 'Lorg/json/JSONObject;', 'source_method': 'toString()Ljava/lang/String;'},
 {'clss': 'Lcom/flurry/sdk/fj$1;', 'method': 'a()V', 'name': ['AndroidID'], 'num': 226, 'source_class': 'Ljava/lang/StringBuilder;', 'source_method': 'toString()Ljava/lang/String;'},
 {'clss': 'Lcom/flurry/sdk/cy;',
  'method': 'c(ILjava/lang/String;Ljava/lang/String;)V',
  'name': ['AndroidID'],
  'num': 282,
  'source_class': 'Ljava/lang/String;',
  'source_method': 'substring(II)Ljava/lang/String;'},
 {'clss': 'Lcom/flurry/sdk/je;', 'method': 'e()Ljava/lang/String;', 'name': ['AndroidID'], 'num': 83, 'source_class': 'Lorg/json/JSONObject;', 'source_method': 'toString()Ljava/lang/String;'},
 {'clss': 'Lcom/flurry/sdk/fz;', 'method': 'a(Lcom/flurry/sdk/jh;)[B', 'name': ['AndroidID'], 'num': 76, 'source_class': 'Ljava/lang/StringBuilder;', 'source_method': 'toString()Ljava/lang/String;'},
 {'clss': 'Lcom/flurry/sdk/je;', 'method': 'e()Ljava/lang/String;', 'name': ['AndroidID'], 'num': 83, 'source_class': 'Lorg/json/JSONObject;', 'source_method': 'toString()Ljava/lang/String;'},
 {'clss': 'Lcom/flurry/sdk/bn$4;',
  'method': 'a(Lcom/flurry/sdk/dd;Ljava/lang/Object;)V',
  'name': ['UUID'],
  'num': 181,
  'source_class': 'Ljava/lang/StringBuilder;',
  'source_method': 'toString()Ljava/lang/String;'},
 {'clss': 'Lcom/flurry/sdk/bo;',
  'method': 'a(Ljava/lang/String;)Ljava/lang/String;',
  'name': ['UUID'],
  'num': 89,
  'source_class': 'Ljava/lang/String;',
  'source_method': 'concat(Ljava/lang/String;)Ljava/lang/String;'}]
Sinks
[{"smali_tag": "3501_218", "clss": "Lcom/flurry/sdk/df;", "method": "d()V", "num": 218, "sink_class": "Ljava/net/URL;", "sink_method": "<init>(Ljava/lang/String;)V", "sink_values": ["https"], "sources": ["UUID"], "returned_value": null}]