project.emulator.get_num_leaks() = 4
Sources
[{'clss': 'Lcom/facebook/appevents/internal/SessionInfo;',
  'method': 'writeSessionToDisk()V',
  'name': ['UUID'],
  'num': 472,
  'source_class': 'Ljava/util/UUID;',
  'source_method': 'toString()Ljava/lang/String;'},
 {'clss': 'Lcom/facebook/login/widget/LoginButton;',
  'method': '<init>(Landroid/content/Context;Landroid/util/AttributeSet;IILjava/lang/String;Ljava/lang/String;)V',
  'name': ['UUID'],
  'num': 541,
  'source_class': 'Ljava/util/UUID;',
  'source_method': 'toString()Ljava/lang/String;'},
 {'clss': 'Lcom/facebook/appevents/AppEvent;',
  'method': 'calculateChecksum()Ljava/lang/String;',
  'name': ['UUID'],
  'num': 271,
  'source_class': 'Lorg/json/JSONObject;',
  'source_method': 'toString()Ljava/lang/String;'},
 {'clss': 'Lcom/facebook/appevents/AppEvent;',
  'method': 'calculateChecksum()Ljava/lang/String;',
  'name': ['UUID'],
  'num': 271,
  'source_class': 'Lorg/json/JSONObject;',
  'source_method': 'toString()Ljava/lang/String;'},
 {'clss': 'Lcom/facebook/appevents/SessionEventsState;',
  'method': 'populateRequest(Lcom/facebook/GraphRequest;Landroid/content/Context;ILorg/json/JSONArray;Z)V',
  'name': ['UUID'],
  'num': 256,
  'source_class': 'Lorg/json/JSONArray;',
  'source_method': 'toString()Ljava/lang/String;'},
 {'clss': 'Lcom/facebook/GraphRequest$Serializer;',
  'method': 'write(Ljava/lang/String;[Ljava/lang/Object;)V',
  'name': ['UUID'],
  'num': 307,
  'source_class': 'Ljava/lang/String;',
  'source_method': 'format(Ljava/util/Locale;Ljava/lang/String;[Ljava/lang/Object;)Ljava/lang/String;'},
 {'clss': 'Lcom/facebook/GraphRequest$Serializer;',
  'method': 'write(Ljava/lang/String;[Ljava/lang/Object;)V',
  'name': ['UUID'],
  'num': 317,
  'source_class': 'Ljava/net/URLEncoder;',
  'source_method': 'encode(Ljava/lang/String;Ljava/lang/String;)Ljava/lang/String;'},
 {'clss': 'Lcom/facebook/appevents/AppEvent;',
  'method': 'calculateChecksum()Ljava/lang/String;',
  'name': ['UUID'],
  'num': 271,
  'source_class': 'Lorg/json/JSONObject;',
  'source_method': 'toString()Ljava/lang/String;'},
 {'clss': 'Lcom/facebook/appevents/AppEvent;',
  'method': 'calculateChecksum()Ljava/lang/String;',
  'name': ['UUID'],
  'num': 271,
  'source_class': 'Lorg/json/JSONObject;',
  'source_method': 'toString()Ljava/lang/String;'},
 {'clss': 'Lcom/facebook/appevents/AppEvent;',
  'method': 'calculateChecksum()Ljava/lang/String;',
  'name': ['UUID'],
  'num': 271,
  'source_class': 'Lorg/json/JSONObject;',
  'source_method': 'toString()Ljava/lang/String;'},
 {'clss': 'Lcom/facebook/appevents/AppEvent;',
  'method': 'calculateChecksum()Ljava/lang/String;',
  'name': ['UUID'],
  'num': 271,
  'source_class': 'Lorg/json/JSONObject;',
  'source_method': 'toString()Ljava/lang/String;'},
 {'clss': 'Lcom/facebook/appevents/SessionEventsState;',
  'method': 'populateRequest(Lcom/facebook/GraphRequest;Landroid/content/Context;ILorg/json/JSONArray;Z)V',
  'name': ['UUID'],
  'num': 256,
  'source_class': 'Lorg/json/JSONArray;',
  'source_method': 'toString()Ljava/lang/String;'},
 {'clss': 'Lcom/facebook/GraphRequest$Serializer;',
  'method': 'write(Ljava/lang/String;[Ljava/lang/Object;)V',
  'name': ['UUID'],
  'num': 307,
  'source_class': 'Ljava/lang/String;',
  'source_method': 'format(Ljava/util/Locale;Ljava/lang/String;[Ljava/lang/Object;)Ljava/lang/String;'},
 {'clss': 'Lcom/facebook/GraphRequest$Serializer;',
  'method': 'write(Ljava/lang/String;[Ljava/lang/Object;)V',
  'name': ['UUID'],
  'num': 317,
  'source_class': 'Ljava/net/URLEncoder;',
  'source_method': 'encode(Ljava/lang/String;Ljava/lang/String;)Ljava/lang/String;'},
 {'clss': 'Lcom/facebook/appevents/internal/SessionInfo;',
  'method': 'writeSessionToDisk()V',
  'name': ['UUID'],
  'num': 472,
  'source_class': 'Ljava/util/UUID;',
  'source_method': 'toString()Ljava/lang/String;'},
 {'clss': 'Lcom/facebook/appevents/internal/SessionInfo;',
  'method': 'writeSessionToDisk()V',
  'name': ['UUID'],
  'num': 472,
  'source_class': 'Ljava/util/UUID;',
  'source_method': 'toString()Ljava/lang/String;'},
 {'clss': 'Lcom/facebook/appevents/AppEvent;',
  'method': 'calculateChecksum()Ljava/lang/String;',
  'name': ['UUID'],
  'num': 271,
  'source_class': 'Lorg/json/JSONObject;',
  'source_method': 'toString()Ljava/lang/String;'},
 {'clss': 'Lcom/facebook/appevents/internal/SessionInfo;',
  'method': 'writeSessionToDisk()V',
  'name': ['UUID'],
  'num': 472,
  'source_class': 'Ljava/util/UUID;',
  'source_method': 'toString()Ljava/lang/String;'},
 {'clss': 'Lcom/facebook/appevents/internal/SessionInfo;',
  'method': 'writeSessionToDisk()V',
  'name': ['UUID'],
  'num': 472,
  'source_class': 'Ljava/util/UUID;',
  'source_method': 'toString()Ljava/lang/String;'},
 {'clss': 'Lcom/facebook/appevents/AppEvent;',
  'method': 'writeReplace()Ljava/lang/Object;',
  'name': ['UUID'],
  'num': 748,
  'source_class': 'Lorg/json/JSONObject;',
  'source_method': 'toString()Ljava/lang/String;'},
 {'clss': 'Lcom/facebook/appevents/AppEvent;',
  'method': 'writeReplace()Ljava/lang/Object;',
  'name': ['UUID'],
  'num': 748,
  'source_class': 'Lorg/json/JSONObject;',
  'source_method': 'toString()Ljava/lang/String;'},
 {'clss': 'Lcom/facebook/appevents/AppEvent;',
  'method': 'writeReplace()Ljava/lang/Object;',
  'name': ['UUID'],
  'num': 748,
  'source_class': 'Lorg/json/JSONObject;',
  'source_method': 'toString()Ljava/lang/String;'},
 {'clss': 'Lcom/facebook/appevents/AppEvent;',
  'method': 'writeReplace()Ljava/lang/Object;',
  'name': ['UUID'],
  'num': 748,
  'source_class': 'Lorg/json/JSONObject;',
  'source_method': 'toString()Ljava/lang/String;'},
 {'clss': 'Lcom/facebook/appevents/internal/SessionInfo;',
  'method': 'writeSessionToDisk()V',
  'name': ['UUID'],
  'num': 472,
  'source_class': 'Ljava/util/UUID;',
  'source_method': 'toString()Ljava/lang/String;'},
 {'clss': 'Lcom/facebook/appevents/AppEvent$SerializationProxyV2;', 'method': 'readResolve()Ljava/lang/Object;', 'name': ['UUID'], 'num': 126, 'source_class': None, 'source_method': None},
 {'clss': 'Lcom/facebook/appevents/AppEvent$SerializationProxyV2;', 'method': 'readResolve()Ljava/lang/Object;', 'name': ['UUID'], 'num': 126, 'source_class': None, 'source_method': None},
 {'clss': 'Lcom/facebook/appevents/AppEvent$SerializationProxyV2;', 'method': 'readResolve()Ljava/lang/Object;', 'name': ['UUID'], 'num': 126, 'source_class': None, 'source_method': None},
 {'clss': 'Lcom/facebook/appevents/AppEvent$SerializationProxyV2;', 'method': 'readResolve()Ljava/lang/Object;', 'name': ['UUID'], 'num': 126, 'source_class': None, 'source_method': None},
 {'clss': 'Lcom/facebook/appevents/AppEvent;',
  'method': 'writeReplace()Ljava/lang/Object;',
  'name': ['UUID'],
  'num': 748,
  'source_class': 'Lorg/json/JSONObject;',
  'source_method': 'toString()Ljava/lang/String;'},
 {'clss': 'Lcom/facebook/appevents/AppEvent;',
  'method': 'writeReplace()Ljava/lang/Object;',
  'name': ['UUID'],
  'num': 748,
  'source_class': 'Lorg/json/JSONObject;',
  'source_method': 'toString()Ljava/lang/String;'},
 {'clss': 'Lcom/facebook/appevents/AppEvent;',
  'method': 'writeReplace()Ljava/lang/Object;',
  'name': ['UUID'],
  'num': 748,
  'source_class': 'Lorg/json/JSONObject;',
  'source_method': 'toString()Ljava/lang/String;'},
 {'clss': 'Lcom/facebook/appevents/AppEvent;',
  'method': 'writeReplace()Ljava/lang/Object;',
  'name': ['UUID'],
  'num': 748,
  'source_class': 'Lorg/json/JSONObject;',
  'source_method': 'toString()Ljava/lang/String;'},
 {'clss': 'Lcom/facebook/appevents/AppEvent$SerializationProxyV2;', 'method': 'readResolve()Ljava/lang/Object;', 'name': ['UUID'], 'num': 126, 'source_class': None, 'source_method': None},
 {'clss': 'Lcom/facebook/appevents/AppEvent$SerializationProxyV2;', 'method': 'readResolve()Ljava/lang/Object;', 'name': ['UUID'], 'num': 126, 'source_class': None, 'source_method': None},
 {'clss': 'Lcom/facebook/appevents/AppEvent$SerializationProxyV2;', 'method': 'readResolve()Ljava/lang/Object;', 'name': ['UUID'], 'num': 126, 'source_class': None, 'source_method': None},
 {'clss': 'Lcom/facebook/appevents/AppEvent$SerializationProxyV2;', 'method': 'readResolve()Ljava/lang/Object;', 'name': ['UUID'], 'num': 126, 'source_class': None, 'source_method': None},
 {'clss': 'Lcom/facebook/appevents/AppEvent;',
  'method': 'writeReplace()Ljava/lang/Object;',
  'name': ['UUID'],
  'num': 748,
  'source_class': 'Lorg/json/JSONObject;',
  'source_method': 'toString()Ljava/lang/String;'},
 {'clss': 'Lcom/facebook/appevents/AppEvent;',
  'method': 'writeReplace()Ljava/lang/Object;',
  'name': ['UUID'],
  'num': 748,
  'source_class': 'Lorg/json/JSONObject;',
  'source_method': 'toString()Ljava/lang/String;'},
 {'clss': 'Lcom/facebook/appevents/AppEvent;',
  'method': 'writeReplace()Ljava/lang/Object;',
  'name': ['UUID'],
  'num': 748,
  'source_class': 'Lorg/json/JSONObject;',
  'source_method': 'toString()Ljava/lang/String;'},
 {'clss': 'Lcom/facebook/appevents/AppEvent;',
  'method': 'writeReplace()Ljava/lang/Object;',
  'name': ['UUID'],
  'num': 748,
  'source_class': 'Lorg/json/JSONObject;',
  'source_method': 'toString()Ljava/lang/String;'},
 {'clss': 'Lcom/facebook/appevents/internal/SessionInfo;',
  'method': 'writeSessionToDisk()V',
  'name': ['UUID'],
  'num': 472,
  'source_class': 'Ljava/util/UUID;',
  'source_method': 'toString()Ljava/lang/String;'},
 {'clss': 'Lcom/facebook/appevents/internal/SessionInfo;',
  'method': 'writeSessionToDisk()V',
  'name': ['UUID'],
  'num': 472,
  'source_class': 'Ljava/util/UUID;',
  'source_method': 'toString()Ljava/lang/String;'}]
Sinks
[{"smali_tag": "9098_4469", "clss": "Lcom/facebook/GraphRequest$Companion;", "method": "toHttpConnection(Lcom/facebook/GraphRequestBatch;)Ljava/net/HttpURLConnection;", "num": 4469, "sink_class": "Ljava/net/URL;", "sink_method": "<init>(Ljava/lang/String;)V", "sink_values": ["https://graph.facebook.com/v16.0/230081766446920/activities"], "sources": ["UUID"], "returned_value": null}, {"smali_tag": "9192_595", "clss": "Lcom/facebook/GraphRequest$Serializer;", "method": "writeContentDisposition(Ljava/lang/String;Ljava/lang/String;Ljava/lang/String;)V", "num": 595, "sink_class": "Ljava/io/OutputStream;", "sink_method": "write([B)V", "sink_values": [[102, 111, 114, 109, 97, 116, 61]], "sources": ["UUID"], "returned_value": null}, {"smali_tag": "9192_317", "clss": "Lcom/facebook/GraphRequest$Serializer;", "method": "write(Ljava/lang/String;[Ljava/lang/Object;)V", "num": 317, "sink_class": "Ljava/net/URLEncoder;", "sink_method": "encode(Ljava/lang/String;Ljava/lang/String;)Ljava/lang/String;", "sink_values": ["json"], "sources": ["UUID"], "returned_value": null}, {"smali_tag": "9192_334", "clss": "Lcom/facebook/GraphRequest$Serializer;", "method": "write(Ljava/lang/String;[Ljava/lang/Object;)V", "num": 334, "sink_class": "Ljava/io/OutputStream;", "sink_method": "write([B)V", "sink_values": [[106, 115, 111, 110]], "sources": ["UUID"], "returned_value": null}, {"smali_tag": "9192_595", "clss": "Lcom/facebook/GraphRequest$Serializer;", "method": "writeContentDisposition(Ljava/lang/String;Ljava/lang/String;Ljava/lang/String;)V", "num": 595, "sink_class": "Ljava/io/OutputStream;", "sink_method": "write([B)V", "sink_values": [[115, 100, 107, 61]], "sources": ["UUID"], "returned_value": null}, {"smali_tag": "9192_317", "clss": "Lcom/facebook/GraphRequest$Serializer;", "method": "write(Ljava/lang/String;[Ljava/lang/Object;)V", "num": 317, "sink_class": "Ljava/net/URLEncoder;", "sink_method": "encode(Ljava/lang/String;Ljava/lang/String;)Ljava/lang/String;", "sink_values": ["android"], "sources": ["UUID"], "returned_value": null}, {"smali_tag": "9192_334", "clss": "Lcom/facebook/GraphRequest$Serializer;", "method": "write(Ljava/lang/String;[Ljava/lang/Object;)V", "num": 334, "sink_class": "Ljava/io/OutputStream;", "sink_method": "write([B)V", "sink_values": [[97, 110, 100, 114, 111, 105, 100]], "sources": ["UUID"], "returned_value": null}, {"smali_tag": "9192_595", "clss": "Lcom/facebook/GraphRequest$Serializer;", "method": "writeContentDisposition(Ljava/lang/String;Ljava/lang/String;Ljava/lang/String;)V", "num": 595, "sink_class": "Ljava/io/OutputStream;", "sink_method": "write([B)V", "sink_values": [[99, 117, 115, 116, 111, 109, 95, 101, 118, 101, 110, 116, 115, 61]], "sources": ["UUID"], "returned_value": null}, {"smali_tag": "9192_317", "clss": "Lcom/facebook/GraphRequest$Serializer;", "method": "write(Ljava/lang/String;[Ljava/lang/Object;)V", "num": 317, "sink_class": "Ljava/net/URLEncoder;", "sink_method": "encode(Ljava/lang/String;Ljava/lang/String;)Ljava/lang/String;", "sink_values": ["[{\"_eventName\":\"fb_sdk_settings_changed\",\"_eventName_md5\":\"5031a3763f200bcd1bb05019de1a8a7b\",\"_logTime\":1697178117,\"_ui\":\"unknown\",\"current\":\"15\",\"previous\":\"0\",\"initial\":\"15\",\"usage\":\"0\",\"_inBackground\":\"1\",\"_implicitlyLogged\":\"1\"}]"], "sources": ["UUID"], "returned_value": null}, {"smali_tag": "9192_595", "clss": "Lcom/facebook/GraphRequest$Serializer;", "method": "writeContentDisposition(Ljava/lang/String;Ljava/lang/String;Ljava/lang/String;)V", "num": 595, "sink_class": "Ljava/io/OutputStream;", "sink_method": "write([B)V", "sink_values": [[101, 118, 101, 110, 116, 61]], "sources": ["UUID"], "returned_value": null}, {"smali_tag": "9192_317", "clss": "Lcom/facebook/GraphRequest$Serializer;", "method": "write(Ljava/lang/String;[Ljava/lang/Object;)V", "num": 317, "sink_class": "Ljava/net/URLEncoder;", "sink_method": "encode(Ljava/lang/String;Ljava/lang/String;)Ljava/lang/String;", "sink_values": ["CUSTOM_APP_EVENTS"], "sources": ["UUID"], "returned_value": null}, {"smali_tag": "9192_334", "clss": "Lcom/facebook/GraphRequest$Serializer;", "method": "write(Ljava/lang/String;[Ljava/lang/Object;)V", "num": 334, "sink_class": "Ljava/io/OutputStream;", "sink_method": "write([B)V", "sink_values": [[67, 85, 83, 84, 79, 77, 95, 65, 80, 80, 95, 69, 86, 69, 78, 84, 83]], "sources": ["UUID"], "returned_value": null}, {"smali_tag": "9192_595", "clss": "Lcom/facebook/GraphRequest$Serializer;", "method": "writeContentDisposition(Ljava/lang/String;Ljava/lang/String;Ljava/lang/String;)V", "num": 595, "sink_class": "Ljava/io/OutputStream;", "sink_method": "write([B)V", "sink_values": [[97, 110, 111, 110, 95, 105, 100, 61]], "sources": ["UUID"], "returned_value": null}, {"smali_tag": "9192_317", "clss": "Lcom/facebook/GraphRequest$Serializer;", "method": "write(Ljava/lang/String;[Ljava/lang/Object;)V", "num": 317, "sink_class": "Ljava/net/URLEncoder;", "sink_method": "encode(Ljava/lang/String;Ljava/lang/String;)Ljava/lang/String;", "sink_values": ["XZ5b73c278-0502-4a35-b07f-a521214ab739"], "sources": ["UUID"], "returned_value": null}, {"smali_tag": "9192_334", "clss": "Lcom/facebook/GraphRequest$Serializer;", "method": "write(Ljava/lang/String;[Ljava/lang/Object;)V", "num": 334, "sink_class": "Ljava/io/OutputStream;", "sink_method": "write([B)V", "sink_values": [[88, 90, 53, 98, 55, 51, 99, 50, 55, 56, 45, 48, 53, 48, 50, 45, 52, 97, 51, 53, 45, 98, 48, 55, 102, 45, 97, 53, 50, 49, 50, 49, 52, 97, 98, 55, 51, 57]], "sources": ["UUID"], "returned_value": null}, {"smali_tag": "9192_595", "clss": "Lcom/facebook/GraphRequest$Serializer;", "method": "writeContentDisposition(Ljava/lang/String;Ljava/lang/String;Ljava/lang/String;)V", "num": 595, "sink_class": "Ljava/io/OutputStream;", "sink_method": "write([B)V", "sink_values": [[97, 112, 112, 108, 105, 99, 97, 116, 105, 111, 110, 95, 116, 114, 97, 99, 107, 105, 110, 103, 95, 101, 110, 97, 98, 108, 101, 100, 61]], "sources": ["UUID"], "returned_value": null}, {"smali_tag": "9192_317", "clss": "Lcom/facebook/GraphRequest$Serializer;", "method": "write(Ljava/lang/String;[Ljava/lang/Object;)V", "num": 317, "sink_class": "Ljava/net/URLEncoder;", "sink_method": "encode(Ljava/lang/String;Ljava/lang/String;)Ljava/lang/String;", "sink_values": ["true"], "sources": ["UUID"], "returned_value": null}, {"smali_tag": "9192_334", "clss": "Lcom/facebook/GraphRequest$Serializer;", "method": "write(Ljava/lang/String;[Ljava/lang/Object;)V", "num": 334, "sink_class": "Ljava/io/OutputStream;", "sink_method": "write([B)V", "sink_values": [[116, 114, 117, 101]], "sources": ["UUID"], "returned_value": null}, {"smali_tag": "9192_595", "clss": "Lcom/facebook/GraphRequest$Serializer;", "method": "writeContentDisposition(Ljava/lang/String;Ljava/lang/String;Ljava/lang/String;)V", "num": 595, "sink_class": "Ljava/io/OutputStream;", "sink_method": "write([B)V", "sink_values": [[97, 100, 118, 101, 114, 116, 105, 115, 101, 114, 95, 105, 100, 95, 99, 111, 108, 108, 101, 99, 116, 105, 111, 110, 95, 101, 110, 97, 98, 108, 101, 100, 61]], "sources": ["UUID"], "returned_value": null}, {"smali_tag": "9192_317", "clss": "Lcom/facebook/GraphRequest$Serializer;", "method": "write(Ljava/lang/String;[Ljava/lang/Object;)V", "num": 317, "sink_class": "Ljava/net/URLEncoder;", "sink_method": "encode(Ljava/lang/String;Ljava/lang/String;)Ljava/lang/String;", "sink_values": ["true"], "sources": ["UUID"], "returned_value": null}, {"smali_tag": "9192_334", "clss": "Lcom/facebook/GraphRequest$Serializer;", "method": "write(Ljava/lang/String;[Ljava/lang/Object;)V", "num": 334, "sink_class": "Ljava/io/OutputStream;", "sink_method": "write([B)V", "sink_values": [[116, 114, 117, 101]], "sources": ["UUID"], "returned_value": null}, {"smali_tag": "9192_595", "clss": "Lcom/facebook/GraphRequest$Serializer;", "method": "writeContentDisposition(Ljava/lang/String;Ljava/lang/String;Ljava/lang/String;)V", "num": 595, "sink_class": "Ljava/io/OutputStream;", "sink_method": "write([B)V", "sink_values": [[101, 120, 116, 105, 110, 102, 111, 61]], "sources": ["UUID"], "returned_value": null}, {"smali_tag": "9192_317", "clss": "Lcom/facebook/GraphRequest$Serializer;", "method": "write(Ljava/lang/String;[Ljava/lang/Object;)V", "num": 317, "sink_class": "Ljava/net/URLEncoder;", "sink_method": "encode(Ljava/lang/String;Ljava/lang/String;)Ljava/lang/String;", "sink_values": ["[\"a2\",\"com.facebook.samples.kotlinsampleapp\",1,\"1.0\",\"13\",\"sdk_gphone_x86_64\",\"en_US\",\"GMT+09:00\",\"T-Mobile\",1080,2201,\"2.62\",4,6,5,\"Asia\\/Tokyo\"]"], "sources": ["UUID"], "returned_value": null}, {"smali_tag": "9192_595", "clss": "Lcom/facebook/GraphRequest$Serializer;", "method": "writeContentDisposition(Ljava/lang/String;Ljava/lang/String;Ljava/lang/String;)V", "num": 595, "sink_class": "Ljava/io/OutputStream;", "sink_method": "write([B)V", "sink_values": [[97, 112, 112, 108, 105, 99, 97, 116, 105, 111, 110, 95, 112, 97, 99, 107, 97, 103, 101, 95, 110, 97, 109, 101, 61]], "sources": ["UUID"], "returned_value": null}, {"smali_tag": "9192_317", "clss": "Lcom/facebook/GraphRequest$Serializer;", "method": "write(Ljava/lang/String;[Ljava/lang/Object;)V", "num": 317, "sink_class": "Ljava/net/URLEncoder;", "sink_method": "encode(Ljava/lang/String;Ljava/lang/String;)Ljava/lang/String;", "sink_values": ["com.facebook.samples.kotlinsampleapp"], "sources": ["UUID"], "returned_value": null}, {"smali_tag": "9192_334", "clss": "Lcom/facebook/GraphRequest$Serializer;", "method": "write(Ljava/lang/String;[Ljava/lang/Object;)V", "num": 334, "sink_class": "Ljava/io/OutputStream;", "sink_method": "write([B)V", "sink_values": [[99, 111, 109, 46, 102, 97, 99, 101, 98, 111, 111, 107, 46, 115, 97, 109, 112, 108, 101, 115, 46, 107, 111, 116, 108, 105, 110, 115, 97, 109, 112, 108, 101, 97, 112, 112]], "sources": ["UUID"], "returned_value": null}, {"smali_tag": "9098_4469", "clss": "Lcom/facebook/GraphRequest$Companion;", "method": "toHttpConnection(Lcom/facebook/GraphRequestBatch;)Ljava/net/HttpURLConnection;", "num": 4469, "sink_class": "Ljava/net/URL;", "sink_method": "<init>(Ljava/lang/String;)V", "sink_values": ["https://graph.facebook.com/v16.0/230081766446920/activities"], "sources": ["UUID"], "returned_value": null}, {"smali_tag": "9192_595", "clss": "Lcom/facebook/GraphRequest$Serializer;", "method": "writeContentDisposition(Ljava/lang/String;Ljava/lang/String;Ljava/lang/String;)V", "num": 595, "sink_class": "Ljava/io/OutputStream;", "sink_method": "write([B)V", "sink_values": [[102, 111, 114, 109, 97, 116, 61]], "sources": ["UUID"], "returned_value": null}, {"smali_tag": "9192_317", "clss": "Lcom/facebook/GraphRequest$Serializer;", "method": "write(Ljava/lang/String;[Ljava/lang/Object;)V", "num": 317, "sink_class": "Ljava/net/URLEncoder;", "sink_method": "encode(Ljava/lang/String;Ljava/lang/String;)Ljava/lang/String;", "sink_values": ["json"], "sources": ["UUID"], "returned_value": null}, {"smali_tag": "9192_334", "clss": "Lcom/facebook/GraphRequest$Serializer;", "method": "write(Ljava/lang/String;[Ljava/lang/Object;)V", "num": 334, "sink_class": "Ljava/io/OutputStream;", "sink_method": "write([B)V", "sink_values": [[106, 115, 111, 110]], "sources": ["UUID"], "returned_value": null}, {"smali_tag": "9192_595", "clss": "Lcom/facebook/GraphRequest$Serializer;", "method": "writeContentDisposition(Ljava/lang/String;Ljava/lang/String;Ljava/lang/String;)V", "num": 595, "sink_class": "Ljava/io/OutputStream;", "sink_method": "write([B)V", "sink_values": [[115, 100, 107, 61]], "sources": ["UUID"], "returned_value": null}, {"smali_tag": "9192_317", "clss": "Lcom/facebook/GraphRequest$Serializer;", "method": "write(Ljava/lang/String;[Ljava/lang/Object;)V", "num": 317, "sink_class": "Ljava/net/URLEncoder;", "sink_method": "encode(Ljava/lang/String;Ljava/lang/String;)Ljava/lang/String;", "sink_values": ["android"], "sources": ["UUID"], "returned_value": null}, {"smali_tag": "9192_334", "clss": "Lcom/facebook/GraphRequest$Serializer;", "method": "write(Ljava/lang/String;[Ljava/lang/Object;)V", "num": 334, "sink_class": "Ljava/io/OutputStream;", "sink_method": "write([B)V", "sink_values": [[97, 110, 100, 114, 111, 105, 100]], "sources": ["UUID"], "returned_value": null}, {"smali_tag": "9192_595", "clss": "Lcom/facebook/GraphRequest$Serializer;", "method": "writeContentDisposition(Ljava/lang/String;Ljava/lang/String;Ljava/lang/String;)V", "num": 595, "sink_class": "Ljava/io/OutputStream;", "sink_method": "write([B)V", "sink_values": [[99, 117, 115, 116, 111, 109, 95, 101, 118, 101, 110, 116, 115, 61]], "sources": ["UUID"], "returned_value": null}, {"smali_tag": "9192_317", "clss": "Lcom/facebook/GraphRequest$Serializer;", "method": "write(Ljava/lang/String;[Ljava/lang/Object;)V", "num": 317, "sink_class": "Ljava/net/URLEncoder;", "sink_method": "encode(Ljava/lang/String;Ljava/lang/String;)Ljava/lang/String;", "sink_values": ["[{\"_eventName\":\"fb_sdk_initialize\",\"_eventName_md5\":\"d470d22f237aee69843355edba5a8178\",\"_logTime\":1697178117,\"_ui\":\"unknown\",\"share_lib_included\":\"1\",\"applinks_lib_included\":\"1\",\"gamingservices_lib_included\":\"1\",\"messenger_lib_included\":\"1\",\"login_lib_included\":\"1\",\"all_lib_included\":\"1\",\"core_lib_included\":\"1\",\"_inBackground\":\"1\",\"_implicitlyLogged\":\"1\"},{\"_eventName\":\"fb_mobile_activate_app\",\"_eventName_md5\":\"cb7f3b6cd294afce05ece615d43ea7b9\",\"_logTime\":1697178118,\"_ui\":\"MainActivity\",\"_session_id\":\"7fe096f1-7e06-4ca5-bc06-390884070428\",\"fb_mobile_launch_source\":\"Unclassified\",\"fb_mobile_pckg_fp\":\"7ab62f9c9d3fa5925afd28f751ae47fe\",\"fb_mobile_app_cert_hash\":\"ZxeuLZcVSqh\\/eyRMSuL3q72MO8g=\\n\"}]"], "sources": ["UUID"], "returned_value": null}, {"smali_tag": "9192_334", "clss": "Lcom/facebook/GraphRequest$Serializer;", "method": "write(Ljava/lang/String;[Ljava/lang/Object;)V", "num": 334, "sink_class": "Ljava/io/OutputStream;", "sink_method": "write([B)V", "sink_values": [[37, 53, 66, 37, 55, 66, 37, 50, 50, 95, 101, 118, 101, 110, 116, 78, 97, 109, 101, 37, 50, 50, 37, 51, 65, 37, 50, 50, 102, 98, 95, 115, 100, 107, 95, 105, 110, 105, 116, 105, 97, 108, 105, 122, 101, 37, 50, 50, 37, 50, 67, 37, 50, 50, 95, 101, 118, 101, 110, 116, 78, 97, 109, 101, 95, 109, 100, 53, 37, 50, 50, 37, 51, 65, 37, 50, 50, 100, 52, 55, 48, 100, 50, 50, 102, 50, 51, 55, 97, 101, 101, 54, 57, 56, 52, 51, 51, 53, 53, 101, 100, 98, 97, 53, 97, 56, 49, 55, 56, 37, 50, 50, 37, 50, 67, 37, 50, 50, 95, 108, 111, 103, 84, 105, 109, 101, 37, 50, 50, 37, 51, 65, 49, 54, 57, 55, 49, 55, 56, 49, 49, 55, 37, 50, 67, 37, 50, 50, 95, 117, 105, 37, 50, 50, 37, 51, 65, 37, 50, 50, 117, 110, 107, 110, 111, 119, 110, 37, 50, 50, 37, 50, 67, 37, 50, 50, 115, 104, 97, 114, 101, 95, 108, 105, 98, 95, 105, 110, 99, 108, 117, 100, 101, 100, 37, 50, 50, 37, 51, 65, 37, 50, 50, 49, 37, 50, 50, 37, 50, 67, 37, 50, 50, 97, 112, 112, 108, 105, 110, 107, 115, 95, 108, 105, 98, 95, 105, 110, 99, 108, 117, 100, 101, 100, 37, 50, 50, 37, 51, 65, 37, 50, 50, 49, 37, 50, 50, 37, 50, 67, 37, 50, 50, 103, 97, 109, 105, 110, 103, 115, 101, 114, 118, 105, 99, 101, 115, 95, 108, 105, 98, 95, 105, 110, 99, 108, 117, 100, 101, 100, 37, 50, 50, 37, 51, 65, 37, 50, 50, 49, 37, 50, 50, 37, 50, 67, 37, 50, 50, 109, 101, 115, 115, 101, 110, 103, 101, 114, 95, 108, 105, 98, 95, 105, 110, 99, 108, 117, 100, 101, 100, 37, 50, 50, 37, 51, 65, 37, 50, 50, 49, 37, 50, 50, 37, 50, 67, 37, 50, 50, 108, 111, 103, 105, 110, 95, 108, 105, 98, 95, 105, 110, 99, 108, 117, 100, 101, 100, 37, 50, 50, 37, 51, 65, 37, 50, 50, 49, 37, 50, 50, 37, 50, 67, 37, 50, 50, 97, 108, 108, 95, 108, 105, 98, 95, 105, 110, 99, 108, 117, 100, 101, 100, 37, 50, 50, 37, 51, 65, 37, 50, 50, 49, 37, 50, 50, 37, 50, 67, 37, 50, 50, 99, 111, 114, 101, 95, 108, 105, 98, 95, 105, 110, 99, 108, 117, 100, 101, 100, 37, 50, 50, 37, 51, 65, 37, 50, 50, 49, 37, 50, 50, 37, 50, 67, 37, 50, 50, 95, 105, 110, 66, 97, 99, 107, 103, 114, 111, 117, 110, 100, 37, 50, 50, 37, 51, 65, 37, 50, 50, 49, 37, 50, 50, 37, 50, 67, 37, 50, 50, 95, 105, 109, 112, 108, 105, 99, 105, 116, 108, 121, 76, 111, 103, 103, 101, 100, 37, 50, 50, 37, 51, 65, 37, 50, 50, 49, 37, 50, 50, 37, 55, 68, 37, 50, 67, 37, 55, 66, 37, 50, 50, 95, 101, 118, 101, 110, 116, 78, 97, 109, 101, 37, 50, 50, 37, 51, 65, 37, 50, 50, 102, 98, 95, 109, 111, 98, 105, 108, 101, 95, 97, 99, 116, 105, 118, 97, 116, 101, 95, 97, 112, 112, 37, 50, 50, 37, 50, 67, 37, 50, 50, 95, 101, 118, 101, 110, 116, 78, 97, 109, 101, 95, 109, 100, 53, 37, 50, 50, 37, 51, 65, 37, 50, 50, 99, 98, 55, 102, 51, 98, 54, 99, 100, 50, 57, 52, 97, 102, 99, 101, 48, 53, 101, 99, 101, 54, 49, 53, 100, 52, 51, 101, 97, 55, 98, 57, 37, 50, 50, 37, 50, 67, 37, 50, 50, 95, 108, 111, 103, 84, 105, 109, 101, 37, 50, 50, 37, 51, 65, 49, 54, 57, 55, 49, 55, 56, 49, 49, 56, 37, 50, 67, 37, 50, 50, 95, 117, 105, 37, 50, 50, 37, 51, 65, 37, 50, 50, 77, 97, 105, 110, 65, 99, 116, 105, 118, 105, 116, 121, 37, 50, 50, 37, 50, 67, 37, 50, 50, 95, 115, 101, 115, 115, 105, 111, 110, 95, 105, 100, 37, 50, 50, 37, 51, 65, 37, 50, 50, 55, 102, 101, 48, 57, 54, 102, 49, 45, 55, 101, 48, 54, 45, 52, 99, 97, 53, 45, 98, 99, 48, 54, 45, 51, 57, 48, 56, 56, 52, 48, 55, 48, 52, 50, 56, 37, 50, 50, 37, 50, 67, 37, 50, 50, 102, 98, 95, 109, 111, 98, 105, 108, 101, 95, 108, 97, 117, 110, 99, 104, 95, 115, 111, 117, 114, 99, 101, 37, 50, 50, 37, 51, 65, 37, 50, 50, 85, 110, 99, 108, 97, 115, 115, 105, 102, 105, 101, 100, 37, 50, 50, 37, 50, 67, 37, 50, 50, 102, 98, 95, 109, 111, 98, 105, 108, 101, 95, 112, 99, 107, 103, 95, 102, 112, 37, 50, 50, 37, 51, 65, 37, 50, 50, 55, 97, 98, 54, 50, 102, 57, 99, 57, 100, 51, 102, 97, 53, 57, 50, 53, 97, 102, 100, 50, 56, 102, 55, 53, 49, 97, 101, 52, 55, 102, 101, 37, 50, 50, 37, 50, 67, 37, 50, 50, 102, 98, 95, 109, 111, 98, 105, 108, 101, 95, 97, 112, 112, 95, 99, 101, 114, 116, 95, 104, 97, 115, 104, 37, 50, 50, 37, 51, 65, 37, 50, 50, 90, 120, 101, 117, 76, 90, 99, 86, 83, 113, 104, 37, 53, 67, 37, 50, 70, 101, 121, 82, 77, 83, 117, 76, 51, 113, 55, 50, 77, 79, 56, 103, 37, 51, 68, 37, 53, 67, 110, 37, 50, 50, 37, 55, 68, 37, 53, 68]], "sources": ["UUID"], "returned_value": null}, {"smali_tag": "9192_595", "clss": "Lcom/facebook/GraphRequest$Serializer;", "method": "writeContentDisposition(Ljava/lang/String;Ljava/lang/String;Ljava/lang/String;)V", "num": 595, "sink_class": "Ljava/io/OutputStream;", "sink_method": "write([B)V", "sink_values": [[101, 118, 101, 110, 116, 61]], "sources": ["UUID"], "returned_value": null}, {"smali_tag": "9192_317", "clss": "Lcom/facebook/GraphRequest$Serializer;", "method": "write(Ljava/lang/String;[Ljava/lang/Object;)V", "num": 317, "sink_class": "Ljava/net/URLEncoder;", "sink_method": "encode(Ljava/lang/String;Ljava/lang/String;)Ljava/lang/String;", "sink_values": ["CUSTOM_APP_EVENTS"], "sources": ["UUID"], "returned_value": null}, {"smali_tag": "9192_334", "clss": "Lcom/facebook/GraphRequest$Serializer;", "method": "write(Ljava/lang/String;[Ljava/lang/Object;)V", "num": 334, "sink_class": "Ljava/io/OutputStream;", "sink_method": "write([B)V", "sink_values": [[67, 85, 83, 84, 79, 77, 95, 65, 80, 80, 95, 69, 86, 69, 78, 84, 83]], "sources": ["UUID"], "returned_value": null}, {"smali_tag": "9192_595", "clss": "Lcom/facebook/GraphRequest$Serializer;", "method": "writeContentDisposition(Ljava/lang/String;Ljava/lang/String;Ljava/lang/String;)V", "num": 595, "sink_class": "Ljava/io/OutputStream;", "sink_method": "write([B)V", "sink_values": [[97, 110, 111, 110, 95, 105, 100, 61]], "sources": ["UUID"], "returned_value": null}, {"smali_tag": "9192_317", "clss": "Lcom/facebook/GraphRequest$Serializer;", "method": "write(Ljava/lang/String;[Ljava/lang/Object;)V", "num": 317, "sink_class": "Ljava/net/URLEncoder;", "sink_method": "encode(Ljava/lang/String;Ljava/lang/String;)Ljava/lang/String;", "sink_values": ["XZ5b73c278-0502-4a35-b07f-a521214ab739"], "sources": ["UUID"], "returned_value": null}, {"smali_tag": "9192_334", "clss": "Lcom/facebook/GraphRequest$Serializer;", "method": "write(Ljava/lang/String;[Ljava/lang/Object;)V", "num": 334, "sink_class": "Ljava/io/OutputStream;", "sink_method": "write([B)V", "sink_values": [[88, 90, 53, 98, 55, 51, 99, 50, 55, 56, 45, 48, 53, 48, 50, 45, 52, 97, 51, 53, 45, 98, 48, 55, 102, 45, 97, 53, 50, 49, 50, 49, 52, 97, 98, 55, 51, 57]], "sources": ["UUID"], "returned_value": null}, {"smali_tag": "9192_595", "clss": "Lcom/facebook/GraphRequest$Serializer;", "method": "writeContentDisposition(Ljava/lang/String;Ljava/lang/String;Ljava/lang/String;)V", "num": 595, "sink_class": "Ljava/io/OutputStream;", "sink_method": "write([B)V", "sink_values": [[97, 112, 112, 108, 105, 99, 97, 116, 105, 111, 110, 95, 116, 114, 97, 99, 107, 105, 110, 103, 95, 101, 110, 97, 98, 108, 101, 100, 61]], "sources": ["UUID"], "returned_value": null}, {"smali_tag": "9192_317", "clss": "Lcom/facebook/GraphRequest$Serializer;", "method": "write(Ljava/lang/String;[Ljava/lang/Object;)V", "num": 317, "sink_class": "Ljava/net/URLEncoder;", "sink_method": "encode(Ljava/lang/String;Ljava/lang/String;)Ljava/lang/String;", "sink_values": ["true"], "sources": ["UUID"], "returned_value": null}, {"smali_tag": "9192_334", "clss": "Lcom/facebook/GraphRequest$Serializer;", "method": "write(Ljava/lang/String;[Ljava/lang/Object;)V", "num": 334, "sink_class": "Ljava/io/OutputStream;", "sink_method": "write([B)V", "sink_values": [[116, 114, 117, 101]], "sources": ["UUID"], "returned_value": null}, {"smali_tag": "9192_595", "clss": "Lcom/facebook/GraphRequest$Serializer;", "method": "writeContentDisposition(Ljava/lang/String;Ljava/lang/String;Ljava/lang/String;)V", "num": 595, "sink_class": "Ljava/io/OutputStream;", "sink_method": "write([B)V", "sink_values": [[97, 100, 118, 101, 114, 116, 105, 115, 101, 114, 95, 105, 100, 95, 99, 111, 108, 108, 101, 99, 116, 105, 111, 110, 95, 101, 110, 97, 98, 108, 101, 100, 61]], "sources": ["UUID"], "returned_value": null}, {"smali_tag": "9192_317", "clss": "Lcom/facebook/GraphRequest$Serializer;", "method": "write(Ljava/lang/String;[Ljava/lang/Object;)V", "num": 317, "sink_class": "Ljava/net/URLEncoder;", "sink_method": "encode(Ljava/lang/String;Ljava/lang/String;)Ljava/lang/String;", "sink_values": ["true"], "sources": ["UUID"], "returned_value": null}, {"smali_tag": "9192_334", "clss": "Lcom/facebook/GraphRequest$Serializer;", "method": "write(Ljava/lang/String;[Ljava/lang/Object;)V", "num": 334, "sink_class": "Ljava/io/OutputStream;", "sink_method": "write([B)V", "sink_values": [[116, 114, 117, 101]], "sources": ["UUID"], "returned_value": null}, {"smali_tag": "9192_595", "clss": "Lcom/facebook/GraphRequest$Serializer;", "method": "writeContentDisposition(Ljava/lang/String;Ljava/lang/String;Ljava/lang/String;)V", "num": 595, "sink_class": "Ljava/io/OutputStream;", "sink_method": "write([B)V", "sink_values": [[101, 120, 116, 105, 110, 102, 111, 61]], "sources": ["UUID"], "returned_value": null}, {"smali_tag": "9192_317", "clss": "Lcom/facebook/GraphRequest$Serializer;", "method": "write(Ljava/lang/String;[Ljava/lang/Object;)V", "num": 317, "sink_class": "Ljava/net/URLEncoder;", "sink_method": "encode(Ljava/lang/String;Ljava/lang/String;)Ljava/lang/String;", "sink_values": ["[\"a2\",\"com.facebook.samples.kotlinsampleapp\",1,\"1.0\",\"13\",\"sdk_gphone_x86_64\",\"en_US\",\"GMT+09:00\",\"T-Mobile\",1080,2201,\"2.62\",4,6,5,\"Asia\\/Tokyo\"]"], "sources": ["UUID"], "returned_value": null}, {"smali_tag": "9192_595", "clss": "Lcom/facebook/GraphRequest$Serializer;", "method": "writeContentDisposition(Ljava/lang/String;Ljava/lang/String;Ljava/lang/String;)V", "num": 595, "sink_class": "Ljava/io/OutputStream;", "sink_method": "write([B)V", "sink_values": [[97, 112, 112, 108, 105, 99, 97, 116, 105, 111, 110, 95, 112, 97, 99, 107, 97, 103, 101, 95, 110, 97, 109, 101, 61]], "sources": ["UUID"], "returned_value": null}, {"smali_tag": "9192_317", "clss": "Lcom/facebook/GraphRequest$Serializer;", "method": "write(Ljava/lang/String;[Ljava/lang/Object;)V", "num": 317, "sink_class": "Ljava/net/URLEncoder;", "sink_method": "encode(Ljava/lang/String;Ljava/lang/String;)Ljava/lang/String;", "sink_values": ["com.facebook.samples.kotlinsampleapp"], "sources": ["UUID"], "returned_value": null}, {"smali_tag": "9192_334", "clss": "Lcom/facebook/GraphRequest$Serializer;", "method": "write(Ljava/lang/String;[Ljava/lang/Object;)V", "num": 334, "sink_class": "Ljava/io/OutputStream;", "sink_method": "write([B)V", "sink_values": [[99, 111, 109, 46, 102, 97, 99, 101, 98, 111, 111, 107, 46, 115, 97, 109, 112, 108, 101, 115, 46, 107, 111, 116, 108, 105, 110, 115, 97, 109, 112, 108, 101, 97, 112, 112]], "sources": ["UUID"], "returned_value": null}, {"smali_tag": "9098_4469", "clss": "Lcom/facebook/GraphRequest$Companion;", "method": "toHttpConnection(Lcom/facebook/GraphRequestBatch;)Ljava/net/HttpURLConnection;", "num": 4469, "sink_class": "Ljava/net/URL;", "sink_method": "<init>(Ljava/lang/String;)V", "sink_values": ["https://graph.facebook.com/v16.0/app/model_asset?access_token=230081766446920%7C01e85dd986417fb24a476bfa5a494d92&fields=use_case%2Cversion_id%2Casset_uri%2Crules_uri%2Cthresholds&format=json&sdk=android"], "sources": ["UUID"], "returned_value": null}, {"smali_tag": "9098_4469", "clss": "Lcom/facebook/GraphRequest$Companion;", "method": "toHttpConnection(Lcom/facebook/GraphRequestBatch;)Ljava/net/HttpURLConnection;", "num": 4469, "sink_class": "Ljava/net/URL;", "sink_method": "<init>(Ljava/lang/String;)V", "sink_values": ["https://graph.facebook.com/v16.0/230081766446920/activities"], "sources": ["UUID"], "returned_value": null}, {"smali_tag": "9192_595", "clss": "Lcom/facebook/GraphRequest$Serializer;", "method": "writeContentDisposition(Ljava/lang/String;Ljava/lang/String;Ljava/lang/String;)V", "num": 595, "sink_class": "Ljava/io/OutputStream;", "sink_method": "write([B)V", "sink_values": [[102, 111, 114, 109, 97, 116, 61]], "sources": ["UUID"], "returned_value": null}, {"smali_tag": "9192_317", "clss": "Lcom/facebook/GraphRequest$Serializer;", "method": "write(Ljava/lang/String;[Ljava/lang/Object;)V", "num": 317, "sink_class": "Ljava/net/URLEncoder;", "sink_method": "encode(Ljava/lang/String;Ljava/lang/String;)Ljava/lang/String;", "sink_values": ["json"], "sources": ["UUID"], "returned_value": null}, {"smali_tag": "9192_334", "clss": "Lcom/facebook/GraphRequest$Serializer;", "method": "write(Ljava/lang/String;[Ljava/lang/Object;)V", "num": 334, "sink_class": "Ljava/io/OutputStream;", "sink_method": "write([B)V", "sink_values": [[106, 115, 111, 110]], "sources": ["UUID"], "returned_value": null}, {"smali_tag": "9192_595", "clss": "Lcom/facebook/GraphRequest$Serializer;", "method": "writeContentDisposition(Ljava/lang/String;Ljava/lang/String;Ljava/lang/String;)V", "num": 595, "sink_class": "Ljava/io/OutputStream;", "sink_method": "write([B)V", "sink_values": [[115, 100, 107, 61]], "sources": ["UUID"], "returned_value": null}, {"smali_tag": "9192_317", "clss": "Lcom/facebook/GraphRequest$Serializer;", "method": "write(Ljava/lang/String;[Ljava/lang/Object;)V", "num": 317, "sink_class": "Ljava/net/URLEncoder;", "sink_method": "encode(Ljava/lang/String;Ljava/lang/String;)Ljava/lang/String;", "sink_values": ["android"], "sources": ["UUID"], "returned_value": null}, {"smali_tag": "9192_334", "clss": "Lcom/facebook/GraphRequest$Serializer;", "method": "write(Ljava/lang/String;[Ljava/lang/Object;)V", "num": 334, "sink_class": "Ljava/io/OutputStream;", "sink_method": "write([B)V", "sink_values": [[97, 110, 100, 114, 111, 105, 100]], "sources": ["UUID"], "returned_value": null}, {"smali_tag": "9192_595", "clss": "Lcom/facebook/GraphRequest$Serializer;", "method": "writeContentDisposition(Ljava/lang/String;Ljava/lang/String;Ljava/lang/String;)V", "num": 595, "sink_class": "Ljava/io/OutputStream;", "sink_method": "write([B)V", "sink_values": [[99, 117, 115, 116, 111, 109, 95, 101, 118, 101, 110, 116, 115, 61]], "sources": ["UUID"], "returned_value": null}, {"smali_tag": "9192_317", "clss": "Lcom/facebook/GraphRequest$Serializer;", "method": "write(Ljava/lang/String;[Ljava/lang/Object;)V", "num": 317, "sink_class": "Ljava/net/URLEncoder;", "sink_method": "encode(Ljava/lang/String;Ljava/lang/String;)Ljava/lang/String;", "sink_values": ["[{\"_eventName\":\"fb_login_button_create\",\"_eventName_md5\":\"0db7fed5d68940eae08989cfec9f4ef7\",\"_logTime\":1697178118,\"_ui\":\"MainActivity\",\"_session_id\":\"7fe096f1-7e06-4ca5-bc06-390884070428\",\"_implicitlyLogged\":\"1\"},{\"_eventName\":\"EMIT_EVENT_CLICK\",\"_eventName_md5\":\"027dd6f7784338a16fafd837b1b86cce\",\"_logTime\":1697178121,\"_ui\":\"MainActivity\",\"_session_id\":\"7fe096f1-7e06-4ca5-bc06-390884070428\"},{\"_eventName\":\"fb_login_button_create\",\"_eventName_md5\":\"0db7fed5d68940eae08989cfec9f4ef7\",\"_logTime\":1697178125,\"_ui\":\"MainActivity\",\"_session_id\":\"7fe096f1-7e06-4ca5-bc06-390884070428\",\"_implicitlyLogged\":\"1\"},{\"_eventName\":\"fb_login_button_create\",\"_eventName_md5\":\"0db7fed5d68940eae08989cfec9f4ef7\",\"_logTime\":1697178128,\"_ui\":\"MainActivity\",\"_session_id\":\"7fe096f1-7e06-4ca5-bc06-390884070428\",\"_implicitlyLogged\":\"1\"}]"], "sources": ["UUID"], "returned_value": null}, {"smali_tag": "9192_334", "clss": "Lcom/facebook/GraphRequest$Serializer;", "method": "write(Ljava/lang/String;[Ljava/lang/Object;)V", "num": 334, "sink_class": "Ljava/io/OutputStream;", "sink_method": "write([B)V", "sink_values": [[37, 53, 66, 37, 55, 66, 37, 50, 50, 95, 101, 118, 101, 110, 116, 78, 97, 109, 101, 37, 50, 50, 37, 51, 65, 37, 50, 50, 102, 98, 95, 108, 111, 103, 105, 110, 95, 98, 117, 116, 116, 111, 110, 95, 99, 114, 101, 97, 116, 101, 37, 50, 50, 37, 50, 67, 37, 50, 50, 95, 101, 118, 101, 110, 116, 78, 97, 109, 101, 95, 109, 100, 53, 37, 50, 50, 37, 51, 65, 37, 50, 50, 48, 100, 98, 55, 102, 101, 100, 53, 100, 54, 56, 57, 52, 48, 101, 97, 101, 48, 56, 57, 56, 57, 99, 102, 101, 99, 57, 102, 52, 101, 102, 55, 37, 50, 50, 37, 50, 67, 37, 50, 50, 95, 108, 111, 103, 84, 105, 109, 101, 37, 50, 50, 37, 51, 65, 49, 54, 57, 55, 49, 55, 56, 49, 49, 56, 37, 50, 67, 37, 50, 50, 95, 117, 105, 37, 50, 50, 37, 51, 65, 37, 50, 50, 77, 97, 105, 110, 65, 99, 116, 105, 118, 105, 116, 121, 37, 50, 50, 37, 50, 67, 37, 50, 50, 95, 115, 101, 115, 115, 105, 111, 110, 95, 105, 100, 37, 50, 50, 37, 51, 65, 37, 50, 50, 55, 102, 101, 48, 57, 54, 102, 49, 45, 55, 101, 48, 54, 45, 52, 99, 97, 53, 45, 98, 99, 48, 54, 45, 51, 57, 48, 56, 56, 52, 48, 55, 48, 52, 50, 56, 37, 50, 50, 37, 50, 67, 37, 50, 50, 95, 105, 109, 112, 108, 105, 99, 105, 116, 108, 121, 76, 111, 103, 103, 101, 100, 37, 50, 50, 37, 51, 65, 37, 50, 50, 49, 37, 50, 50, 37, 55, 68, 37, 50, 67, 37, 55, 66, 37, 50, 50, 95, 101, 118, 101, 110, 116, 78, 97, 109, 101, 37, 50, 50, 37, 51, 65, 37, 50, 50, 69, 77, 73, 84, 95, 69, 86, 69, 78, 84, 95, 67, 76, 73, 67, 75, 37, 50, 50, 37, 50, 67, 37, 50, 50, 95, 101, 118, 101, 110, 116, 78, 97, 109, 101, 95, 109, 100, 53, 37, 50, 50, 37, 51, 65, 37, 50, 50, 48, 50, 55, 100, 100, 54, 102, 55, 55, 56, 52, 51, 51, 56, 97, 49, 54, 102, 97, 102, 100, 56, 51, 55, 98, 49, 98, 56, 54, 99, 99, 101, 37, 50, 50, 37, 50, 67, 37, 50, 50, 95, 108, 111, 103, 84, 105, 109, 101, 37, 50, 50, 37, 51, 65, 49, 54, 57, 55, 49, 55, 56, 49, 50, 49, 37, 50, 67, 37, 50, 50, 95, 117, 105, 37, 50, 50, 37, 51, 65, 37, 50, 50, 77, 97, 105, 110, 65, 99, 116, 105, 118, 105, 116, 121, 37, 50, 50, 37, 50, 67, 37, 50, 50, 95, 115, 101, 115, 115, 105, 111, 110, 95, 105, 100, 37, 50, 50, 37, 51, 65, 37, 50, 50, 55, 102, 101, 48, 57, 54, 102, 49, 45, 55, 101, 48, 54, 45, 52, 99, 97, 53, 45, 98, 99, 48, 54, 45, 51, 57, 48, 56, 56, 52, 48, 55, 48, 52, 50, 56, 37, 50, 50, 37, 55, 68, 37, 50, 67, 37, 55, 66, 37, 50, 50, 95, 101, 118, 101, 110, 116, 78, 97, 109, 101, 37, 50, 50, 37, 51, 65, 37, 50, 50, 102, 98, 95, 108, 111, 103, 105, 110, 95, 98, 117, 116, 116, 111, 110, 95, 99, 114, 101, 97, 116, 101, 37, 50, 50, 37, 50, 67, 37, 50, 50, 95, 101, 118, 101, 110, 116, 78, 97, 109, 101, 95, 109, 100, 53, 37, 50, 50, 37, 51, 65, 37, 50, 50, 48, 100, 98, 55, 102, 101, 100, 53, 100, 54, 56, 57, 52, 48, 101, 97, 101, 48, 56, 57, 56, 57, 99, 102, 101, 99, 57, 102, 52, 101, 102, 55, 37, 50, 50, 37, 50, 67, 37, 50, 50, 95, 108, 111, 103, 84, 105, 109, 101, 37, 50, 50, 37, 51, 65, 49, 54, 57, 55, 49, 55, 56, 49, 50, 53, 37, 50, 67, 37, 50, 50, 95, 117, 105, 37, 50, 50, 37, 51, 65, 37, 50, 50, 77, 97, 105, 110, 65, 99, 116, 105, 118, 105, 116, 121, 37, 50, 50, 37, 50, 67, 37, 50, 50, 95, 115, 101, 115, 115, 105, 111, 110, 95, 105, 100, 37, 50, 50, 37, 51, 65, 37, 50, 50, 55, 102, 101, 48, 57, 54, 102, 49, 45, 55, 101, 48, 54, 45, 52, 99, 97, 53, 45, 98, 99, 48, 54, 45, 51, 57, 48, 56, 56, 52, 48, 55, 48, 52, 50, 56, 37, 50, 50, 37, 50, 67, 37, 50, 50, 95, 105, 109, 112, 108, 105, 99, 105, 116, 108, 121, 76, 111, 103, 103, 101, 100, 37, 50, 50, 37, 51, 65, 37, 50, 50, 49, 37, 50, 50, 37, 55, 68, 37, 50, 67, 37, 55, 66, 37, 50, 50, 95, 101, 118, 101, 110, 116, 78, 97, 109, 101, 37, 50, 50, 37, 51, 65, 37, 50, 50, 102, 98, 95, 108, 111, 103, 105, 110, 95, 98, 117, 116, 116, 111, 110, 95, 99, 114, 101, 97, 116, 101, 37, 50, 50, 37, 50, 67, 37, 50, 50, 95, 101, 118, 101, 110, 116, 78, 97, 109, 101, 95, 109, 100, 53, 37, 50, 50, 37, 51, 65, 37, 50, 50, 48, 100, 98, 55, 102, 101, 100, 53, 100, 54, 56, 57, 52, 48, 101, 97, 101, 48, 56, 57, 56, 57, 99, 102, 101, 99, 57, 102, 52, 101, 102, 55, 37, 50, 50, 37, 50, 67, 37, 50, 50, 95, 108, 111, 103, 84, 105, 109, 101, 37, 50, 50, 37, 51, 65, 49, 54, 57, 55, 49, 55, 56, 49, 50, 56, 37, 50, 67, 37, 50, 50, 95, 117, 105, 37, 50, 50, 37, 51, 65, 37, 50, 50, 77, 97, 105, 110, 65, 99, 116, 105, 118, 105, 116, 121, 37, 50, 50, 37, 50, 67, 37, 50, 50, 95, 115, 101, 115, 115, 105, 111, 110, 95, 105, 100, 37, 50, 50, 37, 51, 65, 37, 50, 50, 55, 102, 101, 48, 57, 54, 102, 49, 45, 55, 101, 48, 54, 45, 52, 99, 97, 53, 45, 98, 99, 48, 54, 45, 51, 57, 48, 56, 56, 52, 48, 55, 48, 52, 50, 56, 37, 50, 50, 37, 50, 67, 37, 50, 50, 95, 105, 109, 112, 108, 105, 99, 105, 116, 108, 121, 76, 111, 103, 103, 101, 100, 37, 50, 50, 37, 51, 65, 37, 50, 50, 49, 37, 50, 50, 37, 55, 68, 37, 53, 68]], "sources": ["UUID"], "returned_value": null}, {"smali_tag": "9192_595", "clss": "Lcom/facebook/GraphRequest$Serializer;", "method": "writeContentDisposition(Ljava/lang/String;Ljava/lang/String;Ljava/lang/String;)V", "num": 595, "sink_class": "Ljava/io/OutputStream;", "sink_method": "write([B)V", "sink_values": [[101, 118, 101, 110, 116, 61]], "sources": ["UUID"], "returned_value": null}, {"smali_tag": "9192_317", "clss": "Lcom/facebook/GraphRequest$Serializer;", "method": "write(Ljava/lang/String;[Ljava/lang/Object;)V", "num": 317, "sink_class": "Ljava/net/URLEncoder;", "sink_method": "encode(Ljava/lang/String;Ljava/lang/String;)Ljava/lang/String;", "sink_values": ["CUSTOM_APP_EVENTS"], "sources": ["UUID"], "returned_value": null}, {"smali_tag": "9192_334", "clss": "Lcom/facebook/GraphRequest$Serializer;", "method": "write(Ljava/lang/String;[Ljava/lang/Object;)V", "num": 334, "sink_class": "Ljava/io/OutputStream;", "sink_method": "write([B)V", "sink_values": [[67, 85, 83, 84, 79, 77, 95, 65, 80, 80, 95, 69, 86, 69, 78, 84, 83]], "sources": ["UUID"], "returned_value": null}, {"smali_tag": "9192_595", "clss": "Lcom/facebook/GraphRequest$Serializer;", "method": "writeContentDisposition(Ljava/lang/String;Ljava/lang/String;Ljava/lang/String;)V", "num": 595, "sink_class": "Ljava/io/OutputStream;", "sink_method": "write([B)V", "sink_values": [[97, 110, 111, 110, 95, 105, 100, 61]], "sources": ["UUID"], "returned_value": null}, {"smali_tag": "9192_317", "clss": "Lcom/facebook/GraphRequest$Serializer;", "method": "write(Ljava/lang/String;[Ljava/lang/Object;)V", "num": 317, "sink_class": "Ljava/net/URLEncoder;", "sink_method": "encode(Ljava/lang/String;Ljava/lang/String;)Ljava/lang/String;", "sink_values": ["XZ5b73c278-0502-4a35-b07f-a521214ab739"], "sources": ["UUID"], "returned_value": null}, {"smali_tag": "9192_334", "clss": "Lcom/facebook/GraphRequest$Serializer;", "method": "write(Ljava/lang/String;[Ljava/lang/Object;)V", "num": 334, "sink_class": "Ljava/io/OutputStream;", "sink_method": "write([B)V", "sink_values": [[88, 90, 53, 98, 55, 51, 99, 50, 55, 56, 45, 48, 53, 48, 50, 45, 52, 97, 51, 53, 45, 98, 48, 55, 102, 45, 97, 53, 50, 49, 50, 49, 52, 97, 98, 55, 51, 57]], "sources": ["UUID"], "returned_value": null}, {"smali_tag": "9192_595", "clss": "Lcom/facebook/GraphRequest$Serializer;", "method": "writeContentDisposition(Ljava/lang/String;Ljava/lang/String;Ljava/lang/String;)V", "num": 595, "sink_class": "Ljava/io/OutputStream;", "sink_method": "write([B)V", "sink_values": [[97, 112, 112, 108, 105, 99, 97, 116, 105, 111, 110, 95, 116, 114, 97, 99, 107, 105, 110, 103, 95, 101, 110, 97, 98, 108, 101, 100, 61]], "sources": ["UUID"], "returned_value": null}, {"smali_tag": "9192_317", "clss": "Lcom/facebook/GraphRequest$Serializer;", "method": "write(Ljava/lang/String;[Ljava/lang/Object;)V", "num": 317, "sink_class": "Ljava/net/URLEncoder;", "sink_method": "encode(Ljava/lang/String;Ljava/lang/String;)Ljava/lang/String;", "sink_values": ["true"], "sources": ["UUID"], "returned_value": null}, {"smali_tag": "9192_334", "clss": "Lcom/facebook/GraphRequest$Serializer;", "method": "write(Ljava/lang/String;[Ljava/lang/Object;)V", "num": 334, "sink_class": "Ljava/io/OutputStream;", "sink_method": "write([B)V", "sink_values": [[116, 114, 117, 101]], "sources": ["UUID"], "returned_value": null}, {"smali_tag": "9192_595", "clss": "Lcom/facebook/GraphRequest$Serializer;", "method": "writeContentDisposition(Ljava/lang/String;Ljava/lang/String;Ljava/lang/String;)V", "num": 595, "sink_class": "Ljava/io/OutputStream;", "sink_method": "write([B)V", "sink_values": [[97, 100, 118, 101, 114, 116, 105, 115, 101, 114, 95, 105, 100, 95, 99, 111, 108, 108, 101, 99, 116, 105, 111, 110, 95, 101, 110, 97, 98, 108, 101, 100, 61]], "sources": ["UUID"], "returned_value": null}, {"smali_tag": "9192_317", "clss": "Lcom/facebook/GraphRequest$Serializer;", "method": "write(Ljava/lang/String;[Ljava/lang/Object;)V", "num": 317, "sink_class": "Ljava/net/URLEncoder;", "sink_method": "encode(Ljava/lang/String;Ljava/lang/String;)Ljava/lang/String;", "sink_values": ["true"], "sources": ["UUID"], "returned_value": null}, {"smali_tag": "9192_334", "clss": "Lcom/facebook/GraphRequest$Serializer;", "method": "write(Ljava/lang/String;[Ljava/lang/Object;)V", "num": 334, "sink_class": "Ljava/io/OutputStream;", "sink_method": "write([B)V", "sink_values": [[116, 114, 117, 101]], "sources": ["UUID"], "returned_value": null}, {"smali_tag": "9192_595", "clss": "Lcom/facebook/GraphRequest$Serializer;", "method": "writeContentDisposition(Ljava/lang/String;Ljava/lang/String;Ljava/lang/String;)V", "num": 595, "sink_class": "Ljava/io/OutputStream;", "sink_method": "write([B)V", "sink_values": [[101, 120, 116, 105, 110, 102, 111, 61]], "sources": ["UUID"], "returned_value": null}, {"smali_tag": "9192_317", "clss": "Lcom/facebook/GraphRequest$Serializer;", "method": "write(Ljava/lang/String;[Ljava/lang/Object;)V", "num": 317, "sink_class": "Ljava/net/URLEncoder;", "sink_method": "encode(Ljava/lang/String;Ljava/lang/String;)Ljava/lang/String;", "sink_values": ["[\"a2\",\"com.facebook.samples.kotlinsampleapp\",1,\"1.0\",\"13\",\"sdk_gphone_x86_64\",\"en_US\",\"GMT+09:00\",\"T-Mobile\",1080,2201,\"2.62\",4,6,5,\"Asia\\/Tokyo\"]"], "sources": ["UUID"], "returned_value": null}, {"smali_tag": "9192_595", "clss": "Lcom/facebook/GraphRequest$Serializer;", "method": "writeContentDisposition(Ljava/lang/String;Ljava/lang/String;Ljava/lang/String;)V", "num": 595, "sink_class": "Ljava/io/OutputStream;", "sink_method": "write([B)V", "sink_values": [[97, 112, 112, 108, 105, 99, 97, 116, 105, 111, 110, 95, 112, 97, 99, 107, 97, 103, 101, 95, 110, 97, 109, 101, 61]], "sources": ["UUID"], "returned_value": null}, {"smali_tag": "9192_317", "clss": "Lcom/facebook/GraphRequest$Serializer;", "method": "write(Ljava/lang/String;[Ljava/lang/Object;)V", "num": 317, "sink_class": "Ljava/net/URLEncoder;", "sink_method": "encode(Ljava/lang/String;Ljava/lang/String;)Ljava/lang/String;", "sink_values": ["com.facebook.samples.kotlinsampleapp"], "sources": ["UUID"], "returned_value": null}, {"smali_tag": "9192_334", "clss": "Lcom/facebook/GraphRequest$Serializer;", "method": "write(Ljava/lang/String;[Ljava/lang/Object;)V", "num": 334, "sink_class": "Ljava/io/OutputStream;", "sink_method": "write([B)V", "sink_values": [[99, 111, 109, 46, 102, 97, 99, 101, 98, 111, 111, 107, 46, 115, 97, 109, 112, 108, 101, 115, 46, 107, 111, 116, 108, 105, 110, 115, 97, 109, 112, 108, 101, 97, 112, 112]], "sources": ["UUID"], "returned_value": null}]