project.emulator.get_num_leaks() = 6
Sources
[{'clss': 'Lcom/snowplowanalytics/core/utils/Util;',
  'method': 'uUIDString()Ljava/lang/String;',
  'name': ['UUID'],
  'num': 1362,
  'source_class': 'Ljava/util/UUID;',
  'source_method': 'toString()Ljava/lang/String;'},
 {'clss': 'Lcom/snowplowanalytics/core/utils/Util;',
  'method': 'uUIDString()Ljava/lang/String;',
  'name': ['UUID'],
  'num': 1362,
  'source_class': 'Ljava/util/UUID;',
  'source_method': 'toString()Ljava/lang/String;'},
 {'clss': 'Lcom/snowplowanalytics/core/session/Session$Companion;',
  'method': 'retrieveUserId(Landroid/content/Context;Lcom/snowplowanalytics/snowplow/tracker/SessionState;)Ljava/lang/String;',
  'name': ['UUID'],
  'num': 134,
  'source_class': 'Landroid/content/SharedPreferences;',
  'source_method': 'getString(Ljava/lang/String;Ljava/lang/String;)Ljava/lang/String;'},
 {'clss': 'Lcom/snowplowanalytics/core/tracker/Tracker;',
  'method': 'workaroundForIncoherentSessionContext(Lcom/snowplowanalytics/core/tracker/TrackerEvent;)V',
  'name': ['UUID'],
  'num': 1955,
  'source_class': 'Ljava/util/UUID;',
  'source_method': 'toString()Ljava/lang/String;'},
 {'clss': 'Lcom/snowplowanalytics/core/utils/Util;',
  'method': 'uUIDString()Ljava/lang/String;',
  'name': ['UUID'],
  'num': 1362,
  'source_class': 'Ljava/util/UUID;',
  'source_method': 'toString()Ljava/lang/String;'},
 {'clss': 'Lcom/snowplowanalytics/core/utils/Util;',
  'method': 'uUIDString()Ljava/lang/String;',
  'name': ['UUID'],
  'num': 1362,
  'source_class': 'Ljava/util/UUID;',
  'source_method': 'toString()Ljava/lang/String;'},
 {'clss': 'Lcom/snowplowanalytics/core/session/Session;',
  'method': 'storeSessionState(Lcom/snowplowanalytics/snowplow/tracker/SessionState;)V',
  'name': ['UUID'],
  'num': 927,
  'source_class': 'Lorg/json/JSONObject;',
  'source_method': 'toString()Ljava/lang/String;'},
 {'clss': 'Lcom/snowplowanalytics/core/tracker/Tracker;',
  'method': 'addBasicPropertiesToPayload(Lcom/snowplowanalytics/snowplow/payload/Payload;Lcom/snowplowanalytics/core/tracker/TrackerEvent;)V',
  'name': ['UUID'],
  'num': 1092,
  'source_class': 'Ljava/util/UUID;',
  'source_method': 'toString()Ljava/lang/String;'},
 {'clss': 'Lcom/snowplowanalytics/core/utils/Util;',
  'method': 'uUIDString()Ljava/lang/String;',
  'name': ['UUID'],
  'num': 1362,
  'source_class': 'Ljava/util/UUID;',
  'source_method': 'toString()Ljava/lang/String;'},
 {'clss': 'Lcom/snowplowanalytics/core/tracker/Tracker;',
  'method': 'workaroundForIncoherentSessionContext(Lcom/snowplowanalytics/core/tracker/TrackerEvent;)V',
  'name': ['UUID'],
  'num': 1955,
  'source_class': 'Ljava/util/UUID;',
  'source_method': 'toString()Ljava/lang/String;'},
 {'clss': 'Lcom/snowplowanalytics/core/tracker/Tracker;',
  'method': 'addBasicPropertiesToPayload(Lcom/snowplowanalytics/snowplow/payload/Payload;Lcom/snowplowanalytics/core/tracker/TrackerEvent;)V',
  'name': ['UUID'],
  'num': 1092,
  'source_class': 'Ljava/util/UUID;',
  'source_method': 'toString()Ljava/lang/String;'},
 {'clss': 'Lcom/snowplowanalytics/snowplow/payload/TrackerPayload;',
  'method': 'addMap(Ljava/util/Map;ZLjava/lang/String;Ljava/lang/String;)V',
  'name': ['UUID'],
  'num': 418,
  'source_class': 'Lorg/json/JSONObject;',
  'source_method': 'toString()Ljava/lang/String;'},
 {'clss': 'Lcom/snowplowanalytics/snowplow/payload/TrackerPayload;',
  'method': 'addMap(Ljava/util/Map;ZLjava/lang/String;Ljava/lang/String;)V',
  'name': ['UUID'],
  'num': 418,
  'source_class': 'Lorg/json/JSONObject;',
  'source_method': 'toString()Ljava/lang/String;'},
 {'clss': 'Lcom/snowplowanalytics/core/utils/Util;',
  'method': 'objectMapToString(Ljava/util/Map;)Ljava/util/Map;',
  'name': ['UUID'],
  'num': 1199,
  'source_class': 'Ljava/lang/Object;',
  'source_method': 'toString()Ljava/lang/String;'},
 {'clss': 'Lcom/snowplowanalytics/snowplow/payload/TrackerPayload;',
  'method': 'addMap(Ljava/util/Map;ZLjava/lang/String;Ljava/lang/String;)V',
  'name': ['UUID'],
  'num': 418,
  'source_class': 'Lorg/json/JSONObject;',
  'source_method': 'toString()Ljava/lang/String;'},
 {'clss': 'Lcom/snowplowanalytics/core/utils/Util;',
  'method': 'objectMapToString(Ljava/util/Map;)Ljava/util/Map;',
  'name': ['UUID'],
  'num': 1199,
  'source_class': 'Ljava/lang/Object;',
  'source_method': 'toString()Ljava/lang/String;'},
 {'clss': 'Lcom/snowplowanalytics/snowplow/payload/TrackerPayload;',
  'method': 'toString()Ljava/lang/String;',
  'name': ['UUID'],
  'num': 531,
  'source_class': 'Lorg/json/JSONObject;',
  'source_method': 'toString()Ljava/lang/String;'},
 {'clss': 'Lcom/snowplowanalytics/snowplow/payload/TrackerPayload;',
  'method': 'toString()Ljava/lang/String;',
  'name': ['UUID'],
  'num': 531,
  'source_class': 'Lorg/json/JSONObject;',
  'source_method': 'toString()Ljava/lang/String;'},
 {'clss': 'Lcom/snowplowanalytics/snowplow/payload/TrackerPayload;',
  'method': 'toString()Ljava/lang/String;',
  'name': ['UUID'],
  'num': 531,
  'source_class': 'Lorg/json/JSONObject;',
  'source_method': 'toString()Ljava/lang/String;'},
 {'clss': 'Lcom/snowplowanalytics/core/utils/Util;',
  'method': 'uUIDString()Ljava/lang/String;',
  'name': ['UUID'],
  'num': 1362,
  'source_class': 'Ljava/util/UUID;',
  'source_method': 'toString()Ljava/lang/String;'},
 {'clss': 'Lcom/snowplowanalytics/core/tracker/Tracker;',
  'method': 'workaroundForIncoherentSessionContext(Lcom/snowplowanalytics/core/tracker/TrackerEvent;)V',
  'name': ['UUID'],
  'num': 1955,
  'source_class': 'Ljava/util/UUID;',
  'source_method': 'toString()Ljava/lang/String;'},
 {'clss': 'Lcom/snowplowanalytics/core/tracker/Tracker;',
  'method': 'addBasicPropertiesToPayload(Lcom/snowplowanalytics/snowplow/payload/Payload;Lcom/snowplowanalytics/core/tracker/TrackerEvent;)V',
  'name': ['UUID'],
  'num': 1092,
  'source_class': 'Ljava/util/UUID;',
  'source_method': 'toString()Ljava/lang/String;'},
 {'clss': 'Lcom/snowplowanalytics/snowplow/payload/TrackerPayload;',
  'method': 'addMap(Ljava/util/Map;ZLjava/lang/String;Ljava/lang/String;)V',
  'name': ['UUID'],
  'num': 418,
  'source_class': 'Lorg/json/JSONObject;',
  'source_method': 'toString()Ljava/lang/String;'},
 {'clss': 'Lcom/snowplowanalytics/snowplow/payload/TrackerPayload;',
  'method': 'addMap(Ljava/util/Map;ZLjava/lang/String;Ljava/lang/String;)V',
  'name': ['UUID'],
  'num': 418,
  'source_class': 'Lorg/json/JSONObject;',
  'source_method': 'toString()Ljava/lang/String;'},
 {'clss': 'Lcom/snowplowanalytics/core/utils/Util;',
  'method': 'objectMapToString(Ljava/util/Map;)Ljava/util/Map;',
  'name': ['UUID'],
  'num': 1199,
  'source_class': 'Ljava/lang/Object;',
  'source_method': 'toString()Ljava/lang/String;'},
 {'clss': 'Lcom/snowplowanalytics/snowplow/payload/TrackerPayload;',
  'method': 'toString()Ljava/lang/String;',
  'name': ['UUID'],
  'num': 531,
  'source_class': 'Lorg/json/JSONObject;',
  'source_method': 'toString()Ljava/lang/String;'},
 {'clss': 'Lcom/snowplowanalytics/core/utils/Util;',
  'method': 'uUIDString()Ljava/lang/String;',
  'name': ['UUID'],
  'num': 1362,
  'source_class': 'Ljava/util/UUID;',
  'source_method': 'toString()Ljava/lang/String;'},
 {'clss': 'Lcom/snowplowanalytics/core/tracker/Tracker;',
  'method': 'workaroundForIncoherentSessionContext(Lcom/snowplowanalytics/core/tracker/TrackerEvent;)V',
  'name': ['UUID'],
  'num': 1955,
  'source_class': 'Ljava/util/UUID;',
  'source_method': 'toString()Ljava/lang/String;'},
 {'clss': 'Lcom/snowplowanalytics/core/tracker/Tracker;',
  'method': 'addBasicPropertiesToPayload(Lcom/snowplowanalytics/snowplow/payload/Payload;Lcom/snowplowanalytics/core/tracker/TrackerEvent;)V',
  'name': ['UUID'],
  'num': 1092,
  'source_class': 'Ljava/util/UUID;',
  'source_method': 'toString()Ljava/lang/String;'},
 {'clss': 'Lcom/snowplowanalytics/snowplow/payload/TrackerPayload;',
  'method': 'addMap(Ljava/util/Map;ZLjava/lang/String;Ljava/lang/String;)V',
  'name': ['UUID'],
  'num': 418,
  'source_class': 'Lorg/json/JSONObject;',
  'source_method': 'toString()Ljava/lang/String;'},
 {'clss': 'Lcom/snowplowanalytics/snowplow/payload/TrackerPayload;',
  'method': 'addMap(Ljava/util/Map;ZLjava/lang/String;Ljava/lang/String;)V',
  'name': ['UUID'],
  'num': 418,
  'source_class': 'Lorg/json/JSONObject;',
  'source_method': 'toString()Ljava/lang/String;'},
 {'clss': 'Lcom/snowplowanalytics/core/utils/Util;',
  'method': 'objectMapToString(Ljava/util/Map;)Ljava/util/Map;',
  'name': ['UUID'],
  'num': 1199,
  'source_class': 'Ljava/lang/Object;',
  'source_method': 'toString()Ljava/lang/String;'},
 {'clss': 'Lcom/snowplowanalytics/snowplow/payload/TrackerPayload;',
  'method': 'toString()Ljava/lang/String;',
  'name': ['UUID'],
  'num': 531,
  'source_class': 'Lorg/json/JSONObject;',
  'source_method': 'toString()Ljava/lang/String;'},
 {'clss': 'Lcom/snowplowanalytics/snowplow/payload/TrackerPayload;',
  'method': 'toString()Ljava/lang/String;',
  'name': ['UUID'],
  'num': 531,
  'source_class': 'Lorg/json/JSONObject;',
  'source_method': 'toString()Ljava/lang/String;'},
 {'clss': 'Lcom/snowplowanalytics/snowplow/payload/TrackerPayload;',
  'method': 'toString()Ljava/lang/String;',
  'name': ['UUID'],
  'num': 531,
  'source_class': 'Lorg/json/JSONObject;',
  'source_method': 'toString()Ljava/lang/String;'},
 {'clss': 'Lcom/snowplowanalytics/snowplow/payload/TrackerPayload;',
  'method': 'toString()Ljava/lang/String;',
  'name': ['UUID'],
  'num': 531,
  'source_class': 'Lorg/json/JSONObject;',
  'source_method': 'toString()Ljava/lang/String;'},
 {'clss': 'Lcom/snowplowanalytics/core/utils/Util;',
  'method': 'uUIDString()Ljava/lang/String;',
  'name': ['UUID'],
  'num': 1362,
  'source_class': 'Ljava/util/UUID;',
  'source_method': 'toString()Ljava/lang/String;'},
 {'clss': 'Lcom/snowplowanalytics/core/tracker/Tracker;',
  'method': 'workaroundForIncoherentSessionContext(Lcom/snowplowanalytics/core/tracker/TrackerEvent;)V',
  'name': ['UUID'],
  'num': 1955,
  'source_class': 'Ljava/util/UUID;',
  'source_method': 'toString()Ljava/lang/String;'},
 {'clss': 'Lcom/snowplowanalytics/core/tracker/Tracker;',
  'method': 'addBasicPropertiesToPayload(Lcom/snowplowanalytics/snowplow/payload/Payload;Lcom/snowplowanalytics/core/tracker/TrackerEvent;)V',
  'name': ['UUID'],
  'num': 1092,
  'source_class': 'Ljava/util/UUID;',
  'source_method': 'toString()Ljava/lang/String;'},
 {'clss': 'Lcom/snowplowanalytics/snowplow/payload/TrackerPayload;',
  'method': 'toString()Ljava/lang/String;',
  'name': ['UUID'],
  'num': 531,
  'source_class': 'Lorg/json/JSONObject;',
  'source_method': 'toString()Ljava/lang/String;'},
 {'clss': 'Lcom/snowplowanalytics/snowplow/payload/TrackerPayload;',
  'method': 'addMap(Ljava/util/Map;ZLjava/lang/String;Ljava/lang/String;)V',
  'name': ['UUID'],
  'num': 418,
  'source_class': 'Lorg/json/JSONObject;',
  'source_method': 'toString()Ljava/lang/String;'},
 {'clss': 'Lcom/snowplowanalytics/snowplow/payload/TrackerPayload;',
  'method': 'addMap(Ljava/util/Map;ZLjava/lang/String;Ljava/lang/String;)V',
  'name': ['UUID'],
  'num': 418,
  'source_class': 'Lorg/json/JSONObject;',
  'source_method': 'toString()Ljava/lang/String;'},
 {'clss': 'Lcom/snowplowanalytics/core/utils/Util;',
  'method': 'objectMapToString(Ljava/util/Map;)Ljava/util/Map;',
  'name': ['UUID'],
  'num': 1199,
  'source_class': 'Ljava/lang/Object;',
  'source_method': 'toString()Ljava/lang/String;'},
 {'clss': 'Lcom/snowplowanalytics/snowplow/payload/TrackerPayload;',
  'method': 'toString()Ljava/lang/String;',
  'name': ['UUID'],
  'num': 531,
  'source_class': 'Lorg/json/JSONObject;',
  'source_method': 'toString()Ljava/lang/String;'},
 {'clss': 'Lcom/snowplowanalytics/snowplow/payload/TrackerPayload;',
  'method': 'toString()Ljava/lang/String;',
  'name': ['UUID'],
  'num': 531,
  'source_class': 'Lorg/json/JSONObject;',
  'source_method': 'toString()Ljava/lang/String;'},
 {'clss': 'Lcom/snowplowanalytics/snowplow/payload/TrackerPayload;',
  'method': 'toString()Ljava/lang/String;',
  'name': ['UUID'],
  'num': 531,
  'source_class': 'Lorg/json/JSONObject;',
  'source_method': 'toString()Ljava/lang/String;'},
 {'clss': 'Lcom/snowplowanalytics/core/utils/Util;',
  'method': 'uUIDString()Ljava/lang/String;',
  'name': ['UUID'],
  'num': 1362,
  'source_class': 'Ljava/util/UUID;',
  'source_method': 'toString()Ljava/lang/String;'},
 {'clss': 'Lcom/snowplowanalytics/core/tracker/Tracker;',
  'method': 'workaroundForIncoherentSessionContext(Lcom/snowplowanalytics/core/tracker/TrackerEvent;)V',
  'name': ['UUID'],
  'num': 1955,
  'source_class': 'Ljava/util/UUID;',
  'source_method': 'toString()Ljava/lang/String;'},
 {'clss': 'Lcom/snowplowanalytics/core/tracker/Tracker;',
  'method': 'addBasicPropertiesToPayload(Lcom/snowplowanalytics/snowplow/payload/Payload;Lcom/snowplowanalytics/core/tracker/TrackerEvent;)V',
  'name': ['UUID'],
  'num': 1092,
  'source_class': 'Ljava/util/UUID;',
  'source_method': 'toString()Ljava/lang/String;'},
 {'clss': 'Lcom/snowplowanalytics/snowplow/payload/TrackerPayload;',
  'method': 'addMap(Ljava/util/Map;ZLjava/lang/String;Ljava/lang/String;)V',
  'name': ['UUID'],
  'num': 418,
  'source_class': 'Lorg/json/JSONObject;',
  'source_method': 'toString()Ljava/lang/String;'},
 {'clss': 'Lcom/snowplowanalytics/snowplow/payload/TrackerPayload;',
  'method': 'addMap(Ljava/util/Map;ZLjava/lang/String;Ljava/lang/String;)V',
  'name': ['UUID'],
  'num': 418,
  'source_class': 'Lorg/json/JSONObject;',
  'source_method': 'toString()Ljava/lang/String;'},
 {'clss': 'Lcom/snowplowanalytics/core/utils/Util;',
  'method': 'objectMapToString(Ljava/util/Map;)Ljava/util/Map;',
  'name': ['UUID'],
  'num': 1199,
  'source_class': 'Ljava/lang/Object;',
  'source_method': 'toString()Ljava/lang/String;'},
 {'clss': 'Lcom/snowplowanalytics/snowplow/payload/TrackerPayload;',
  'method': 'toString()Ljava/lang/String;',
  'name': ['UUID'],
  'num': 531,
  'source_class': 'Lorg/json/JSONObject;',
  'source_method': 'toString()Ljava/lang/String;'},
 {'clss': 'Lcom/snowplowanalytics/snowplow/payload/TrackerPayload;',
  'method': 'toString()Ljava/lang/String;',
  'name': ['UUID'],
  'num': 531,
  'source_class': 'Lorg/json/JSONObject;',
  'source_method': 'toString()Ljava/lang/String;'},
 {'clss': 'Lcom/snowplowanalytics/core/utils/Util;',
  'method': 'uUIDString()Ljava/lang/String;',
  'name': ['UUID'],
  'num': 1362,
  'source_class': 'Ljava/util/UUID;',
  'source_method': 'toString()Ljava/lang/String;'},
 {'clss': 'Lcom/snowplowanalytics/core/tracker/Tracker;',
  'method': 'workaroundForIncoherentSessionContext(Lcom/snowplowanalytics/core/tracker/TrackerEvent;)V',
  'name': ['UUID'],
  'num': 1955,
  'source_class': 'Ljava/util/UUID;',
  'source_method': 'toString()Ljava/lang/String;'},
 {'clss': 'Lcom/snowplowanalytics/core/tracker/Tracker;',
  'method': 'addBasicPropertiesToPayload(Lcom/snowplowanalytics/snowplow/payload/Payload;Lcom/snowplowanalytics/core/tracker/TrackerEvent;)V',
  'name': ['UUID'],
  'num': 1092,
  'source_class': 'Ljava/util/UUID;',
  'source_method': 'toString()Ljava/lang/String;'},
 {'clss': 'Lcom/snowplowanalytics/snowplow/payload/TrackerPayload;',
  'method': 'addMap(Ljava/util/Map;ZLjava/lang/String;Ljava/lang/String;)V',
  'name': ['UUID'],
  'num': 418,
  'source_class': 'Lorg/json/JSONObject;',
  'source_method': 'toString()Ljava/lang/String;'},
 {'clss': 'Lcom/snowplowanalytics/snowplow/payload/TrackerPayload;',
  'method': 'addMap(Ljava/util/Map;ZLjava/lang/String;Ljava/lang/String;)V',
  'name': ['UUID'],
  'num': 418,
  'source_class': 'Lorg/json/JSONObject;',
  'source_method': 'toString()Ljava/lang/String;'},
 {'clss': 'Lcom/snowplowanalytics/core/utils/Util;',
  'method': 'objectMapToString(Ljava/util/Map;)Ljava/util/Map;',
  'name': ['UUID'],
  'num': 1199,
  'source_class': 'Ljava/lang/Object;',
  'source_method': 'toString()Ljava/lang/String;'},
 {'clss': 'Lcom/snowplowanalytics/snowplow/payload/TrackerPayload;',
  'method': 'toString()Ljava/lang/String;',
  'name': ['UUID'],
  'num': 531,
  'source_class': 'Lorg/json/JSONObject;',
  'source_method': 'toString()Ljava/lang/String;'},
 {'clss': 'Lcom/snowplowanalytics/snowplow/payload/TrackerPayload;',
  'method': 'toString()Ljava/lang/String;',
  'name': ['UUID'],
  'num': 531,
  'source_class': 'Lorg/json/JSONObject;',
  'source_method': 'toString()Ljava/lang/String;'},
 {'clss': 'Lcom/snowplowanalytics/core/utils/Util;',
  'method': 'uUIDString()Ljava/lang/String;',
  'name': ['UUID'],
  'num': 1362,
  'source_class': 'Ljava/util/UUID;',
  'source_method': 'toString()Ljava/lang/String;'},
 {'clss': 'Lcom/snowplowanalytics/core/tracker/Tracker;',
  'method': 'workaroundForIncoherentSessionContext(Lcom/snowplowanalytics/core/tracker/TrackerEvent;)V',
  'name': ['UUID'],
  'num': 1955,
  'source_class': 'Ljava/util/UUID;',
  'source_method': 'toString()Ljava/lang/String;'},
 {'clss': 'Lcom/snowplowanalytics/core/tracker/Tracker;',
  'method': 'addBasicPropertiesToPayload(Lcom/snowplowanalytics/snowplow/payload/Payload;Lcom/snowplowanalytics/core/tracker/TrackerEvent;)V',
  'name': ['UUID'],
  'num': 1092,
  'source_class': 'Ljava/util/UUID;',
  'source_method': 'toString()Ljava/lang/String;'},
 {'clss': 'Lcom/snowplowanalytics/snowplow/payload/TrackerPayload;',
  'method': 'addMap(Ljava/util/Map;ZLjava/lang/String;Ljava/lang/String;)V',
  'name': ['UUID'],
  'num': 418,
  'source_class': 'Lorg/json/JSONObject;',
  'source_method': 'toString()Ljava/lang/String;'},
 {'clss': 'Lcom/snowplowanalytics/snowplow/payload/TrackerPayload;',
  'method': 'addMap(Ljava/util/Map;ZLjava/lang/String;Ljava/lang/String;)V',
  'name': ['UUID'],
  'num': 418,
  'source_class': 'Lorg/json/JSONObject;',
  'source_method': 'toString()Ljava/lang/String;'},
 {'clss': 'Lcom/snowplowanalytics/core/utils/Util;',
  'method': 'objectMapToString(Ljava/util/Map;)Ljava/util/Map;',
  'name': ['UUID'],
  'num': 1199,
  'source_class': 'Ljava/lang/Object;',
  'source_method': 'toString()Ljava/lang/String;'},
 {'clss': 'Lcom/snowplowanalytics/snowplow/payload/TrackerPayload;',
  'method': 'toString()Ljava/lang/String;',
  'name': ['UUID'],
  'num': 531,
  'source_class': 'Lorg/json/JSONObject;',
  'source_method': 'toString()Ljava/lang/String;'},
 {'clss': 'Lcom/snowplowanalytics/snowplow/payload/TrackerPayload;',
  'method': 'toString()Ljava/lang/String;',
  'name': ['UUID'],
  'num': 531,
  'source_class': 'Lorg/json/JSONObject;',
  'source_method': 'toString()Ljava/lang/String;'},
 {'clss': 'Lcom/snowplowanalytics/core/utils/Util;',
  'method': 'uUIDString()Ljava/lang/String;',
  'name': ['UUID'],
  'num': 1362,
  'source_class': 'Ljava/util/UUID;',
  'source_method': 'toString()Ljava/lang/String;'},
 {'clss': 'Lcom/snowplowanalytics/core/tracker/Tracker;',
  'method': 'workaroundForIncoherentSessionContext(Lcom/snowplowanalytics/core/tracker/TrackerEvent;)V',
  'name': ['UUID'],
  'num': 1955,
  'source_class': 'Ljava/util/UUID;',
  'source_method': 'toString()Ljava/lang/String;'},
 {'clss': 'Lcom/snowplowanalytics/core/tracker/Tracker;',
  'method': 'addBasicPropertiesToPayload(Lcom/snowplowanalytics/snowplow/payload/Payload;Lcom/snowplowanalytics/core/tracker/TrackerEvent;)V',
  'name': ['UUID'],
  'num': 1092,
  'source_class': 'Ljava/util/UUID;',
  'source_method': 'toString()Ljava/lang/String;'},
 {'clss': 'Lcom/snowplowanalytics/snowplow/payload/TrackerPayload;',
  'method': 'toString()Ljava/lang/String;',
  'name': ['UUID'],
  'num': 531,
  'source_class': 'Lorg/json/JSONObject;',
  'source_method': 'toString()Ljava/lang/String;'},
 {'clss': 'Lcom/snowplowanalytics/snowplow/payload/TrackerPayload;',
  'method': 'addMap(Ljava/util/Map;ZLjava/lang/String;Ljava/lang/String;)V',
  'name': ['UUID'],
  'num': 418,
  'source_class': 'Lorg/json/JSONObject;',
  'source_method': 'toString()Ljava/lang/String;'},
 {'clss': 'Lcom/snowplowanalytics/snowplow/payload/TrackerPayload;',
  'method': 'addMap(Ljava/util/Map;ZLjava/lang/String;Ljava/lang/String;)V',
  'name': ['UUID'],
  'num': 418,
  'source_class': 'Lorg/json/JSONObject;',
  'source_method': 'toString()Ljava/lang/String;'},
 {'clss': 'Lcom/snowplowanalytics/core/utils/Util;',
  'method': 'objectMapToString(Ljava/util/Map;)Ljava/util/Map;',
  'name': ['UUID'],
  'num': 1199,
  'source_class': 'Ljava/lang/Object;',
  'source_method': 'toString()Ljava/lang/String;'},
 {'clss': 'Lcom/snowplowanalytics/snowplow/payload/TrackerPayload;',
  'method': 'toString()Ljava/lang/String;',
  'name': ['UUID'],
  'num': 531,
  'source_class': 'Lorg/json/JSONObject;',
  'source_method': 'toString()Ljava/lang/String;'},
 {'clss': 'Lcom/snowplowanalytics/core/utils/Util;',
  'method': 'uUIDString()Ljava/lang/String;',
  'name': ['UUID'],
  'num': 1362,
  'source_class': 'Ljava/util/UUID;',
  'source_method': 'toString()Ljava/lang/String;'},
 {'clss': 'Lcom/snowplowanalytics/core/tracker/Tracker;',
  'method': 'workaroundForIncoherentSessionContext(Lcom/snowplowanalytics/core/tracker/TrackerEvent;)V',
  'name': ['UUID'],
  'num': 1955,
  'source_class': 'Ljava/util/UUID;',
  'source_method': 'toString()Ljava/lang/String;'},
 {'clss': 'Lcom/snowplowanalytics/core/tracker/Tracker;',
  'method': 'addBasicPropertiesToPayload(Lcom/snowplowanalytics/snowplow/payload/Payload;Lcom/snowplowanalytics/core/tracker/TrackerEvent;)V',
  'name': ['UUID'],
  'num': 1092,
  'source_class': 'Ljava/util/UUID;',
  'source_method': 'toString()Ljava/lang/String;'},
 {'clss': 'Lcom/snowplowanalytics/snowplow/payload/TrackerPayload;',
  'method': 'addMap(Ljava/util/Map;ZLjava/lang/String;Ljava/lang/String;)V',
  'name': ['UUID'],
  'num': 418,
  'source_class': 'Lorg/json/JSONObject;',
  'source_method': 'toString()Ljava/lang/String;'},
 {'clss': 'Lcom/snowplowanalytics/snowplow/payload/TrackerPayload;',
  'method': 'addMap(Ljava/util/Map;ZLjava/lang/String;Ljava/lang/String;)V',
  'name': ['UUID'],
  'num': 418,
  'source_class': 'Lorg/json/JSONObject;',
  'source_method': 'toString()Ljava/lang/String;'},
 {'clss': 'Lcom/snowplowanalytics/core/utils/Util;',
  'method': 'objectMapToString(Ljava/util/Map;)Ljava/util/Map;',
  'name': ['UUID'],
  'num': 1199,
  'source_class': 'Ljava/lang/Object;',
  'source_method': 'toString()Ljava/lang/String;'},
 {'clss': 'Lcom/snowplowanalytics/snowplow/payload/TrackerPayload;',
  'method': 'toString()Ljava/lang/String;',
  'name': ['UUID'],
  'num': 531,
  'source_class': 'Lorg/json/JSONObject;',
  'source_method': 'toString()Ljava/lang/String;'},
 {'clss': 'Lcom/snowplowanalytics/snowplow/payload/TrackerPayload;',
  'method': 'toString()Ljava/lang/String;',
  'name': ['UUID'],
  'num': 531,
  'source_class': 'Lorg/json/JSONObject;',
  'source_method': 'toString()Ljava/lang/String;'},
 {'clss': 'Lcom/snowplowanalytics/snowplow/payload/TrackerPayload;',
  'method': 'toString()Ljava/lang/String;',
  'name': ['UUID'],
  'num': 531,
  'source_class': 'Lorg/json/JSONObject;',
  'source_method': 'toString()Ljava/lang/String;'},
 {'clss': 'Lcom/snowplowanalytics/core/utils/Util;',
  'method': 'uUIDString()Ljava/lang/String;',
  'name': ['UUID'],
  'num': 1362,
  'source_class': 'Ljava/util/UUID;',
  'source_method': 'toString()Ljava/lang/String;'},
 {'clss': 'Lcom/snowplowanalytics/core/tracker/Tracker;',
  'method': 'workaroundForIncoherentSessionContext(Lcom/snowplowanalytics/core/tracker/TrackerEvent;)V',
  'name': ['UUID'],
  'num': 1955,
  'source_class': 'Ljava/util/UUID;',
  'source_method': 'toString()Ljava/lang/String;'},
 {'clss': 'Lcom/snowplowanalytics/core/tracker/Tracker;',
  'method': 'addBasicPropertiesToPayload(Lcom/snowplowanalytics/snowplow/payload/Payload;Lcom/snowplowanalytics/core/tracker/TrackerEvent;)V',
  'name': ['UUID'],
  'num': 1092,
  'source_class': 'Ljava/util/UUID;',
  'source_method': 'toString()Ljava/lang/String;'},
 {'clss': 'Lcom/snowplowanalytics/snowplow/payload/TrackerPayload;',
  'method': 'addMap(Ljava/util/Map;ZLjava/lang/String;Ljava/lang/String;)V',
  'name': ['UUID'],
  'num': 418,
  'source_class': 'Lorg/json/JSONObject;',
  'source_method': 'toString()Ljava/lang/String;'},
 {'clss': 'Lcom/snowplowanalytics/snowplow/payload/TrackerPayload;',
  'method': 'addMap(Ljava/util/Map;ZLjava/lang/String;Ljava/lang/String;)V',
  'name': ['UUID'],
  'num': 418,
  'source_class': 'Lorg/json/JSONObject;',
  'source_method': 'toString()Ljava/lang/String;'},
 {'clss': 'Lcom/snowplowanalytics/core/utils/Util;',
  'method': 'objectMapToString(Ljava/util/Map;)Ljava/util/Map;',
  'name': ['UUID'],
  'num': 1199,
  'source_class': 'Ljava/lang/Object;',
  'source_method': 'toString()Ljava/lang/String;'},
 {'clss': 'Lcom/snowplowanalytics/snowplow/payload/TrackerPayload;',
  'method': 'toString()Ljava/lang/String;',
  'name': ['UUID'],
  'num': 531,
  'source_class': 'Lorg/json/JSONObject;',
  'source_method': 'toString()Ljava/lang/String;'},
 {'clss': 'Lcom/snowplowanalytics/snowplow/payload/TrackerPayload;',
  'method': 'toString()Ljava/lang/String;',
  'name': ['UUID'],
  'num': 531,
  'source_class': 'Lorg/json/JSONObject;',
  'source_method': 'toString()Ljava/lang/String;'},
 {'clss': 'Lcom/snowplowanalytics/snowplow/payload/TrackerPayload;',
  'method': 'toString()Ljava/lang/String;',
  'name': ['UUID'],
  'num': 531,
  'source_class': 'Lorg/json/JSONObject;',
  'source_method': 'toString()Ljava/lang/String;'},
 {'clss': 'Lcom/snowplowanalytics/snowplow/payload/TrackerPayload;',
  'method': 'toString()Ljava/lang/String;',
  'name': ['UUID'],
  'num': 531,
  'source_class': 'Lorg/json/JSONObject;',
  'source_method': 'toString()Ljava/lang/String;'},
 {'clss': 'Lcom/snowplowanalytics/snowplow/payload/TrackerPayload;',
  'method': 'toString()Ljava/lang/String;',
  'name': ['UUID'],
  'num': 531,
  'source_class': 'Lorg/json/JSONObject;',
  'source_method': 'toString()Ljava/lang/String;'},
 {'clss': 'Lcom/snowplowanalytics/snowplow/payload/TrackerPayload;',
  'method': 'toString()Ljava/lang/String;',
  'name': ['UUID'],
  'num': 531,
  'source_class': 'Lorg/json/JSONObject;',
  'source_method': 'toString()Ljava/lang/String;'},
 {'clss': 'Lcom/snowplowanalytics/snowplow/payload/TrackerPayload;',
  'method': 'toString()Ljava/lang/String;',
  'name': ['UUID'],
  'num': 531,
  'source_class': 'Lorg/json/JSONObject;',
  'source_method': 'toString()Ljava/lang/String;'}]
Sinks
[{"smali_tag": "3318_249", "clss": "Lokhttp3/internal/http/BridgeInterceptor;", "method": "intercept(Lokhttp3/Interceptor$Chain;)Lokhttp3/Response;", "num": 249, "sink_class": "Lokhttp3/RequestBody;", "sink_method": "contentType()Lokhttp3/MediaType;", "sink_values": ["134552284"], "sources": ["UUID"], "returned_value": null}, {"smali_tag": "3318_266", "clss": "Lokhttp3/internal/http/BridgeInterceptor;", "method": "intercept(Lokhttp3/Interceptor$Chain;)Lokhttp3/Response;", "num": 266, "sink_class": "Lokhttp3/RequestBody;", "sink_method": "contentLength()J", "sink_values": ["134552284"], "sources": ["UUID"], "returned_value": null}, {"smali_tag": "3310_163", "clss": "Lokhttp3/internal/http/CallServerInterceptor;", "method": "intercept(Lokhttp3/Interceptor$Chain;)Lokhttp3/Response;", "num": 163, "sink_class": "Lokhttp3/RequestBody;", "sink_method": "isDuplex()Z", "sink_values": ["134552284"], "sources": ["UUID"], "returned_value": null}, {"smali_tag": "3187_312", "clss": "Lokhttp3/internal/connection/Exchange;", "method": "createRequestBody(Lokhttp3/Request;Z)Lokio/Sink;", "num": 312, "sink_class": "Lokhttp3/RequestBody;", "sink_method": "contentLength()J", "sink_values": ["134552284"], "sources": ["UUID"], "returned_value": null}, {"smali_tag": "3285_725", "clss": "Lokhttp3/internal/http1/Http1ExchangeCodec;", "method": "createRequestBody(Lokhttp3/Request;J)Lokio/Sink;", "num": 725, "sink_class": "Lokhttp3/RequestBody;", "sink_method": "isDuplex()Z", "sink_values": ["134552284"], "sources": ["UUID"], "returned_value": null}, {"smali_tag": "3310_237", "clss": "Lokhttp3/internal/http/CallServerInterceptor;", "method": "intercept(Lokhttp3/Interceptor$Chain;)Lokhttp3/Response;", "num": 237, "sink_class": "Lokhttp3/RequestBody;", "sink_method": "isDuplex()Z", "sink_values": ["134552284"], "sources": ["UUID"], "returned_value": null}, {"smali_tag": "3318_249", "clss": "Lokhttp3/internal/http/BridgeInterceptor;", "method": "intercept(Lokhttp3/Interceptor$Chain;)Lokhttp3/Response;", "num": 249, "sink_class": "Lokhttp3/RequestBody;", "sink_method": "contentType()Lokhttp3/MediaType;", "sink_values": ["126127382"], "sources": ["UUID"], "returned_value": null}, {"smali_tag": "3318_266", "clss": "Lokhttp3/internal/http/BridgeInterceptor;", "method": "intercept(Lokhttp3/Interceptor$Chain;)Lokhttp3/Response;", "num": 266, "sink_class": "Lokhttp3/RequestBody;", "sink_method": "contentLength()J", "sink_values": ["126127382"], "sources": ["UUID"], "returned_value": null}, {"smali_tag": "3318_249", "clss": "Lokhttp3/internal/http/BridgeInterceptor;", "method": "intercept(Lokhttp3/Interceptor$Chain;)Lokhttp3/Response;", "num": 249, "sink_class": "Lokhttp3/RequestBody;", "sink_method": "contentType()Lokhttp3/MediaType;", "sink_values": ["127352989"], "sources": ["UUID"], "returned_value": null}, {"smali_tag": "3318_266", "clss": "Lokhttp3/internal/http/BridgeInterceptor;", "method": "intercept(Lokhttp3/Interceptor$Chain;)Lokhttp3/Response;", "num": 266, "sink_class": "Lokhttp3/RequestBody;", "sink_method": "contentLength()J", "sink_values": ["127352989"], "sources": ["UUID"], "returned_value": null}, {"smali_tag": "3318_249", "clss": "Lokhttp3/internal/http/BridgeInterceptor;", "method": "intercept(Lokhttp3/Interceptor$Chain;)Lokhttp3/Response;", "num": 249, "sink_class": "Lokhttp3/RequestBody;", "sink_method": "contentType()Lokhttp3/MediaType;", "sink_values": ["134375218"], "sources": ["UUID"], "returned_value": null}, {"smali_tag": "3318_266", "clss": "Lokhttp3/internal/http/BridgeInterceptor;", "method": "intercept(Lokhttp3/Interceptor$Chain;)Lokhttp3/Response;", "num": 266, "sink_class": "Lokhttp3/RequestBody;", "sink_method": "contentLength()J", "sink_values": ["134375218"], "sources": ["UUID"], "returned_value": null}, {"smali_tag": "3310_163", "clss": "Lokhttp3/internal/http/CallServerInterceptor;", "method": "intercept(Lokhttp3/Interceptor$Chain;)Lokhttp3/Response;", "num": 163, "sink_class": "Lokhttp3/RequestBody;", "sink_method": "isDuplex()Z", "sink_values": ["134375218"], "sources": ["UUID"], "returned_value": null}, {"smali_tag": "3187_312", "clss": "Lokhttp3/internal/connection/Exchange;", "method": "createRequestBody(Lokhttp3/Request;Z)Lokio/Sink;", "num": 312, "sink_class": "Lokhttp3/RequestBody;", "sink_method": "contentLength()J", "sink_values": ["134375218"], "sources": ["UUID"], "returned_value": null}, {"smali_tag": "3285_725", "clss": "Lokhttp3/internal/http1/Http1ExchangeCodec;", "method": "createRequestBody(Lokhttp3/Request;J)Lokio/Sink;", "num": 725, "sink_class": "Lokhttp3/RequestBody;", "sink_method": "isDuplex()Z", "sink_values": ["134375218"], "sources": ["UUID"], "returned_value": null}, {"smali_tag": "3310_163", "clss": "Lokhttp3/internal/http/CallServerInterceptor;", "method": "intercept(Lokhttp3/Interceptor$Chain;)Lokhttp3/Response;", "num": 163, "sink_class": "Lokhttp3/RequestBody;", "sink_method": "isDuplex()Z", "sink_values": ["126127382"], "sources": ["UUID"], "returned_value": null}, {"smali_tag": "3187_312", "clss": "Lokhttp3/internal/connection/Exchange;", "method": "createRequestBody(Lokhttp3/Request;Z)Lokio/Sink;", "num": 312, "sink_class": "Lokhttp3/RequestBody;", "sink_method": "contentLength()J", "sink_values": ["126127382"], "sources": ["UUID"], "returned_value": null}, {"smali_tag": "3285_725", "clss": "Lokhttp3/internal/http1/Http1ExchangeCodec;", "method": "createRequestBody(Lokhttp3/Request;J)Lokio/Sink;", "num": 725, "sink_class": "Lokhttp3/RequestBody;", "sink_method": "isDuplex()Z", "sink_values": ["126127382"], "sources": ["UUID"], "returned_value": null}, {"smali_tag": "3310_237", "clss": "Lokhttp3/internal/http/CallServerInterceptor;", "method": "intercept(Lokhttp3/Interceptor$Chain;)Lokhttp3/Response;", "num": 237, "sink_class": "Lokhttp3/RequestBody;", "sink_method": "isDuplex()Z", "sink_values": ["126127382"], "sources": ["UUID"], "returned_value": null}, {"smali_tag": "3310_237", "clss": "Lokhttp3/internal/http/CallServerInterceptor;", "method": "intercept(Lokhttp3/Interceptor$Chain;)Lokhttp3/Response;", "num": 237, "sink_class": "Lokhttp3/RequestBody;", "sink_method": "isDuplex()Z", "sink_values": ["134375218"], "sources": ["UUID"], "returned_value": null}, {"smali_tag": "3310_163", "clss": "Lokhttp3/internal/http/CallServerInterceptor;", "method": "intercept(Lokhttp3/Interceptor$Chain;)Lokhttp3/Response;", "num": 163, "sink_class": "Lokhttp3/RequestBody;", "sink_method": "isDuplex()Z", "sink_values": ["127352989"], "sources": ["UUID"], "returned_value": null}, {"smali_tag": "3187_312", "clss": "Lokhttp3/internal/connection/Exchange;", "method": "createRequestBody(Lokhttp3/Request;Z)Lokio/Sink;", "num": 312, "sink_class": "Lokhttp3/RequestBody;", "sink_method": "contentLength()J", "sink_values": ["127352989"], "sources": ["UUID"], "returned_value": null}, {"smali_tag": "3285_725", "clss": "Lokhttp3/internal/http1/Http1ExchangeCodec;", "method": "createRequestBody(Lokhttp3/Request;J)Lokio/Sink;", "num": 725, "sink_class": "Lokhttp3/RequestBody;", "sink_method": "isDuplex()Z", "sink_values": ["127352989"], "sources": ["UUID"], "returned_value": null}, {"smali_tag": "3310_237", "clss": "Lokhttp3/internal/http/CallServerInterceptor;", "method": "intercept(Lokhttp3/Interceptor$Chain;)Lokhttp3/Response;", "num": 237, "sink_class": "Lokhttp3/RequestBody;", "sink_method": "isDuplex()Z", "sink_values": ["127352989"], "sources": ["UUID"], "returned_value": null}, {"smali_tag": "3318_249", "clss": "Lokhttp3/internal/http/BridgeInterceptor;", "method": "intercept(Lokhttp3/Interceptor$Chain;)Lokhttp3/Response;", "num": 249, "sink_class": "Lokhttp3/RequestBody;", "sink_method": "contentType()Lokhttp3/MediaType;", "sink_values": ["127752444"], "sources": ["UUID"], "returned_value": null}, {"smali_tag": "3318_266", "clss": "Lokhttp3/internal/http/BridgeInterceptor;", "method": "intercept(Lokhttp3/Interceptor$Chain;)Lokhttp3/Response;", "num": 266, "sink_class": "Lokhttp3/RequestBody;", "sink_method": "contentLength()J", "sink_values": ["127752444"], "sources": ["UUID"], "returned_value": null}, {"smali_tag": "3318_249", "clss": "Lokhttp3/internal/http/BridgeInterceptor;", "method": "intercept(Lokhttp3/Interceptor$Chain;)Lokhttp3/Response;", "num": 249, "sink_class": "Lokhttp3/RequestBody;", "sink_method": "contentType()Lokhttp3/MediaType;", "sink_values": ["82530759"], "sources": ["UUID"], "returned_value": null}, {"smali_tag": "3318_266", "clss": "Lokhttp3/internal/http/BridgeInterceptor;", "method": "intercept(Lokhttp3/Interceptor$Chain;)Lokhttp3/Response;", "num": 266, "sink_class": "Lokhttp3/RequestBody;", "sink_method": "contentLength()J", "sink_values": ["82530759"], "sources": ["UUID"], "returned_value": null}, {"smali_tag": "3318_249", "clss": "Lokhttp3/internal/http/BridgeInterceptor;", "method": "intercept(Lokhttp3/Interceptor$Chain;)Lokhttp3/Response;", "num": 249, "sink_class": "Lokhttp3/RequestBody;", "sink_method": "contentType()Lokhttp3/MediaType;", "sink_values": ["117032721"], "sources": ["UUID"], "returned_value": null}, {"smali_tag": "3318_266", "clss": "Lokhttp3/internal/http/BridgeInterceptor;", "method": "intercept(Lokhttp3/Interceptor$Chain;)Lokhttp3/Response;", "num": 266, "sink_class": "Lokhttp3/RequestBody;", "sink_method": "contentLength()J", "sink_values": ["117032721"], "sources": ["UUID"], "returned_value": null}, {"smali_tag": "3187_312", "clss": "Lokhttp3/internal/connection/Exchange;", "method": "createRequestBody(Lokhttp3/Request;Z)Lokio/Sink;", "num": 312, "sink_class": "Lokhttp3/RequestBody;", "sink_method": "contentLength()J", "sink_values": ["117032721"], "sources": ["UUID"], "returned_value": null}, {"smali_tag": "3285_725", "clss": "Lokhttp3/internal/http1/Http1ExchangeCodec;", "method": "createRequestBody(Lokhttp3/Request;J)Lokio/Sink;", "num": 725, "sink_class": "Lokhttp3/RequestBody;", "sink_method": "isDuplex()Z", "sink_values": ["117032721"], "sources": ["UUID"], "returned_value": null}]