project.emulator.get_num_leaks() = 1
Sources
[{'clss': 'Lcom/chartboost/sdk/impl/n0;',
  'method': 'a()V',
  'name': ['AAID'],
  'num': 150,
  'source_class': 'Lcom/google/android/gms/ads/identifier/AdvertisingIdClient$Info;',
  'source_method': 'getId()Ljava/lang/String;'},
 {'clss': 'Lcom/chartboost/sdk/impl/q3;',
  'method': 'c(Landroid/content/Context;)Ljava/lang/String;',
  'name': ['UUID'],
  'num': 240,
  'source_class': 'Ljava/util/UUID;',
  'source_method': 'toString()Ljava/lang/String;'},
 {'clss': 'Lcom/chartboost/sdk/impl/o1;',
  'method': 'a(Ljava/lang/String;Ljava/lang/String;)Ljava/lang/String;',
  'name': ['AAID'],
  'num': 424,
  'source_class': 'Lorg/json/JSONObject;',
  'source_method': 'toString()Ljava/lang/String;'},
 {'clss': 'Lcom/chartboost/sdk/impl/x8;', 'method': 'b()Ljava/lang/String;', 'name': ['UUID'], 'num': 200, 'source_class': 'Ljava/util/UUID;', 'source_method': 'toString()Ljava/lang/String;'},
 {'clss': 'Lcom/chartboost/sdk/impl/n0;',
  'method': 'a()V',
  'name': ['AAID'],
  'num': 150,
  'source_class': 'Lcom/google/android/gms/ads/identifier/AdvertisingIdClient$Info;',
  'source_method': 'getId()Ljava/lang/String;'},
 {'clss': 'Lcom/chartboost/sdk/impl/q3;',
  'method': 'c(Landroid/content/Context;)Ljava/lang/String;',
  'name': ['UUID'],
  'num': 226,
  'source_class': 'Landroid/content/SharedPreferences;',
  'source_method': 'getString(Ljava/lang/String;Ljava/lang/String;)Ljava/lang/String;'},
 {'clss': 'Lcom/chartboost/sdk/impl/o1;',
  'method': 'a(Ljava/lang/String;Ljava/lang/String;)Ljava/lang/String;',
  'name': ['AAID'],
  'num': 424,
  'source_class': 'Lorg/json/JSONObject;',
  'source_method': 'toString()Ljava/lang/String;'},
 {'clss': 'Lcom/chartboost/sdk/impl/n0;',
  'method': 'a()V',
  'name': ['AAID'],
  'num': 150,
  'source_class': 'Lcom/google/android/gms/ads/identifier/AdvertisingIdClient$Info;',
  'source_method': 'getId()Ljava/lang/String;'},
 {'clss': 'Lcom/chartboost/sdk/impl/q3;',
  'method': 'c(Landroid/content/Context;)Ljava/lang/String;',
  'name': ['UUID'],
  'num': 226,
  'source_class': 'Landroid/content/SharedPreferences;',
  'source_method': 'getString(Ljava/lang/String;Ljava/lang/String;)Ljava/lang/String;'},
 {'clss': 'Lcom/chartboost/sdk/impl/o1;',
  'method': 'a(Ljava/lang/String;Ljava/lang/String;)Ljava/lang/String;',
  'name': ['AAID'],
  'num': 424,
  'source_class': 'Lorg/json/JSONObject;',
  'source_method': 'toString()Ljava/lang/String;'},
 {'clss': 'Lcom/chartboost/sdk/impl/n0;',
  'method': 'a()V',
  'name': ['AAID'],
  'num': 150,
  'source_class': 'Lcom/google/android/gms/ads/identifier/AdvertisingIdClient$Info;',
  'source_method': 'getId()Ljava/lang/String;'},
 {'clss': 'Lcom/chartboost/sdk/impl/q3;',
  'method': 'c(Landroid/content/Context;)Ljava/lang/String;',
  'name': ['UUID'],
  'num': 226,
  'source_class': 'Landroid/content/SharedPreferences;',
  'source_method': 'getString(Ljava/lang/String;Ljava/lang/String;)Ljava/lang/String;'},
 {'clss': 'Lcom/chartboost/sdk/impl/o1;',
  'method': 'a(Ljava/lang/String;Ljava/lang/String;)Ljava/lang/String;',
  'name': ['AAID'],
  'num': 424,
  'source_class': 'Lorg/json/JSONObject;',
  'source_method': 'toString()Ljava/lang/String;'},
 {'clss': 'Lcom/chartboost/sdk/impl/n0;',
  'method': 'a()V',
  'name': ['AAID'],
  'num': 150,
  'source_class': 'Lcom/google/android/gms/ads/identifier/AdvertisingIdClient$Info;',
  'source_method': 'getId()Ljava/lang/String;'},
 {'clss': 'Lcom/chartboost/sdk/impl/q3;',
  'method': 'c(Landroid/content/Context;)Ljava/lang/String;',
  'name': ['UUID'],
  'num': 226,
  'source_class': 'Landroid/content/SharedPreferences;',
  'source_method': 'getString(Ljava/lang/String;Ljava/lang/String;)Ljava/lang/String;'},
 {'clss': 'Lcom/chartboost/sdk/impl/o1;',
  'method': 'a(Ljava/lang/String;Ljava/lang/String;)Ljava/lang/String;',
  'name': ['AAID'],
  'num': 424,
  'source_class': 'Lorg/json/JSONObject;',
  'source_method': 'toString()Ljava/lang/String;'},
 {'clss': 'Lcom/chartboost/sdk/impl/c2;',
  'method': 'a()Lcom/chartboost/sdk/impl/w1;',
  'name': ['AAID'],
  'num': 129,
  'source_class': 'Lorg/json/JSONObject;',
  'source_method': 'toString()Ljava/lang/String;'},
 {'clss': 'Lcom/chartboost/sdk/impl/c2;',
  'method': 'a()Lcom/chartboost/sdk/impl/w1;',
  'name': ['AAID'],
  'num': 176,
  'source_class': 'Ljava/lang/String;',
  'source_method': 'format(Ljava/util/Locale;Ljava/lang/String;[Ljava/lang/Object;)Ljava/lang/String;'},
 {'clss': 'Lcom/chartboost/sdk/impl/n0;',
  'method': 'a()V',
  'name': ['AAID'],
  'num': 150,
  'source_class': 'Lcom/google/android/gms/ads/identifier/AdvertisingIdClient$Info;',
  'source_method': 'getId()Ljava/lang/String;'},
 {'clss': 'Lcom/chartboost/sdk/impl/q3;',
  'method': 'c(Landroid/content/Context;)Ljava/lang/String;',
  'name': ['UUID'],
  'num': 226,
  'source_class': 'Landroid/content/SharedPreferences;',
  'source_method': 'getString(Ljava/lang/String;Ljava/lang/String;)Ljava/lang/String;'},
 {'clss': 'Lcom/chartboost/sdk/impl/o1;',
  'method': 'a(Ljava/lang/String;Ljava/lang/String;)Ljava/lang/String;',
  'name': ['AAID'],
  'num': 424,
  'source_class': 'Lorg/json/JSONObject;',
  'source_method': 'toString()Ljava/lang/String;'},
 {'clss': 'Lcom/chartboost/sdk/impl/n0;',
  'method': 'a()V',
  'name': ['AAID'],
  'num': 150,
  'source_class': 'Lcom/google/android/gms/ads/identifier/AdvertisingIdClient$Info;',
  'source_method': 'getId()Ljava/lang/String;'},
 {'clss': 'Lcom/chartboost/sdk/impl/q3;',
  'method': 'c(Landroid/content/Context;)Ljava/lang/String;',
  'name': ['UUID'],
  'num': 226,
  'source_class': 'Landroid/content/SharedPreferences;',
  'source_method': 'getString(Ljava/lang/String;Ljava/lang/String;)Ljava/lang/String;'},
 {'clss': 'Lcom/chartboost/sdk/impl/o1;',
  'method': 'a(Ljava/lang/String;Ljava/lang/String;)Ljava/lang/String;',
  'name': ['AAID'],
  'num': 424,
  'source_class': 'Lorg/json/JSONObject;',
  'source_method': 'toString()Ljava/lang/String;'},
 {'clss': 'Lcom/chartboost/sdk/impl/n0;',
  'method': 'a()V',
  'name': ['AAID'],
  'num': 150,
  'source_class': 'Lcom/google/android/gms/ads/identifier/AdvertisingIdClient$Info;',
  'source_method': 'getId()Ljava/lang/String;'},
 {'clss': 'Lcom/chartboost/sdk/impl/q3;',
  'method': 'c(Landroid/content/Context;)Ljava/lang/String;',
  'name': ['UUID'],
  'num': 226,
  'source_class': 'Landroid/content/SharedPreferences;',
  'source_method': 'getString(Ljava/lang/String;Ljava/lang/String;)Ljava/lang/String;'},
 {'clss': 'Lcom/chartboost/sdk/impl/o1;',
  'method': 'a(Ljava/lang/String;Ljava/lang/String;)Ljava/lang/String;',
  'name': ['AAID'],
  'num': 424,
  'source_class': 'Lorg/json/JSONObject;',
  'source_method': 'toString()Ljava/lang/String;'},
 {'clss': 'Lcom/chartboost/sdk/impl/n0;',
  'method': 'a()V',
  'name': ['AAID'],
  'num': 150,
  'source_class': 'Lcom/google/android/gms/ads/identifier/AdvertisingIdClient$Info;',
  'source_method': 'getId()Ljava/lang/String;'},
 {'clss': 'Lcom/chartboost/sdk/impl/q3;',
  'method': 'c(Landroid/content/Context;)Ljava/lang/String;',
  'name': ['UUID'],
  'num': 226,
  'source_class': 'Landroid/content/SharedPreferences;',
  'source_method': 'getString(Ljava/lang/String;Ljava/lang/String;)Ljava/lang/String;'},
 {'clss': 'Lcom/chartboost/sdk/impl/o1;',
  'method': 'a(Ljava/lang/String;Ljava/lang/String;)Ljava/lang/String;',
  'name': ['AAID'],
  'num': 424,
  'source_class': 'Lorg/json/JSONObject;',
  'source_method': 'toString()Ljava/lang/String;'}]
Sinks
[{"smali_tag": "8162_41", "clss": "Lcom/chartboost/sdk/impl/m6;", "method": "a(Lcom/chartboost/sdk/impl/v1;)Ljavax/net/ssl/HttpsURLConnection;", "num": 41, "sink_class": "Ljava/net/URL;", "sink_method": "<init>(Ljava/lang/String;)V", "sink_values": ["https://live.chartboost.com/api/install"], "sources": ["AAID"], "returned_value": null}, {"smali_tag": "8162_41", "clss": "Lcom/chartboost/sdk/impl/m6;", "method": "a(Lcom/chartboost/sdk/impl/v1;)Ljavax/net/ssl/HttpsURLConnection;", "num": 41, "sink_class": "Ljava/net/URL;", "sink_method": "<init>(Ljava/lang/String;)V", "sink_values": ["https://live.chartboost.com/webview/v2/prefetch"], "sources": ["AAID"], "returned_value": null}, {"smali_tag": "8162_41", "clss": "Lcom/chartboost/sdk/impl/m6;", "method": "a(Lcom/chartboost/sdk/impl/v1;)Ljavax/net/ssl/HttpsURLConnection;", "num": 41, "sink_class": "Ljava/net/URL;", "sink_method": "<init>(Ljava/lang/String;)V", "sink_values": ["https://t2.chartboost.com/base_templates/html/mraid-iframe-open-a2cb097a32947514e0b0.html"], "sources": ["AAID"], "returned_value": null}, {"smali_tag": "8162_41", "clss": "Lcom/chartboost/sdk/impl/m6;", "method": "a(Lcom/chartboost/sdk/impl/v1;)Ljavax/net/ssl/HttpsURLConnection;", "num": 41, "sink_class": "Ljava/net/URL;", "sink_method": "<init>(Ljava/lang/String;)V", "sink_values": ["https://t2.chartboost.com/base_templates/html/vast-moat-v2-36d2f62bf247ebe3ef51.html"], "sources": ["AAID"], "returned_value": null}, {"smali_tag": "8162_41", "clss": "Lcom/chartboost/sdk/impl/m6;", "method": "a(Lcom/chartboost/sdk/impl/v1;)Ljavax/net/ssl/HttpsURLConnection;", "num": 41, "sink_class": "Ljava/net/URL;", "sink_method": "<init>(Ljava/lang/String;)V", "sink_values": ["https://da.chartboost.com/auction/sdk/banner"], "sources": ["AAID"], "returned_value": null}, {"smali_tag": "8162_41", "clss": "Lcom/chartboost/sdk/impl/m6;", "method": "a(Lcom/chartboost/sdk/impl/v1;)Ljavax/net/ssl/HttpsURLConnection;", "num": 41, "sink_class": "Ljava/net/URL;", "sink_method": "<init>(Ljava/lang/String;)V", "sink_values": ["https://t2.chartboost.com/base_templates/html/mraid-iframe-open-a2cb097a32947514e0b0.html"], "sources": ["AAID"], "returned_value": null}, {"smali_tag": "8162_41", "clss": "Lcom/chartboost/sdk/impl/m6;", "method": "a(Lcom/chartboost/sdk/impl/v1;)Ljavax/net/ssl/HttpsURLConnection;", "num": 41, "sink_class": "Ljava/net/URL;", "sink_method": "<init>(Ljava/lang/String;)V", "sink_values": ["https://live.chartboost.com/banner/show"], "sources": ["AAID"], "returned_value": null}, {"smali_tag": "8162_41", "clss": "Lcom/chartboost/sdk/impl/m6;", "method": "a(Lcom/chartboost/sdk/impl/v1;)Ljavax/net/ssl/HttpsURLConnection;", "num": 41, "sink_class": "Ljava/net/URL;", "sink_method": "<init>(Ljava/lang/String;)V", "sink_values": ["https://live.chartboost.com/webview/v2/interstitial/get"], "sources": ["AAID"], "returned_value": null}, {"smali_tag": "8162_41", "clss": "Lcom/chartboost/sdk/impl/m6;", "method": "a(Lcom/chartboost/sdk/impl/v1;)Ljavax/net/ssl/HttpsURLConnection;", "num": 41, "sink_class": "Ljava/net/URL;", "sink_method": "<init>(Ljava/lang/String;)V", "sink_values": ["https://a2.chartboost.com/static-assets/interstitials-v2/frames/9-16/1200x2048.png"], "sources": ["AAID"], "returned_value": null}, {"smali_tag": "8162_41", "clss": "Lcom/chartboost/sdk/impl/m6;", "method": "a(Lcom/chartboost/sdk/impl/v1;)Ljavax/net/ssl/HttpsURLConnection;", "num": 41, "sink_class": "Ljava/net/URL;", "sink_method": "<init>(Ljava/lang/String;)V", "sink_values": ["https://t2.chartboost.com/base_templates/html/static-etna-c2ca5772203cd36657fd.html"], "sources": ["AAID"], "returned_value": null}, {"smali_tag": "8162_41", "clss": "Lcom/chartboost/sdk/impl/m6;", "method": "a(Lcom/chartboost/sdk/impl/v1;)Ljavax/net/ssl/HttpsURLConnection;", "num": 41, "sink_class": "Ljava/net/URL;", "sink_method": "<init>(Ljava/lang/String;)V", "sink_values": ["https://a2.chartboost.com/creatives/54591cd804b0165f9e42c7c8/a37411fa21427cc12bf0bc436d03093d4734ba75.jpeg"], "sources": ["AAID"], "returned_value": null}, {"smali_tag": "8162_41", "clss": "Lcom/chartboost/sdk/impl/m6;", "method": "a(Lcom/chartboost/sdk/impl/v1;)Ljavax/net/ssl/HttpsURLConnection;", "num": 41, "sink_class": "Ljava/net/URL;", "sink_method": "<init>(Ljava/lang/String;)V", "sink_values": ["https://a2.chartboost.com/creatives/54591cd804b0165f9e42c7c8/3b3d0cfbc3349b0fe8123e9ba6f10f77f91821ee.jpeg"], "sources": ["AAID"], "returned_value": null}, {"smali_tag": "8162_41", "clss": "Lcom/chartboost/sdk/impl/m6;", "method": "a(Lcom/chartboost/sdk/impl/v1;)Ljavax/net/ssl/HttpsURLConnection;", "num": 41, "sink_class": "Ljava/net/URL;", "sink_method": "<init>(Ljava/lang/String;)V", "sink_values": ["https://a2.chartboost.com/static-assets/interstitials-v2/close-buttons/webview-60x60.png"], "sources": ["AAID"], "returned_value": null}, {"smali_tag": "8162_41", "clss": "Lcom/chartboost/sdk/impl/m6;", "method": "a(Lcom/chartboost/sdk/impl/v1;)Ljavax/net/ssl/HttpsURLConnection;", "num": 41, "sink_class": "Ljava/net/URL;", "sink_method": "<init>(Ljava/lang/String;)V", "sink_values": ["https://a2.chartboost.com/static-assets/interstitials-v2/frames/16-9/2048x1200.png"], "sources": ["AAID"], "returned_value": null}, {"smali_tag": "8162_41", "clss": "Lcom/chartboost/sdk/impl/m6;", "method": "a(Lcom/chartboost/sdk/impl/v1;)Ljavax/net/ssl/HttpsURLConnection;", "num": 41, "sink_class": "Ljava/net/URL;", "sink_method": "<init>(Ljava/lang/String;)V", "sink_values": ["https://live.chartboost.com/interstitial/show"], "sources": ["AAID"], "returned_value": null}]