project.emulator.get_num_leaks() = 5
Sources
[{'clss': 'Lcom/fyber/offerwall/qi;',
  'method': '<init>(Landroid/content/Context;Lcom/fyber/fairbid/internal/Utils$a;)V',
  'name': ['UUID'],
  'num': 50,
  'source_class': 'Ljava/util/UUID;',
  'source_method': 'toString()Ljava/lang/String;'},
 {'clss': 'Lcom/fyber/fairbid/sdk/session/UserSession;',
  'method': '<init>(JLcom/fyber/fairbid/sdk/session/Storage;)V',
  'name': ['UUID'],
  'num': 180,
  'source_class': 'Ljava/util/UUID;',
  'source_method': 'toString()Ljava/lang/String;'},
 {'clss': 'Lcom/fyber/offerwall/qi;', 'method': 'a()Ljava/lang/String;', 'name': ['UUID'], 'num': 118, 'source_class': 'Ljava/util/UUID;', 'source_method': 'toString()Ljava/lang/String;'},
 {'clss': 'Lcom/fyber/fairbid/http/requests/JsonPostBodyProvider;',
  'method': 'getContent()Ljava/lang/String;',
  'name': ['UUID'],
  'num': 92,
  'source_class': 'Lorg/json/JSONObject;',
  'source_method': 'toString()Ljava/lang/String;'},
 {'clss': 'Lcom/fyber/fairbid/http/connection/HttpClient;',
  'method': 'access$log(Lcom/fyber/fairbid/http/connection/HttpClient;Ljava/lang/String;Ljava/lang/String;Ljava/util/Map;Ljava/lang/String;)V',
  'name': ['UUID'],
  'num': 281,
  'source_class': 'Ljava/lang/StringBuilder;',
  'source_method': 'toString()Ljava/lang/String;'},
 {'clss': 'Lcom/fyber/fairbid/http/requests/JsonPostBodyProvider;',
  'method': 'getContent()Ljava/lang/String;',
  'name': ['UUID'],
  'num': 92,
  'source_class': 'Lorg/json/JSONObject;',
  'source_method': 'toString()Ljava/lang/String;'},
 {'clss': 'Lcom/fyber/inneractive/sdk/network/d0;',
  'method': '<init>(Lcom/fyber/inneractive/sdk/network/u;Lcom/fyber/inneractive/sdk/network/g;Lcom/fyber/inneractive/sdk/config/global/s;)V',
  'name': ['UUID'],
  'num': 104,
  'source_class': 'Ljava/util/UUID;',
  'source_method': 'toString()Ljava/lang/String;'},
 {'clss': 'Lcom/fyber/inneractive/sdk/network/d0;',
  'method': '<init>(Lcom/fyber/inneractive/sdk/network/u;Lcom/fyber/inneractive/sdk/network/g;Lcom/fyber/inneractive/sdk/config/global/s;)V',
  'name': ['UUID'],
  'num': 104,
  'source_class': 'Ljava/util/UUID;',
  'source_method': 'toString()Ljava/lang/String;'},
 {'clss': 'Lcom/fyber/offerwall/y8$c;',
  'method': 'invoke()Ljava/lang/Object;',
  'name': ['AndroidID'],
  'num': 66,
  'source_class': 'Landroid/provider/Settings$Secure;',
  'source_method': 'getString(Landroid/content/ContentResolver;Ljava/lang/String;)Ljava/lang/String;'},
 {'clss': 'Lcom/fyber/offerwall/y8$c;',
  'method': 'invoke()Ljava/lang/Object;',
  'name': ['AndroidID'],
  'num': 93,
  'source_class': 'Ljava/lang/StringBuilder;',
  'source_method': 'toString()Ljava/lang/String;'},
 {'clss': 'Lcom/fyber/fairbid/internal/Utils;',
  'method': 'getMapAsUrlParams(Ljava/util/Map;)Ljava/lang/String;',
  'name': ['UUID'],
  'num': 1164,
  'source_class': 'Ljava/util/Map$Entry;',
  'source_method': 'getValue()Ljava/lang/Object;'},
 {'clss': 'Lcom/fyber/fairbid/internal/Utils;',
  'method': 'getMapAsUrlParams(Ljava/util/Map;)Ljava/lang/String;',
  'name': ['AndroidID'],
  'num': 1164,
  'source_class': 'Ljava/util/Map$Entry;',
  'source_method': 'getValue()Ljava/lang/Object;'},
 {'clss': 'Lcom/fyber/fairbid/internal/Utils;',
  'method': 'getMapAsUrlParams(Ljava/util/Map;)Ljava/lang/String;',
  'name': ['UUID'],
  'num': 1164,
  'source_class': 'Ljava/util/Map$Entry;',
  'source_method': 'getValue()Ljava/lang/Object;'},
 {'clss': 'Lcom/fyber/fairbid/internal/Utils;',
  'method': 'getMapAsUrlParams(Ljava/util/Map;)Ljava/lang/String;',
  'name': ['AndroidID', 'UUID'],
  'num': 1180,
  'source_class': 'Landroid/net/Uri;',
  'source_method': 'getEncodedQuery()Ljava/lang/String;'},
 {'clss': 'Lcom/fyber/fairbid/http/connection/HttpClient;',
  'method': 'access$log(Lcom/fyber/fairbid/http/connection/HttpClient;Ljava/lang/String;Ljava/lang/String;Ljava/util/Map;Ljava/lang/String;)V',
  'name': ['AndroidID', 'UUID'],
  'num': 229,
  'source_class': 'Ljava/lang/StringBuilder;',
  'source_method': 'toString()Ljava/lang/String;'},
 {'clss': 'Lcom/fyber/fairbid/http/FairBidHttpUtils;',
  'method': 'urlBuilder(Ljava/lang/String;Ljava/util/Map;Ljava/lang/String;)Ljava/net/URL;',
  'name': ['UUID'],
  'num': 224,
  'source_class': 'Ljava/util/Map$Entry;',
  'source_method': 'getValue()Ljava/lang/Object;'},
 {'clss': 'Lcom/fyber/fairbid/http/FairBidHttpUtils;',
  'method': 'urlBuilder(Ljava/lang/String;Ljava/util/Map;Ljava/lang/String;)Ljava/net/URL;',
  'name': ['AndroidID'],
  'num': 224,
  'source_class': 'Ljava/util/Map$Entry;',
  'source_method': 'getValue()Ljava/lang/Object;'},
 {'clss': 'Lcom/fyber/fairbid/http/FairBidHttpUtils;',
  'method': 'urlBuilder(Ljava/lang/String;Ljava/util/Map;Ljava/lang/String;)Ljava/net/URL;',
  'name': ['UUID'],
  'num': 224,
  'source_class': 'Ljava/util/Map$Entry;',
  'source_method': 'getValue()Ljava/lang/Object;'},
 {'clss': 'Lcom/fyber/fairbid/http/FairBidHttpUtils;',
  'method': 'urlBuilder(Ljava/lang/String;Ljava/util/Map;Ljava/lang/String;)Ljava/net/URL;',
  'name': ['AndroidID', 'UUID'],
  'num': 264,
  'source_class': 'Landroid/net/Uri;',
  'source_method': 'toString()Ljava/lang/String;'},
 {'clss': 'Lcom/fyber/inneractive/sdk/network/d0;',
  'method': '<init>(Lcom/fyber/inneractive/sdk/network/u;Lcom/fyber/inneractive/sdk/network/g;Lcom/fyber/inneractive/sdk/config/global/s;)V',
  'name': ['UUID'],
  'num': 104,
  'source_class': 'Ljava/util/UUID;',
  'source_method': 'toString()Ljava/lang/String;'},
 {'clss': 'Lcom/fyber/inneractive/sdk/network/d0;',
  'method': '<init>(Lcom/fyber/inneractive/sdk/network/u;Lcom/fyber/inneractive/sdk/network/g;Lcom/fyber/inneractive/sdk/config/global/s;)V',
  'name': ['UUID'],
  'num': 104,
  'source_class': 'Ljava/util/UUID;',
  'source_method': 'toString()Ljava/lang/String;'},
 {'clss': 'Lcom/fyber/inneractive/sdk/network/d0;',
  'method': '<init>(Lcom/fyber/inneractive/sdk/network/u;Lcom/fyber/inneractive/sdk/network/g;Lcom/fyber/inneractive/sdk/config/global/s;)V',
  'name': ['UUID'],
  'num': 104,
  'source_class': 'Ljava/util/UUID;',
  'source_method': 'toString()Ljava/lang/String;'},
 {'clss': 'Lcom/fyber/fairbid/http/responses/JsonObjectResponseHandler$DefaultImpls;',
  'method': 'process(Lcom/fyber/fairbid/http/responses/JsonObjectResponseHandler;ILjava/lang/String;Ljava/io/InputStream;)Lorg/json/JSONObject;',
  'name': ['UUID'],
  'num': 46,
  'source_class': 'Lcom/fyber/offerwall/n9;',
  'source_method': 'a(Ljava/io/InputStream;)Ljava/lang/String;'},
 {'clss': 'Lcom/fyber/inneractive/sdk/network/d0;',
  'method': '<init>(Lcom/fyber/inneractive/sdk/network/u;Lcom/fyber/inneractive/sdk/network/g;Lcom/fyber/inneractive/sdk/config/global/s;)V',
  'name': ['UUID'],
  'num': 104,
  'source_class': 'Ljava/util/UUID;',
  'source_method': 'toString()Ljava/lang/String;'},
 {'clss': 'Lcom/fyber/offerwall/pb;',
  'method': 'a(Lorg/json/JSONObject;)Lcom/fyber/offerwall/pb$a;',
  'name': ['UUID'],
  'num': 647,
  'source_class': 'Lorg/json/JSONObject;',
  'source_method': 'optString(Ljava/lang/String;Ljava/lang/String;)Ljava/lang/String;'},
 {'clss': 'Lcom/fyber/offerwall/rb;', 'method': 'a(Lorg/json/JSONObject;)V', 'name': ['UUID'], 'num': 55, 'source_class': 'Lorg/json/JSONObject;', 'source_method': 'toString()Ljava/lang/String;'},
 {'clss': 'Lcom/fyber/fairbid/http/requests/JsonPostBodyProvider;',
  'method': 'getContent()Ljava/lang/String;',
  'name': ['UUID'],
  'num': 92,
  'source_class': 'Lorg/json/JSONObject;',
  'source_method': 'toString()Ljava/lang/String;'},
 {'clss': 'Lcom/fyber/fairbid/http/connection/HttpClient;',
  'method': 'access$log(Lcom/fyber/fairbid/http/connection/HttpClient;Ljava/lang/String;Ljava/lang/String;Ljava/util/Map;Ljava/lang/String;)V',
  'name': ['UUID'],
  'num': 281,
  'source_class': 'Ljava/lang/StringBuilder;',
  'source_method': 'toString()Ljava/lang/String;'},
 {'clss': 'Lcom/fyber/fairbid/http/requests/JsonPostBodyProvider;',
  'method': 'getContent()Ljava/lang/String;',
  'name': ['UUID'],
  'num': 92,
  'source_class': 'Lorg/json/JSONObject;',
  'source_method': 'toString()Ljava/lang/String;'},
 {'clss': 'Lcom/fyber/fairbid/http/connection/HttpClient;',
  'method': 'access$log(Lcom/fyber/fairbid/http/connection/HttpClient;Ljava/lang/String;Ljava/lang/String;Ljava/util/Map;Ljava/lang/String;)V',
  'name': ['UUID'],
  'num': 281,
  'source_class': 'Ljava/lang/StringBuilder;',
  'source_method': 'toString()Ljava/lang/String;'},
 {'clss': 'Lcom/fyber/fairbid/http/FairBidHttpUtils;',
  'method': 'urlBuilder(Ljava/lang/String;Ljava/util/Map;Ljava/lang/String;)Ljava/net/URL;',
  'name': ['UUID'],
  'num': 264,
  'source_class': 'Landroid/net/Uri;',
  'source_method': 'toString()Ljava/lang/String;'},
 {'clss': 'Lcom/fyber/fairbid/http/requests/JsonPostBodyProvider;',
  'method': 'getContent()Ljava/lang/String;',
  'name': ['UUID'],
  'num': 92,
  'source_class': 'Lorg/json/JSONObject;',
  'source_method': 'toString()Ljava/lang/String;'},
 {'clss': 'Lcom/fyber/fairbid/http/connection/HttpClient;',
  'method': 'access$log(Lcom/fyber/fairbid/http/connection/HttpClient;Ljava/lang/String;Ljava/lang/String;Ljava/util/Map;Ljava/lang/String;)V',
  'name': ['UUID'],
  'num': 281,
  'source_class': 'Ljava/lang/StringBuilder;',
  'source_method': 'toString()Ljava/lang/String;'},
 {'clss': 'Lcom/fyber/fairbid/http/requests/JsonPostBodyProvider;',
  'method': 'getContent()Ljava/lang/String;',
  'name': ['UUID'],
  'num': 92,
  'source_class': 'Lorg/json/JSONObject;',
  'source_method': 'toString()Ljava/lang/String;'},
 {'clss': 'Lcom/fyber/fairbid/http/requests/JsonPostBodyProvider;',
  'method': 'getContent()Ljava/lang/String;',
  'name': ['UUID'],
  'num': 92,
  'source_class': 'Lorg/json/JSONObject;',
  'source_method': 'toString()Ljava/lang/String;'},
 {'clss': 'Lcom/fyber/fairbid/http/connection/HttpClient;',
  'method': 'access$log(Lcom/fyber/fairbid/http/connection/HttpClient;Ljava/lang/String;Ljava/lang/String;Ljava/util/Map;Ljava/lang/String;)V',
  'name': ['UUID'],
  'num': 281,
  'source_class': 'Ljava/lang/StringBuilder;',
  'source_method': 'toString()Ljava/lang/String;'},
 {'clss': 'Lcom/fyber/fairbid/http/requests/JsonPostBodyProvider;',
  'method': 'getContent()Ljava/lang/String;',
  'name': ['UUID'],
  'num': 92,
  'source_class': 'Lorg/json/JSONObject;',
  'source_method': 'toString()Ljava/lang/String;'},
 {'clss': 'Lcom/fyber/fairbid/mediation/request/MediationRequest;',
  'method': '<init>(Lcom/fyber/fairbid/internal/Constants$AdType;I)V',
  'name': ['UUID'],
  'num': 139,
  'source_class': 'Ljava/util/UUID;',
  'source_method': 'toString()Ljava/lang/String;'},
 {'clss': 'Lcom/fyber/fairbid/http/requests/JsonPostBodyProvider;',
  'method': 'getContent()Ljava/lang/String;',
  'name': ['UUID'],
  'num': 92,
  'source_class': 'Lorg/json/JSONObject;',
  'source_method': 'toString()Ljava/lang/String;'},
 {'clss': 'Lcom/fyber/fairbid/http/connection/HttpClient;',
  'method': 'access$log(Lcom/fyber/fairbid/http/connection/HttpClient;Ljava/lang/String;Ljava/lang/String;Ljava/util/Map;Ljava/lang/String;)V',
  'name': ['UUID'],
  'num': 281,
  'source_class': 'Ljava/lang/StringBuilder;',
  'source_method': 'toString()Ljava/lang/String;'},
 {'clss': 'Lcom/fyber/fairbid/http/requests/JsonPostBodyProvider;',
  'method': 'getContent()Ljava/lang/String;',
  'name': ['UUID'],
  'num': 92,
  'source_class': 'Lorg/json/JSONObject;',
  'source_method': 'toString()Ljava/lang/String;'},
 {'clss': 'Lcom/fyber/fairbid/http/requests/JsonPostBodyProvider;',
  'method': 'getContent()Ljava/lang/String;',
  'name': ['UUID'],
  'num': 92,
  'source_class': 'Lorg/json/JSONObject;',
  'source_method': 'toString()Ljava/lang/String;'},
 {'clss': 'Lcom/fyber/fairbid/http/connection/HttpClient;',
  'method': 'access$log(Lcom/fyber/fairbid/http/connection/HttpClient;Ljava/lang/String;Ljava/lang/String;Ljava/util/Map;Ljava/lang/String;)V',
  'name': ['UUID'],
  'num': 281,
  'source_class': 'Ljava/lang/StringBuilder;',
  'source_method': 'toString()Ljava/lang/String;'},
 {'clss': 'Lcom/fyber/fairbid/http/requests/JsonPostBodyProvider;',
  'method': 'getContent()Ljava/lang/String;',
  'name': ['UUID'],
  'num': 92,
  'source_class': 'Lorg/json/JSONObject;',
  'source_method': 'toString()Ljava/lang/String;'},
 {'clss': 'Lcom/fyber/fairbid/http/requests/JsonPostBodyProvider;',
  'method': 'getContent()Ljava/lang/String;',
  'name': ['UUID'],
  'num': 92,
  'source_class': 'Lorg/json/JSONObject;',
  'source_method': 'toString()Ljava/lang/String;'},
 {'clss': 'Lcom/fyber/fairbid/http/connection/HttpClient;',
  'method': 'access$log(Lcom/fyber/fairbid/http/connection/HttpClient;Ljava/lang/String;Ljava/lang/String;Ljava/util/Map;Ljava/lang/String;)V',
  'name': ['UUID'],
  'num': 281,
  'source_class': 'Ljava/lang/StringBuilder;',
  'source_method': 'toString()Ljava/lang/String;'},
 {'clss': 'Lcom/fyber/fairbid/http/requests/JsonPostBodyProvider;',
  'method': 'getContent()Ljava/lang/String;',
  'name': ['UUID'],
  'num': 92,
  'source_class': 'Lorg/json/JSONObject;',
  'source_method': 'toString()Ljava/lang/String;'},
 {'clss': 'Lcom/fyber/fairbid/http/requests/JsonPostBodyProvider;',
  'method': 'getContent()Ljava/lang/String;',
  'name': ['UUID'],
  'num': 92,
  'source_class': 'Lorg/json/JSONObject;',
  'source_method': 'toString()Ljava/lang/String;'},
 {'clss': 'Lcom/fyber/fairbid/http/connection/HttpClient;',
  'method': 'access$log(Lcom/fyber/fairbid/http/connection/HttpClient;Ljava/lang/String;Ljava/lang/String;Ljava/util/Map;Ljava/lang/String;)V',
  'name': ['UUID'],
  'num': 281,
  'source_class': 'Ljava/lang/StringBuilder;',
  'source_method': 'toString()Ljava/lang/String;'},
 {'clss': 'Lcom/fyber/fairbid/http/requests/JsonPostBodyProvider;',
  'method': 'getContent()Ljava/lang/String;',
  'name': ['UUID'],
  'num': 92,
  'source_class': 'Lorg/json/JSONObject;',
  'source_method': 'toString()Ljava/lang/String;'},
 {'clss': 'Lcom/fyber/fairbid/http/requests/JsonPostBodyProvider;',
  'method': 'getContent()Ljava/lang/String;',
  'name': ['UUID'],
  'num': 92,
  'source_class': 'Lorg/json/JSONObject;',
  'source_method': 'toString()Ljava/lang/String;'},
 {'clss': 'Lcom/fyber/fairbid/http/connection/HttpClient;',
  'method': 'access$log(Lcom/fyber/fairbid/http/connection/HttpClient;Ljava/lang/String;Ljava/lang/String;Ljava/util/Map;Ljava/lang/String;)V',
  'name': ['UUID'],
  'num': 281,
  'source_class': 'Ljava/lang/StringBuilder;',
  'source_method': 'toString()Ljava/lang/String;'},
 {'clss': 'Lcom/fyber/fairbid/http/requests/JsonPostBodyProvider;',
  'method': 'getContent()Ljava/lang/String;',
  'name': ['UUID'],
  'num': 92,
  'source_class': 'Lorg/json/JSONObject;',
  'source_method': 'toString()Ljava/lang/String;'},
 {'clss': 'Lcom/fyber/fairbid/http/requests/JsonPostBodyProvider;',
  'method': 'getContent()Ljava/lang/String;',
  'name': ['UUID'],
  'num': 92,
  'source_class': 'Lorg/json/JSONObject;',
  'source_method': 'toString()Ljava/lang/String;'},
 {'clss': 'Lcom/fyber/fairbid/http/connection/HttpClient;',
  'method': 'access$log(Lcom/fyber/fairbid/http/connection/HttpClient;Ljava/lang/String;Ljava/lang/String;Ljava/util/Map;Ljava/lang/String;)V',
  'name': ['UUID'],
  'num': 281,
  'source_class': 'Ljava/lang/StringBuilder;',
  'source_method': 'toString()Ljava/lang/String;'},
 {'clss': 'Lcom/fyber/fairbid/http/requests/JsonPostBodyProvider;',
  'method': 'getContent()Ljava/lang/String;',
  'name': ['UUID'],
  'num': 92,
  'source_class': 'Lorg/json/JSONObject;',
  'source_method': 'toString()Ljava/lang/String;'},
 {'clss': 'Lcom/fyber/fairbid/http/requests/JsonPostBodyProvider;',
  'method': 'getContent()Ljava/lang/String;',
  'name': ['UUID'],
  'num': 92,
  'source_class': 'Lorg/json/JSONObject;',
  'source_method': 'toString()Ljava/lang/String;'},
 {'clss': 'Lcom/fyber/fairbid/http/connection/HttpClient;',
  'method': 'access$log(Lcom/fyber/fairbid/http/connection/HttpClient;Ljava/lang/String;Ljava/lang/String;Ljava/util/Map;Ljava/lang/String;)V',
  'name': ['UUID'],
  'num': 281,
  'source_class': 'Ljava/lang/StringBuilder;',
  'source_method': 'toString()Ljava/lang/String;'},
 {'clss': 'Lcom/fyber/fairbid/http/requests/JsonPostBodyProvider;',
  'method': 'getContent()Ljava/lang/String;',
  'name': ['UUID'],
  'num': 92,
  'source_class': 'Lorg/json/JSONObject;',
  'source_method': 'toString()Ljava/lang/String;'},
 {'clss': 'Lcom/fyber/offerwall/qi;',
  'method': '<init>(Landroid/content/Context;Lcom/fyber/fairbid/internal/Utils$a;)V',
  'name': ['UUID'],
  'num': 50,
  'source_class': 'Ljava/util/UUID;',
  'source_method': 'toString()Ljava/lang/String;'},
 {'clss': 'Lcom/fyber/fairbid/sdk/session/UserSession;',
  'method': '<init>(JLcom/fyber/fairbid/sdk/session/Storage;)V',
  'name': ['UUID'],
  'num': 180,
  'source_class': 'Ljava/util/UUID;',
  'source_method': 'toString()Ljava/lang/String;'},
 {'clss': 'Lcom/fyber/offerwall/qi;',
  'method': 'a()Ljava/lang/String;',
  'name': ['UUID'],
  'num': 108,
  'source_class': 'Landroid/content/SharedPreferences;',
  'source_method': 'getString(Ljava/lang/String;Ljava/lang/String;)Ljava/lang/String;'},
 {'clss': 'Lcom/fyber/fairbid/http/requests/JsonPostBodyProvider;',
  'method': 'getContent()Ljava/lang/String;',
  'name': ['UUID'],
  'num': 92,
  'source_class': 'Lorg/json/JSONObject;',
  'source_method': 'toString()Ljava/lang/String;'},
 {'clss': 'Lcom/fyber/fairbid/http/connection/HttpClient;',
  'method': 'access$log(Lcom/fyber/fairbid/http/connection/HttpClient;Ljava/lang/String;Ljava/lang/String;Ljava/util/Map;Ljava/lang/String;)V',
  'name': ['UUID'],
  'num': 281,
  'source_class': 'Ljava/lang/StringBuilder;',
  'source_method': 'toString()Ljava/lang/String;'},
 {'clss': 'Lcom/fyber/fairbid/http/requests/JsonPostBodyProvider;',
  'method': 'getContent()Ljava/lang/String;',
  'name': ['UUID'],
  'num': 92,
  'source_class': 'Lorg/json/JSONObject;',
  'source_method': 'toString()Ljava/lang/String;'},
 {'clss': 'Lcom/fyber/inneractive/sdk/network/d0;',
  'method': '<init>(Lcom/fyber/inneractive/sdk/network/u;Lcom/fyber/inneractive/sdk/network/g;Lcom/fyber/inneractive/sdk/config/global/s;)V',
  'name': ['UUID'],
  'num': 104,
  'source_class': 'Ljava/util/UUID;',
  'source_method': 'toString()Ljava/lang/String;'},
 {'clss': 'Lcom/fyber/inneractive/sdk/network/d0;',
  'method': '<init>(Lcom/fyber/inneractive/sdk/network/u;Lcom/fyber/inneractive/sdk/network/g;Lcom/fyber/inneractive/sdk/config/global/s;)V',
  'name': ['UUID'],
  'num': 104,
  'source_class': 'Ljava/util/UUID;',
  'source_method': 'toString()Ljava/lang/String;'},
 {'clss': 'Lcom/fyber/inneractive/sdk/network/d0;',
  'method': '<init>(Lcom/fyber/inneractive/sdk/network/u;Lcom/fyber/inneractive/sdk/network/g;Lcom/fyber/inneractive/sdk/config/global/s;)V',
  'name': ['UUID'],
  'num': 104,
  'source_class': 'Ljava/util/UUID;',
  'source_method': 'toString()Ljava/lang/String;'},
 {'clss': 'Lcom/fyber/inneractive/sdk/network/d0;',
  'method': '<init>(Lcom/fyber/inneractive/sdk/network/u;Lcom/fyber/inneractive/sdk/network/g;Lcom/fyber/inneractive/sdk/config/global/s;)V',
  'name': ['UUID'],
  'num': 104,
  'source_class': 'Ljava/util/UUID;',
  'source_method': 'toString()Ljava/lang/String;'},
 {'clss': 'Lcom/fyber/inneractive/sdk/network/d0;',
  'method': '<init>(Lcom/fyber/inneractive/sdk/network/u;Lcom/fyber/inneractive/sdk/network/g;Lcom/fyber/inneractive/sdk/config/global/s;)V',
  'name': ['UUID'],
  'num': 104,
  'source_class': 'Ljava/util/UUID;',
  'source_method': 'toString()Ljava/lang/String;'},
 {'clss': 'Lcom/fyber/offerwall/y8$c;',
  'method': 'invoke()Ljava/lang/Object;',
  'name': ['AndroidID'],
  'num': 66,
  'source_class': 'Landroid/provider/Settings$Secure;',
  'source_method': 'getString(Landroid/content/ContentResolver;Ljava/lang/String;)Ljava/lang/String;'},
 {'clss': 'Lcom/fyber/offerwall/y8$c;',
  'method': 'invoke()Ljava/lang/Object;',
  'name': ['AndroidID'],
  'num': 93,
  'source_class': 'Ljava/lang/StringBuilder;',
  'source_method': 'toString()Ljava/lang/String;'},
 {'clss': 'Lcom/fyber/fairbid/internal/Utils;',
  'method': 'getMapAsUrlParams(Ljava/util/Map;)Ljava/lang/String;',
  'name': ['UUID'],
  'num': 1164,
  'source_class': 'Ljava/util/Map$Entry;',
  'source_method': 'getValue()Ljava/lang/Object;'},
 {'clss': 'Lcom/fyber/fairbid/internal/Utils;',
  'method': 'getMapAsUrlParams(Ljava/util/Map;)Ljava/lang/String;',
  'name': ['AndroidID'],
  'num': 1164,
  'source_class': 'Ljava/util/Map$Entry;',
  'source_method': 'getValue()Ljava/lang/Object;'},
 {'clss': 'Lcom/fyber/fairbid/internal/Utils;',
  'method': 'getMapAsUrlParams(Ljava/util/Map;)Ljava/lang/String;',
  'name': ['UUID'],
  'num': 1164,
  'source_class': 'Ljava/util/Map$Entry;',
  'source_method': 'getValue()Ljava/lang/Object;'},
 {'clss': 'Lcom/fyber/fairbid/internal/Utils;',
  'method': 'getMapAsUrlParams(Ljava/util/Map;)Ljava/lang/String;',
  'name': ['AndroidID', 'UUID'],
  'num': 1180,
  'source_class': 'Landroid/net/Uri;',
  'source_method': 'getEncodedQuery()Ljava/lang/String;'},
 {'clss': 'Lcom/fyber/fairbid/http/connection/HttpClient;',
  'method': 'access$log(Lcom/fyber/fairbid/http/connection/HttpClient;Ljava/lang/String;Ljava/lang/String;Ljava/util/Map;Ljava/lang/String;)V',
  'name': ['AndroidID', 'UUID'],
  'num': 229,
  'source_class': 'Ljava/lang/StringBuilder;',
  'source_method': 'toString()Ljava/lang/String;'},
 {'clss': 'Lcom/fyber/fairbid/http/FairBidHttpUtils;',
  'method': 'urlBuilder(Ljava/lang/String;Ljava/util/Map;Ljava/lang/String;)Ljava/net/URL;',
  'name': ['UUID'],
  'num': 224,
  'source_class': 'Ljava/util/Map$Entry;',
  'source_method': 'getValue()Ljava/lang/Object;'},
 {'clss': 'Lcom/fyber/fairbid/http/FairBidHttpUtils;',
  'method': 'urlBuilder(Ljava/lang/String;Ljava/util/Map;Ljava/lang/String;)Ljava/net/URL;',
  'name': ['AndroidID'],
  'num': 224,
  'source_class': 'Ljava/util/Map$Entry;',
  'source_method': 'getValue()Ljava/lang/Object;'},
 {'clss': 'Lcom/fyber/fairbid/http/FairBidHttpUtils;',
  'method': 'urlBuilder(Ljava/lang/String;Ljava/util/Map;Ljava/lang/String;)Ljava/net/URL;',
  'name': ['UUID'],
  'num': 224,
  'source_class': 'Ljava/util/Map$Entry;',
  'source_method': 'getValue()Ljava/lang/Object;'},
 {'clss': 'Lcom/fyber/fairbid/http/FairBidHttpUtils;',
  'method': 'urlBuilder(Ljava/lang/String;Ljava/util/Map;Ljava/lang/String;)Ljava/net/URL;',
  'name': ['AndroidID', 'UUID'],
  'num': 264,
  'source_class': 'Landroid/net/Uri;',
  'source_method': 'toString()Ljava/lang/String;'},
 {'clss': 'Lcom/fyber/inneractive/sdk/network/d0;',
  'method': '<init>(Lcom/fyber/inneractive/sdk/network/u;Lcom/fyber/inneractive/sdk/network/g;Lcom/fyber/inneractive/sdk/config/global/s;)V',
  'name': ['UUID'],
  'num': 104,
  'source_class': 'Ljava/util/UUID;',
  'source_method': 'toString()Ljava/lang/String;'},
 {'clss': 'Lcom/fyber/fairbid/http/responses/JsonObjectResponseHandler$DefaultImpls;',
  'method': 'process(Lcom/fyber/fairbid/http/responses/JsonObjectResponseHandler;ILjava/lang/String;Ljava/io/InputStream;)Lorg/json/JSONObject;',
  'name': ['UUID'],
  'num': 46,
  'source_class': 'Lcom/fyber/offerwall/n9;',
  'source_method': 'a(Ljava/io/InputStream;)Ljava/lang/String;'},
 {'clss': 'Lcom/fyber/offerwall/pb;',
  'method': 'a(Lorg/json/JSONObject;)Lcom/fyber/offerwall/pb$a;',
  'name': ['UUID'],
  'num': 647,
  'source_class': 'Lorg/json/JSONObject;',
  'source_method': 'optString(Ljava/lang/String;Ljava/lang/String;)Ljava/lang/String;'},
 {'clss': 'Lcom/fyber/offerwall/rb;', 'method': 'a(Lorg/json/JSONObject;)V', 'name': ['UUID'], 'num': 55, 'source_class': 'Lorg/json/JSONObject;', 'source_method': 'toString()Ljava/lang/String;'},
 {'clss': 'Lcom/fyber/fairbid/http/requests/JsonPostBodyProvider;',
  'method': 'getContent()Ljava/lang/String;',
  'name': ['UUID'],
  'num': 92,
  'source_class': 'Lorg/json/JSONObject;',
  'source_method': 'toString()Ljava/lang/String;'},
 {'clss': 'Lcom/fyber/fairbid/http/connection/HttpClient;',
  'method': 'access$log(Lcom/fyber/fairbid/http/connection/HttpClient;Ljava/lang/String;Ljava/lang/String;Ljava/util/Map;Ljava/lang/String;)V',
  'name': ['UUID'],
  'num': 281,
  'source_class': 'Ljava/lang/StringBuilder;',
  'source_method': 'toString()Ljava/lang/String;'},
 {'clss': 'Lcom/fyber/fairbid/http/connection/HttpClient;',
  'method': 'access$log(Lcom/fyber/fairbid/http/connection/HttpClient;Ljava/lang/String;Ljava/lang/String;Ljava/util/Map;Ljava/lang/String;)V',
  'name': ['UUID'],
  'num': 281,
  'source_class': 'Ljava/lang/StringBuilder;',
  'source_method': 'toString()Ljava/lang/String;'},
 {'clss': 'Lcom/fyber/fairbid/http/FairBidHttpUtils;',
  'method': 'urlBuilder(Ljava/lang/String;Ljava/util/Map;Ljava/lang/String;)Ljava/net/URL;',
  'name': ['UUID'],
  'num': 264,
  'source_class': 'Landroid/net/Uri;',
  'source_method': 'toString()Ljava/lang/String;'},
 {'clss': 'Lcom/fyber/fairbid/http/requests/JsonPostBodyProvider;',
  'method': 'getContent()Ljava/lang/String;',
  'name': ['UUID'],
  'num': 92,
  'source_class': 'Lorg/json/JSONObject;',
  'source_method': 'toString()Ljava/lang/String;'},
 {'clss': 'Lcom/fyber/fairbid/http/requests/JsonPostBodyProvider;',
  'method': 'getContent()Ljava/lang/String;',
  'name': ['UUID'],
  'num': 92,
  'source_class': 'Lorg/json/JSONObject;',
  'source_method': 'toString()Ljava/lang/String;'},
 {'clss': 'Lcom/fyber/fairbid/http/connection/HttpClient;',
  'method': 'access$log(Lcom/fyber/fairbid/http/connection/HttpClient;Ljava/lang/String;Ljava/lang/String;Ljava/util/Map;Ljava/lang/String;)V',
  'name': ['UUID'],
  'num': 281,
  'source_class': 'Ljava/lang/StringBuilder;',
  'source_method': 'toString()Ljava/lang/String;'},
 {'clss': 'Lcom/fyber/fairbid/http/requests/JsonPostBodyProvider;',
  'method': 'getContent()Ljava/lang/String;',
  'name': ['UUID'],
  'num': 92,
  'source_class': 'Lorg/json/JSONObject;',
  'source_method': 'toString()Ljava/lang/String;'},
 {'clss': 'Lcom/fyber/fairbid/http/requests/JsonPostBodyProvider;',
  'method': 'getContent()Ljava/lang/String;',
  'name': ['UUID'],
  'num': 92,
  'source_class': 'Lorg/json/JSONObject;',
  'source_method': 'toString()Ljava/lang/String;'},
 {'clss': 'Lcom/fyber/fairbid/http/connection/HttpClient;',
  'method': 'access$log(Lcom/fyber/fairbid/http/connection/HttpClient;Ljava/lang/String;Ljava/lang/String;Ljava/util/Map;Ljava/lang/String;)V',
  'name': ['UUID'],
  'num': 281,
  'source_class': 'Ljava/lang/StringBuilder;',
  'source_method': 'toString()Ljava/lang/String;'},
 {'clss': 'Lcom/fyber/fairbid/http/requests/JsonPostBodyProvider;',
  'method': 'getContent()Ljava/lang/String;',
  'name': ['UUID'],
  'num': 92,
  'source_class': 'Lorg/json/JSONObject;',
  'source_method': 'toString()Ljava/lang/String;'},
 {'clss': 'Lcom/fyber/fairbid/http/requests/JsonPostBodyProvider;',
  'method': 'getContent()Ljava/lang/String;',
  'name': ['UUID'],
  'num': 92,
  'source_class': 'Lorg/json/JSONObject;',
  'source_method': 'toString()Ljava/lang/String;'},
 {'clss': 'Lcom/fyber/fairbid/http/connection/HttpClient;',
  'method': 'access$log(Lcom/fyber/fairbid/http/connection/HttpClient;Ljava/lang/String;Ljava/lang/String;Ljava/util/Map;Ljava/lang/String;)V',
  'name': ['UUID'],
  'num': 281,
  'source_class': 'Ljava/lang/StringBuilder;',
  'source_method': 'toString()Ljava/lang/String;'},
 {'clss': 'Lcom/fyber/fairbid/http/requests/UrlParametersProvider;',
  'method': 'extraParams(Landroid/content/Context;)Ljava/util/Map;',
  'name': ['AndroidID'],
  'num': 610,
  'source_class': 'Lkotlin/Lazy;',
  'source_method': 'getValue()Ljava/lang/Object;'},
 {'clss': 'Lcom/fyber/fairbid/http/requests/JsonPostBodyProvider;',
  'method': 'getContent()Ljava/lang/String;',
  'name': ['UUID'],
  'num': 92,
  'source_class': 'Lorg/json/JSONObject;',
  'source_method': 'toString()Ljava/lang/String;'},
 {'clss': 'Lcom/fyber/fairbid/internal/Utils;',
  'method': 'getMapAsUrlParams(Ljava/util/Map;)Ljava/lang/String;',
  'name': ['UUID'],
  'num': 1164,
  'source_class': 'Ljava/util/Map$Entry;',
  'source_method': 'getValue()Ljava/lang/Object;'},
 {'clss': 'Lcom/fyber/fairbid/internal/Utils;',
  'method': 'getMapAsUrlParams(Ljava/util/Map;)Ljava/lang/String;',
  'name': ['AndroidID'],
  'num': 1164,
  'source_class': 'Ljava/util/Map$Entry;',
  'source_method': 'getValue()Ljava/lang/Object;'},
 {'clss': 'Lcom/fyber/fairbid/internal/Utils;',
  'method': 'getMapAsUrlParams(Ljava/util/Map;)Ljava/lang/String;',
  'name': ['UUID'],
  'num': 1164,
  'source_class': 'Ljava/util/Map$Entry;',
  'source_method': 'getValue()Ljava/lang/Object;'},
 {'clss': 'Lcom/fyber/fairbid/internal/Utils;',
  'method': 'getMapAsUrlParams(Ljava/util/Map;)Ljava/lang/String;',
  'name': ['AndroidID', 'UUID'],
  'num': 1180,
  'source_class': 'Landroid/net/Uri;',
  'source_method': 'getEncodedQuery()Ljava/lang/String;'},
 {'clss': 'Lcom/fyber/fairbid/http/connection/HttpClient;',
  'method': 'access$log(Lcom/fyber/fairbid/http/connection/HttpClient;Ljava/lang/String;Ljava/lang/String;Ljava/util/Map;Ljava/lang/String;)V',
  'name': ['AndroidID', 'UUID'],
  'num': 229,
  'source_class': 'Ljava/lang/StringBuilder;',
  'source_method': 'toString()Ljava/lang/String;'},
 {'clss': 'Lcom/fyber/fairbid/http/FairBidHttpUtils;',
  'method': 'urlBuilder(Ljava/lang/String;Ljava/util/Map;Ljava/lang/String;)Ljava/net/URL;',
  'name': ['UUID'],
  'num': 224,
  'source_class': 'Ljava/util/Map$Entry;',
  'source_method': 'getValue()Ljava/lang/Object;'},
 {'clss': 'Lcom/fyber/fairbid/http/FairBidHttpUtils;',
  'method': 'urlBuilder(Ljava/lang/String;Ljava/util/Map;Ljava/lang/String;)Ljava/net/URL;',
  'name': ['AndroidID'],
  'num': 224,
  'source_class': 'Ljava/util/Map$Entry;',
  'source_method': 'getValue()Ljava/lang/Object;'},
 {'clss': 'Lcom/fyber/fairbid/http/FairBidHttpUtils;',
  'method': 'urlBuilder(Ljava/lang/String;Ljava/util/Map;Ljava/lang/String;)Ljava/net/URL;',
  'name': ['UUID'],
  'num': 224,
  'source_class': 'Ljava/util/Map$Entry;',
  'source_method': 'getValue()Ljava/lang/Object;'},
 {'clss': 'Lcom/fyber/fairbid/http/FairBidHttpUtils;',
  'method': 'urlBuilder(Ljava/lang/String;Ljava/util/Map;Ljava/lang/String;)Ljava/net/URL;',
  'name': ['AndroidID', 'UUID'],
  'num': 264,
  'source_class': 'Landroid/net/Uri;',
  'source_method': 'toString()Ljava/lang/String;'},
 {'clss': 'Lcom/fyber/fairbid/http/responses/JsonObjectResponseHandler$DefaultImpls;',
  'method': 'process(Lcom/fyber/fairbid/http/responses/JsonObjectResponseHandler;ILjava/lang/String;Ljava/io/InputStream;)Lorg/json/JSONObject;',
  'name': ['UUID'],
  'num': 46,
  'source_class': 'Lcom/fyber/offerwall/n9;',
  'source_method': 'a(Ljava/io/InputStream;)Ljava/lang/String;'},
 {'clss': 'Lcom/fyber/offerwall/rb;', 'method': 'a(Lorg/json/JSONObject;)V', 'name': ['UUID'], 'num': 55, 'source_class': 'Lorg/json/JSONObject;', 'source_method': 'toString()Ljava/lang/String;'},
 {'clss': 'Lcom/fyber/fairbid/mediation/MediationManager$c;',
  'method': 'a(Lorg/json/JSONObject;)V',
  'name': ['UUID'],
  'num': 145,
  'source_class': 'Lorg/json/JSONObject;',
  'source_method': 'optString(Ljava/lang/String;Ljava/lang/String;)Ljava/lang/String;'},
 {'clss': 'Lcom/fyber/fairbid/http/requests/JsonPostBodyProvider;',
  'method': 'getContent()Ljava/lang/String;',
  'name': ['UUID'],
  'num': 92,
  'source_class': 'Lorg/json/JSONObject;',
  'source_method': 'toString()Ljava/lang/String;'},
 {'clss': 'Lcom/fyber/fairbid/http/connection/HttpClient;',
  'method': 'access$log(Lcom/fyber/fairbid/http/connection/HttpClient;Ljava/lang/String;Ljava/lang/String;Ljava/util/Map;Ljava/lang/String;)V',
  'name': ['UUID'],
  'num': 281,
  'source_class': 'Ljava/lang/StringBuilder;',
  'source_method': 'toString()Ljava/lang/String;'},
 {'clss': 'Lcom/fyber/fairbid/http/requests/JsonPostBodyProvider;',
  'method': 'getContent()Ljava/lang/String;',
  'name': ['UUID'],
  'num': 92,
  'source_class': 'Lorg/json/JSONObject;',
  'source_method': 'toString()Ljava/lang/String;'},
 {'clss': 'Lcom/fyber/fairbid/mediation/request/MediationRequest;',
  'method': '<init>(Lcom/fyber/fairbid/internal/Constants$AdType;I)V',
  'name': ['UUID'],
  'num': 139,
  'source_class': 'Ljava/util/UUID;',
  'source_method': 'toString()Ljava/lang/String;'},
 {'clss': 'Lcom/fyber/fairbid/http/requests/JsonPostBodyProvider;',
  'method': 'getContent()Ljava/lang/String;',
  'name': ['UUID'],
  'num': 92,
  'source_class': 'Lorg/json/JSONObject;',
  'source_method': 'toString()Ljava/lang/String;'},
 {'clss': 'Lcom/fyber/fairbid/http/connection/HttpClient;',
  'method': 'access$log(Lcom/fyber/fairbid/http/connection/HttpClient;Ljava/lang/String;Ljava/lang/String;Ljava/util/Map;Ljava/lang/String;)V',
  'name': ['UUID'],
  'num': 281,
  'source_class': 'Ljava/lang/StringBuilder;',
  'source_method': 'toString()Ljava/lang/String;'},
 {'clss': 'Lcom/fyber/fairbid/http/requests/JsonPostBodyProvider;',
  'method': 'getContent()Ljava/lang/String;',
  'name': ['UUID'],
  'num': 92,
  'source_class': 'Lorg/json/JSONObject;',
  'source_method': 'toString()Ljava/lang/String;'},
 {'clss': 'Lcom/fyber/fairbid/http/requests/JsonPostBodyProvider;',
  'method': 'getContent()Ljava/lang/String;',
  'name': ['UUID'],
  'num': 92,
  'source_class': 'Lorg/json/JSONObject;',
  'source_method': 'toString()Ljava/lang/String;'},
 {'clss': 'Lcom/fyber/fairbid/http/connection/HttpClient;',
  'method': 'access$log(Lcom/fyber/fairbid/http/connection/HttpClient;Ljava/lang/String;Ljava/lang/String;Ljava/util/Map;Ljava/lang/String;)V',
  'name': ['UUID'],
  'num': 281,
  'source_class': 'Ljava/lang/StringBuilder;',
  'source_method': 'toString()Ljava/lang/String;'},
 {'clss': 'Lcom/fyber/fairbid/http/requests/JsonPostBodyProvider;',
  'method': 'getContent()Ljava/lang/String;',
  'name': ['UUID'],
  'num': 92,
  'source_class': 'Lorg/json/JSONObject;',
  'source_method': 'toString()Ljava/lang/String;'},
 {'clss': 'Lcom/fyber/fairbid/http/requests/JsonPostBodyProvider;',
  'method': 'getContent()Ljava/lang/String;',
  'name': ['UUID'],
  'num': 92,
  'source_class': 'Lorg/json/JSONObject;',
  'source_method': 'toString()Ljava/lang/String;'},
 {'clss': 'Lcom/fyber/fairbid/http/connection/HttpClient;',
  'method': 'access$log(Lcom/fyber/fairbid/http/connection/HttpClient;Ljava/lang/String;Ljava/lang/String;Ljava/util/Map;Ljava/lang/String;)V',
  'name': ['UUID'],
  'num': 281,
  'source_class': 'Ljava/lang/StringBuilder;',
  'source_method': 'toString()Ljava/lang/String;'},
 {'clss': 'Lcom/fyber/fairbid/http/requests/JsonPostBodyProvider;',
  'method': 'getContent()Ljava/lang/String;',
  'name': ['UUID'],
  'num': 92,
  'source_class': 'Lorg/json/JSONObject;',
  'source_method': 'toString()Ljava/lang/String;'},
 {'clss': 'Lcom/fyber/fairbid/http/requests/JsonPostBodyProvider;',
  'method': 'getContent()Ljava/lang/String;',
  'name': ['UUID'],
  'num': 92,
  'source_class': 'Lorg/json/JSONObject;',
  'source_method': 'toString()Ljava/lang/String;'},
 {'clss': 'Lcom/fyber/fairbid/http/connection/HttpClient;',
  'method': 'access$log(Lcom/fyber/fairbid/http/connection/HttpClient;Ljava/lang/String;Ljava/lang/String;Ljava/util/Map;Ljava/lang/String;)V',
  'name': ['UUID'],
  'num': 281,
  'source_class': 'Ljava/lang/StringBuilder;',
  'source_method': 'toString()Ljava/lang/String;'},
 {'clss': 'Lcom/fyber/fairbid/http/requests/JsonPostBodyProvider;',
  'method': 'getContent()Ljava/lang/String;',
  'name': ['UUID'],
  'num': 92,
  'source_class': 'Lorg/json/JSONObject;',
  'source_method': 'toString()Ljava/lang/String;'},
 {'clss': 'Lcom/fyber/fairbid/http/requests/JsonPostBodyProvider;',
  'method': 'getContent()Ljava/lang/String;',
  'name': ['UUID'],
  'num': 92,
  'source_class': 'Lorg/json/JSONObject;',
  'source_method': 'toString()Ljava/lang/String;'},
 {'clss': 'Lcom/fyber/fairbid/http/connection/HttpClient;',
  'method': 'access$log(Lcom/fyber/fairbid/http/connection/HttpClient;Ljava/lang/String;Ljava/lang/String;Ljava/util/Map;Ljava/lang/String;)V',
  'name': ['UUID'],
  'num': 281,
  'source_class': 'Ljava/lang/StringBuilder;',
  'source_method': 'toString()Ljava/lang/String;'},
 {'clss': 'Lcom/fyber/fairbid/http/requests/JsonPostBodyProvider;',
  'method': 'getContent()Ljava/lang/String;',
  'name': ['UUID'],
  'num': 92,
  'source_class': 'Lorg/json/JSONObject;',
  'source_method': 'toString()Ljava/lang/String;'},
 {'clss': 'Lcom/fyber/fairbid/http/requests/JsonPostBodyProvider;',
  'method': 'getContent()Ljava/lang/String;',
  'name': ['UUID'],
  'num': 92,
  'source_class': 'Lorg/json/JSONObject;',
  'source_method': 'toString()Ljava/lang/String;'},
 {'clss': 'Lcom/fyber/fairbid/http/connection/HttpClient;',
  'method': 'access$log(Lcom/fyber/fairbid/http/connection/HttpClient;Ljava/lang/String;Ljava/lang/String;Ljava/util/Map;Ljava/lang/String;)V',
  'name': ['UUID'],
  'num': 281,
  'source_class': 'Ljava/lang/StringBuilder;',
  'source_method': 'toString()Ljava/lang/String;'},
 {'clss': 'Lcom/fyber/fairbid/http/requests/JsonPostBodyProvider;',
  'method': 'getContent()Ljava/lang/String;',
  'name': ['UUID'],
  'num': 92,
  'source_class': 'Lorg/json/JSONObject;',
  'source_method': 'toString()Ljava/lang/String;'},
 {'clss': 'Lcom/fyber/fairbid/http/requests/JsonPostBodyProvider;',
  'method': 'getContent()Ljava/lang/String;',
  'name': ['UUID'],
  'num': 92,
  'source_class': 'Lorg/json/JSONObject;',
  'source_method': 'toString()Ljava/lang/String;'},
 {'clss': 'Lcom/fyber/fairbid/http/connection/HttpClient;',
  'method': 'access$log(Lcom/fyber/fairbid/http/connection/HttpClient;Ljava/lang/String;Ljava/lang/String;Ljava/util/Map;Ljava/lang/String;)V',
  'name': ['UUID'],
  'num': 281,
  'source_class': 'Ljava/lang/StringBuilder;',
  'source_method': 'toString()Ljava/lang/String;'},
 {'clss': 'Lcom/fyber/fairbid/http/requests/JsonPostBodyProvider;',
  'method': 'getContent()Ljava/lang/String;',
  'name': ['UUID'],
  'num': 92,
  'source_class': 'Lorg/json/JSONObject;',
  'source_method': 'toString()Ljava/lang/String;'},
 {'clss': 'Lcom/fyber/inneractive/sdk/util/o;',
  'method': 'doInBackground([Ljava/lang/Object;)Ljava/lang/Object;',
  'name': ['UUID'],
  'num': 109,
  'source_class': 'Ljava/util/UUID;',
  'source_method': 'toString()Ljava/lang/String;'},
 {'clss': 'Lcom/fyber/inneractive/sdk/util/o;',
  'method': 'doInBackground([Ljava/lang/Object;)Ljava/lang/Object;',
  'name': ['UUID'],
  'num': 123,
  'source_class': 'Ljava/lang/StringBuilder;',
  'source_method': 'toString()Ljava/lang/String;'},
 {'clss': 'Lcom/fyber/inneractive/sdk/network/d0;',
  'method': '<init>(Lcom/fyber/inneractive/sdk/network/u;Lcom/fyber/inneractive/sdk/network/g;Lcom/fyber/inneractive/sdk/config/global/s;)V',
  'name': ['UUID'],
  'num': 104,
  'source_class': 'Ljava/util/UUID;',
  'source_method': 'toString()Ljava/lang/String;'},
 {'clss': 'Lcom/fyber/inneractive/sdk/util/o;',
  'method': 'doInBackground([Ljava/lang/Object;)Ljava/lang/Object;',
  'name': ['UUID'],
  'num': 248,
  'source_class': 'Ljava/io/File;',
  'source_method': 'getPath()Ljava/lang/String;'},
 {'clss': 'Lcom/fyber/offerwall/d4;', 'method': 'a()Ljava/util/Map;', 'name': ['UUID'], 'num': 102, 'source_class': None, 'source_method': None},
 {'clss': 'Lcom/fyber/offerwall/d4;', 'method': 'a()Ljava/util/Map;', 'name': ['UUID'], 'num': 203, 'source_class': None, 'source_method': None},
 {'clss': 'Lcom/fyber/offerwall/f5;', 'method': 'a(Lcom/fyber/offerwall/u1;)V', 'name': ['UUID'], 'num': 316, 'source_class': 'Lorg/json/JSONObject;', 'source_method': 'toString()Ljava/lang/String;'},
 {'clss': 'Lcom/fyber/offerwall/d4;', 'method': 'a()Ljava/util/Map;', 'name': ['UUID'], 'num': 102, 'source_class': None, 'source_method': None},
 {'clss': 'Lcom/fyber/offerwall/d4;', 'method': 'a()Ljava/util/Map;', 'name': ['UUID'], 'num': 203, 'source_class': None, 'source_method': None},
 {'clss': 'Lcom/fyber/fairbid/http/requests/JsonPostBodyProvider;',
  'method': 'getContent()Ljava/lang/String;',
  'name': ['UUID'],
  'num': 92,
  'source_class': 'Lorg/json/JSONObject;',
  'source_method': 'toString()Ljava/lang/String;'},
 {'clss': 'Lcom/fyber/fairbid/http/connection/HttpClient;',
  'method': 'access$log(Lcom/fyber/fairbid/http/connection/HttpClient;Ljava/lang/String;Ljava/lang/String;Ljava/util/Map;Ljava/lang/String;)V',
  'name': ['UUID'],
  'num': 281,
  'source_class': 'Ljava/lang/StringBuilder;',
  'source_method': 'toString()Ljava/lang/String;'},
 {'clss': 'Lcom/fyber/fairbid/http/requests/JsonPostBodyProvider;',
  'method': 'getContent()Ljava/lang/String;',
  'name': ['UUID'],
  'num': 92,
  'source_class': 'Lorg/json/JSONObject;',
  'source_method': 'toString()Ljava/lang/String;'},
 {'clss': 'Lcom/fyber/inneractive/sdk/network/d0;',
  'method': '<init>(Lcom/fyber/inneractive/sdk/network/u;Lcom/fyber/inneractive/sdk/network/g;Lcom/fyber/inneractive/sdk/config/global/s;)V',
  'name': ['UUID'],
  'num': 104,
  'source_class': 'Ljava/util/UUID;',
  'source_method': 'toString()Ljava/lang/String;'},
 {'clss': 'Lcom/fyber/fairbid/http/requests/JsonPostBodyProvider;',
  'method': 'getContent()Ljava/lang/String;',
  'name': ['UUID'],
  'num': 92,
  'source_class': 'Lorg/json/JSONObject;',
  'source_method': 'toString()Ljava/lang/String;'},
 {'clss': 'Lcom/fyber/fairbid/http/connection/HttpClient;',
  'method': 'access$log(Lcom/fyber/fairbid/http/connection/HttpClient;Ljava/lang/String;Ljava/lang/String;Ljava/util/Map;Ljava/lang/String;)V',
  'name': ['UUID'],
  'num': 281,
  'source_class': 'Ljava/lang/StringBuilder;',
  'source_method': 'toString()Ljava/lang/String;'},
 {'clss': 'Lcom/fyber/fairbid/http/requests/JsonPostBodyProvider;',
  'method': 'getContent()Ljava/lang/String;',
  'name': ['UUID'],
  'num': 92,
  'source_class': 'Lorg/json/JSONObject;',
  'source_method': 'toString()Ljava/lang/String;'},
 {'clss': 'Lcom/fyber/inneractive/sdk/network/d0;',
  'method': '<init>(Lcom/fyber/inneractive/sdk/network/u;Lcom/fyber/inneractive/sdk/network/g;Lcom/fyber/inneractive/sdk/config/global/s;)V',
  'name': ['UUID'],
  'num': 104,
  'source_class': 'Ljava/util/UUID;',
  'source_method': 'toString()Ljava/lang/String;'}]
Sinks
[{"smali_tag": "6933_268", "clss": "Lcom/fyber/fairbid/http/FairBidHttpUtils;", "method": "urlBuilder(Ljava/lang/String;Ljava/util/Map;Ljava/lang/String;)Ljava/net/URL;", "num": 268, "sink_class": "Ljava/net/URL;", "sink_method": "<init>(Ljava/lang/String;)V", "sink_values": ["https://mediation.fyber.com/mediate?app_version=1.0%20(1)&device_model=AOSP%20on%20Oriole&device_type=oriole&language=en&platform=android&device_width=1080&install_id=5d9b404a-9e04-47c0-bdb7-d2607bcee49e&plugin_framework=native&sdk_version=3.41.2&app_id=109613&sdk_init_timestamp=1696845735888&device_dpi=2.625&orientation=portrait&device_id=aosp_oriole_d13b531dbbad8fb5&connection_type=wifi&device_free_bytes=112997576704&os_version=12&locale_country=us&app_name=DT%20FairBid%20Sample&country_code=jp&device_height=2156&sdk_session_id=7dd7b12f-ceb0-481a-98b3-0616ba3b51da&hours_since_install=0&bundle_id=com.fyber.fairbid.sample&device_meta_type=phone"], "sources": ["AndroidID", "UUID"], "returned_value": null}, {"smali_tag": "6933_268", "clss": "Lcom/fyber/fairbid/http/FairBidHttpUtils;", "method": "urlBuilder(Ljava/lang/String;Ljava/util/Map;Ljava/lang/String;)Ljava/net/URL;", "num": 268, "sink_class": "Ljava/net/URL;", "sink_method": "<init>(Ljava/lang/String;)V", "sink_values": ["https://dau.fyber.com/reportActiveUser?app_version=1.0+(1)&install_id=5d9b404a-9e04-47c0-bdb7-d2607bcee49e&country_code=jp&sdk_version=3.41.2&app_id=109613&lat_enabled=0"], "sources": ["UUID"], "returned_value": null}, {"smali_tag": "6933_268", "clss": "Lcom/fyber/fairbid/http/FairBidHttpUtils;", "method": "urlBuilder(Ljava/lang/String;Ljava/util/Map;Ljava/lang/String;)Ljava/net/URL;", "num": 268, "sink_class": "Ljava/net/URL;", "sink_method": "<init>(Ljava/lang/String;)V", "sink_values": ["https://mediation.fyber.com/mediate?app_version=1.0%20(1)&device_model=AOSP%20on%20Oriole&device_type=oriole&language=en&platform=android&device_width=1080&install_id=5d9b404a-9e04-47c0-bdb7-d2607bcee49e&plugin_framework=native&sdk_version=3.41.2&app_id=109613&sdk_init_timestamp=1696845763438&device_dpi=2.625&orientation=portrait&device_id=aosp_oriole_d13b531dbbad8fb5&connection_type=wifi&device_free_bytes=112838877184&os_version=12&locale_country=us&app_name=DT%20FairBid%20Sample&country_code=jp&device_height=2156&sdk_session_id=6c0c008c-0102-4708-8b54-ec408cbf71ac&hours_since_install=0&bundle_id=com.fyber.fairbid.sample&device_meta_type=phone"], "sources": ["AndroidID", "UUID"], "returned_value": null}, {"smali_tag": "6933_268", "clss": "Lcom/fyber/fairbid/http/FairBidHttpUtils;", "method": "urlBuilder(Ljava/lang/String;Ljava/util/Map;Ljava/lang/String;)Ljava/net/URL;", "num": 268, "sink_class": "Ljava/net/URL;", "sink_method": "<init>(Ljava/lang/String;)V", "sink_values": ["https://dau.fyber.com/reportActiveUser?app_version=1.0+(1)&install_id=5d9b404a-9e04-47c0-bdb7-d2607bcee49e&country_code=jp&sdk_version=3.41.2&app_id=109613&lat_enabled=0"], "sources": ["UUID"], "returned_value": null}, {"smali_tag": "6933_268", "clss": "Lcom/fyber/fairbid/http/FairBidHttpUtils;", "method": "urlBuilder(Ljava/lang/String;Ljava/util/Map;Ljava/lang/String;)Ljava/net/URL;", "num": 268, "sink_class": "Ljava/net/URL;", "sink_method": "<init>(Ljava/lang/String;)V", "sink_values": ["https://mediation.fyber.com/mediate?app_version=1.0%20(1)&device_model=AOSP%20on%20Oriole&device_type=oriole&language=en&variants=all&platform=android&device_width=1080&install_id=5d9b404a-9e04-47c0-bdb7-d2607bcee49e&plugin_framework=native&sdk_version=3.41.2&app_id=109613&sdk_init_timestamp=1696845763438&device_dpi=2.625&orientation=portrait&device_id=aosp_oriole_d13b531dbbad8fb5&connection_type=wifi&device_free_bytes=112835940352&os_version=12&locale_country=us&app_name=DT%20FairBid%20Sample&country_code=jp&device_height=2156&sdk_session_id=6c0c008c-0102-4708-8b54-ec408cbf71ac&hours_since_install=0&bundle_id=com.fyber.fairbid.sample&device_meta_type=phone&hash=b7a7841bf3a9c71d9e1ac7a2a29f0db726ee4f5e13ef57154869f747a3f34882"], "sources": ["AndroidID", "UUID"], "returned_value": null}, {"smali_tag": "6483_473", "clss": "Lcom/fyber/inneractive/sdk/network/i;", "method": "a(Lcom/fyber/inneractive/sdk/network/a0;Ljava/lang/String;Ljava/lang/String;)Lcom/fyber/inneractive/sdk/network/j;", "num": 473, "sink_class": "Ljava/net/URL;", "sink_method": "<init>(Ljava/lang/String;)V", "sink_values": ["https"], "sources": ["UUID"], "returned_value": null}, {"smali_tag": "6933_268", "clss": "Lcom/fyber/fairbid/http/FairBidHttpUtils;", "method": "urlBuilder(Ljava/lang/String;Ljava/util/Map;Ljava/lang/String;)Ljava/net/URL;", "num": 268, "sink_class": "Ljava/net/URL;", "sink_method": "<init>(Ljava/lang/String;)V", "sink_values": ["https://fev.fyber.com/event"], "sources": ["UUID"], "returned_value": null}, {"smali_tag": "5384_156", "clss": "Lcom/fyber/inneractive/sdk/util/o;", "method": "doInBackground([Ljava/lang/Object;)Ljava/lang/Object;", "num": 156, "sink_class": "Ljava/net/URL;", "sink_method": "<init>(Ljava/lang/String;)V", "sink_values": ["https"], "sources": ["UUID"], "returned_value": null}, {"smali_tag": "6483_473", "clss": "Lcom/fyber/inneractive/sdk/network/i;", "method": "a(Lcom/fyber/inneractive/sdk/network/a0;Ljava/lang/String;Ljava/lang/String;)Lcom/fyber/inneractive/sdk/network/j;", "num": 473, "sink_class": "Ljava/net/URL;", "sink_method": "<init>(Ljava/lang/String;)V", "sink_values": ["https"], "sources": ["UUID"], "returned_value": null}, {"smali_tag": "6483_473", "clss": "Lcom/fyber/inneractive/sdk/network/i;", "method": "a(Lcom/fyber/inneractive/sdk/network/a0;Ljava/lang/String;Ljava/lang/String;)Lcom/fyber/inneractive/sdk/network/j;", "num": 473, "sink_class": "Ljava/net/URL;", "sink_method": "<init>(Ljava/lang/String;)V", "sink_values": ["https"], "sources": ["AndroidID", "UUID"], "returned_value": null}, {"smali_tag": "6483_473", "clss": "Lcom/fyber/inneractive/sdk/network/i;", "method": "a(Lcom/fyber/inneractive/sdk/network/a0;Ljava/lang/String;Ljava/lang/String;)Lcom/fyber/inneractive/sdk/network/j;", "num": 473, "sink_class": "Ljava/net/URL;", "sink_method": "<init>(Ljava/lang/String;)V", "sink_values": ["https"], "sources": ["AndroidID", "UUID"], "returned_value": null}]