project.emulator.get_num_leaks() = 1
Sources
[{'clss': 'Lcom/google/android/gms/internal/ads/zzbzm;',
  'method': 'zzy(Landroid/content/Context;)Ljava/lang/String;',
  'name': ['AndroidID'],
  'num': 1557,
  'source_class': 'Landroid/provider/Settings$Secure;',
  'source_method': 'getString(Landroid/content/ContentResolver;Ljava/lang/String;)Ljava/lang/String;'},
 {'clss': 'Lcom/google/android/gms/internal/ads/zzbzm;',
  'method': 'zzy(Landroid/content/Context;)Ljava/lang/String;',
  'name': ['AndroidID'],
  'num': 1557,
  'source_class': 'Landroid/provider/Settings$Secure;',
  'source_method': 'getString(Landroid/content/ContentResolver;Ljava/lang/String;)Ljava/lang/String;'},
 {'clss': 'Lcom/google/android/gms/internal/ads/zzduu;',
  'method': 'zzb()Ljava/lang/Object;',
  'name': ['UUID'],
  'num': 40,
  'source_class': 'Ljava/util/UUID;',
  'source_method': 'toString()Ljava/lang/String;'},
 {'clss': 'Lcom/google/android/gms/internal/ads/zzflx;', 'method': '<clinit>()V', 'name': ['UUID'], 'num': 34, 'source_class': 'Ljava/util/UUID;', 'source_method': 'toString()Ljava/lang/String;'},
 {'clss': 'Lcom/google/android/gms/internal/ads/zzbzm;',
  'method': 'zzy(Landroid/content/Context;)Ljava/lang/String;',
  'name': ['AndroidID'],
  'num': 1557,
  'source_class': 'Landroid/provider/Settings$Secure;',
  'source_method': 'getString(Landroid/content/ContentResolver;Ljava/lang/String;)Ljava/lang/String;'},
 {'clss': 'Lcom/google/android/gms/internal/ads/zzbzm;',
  'method': 'zzy(Landroid/content/Context;)Ljava/lang/String;',
  'name': ['AndroidID'],
  'num': 1557,
  'source_class': 'Landroid/provider/Settings$Secure;',
  'source_method': 'getString(Landroid/content/ContentResolver;Ljava/lang/String;)Ljava/lang/String;'},
 {'clss': 'Lcom/google/android/gms/internal/ads/zzduu;',
  'method': 'zzb()Ljava/lang/Object;',
  'name': ['UUID'],
  'num': 40,
  'source_class': 'Ljava/util/UUID;',
  'source_method': 'toString()Ljava/lang/String;'},
 {'clss': 'Lcom/google/android/gms/internal/ads/zzbnc;',
  'method': 'zzd(Lcom/google/android/gms/internal/ads/zzbnc;Lcom/google/android/gms/internal/ads/zzbme;Lcom/google/android/gms/internal/ads/zzbml;Ljava/lang/Object;Lcom/google/android/gms/internal/ads/zzcal;)V',
  'name': ['UUID'],
  'num': 60,
  'source_class': 'Ljava/util/UUID;',
  'source_method': 'toString()Ljava/lang/String;'},
 {'clss': 'Lcom/google/android/gms/internal/ads/zzblc;',
  'method': 'zzd(Lcom/google/android/gms/internal/ads/zzbld;Ljava/lang/String;Lorg/json/JSONObject;)V',
  'name': ['UUID'],
  'num': 128,
  'source_class': 'Lorg/json/JSONObject;',
  'source_method': 'toString()Ljava/lang/String;'},
 {'clss': 'Lcom/google/android/gms/internal/ads/zzblc;',
  'method': 'zzc(Lcom/google/android/gms/internal/ads/zzbld;Ljava/lang/String;Ljava/lang/String;)V',
  'name': ['UUID'],
  'num': 114,
  'source_class': 'Ljava/lang/StringBuilder;',
  'source_method': 'toString()Ljava/lang/String;'},
 {'clss': 'Lcom/google/android/gms/internal/ads/zzcfz;', 'method': 'run()V', 'name': ['UUID'], 'num': 34, 'source_class': None, 'source_method': None},
 {'clss': 'Lcom/google/android/gms/internal/ads/zzcfi;',
  'method': 'zzj(Landroid/net/Uri;)V',
  'name': ['UUID'],
  'num': 2927,
  'source_class': 'Landroid/net/Uri;',
  'source_method': 'getEncodedQuery()Ljava/lang/String;'},
 {'clss': 'Lcom/google/android/gms/ads/internal/util/zzs;',
  'method': 'zzL(Landroid/net/Uri;)Ljava/util/Map;',
  'name': ['UUID'],
  'num': 1011,
  'source_class': 'Landroid/net/Uri;',
  'source_method': 'getQueryParameter(Ljava/lang/String;)Ljava/lang/String;'},
 {'clss': 'Lcom/google/android/gms/ads/internal/util/zzs;',
  'method': 'zzL(Landroid/net/Uri;)Ljava/util/Map;',
  'name': ['UUID'],
  'num': 1011,
  'source_class': 'Landroid/net/Uri;',
  'source_method': 'getQueryParameter(Ljava/lang/String;)Ljava/lang/String;'},
 {'clss': 'Lcom/google/android/gms/internal/ads/zzbiw;',
  'method': 'zza(Ljava/lang/Object;Ljava/util/Map;)V',
  'name': ['UUID'],
  'num': 49,
  'source_class': 'Ljava/util/Map;',
  'source_method': 'get(Ljava/lang/Object;)Ljava/lang/Object;'},
 {'clss': 'Lcom/google/android/gms/internal/ads/zzcod;',
  'method': 'zzb()Ljava/lang/Object;',
  'name': ['UUID'],
  'num': 83,
  'source_class': 'Ljava/util/UUID;',
  'source_method': 'toString()Ljava/lang/String;'},
 {'clss': 'Lcom/google/android/gms/internal/ads/zzcod;',
  'method': 'zzb()Ljava/lang/Object;',
  'name': ['UUID'],
  'num': 83,
  'source_class': 'Ljava/util/UUID;',
  'source_method': 'toString()Ljava/lang/String;'},
 {'clss': 'Lcom/google/android/gms/internal/ads/zzfgs;',
  'method': '<init>(Lcom/google/android/gms/internal/ads/zzfgp;Lcom/google/android/gms/internal/ads/zzfgq;)V',
  'name': ['UUID'],
  'num': 69,
  'source_class': 'Ljava/util/UUID;',
  'source_method': 'toString()Ljava/lang/String;'},
 {'clss': 'Lcom/google/android/gms/internal/ads/zzfhi;',
  'method': 'zzb(Landroid/webkit/WebView;Ljava/lang/String;[Ljava/lang/Object;)V',
  'name': ['UUID'],
  'num': 160,
  'source_class': 'Ljava/lang/StringBuilder;',
  'source_method': 'toString()Ljava/lang/String;'},
 {'clss': 'Lcom/google/android/gms/internal/ads/zzfif;',
  'method': 'zzg(Lcom/google/android/gms/internal/ads/zzfif;)V',
  'name': ['UUID'],
  'num': 267,
  'source_class': 'Ljava/util/Iterator;',
  'source_method': 'next()Ljava/lang/Object;'},
 {'clss': 'Lcom/google/android/gms/internal/ads/zzfgs;',
  'method': '<init>(Lcom/google/android/gms/internal/ads/zzfgp;Lcom/google/android/gms/internal/ads/zzfgq;)V',
  'name': ['UUID'],
  'num': 69,
  'source_class': 'Ljava/util/UUID;',
  'source_method': 'toString()Ljava/lang/String;'},
 {'clss': 'Lcom/google/android/gms/internal/ads/zzfhi;',
  'method': 'zzb(Landroid/webkit/WebView;Ljava/lang/String;[Ljava/lang/Object;)V',
  'name': ['UUID'],
  'num': 160,
  'source_class': 'Ljava/lang/StringBuilder;',
  'source_method': 'toString()Ljava/lang/String;'},
 {'clss': 'Lcom/google/android/gms/internal/ads/zzfhi;',
  'method': 'zzb(Landroid/webkit/WebView;Ljava/lang/String;[Ljava/lang/Object;)V',
  'name': ['UUID'],
  'num': 160,
  'source_class': 'Ljava/lang/StringBuilder;',
  'source_method': 'toString()Ljava/lang/String;'},
 {'clss': 'Lcom/google/android/gms/internal/ads/zzfik;',
  'method': 'doInBackground([Ljava/lang/Object;)Ljava/lang/Object;',
  'name': ['UUID'],
  'num': 84,
  'source_class': 'Lorg/json/JSONObject;',
  'source_method': 'toString()Ljava/lang/String;'},
 {'clss': 'Lcom/google/android/gms/internal/ads/zzfif;',
  'method': 'zzg(Lcom/google/android/gms/internal/ads/zzfif;)V',
  'name': ['UUID'],
  'num': 267,
  'source_class': 'Ljava/util/Iterator;',
  'source_method': 'next()Ljava/lang/Object;'},
 {'clss': 'Lcom/google/android/gms/internal/ads/zzfif;',
  'method': 'zzg(Lcom/google/android/gms/internal/ads/zzfif;)V',
  'name': ['UUID'],
  'num': 267,
  'source_class': 'Ljava/util/Iterator;',
  'source_method': 'next()Ljava/lang/Object;'},
 {'clss': 'Lcom/google/android/gms/internal/ads/zzfik;',
  'method': 'doInBackground([Ljava/lang/Object;)Ljava/lang/Object;',
  'name': ['UUID'],
  'num': 84,
  'source_class': 'Lorg/json/JSONObject;',
  'source_method': 'toString()Ljava/lang/String;'},
 {'clss': 'Lcom/google/android/gms/internal/ads/zzfhi;',
  'method': 'zzb(Landroid/webkit/WebView;Ljava/lang/String;[Ljava/lang/Object;)V',
  'name': ['UUID'],
  'num': 160,
  'source_class': 'Ljava/lang/StringBuilder;',
  'source_method': 'toString()Ljava/lang/String;'},
 {'clss': 'Lcom/google/android/gms/internal/ads/zzfik;',
  'method': 'doInBackground([Ljava/lang/Object;)Ljava/lang/Object;',
  'name': ['UUID'],
  'num': 84,
  'source_class': 'Lorg/json/JSONObject;',
  'source_method': 'toString()Ljava/lang/String;'},
 {'clss': 'Lcom/google/android/gms/internal/ads/zzfif;',
  'method': 'zzg(Lcom/google/android/gms/internal/ads/zzfif;)V',
  'name': ['UUID'],
  'num': 267,
  'source_class': 'Ljava/util/Iterator;',
  'source_method': 'next()Ljava/lang/Object;'},
 {'clss': 'Lcom/google/android/gms/internal/ads/zzfif;',
  'method': 'zzg(Lcom/google/android/gms/internal/ads/zzfif;)V',
  'name': ['UUID'],
  'num': 267,
  'source_class': 'Ljava/util/Iterator;',
  'source_method': 'next()Ljava/lang/Object;'},
 {'clss': 'Lcom/google/android/gms/internal/ads/zzfik;',
  'method': 'doInBackground([Ljava/lang/Object;)Ljava/lang/Object;',
  'name': ['UUID'],
  'num': 84,
  'source_class': 'Lorg/json/JSONObject;',
  'source_method': 'toString()Ljava/lang/String;'},
 {'clss': 'Lcom/google/android/gms/internal/ads/zzfik;',
  'method': 'doInBackground([Ljava/lang/Object;)Ljava/lang/Object;',
  'name': ['UUID'],
  'num': 84,
  'source_class': 'Lorg/json/JSONObject;',
  'source_method': 'toString()Ljava/lang/String;'},
 {'clss': 'Lcom/google/android/gms/internal/ads/zzfif;',
  'method': 'zzg(Lcom/google/android/gms/internal/ads/zzfif;)V',
  'name': ['UUID'],
  'num': 267,
  'source_class': 'Ljava/util/Iterator;',
  'source_method': 'next()Ljava/lang/Object;'},
 {'clss': 'Lcom/google/android/gms/internal/ads/zzfif;',
  'method': 'zzg(Lcom/google/android/gms/internal/ads/zzfif;)V',
  'name': ['UUID'],
  'num': 267,
  'source_class': 'Ljava/util/Iterator;',
  'source_method': 'next()Ljava/lang/Object;'},
 {'clss': 'Lcom/google/android/gms/internal/ads/zzfik;',
  'method': 'doInBackground([Ljava/lang/Object;)Ljava/lang/Object;',
  'name': ['UUID'],
  'num': 84,
  'source_class': 'Lorg/json/JSONObject;',
  'source_method': 'toString()Ljava/lang/String;'},
 {'clss': 'Lcom/google/android/gms/internal/ads/zzfik;',
  'method': 'doInBackground([Ljava/lang/Object;)Ljava/lang/Object;',
  'name': ['UUID'],
  'num': 84,
  'source_class': 'Lorg/json/JSONObject;',
  'source_method': 'toString()Ljava/lang/String;'},
 {'clss': 'Lcom/google/android/gms/internal/ads/zzfif;',
  'method': 'zzg(Lcom/google/android/gms/internal/ads/zzfif;)V',
  'name': ['UUID'],
  'num': 267,
  'source_class': 'Ljava/util/Iterator;',
  'source_method': 'next()Ljava/lang/Object;'},
 {'clss': 'Lcom/google/android/gms/internal/ads/zzfif;',
  'method': 'zzg(Lcom/google/android/gms/internal/ads/zzfif;)V',
  'name': ['UUID'],
  'num': 267,
  'source_class': 'Ljava/util/Iterator;',
  'source_method': 'next()Ljava/lang/Object;'},
 {'clss': 'Lcom/google/android/gms/internal/ads/zzfik;',
  'method': 'doInBackground([Ljava/lang/Object;)Ljava/lang/Object;',
  'name': ['UUID'],
  'num': 84,
  'source_class': 'Lorg/json/JSONObject;',
  'source_method': 'toString()Ljava/lang/String;'},
 {'clss': 'Lcom/google/android/gms/internal/ads/zzfik;',
  'method': 'doInBackground([Ljava/lang/Object;)Ljava/lang/Object;',
  'name': ['UUID'],
  'num': 84,
  'source_class': 'Lorg/json/JSONObject;',
  'source_method': 'toString()Ljava/lang/String;'},
 {'clss': 'Lcom/google/android/gms/internal/ads/zzfif;',
  'method': 'zzg(Lcom/google/android/gms/internal/ads/zzfif;)V',
  'name': ['UUID'],
  'num': 267,
  'source_class': 'Ljava/util/Iterator;',
  'source_method': 'next()Ljava/lang/Object;'},
 {'clss': 'Lcom/google/android/gms/internal/ads/zzfif;',
  'method': 'zzg(Lcom/google/android/gms/internal/ads/zzfif;)V',
  'name': ['UUID'],
  'num': 267,
  'source_class': 'Ljava/util/Iterator;',
  'source_method': 'next()Ljava/lang/Object;'},
 {'clss': 'Lcom/google/android/gms/internal/ads/zzfik;',
  'method': 'doInBackground([Ljava/lang/Object;)Ljava/lang/Object;',
  'name': ['UUID'],
  'num': 84,
  'source_class': 'Lorg/json/JSONObject;',
  'source_method': 'toString()Ljava/lang/String;'},
 {'clss': 'Lcom/google/android/gms/internal/ads/zzfik;',
  'method': 'doInBackground([Ljava/lang/Object;)Ljava/lang/Object;',
  'name': ['UUID'],
  'num': 84,
  'source_class': 'Lorg/json/JSONObject;',
  'source_method': 'toString()Ljava/lang/String;'},
 {'clss': 'Lcom/google/android/gms/internal/ads/zzfif;',
  'method': 'zzg(Lcom/google/android/gms/internal/ads/zzfif;)V',
  'name': ['UUID'],
  'num': 267,
  'source_class': 'Ljava/util/Iterator;',
  'source_method': 'next()Ljava/lang/Object;'},
 {'clss': 'Lcom/google/android/gms/internal/ads/zzfif;',
  'method': 'zzg(Lcom/google/android/gms/internal/ads/zzfif;)V',
  'name': ['UUID'],
  'num': 267,
  'source_class': 'Ljava/util/Iterator;',
  'source_method': 'next()Ljava/lang/Object;'},
 {'clss': 'Lcom/google/android/gms/internal/ads/zzfik;',
  'method': 'doInBackground([Ljava/lang/Object;)Ljava/lang/Object;',
  'name': ['UUID'],
  'num': 84,
  'source_class': 'Lorg/json/JSONObject;',
  'source_method': 'toString()Ljava/lang/String;'},
 {'clss': 'Lcom/google/android/gms/internal/ads/zzfik;',
  'method': 'doInBackground([Ljava/lang/Object;)Ljava/lang/Object;',
  'name': ['UUID'],
  'num': 84,
  'source_class': 'Lorg/json/JSONObject;',
  'source_method': 'toString()Ljava/lang/String;'},
 {'clss': 'Lcom/google/android/gms/internal/ads/zzfif;',
  'method': 'zzg(Lcom/google/android/gms/internal/ads/zzfif;)V',
  'name': ['UUID'],
  'num': 267,
  'source_class': 'Ljava/util/Iterator;',
  'source_method': 'next()Ljava/lang/Object;'},
 {'clss': 'Lcom/google/android/gms/internal/ads/zzfif;',
  'method': 'zzg(Lcom/google/android/gms/internal/ads/zzfif;)V',
  'name': ['UUID'],
  'num': 267,
  'source_class': 'Ljava/util/Iterator;',
  'source_method': 'next()Ljava/lang/Object;'},
 {'clss': 'Lcom/google/android/gms/internal/ads/zzfik;',
  'method': 'doInBackground([Ljava/lang/Object;)Ljava/lang/Object;',
  'name': ['UUID'],
  'num': 84,
  'source_class': 'Lorg/json/JSONObject;',
  'source_method': 'toString()Ljava/lang/String;'},
 {'clss': 'Lcom/google/android/gms/internal/ads/zzfik;',
  'method': 'doInBackground([Ljava/lang/Object;)Ljava/lang/Object;',
  'name': ['UUID'],
  'num': 84,
  'source_class': 'Lorg/json/JSONObject;',
  'source_method': 'toString()Ljava/lang/String;'},
 {'clss': 'Lcom/google/android/gms/internal/ads/zzfif;',
  'method': 'zzg(Lcom/google/android/gms/internal/ads/zzfif;)V',
  'name': ['UUID'],
  'num': 267,
  'source_class': 'Ljava/util/Iterator;',
  'source_method': 'next()Ljava/lang/Object;'},
 {'clss': 'Lcom/google/android/gms/internal/ads/zzfif;',
  'method': 'zzg(Lcom/google/android/gms/internal/ads/zzfif;)V',
  'name': ['UUID'],
  'num': 267,
  'source_class': 'Ljava/util/Iterator;',
  'source_method': 'next()Ljava/lang/Object;'},
 {'clss': 'Lcom/google/android/gms/internal/ads/zzfik;',
  'method': 'doInBackground([Ljava/lang/Object;)Ljava/lang/Object;',
  'name': ['UUID'],
  'num': 84,
  'source_class': 'Lorg/json/JSONObject;',
  'source_method': 'toString()Ljava/lang/String;'},
 {'clss': 'Lcom/google/android/gms/internal/ads/zzfik;',
  'method': 'doInBackground([Ljava/lang/Object;)Ljava/lang/Object;',
  'name': ['UUID'],
  'num': 84,
  'source_class': 'Lorg/json/JSONObject;',
  'source_method': 'toString()Ljava/lang/String;'},
 {'clss': 'Lcom/google/android/gms/internal/ads/zzfif;',
  'method': 'zzg(Lcom/google/android/gms/internal/ads/zzfif;)V',
  'name': ['UUID'],
  'num': 267,
  'source_class': 'Ljava/util/Iterator;',
  'source_method': 'next()Ljava/lang/Object;'},
 {'clss': 'Lcom/google/android/gms/internal/ads/zzfif;',
  'method': 'zzg(Lcom/google/android/gms/internal/ads/zzfif;)V',
  'name': ['UUID'],
  'num': 267,
  'source_class': 'Ljava/util/Iterator;',
  'source_method': 'next()Ljava/lang/Object;'},
 {'clss': 'Lcom/google/android/gms/internal/ads/zzfik;',
  'method': 'doInBackground([Ljava/lang/Object;)Ljava/lang/Object;',
  'name': ['UUID'],
  'num': 84,
  'source_class': 'Lorg/json/JSONObject;',
  'source_method': 'toString()Ljava/lang/String;'},
 {'clss': 'Lcom/google/android/gms/internal/ads/zzfik;',
  'method': 'doInBackground([Ljava/lang/Object;)Ljava/lang/Object;',
  'name': ['UUID'],
  'num': 84,
  'source_class': 'Lorg/json/JSONObject;',
  'source_method': 'toString()Ljava/lang/String;'},
 {'clss': 'Lcom/google/android/gms/internal/ads/zzfif;',
  'method': 'zzg(Lcom/google/android/gms/internal/ads/zzfif;)V',
  'name': ['UUID'],
  'num': 267,
  'source_class': 'Ljava/util/Iterator;',
  'source_method': 'next()Ljava/lang/Object;'},
 {'clss': 'Lcom/google/android/gms/internal/ads/zzfif;',
  'method': 'zzg(Lcom/google/android/gms/internal/ads/zzfif;)V',
  'name': ['UUID'],
  'num': 267,
  'source_class': 'Ljava/util/Iterator;',
  'source_method': 'next()Ljava/lang/Object;'},
 {'clss': 'Lcom/google/android/gms/internal/ads/zzfik;',
  'method': 'doInBackground([Ljava/lang/Object;)Ljava/lang/Object;',
  'name': ['UUID'],
  'num': 84,
  'source_class': 'Lorg/json/JSONObject;',
  'source_method': 'toString()Ljava/lang/String;'},
 {'clss': 'Lcom/google/android/gms/internal/ads/zzfik;',
  'method': 'doInBackground([Ljava/lang/Object;)Ljava/lang/Object;',
  'name': ['UUID'],
  'num': 84,
  'source_class': 'Lorg/json/JSONObject;',
  'source_method': 'toString()Ljava/lang/String;'},
 {'clss': 'Lcom/google/android/gms/internal/ads/zzfif;',
  'method': 'zzg(Lcom/google/android/gms/internal/ads/zzfif;)V',
  'name': ['UUID'],
  'num': 267,
  'source_class': 'Ljava/util/Iterator;',
  'source_method': 'next()Ljava/lang/Object;'},
 {'clss': 'Lcom/google/android/gms/internal/ads/zzfif;',
  'method': 'zzg(Lcom/google/android/gms/internal/ads/zzfif;)V',
  'name': ['UUID'],
  'num': 267,
  'source_class': 'Ljava/util/Iterator;',
  'source_method': 'next()Ljava/lang/Object;'},
 {'clss': 'Lcom/google/android/gms/internal/ads/zzfik;',
  'method': 'doInBackground([Ljava/lang/Object;)Ljava/lang/Object;',
  'name': ['UUID'],
  'num': 84,
  'source_class': 'Lorg/json/JSONObject;',
  'source_method': 'toString()Ljava/lang/String;'},
 {'clss': 'Lcom/google/android/gms/internal/ads/zzfik;',
  'method': 'doInBackground([Ljava/lang/Object;)Ljava/lang/Object;',
  'name': ['UUID'],
  'num': 84,
  'source_class': 'Lorg/json/JSONObject;',
  'source_method': 'toString()Ljava/lang/String;'},
 {'clss': 'Lcom/google/android/gms/internal/ads/zzfif;',
  'method': 'zzg(Lcom/google/android/gms/internal/ads/zzfif;)V',
  'name': ['UUID'],
  'num': 267,
  'source_class': 'Ljava/util/Iterator;',
  'source_method': 'next()Ljava/lang/Object;'},
 {'clss': 'Lcom/google/android/gms/internal/ads/zzfif;',
  'method': 'zzg(Lcom/google/android/gms/internal/ads/zzfif;)V',
  'name': ['UUID'],
  'num': 267,
  'source_class': 'Ljava/util/Iterator;',
  'source_method': 'next()Ljava/lang/Object;'},
 {'clss': 'Lcom/google/android/gms/internal/ads/zzfik;',
  'method': 'doInBackground([Ljava/lang/Object;)Ljava/lang/Object;',
  'name': ['UUID'],
  'num': 84,
  'source_class': 'Lorg/json/JSONObject;',
  'source_method': 'toString()Ljava/lang/String;'},
 {'clss': 'Lcom/google/android/gms/internal/ads/zzfik;',
  'method': 'doInBackground([Ljava/lang/Object;)Ljava/lang/Object;',
  'name': ['UUID'],
  'num': 84,
  'source_class': 'Lorg/json/JSONObject;',
  'source_method': 'toString()Ljava/lang/String;'},
 {'clss': 'Lcom/google/android/gms/internal/ads/zzfif;',
  'method': 'zzg(Lcom/google/android/gms/internal/ads/zzfif;)V',
  'name': ['UUID'],
  'num': 267,
  'source_class': 'Ljava/util/Iterator;',
  'source_method': 'next()Ljava/lang/Object;'},
 {'clss': 'Lcom/google/android/gms/internal/ads/zzfif;',
  'method': 'zzg(Lcom/google/android/gms/internal/ads/zzfif;)V',
  'name': ['UUID'],
  'num': 267,
  'source_class': 'Ljava/util/Iterator;',
  'source_method': 'next()Ljava/lang/Object;'},
 {'clss': 'Lcom/google/android/gms/internal/ads/zzfik;',
  'method': 'doInBackground([Ljava/lang/Object;)Ljava/lang/Object;',
  'name': ['UUID'],
  'num': 84,
  'source_class': 'Lorg/json/JSONObject;',
  'source_method': 'toString()Ljava/lang/String;'},
 {'clss': 'Lcom/google/android/gms/internal/ads/zzfik;',
  'method': 'doInBackground([Ljava/lang/Object;)Ljava/lang/Object;',
  'name': ['UUID'],
  'num': 84,
  'source_class': 'Lorg/json/JSONObject;',
  'source_method': 'toString()Ljava/lang/String;'},
 {'clss': 'Lcom/google/android/gms/internal/ads/zzfif;',
  'method': 'zzg(Lcom/google/android/gms/internal/ads/zzfif;)V',
  'name': ['UUID'],
  'num': 267,
  'source_class': 'Ljava/util/Iterator;',
  'source_method': 'next()Ljava/lang/Object;'},
 {'clss': 'Lcom/google/android/gms/internal/ads/zzfif;',
  'method': 'zzg(Lcom/google/android/gms/internal/ads/zzfif;)V',
  'name': ['UUID'],
  'num': 267,
  'source_class': 'Ljava/util/Iterator;',
  'source_method': 'next()Ljava/lang/Object;'},
 {'clss': 'Lcom/google/android/gms/internal/ads/zzfik;',
  'method': 'doInBackground([Ljava/lang/Object;)Ljava/lang/Object;',
  'name': ['UUID'],
  'num': 84,
  'source_class': 'Lorg/json/JSONObject;',
  'source_method': 'toString()Ljava/lang/String;'},
 {'clss': 'Lcom/google/android/gms/internal/ads/zzfik;',
  'method': 'doInBackground([Ljava/lang/Object;)Ljava/lang/Object;',
  'name': ['UUID'],
  'num': 84,
  'source_class': 'Lorg/json/JSONObject;',
  'source_method': 'toString()Ljava/lang/String;'},
 {'clss': 'Lcom/google/android/gms/internal/ads/zzfif;',
  'method': 'zzg(Lcom/google/android/gms/internal/ads/zzfif;)V',
  'name': ['UUID'],
  'num': 267,
  'source_class': 'Ljava/util/Iterator;',
  'source_method': 'next()Ljava/lang/Object;'},
 {'clss': 'Lcom/google/android/gms/internal/ads/zzfif;',
  'method': 'zzg(Lcom/google/android/gms/internal/ads/zzfif;)V',
  'name': ['UUID'],
  'num': 267,
  'source_class': 'Ljava/util/Iterator;',
  'source_method': 'next()Ljava/lang/Object;'},
 {'clss': 'Lcom/google/android/gms/internal/ads/zzfik;',
  'method': 'doInBackground([Ljava/lang/Object;)Ljava/lang/Object;',
  'name': ['UUID'],
  'num': 84,
  'source_class': 'Lorg/json/JSONObject;',
  'source_method': 'toString()Ljava/lang/String;'},
 {'clss': 'Lcom/google/android/gms/internal/ads/zzfik;',
  'method': 'doInBackground([Ljava/lang/Object;)Ljava/lang/Object;',
  'name': ['UUID'],
  'num': 84,
  'source_class': 'Lorg/json/JSONObject;',
  'source_method': 'toString()Ljava/lang/String;'},
 {'clss': 'Lcom/google/android/gms/internal/ads/zzfif;',
  'method': 'zzg(Lcom/google/android/gms/internal/ads/zzfif;)V',
  'name': ['UUID'],
  'num': 267,
  'source_class': 'Ljava/util/Iterator;',
  'source_method': 'next()Ljava/lang/Object;'},
 {'clss': 'Lcom/google/android/gms/internal/ads/zzfif;',
  'method': 'zzg(Lcom/google/android/gms/internal/ads/zzfif;)V',
  'name': ['UUID'],
  'num': 267,
  'source_class': 'Ljava/util/Iterator;',
  'source_method': 'next()Ljava/lang/Object;'},
 {'clss': 'Lcom/google/android/gms/internal/ads/zzfik;',
  'method': 'doInBackground([Ljava/lang/Object;)Ljava/lang/Object;',
  'name': ['UUID'],
  'num': 84,
  'source_class': 'Lorg/json/JSONObject;',
  'source_method': 'toString()Ljava/lang/String;'},
 {'clss': 'Lcom/google/android/gms/internal/ads/zzfik;',
  'method': 'doInBackground([Ljava/lang/Object;)Ljava/lang/Object;',
  'name': ['UUID'],
  'num': 84,
  'source_class': 'Lorg/json/JSONObject;',
  'source_method': 'toString()Ljava/lang/String;'},
 {'clss': 'Lcom/google/android/gms/internal/ads/zzfif;',
  'method': 'zzg(Lcom/google/android/gms/internal/ads/zzfif;)V',
  'name': ['UUID'],
  'num': 267,
  'source_class': 'Ljava/util/Iterator;',
  'source_method': 'next()Ljava/lang/Object;'},
 {'clss': 'Lcom/google/android/gms/internal/ads/zzfif;',
  'method': 'zzg(Lcom/google/android/gms/internal/ads/zzfif;)V',
  'name': ['UUID'],
  'num': 267,
  'source_class': 'Ljava/util/Iterator;',
  'source_method': 'next()Ljava/lang/Object;'},
 {'clss': 'Lcom/google/android/gms/internal/ads/zzfik;',
  'method': 'doInBackground([Ljava/lang/Object;)Ljava/lang/Object;',
  'name': ['UUID'],
  'num': 84,
  'source_class': 'Lorg/json/JSONObject;',
  'source_method': 'toString()Ljava/lang/String;'},
 {'clss': 'Lcom/google/android/gms/internal/ads/zzfik;',
  'method': 'doInBackground([Ljava/lang/Object;)Ljava/lang/Object;',
  'name': ['UUID'],
  'num': 84,
  'source_class': 'Lorg/json/JSONObject;',
  'source_method': 'toString()Ljava/lang/String;'},
 {'clss': 'Lcom/google/android/gms/internal/ads/zzfif;',
  'method': 'zzg(Lcom/google/android/gms/internal/ads/zzfif;)V',
  'name': ['UUID'],
  'num': 267,
  'source_class': 'Ljava/util/Iterator;',
  'source_method': 'next()Ljava/lang/Object;'},
 {'clss': 'Lcom/google/android/gms/internal/ads/zzfif;',
  'method': 'zzg(Lcom/google/android/gms/internal/ads/zzfif;)V',
  'name': ['UUID'],
  'num': 267,
  'source_class': 'Ljava/util/Iterator;',
  'source_method': 'next()Ljava/lang/Object;'},
 {'clss': 'Lcom/google/android/gms/internal/ads/zzfik;',
  'method': 'doInBackground([Ljava/lang/Object;)Ljava/lang/Object;',
  'name': ['UUID'],
  'num': 84,
  'source_class': 'Lorg/json/JSONObject;',
  'source_method': 'toString()Ljava/lang/String;'},
 {'clss': 'Lcom/google/android/gms/internal/ads/zzfik;',
  'method': 'doInBackground([Ljava/lang/Object;)Ljava/lang/Object;',
  'name': ['UUID'],
  'num': 84,
  'source_class': 'Lorg/json/JSONObject;',
  'source_method': 'toString()Ljava/lang/String;'},
 {'clss': 'Lcom/google/android/gms/internal/ads/zzfif;',
  'method': 'zzg(Lcom/google/android/gms/internal/ads/zzfif;)V',
  'name': ['UUID'],
  'num': 267,
  'source_class': 'Ljava/util/Iterator;',
  'source_method': 'next()Ljava/lang/Object;'},
 {'clss': 'Lcom/google/android/gms/internal/ads/zzfif;',
  'method': 'zzg(Lcom/google/android/gms/internal/ads/zzfif;)V',
  'name': ['UUID'],
  'num': 267,
  'source_class': 'Ljava/util/Iterator;',
  'source_method': 'next()Ljava/lang/Object;'},
 {'clss': 'Lcom/google/android/gms/internal/ads/zzfik;',
  'method': 'doInBackground([Ljava/lang/Object;)Ljava/lang/Object;',
  'name': ['UUID'],
  'num': 84,
  'source_class': 'Lorg/json/JSONObject;',
  'source_method': 'toString()Ljava/lang/String;'},
 {'clss': 'Lcom/google/android/gms/internal/ads/zzfik;',
  'method': 'doInBackground([Ljava/lang/Object;)Ljava/lang/Object;',
  'name': ['UUID'],
  'num': 84,
  'source_class': 'Lorg/json/JSONObject;',
  'source_method': 'toString()Ljava/lang/String;'},
 {'clss': 'Lcom/google/android/gms/internal/ads/zzfif;',
  'method': 'zzg(Lcom/google/android/gms/internal/ads/zzfif;)V',
  'name': ['UUID'],
  'num': 267,
  'source_class': 'Ljava/util/Iterator;',
  'source_method': 'next()Ljava/lang/Object;'},
 {'clss': 'Lcom/google/android/gms/internal/ads/zzfif;',
  'method': 'zzg(Lcom/google/android/gms/internal/ads/zzfif;)V',
  'name': ['UUID'],
  'num': 267,
  'source_class': 'Ljava/util/Iterator;',
  'source_method': 'next()Ljava/lang/Object;'},
 {'clss': 'Lcom/google/android/gms/internal/ads/zzfik;',
  'method': 'doInBackground([Ljava/lang/Object;)Ljava/lang/Object;',
  'name': ['UUID'],
  'num': 84,
  'source_class': 'Lorg/json/JSONObject;',
  'source_method': 'toString()Ljava/lang/String;'},
 {'clss': 'Lcom/google/android/gms/internal/ads/zzfik;',
  'method': 'doInBackground([Ljava/lang/Object;)Ljava/lang/Object;',
  'name': ['UUID'],
  'num': 84,
  'source_class': 'Lorg/json/JSONObject;',
  'source_method': 'toString()Ljava/lang/String;'},
 {'clss': 'Lcom/google/android/gms/internal/ads/zzfif;',
  'method': 'zzg(Lcom/google/android/gms/internal/ads/zzfif;)V',
  'name': ['UUID'],
  'num': 267,
  'source_class': 'Ljava/util/Iterator;',
  'source_method': 'next()Ljava/lang/Object;'},
 {'clss': 'Lcom/google/android/gms/internal/ads/zzfif;',
  'method': 'zzg(Lcom/google/android/gms/internal/ads/zzfif;)V',
  'name': ['UUID'],
  'num': 267,
  'source_class': 'Ljava/util/Iterator;',
  'source_method': 'next()Ljava/lang/Object;'},
 {'clss': 'Lcom/google/android/gms/internal/ads/zzfik;',
  'method': 'doInBackground([Ljava/lang/Object;)Ljava/lang/Object;',
  'name': ['UUID'],
  'num': 84,
  'source_class': 'Lorg/json/JSONObject;',
  'source_method': 'toString()Ljava/lang/String;'},
 {'clss': 'Lcom/google/android/gms/internal/ads/zzfik;',
  'method': 'doInBackground([Ljava/lang/Object;)Ljava/lang/Object;',
  'name': ['UUID'],
  'num': 84,
  'source_class': 'Lorg/json/JSONObject;',
  'source_method': 'toString()Ljava/lang/String;'},
 {'clss': 'Lcom/google/android/gms/internal/ads/zzbnk;',
  'method': 'zzc(Ljava/lang/Object;Lcom/google/android/gms/internal/ads/zzbml;)Lcom/google/android/gms/internal/ads/zzfwb;',
  'name': ['UUID'],
  'num': 96,
  'source_class': 'Ljava/util/UUID;',
  'source_method': 'toString()Ljava/lang/String;'},
 {'clss': 'Lcom/google/android/gms/internal/ads/zzblc;',
  'method': 'zzd(Lcom/google/android/gms/internal/ads/zzbld;Ljava/lang/String;Lorg/json/JSONObject;)V',
  'name': ['UUID'],
  'num': 128,
  'source_class': 'Lorg/json/JSONObject;',
  'source_method': 'toString()Ljava/lang/String;'},
 {'clss': 'Lcom/google/android/gms/internal/ads/zzblc;',
  'method': 'zzc(Lcom/google/android/gms/internal/ads/zzbld;Ljava/lang/String;Ljava/lang/String;)V',
  'name': ['UUID'],
  'num': 114,
  'source_class': 'Ljava/lang/StringBuilder;',
  'source_method': 'toString()Ljava/lang/String;'},
 {'clss': 'Lcom/google/android/gms/internal/ads/zzbnk;',
  'method': 'zzc(Ljava/lang/Object;Lcom/google/android/gms/internal/ads/zzbml;)Lcom/google/android/gms/internal/ads/zzfwb;',
  'name': ['UUID'],
  'num': 96,
  'source_class': 'Ljava/util/UUID;',
  'source_method': 'toString()Ljava/lang/String;'},
 {'clss': 'Lcom/google/android/gms/internal/ads/zzblc;',
  'method': 'zzd(Lcom/google/android/gms/internal/ads/zzbld;Ljava/lang/String;Lorg/json/JSONObject;)V',
  'name': ['UUID'],
  'num': 128,
  'source_class': 'Lorg/json/JSONObject;',
  'source_method': 'toString()Ljava/lang/String;'},
 {'clss': 'Lcom/google/android/gms/internal/ads/zzblc;',
  'method': 'zzc(Lcom/google/android/gms/internal/ads/zzbld;Ljava/lang/String;Ljava/lang/String;)V',
  'name': ['UUID'],
  'num': 114,
  'source_class': 'Ljava/lang/StringBuilder;',
  'source_method': 'toString()Ljava/lang/String;'},
 {'clss': 'Lcom/google/android/gms/internal/ads/zzbnk;',
  'method': 'zzc(Ljava/lang/Object;Lcom/google/android/gms/internal/ads/zzbml;)Lcom/google/android/gms/internal/ads/zzfwb;',
  'name': ['UUID'],
  'num': 96,
  'source_class': 'Ljava/util/UUID;',
  'source_method': 'toString()Ljava/lang/String;'},
 {'clss': 'Lcom/google/android/gms/internal/ads/zzblc;',
  'method': 'zzd(Lcom/google/android/gms/internal/ads/zzbld;Ljava/lang/String;Lorg/json/JSONObject;)V',
  'name': ['UUID'],
  'num': 128,
  'source_class': 'Lorg/json/JSONObject;',
  'source_method': 'toString()Ljava/lang/String;'},
 {'clss': 'Lcom/google/android/gms/internal/ads/zzblc;',
  'method': 'zzc(Lcom/google/android/gms/internal/ads/zzbld;Ljava/lang/String;Ljava/lang/String;)V',
  'name': ['UUID'],
  'num': 114,
  'source_class': 'Ljava/lang/StringBuilder;',
  'source_method': 'toString()Ljava/lang/String;'},
 {'clss': 'Lcom/google/android/gms/internal/ads/zzbnk;',
  'method': 'zzc(Ljava/lang/Object;Lcom/google/android/gms/internal/ads/zzbml;)Lcom/google/android/gms/internal/ads/zzfwb;',
  'name': ['UUID'],
  'num': 96,
  'source_class': 'Ljava/util/UUID;',
  'source_method': 'toString()Ljava/lang/String;'},
 {'clss': 'Lcom/google/android/gms/internal/ads/zzblc;',
  'method': 'zzd(Lcom/google/android/gms/internal/ads/zzbld;Ljava/lang/String;Lorg/json/JSONObject;)V',
  'name': ['UUID'],
  'num': 128,
  'source_class': 'Lorg/json/JSONObject;',
  'source_method': 'toString()Ljava/lang/String;'},
 {'clss': 'Lcom/google/android/gms/internal/ads/zzblc;',
  'method': 'zzc(Lcom/google/android/gms/internal/ads/zzbld;Ljava/lang/String;Ljava/lang/String;)V',
  'name': ['UUID'],
  'num': 114,
  'source_class': 'Ljava/lang/StringBuilder;',
  'source_method': 'toString()Ljava/lang/String;'},
 {'clss': 'Lcom/google/android/gms/internal/ads/zzfif;',
  'method': 'zzg(Lcom/google/android/gms/internal/ads/zzfif;)V',
  'name': ['UUID'],
  'num': 267,
  'source_class': 'Ljava/util/Iterator;',
  'source_method': 'next()Ljava/lang/Object;'},
 {'clss': 'Lcom/google/android/gms/internal/ads/zzbnk;',
  'method': 'zzc(Ljava/lang/Object;Lcom/google/android/gms/internal/ads/zzbml;)Lcom/google/android/gms/internal/ads/zzfwb;',
  'name': ['UUID'],
  'num': 96,
  'source_class': 'Ljava/util/UUID;',
  'source_method': 'toString()Ljava/lang/String;'},
 {'clss': 'Lcom/google/android/gms/internal/ads/zzblc;',
  'method': 'zzd(Lcom/google/android/gms/internal/ads/zzbld;Ljava/lang/String;Lorg/json/JSONObject;)V',
  'name': ['UUID'],
  'num': 128,
  'source_class': 'Lorg/json/JSONObject;',
  'source_method': 'toString()Ljava/lang/String;'},
 {'clss': 'Lcom/google/android/gms/internal/ads/zzblc;',
  'method': 'zzc(Lcom/google/android/gms/internal/ads/zzbld;Ljava/lang/String;Ljava/lang/String;)V',
  'name': ['UUID'],
  'num': 114,
  'source_class': 'Ljava/lang/StringBuilder;',
  'source_method': 'toString()Ljava/lang/String;'},
 {'clss': 'Lcom/google/android/gms/internal/ads/zzfhy;',
  'method': 'zzd(Landroid/view/View;)Ljava/lang/String;',
  'name': ['UUID'],
  'num': 165,
  'source_class': 'Ljava/util/HashMap;',
  'source_method': 'get(Ljava/lang/Object;)Ljava/lang/Object;'},
 {'clss': 'Lcom/google/android/gms/internal/ads/zzcfz;', 'method': 'run()V', 'name': ['UUID'], 'num': 34, 'source_class': None, 'source_method': None},
 {'clss': 'Lcom/google/android/gms/internal/ads/zzcfi;',
  'method': 'zzj(Landroid/net/Uri;)V',
  'name': ['UUID'],
  'num': 3032,
  'source_class': 'Ljava/lang/String;',
  'source_method': 'valueOf(Ljava/lang/Object;)Ljava/lang/String;'},
 {'clss': 'Lcom/google/android/gms/internal/ads/zzcfi;',
  'method': 'zzj(Landroid/net/Uri;)V',
  'name': ['UUID'],
  'num': 3042,
  'source_class': 'Ljava/lang/String;',
  'source_method': 'concat(Ljava/lang/String;)Ljava/lang/String;'},
 {'clss': 'Lcom/google/android/gms/internal/ads/zzcfz;', 'method': 'run()V', 'name': ['UUID'], 'num': 34, 'source_class': None, 'source_method': None},
 {'clss': 'Lcom/google/android/gms/internal/ads/zzcfi;',
  'method': 'zzj(Landroid/net/Uri;)V',
  'name': ['UUID'],
  'num': 3032,
  'source_class': 'Ljava/lang/String;',
  'source_method': 'valueOf(Ljava/lang/Object;)Ljava/lang/String;'},
 {'clss': 'Lcom/google/android/gms/internal/ads/zzcfi;',
  'method': 'zzj(Landroid/net/Uri;)V',
  'name': ['UUID'],
  'num': 3042,
  'source_class': 'Ljava/lang/String;',
  'source_method': 'concat(Ljava/lang/String;)Ljava/lang/String;'},
 {'clss': 'Lcom/google/android/gms/internal/ads/zzcfz;', 'method': 'run()V', 'name': ['UUID'], 'num': 34, 'source_class': None, 'source_method': None},
 {'clss': 'Lcom/google/android/gms/internal/ads/zzcfi;',
  'method': 'zzj(Landroid/net/Uri;)V',
  'name': ['UUID'],
  'num': 2927,
  'source_class': 'Landroid/net/Uri;',
  'source_method': 'getEncodedQuery()Ljava/lang/String;'},
 {'clss': 'Lcom/google/android/gms/ads/internal/util/zzs;',
  'method': 'zzL(Landroid/net/Uri;)Ljava/util/Map;',
  'name': ['UUID'],
  'num': 1011,
  'source_class': 'Landroid/net/Uri;',
  'source_method': 'getQueryParameter(Ljava/lang/String;)Ljava/lang/String;'},
 {'clss': 'Lcom/google/android/gms/ads/internal/util/zzs;',
  'method': 'zzL(Landroid/net/Uri;)Ljava/util/Map;',
  'name': ['UUID'],
  'num': 1011,
  'source_class': 'Landroid/net/Uri;',
  'source_method': 'getQueryParameter(Ljava/lang/String;)Ljava/lang/String;'},
 {'clss': 'Lcom/google/android/gms/internal/ads/zzbiw;',
  'method': 'zza(Ljava/lang/Object;Ljava/util/Map;)V',
  'name': ['UUID'],
  'num': 49,
  'source_class': 'Ljava/util/Map;',
  'source_method': 'get(Ljava/lang/Object;)Ljava/lang/Object;'},
 {'clss': 'Lcom/google/android/gms/internal/ads/zzcfz;', 'method': 'run()V', 'name': ['UUID'], 'num': 34, 'source_class': None, 'source_method': None},
 {'clss': 'Lcom/google/android/gms/internal/ads/zzcfi;',
  'method': 'zzj(Landroid/net/Uri;)V',
  'name': ['UUID'],
  'num': 2927,
  'source_class': 'Landroid/net/Uri;',
  'source_method': 'getEncodedQuery()Ljava/lang/String;'},
 {'clss': 'Lcom/google/android/gms/ads/internal/util/zzs;',
  'method': 'zzL(Landroid/net/Uri;)Ljava/util/Map;',
  'name': ['UUID'],
  'num': 1011,
  'source_class': 'Landroid/net/Uri;',
  'source_method': 'getQueryParameter(Ljava/lang/String;)Ljava/lang/String;'},
 {'clss': 'Lcom/google/android/gms/ads/internal/util/zzs;',
  'method': 'zzL(Landroid/net/Uri;)Ljava/util/Map;',
  'name': ['UUID'],
  'num': 1011,
  'source_class': 'Landroid/net/Uri;',
  'source_method': 'getQueryParameter(Ljava/lang/String;)Ljava/lang/String;'},
 {'clss': 'Lcom/google/android/gms/internal/ads/zzbiw;',
  'method': 'zza(Ljava/lang/Object;Ljava/util/Map;)V',
  'name': ['UUID'],
  'num': 49,
  'source_class': 'Ljava/util/Map;',
  'source_method': 'get(Ljava/lang/Object;)Ljava/lang/Object;'},
 {'clss': 'Lcom/google/android/gms/internal/ads/zzcfz;', 'method': 'run()V', 'name': ['UUID'], 'num': 34, 'source_class': None, 'source_method': None},
 {'clss': 'Lcom/google/android/gms/internal/ads/zzcfi;',
  'method': 'zzj(Landroid/net/Uri;)V',
  'name': ['UUID'],
  'num': 2927,
  'source_class': 'Landroid/net/Uri;',
  'source_method': 'getEncodedQuery()Ljava/lang/String;'},
 {'clss': 'Lcom/google/android/gms/ads/internal/util/zzs;',
  'method': 'zzL(Landroid/net/Uri;)Ljava/util/Map;',
  'name': ['UUID'],
  'num': 1011,
  'source_class': 'Landroid/net/Uri;',
  'source_method': 'getQueryParameter(Ljava/lang/String;)Ljava/lang/String;'},
 {'clss': 'Lcom/google/android/gms/ads/internal/util/zzs;',
  'method': 'zzL(Landroid/net/Uri;)Ljava/util/Map;',
  'name': ['UUID'],
  'num': 1011,
  'source_class': 'Landroid/net/Uri;',
  'source_method': 'getQueryParameter(Ljava/lang/String;)Ljava/lang/String;'},
 {'clss': 'Lcom/google/android/gms/internal/ads/zzbiw;',
  'method': 'zza(Ljava/lang/Object;Ljava/util/Map;)V',
  'name': ['UUID'],
  'num': 49,
  'source_class': 'Ljava/util/Map;',
  'source_method': 'get(Ljava/lang/Object;)Ljava/lang/Object;'},
 {'clss': 'Lcom/google/android/gms/internal/ads/zzcfz;', 'method': 'run()V', 'name': ['UUID'], 'num': 34, 'source_class': None, 'source_method': None},
 {'clss': 'Lcom/google/android/gms/internal/ads/zzcfi;',
  'method': 'zzj(Landroid/net/Uri;)V',
  'name': ['UUID'],
  'num': 3032,
  'source_class': 'Ljava/lang/String;',
  'source_method': 'valueOf(Ljava/lang/Object;)Ljava/lang/String;'},
 {'clss': 'Lcom/google/android/gms/internal/ads/zzcfi;',
  'method': 'zzj(Landroid/net/Uri;)V',
  'name': ['UUID'],
  'num': 3042,
  'source_class': 'Ljava/lang/String;',
  'source_method': 'concat(Ljava/lang/String;)Ljava/lang/String;'},
 {'clss': 'Lcom/google/android/gms/internal/ads/zzcfz;', 'method': 'run()V', 'name': ['UUID'], 'num': 34, 'source_class': None, 'source_method': None},
 {'clss': 'Lcom/google/android/gms/internal/ads/zzcfi;',
  'method': 'zzj(Landroid/net/Uri;)V',
  'name': ['UUID'],
  'num': 2927,
  'source_class': 'Landroid/net/Uri;',
  'source_method': 'getEncodedQuery()Ljava/lang/String;'},
 {'clss': 'Lcom/google/android/gms/ads/internal/util/zzs;',
  'method': 'zzL(Landroid/net/Uri;)Ljava/util/Map;',
  'name': ['UUID'],
  'num': 1011,
  'source_class': 'Landroid/net/Uri;',
  'source_method': 'getQueryParameter(Ljava/lang/String;)Ljava/lang/String;'},
 {'clss': 'Lcom/google/android/gms/ads/internal/util/zzs;',
  'method': 'zzL(Landroid/net/Uri;)Ljava/util/Map;',
  'name': ['UUID'],
  'num': 1011,
  'source_class': 'Landroid/net/Uri;',
  'source_method': 'getQueryParameter(Ljava/lang/String;)Ljava/lang/String;'},
 {'clss': 'Lcom/google/android/gms/internal/ads/zzfik;',
  'method': 'doInBackground([Ljava/lang/Object;)Ljava/lang/Object;',
  'name': ['UUID'],
  'num': 84,
  'source_class': 'Lorg/json/JSONObject;',
  'source_method': 'toString()Ljava/lang/String;'},
 {'clss': 'Lcom/google/android/gms/internal/ads/zzbiw;',
  'method': 'zza(Ljava/lang/Object;Ljava/util/Map;)V',
  'name': ['UUID'],
  'num': 49,
  'source_class': 'Ljava/util/Map;',
  'source_method': 'get(Ljava/lang/Object;)Ljava/lang/Object;'},
 {'clss': 'Lcom/google/android/gms/internal/ads/zzcfz;', 'method': 'run()V', 'name': ['UUID'], 'num': 34, 'source_class': None, 'source_method': None},
 {'clss': 'Lcom/google/android/gms/internal/ads/zzcfi;',
  'method': 'zzj(Landroid/net/Uri;)V',
  'name': ['UUID'],
  'num': 2927,
  'source_class': 'Landroid/net/Uri;',
  'source_method': 'getEncodedQuery()Ljava/lang/String;'},
 {'clss': 'Lcom/google/android/gms/ads/internal/util/zzs;',
  'method': 'zzL(Landroid/net/Uri;)Ljava/util/Map;',
  'name': ['UUID'],
  'num': 1011,
  'source_class': 'Landroid/net/Uri;',
  'source_method': 'getQueryParameter(Ljava/lang/String;)Ljava/lang/String;'},
 {'clss': 'Lcom/google/android/gms/ads/internal/util/zzs;',
  'method': 'zzL(Landroid/net/Uri;)Ljava/util/Map;',
  'name': ['UUID'],
  'num': 1011,
  'source_class': 'Landroid/net/Uri;',
  'source_method': 'getQueryParameter(Ljava/lang/String;)Ljava/lang/String;'},
 {'clss': 'Lcom/google/android/gms/internal/ads/zzbiw;',
  'method': 'zza(Ljava/lang/Object;Ljava/util/Map;)V',
  'name': ['UUID'],
  'num': 49,
  'source_class': 'Ljava/util/Map;',
  'source_method': 'get(Ljava/lang/Object;)Ljava/lang/Object;'},
 {'clss': 'Lcom/google/android/gms/internal/ads/zzfhi;',
  'method': 'zzb(Landroid/webkit/WebView;Ljava/lang/String;[Ljava/lang/Object;)V',
  'name': ['UUID'],
  'num': 160,
  'source_class': 'Ljava/lang/StringBuilder;',
  'source_method': 'toString()Ljava/lang/String;'},
 {'clss': 'Lcom/google/android/gms/internal/ads/zzcfz;', 'method': 'run()V', 'name': ['UUID'], 'num': 34, 'source_class': None, 'source_method': None},
 {'clss': 'Lcom/google/android/gms/internal/ads/zzcfi;',
  'method': 'zzj(Landroid/net/Uri;)V',
  'name': ['UUID'],
  'num': 2927,
  'source_class': 'Landroid/net/Uri;',
  'source_method': 'getEncodedQuery()Ljava/lang/String;'},
 {'clss': 'Lcom/google/android/gms/ads/internal/util/zzs;',
  'method': 'zzL(Landroid/net/Uri;)Ljava/util/Map;',
  'name': ['UUID'],
  'num': 1011,
  'source_class': 'Landroid/net/Uri;',
  'source_method': 'getQueryParameter(Ljava/lang/String;)Ljava/lang/String;'},
 {'clss': 'Lcom/google/android/gms/internal/ads/zzcnu;',
  'method': 'zzg(Lcom/google/android/gms/internal/ads/zzcnu;Ljava/util/Map;)Z',
  'name': ['UUID'],
  'num': 73,
  'source_class': 'Ljava/util/Map;',
  'source_method': 'get(Ljava/lang/Object;)Ljava/lang/Object;'},
 {'clss': 'Lcom/google/android/gms/internal/ads/zzbnk;',
  'method': 'zzc(Ljava/lang/Object;Lcom/google/android/gms/internal/ads/zzbml;)Lcom/google/android/gms/internal/ads/zzfwb;',
  'name': ['UUID'],
  'num': 96,
  'source_class': 'Ljava/util/UUID;',
  'source_method': 'toString()Ljava/lang/String;'},
 {'clss': 'Lcom/google/android/gms/internal/ads/zzblc;',
  'method': 'zzd(Lcom/google/android/gms/internal/ads/zzbld;Ljava/lang/String;Lorg/json/JSONObject;)V',
  'name': ['UUID'],
  'num': 128,
  'source_class': 'Lorg/json/JSONObject;',
  'source_method': 'toString()Ljava/lang/String;'},
 {'clss': 'Lcom/google/android/gms/internal/ads/zzblc;',
  'method': 'zzc(Lcom/google/android/gms/internal/ads/zzbld;Ljava/lang/String;Ljava/lang/String;)V',
  'name': ['UUID'],
  'num': 114,
  'source_class': 'Ljava/lang/StringBuilder;',
  'source_method': 'toString()Ljava/lang/String;'},
 {'clss': 'Lcom/google/android/gms/internal/ads/zzfif;',
  'method': 'zzg(Lcom/google/android/gms/internal/ads/zzfif;)V',
  'name': ['UUID'],
  'num': 267,
  'source_class': 'Ljava/util/Iterator;',
  'source_method': 'next()Ljava/lang/Object;'},
 {'clss': 'Lcom/google/android/gms/internal/ads/zzfil;',
  'method': 'doInBackground([Ljava/lang/Object;)Ljava/lang/Object;',
  'name': ['UUID'],
  'num': 50,
  'source_class': 'Lorg/json/JSONObject;',
  'source_method': 'toString()Ljava/lang/String;'},
 {'clss': 'Lcom/google/android/gms/internal/ads/zzfhy;',
  'method': 'zzd(Landroid/view/View;)Ljava/lang/String;',
  'name': ['UUID'],
  'num': 165,
  'source_class': 'Ljava/util/HashMap;',
  'source_method': 'get(Ljava/lang/Object;)Ljava/lang/Object;'},
 {'clss': 'Lcom/google/android/gms/internal/ads/zzcfz;', 'method': 'run()V', 'name': ['UUID'], 'num': 34, 'source_class': None, 'source_method': None},
 {'clss': 'Lcom/google/android/gms/internal/ads/zzfik;',
  'method': 'doInBackground([Ljava/lang/Object;)Ljava/lang/Object;',
  'name': ['UUID'],
  'num': 84,
  'source_class': 'Lorg/json/JSONObject;',
  'source_method': 'toString()Ljava/lang/String;'},
 {'clss': 'Lcom/google/android/gms/internal/ads/zzcfi;',
  'method': 'zzj(Landroid/net/Uri;)V',
  'name': ['UUID'],
  'num': 3032,
  'source_class': 'Ljava/lang/String;',
  'source_method': 'valueOf(Ljava/lang/Object;)Ljava/lang/String;'},
 {'clss': 'Lcom/google/android/gms/internal/ads/zzcfi;',
  'method': 'zzj(Landroid/net/Uri;)V',
  'name': ['UUID'],
  'num': 3042,
  'source_class': 'Ljava/lang/String;',
  'source_method': 'concat(Ljava/lang/String;)Ljava/lang/String;'},
 {'clss': 'Lcom/google/android/gms/internal/ads/zzcfz;', 'method': 'run()V', 'name': ['UUID'], 'num': 34, 'source_class': None, 'source_method': None},
 {'clss': 'Lcom/google/android/gms/internal/ads/zzcfi;',
  'method': 'zzj(Landroid/net/Uri;)V',
  'name': ['UUID'],
  'num': 2927,
  'source_class': 'Landroid/net/Uri;',
  'source_method': 'getEncodedQuery()Ljava/lang/String;'},
 {'clss': 'Lcom/google/android/gms/ads/internal/util/zzs;',
  'method': 'zzL(Landroid/net/Uri;)Ljava/util/Map;',
  'name': ['UUID'],
  'num': 1011,
  'source_class': 'Landroid/net/Uri;',
  'source_method': 'getQueryParameter(Ljava/lang/String;)Ljava/lang/String;'},
 {'clss': 'Lcom/google/android/gms/ads/internal/util/zzs;',
  'method': 'zzL(Landroid/net/Uri;)Ljava/util/Map;',
  'name': ['UUID'],
  'num': 1011,
  'source_class': 'Landroid/net/Uri;',
  'source_method': 'getQueryParameter(Ljava/lang/String;)Ljava/lang/String;'},
 {'clss': 'Lcom/google/android/gms/internal/ads/zzbiw;',
  'method': 'zza(Ljava/lang/Object;Ljava/util/Map;)V',
  'name': ['UUID'],
  'num': 49,
  'source_class': 'Ljava/util/Map;',
  'source_method': 'get(Ljava/lang/Object;)Ljava/lang/Object;'},
 {'clss': 'Lcom/google/android/gms/internal/ads/zzfht;',
  'method': 'zzg(Lorg/json/JSONObject;Lorg/json/JSONObject;)Z',
  'name': ['UUID'],
  'num': 419,
  'source_class': 'Lorg/json/JSONObject;',
  'source_method': 'optString(Ljava/lang/String;Ljava/lang/String;)Ljava/lang/String;'},
 {'clss': 'Lcom/google/android/gms/internal/ads/zzfht;',
  'method': 'zzg(Lorg/json/JSONObject;Lorg/json/JSONObject;)Z',
  'name': ['UUID'],
  'num': 424,
  'source_class': 'Lorg/json/JSONObject;',
  'source_method': 'optString(Ljava/lang/String;Ljava/lang/String;)Ljava/lang/String;'},
 {'clss': 'Lcom/google/android/gms/internal/ads/zzfif;',
  'method': 'zzg(Lcom/google/android/gms/internal/ads/zzfif;)V',
  'name': ['UUID'],
  'num': 267,
  'source_class': 'Ljava/util/Iterator;',
  'source_method': 'next()Ljava/lang/Object;'},
 {'clss': 'Lcom/google/android/gms/internal/ads/zzfhy;',
  'method': 'zzd(Landroid/view/View;)Ljava/lang/String;',
  'name': ['UUID'],
  'num': 165,
  'source_class': 'Ljava/util/HashMap;',
  'source_method': 'get(Ljava/lang/Object;)Ljava/lang/Object;'},
 {'clss': 'Lcom/google/android/gms/internal/ads/zzfik;',
  'method': 'doInBackground([Ljava/lang/Object;)Ljava/lang/Object;',
  'name': ['UUID'],
  'num': 84,
  'source_class': 'Lorg/json/JSONObject;',
  'source_method': 'toString()Ljava/lang/String;'},
 {'clss': 'Lcom/google/android/gms/internal/ads/zzfht;',
  'method': 'zzg(Lorg/json/JSONObject;Lorg/json/JSONObject;)Z',
  'name': ['UUID'],
  'num': 419,
  'source_class': 'Lorg/json/JSONObject;',
  'source_method': 'optString(Ljava/lang/String;Ljava/lang/String;)Ljava/lang/String;'},
 {'clss': 'Lcom/google/android/gms/internal/ads/zzfht;',
  'method': 'zzg(Lorg/json/JSONObject;Lorg/json/JSONObject;)Z',
  'name': ['UUID'],
  'num': 424,
  'source_class': 'Lorg/json/JSONObject;',
  'source_method': 'optString(Ljava/lang/String;Ljava/lang/String;)Ljava/lang/String;'},
 {'clss': 'Lcom/google/android/gms/internal/ads/zzcfz;', 'method': 'run()V', 'name': ['UUID'], 'num': 34, 'source_class': None, 'source_method': None},
 {'clss': 'Lcom/google/android/gms/internal/ads/zzcfi;',
  'method': 'zzj(Landroid/net/Uri;)V',
  'name': ['UUID'],
  'num': 2927,
  'source_class': 'Landroid/net/Uri;',
  'source_method': 'getEncodedQuery()Ljava/lang/String;'},
 {'clss': 'Lcom/google/android/gms/ads/internal/util/zzs;',
  'method': 'zzL(Landroid/net/Uri;)Ljava/util/Map;',
  'name': ['UUID'],
  'num': 1011,
  'source_class': 'Landroid/net/Uri;',
  'source_method': 'getQueryParameter(Ljava/lang/String;)Ljava/lang/String;'},
 {'clss': 'Lcom/google/android/gms/internal/ads/zzcnu;',
  'method': 'zzg(Lcom/google/android/gms/internal/ads/zzcnu;Ljava/util/Map;)Z',
  'name': ['UUID'],
  'num': 73,
  'source_class': 'Ljava/util/Map;',
  'source_method': 'get(Ljava/lang/Object;)Ljava/lang/Object;'},
 {'clss': 'Lcom/google/android/gms/internal/ads/zzfif;',
  'method': 'zzg(Lcom/google/android/gms/internal/ads/zzfif;)V',
  'name': ['UUID'],
  'num': 267,
  'source_class': 'Ljava/util/Iterator;',
  'source_method': 'next()Ljava/lang/Object;'},
 {'clss': 'Lcom/google/android/gms/internal/ads/zzbnk;',
  'method': 'zzc(Ljava/lang/Object;Lcom/google/android/gms/internal/ads/zzbml;)Lcom/google/android/gms/internal/ads/zzfwb;',
  'name': ['UUID'],
  'num': 96,
  'source_class': 'Ljava/util/UUID;',
  'source_method': 'toString()Ljava/lang/String;'},
 {'clss': 'Lcom/google/android/gms/internal/ads/zzblc;',
  'method': 'zzd(Lcom/google/android/gms/internal/ads/zzbld;Ljava/lang/String;Lorg/json/JSONObject;)V',
  'name': ['UUID'],
  'num': 128,
  'source_class': 'Lorg/json/JSONObject;',
  'source_method': 'toString()Ljava/lang/String;'},
 {'clss': 'Lcom/google/android/gms/internal/ads/zzblc;',
  'method': 'zzc(Lcom/google/android/gms/internal/ads/zzbld;Ljava/lang/String;Ljava/lang/String;)V',
  'name': ['UUID'],
  'num': 114,
  'source_class': 'Ljava/lang/StringBuilder;',
  'source_method': 'toString()Ljava/lang/String;'},
 {'clss': 'Lcom/google/android/gms/internal/ads/zzfhy;',
  'method': 'zzd(Landroid/view/View;)Ljava/lang/String;',
  'name': ['UUID'],
  'num': 165,
  'source_class': 'Ljava/util/HashMap;',
  'source_method': 'get(Ljava/lang/Object;)Ljava/lang/Object;'},
 {'clss': 'Lcom/google/android/gms/internal/ads/zzfik;',
  'method': 'doInBackground([Ljava/lang/Object;)Ljava/lang/Object;',
  'name': ['UUID'],
  'num': 84,
  'source_class': 'Lorg/json/JSONObject;',
  'source_method': 'toString()Ljava/lang/String;'},
 {'clss': 'Lcom/google/android/gms/internal/ads/zzfht;',
  'method': 'zzg(Lorg/json/JSONObject;Lorg/json/JSONObject;)Z',
  'name': ['UUID'],
  'num': 419,
  'source_class': 'Lorg/json/JSONObject;',
  'source_method': 'optString(Ljava/lang/String;Ljava/lang/String;)Ljava/lang/String;'},
 {'clss': 'Lcom/google/android/gms/internal/ads/zzfht;',
  'method': 'zzg(Lorg/json/JSONObject;Lorg/json/JSONObject;)Z',
  'name': ['UUID'],
  'num': 424,
  'source_class': 'Lorg/json/JSONObject;',
  'source_method': 'optString(Ljava/lang/String;Ljava/lang/String;)Ljava/lang/String;'},
 {'clss': 'Lcom/google/android/gms/internal/ads/zzcfz;', 'method': 'run()V', 'name': ['UUID'], 'num': 34, 'source_class': None, 'source_method': None},
 {'clss': 'Lcom/google/android/gms/internal/ads/zzcfi;',
  'method': 'zzj(Landroid/net/Uri;)V',
  'name': ['UUID'],
  'num': 2927,
  'source_class': 'Landroid/net/Uri;',
  'source_method': 'getEncodedQuery()Ljava/lang/String;'},
 {'clss': 'Lcom/google/android/gms/ads/internal/util/zzs;',
  'method': 'zzL(Landroid/net/Uri;)Ljava/util/Map;',
  'name': ['UUID'],
  'num': 1011,
  'source_class': 'Landroid/net/Uri;',
  'source_method': 'getQueryParameter(Ljava/lang/String;)Ljava/lang/String;'},
 {'clss': 'Lcom/google/android/gms/ads/internal/util/zzs;',
  'method': 'zzL(Landroid/net/Uri;)Ljava/util/Map;',
  'name': ['UUID'],
  'num': 1011,
  'source_class': 'Landroid/net/Uri;',
  'source_method': 'getQueryParameter(Ljava/lang/String;)Ljava/lang/String;'},
 {'clss': 'Lcom/google/android/gms/internal/ads/zzbiw;',
  'method': 'zza(Ljava/lang/Object;Ljava/util/Map;)V',
  'name': ['UUID'],
  'num': 49,
  'source_class': 'Ljava/util/Map;',
  'source_method': 'get(Ljava/lang/Object;)Ljava/lang/Object;'},
 {'clss': 'Lcom/google/android/gms/internal/ads/zzfif;',
  'method': 'zzg(Lcom/google/android/gms/internal/ads/zzfif;)V',
  'name': ['UUID'],
  'num': 267,
  'source_class': 'Ljava/util/Iterator;',
  'source_method': 'next()Ljava/lang/Object;'},
 {'clss': 'Lcom/google/android/gms/internal/ads/zzfhy;',
  'method': 'zzd(Landroid/view/View;)Ljava/lang/String;',
  'name': ['UUID'],
  'num': 165,
  'source_class': 'Ljava/util/HashMap;',
  'source_method': 'get(Ljava/lang/Object;)Ljava/lang/Object;'},
 {'clss': 'Lcom/google/android/gms/internal/ads/zzfik;',
  'method': 'doInBackground([Ljava/lang/Object;)Ljava/lang/Object;',
  'name': ['UUID'],
  'num': 84,
  'source_class': 'Lorg/json/JSONObject;',
  'source_method': 'toString()Ljava/lang/String;'},
 {'clss': 'Lcom/google/android/gms/internal/ads/zzfht;',
  'method': 'zzg(Lorg/json/JSONObject;Lorg/json/JSONObject;)Z',
  'name': ['UUID'],
  'num': 419,
  'source_class': 'Lorg/json/JSONObject;',
  'source_method': 'optString(Ljava/lang/String;Ljava/lang/String;)Ljava/lang/String;'},
 {'clss': 'Lcom/google/android/gms/internal/ads/zzfht;',
  'method': 'zzg(Lorg/json/JSONObject;Lorg/json/JSONObject;)Z',
  'name': ['UUID'],
  'num': 424,
  'source_class': 'Lorg/json/JSONObject;',
  'source_method': 'optString(Ljava/lang/String;Ljava/lang/String;)Ljava/lang/String;'},
 {'clss': 'Lcom/google/android/gms/internal/ads/zzfif;',
  'method': 'zzg(Lcom/google/android/gms/internal/ads/zzfif;)V',
  'name': ['UUID'],
  'num': 267,
  'source_class': 'Ljava/util/Iterator;',
  'source_method': 'next()Ljava/lang/Object;'},
 {'clss': 'Lcom/google/android/gms/internal/ads/zzfhy;',
  'method': 'zzd(Landroid/view/View;)Ljava/lang/String;',
  'name': ['UUID'],
  'num': 165,
  'source_class': 'Ljava/util/HashMap;',
  'source_method': 'get(Ljava/lang/Object;)Ljava/lang/Object;'},
 {'clss': 'Lcom/google/android/gms/internal/ads/zzfik;',
  'method': 'doInBackground([Ljava/lang/Object;)Ljava/lang/Object;',
  'name': ['UUID'],
  'num': 84,
  'source_class': 'Lorg/json/JSONObject;',
  'source_method': 'toString()Ljava/lang/String;'},
 {'clss': 'Lcom/google/android/gms/internal/ads/zzfht;',
  'method': 'zzg(Lorg/json/JSONObject;Lorg/json/JSONObject;)Z',
  'name': ['UUID'],
  'num': 419,
  'source_class': 'Lorg/json/JSONObject;',
  'source_method': 'optString(Ljava/lang/String;Ljava/lang/String;)Ljava/lang/String;'},
 {'clss': 'Lcom/google/android/gms/internal/ads/zzfht;',
  'method': 'zzg(Lorg/json/JSONObject;Lorg/json/JSONObject;)Z',
  'name': ['UUID'],
  'num': 424,
  'source_class': 'Lorg/json/JSONObject;',
  'source_method': 'optString(Ljava/lang/String;Ljava/lang/String;)Ljava/lang/String;'},
 {'clss': 'Lcom/google/android/gms/internal/ads/zzfif;',
  'method': 'zzg(Lcom/google/android/gms/internal/ads/zzfif;)V',
  'name': ['UUID'],
  'num': 267,
  'source_class': 'Ljava/util/Iterator;',
  'source_method': 'next()Ljava/lang/Object;'},
 {'clss': 'Lcom/google/android/gms/internal/ads/zzfhy;',
  'method': 'zzd(Landroid/view/View;)Ljava/lang/String;',
  'name': ['UUID'],
  'num': 165,
  'source_class': 'Ljava/util/HashMap;',
  'source_method': 'get(Ljava/lang/Object;)Ljava/lang/Object;'},
 {'clss': 'Lcom/google/android/gms/internal/ads/zzfik;',
  'method': 'doInBackground([Ljava/lang/Object;)Ljava/lang/Object;',
  'name': ['UUID'],
  'num': 84,
  'source_class': 'Lorg/json/JSONObject;',
  'source_method': 'toString()Ljava/lang/String;'},
 {'clss': 'Lcom/google/android/gms/internal/ads/zzfht;',
  'method': 'zzg(Lorg/json/JSONObject;Lorg/json/JSONObject;)Z',
  'name': ['UUID'],
  'num': 419,
  'source_class': 'Lorg/json/JSONObject;',
  'source_method': 'optString(Ljava/lang/String;Ljava/lang/String;)Ljava/lang/String;'},
 {'clss': 'Lcom/google/android/gms/internal/ads/zzfht;',
  'method': 'zzg(Lorg/json/JSONObject;Lorg/json/JSONObject;)Z',
  'name': ['UUID'],
  'num': 424,
  'source_class': 'Lorg/json/JSONObject;',
  'source_method': 'optString(Ljava/lang/String;Ljava/lang/String;)Ljava/lang/String;'},
 {'clss': 'Lcom/google/android/gms/internal/ads/zzfif;',
  'method': 'zzg(Lcom/google/android/gms/internal/ads/zzfif;)V',
  'name': ['UUID'],
  'num': 267,
  'source_class': 'Ljava/util/Iterator;',
  'source_method': 'next()Ljava/lang/Object;'},
 {'clss': 'Lcom/google/android/gms/internal/ads/zzfhy;',
  'method': 'zzd(Landroid/view/View;)Ljava/lang/String;',
  'name': ['UUID'],
  'num': 165,
  'source_class': 'Ljava/util/HashMap;',
  'source_method': 'get(Ljava/lang/Object;)Ljava/lang/Object;'},
 {'clss': 'Lcom/google/android/gms/internal/ads/zzfik;',
  'method': 'doInBackground([Ljava/lang/Object;)Ljava/lang/Object;',
  'name': ['UUID'],
  'num': 84,
  'source_class': 'Lorg/json/JSONObject;',
  'source_method': 'toString()Ljava/lang/String;'},
 {'clss': 'Lcom/google/android/gms/internal/ads/zzcfz;', 'method': 'run()V', 'name': ['UUID'], 'num': 34, 'source_class': None, 'source_method': None},
 {'clss': 'Lcom/google/android/gms/internal/ads/zzcfi;',
  'method': 'zzj(Landroid/net/Uri;)V',
  'name': ['UUID'],
  'num': 2927,
  'source_class': 'Landroid/net/Uri;',
  'source_method': 'getEncodedQuery()Ljava/lang/String;'},
 {'clss': 'Lcom/google/android/gms/ads/internal/util/zzs;',
  'method': 'zzL(Landroid/net/Uri;)Ljava/util/Map;',
  'name': ['UUID'],
  'num': 1011,
  'source_class': 'Landroid/net/Uri;',
  'source_method': 'getQueryParameter(Ljava/lang/String;)Ljava/lang/String;'},
 {'clss': 'Lcom/google/android/gms/internal/ads/zzcnu;',
  'method': 'zzg(Lcom/google/android/gms/internal/ads/zzcnu;Ljava/util/Map;)Z',
  'name': ['UUID'],
  'num': 73,
  'source_class': 'Ljava/util/Map;',
  'source_method': 'get(Ljava/lang/Object;)Ljava/lang/Object;'},
 {'clss': 'Lcom/google/android/gms/internal/ads/zzfht;',
  'method': 'zzg(Lorg/json/JSONObject;Lorg/json/JSONObject;)Z',
  'name': ['UUID'],
  'num': 419,
  'source_class': 'Lorg/json/JSONObject;',
  'source_method': 'optString(Ljava/lang/String;Ljava/lang/String;)Ljava/lang/String;'},
 {'clss': 'Lcom/google/android/gms/internal/ads/zzfht;',
  'method': 'zzg(Lorg/json/JSONObject;Lorg/json/JSONObject;)Z',
  'name': ['UUID'],
  'num': 424,
  'source_class': 'Lorg/json/JSONObject;',
  'source_method': 'optString(Ljava/lang/String;Ljava/lang/String;)Ljava/lang/String;'},
 {'clss': 'Lcom/google/android/gms/internal/ads/zzbnk;',
  'method': 'zzc(Ljava/lang/Object;Lcom/google/android/gms/internal/ads/zzbml;)Lcom/google/android/gms/internal/ads/zzfwb;',
  'name': ['UUID'],
  'num': 96,
  'source_class': 'Ljava/util/UUID;',
  'source_method': 'toString()Ljava/lang/String;'},
 {'clss': 'Lcom/google/android/gms/internal/ads/zzblc;',
  'method': 'zzd(Lcom/google/android/gms/internal/ads/zzbld;Ljava/lang/String;Lorg/json/JSONObject;)V',
  'name': ['UUID'],
  'num': 128,
  'source_class': 'Lorg/json/JSONObject;',
  'source_method': 'toString()Ljava/lang/String;'},
 {'clss': 'Lcom/google/android/gms/internal/ads/zzblc;',
  'method': 'zzc(Lcom/google/android/gms/internal/ads/zzbld;Ljava/lang/String;Ljava/lang/String;)V',
  'name': ['UUID'],
  'num': 114,
  'source_class': 'Ljava/lang/StringBuilder;',
  'source_method': 'toString()Ljava/lang/String;'},
 {'clss': 'Lcom/google/android/gms/internal/ads/zzcfz;', 'method': 'run()V', 'name': ['UUID'], 'num': 34, 'source_class': None, 'source_method': None},
 {'clss': 'Lcom/google/android/gms/internal/ads/zzcfi;',
  'method': 'zzj(Landroid/net/Uri;)V',
  'name': ['UUID'],
  'num': 2927,
  'source_class': 'Landroid/net/Uri;',
  'source_method': 'getEncodedQuery()Ljava/lang/String;'},
 {'clss': 'Lcom/google/android/gms/ads/internal/util/zzs;',
  'method': 'zzL(Landroid/net/Uri;)Ljava/util/Map;',
  'name': ['UUID'],
  'num': 1011,
  'source_class': 'Landroid/net/Uri;',
  'source_method': 'getQueryParameter(Ljava/lang/String;)Ljava/lang/String;'},
 {'clss': 'Lcom/google/android/gms/ads/internal/util/zzs;',
  'method': 'zzL(Landroid/net/Uri;)Ljava/util/Map;',
  'name': ['UUID'],
  'num': 1011,
  'source_class': 'Landroid/net/Uri;',
  'source_method': 'getQueryParameter(Ljava/lang/String;)Ljava/lang/String;'},
 {'clss': 'Lcom/google/android/gms/internal/ads/zzbiw;',
  'method': 'zza(Ljava/lang/Object;Ljava/util/Map;)V',
  'name': ['UUID'],
  'num': 49,
  'source_class': 'Ljava/util/Map;',
  'source_method': 'get(Ljava/lang/Object;)Ljava/lang/Object;'},
 {'clss': 'Lcom/google/android/gms/internal/ads/zzfif;',
  'method': 'zzg(Lcom/google/android/gms/internal/ads/zzfif;)V',
  'name': ['UUID'],
  'num': 267,
  'source_class': 'Ljava/util/Iterator;',
  'source_method': 'next()Ljava/lang/Object;'},
 {'clss': 'Lcom/google/android/gms/internal/ads/zzfhy;',
  'method': 'zzd(Landroid/view/View;)Ljava/lang/String;',
  'name': ['UUID'],
  'num': 165,
  'source_class': 'Ljava/util/HashMap;',
  'source_method': 'get(Ljava/lang/Object;)Ljava/lang/Object;'},
 {'clss': 'Lcom/google/android/gms/internal/ads/zzfik;',
  'method': 'doInBackground([Ljava/lang/Object;)Ljava/lang/Object;',
  'name': ['UUID'],
  'num': 84,
  'source_class': 'Lorg/json/JSONObject;',
  'source_method': 'toString()Ljava/lang/String;'},
 {'clss': 'Lcom/google/android/gms/internal/ads/zzfht;',
  'method': 'zzg(Lorg/json/JSONObject;Lorg/json/JSONObject;)Z',
  'name': ['UUID'],
  'num': 419,
  'source_class': 'Lorg/json/JSONObject;',
  'source_method': 'optString(Ljava/lang/String;Ljava/lang/String;)Ljava/lang/String;'},
 {'clss': 'Lcom/google/android/gms/internal/ads/zzfht;',
  'method': 'zzg(Lorg/json/JSONObject;Lorg/json/JSONObject;)Z',
  'name': ['UUID'],
  'num': 424,
  'source_class': 'Lorg/json/JSONObject;',
  'source_method': 'optString(Ljava/lang/String;Ljava/lang/String;)Ljava/lang/String;'},
 {'clss': 'Lcom/google/android/gms/internal/ads/zzbnk;',
  'method': 'zzc(Ljava/lang/Object;Lcom/google/android/gms/internal/ads/zzbml;)Lcom/google/android/gms/internal/ads/zzfwb;',
  'name': ['UUID'],
  'num': 96,
  'source_class': 'Ljava/util/UUID;',
  'source_method': 'toString()Ljava/lang/String;'},
 {'clss': 'Lcom/google/android/gms/internal/ads/zzblc;',
  'method': 'zzd(Lcom/google/android/gms/internal/ads/zzbld;Ljava/lang/String;Lorg/json/JSONObject;)V',
  'name': ['UUID'],
  'num': 128,
  'source_class': 'Lorg/json/JSONObject;',
  'source_method': 'toString()Ljava/lang/String;'},
 {'clss': 'Lcom/google/android/gms/internal/ads/zzblc;',
  'method': 'zzc(Lcom/google/android/gms/internal/ads/zzbld;Ljava/lang/String;Ljava/lang/String;)V',
  'name': ['UUID'],
  'num': 114,
  'source_class': 'Ljava/lang/StringBuilder;',
  'source_method': 'toString()Ljava/lang/String;'},
 {'clss': 'Lcom/google/android/gms/internal/ads/zzbnk;',
  'method': 'zzc(Ljava/lang/Object;Lcom/google/android/gms/internal/ads/zzbml;)Lcom/google/android/gms/internal/ads/zzfwb;',
  'name': ['UUID'],
  'num': 96,
  'source_class': 'Ljava/util/UUID;',
  'source_method': 'toString()Ljava/lang/String;'},
 {'clss': 'Lcom/google/android/gms/internal/ads/zzblc;',
  'method': 'zzd(Lcom/google/android/gms/internal/ads/zzbld;Ljava/lang/String;Lorg/json/JSONObject;)V',
  'name': ['UUID'],
  'num': 128,
  'source_class': 'Lorg/json/JSONObject;',
  'source_method': 'toString()Ljava/lang/String;'},
 {'clss': 'Lcom/google/android/gms/internal/ads/zzblc;',
  'method': 'zzc(Lcom/google/android/gms/internal/ads/zzbld;Ljava/lang/String;Ljava/lang/String;)V',
  'name': ['UUID'],
  'num': 114,
  'source_class': 'Ljava/lang/StringBuilder;',
  'source_method': 'toString()Ljava/lang/String;'},
 {'clss': 'Lcom/google/android/gms/internal/ads/zzbnk;',
  'method': 'zzc(Ljava/lang/Object;Lcom/google/android/gms/internal/ads/zzbml;)Lcom/google/android/gms/internal/ads/zzfwb;',
  'name': ['UUID'],
  'num': 96,
  'source_class': 'Ljava/util/UUID;',
  'source_method': 'toString()Ljava/lang/String;'},
 {'clss': 'Lcom/google/android/gms/internal/ads/zzblc;',
  'method': 'zzd(Lcom/google/android/gms/internal/ads/zzbld;Ljava/lang/String;Lorg/json/JSONObject;)V',
  'name': ['UUID'],
  'num': 128,
  'source_class': 'Lorg/json/JSONObject;',
  'source_method': 'toString()Ljava/lang/String;'},
 {'clss': 'Lcom/google/android/gms/internal/ads/zzblc;',
  'method': 'zzc(Lcom/google/android/gms/internal/ads/zzbld;Ljava/lang/String;Ljava/lang/String;)V',
  'name': ['UUID'],
  'num': 114,
  'source_class': 'Ljava/lang/StringBuilder;',
  'source_method': 'toString()Ljava/lang/String;'},
 {'clss': 'Lcom/google/android/gms/internal/ads/zzcfz;', 'method': 'run()V', 'name': ['UUID'], 'num': 34, 'source_class': None, 'source_method': None},
 {'clss': 'Lcom/google/android/gms/internal/ads/zzcfi;',
  'method': 'zzj(Landroid/net/Uri;)V',
  'name': ['UUID'],
  'num': 2927,
  'source_class': 'Landroid/net/Uri;',
  'source_method': 'getEncodedQuery()Ljava/lang/String;'},
 {'clss': 'Lcom/google/android/gms/ads/internal/util/zzs;',
  'method': 'zzL(Landroid/net/Uri;)Ljava/util/Map;',
  'name': ['UUID'],
  'num': 1011,
  'source_class': 'Landroid/net/Uri;',
  'source_method': 'getQueryParameter(Ljava/lang/String;)Ljava/lang/String;'},
 {'clss': 'Lcom/google/android/gms/ads/internal/util/zzs;',
  'method': 'zzL(Landroid/net/Uri;)Ljava/util/Map;',
  'name': ['UUID'],
  'num': 1011,
  'source_class': 'Landroid/net/Uri;',
  'source_method': 'getQueryParameter(Ljava/lang/String;)Ljava/lang/String;'},
 {'clss': 'Lcom/google/android/gms/internal/ads/zzbiw;',
  'method': 'zza(Ljava/lang/Object;Ljava/util/Map;)V',
  'name': ['UUID'],
  'num': 49,
  'source_class': 'Ljava/util/Map;',
  'source_method': 'get(Ljava/lang/Object;)Ljava/lang/Object;'},
 {'clss': 'Lcom/google/android/gms/internal/ads/zzcfz;', 'method': 'run()V', 'name': ['UUID'], 'num': 34, 'source_class': None, 'source_method': None},
 {'clss': 'Lcom/google/android/gms/internal/ads/zzcfi;',
  'method': 'zzj(Landroid/net/Uri;)V',
  'name': ['UUID'],
  'num': 2927,
  'source_class': 'Landroid/net/Uri;',
  'source_method': 'getEncodedQuery()Ljava/lang/String;'},
 {'clss': 'Lcom/google/android/gms/ads/internal/util/zzs;',
  'method': 'zzL(Landroid/net/Uri;)Ljava/util/Map;',
  'name': ['UUID'],
  'num': 1011,
  'source_class': 'Landroid/net/Uri;',
  'source_method': 'getQueryParameter(Ljava/lang/String;)Ljava/lang/String;'},
 {'clss': 'Lcom/google/android/gms/ads/internal/util/zzs;',
  'method': 'zzL(Landroid/net/Uri;)Ljava/util/Map;',
  'name': ['UUID'],
  'num': 1011,
  'source_class': 'Landroid/net/Uri;',
  'source_method': 'getQueryParameter(Ljava/lang/String;)Ljava/lang/String;'},
 {'clss': 'Lcom/google/android/gms/internal/ads/zzbiw;',
  'method': 'zza(Ljava/lang/Object;Ljava/util/Map;)V',
  'name': ['UUID'],
  'num': 49,
  'source_class': 'Ljava/util/Map;',
  'source_method': 'get(Ljava/lang/Object;)Ljava/lang/Object;'},
 {'clss': 'Lcom/google/android/gms/internal/ads/zzcfz;', 'method': 'run()V', 'name': ['UUID'], 'num': 34, 'source_class': None, 'source_method': None},
 {'clss': 'Lcom/google/android/gms/internal/ads/zzcfi;',
  'method': 'zzj(Landroid/net/Uri;)V',
  'name': ['UUID'],
  'num': 3032,
  'source_class': 'Ljava/lang/String;',
  'source_method': 'valueOf(Ljava/lang/Object;)Ljava/lang/String;'},
 {'clss': 'Lcom/google/android/gms/internal/ads/zzcfi;',
  'method': 'zzj(Landroid/net/Uri;)V',
  'name': ['UUID'],
  'num': 3042,
  'source_class': 'Ljava/lang/String;',
  'source_method': 'concat(Ljava/lang/String;)Ljava/lang/String;'},
 {'clss': 'Lcom/google/android/gms/internal/ads/zzcfz;', 'method': 'run()V', 'name': ['UUID'], 'num': 34, 'source_class': None, 'source_method': None},
 {'clss': 'Lcom/google/android/gms/internal/ads/zzcfi;',
  'method': 'zzj(Landroid/net/Uri;)V',
  'name': ['UUID'],
  'num': 2927,
  'source_class': 'Landroid/net/Uri;',
  'source_method': 'getEncodedQuery()Ljava/lang/String;'},
 {'clss': 'Lcom/google/android/gms/ads/internal/util/zzs;',
  'method': 'zzL(Landroid/net/Uri;)Ljava/util/Map;',
  'name': ['UUID'],
  'num': 1011,
  'source_class': 'Landroid/net/Uri;',
  'source_method': 'getQueryParameter(Ljava/lang/String;)Ljava/lang/String;'},
 {'clss': 'Lcom/google/android/gms/internal/ads/zzcfz;', 'method': 'run()V', 'name': ['UUID'], 'num': 34, 'source_class': None, 'source_method': None},
 {'clss': 'Lcom/google/android/gms/internal/ads/zzcfi;',
  'method': 'zzj(Landroid/net/Uri;)V',
  'name': ['UUID'],
  'num': 2927,
  'source_class': 'Landroid/net/Uri;',
  'source_method': 'getEncodedQuery()Ljava/lang/String;'},
 {'clss': 'Lcom/google/android/gms/ads/internal/util/zzs;',
  'method': 'zzL(Landroid/net/Uri;)Ljava/util/Map;',
  'name': ['UUID'],
  'num': 1011,
  'source_class': 'Landroid/net/Uri;',
  'source_method': 'getQueryParameter(Ljava/lang/String;)Ljava/lang/String;'},
 {'clss': 'Lcom/google/android/gms/ads/internal/util/zzs;',
  'method': 'zzL(Landroid/net/Uri;)Ljava/util/Map;',
  'name': ['UUID'],
  'num': 1011,
  'source_class': 'Landroid/net/Uri;',
  'source_method': 'getQueryParameter(Ljava/lang/String;)Ljava/lang/String;'},
 {'clss': 'Lcom/google/android/gms/internal/ads/zzbiw;',
  'method': 'zza(Ljava/lang/Object;Ljava/util/Map;)V',
  'name': ['UUID'],
  'num': 49,
  'source_class': 'Ljava/util/Map;',
  'source_method': 'get(Ljava/lang/Object;)Ljava/lang/Object;'},
 {'clss': 'Lcom/google/android/gms/internal/ads/zzfif;',
  'method': 'zzg(Lcom/google/android/gms/internal/ads/zzfif;)V',
  'name': ['UUID'],
  'num': 267,
  'source_class': 'Ljava/util/Iterator;',
  'source_method': 'next()Ljava/lang/Object;'},
 {'clss': 'Lcom/google/android/gms/internal/ads/zzfik;',
  'method': 'doInBackground([Ljava/lang/Object;)Ljava/lang/Object;',
  'name': ['UUID'],
  'num': 84,
  'source_class': 'Lorg/json/JSONObject;',
  'source_method': 'toString()Ljava/lang/String;'},
 {'clss': 'Lcom/google/android/gms/internal/ads/zzfif;',
  'method': 'zzg(Lcom/google/android/gms/internal/ads/zzfif;)V',
  'name': ['UUID'],
  'num': 267,
  'source_class': 'Ljava/util/Iterator;',
  'source_method': 'next()Ljava/lang/Object;'},
 {'clss': 'Lcom/google/android/gms/internal/ads/zzfik;',
  'method': 'doInBackground([Ljava/lang/Object;)Ljava/lang/Object;',
  'name': ['UUID'],
  'num': 84,
  'source_class': 'Lorg/json/JSONObject;',
  'source_method': 'toString()Ljava/lang/String;'},
 {'clss': 'Lcom/google/android/gms/internal/ads/zzfif;',
  'method': 'zzg(Lcom/google/android/gms/internal/ads/zzfif;)V',
  'name': ['UUID'],
  'num': 267,
  'source_class': 'Ljava/util/Iterator;',
  'source_method': 'next()Ljava/lang/Object;'},
 {'clss': 'Lcom/google/android/gms/internal/ads/zzfik;',
  'method': 'doInBackground([Ljava/lang/Object;)Ljava/lang/Object;',
  'name': ['UUID'],
  'num': 84,
  'source_class': 'Lorg/json/JSONObject;',
  'source_method': 'toString()Ljava/lang/String;'},
 {'clss': 'Lcom/google/android/gms/internal/ads/zzfif;',
  'method': 'zzg(Lcom/google/android/gms/internal/ads/zzfif;)V',
  'name': ['UUID'],
  'num': 267,
  'source_class': 'Ljava/util/Iterator;',
  'source_method': 'next()Ljava/lang/Object;'},
 {'clss': 'Lcom/google/android/gms/internal/ads/zzfik;',
  'method': 'doInBackground([Ljava/lang/Object;)Ljava/lang/Object;',
  'name': ['UUID'],
  'num': 84,
  'source_class': 'Lorg/json/JSONObject;',
  'source_method': 'toString()Ljava/lang/String;'},
 {'clss': 'Lcom/google/android/gms/internal/ads/zzfif;',
  'method': 'zzg(Lcom/google/android/gms/internal/ads/zzfif;)V',
  'name': ['UUID'],
  'num': 267,
  'source_class': 'Ljava/util/Iterator;',
  'source_method': 'next()Ljava/lang/Object;'}]
Sinks
[{"smali_tag": "2412_79", "clss": "Lcom/google/android/gms/internal/ads/zzbzy;", "method": "zza(Ljava/lang/String;)Z", "num": 79, "sink_class": "Ljava/net/URL;", "sink_method": "<init>(Ljava/lang/String;)V", "sink_values": ["https://pagead2.googleadservices.com/pagead/adview?ai=CLCPqedIjZZ-3DuWXpt8PsYCDyAIAw4-H_N8JwI23ARABIMLs3CBgiQOIAQGgAfvU0tcDqQIjVYVVNVWlPqgDAaoE9AJP0Dpv0NxPCsDrBwcGnwcLwRLL67SCaZybF1BBUj85hmcTi1HMHkdwrn0iQSfUwi0r4Pr9XeW5ZZ79qSUWrfxMygT0AGm1QxL6wgU-w0kYRSCzNeXqg7wFpvtHwzwLI73C4pIqmGAzmXtCUEC--8HU60MInrJJZRUMLkSU8l-GqKFmZ1o2w5_vjIxdZQnaSyHJWB_bCpp6kLuLV5jS9ycC2pWT9y0S3LUZO1NdIt9rk5d_Ow67U0aBA-esUQ6Bo3HdNCvkTMnsCZYTU2BKHZxgmkUgx4ZR2QaUTUiNvV4ejj_noOBIeuxJNHsXAXbhMd2SfSDuT2If38J1RQVhkyW75MWXdbPZu0BG63lwieNZYPyBkRrdPfh11zEXXAS1WRpjBAee0Q50_REPptIT4p3uK4Bi1NtnkQYiXmXrcp66ptyc7YTBgcSRIYBxVj8RtZeWABu8WGiUkxTRWEfoHo4q_b7wN8B3-38NihWOpP7Rk2f2GAjABM-LtobnAYgFqK-16gWQBgGgBjnABguAB-2qrSiYBwGoB6a-G6gH1ckbqAehAagH_p6xAqgH89EbqAeW2BuoB6qbsQKoB4OtsQKoB_-esQKoB9-fsQKoB47cG6gHyZyxAtgHAaAI2BKwCALSCBQIgGEQARhfMgKKAjoCgEBIvf3BOoAKAqoNAkpQghRBGj9tb2JpbGVhcHA6OjItY29tLmdvb2dsZS5hbmRyb2lkLmdtcy5leGFtcGxlLmludGVyc3RpdGlhbGV4YW1wbGXQFQGYFgH4FgGAFwGyFxoKGAgAEhRwdWItMzk0MDI1NjA5OTk0MjU0NA&sigh=R4NQ9CszTIM&cid=CAQShgEAyAmmjTyBjysYCS3mFB5zA-6a5PKqLqnjqs70HvIKMHjrScN2k92FWjaEgQiQDkWamWGVOkY3xqHy1dMzzxykA37WF2iglDfmiuS7zhfhmDLtnAo5Cp296BgNzv-sEU5DhHmmR54gTCm_TI_dnE4ux3VKmxm1x-1vqcpcfvcv3s4vN3ifmhgB&gvr=1&ms=CoACgwDrbcprVlYFcfPkxWln2b4wFnZTTzMTqrboxyf6Wn2MREu1Zkrf2ihd9xpZEvhxf-giz97ea7bA9uEtpP1CXDC0y9RymKGjAN7jvJW0RZU_o102ItuZyNvAg0mkUvgMYMZcCRgnHUoyYUZ-B7ErtiPnj3k1BPfXF6KSeOgVKvJYAQfGZcvSB-jMHzeKrU20lZTXBJGExjDmPSvDUtEaldESIx9buELyDcl5wjj9fUCc3Y59Nlj2BM9mNuynDYKAoODH7Ct93TiK9Gw6eggSDto_FTxFuAjCp2qumpfCyCPz2ZlogK1QaXYRmGaWGewgv4xCTfl6uxGkbvFz0LVcnwqAAsyo9wW_T1-n9MGmZPcbMD8Bj3BUux20zPk78zA4JmeReynDLXKPq1llN2HrUJQf81ZbFWuPLAnlMAJnl-QxXjDBbjZxQx4_KGlsXgkdvJS6FVToA-6bvgYxGVoVKPdi83qppYuAqQ2DHSFy-EbZwG_TOZApiEdTPD2V70MYwFC1VIgP1BBKeLtoFpdD_VxFRdgatXDFN6DyhNaOUe9NKq7mYAI6haD9ZsWLiFVoPjvnXgbr6dY8w2GsRg3UdgF0K2mKHc426PyrYzekB50yPF1_RZTPBEFFNUA-1alwlyAxb9VfS0InskcGZ2kjv_li-pPW8978ZII55xA2lc1BOMMSEE9eb7SeVE56eGPxiHHK31I"], "sources": ["UUID"], "returned_value": null}]