project.emulator.get_num_leaks() = 0
Sources
[{'clss': 'Lbo/app/e5;', 'method': '<init>(Ljava/util/UUID;)V', 'name': ['UUID'], 'num': 95, 'source_class': 'Ljava/util/UUID;', 'source_method': 'toString()Ljava/lang/String;'},
 {'clss': 'Lbo/app/u$g;', 'method': 'a()Ljava/lang/String;', 'name': ['UUID'], 'num': 85, 'source_class': 'Ljava/lang/StringBuilder;', 'source_method': 'toString()Ljava/lang/String;'},
 {'clss': 'Lbo/app/j;',
  'method': '<init>(Lbo/app/d1;Lorg/json/JSONObject;DLjava/lang/String;ILkotlin/jvm/internal/DefaultConstructorMarker;)V',
  'name': ['UUID'],
  'num': 281,
  'source_class': 'Ljava/util/UUID;',
  'source_method': 'toString()Ljava/lang/String;'},
 {'clss': 'Lbo/app/w1$-CC;',
  'method': '$default$p(Lbo/app/w1;)Ljava/lang/String;',
  'name': ['UUID'],
  'num': 17,
  'source_class': 'Lorg/json/JSONObject;',
  'source_method': 'toString()Ljava/lang/String;'},
 {'clss': 'Lbo/app/b1;', 'method': 'a(Lbo/app/w1;)V', 'name': ['UUID'], 'num': 306, 'source_class': 'Ljava/lang/StringBuilder;', 'source_method': 'toString()Ljava/lang/String;'},
 {'clss': 'Lbo/app/w1$-CC;',
  'method': '$default$p(Lbo/app/w1;)Ljava/lang/String;',
  'name': ['UUID'],
  'num': 17,
  'source_class': 'Lorg/json/JSONObject;',
  'source_method': 'toString()Ljava/lang/String;'},
 {'clss': 'Lbo/app/n0;', 'method': 'getDeviceId()Ljava/lang/String;', 'name': ['UUID'], 'num': 214, 'source_class': 'Ljava/util/UUID;', 'source_method': 'toString()Ljava/lang/String;'},
 {'clss': 'Lbo/app/k5;', 'method': 'a(Lbo/app/c5;)V', 'name': ['UUID'], 'num': 278, 'source_class': 'Lorg/json/JSONObject;', 'source_method': 'toString()Ljava/lang/String;'},
 {'clss': 'Lbo/app/m3;', 'method': 'toString()Ljava/lang/String;', 'name': ['UUID'], 'num': 226, 'source_class': 'Ljava/lang/StringBuilder;', 'source_method': 'toString()Ljava/lang/String;'},
 {'clss': 'Lbo/app/p$q;', 'method': 'a()Ljava/lang/String;', 'name': ['UUID'], 'num': 89, 'source_class': 'Ljava/lang/StringBuilder;', 'source_method': 'toString()Ljava/lang/String;'},
 {'clss': 'Lbo/app/s1;',
  'method': 'a(Ljava/net/URL;Lorg/json/JSONObject;Ljava/util/Map;)Ljava/net/HttpURLConnection;',
  'name': ['UUID'],
  'num': 118,
  'source_class': 'Lorg/json/JSONObject;',
  'source_method': 'toString()Ljava/lang/String;'},
 {'clss': 'Lbo/app/w1$-CC;',
  'method': '$default$p(Lbo/app/w1;)Ljava/lang/String;',
  'name': ['UUID'],
  'num': 17,
  'source_class': 'Lorg/json/JSONObject;',
  'source_method': 'toString()Ljava/lang/String;'},
 {'clss': 'Lbo/app/b1;', 'method': 'a(Ljava/util/Set;)V', 'name': ['UUID'], 'num': 346, 'source_class': 'Ljava/lang/StringBuilder;', 'source_method': 'toString()Ljava/lang/String;'},
 {'clss': 'Lbo/app/n0;',
  'method': 'getDeviceId()Ljava/lang/String;',
  'name': ['UUID'],
  'num': 190,
  'source_class': 'Landroid/content/SharedPreferences;',
  'source_method': 'getString(Ljava/lang/String;Ljava/lang/String;)Ljava/lang/String;'},
 {'clss': 'Lbo/app/s1;',
  'method': 'a(Ljava/net/URL;Lorg/json/JSONObject;Ljava/util/Map;)Ljava/net/HttpURLConnection;',
  'name': ['UUID'],
  'num': 118,
  'source_class': 'Lorg/json/JSONObject;',
  'source_method': 'toString()Ljava/lang/String;'}]
Sinks
[]