project.emulator.get_num_leaks() = 0
Sources
[{'clss': 'Lcom/google/ads/interactivemedia/v3/internal/zzec;',
  'method': 'zzv()Ljava/lang/String;',
  'name': ['UUID'],
  'num': 674,
  'source_class': 'Ljava/util/UUID;',
  'source_method': 'toString()Ljava/lang/String;'},
 {'clss': 'Lcom/google/ads/interactivemedia/v3/internal/zzgx;',
  'method': 'zza(Lcom/google/ads/interactivemedia/v3/api/BaseRequest;)Lcom/google/ads/interactivemedia/v3/impl/data/zzbc;',
  'name': ['AAID'],
  'num': 76,
  'source_class': 'Lcom/google/android/gms/ads/identifier/AdvertisingIdClient$Info;',
  'source_method': 'getId()Ljava/lang/String;'},
 {'clss': 'Lcom/google/ads/interactivemedia/v3/internal/zzwm;',
  'method': 'zzf(Ljava/lang/Object;)Ljava/lang/String;',
  'name': ['AAID', 'UUID'],
  'num': 1237,
  'source_class': 'Ljava/io/StringWriter;',
  'source_method': 'toString()Ljava/lang/String;'},
 {'clss': 'Lcom/google/ads/interactivemedia/v3/internal/zzff;',
  'method': 'zzg()Ljava/lang/String;',
  'name': ['AAID'],
  'num': 490,
  'source_class': 'Lcom/google/ads/interactivemedia/v3/internal/zzwm;',
  'source_method': 'zzf(Ljava/lang/Object;)Ljava/lang/String;'},
 {'clss': 'Lcom/google/ads/interactivemedia/v3/internal/zzff;',
  'method': 'zzg()Ljava/lang/String;',
  'name': ['AAID', 'UUID'],
  'num': 500,
  'source_class': 'Ljava/lang/String;',
  'source_method': 'format(Ljava/lang/String;[Ljava/lang/Object;)Ljava/lang/String;'},
 {'clss': 'Lcom/google/ads/interactivemedia/v3/internal/zzft;',
  'method': 'zzd(Lcom/google/ads/interactivemedia/v3/internal/zzff;)V',
  'name': ['UUID'],
  'num': 207,
  'source_class': 'Lcom/google/ads/interactivemedia/v3/internal/zzff;',
  'source_method': 'zzg()Ljava/lang/String;'},
 {'clss': 'Lcom/google/ads/interactivemedia/v3/impl/data/zzy;',
  'method': 'toString()Ljava/lang/String;',
  'name': ['AAID'],
  'num': 377,
  'source_class': 'Ljava/lang/StringBuilder;',
  'source_method': 'toString()Ljava/lang/String;'},
 {'clss': 'Lcom/google/ads/interactivemedia/v3/impl/data/zzw;',
  'method': 'toString()Ljava/lang/String;',
  'name': ['AAID'],
  'num': 3891,
  'source_class': 'Ljava/lang/StringBuilder;',
  'source_method': 'toString()Ljava/lang/String;'},
 {'clss': 'Lcom/google/ads/interactivemedia/v3/internal/zzff;',
  'method': 'toString()Ljava/lang/String;',
  'name': ['AAID', 'UUID'],
  'num': 395,
  'source_class': 'Ljava/lang/String;',
  'source_method': 'format(Ljava/lang/String;[Ljava/lang/Object;)Ljava/lang/String;'},
 {'clss': 'Lcom/google/ads/interactivemedia/v3/internal/zzft;',
  'method': 'zzd(Lcom/google/ads/interactivemedia/v3/internal/zzff;)V',
  'name': ['AAID', 'UUID'],
  'num': 266,
  'source_class': 'Ljava/lang/StringBuilder;',
  'source_method': 'toString()Ljava/lang/String;'},
 {'clss': 'Lcom/google/ads/interactivemedia/v3/internal/zzfp;',
  'method': 'onPostMessage(Landroid/webkit/WebView;Landroidx/webkit/WebMessageCompat;Landroid/net/Uri;ZLandroidx/webkit/JavaScriptReplyProxy;)V',
  'name': ['AAID', 'UUID'],
  'num': 29,
  'source_class': 'Landroidx/webkit/WebMessageCompat;',
  'source_method': 'getData()Ljava/lang/String;'},
 {'clss': 'Lcom/google/ads/interactivemedia/v3/internal/zzacv;',
  'method': 'zzy(C)Ljava/lang/String;',
  'name': ['AAID'],
  'num': 1309,
  'source_class': 'Ljava/lang/StringBuilder;',
  'source_method': 'toString()Ljava/lang/String;'},
 {'clss': 'Lcom/google/ads/interactivemedia/v3/internal/zzff;',
  'method': 'zzd(Ljava/lang/String;)Lcom/google/ads/interactivemedia/v3/internal/zzff;',
  'name': ['UUID'],
  'num': 194,
  'source_class': None,
  'source_method': None},
 {'clss': 'Lcom/google/ads/interactivemedia/v3/internal/zzff;',
  'method': 'zzd(Ljava/lang/String;)Lcom/google/ads/interactivemedia/v3/internal/zzff;',
  'name': ['UUID'],
  'num': 216,
  'source_class': None,
  'source_method': None},
 {'clss': 'Lcom/google/ads/interactivemedia/v3/internal/zzff;',
  'method': 'zzd(Ljava/lang/String;)Lcom/google/ads/interactivemedia/v3/internal/zzff;',
  'name': ['AAID'],
  'num': 218,
  'source_class': None,
  'source_method': None},
 {'clss': 'Lcom/google/ads/interactivemedia/v3/internal/zzacv;',
  'method': 'zzy(C)Ljava/lang/String;',
  'name': ['AAID'],
  'num': 1309,
  'source_class': 'Ljava/lang/StringBuilder;',
  'source_method': 'toString()Ljava/lang/String;'},
 {'clss': 'Lcom/google/ads/interactivemedia/v3/impl/data/zzab;', 'method': 'toString()Ljava/lang/String;', 'name': ['AAID'], 'num': 362, 'source_class': None, 'source_method': None},
 {'clss': 'Lcom/google/ads/interactivemedia/v3/impl/data/zzab;',
  'method': 'toString()Ljava/lang/String;',
  'name': ['AAID'],
  'num': 422,
  'source_class': 'Ljava/lang/StringBuilder;',
  'source_method': 'toString()Ljava/lang/String;'},
 {'clss': 'Lcom/google/ads/interactivemedia/v3/impl/data/JavaScriptMsgData;',
  'method': 'toString()Ljava/lang/String;',
  'name': ['AAID'],
  'num': 326,
  'source_class': 'Ljava/lang/StringBuilder;',
  'source_method': 'toString()Ljava/lang/String;'},
 {'clss': 'Lcom/google/ads/interactivemedia/v3/internal/zzff;',
  'method': 'toString()Ljava/lang/String;',
  'name': ['AAID', 'UUID'],
  'num': 395,
  'source_class': 'Ljava/lang/String;',
  'source_method': 'format(Ljava/lang/String;[Ljava/lang/Object;)Ljava/lang/String;'},
 {'clss': 'Lcom/google/ads/interactivemedia/v3/internal/zzft;',
  'method': 'zzf(Ljava/lang/String;Ljava/lang/String;)V',
  'name': ['AAID', 'UUID'],
  'num': 396,
  'source_class': 'Ljava/lang/StringBuilder;',
  'source_method': 'toString()Ljava/lang/String;'},
 {'clss': 'Lcom/google/ads/interactivemedia/v3/impl/data/zzab;', 'method': 'url()Ljava/lang/String;', 'name': ['AAID'], 'num': 432, 'source_class': None, 'source_method': None},
 {'clss': 'Lcom/google/ads/interactivemedia/v3/internal/zzwm;',
  'method': 'zzf(Ljava/lang/Object;)Ljava/lang/String;',
  'name': ['UUID'],
  'num': 1237,
  'source_class': 'Ljava/io/StringWriter;',
  'source_method': 'toString()Ljava/lang/String;'},
 {'clss': 'Lcom/google/ads/interactivemedia/v3/internal/zzff;',
  'method': 'zzg()Ljava/lang/String;',
  'name': ['UUID'],
  'num': 500,
  'source_class': 'Ljava/lang/String;',
  'source_method': 'format(Ljava/lang/String;[Ljava/lang/Object;)Ljava/lang/String;'},
 {'clss': 'Lcom/google/ads/interactivemedia/v3/internal/zzff;',
  'method': 'toString()Ljava/lang/String;',
  'name': ['UUID'],
  'num': 395,
  'source_class': 'Ljava/lang/String;',
  'source_method': 'format(Ljava/lang/String;[Ljava/lang/Object;)Ljava/lang/String;'},
 {'clss': 'Lcom/google/ads/interactivemedia/v3/internal/zzft;',
  'method': 'zzd(Lcom/google/ads/interactivemedia/v3/internal/zzff;)V',
  'name': ['UUID'],
  'num': 266,
  'source_class': 'Ljava/lang/StringBuilder;',
  'source_method': 'toString()Ljava/lang/String;'},
 {'clss': 'Lcom/google/ads/interactivemedia/v3/internal/zzfp;',
  'method': 'onPostMessage(Landroid/webkit/WebView;Landroidx/webkit/WebMessageCompat;Landroid/net/Uri;ZLandroidx/webkit/JavaScriptReplyProxy;)V',
  'name': ['UUID'],
  'num': 29,
  'source_class': 'Landroidx/webkit/WebMessageCompat;',
  'source_method': 'getData()Ljava/lang/String;'},
 {'clss': 'Lcom/google/ads/interactivemedia/v3/internal/zzff;',
  'method': 'zzd(Ljava/lang/String;)Lcom/google/ads/interactivemedia/v3/internal/zzff;',
  'name': ['UUID'],
  'num': 194,
  'source_class': None,
  'source_method': None},
 {'clss': 'Lcom/google/ads/interactivemedia/v3/internal/zzff;',
  'method': 'zzd(Ljava/lang/String;)Lcom/google/ads/interactivemedia/v3/internal/zzff;',
  'name': ['UUID'],
  'num': 216,
  'source_class': None,
  'source_method': None},
 {'clss': 'Lcom/google/ads/interactivemedia/v3/internal/zzff;',
  'method': 'toString()Ljava/lang/String;',
  'name': ['UUID'],
  'num': 395,
  'source_class': 'Ljava/lang/String;',
  'source_method': 'format(Ljava/lang/String;[Ljava/lang/Object;)Ljava/lang/String;'},
 {'clss': 'Lcom/google/ads/interactivemedia/v3/internal/zzft;',
  'method': 'zzf(Ljava/lang/String;Ljava/lang/String;)V',
  'name': ['UUID'],
  'num': 396,
  'source_class': 'Ljava/lang/StringBuilder;',
  'source_method': 'toString()Ljava/lang/String;'},
 {'clss': 'Lcom/google/ads/interactivemedia/v3/internal/zzwm;',
  'method': 'zzf(Ljava/lang/Object;)Ljava/lang/String;',
  'name': ['UUID'],
  'num': 1237,
  'source_class': 'Ljava/io/StringWriter;',
  'source_method': 'toString()Ljava/lang/String;'},
 {'clss': 'Lcom/google/ads/interactivemedia/v3/internal/zzff;',
  'method': 'zzg()Ljava/lang/String;',
  'name': ['UUID'],
  'num': 500,
  'source_class': 'Ljava/lang/String;',
  'source_method': 'format(Ljava/lang/String;[Ljava/lang/Object;)Ljava/lang/String;'},
 {'clss': 'Lcom/google/ads/interactivemedia/v3/internal/zzff;',
  'method': 'toString()Ljava/lang/String;',
  'name': ['UUID'],
  'num': 395,
  'source_class': 'Ljava/lang/String;',
  'source_method': 'format(Ljava/lang/String;[Ljava/lang/Object;)Ljava/lang/String;'},
 {'clss': 'Lcom/google/ads/interactivemedia/v3/internal/zzft;',
  'method': 'zzd(Lcom/google/ads/interactivemedia/v3/internal/zzff;)V',
  'name': ['UUID'],
  'num': 266,
  'source_class': 'Ljava/lang/StringBuilder;',
  'source_method': 'toString()Ljava/lang/String;'},
 {'clss': 'Lcom/google/ads/interactivemedia/v3/internal/zzwm;',
  'method': 'zzf(Ljava/lang/Object;)Ljava/lang/String;',
  'name': ['UUID'],
  'num': 1237,
  'source_class': 'Ljava/io/StringWriter;',
  'source_method': 'toString()Ljava/lang/String;'},
 {'clss': 'Lcom/google/ads/interactivemedia/v3/internal/zzff;',
  'method': 'zzg()Ljava/lang/String;',
  'name': ['UUID'],
  'num': 500,
  'source_class': 'Ljava/lang/String;',
  'source_method': 'format(Ljava/lang/String;[Ljava/lang/Object;)Ljava/lang/String;'},
 {'clss': 'Lcom/google/ads/interactivemedia/v3/internal/zzff;',
  'method': 'toString()Ljava/lang/String;',
  'name': ['UUID'],
  'num': 395,
  'source_class': 'Ljava/lang/String;',
  'source_method': 'format(Ljava/lang/String;[Ljava/lang/Object;)Ljava/lang/String;'},
 {'clss': 'Lcom/google/ads/interactivemedia/v3/internal/zzft;',
  'method': 'zzd(Lcom/google/ads/interactivemedia/v3/internal/zzff;)V',
  'name': ['UUID'],
  'num': 266,
  'source_class': 'Ljava/lang/StringBuilder;',
  'source_method': 'toString()Ljava/lang/String;'},
 {'clss': 'Lcom/google/ads/interactivemedia/v3/internal/zzfp;',
  'method': 'onPostMessage(Landroid/webkit/WebView;Landroidx/webkit/WebMessageCompat;Landroid/net/Uri;ZLandroidx/webkit/JavaScriptReplyProxy;)V',
  'name': ['UUID'],
  'num': 29,
  'source_class': 'Landroidx/webkit/WebMessageCompat;',
  'source_method': 'getData()Ljava/lang/String;'},
 {'clss': 'Lcom/google/ads/interactivemedia/v3/internal/zzff;',
  'method': 'zzd(Ljava/lang/String;)Lcom/google/ads/interactivemedia/v3/internal/zzff;',
  'name': ['UUID'],
  'num': 194,
  'source_class': None,
  'source_method': None},
 {'clss': 'Lcom/google/ads/interactivemedia/v3/internal/zzff;',
  'method': 'zzd(Ljava/lang/String;)Lcom/google/ads/interactivemedia/v3/internal/zzff;',
  'name': ['UUID'],
  'num': 216,
  'source_class': None,
  'source_method': None},
 {'clss': 'Lcom/google/ads/interactivemedia/v3/internal/zzff;',
  'method': 'toString()Ljava/lang/String;',
  'name': ['UUID'],
  'num': 395,
  'source_class': 'Ljava/lang/String;',
  'source_method': 'format(Ljava/lang/String;[Ljava/lang/Object;)Ljava/lang/String;'},
 {'clss': 'Lcom/google/ads/interactivemedia/v3/internal/zzft;',
  'method': 'zzf(Ljava/lang/String;Ljava/lang/String;)V',
  'name': ['UUID'],
  'num': 396,
  'source_class': 'Ljava/lang/StringBuilder;',
  'source_method': 'toString()Ljava/lang/String;'},
 {'clss': 'Lcom/google/ads/interactivemedia/v3/internal/zzwm;',
  'method': 'zzf(Ljava/lang/Object;)Ljava/lang/String;',
  'name': ['UUID'],
  'num': 1237,
  'source_class': 'Ljava/io/StringWriter;',
  'source_method': 'toString()Ljava/lang/String;'},
 {'clss': 'Lcom/google/ads/interactivemedia/v3/internal/zzff;',
  'method': 'zzg()Ljava/lang/String;',
  'name': ['UUID'],
  'num': 500,
  'source_class': 'Ljava/lang/String;',
  'source_method': 'format(Ljava/lang/String;[Ljava/lang/Object;)Ljava/lang/String;'},
 {'clss': 'Lcom/google/ads/interactivemedia/v3/internal/zzff;',
  'method': 'toString()Ljava/lang/String;',
  'name': ['UUID'],
  'num': 395,
  'source_class': 'Ljava/lang/String;',
  'source_method': 'format(Ljava/lang/String;[Ljava/lang/Object;)Ljava/lang/String;'},
 {'clss': 'Lcom/google/ads/interactivemedia/v3/internal/zzft;',
  'method': 'zzd(Lcom/google/ads/interactivemedia/v3/internal/zzff;)V',
  'name': ['UUID'],
  'num': 266,
  'source_class': 'Ljava/lang/StringBuilder;',
  'source_method': 'toString()Ljava/lang/String;'},
 {'clss': 'Lcom/google/ads/interactivemedia/v3/internal/zzfp;',
  'method': 'onPostMessage(Landroid/webkit/WebView;Landroidx/webkit/WebMessageCompat;Landroid/net/Uri;ZLandroidx/webkit/JavaScriptReplyProxy;)V',
  'name': ['UUID'],
  'num': 29,
  'source_class': 'Landroidx/webkit/WebMessageCompat;',
  'source_method': 'getData()Ljava/lang/String;'},
 {'clss': 'Lcom/google/ads/interactivemedia/v3/internal/zzff;',
  'method': 'zzd(Ljava/lang/String;)Lcom/google/ads/interactivemedia/v3/internal/zzff;',
  'name': ['UUID'],
  'num': 194,
  'source_class': None,
  'source_method': None},
 {'clss': 'Lcom/google/ads/interactivemedia/v3/internal/zzff;',
  'method': 'zzd(Ljava/lang/String;)Lcom/google/ads/interactivemedia/v3/internal/zzff;',
  'name': ['UUID'],
  'num': 216,
  'source_class': None,
  'source_method': None},
 {'clss': 'Lcom/google/ads/interactivemedia/v3/internal/zzff;',
  'method': 'toString()Ljava/lang/String;',
  'name': ['UUID'],
  'num': 395,
  'source_class': 'Ljava/lang/String;',
  'source_method': 'format(Ljava/lang/String;[Ljava/lang/Object;)Ljava/lang/String;'},
 {'clss': 'Lcom/google/ads/interactivemedia/v3/internal/zzft;',
  'method': 'zzf(Ljava/lang/String;Ljava/lang/String;)V',
  'name': ['UUID'],
  'num': 396,
  'source_class': 'Ljava/lang/StringBuilder;',
  'source_method': 'toString()Ljava/lang/String;'},
 {'clss': 'Lcom/google/ads/interactivemedia/v3/internal/zzfp;',
  'method': 'onPostMessage(Landroid/webkit/WebView;Landroidx/webkit/WebMessageCompat;Landroid/net/Uri;ZLandroidx/webkit/JavaScriptReplyProxy;)V',
  'name': ['UUID'],
  'num': 29,
  'source_class': 'Landroidx/webkit/WebMessageCompat;',
  'source_method': 'getData()Ljava/lang/String;'},
 {'clss': 'Lcom/google/ads/interactivemedia/v3/internal/zzff;',
  'method': 'zzd(Ljava/lang/String;)Lcom/google/ads/interactivemedia/v3/internal/zzff;',
  'name': ['UUID'],
  'num': 194,
  'source_class': None,
  'source_method': None},
 {'clss': 'Lcom/google/ads/interactivemedia/v3/internal/zzff;',
  'method': 'zzd(Ljava/lang/String;)Lcom/google/ads/interactivemedia/v3/internal/zzff;',
  'name': ['UUID'],
  'num': 216,
  'source_class': None,
  'source_method': None},
 {'clss': 'Lcom/google/ads/interactivemedia/v3/internal/zzff;',
  'method': 'toString()Ljava/lang/String;',
  'name': ['UUID'],
  'num': 395,
  'source_class': 'Ljava/lang/String;',
  'source_method': 'format(Ljava/lang/String;[Ljava/lang/Object;)Ljava/lang/String;'},
 {'clss': 'Lcom/google/ads/interactivemedia/v3/internal/zzft;',
  'method': 'zzf(Ljava/lang/String;Ljava/lang/String;)V',
  'name': ['UUID'],
  'num': 396,
  'source_class': 'Ljava/lang/StringBuilder;',
  'source_method': 'toString()Ljava/lang/String;'},
 {'clss': 'Lcom/google/ads/interactivemedia/v3/internal/zzfp;',
  'method': 'onPostMessage(Landroid/webkit/WebView;Landroidx/webkit/WebMessageCompat;Landroid/net/Uri;ZLandroidx/webkit/JavaScriptReplyProxy;)V',
  'name': ['UUID'],
  'num': 29,
  'source_class': 'Landroidx/webkit/WebMessageCompat;',
  'source_method': 'getData()Ljava/lang/String;'},
 {'clss': 'Lcom/google/ads/interactivemedia/v3/internal/zzff;',
  'method': 'zzd(Ljava/lang/String;)Lcom/google/ads/interactivemedia/v3/internal/zzff;',
  'name': ['UUID'],
  'num': 194,
  'source_class': None,
  'source_method': None},
 {'clss': 'Lcom/google/ads/interactivemedia/v3/internal/zzff;',
  'method': 'zzd(Ljava/lang/String;)Lcom/google/ads/interactivemedia/v3/internal/zzff;',
  'name': ['UUID'],
  'num': 216,
  'source_class': None,
  'source_method': None},
 {'clss': 'Lcom/google/ads/interactivemedia/v3/internal/zzff;',
  'method': 'toString()Ljava/lang/String;',
  'name': ['UUID'],
  'num': 395,
  'source_class': 'Ljava/lang/String;',
  'source_method': 'format(Ljava/lang/String;[Ljava/lang/Object;)Ljava/lang/String;'},
 {'clss': 'Lcom/google/ads/interactivemedia/v3/internal/zzft;',
  'method': 'zzf(Ljava/lang/String;Ljava/lang/String;)V',
  'name': ['UUID'],
  'num': 396,
  'source_class': 'Ljava/lang/StringBuilder;',
  'source_method': 'toString()Ljava/lang/String;'},
 {'clss': 'Lcom/google/ads/interactivemedia/v3/internal/zzfp;',
  'method': 'onPostMessage(Landroid/webkit/WebView;Landroidx/webkit/WebMessageCompat;Landroid/net/Uri;ZLandroidx/webkit/JavaScriptReplyProxy;)V',
  'name': ['UUID'],
  'num': 29,
  'source_class': 'Landroidx/webkit/WebMessageCompat;',
  'source_method': 'getData()Ljava/lang/String;'},
 {'clss': 'Lcom/google/ads/interactivemedia/v3/internal/zzff;',
  'method': 'zzd(Ljava/lang/String;)Lcom/google/ads/interactivemedia/v3/internal/zzff;',
  'name': ['UUID'],
  'num': 194,
  'source_class': None,
  'source_method': None},
 {'clss': 'Lcom/google/ads/interactivemedia/v3/internal/zzff;',
  'method': 'zzd(Ljava/lang/String;)Lcom/google/ads/interactivemedia/v3/internal/zzff;',
  'name': ['UUID'],
  'num': 216,
  'source_class': None,
  'source_method': None},
 {'clss': 'Lcom/google/ads/interactivemedia/v3/internal/zzff;',
  'method': 'toString()Ljava/lang/String;',
  'name': ['UUID'],
  'num': 395,
  'source_class': 'Ljava/lang/String;',
  'source_method': 'format(Ljava/lang/String;[Ljava/lang/Object;)Ljava/lang/String;'},
 {'clss': 'Lcom/google/ads/interactivemedia/v3/internal/zzft;',
  'method': 'zzf(Ljava/lang/String;Ljava/lang/String;)V',
  'name': ['UUID'],
  'num': 396,
  'source_class': 'Ljava/lang/StringBuilder;',
  'source_method': 'toString()Ljava/lang/String;'},
 {'clss': 'Lcom/google/ads/interactivemedia/v3/internal/zzfp;',
  'method': 'onPostMessage(Landroid/webkit/WebView;Landroidx/webkit/WebMessageCompat;Landroid/net/Uri;ZLandroidx/webkit/JavaScriptReplyProxy;)V',
  'name': ['UUID'],
  'num': 29,
  'source_class': 'Landroidx/webkit/WebMessageCompat;',
  'source_method': 'getData()Ljava/lang/String;'},
 {'clss': 'Lcom/google/ads/interactivemedia/v3/internal/zzff;',
  'method': 'zzd(Ljava/lang/String;)Lcom/google/ads/interactivemedia/v3/internal/zzff;',
  'name': ['UUID'],
  'num': 194,
  'source_class': None,
  'source_method': None},
 {'clss': 'Lcom/google/ads/interactivemedia/v3/internal/zzff;',
  'method': 'zzd(Ljava/lang/String;)Lcom/google/ads/interactivemedia/v3/internal/zzff;',
  'name': ['UUID'],
  'num': 216,
  'source_class': None,
  'source_method': None},
 {'clss': 'Lcom/google/ads/interactivemedia/v3/internal/zzff;',
  'method': 'toString()Ljava/lang/String;',
  'name': ['UUID'],
  'num': 395,
  'source_class': 'Ljava/lang/String;',
  'source_method': 'format(Ljava/lang/String;[Ljava/lang/Object;)Ljava/lang/String;'},
 {'clss': 'Lcom/google/ads/interactivemedia/v3/internal/zzft;',
  'method': 'zzf(Ljava/lang/String;Ljava/lang/String;)V',
  'name': ['UUID'],
  'num': 396,
  'source_class': 'Ljava/lang/StringBuilder;',
  'source_method': 'toString()Ljava/lang/String;'},
 {'clss': 'Lcom/google/ads/interactivemedia/v3/internal/zzfp;',
  'method': 'onPostMessage(Landroid/webkit/WebView;Landroidx/webkit/WebMessageCompat;Landroid/net/Uri;ZLandroidx/webkit/JavaScriptReplyProxy;)V',
  'name': ['UUID'],
  'num': 29,
  'source_class': 'Landroidx/webkit/WebMessageCompat;',
  'source_method': 'getData()Ljava/lang/String;'},
 {'clss': 'Lcom/google/ads/interactivemedia/v3/internal/zzff;',
  'method': 'zzd(Ljava/lang/String;)Lcom/google/ads/interactivemedia/v3/internal/zzff;',
  'name': ['UUID'],
  'num': 194,
  'source_class': None,
  'source_method': None},
 {'clss': 'Lcom/google/ads/interactivemedia/v3/internal/zzff;',
  'method': 'zzd(Ljava/lang/String;)Lcom/google/ads/interactivemedia/v3/internal/zzff;',
  'name': ['UUID'],
  'num': 216,
  'source_class': None,
  'source_method': None},
 {'clss': 'Lcom/google/ads/interactivemedia/v3/internal/zzff;',
  'method': 'toString()Ljava/lang/String;',
  'name': ['UUID'],
  'num': 395,
  'source_class': 'Ljava/lang/String;',
  'source_method': 'format(Ljava/lang/String;[Ljava/lang/Object;)Ljava/lang/String;'},
 {'clss': 'Lcom/google/ads/interactivemedia/v3/internal/zzft;',
  'method': 'zzf(Ljava/lang/String;Ljava/lang/String;)V',
  'name': ['UUID'],
  'num': 396,
  'source_class': 'Ljava/lang/StringBuilder;',
  'source_method': 'toString()Ljava/lang/String;'},
 {'clss': 'Lcom/google/ads/interactivemedia/v3/internal/zzfp;',
  'method': 'onPostMessage(Landroid/webkit/WebView;Landroidx/webkit/WebMessageCompat;Landroid/net/Uri;ZLandroidx/webkit/JavaScriptReplyProxy;)V',
  'name': ['UUID'],
  'num': 29,
  'source_class': 'Landroidx/webkit/WebMessageCompat;',
  'source_method': 'getData()Ljava/lang/String;'},
 {'clss': 'Lcom/google/ads/interactivemedia/v3/internal/zzff;',
  'method': 'zzd(Ljava/lang/String;)Lcom/google/ads/interactivemedia/v3/internal/zzff;',
  'name': ['UUID'],
  'num': 194,
  'source_class': None,
  'source_method': None},
 {'clss': 'Lcom/google/ads/interactivemedia/v3/internal/zzff;',
  'method': 'zzd(Ljava/lang/String;)Lcom/google/ads/interactivemedia/v3/internal/zzff;',
  'name': ['UUID'],
  'num': 216,
  'source_class': None,
  'source_method': None},
 {'clss': 'Lcom/google/ads/interactivemedia/v3/internal/zzff;',
  'method': 'toString()Ljava/lang/String;',
  'name': ['UUID'],
  'num': 395,
  'source_class': 'Ljava/lang/String;',
  'source_method': 'format(Ljava/lang/String;[Ljava/lang/Object;)Ljava/lang/String;'},
 {'clss': 'Lcom/google/ads/interactivemedia/v3/internal/zzft;',
  'method': 'zzf(Ljava/lang/String;Ljava/lang/String;)V',
  'name': ['UUID'],
  'num': 396,
  'source_class': 'Ljava/lang/StringBuilder;',
  'source_method': 'toString()Ljava/lang/String;'},
 {'clss': 'Lcom/google/ads/interactivemedia/v3/internal/zzwm;',
  'method': 'zzf(Ljava/lang/Object;)Ljava/lang/String;',
  'name': ['UUID'],
  'num': 1237,
  'source_class': 'Ljava/io/StringWriter;',
  'source_method': 'toString()Ljava/lang/String;'},
 {'clss': 'Lcom/google/ads/interactivemedia/v3/internal/zzff;',
  'method': 'zzg()Ljava/lang/String;',
  'name': ['UUID'],
  'num': 500,
  'source_class': 'Ljava/lang/String;',
  'source_method': 'format(Ljava/lang/String;[Ljava/lang/Object;)Ljava/lang/String;'},
 {'clss': 'Lcom/google/ads/interactivemedia/v3/internal/zzff;',
  'method': 'toString()Ljava/lang/String;',
  'name': ['UUID'],
  'num': 395,
  'source_class': 'Ljava/lang/String;',
  'source_method': 'format(Ljava/lang/String;[Ljava/lang/Object;)Ljava/lang/String;'},
 {'clss': 'Lcom/google/ads/interactivemedia/v3/internal/zzft;',
  'method': 'zzd(Lcom/google/ads/interactivemedia/v3/internal/zzff;)V',
  'name': ['UUID'],
  'num': 266,
  'source_class': 'Ljava/lang/StringBuilder;',
  'source_method': 'toString()Ljava/lang/String;'},
 {'clss': 'Lcom/google/ads/interactivemedia/v3/internal/zzwm;',
  'method': 'zzf(Ljava/lang/Object;)Ljava/lang/String;',
  'name': ['UUID'],
  'num': 1237,
  'source_class': 'Ljava/io/StringWriter;',
  'source_method': 'toString()Ljava/lang/String;'},
 {'clss': 'Lcom/google/ads/interactivemedia/v3/internal/zzff;',
  'method': 'zzg()Ljava/lang/String;',
  'name': ['UUID'],
  'num': 500,
  'source_class': 'Ljava/lang/String;',
  'source_method': 'format(Ljava/lang/String;[Ljava/lang/Object;)Ljava/lang/String;'},
 {'clss': 'Lcom/google/ads/interactivemedia/v3/internal/zzff;',
  'method': 'toString()Ljava/lang/String;',
  'name': ['UUID'],
  'num': 395,
  'source_class': 'Ljava/lang/String;',
  'source_method': 'format(Ljava/lang/String;[Ljava/lang/Object;)Ljava/lang/String;'},
 {'clss': 'Lcom/google/ads/interactivemedia/v3/internal/zzft;',
  'method': 'zzd(Lcom/google/ads/interactivemedia/v3/internal/zzff;)V',
  'name': ['UUID'],
  'num': 266,
  'source_class': 'Ljava/lang/StringBuilder;',
  'source_method': 'toString()Ljava/lang/String;'},
 {'clss': 'Lcom/google/ads/interactivemedia/v3/internal/zzwm;',
  'method': 'zzf(Ljava/lang/Object;)Ljava/lang/String;',
  'name': ['UUID'],
  'num': 1237,
  'source_class': 'Ljava/io/StringWriter;',
  'source_method': 'toString()Ljava/lang/String;'},
 {'clss': 'Lcom/google/ads/interactivemedia/v3/internal/zzff;',
  'method': 'zzg()Ljava/lang/String;',
  'name': ['UUID'],
  'num': 500,
  'source_class': 'Ljava/lang/String;',
  'source_method': 'format(Ljava/lang/String;[Ljava/lang/Object;)Ljava/lang/String;'},
 {'clss': 'Lcom/google/ads/interactivemedia/v3/internal/zzff;',
  'method': 'toString()Ljava/lang/String;',
  'name': ['UUID'],
  'num': 395,
  'source_class': 'Ljava/lang/String;',
  'source_method': 'format(Ljava/lang/String;[Ljava/lang/Object;)Ljava/lang/String;'},
 {'clss': 'Lcom/google/ads/interactivemedia/v3/internal/zzft;',
  'method': 'zzd(Lcom/google/ads/interactivemedia/v3/internal/zzff;)V',
  'name': ['UUID'],
  'num': 266,
  'source_class': 'Ljava/lang/StringBuilder;',
  'source_method': 'toString()Ljava/lang/String;'},
 {'clss': 'Lcom/google/ads/interactivemedia/v3/internal/zzfp;',
  'method': 'onPostMessage(Landroid/webkit/WebView;Landroidx/webkit/WebMessageCompat;Landroid/net/Uri;ZLandroidx/webkit/JavaScriptReplyProxy;)V',
  'name': ['UUID'],
  'num': 29,
  'source_class': 'Landroidx/webkit/WebMessageCompat;',
  'source_method': 'getData()Ljava/lang/String;'},
 {'clss': 'Lcom/google/ads/interactivemedia/v3/internal/zzff;',
  'method': 'zzd(Ljava/lang/String;)Lcom/google/ads/interactivemedia/v3/internal/zzff;',
  'name': ['UUID'],
  'num': 194,
  'source_class': None,
  'source_method': None},
 {'clss': 'Lcom/google/ads/interactivemedia/v3/internal/zzff;',
  'method': 'zzd(Ljava/lang/String;)Lcom/google/ads/interactivemedia/v3/internal/zzff;',
  'name': ['UUID'],
  'num': 216,
  'source_class': None,
  'source_method': None},
 {'clss': 'Lcom/google/ads/interactivemedia/v3/internal/zzff;',
  'method': 'toString()Ljava/lang/String;',
  'name': ['UUID'],
  'num': 395,
  'source_class': 'Ljava/lang/String;',
  'source_method': 'format(Ljava/lang/String;[Ljava/lang/Object;)Ljava/lang/String;'},
 {'clss': 'Lcom/google/ads/interactivemedia/v3/internal/zzft;',
  'method': 'zzf(Ljava/lang/String;Ljava/lang/String;)V',
  'name': ['UUID'],
  'num': 396,
  'source_class': 'Ljava/lang/StringBuilder;',
  'source_method': 'toString()Ljava/lang/String;'},
 {'clss': 'Lcom/google/ads/interactivemedia/v3/internal/zzfp;',
  'method': 'onPostMessage(Landroid/webkit/WebView;Landroidx/webkit/WebMessageCompat;Landroid/net/Uri;ZLandroidx/webkit/JavaScriptReplyProxy;)V',
  'name': ['UUID'],
  'num': 29,
  'source_class': 'Landroidx/webkit/WebMessageCompat;',
  'source_method': 'getData()Ljava/lang/String;'},
 {'clss': 'Lcom/google/ads/interactivemedia/v3/internal/zzff;',
  'method': 'zzd(Ljava/lang/String;)Lcom/google/ads/interactivemedia/v3/internal/zzff;',
  'name': ['UUID'],
  'num': 194,
  'source_class': None,
  'source_method': None},
 {'clss': 'Lcom/google/ads/interactivemedia/v3/internal/zzff;',
  'method': 'zzd(Ljava/lang/String;)Lcom/google/ads/interactivemedia/v3/internal/zzff;',
  'name': ['UUID'],
  'num': 216,
  'source_class': None,
  'source_method': None},
 {'clss': 'Lcom/google/ads/interactivemedia/v3/internal/zzff;',
  'method': 'toString()Ljava/lang/String;',
  'name': ['UUID'],
  'num': 395,
  'source_class': 'Ljava/lang/String;',
  'source_method': 'format(Ljava/lang/String;[Ljava/lang/Object;)Ljava/lang/String;'},
 {'clss': 'Lcom/google/ads/interactivemedia/v3/internal/zzft;',
  'method': 'zzf(Ljava/lang/String;Ljava/lang/String;)V',
  'name': ['UUID'],
  'num': 396,
  'source_class': 'Ljava/lang/StringBuilder;',
  'source_method': 'toString()Ljava/lang/String;'},
 {'clss': 'Lcom/google/ads/interactivemedia/v3/internal/zzfp;',
  'method': 'onPostMessage(Landroid/webkit/WebView;Landroidx/webkit/WebMessageCompat;Landroid/net/Uri;ZLandroidx/webkit/JavaScriptReplyProxy;)V',
  'name': ['UUID'],
  'num': 29,
  'source_class': 'Landroidx/webkit/WebMessageCompat;',
  'source_method': 'getData()Ljava/lang/String;'},
 {'clss': 'Lcom/google/ads/interactivemedia/v3/internal/zzff;',
  'method': 'zzd(Ljava/lang/String;)Lcom/google/ads/interactivemedia/v3/internal/zzff;',
  'name': ['UUID'],
  'num': 194,
  'source_class': None,
  'source_method': None},
 {'clss': 'Lcom/google/ads/interactivemedia/v3/internal/zzff;',
  'method': 'zzd(Ljava/lang/String;)Lcom/google/ads/interactivemedia/v3/internal/zzff;',
  'name': ['UUID'],
  'num': 216,
  'source_class': None,
  'source_method': None},
 {'clss': 'Lcom/google/ads/interactivemedia/v3/internal/zzff;',
  'method': 'toString()Ljava/lang/String;',
  'name': ['UUID'],
  'num': 395,
  'source_class': 'Ljava/lang/String;',
  'source_method': 'format(Ljava/lang/String;[Ljava/lang/Object;)Ljava/lang/String;'},
 {'clss': 'Lcom/google/ads/interactivemedia/v3/internal/zzft;',
  'method': 'zzf(Ljava/lang/String;Ljava/lang/String;)V',
  'name': ['UUID'],
  'num': 396,
  'source_class': 'Ljava/lang/StringBuilder;',
  'source_method': 'toString()Ljava/lang/String;'},
 {'clss': 'Lcom/google/ads/interactivemedia/v3/internal/zzfp;',
  'method': 'onPostMessage(Landroid/webkit/WebView;Landroidx/webkit/WebMessageCompat;Landroid/net/Uri;ZLandroidx/webkit/JavaScriptReplyProxy;)V',
  'name': ['UUID'],
  'num': 29,
  'source_class': 'Landroidx/webkit/WebMessageCompat;',
  'source_method': 'getData()Ljava/lang/String;'},
 {'clss': 'Lcom/google/ads/interactivemedia/v3/internal/zzff;',
  'method': 'zzd(Ljava/lang/String;)Lcom/google/ads/interactivemedia/v3/internal/zzff;',
  'name': ['UUID'],
  'num': 194,
  'source_class': None,
  'source_method': None},
 {'clss': 'Lcom/google/ads/interactivemedia/v3/internal/zzff;',
  'method': 'zzd(Ljava/lang/String;)Lcom/google/ads/interactivemedia/v3/internal/zzff;',
  'name': ['UUID'],
  'num': 216,
  'source_class': None,
  'source_method': None},
 {'clss': 'Lcom/google/ads/interactivemedia/v3/internal/zzff;',
  'method': 'toString()Ljava/lang/String;',
  'name': ['UUID'],
  'num': 395,
  'source_class': 'Ljava/lang/String;',
  'source_method': 'format(Ljava/lang/String;[Ljava/lang/Object;)Ljava/lang/String;'},
 {'clss': 'Lcom/google/ads/interactivemedia/v3/internal/zzft;',
  'method': 'zzf(Ljava/lang/String;Ljava/lang/String;)V',
  'name': ['UUID'],
  'num': 396,
  'source_class': 'Ljava/lang/StringBuilder;',
  'source_method': 'toString()Ljava/lang/String;'},
 {'clss': 'Lcom/google/ads/interactivemedia/omid/library/adsession/zze;',
  'method': '<init>(Lcom/google/ads/interactivemedia/omid/library/adsession/zzb;Lcom/google/ads/interactivemedia/omid/library/adsession/zzc;)V',
  'name': ['UUID'],
  'num': 69,
  'source_class': 'Ljava/util/UUID;',
  'source_method': 'toString()Ljava/lang/String;'},
 {'clss': 'Lcom/google/ads/interactivemedia/v3/internal/zzcc;',
  'method': 'zzb(Landroid/webkit/WebView;Ljava/lang/String;[Ljava/lang/Object;)V',
  'name': ['UUID'],
  'num': 160,
  'source_class': 'Ljava/lang/StringBuilder;',
  'source_method': 'toString()Ljava/lang/String;'},
 {'clss': 'Lcom/google/ads/interactivemedia/v3/internal/zzfp;',
  'method': 'onPostMessage(Landroid/webkit/WebView;Landroidx/webkit/WebMessageCompat;Landroid/net/Uri;ZLandroidx/webkit/JavaScriptReplyProxy;)V',
  'name': ['UUID'],
  'num': 29,
  'source_class': 'Landroidx/webkit/WebMessageCompat;',
  'source_method': 'getData()Ljava/lang/String;'},
 {'clss': 'Lcom/google/ads/interactivemedia/v3/internal/zzff;',
  'method': 'zzd(Ljava/lang/String;)Lcom/google/ads/interactivemedia/v3/internal/zzff;',
  'name': ['UUID'],
  'num': 194,
  'source_class': None,
  'source_method': None},
 {'clss': 'Lcom/google/ads/interactivemedia/v3/internal/zzff;',
  'method': 'zzd(Ljava/lang/String;)Lcom/google/ads/interactivemedia/v3/internal/zzff;',
  'name': ['UUID'],
  'num': 216,
  'source_class': None,
  'source_method': None},
 {'clss': 'Lcom/google/ads/interactivemedia/v3/internal/zzff;',
  'method': 'toString()Ljava/lang/String;',
  'name': ['UUID'],
  'num': 395,
  'source_class': 'Ljava/lang/String;',
  'source_method': 'format(Ljava/lang/String;[Ljava/lang/Object;)Ljava/lang/String;'},
 {'clss': 'Lcom/google/ads/interactivemedia/v3/internal/zzft;',
  'method': 'zzf(Ljava/lang/String;Ljava/lang/String;)V',
  'name': ['UUID'],
  'num': 396,
  'source_class': 'Ljava/lang/StringBuilder;',
  'source_method': 'toString()Ljava/lang/String;'},
 {'clss': 'Lcom/google/ads/interactivemedia/v3/internal/zzfp;',
  'method': 'onPostMessage(Landroid/webkit/WebView;Landroidx/webkit/WebMessageCompat;Landroid/net/Uri;ZLandroidx/webkit/JavaScriptReplyProxy;)V',
  'name': ['UUID'],
  'num': 29,
  'source_class': 'Landroidx/webkit/WebMessageCompat;',
  'source_method': 'getData()Ljava/lang/String;'},
 {'clss': 'Lcom/google/ads/interactivemedia/v3/internal/zzff;',
  'method': 'zzd(Ljava/lang/String;)Lcom/google/ads/interactivemedia/v3/internal/zzff;',
  'name': ['UUID'],
  'num': 194,
  'source_class': None,
  'source_method': None},
 {'clss': 'Lcom/google/ads/interactivemedia/v3/internal/zzff;',
  'method': 'zzd(Ljava/lang/String;)Lcom/google/ads/interactivemedia/v3/internal/zzff;',
  'name': ['UUID'],
  'num': 216,
  'source_class': None,
  'source_method': None},
 {'clss': 'Lcom/google/ads/interactivemedia/v3/internal/zzff;',
  'method': 'toString()Ljava/lang/String;',
  'name': ['UUID'],
  'num': 395,
  'source_class': 'Ljava/lang/String;',
  'source_method': 'format(Ljava/lang/String;[Ljava/lang/Object;)Ljava/lang/String;'},
 {'clss': 'Lcom/google/ads/interactivemedia/v3/internal/zzft;',
  'method': 'zzf(Ljava/lang/String;Ljava/lang/String;)V',
  'name': ['UUID'],
  'num': 396,
  'source_class': 'Ljava/lang/StringBuilder;',
  'source_method': 'toString()Ljava/lang/String;'},
 {'clss': 'Lcom/google/ads/interactivemedia/v3/internal/zzfp;',
  'method': 'onPostMessage(Landroid/webkit/WebView;Landroidx/webkit/WebMessageCompat;Landroid/net/Uri;ZLandroidx/webkit/JavaScriptReplyProxy;)V',
  'name': ['UUID'],
  'num': 29,
  'source_class': 'Landroidx/webkit/WebMessageCompat;',
  'source_method': 'getData()Ljava/lang/String;'},
 {'clss': 'Lcom/google/ads/interactivemedia/v3/internal/zzff;',
  'method': 'zzd(Ljava/lang/String;)Lcom/google/ads/interactivemedia/v3/internal/zzff;',
  'name': ['UUID'],
  'num': 194,
  'source_class': None,
  'source_method': None},
 {'clss': 'Lcom/google/ads/interactivemedia/v3/internal/zzff;',
  'method': 'zzd(Ljava/lang/String;)Lcom/google/ads/interactivemedia/v3/internal/zzff;',
  'name': ['UUID'],
  'num': 216,
  'source_class': None,
  'source_method': None},
 {'clss': 'Lcom/google/ads/interactivemedia/v3/internal/zzff;',
  'method': 'toString()Ljava/lang/String;',
  'name': ['UUID'],
  'num': 395,
  'source_class': 'Ljava/lang/String;',
  'source_method': 'format(Ljava/lang/String;[Ljava/lang/Object;)Ljava/lang/String;'},
 {'clss': 'Lcom/google/ads/interactivemedia/v3/internal/zzft;',
  'method': 'zzf(Ljava/lang/String;Ljava/lang/String;)V',
  'name': ['UUID'],
  'num': 396,
  'source_class': 'Ljava/lang/StringBuilder;',
  'source_method': 'toString()Ljava/lang/String;'},
 {'clss': 'Lcom/google/ads/interactivemedia/v3/internal/zzfp;',
  'method': 'onPostMessage(Landroid/webkit/WebView;Landroidx/webkit/WebMessageCompat;Landroid/net/Uri;ZLandroidx/webkit/JavaScriptReplyProxy;)V',
  'name': ['UUID'],
  'num': 29,
  'source_class': 'Landroidx/webkit/WebMessageCompat;',
  'source_method': 'getData()Ljava/lang/String;'},
 {'clss': 'Lcom/google/ads/interactivemedia/v3/internal/zzff;',
  'method': 'zzd(Ljava/lang/String;)Lcom/google/ads/interactivemedia/v3/internal/zzff;',
  'name': ['UUID'],
  'num': 194,
  'source_class': None,
  'source_method': None},
 {'clss': 'Lcom/google/ads/interactivemedia/v3/internal/zzff;',
  'method': 'zzd(Ljava/lang/String;)Lcom/google/ads/interactivemedia/v3/internal/zzff;',
  'name': ['UUID'],
  'num': 216,
  'source_class': None,
  'source_method': None},
 {'clss': 'Lcom/google/ads/interactivemedia/v3/internal/zzff;',
  'method': 'toString()Ljava/lang/String;',
  'name': ['UUID'],
  'num': 395,
  'source_class': 'Ljava/lang/String;',
  'source_method': 'format(Ljava/lang/String;[Ljava/lang/Object;)Ljava/lang/String;'},
 {'clss': 'Lcom/google/ads/interactivemedia/v3/internal/zzft;',
  'method': 'zzf(Ljava/lang/String;Ljava/lang/String;)V',
  'name': ['UUID'],
  'num': 396,
  'source_class': 'Ljava/lang/StringBuilder;',
  'source_method': 'toString()Ljava/lang/String;'},
 {'clss': 'Lcom/google/ads/interactivemedia/v3/internal/zzfp;',
  'method': 'onPostMessage(Landroid/webkit/WebView;Landroidx/webkit/WebMessageCompat;Landroid/net/Uri;ZLandroidx/webkit/JavaScriptReplyProxy;)V',
  'name': ['UUID'],
  'num': 29,
  'source_class': 'Landroidx/webkit/WebMessageCompat;',
  'source_method': 'getData()Ljava/lang/String;'},
 {'clss': 'Lcom/google/ads/interactivemedia/v3/internal/zzff;',
  'method': 'zzd(Ljava/lang/String;)Lcom/google/ads/interactivemedia/v3/internal/zzff;',
  'name': ['UUID'],
  'num': 194,
  'source_class': None,
  'source_method': None},
 {'clss': 'Lcom/google/ads/interactivemedia/v3/internal/zzff;',
  'method': 'zzd(Ljava/lang/String;)Lcom/google/ads/interactivemedia/v3/internal/zzff;',
  'name': ['UUID'],
  'num': 216,
  'source_class': None,
  'source_method': None},
 {'clss': 'Lcom/google/ads/interactivemedia/v3/internal/zzff;',
  'method': 'toString()Ljava/lang/String;',
  'name': ['UUID'],
  'num': 395,
  'source_class': 'Ljava/lang/String;',
  'source_method': 'format(Ljava/lang/String;[Ljava/lang/Object;)Ljava/lang/String;'},
 {'clss': 'Lcom/google/ads/interactivemedia/v3/internal/zzft;',
  'method': 'zzf(Ljava/lang/String;Ljava/lang/String;)V',
  'name': ['UUID'],
  'num': 396,
  'source_class': 'Ljava/lang/StringBuilder;',
  'source_method': 'toString()Ljava/lang/String;'},
 {'clss': 'Lcom/google/ads/interactivemedia/v3/internal/zzfp;',
  'method': 'onPostMessage(Landroid/webkit/WebView;Landroidx/webkit/WebMessageCompat;Landroid/net/Uri;ZLandroidx/webkit/JavaScriptReplyProxy;)V',
  'name': ['UUID'],
  'num': 29,
  'source_class': 'Landroidx/webkit/WebMessageCompat;',
  'source_method': 'getData()Ljava/lang/String;'},
 {'clss': 'Lcom/google/ads/interactivemedia/v3/internal/zzff;',
  'method': 'zzd(Ljava/lang/String;)Lcom/google/ads/interactivemedia/v3/internal/zzff;',
  'name': ['UUID'],
  'num': 194,
  'source_class': None,
  'source_method': None},
 {'clss': 'Lcom/google/ads/interactivemedia/v3/internal/zzff;',
  'method': 'zzd(Ljava/lang/String;)Lcom/google/ads/interactivemedia/v3/internal/zzff;',
  'name': ['UUID'],
  'num': 216,
  'source_class': None,
  'source_method': None},
 {'clss': 'Lcom/google/ads/interactivemedia/v3/internal/zzff;',
  'method': 'toString()Ljava/lang/String;',
  'name': ['UUID'],
  'num': 395,
  'source_class': 'Ljava/lang/String;',
  'source_method': 'format(Ljava/lang/String;[Ljava/lang/Object;)Ljava/lang/String;'},
 {'clss': 'Lcom/google/ads/interactivemedia/v3/internal/zzft;',
  'method': 'zzf(Ljava/lang/String;Ljava/lang/String;)V',
  'name': ['UUID'],
  'num': 396,
  'source_class': 'Ljava/lang/StringBuilder;',
  'source_method': 'toString()Ljava/lang/String;'},
 {'clss': 'Lcom/google/ads/interactivemedia/v3/internal/zzfp;',
  'method': 'onPostMessage(Landroid/webkit/WebView;Landroidx/webkit/WebMessageCompat;Landroid/net/Uri;ZLandroidx/webkit/JavaScriptReplyProxy;)V',
  'name': ['UUID'],
  'num': 29,
  'source_class': 'Landroidx/webkit/WebMessageCompat;',
  'source_method': 'getData()Ljava/lang/String;'},
 {'clss': 'Lcom/google/ads/interactivemedia/v3/internal/zzff;',
  'method': 'zzd(Ljava/lang/String;)Lcom/google/ads/interactivemedia/v3/internal/zzff;',
  'name': ['UUID'],
  'num': 194,
  'source_class': None,
  'source_method': None},
 {'clss': 'Lcom/google/ads/interactivemedia/v3/internal/zzff;',
  'method': 'zzd(Ljava/lang/String;)Lcom/google/ads/interactivemedia/v3/internal/zzff;',
  'name': ['UUID'],
  'num': 216,
  'source_class': None,
  'source_method': None},
 {'clss': 'Lcom/google/ads/interactivemedia/v3/internal/zzff;',
  'method': 'toString()Ljava/lang/String;',
  'name': ['UUID'],
  'num': 395,
  'source_class': 'Ljava/lang/String;',
  'source_method': 'format(Ljava/lang/String;[Ljava/lang/Object;)Ljava/lang/String;'},
 {'clss': 'Lcom/google/ads/interactivemedia/v3/internal/zzft;',
  'method': 'zzf(Ljava/lang/String;Ljava/lang/String;)V',
  'name': ['UUID'],
  'num': 396,
  'source_class': 'Ljava/lang/StringBuilder;',
  'source_method': 'toString()Ljava/lang/String;'},
 {'clss': 'Lcom/google/ads/interactivemedia/v3/internal/zzfp;',
  'method': 'onPostMessage(Landroid/webkit/WebView;Landroidx/webkit/WebMessageCompat;Landroid/net/Uri;ZLandroidx/webkit/JavaScriptReplyProxy;)V',
  'name': ['UUID'],
  'num': 29,
  'source_class': 'Landroidx/webkit/WebMessageCompat;',
  'source_method': 'getData()Ljava/lang/String;'},
 {'clss': 'Lcom/google/ads/interactivemedia/v3/internal/zzff;',
  'method': 'zzd(Ljava/lang/String;)Lcom/google/ads/interactivemedia/v3/internal/zzff;',
  'name': ['UUID'],
  'num': 194,
  'source_class': None,
  'source_method': None},
 {'clss': 'Lcom/google/ads/interactivemedia/v3/internal/zzff;',
  'method': 'zzd(Ljava/lang/String;)Lcom/google/ads/interactivemedia/v3/internal/zzff;',
  'name': ['UUID'],
  'num': 216,
  'source_class': None,
  'source_method': None},
 {'clss': 'Lcom/google/ads/interactivemedia/v3/internal/zzff;',
  'method': 'toString()Ljava/lang/String;',
  'name': ['UUID'],
  'num': 395,
  'source_class': 'Ljava/lang/String;',
  'source_method': 'format(Ljava/lang/String;[Ljava/lang/Object;)Ljava/lang/String;'},
 {'clss': 'Lcom/google/ads/interactivemedia/v3/internal/zzft;',
  'method': 'zzf(Ljava/lang/String;Ljava/lang/String;)V',
  'name': ['UUID'],
  'num': 396,
  'source_class': 'Ljava/lang/StringBuilder;',
  'source_method': 'toString()Ljava/lang/String;'},
 {'clss': 'Lcom/google/ads/interactivemedia/v3/internal/zzfp;',
  'method': 'onPostMessage(Landroid/webkit/WebView;Landroidx/webkit/WebMessageCompat;Landroid/net/Uri;ZLandroidx/webkit/JavaScriptReplyProxy;)V',
  'name': ['UUID'],
  'num': 29,
  'source_class': 'Landroidx/webkit/WebMessageCompat;',
  'source_method': 'getData()Ljava/lang/String;'},
 {'clss': 'Lcom/google/ads/interactivemedia/v3/internal/zzff;',
  'method': 'zzd(Ljava/lang/String;)Lcom/google/ads/interactivemedia/v3/internal/zzff;',
  'name': ['UUID'],
  'num': 194,
  'source_class': None,
  'source_method': None},
 {'clss': 'Lcom/google/ads/interactivemedia/v3/internal/zzff;',
  'method': 'zzd(Ljava/lang/String;)Lcom/google/ads/interactivemedia/v3/internal/zzff;',
  'name': ['UUID'],
  'num': 216,
  'source_class': None,
  'source_method': None},
 {'clss': 'Lcom/google/ads/interactivemedia/v3/internal/zzff;',
  'method': 'toString()Ljava/lang/String;',
  'name': ['UUID'],
  'num': 395,
  'source_class': 'Ljava/lang/String;',
  'source_method': 'format(Ljava/lang/String;[Ljava/lang/Object;)Ljava/lang/String;'},
 {'clss': 'Lcom/google/ads/interactivemedia/v3/internal/zzft;',
  'method': 'zzf(Ljava/lang/String;Ljava/lang/String;)V',
  'name': ['UUID'],
  'num': 396,
  'source_class': 'Ljava/lang/StringBuilder;',
  'source_method': 'toString()Ljava/lang/String;'},
 {'clss': 'Lcom/google/ads/interactivemedia/v3/internal/zzfp;',
  'method': 'onPostMessage(Landroid/webkit/WebView;Landroidx/webkit/WebMessageCompat;Landroid/net/Uri;ZLandroidx/webkit/JavaScriptReplyProxy;)V',
  'name': ['UUID'],
  'num': 29,
  'source_class': 'Landroidx/webkit/WebMessageCompat;',
  'source_method': 'getData()Ljava/lang/String;'},
 {'clss': 'Lcom/google/ads/interactivemedia/v3/internal/zzff;',
  'method': 'zzd(Ljava/lang/String;)Lcom/google/ads/interactivemedia/v3/internal/zzff;',
  'name': ['UUID'],
  'num': 194,
  'source_class': None,
  'source_method': None},
 {'clss': 'Lcom/google/ads/interactivemedia/v3/internal/zzff;',
  'method': 'zzd(Ljava/lang/String;)Lcom/google/ads/interactivemedia/v3/internal/zzff;',
  'name': ['UUID'],
  'num': 216,
  'source_class': None,
  'source_method': None},
 {'clss': 'Lcom/google/ads/interactivemedia/v3/internal/zzff;',
  'method': 'toString()Ljava/lang/String;',
  'name': ['UUID'],
  'num': 395,
  'source_class': 'Ljava/lang/String;',
  'source_method': 'format(Ljava/lang/String;[Ljava/lang/Object;)Ljava/lang/String;'},
 {'clss': 'Lcom/google/ads/interactivemedia/v3/internal/zzft;',
  'method': 'zzf(Ljava/lang/String;Ljava/lang/String;)V',
  'name': ['UUID'],
  'num': 396,
  'source_class': 'Ljava/lang/StringBuilder;',
  'source_method': 'toString()Ljava/lang/String;'},
 {'clss': 'Lcom/google/ads/interactivemedia/v3/internal/zzfp;',
  'method': 'onPostMessage(Landroid/webkit/WebView;Landroidx/webkit/WebMessageCompat;Landroid/net/Uri;ZLandroidx/webkit/JavaScriptReplyProxy;)V',
  'name': ['UUID'],
  'num': 29,
  'source_class': 'Landroidx/webkit/WebMessageCompat;',
  'source_method': 'getData()Ljava/lang/String;'},
 {'clss': 'Lcom/google/ads/interactivemedia/v3/internal/zzff;',
  'method': 'zzd(Ljava/lang/String;)Lcom/google/ads/interactivemedia/v3/internal/zzff;',
  'name': ['UUID'],
  'num': 194,
  'source_class': None,
  'source_method': None},
 {'clss': 'Lcom/google/ads/interactivemedia/v3/internal/zzff;',
  'method': 'zzd(Ljava/lang/String;)Lcom/google/ads/interactivemedia/v3/internal/zzff;',
  'name': ['UUID'],
  'num': 216,
  'source_class': None,
  'source_method': None},
 {'clss': 'Lcom/google/ads/interactivemedia/v3/internal/zzff;',
  'method': 'toString()Ljava/lang/String;',
  'name': ['UUID'],
  'num': 395,
  'source_class': 'Ljava/lang/String;',
  'source_method': 'format(Ljava/lang/String;[Ljava/lang/Object;)Ljava/lang/String;'},
 {'clss': 'Lcom/google/ads/interactivemedia/v3/internal/zzft;',
  'method': 'zzf(Ljava/lang/String;Ljava/lang/String;)V',
  'name': ['UUID'],
  'num': 396,
  'source_class': 'Ljava/lang/StringBuilder;',
  'source_method': 'toString()Ljava/lang/String;'},
 {'clss': 'Lcom/google/ads/interactivemedia/v3/internal/zzfp;',
  'method': 'onPostMessage(Landroid/webkit/WebView;Landroidx/webkit/WebMessageCompat;Landroid/net/Uri;ZLandroidx/webkit/JavaScriptReplyProxy;)V',
  'name': ['UUID'],
  'num': 29,
  'source_class': 'Landroidx/webkit/WebMessageCompat;',
  'source_method': 'getData()Ljava/lang/String;'},
 {'clss': 'Lcom/google/ads/interactivemedia/v3/internal/zzff;',
  'method': 'zzd(Ljava/lang/String;)Lcom/google/ads/interactivemedia/v3/internal/zzff;',
  'name': ['UUID'],
  'num': 194,
  'source_class': None,
  'source_method': None},
 {'clss': 'Lcom/google/ads/interactivemedia/v3/internal/zzff;',
  'method': 'zzd(Ljava/lang/String;)Lcom/google/ads/interactivemedia/v3/internal/zzff;',
  'name': ['UUID'],
  'num': 216,
  'source_class': None,
  'source_method': None},
 {'clss': 'Lcom/google/ads/interactivemedia/v3/internal/zzff;',
  'method': 'toString()Ljava/lang/String;',
  'name': ['UUID'],
  'num': 395,
  'source_class': 'Ljava/lang/String;',
  'source_method': 'format(Ljava/lang/String;[Ljava/lang/Object;)Ljava/lang/String;'},
 {'clss': 'Lcom/google/ads/interactivemedia/v3/internal/zzft;',
  'method': 'zzf(Ljava/lang/String;Ljava/lang/String;)V',
  'name': ['UUID'],
  'num': 396,
  'source_class': 'Ljava/lang/StringBuilder;',
  'source_method': 'toString()Ljava/lang/String;'},
 {'clss': 'Lcom/google/ads/interactivemedia/v3/internal/zzfp;',
  'method': 'onPostMessage(Landroid/webkit/WebView;Landroidx/webkit/WebMessageCompat;Landroid/net/Uri;ZLandroidx/webkit/JavaScriptReplyProxy;)V',
  'name': ['UUID'],
  'num': 29,
  'source_class': 'Landroidx/webkit/WebMessageCompat;',
  'source_method': 'getData()Ljava/lang/String;'},
 {'clss': 'Lcom/google/ads/interactivemedia/v3/internal/zzff;',
  'method': 'zzd(Ljava/lang/String;)Lcom/google/ads/interactivemedia/v3/internal/zzff;',
  'name': ['UUID'],
  'num': 194,
  'source_class': None,
  'source_method': None},
 {'clss': 'Lcom/google/ads/interactivemedia/v3/internal/zzff;',
  'method': 'zzd(Ljava/lang/String;)Lcom/google/ads/interactivemedia/v3/internal/zzff;',
  'name': ['UUID'],
  'num': 216,
  'source_class': None,
  'source_method': None},
 {'clss': 'Lcom/google/ads/interactivemedia/v3/internal/zzff;',
  'method': 'toString()Ljava/lang/String;',
  'name': ['UUID'],
  'num': 395,
  'source_class': 'Ljava/lang/String;',
  'source_method': 'format(Ljava/lang/String;[Ljava/lang/Object;)Ljava/lang/String;'},
 {'clss': 'Lcom/google/ads/interactivemedia/v3/internal/zzft;',
  'method': 'zzf(Ljava/lang/String;Ljava/lang/String;)V',
  'name': ['UUID'],
  'num': 396,
  'source_class': 'Ljava/lang/StringBuilder;',
  'source_method': 'toString()Ljava/lang/String;'},
 {'clss': 'Lcom/google/ads/interactivemedia/v3/internal/zzfp;',
  'method': 'onPostMessage(Landroid/webkit/WebView;Landroidx/webkit/WebMessageCompat;Landroid/net/Uri;ZLandroidx/webkit/JavaScriptReplyProxy;)V',
  'name': ['UUID'],
  'num': 29,
  'source_class': 'Landroidx/webkit/WebMessageCompat;',
  'source_method': 'getData()Ljava/lang/String;'},
 {'clss': 'Lcom/google/ads/interactivemedia/v3/internal/zzff;',
  'method': 'zzd(Ljava/lang/String;)Lcom/google/ads/interactivemedia/v3/internal/zzff;',
  'name': ['UUID'],
  'num': 194,
  'source_class': None,
  'source_method': None},
 {'clss': 'Lcom/google/ads/interactivemedia/v3/internal/zzff;',
  'method': 'zzd(Ljava/lang/String;)Lcom/google/ads/interactivemedia/v3/internal/zzff;',
  'name': ['UUID'],
  'num': 216,
  'source_class': None,
  'source_method': None},
 {'clss': 'Lcom/google/ads/interactivemedia/v3/internal/zzff;',
  'method': 'toString()Ljava/lang/String;',
  'name': ['UUID'],
  'num': 395,
  'source_class': 'Ljava/lang/String;',
  'source_method': 'format(Ljava/lang/String;[Ljava/lang/Object;)Ljava/lang/String;'},
 {'clss': 'Lcom/google/ads/interactivemedia/v3/internal/zzft;',
  'method': 'zzf(Ljava/lang/String;Ljava/lang/String;)V',
  'name': ['UUID'],
  'num': 396,
  'source_class': 'Ljava/lang/StringBuilder;',
  'source_method': 'toString()Ljava/lang/String;'},
 {'clss': 'Lcom/google/ads/interactivemedia/v3/internal/zzfp;',
  'method': 'onPostMessage(Landroid/webkit/WebView;Landroidx/webkit/WebMessageCompat;Landroid/net/Uri;ZLandroidx/webkit/JavaScriptReplyProxy;)V',
  'name': ['UUID'],
  'num': 29,
  'source_class': 'Landroidx/webkit/WebMessageCompat;',
  'source_method': 'getData()Ljava/lang/String;'},
 {'clss': 'Lcom/google/ads/interactivemedia/v3/internal/zzff;',
  'method': 'zzd(Ljava/lang/String;)Lcom/google/ads/interactivemedia/v3/internal/zzff;',
  'name': ['UUID'],
  'num': 194,
  'source_class': None,
  'source_method': None},
 {'clss': 'Lcom/google/ads/interactivemedia/v3/internal/zzff;',
  'method': 'zzd(Ljava/lang/String;)Lcom/google/ads/interactivemedia/v3/internal/zzff;',
  'name': ['UUID'],
  'num': 216,
  'source_class': None,
  'source_method': None},
 {'clss': 'Lcom/google/ads/interactivemedia/v3/internal/zzff;',
  'method': 'toString()Ljava/lang/String;',
  'name': ['UUID'],
  'num': 395,
  'source_class': 'Ljava/lang/String;',
  'source_method': 'format(Ljava/lang/String;[Ljava/lang/Object;)Ljava/lang/String;'},
 {'clss': 'Lcom/google/ads/interactivemedia/v3/internal/zzft;',
  'method': 'zzf(Ljava/lang/String;Ljava/lang/String;)V',
  'name': ['UUID'],
  'num': 396,
  'source_class': 'Ljava/lang/StringBuilder;',
  'source_method': 'toString()Ljava/lang/String;'},
 {'clss': 'Lcom/google/ads/interactivemedia/v3/internal/zzfp;',
  'method': 'onPostMessage(Landroid/webkit/WebView;Landroidx/webkit/WebMessageCompat;Landroid/net/Uri;ZLandroidx/webkit/JavaScriptReplyProxy;)V',
  'name': ['UUID'],
  'num': 29,
  'source_class': 'Landroidx/webkit/WebMessageCompat;',
  'source_method': 'getData()Ljava/lang/String;'},
 {'clss': 'Lcom/google/ads/interactivemedia/v3/internal/zzff;',
  'method': 'zzd(Ljava/lang/String;)Lcom/google/ads/interactivemedia/v3/internal/zzff;',
  'name': ['UUID'],
  'num': 194,
  'source_class': None,
  'source_method': None},
 {'clss': 'Lcom/google/ads/interactivemedia/v3/internal/zzff;',
  'method': 'zzd(Ljava/lang/String;)Lcom/google/ads/interactivemedia/v3/internal/zzff;',
  'name': ['UUID'],
  'num': 216,
  'source_class': None,
  'source_method': None},
 {'clss': 'Lcom/google/ads/interactivemedia/v3/internal/zzff;',
  'method': 'toString()Ljava/lang/String;',
  'name': ['UUID'],
  'num': 395,
  'source_class': 'Ljava/lang/String;',
  'source_method': 'format(Ljava/lang/String;[Ljava/lang/Object;)Ljava/lang/String;'},
 {'clss': 'Lcom/google/ads/interactivemedia/v3/internal/zzft;',
  'method': 'zzf(Ljava/lang/String;Ljava/lang/String;)V',
  'name': ['UUID'],
  'num': 396,
  'source_class': 'Ljava/lang/StringBuilder;',
  'source_method': 'toString()Ljava/lang/String;'},
 {'clss': 'Lcom/google/ads/interactivemedia/v3/internal/zzfp;',
  'method': 'onPostMessage(Landroid/webkit/WebView;Landroidx/webkit/WebMessageCompat;Landroid/net/Uri;ZLandroidx/webkit/JavaScriptReplyProxy;)V',
  'name': ['UUID'],
  'num': 29,
  'source_class': 'Landroidx/webkit/WebMessageCompat;',
  'source_method': 'getData()Ljava/lang/String;'},
 {'clss': 'Lcom/google/ads/interactivemedia/v3/internal/zzff;',
  'method': 'zzd(Ljava/lang/String;)Lcom/google/ads/interactivemedia/v3/internal/zzff;',
  'name': ['UUID'],
  'num': 194,
  'source_class': None,
  'source_method': None},
 {'clss': 'Lcom/google/ads/interactivemedia/v3/internal/zzff;',
  'method': 'zzd(Ljava/lang/String;)Lcom/google/ads/interactivemedia/v3/internal/zzff;',
  'name': ['UUID'],
  'num': 216,
  'source_class': None,
  'source_method': None},
 {'clss': 'Lcom/google/ads/interactivemedia/v3/internal/zzff;',
  'method': 'toString()Ljava/lang/String;',
  'name': ['UUID'],
  'num': 395,
  'source_class': 'Ljava/lang/String;',
  'source_method': 'format(Ljava/lang/String;[Ljava/lang/Object;)Ljava/lang/String;'},
 {'clss': 'Lcom/google/ads/interactivemedia/v3/internal/zzft;',
  'method': 'zzf(Ljava/lang/String;Ljava/lang/String;)V',
  'name': ['UUID'],
  'num': 396,
  'source_class': 'Ljava/lang/StringBuilder;',
  'source_method': 'toString()Ljava/lang/String;'},
 {'clss': 'Lcom/google/ads/interactivemedia/v3/internal/zzfp;',
  'method': 'onPostMessage(Landroid/webkit/WebView;Landroidx/webkit/WebMessageCompat;Landroid/net/Uri;ZLandroidx/webkit/JavaScriptReplyProxy;)V',
  'name': ['UUID'],
  'num': 29,
  'source_class': 'Landroidx/webkit/WebMessageCompat;',
  'source_method': 'getData()Ljava/lang/String;'},
 {'clss': 'Lcom/google/ads/interactivemedia/v3/internal/zzff;',
  'method': 'zzd(Ljava/lang/String;)Lcom/google/ads/interactivemedia/v3/internal/zzff;',
  'name': ['UUID'],
  'num': 194,
  'source_class': None,
  'source_method': None},
 {'clss': 'Lcom/google/ads/interactivemedia/v3/internal/zzff;',
  'method': 'zzd(Ljava/lang/String;)Lcom/google/ads/interactivemedia/v3/internal/zzff;',
  'name': ['UUID'],
  'num': 216,
  'source_class': None,
  'source_method': None},
 {'clss': 'Lcom/google/ads/interactivemedia/v3/internal/zzff;',
  'method': 'toString()Ljava/lang/String;',
  'name': ['UUID'],
  'num': 395,
  'source_class': 'Ljava/lang/String;',
  'source_method': 'format(Ljava/lang/String;[Ljava/lang/Object;)Ljava/lang/String;'},
 {'clss': 'Lcom/google/ads/interactivemedia/v3/internal/zzft;',
  'method': 'zzf(Ljava/lang/String;Ljava/lang/String;)V',
  'name': ['UUID'],
  'num': 396,
  'source_class': 'Ljava/lang/StringBuilder;',
  'source_method': 'toString()Ljava/lang/String;'},
 {'clss': 'Lcom/google/ads/interactivemedia/v3/internal/zzfp;',
  'method': 'onPostMessage(Landroid/webkit/WebView;Landroidx/webkit/WebMessageCompat;Landroid/net/Uri;ZLandroidx/webkit/JavaScriptReplyProxy;)V',
  'name': ['UUID'],
  'num': 29,
  'source_class': 'Landroidx/webkit/WebMessageCompat;',
  'source_method': 'getData()Ljava/lang/String;'},
 {'clss': 'Lcom/google/ads/interactivemedia/v3/internal/zzff;',
  'method': 'zzd(Ljava/lang/String;)Lcom/google/ads/interactivemedia/v3/internal/zzff;',
  'name': ['UUID'],
  'num': 194,
  'source_class': None,
  'source_method': None},
 {'clss': 'Lcom/google/ads/interactivemedia/v3/internal/zzff;',
  'method': 'zzd(Ljava/lang/String;)Lcom/google/ads/interactivemedia/v3/internal/zzff;',
  'name': ['UUID'],
  'num': 216,
  'source_class': None,
  'source_method': None},
 {'clss': 'Lcom/google/ads/interactivemedia/v3/internal/zzff;',
  'method': 'toString()Ljava/lang/String;',
  'name': ['UUID'],
  'num': 395,
  'source_class': 'Ljava/lang/String;',
  'source_method': 'format(Ljava/lang/String;[Ljava/lang/Object;)Ljava/lang/String;'},
 {'clss': 'Lcom/google/ads/interactivemedia/v3/internal/zzft;',
  'method': 'zzf(Ljava/lang/String;Ljava/lang/String;)V',
  'name': ['UUID'],
  'num': 396,
  'source_class': 'Ljava/lang/StringBuilder;',
  'source_method': 'toString()Ljava/lang/String;'},
 {'clss': 'Lcom/google/ads/interactivemedia/v3/internal/zzfp;',
  'method': 'onPostMessage(Landroid/webkit/WebView;Landroidx/webkit/WebMessageCompat;Landroid/net/Uri;ZLandroidx/webkit/JavaScriptReplyProxy;)V',
  'name': ['UUID'],
  'num': 29,
  'source_class': 'Landroidx/webkit/WebMessageCompat;',
  'source_method': 'getData()Ljava/lang/String;'},
 {'clss': 'Lcom/google/ads/interactivemedia/v3/internal/zzff;',
  'method': 'zzd(Ljava/lang/String;)Lcom/google/ads/interactivemedia/v3/internal/zzff;',
  'name': ['UUID'],
  'num': 194,
  'source_class': None,
  'source_method': None},
 {'clss': 'Lcom/google/ads/interactivemedia/v3/internal/zzff;',
  'method': 'zzd(Ljava/lang/String;)Lcom/google/ads/interactivemedia/v3/internal/zzff;',
  'name': ['UUID'],
  'num': 216,
  'source_class': None,
  'source_method': None},
 {'clss': 'Lcom/google/ads/interactivemedia/v3/internal/zzff;',
  'method': 'toString()Ljava/lang/String;',
  'name': ['UUID'],
  'num': 395,
  'source_class': 'Ljava/lang/String;',
  'source_method': 'format(Ljava/lang/String;[Ljava/lang/Object;)Ljava/lang/String;'},
 {'clss': 'Lcom/google/ads/interactivemedia/v3/internal/zzft;',
  'method': 'zzf(Ljava/lang/String;Ljava/lang/String;)V',
  'name': ['UUID'],
  'num': 396,
  'source_class': 'Ljava/lang/StringBuilder;',
  'source_method': 'toString()Ljava/lang/String;'},
 {'clss': 'Lcom/google/ads/interactivemedia/v3/internal/zzfp;',
  'method': 'onPostMessage(Landroid/webkit/WebView;Landroidx/webkit/WebMessageCompat;Landroid/net/Uri;ZLandroidx/webkit/JavaScriptReplyProxy;)V',
  'name': ['UUID'],
  'num': 29,
  'source_class': 'Landroidx/webkit/WebMessageCompat;',
  'source_method': 'getData()Ljava/lang/String;'},
 {'clss': 'Lcom/google/ads/interactivemedia/v3/internal/zzff;',
  'method': 'zzd(Ljava/lang/String;)Lcom/google/ads/interactivemedia/v3/internal/zzff;',
  'name': ['UUID'],
  'num': 194,
  'source_class': None,
  'source_method': None},
 {'clss': 'Lcom/google/ads/interactivemedia/v3/internal/zzff;',
  'method': 'zzd(Ljava/lang/String;)Lcom/google/ads/interactivemedia/v3/internal/zzff;',
  'name': ['UUID'],
  'num': 216,
  'source_class': None,
  'source_method': None},
 {'clss': 'Lcom/google/ads/interactivemedia/v3/internal/zzff;',
  'method': 'toString()Ljava/lang/String;',
  'name': ['UUID'],
  'num': 395,
  'source_class': 'Ljava/lang/String;',
  'source_method': 'format(Ljava/lang/String;[Ljava/lang/Object;)Ljava/lang/String;'},
 {'clss': 'Lcom/google/ads/interactivemedia/v3/internal/zzft;',
  'method': 'zzf(Ljava/lang/String;Ljava/lang/String;)V',
  'name': ['UUID'],
  'num': 396,
  'source_class': 'Ljava/lang/StringBuilder;',
  'source_method': 'toString()Ljava/lang/String;'},
 {'clss': 'Lcom/google/ads/interactivemedia/v3/internal/zzfp;',
  'method': 'onPostMessage(Landroid/webkit/WebView;Landroidx/webkit/WebMessageCompat;Landroid/net/Uri;ZLandroidx/webkit/JavaScriptReplyProxy;)V',
  'name': ['UUID'],
  'num': 29,
  'source_class': 'Landroidx/webkit/WebMessageCompat;',
  'source_method': 'getData()Ljava/lang/String;'},
 {'clss': 'Lcom/google/ads/interactivemedia/v3/internal/zzff;',
  'method': 'zzd(Ljava/lang/String;)Lcom/google/ads/interactivemedia/v3/internal/zzff;',
  'name': ['UUID'],
  'num': 194,
  'source_class': None,
  'source_method': None},
 {'clss': 'Lcom/google/ads/interactivemedia/v3/internal/zzff;',
  'method': 'zzd(Ljava/lang/String;)Lcom/google/ads/interactivemedia/v3/internal/zzff;',
  'name': ['UUID'],
  'num': 216,
  'source_class': None,
  'source_method': None},
 {'clss': 'Lcom/google/ads/interactivemedia/v3/internal/zzff;',
  'method': 'toString()Ljava/lang/String;',
  'name': ['UUID'],
  'num': 395,
  'source_class': 'Ljava/lang/String;',
  'source_method': 'format(Ljava/lang/String;[Ljava/lang/Object;)Ljava/lang/String;'},
 {'clss': 'Lcom/google/ads/interactivemedia/v3/internal/zzft;',
  'method': 'zzf(Ljava/lang/String;Ljava/lang/String;)V',
  'name': ['UUID'],
  'num': 396,
  'source_class': 'Ljava/lang/StringBuilder;',
  'source_method': 'toString()Ljava/lang/String;'},
 {'clss': 'Lcom/google/ads/interactivemedia/v3/internal/zzfp;',
  'method': 'onPostMessage(Landroid/webkit/WebView;Landroidx/webkit/WebMessageCompat;Landroid/net/Uri;ZLandroidx/webkit/JavaScriptReplyProxy;)V',
  'name': ['UUID'],
  'num': 29,
  'source_class': 'Landroidx/webkit/WebMessageCompat;',
  'source_method': 'getData()Ljava/lang/String;'},
 {'clss': 'Lcom/google/ads/interactivemedia/v3/internal/zzff;',
  'method': 'zzd(Ljava/lang/String;)Lcom/google/ads/interactivemedia/v3/internal/zzff;',
  'name': ['UUID'],
  'num': 194,
  'source_class': None,
  'source_method': None},
 {'clss': 'Lcom/google/ads/interactivemedia/v3/internal/zzff;',
  'method': 'zzd(Ljava/lang/String;)Lcom/google/ads/interactivemedia/v3/internal/zzff;',
  'name': ['UUID'],
  'num': 216,
  'source_class': None,
  'source_method': None},
 {'clss': 'Lcom/google/ads/interactivemedia/v3/internal/zzff;',
  'method': 'toString()Ljava/lang/String;',
  'name': ['UUID'],
  'num': 395,
  'source_class': 'Ljava/lang/String;',
  'source_method': 'format(Ljava/lang/String;[Ljava/lang/Object;)Ljava/lang/String;'},
 {'clss': 'Lcom/google/ads/interactivemedia/v3/internal/zzft;',
  'method': 'zzf(Ljava/lang/String;Ljava/lang/String;)V',
  'name': ['UUID'],
  'num': 396,
  'source_class': 'Ljava/lang/StringBuilder;',
  'source_method': 'toString()Ljava/lang/String;'},
 {'clss': 'Lcom/google/ads/interactivemedia/v3/internal/zzfp;',
  'method': 'onPostMessage(Landroid/webkit/WebView;Landroidx/webkit/WebMessageCompat;Landroid/net/Uri;ZLandroidx/webkit/JavaScriptReplyProxy;)V',
  'name': ['UUID'],
  'num': 29,
  'source_class': 'Landroidx/webkit/WebMessageCompat;',
  'source_method': 'getData()Ljava/lang/String;'},
 {'clss': 'Lcom/google/ads/interactivemedia/v3/internal/zzff;',
  'method': 'zzd(Ljava/lang/String;)Lcom/google/ads/interactivemedia/v3/internal/zzff;',
  'name': ['UUID'],
  'num': 194,
  'source_class': None,
  'source_method': None},
 {'clss': 'Lcom/google/ads/interactivemedia/v3/internal/zzff;',
  'method': 'zzd(Ljava/lang/String;)Lcom/google/ads/interactivemedia/v3/internal/zzff;',
  'name': ['UUID'],
  'num': 216,
  'source_class': None,
  'source_method': None},
 {'clss': 'Lcom/google/ads/interactivemedia/v3/internal/zzff;',
  'method': 'toString()Ljava/lang/String;',
  'name': ['UUID'],
  'num': 395,
  'source_class': 'Ljava/lang/String;',
  'source_method': 'format(Ljava/lang/String;[Ljava/lang/Object;)Ljava/lang/String;'},
 {'clss': 'Lcom/google/ads/interactivemedia/v3/internal/zzft;',
  'method': 'zzf(Ljava/lang/String;Ljava/lang/String;)V',
  'name': ['UUID'],
  'num': 396,
  'source_class': 'Ljava/lang/StringBuilder;',
  'source_method': 'toString()Ljava/lang/String;'},
 {'clss': 'Lcom/google/ads/interactivemedia/v3/internal/zzfp;',
  'method': 'onPostMessage(Landroid/webkit/WebView;Landroidx/webkit/WebMessageCompat;Landroid/net/Uri;ZLandroidx/webkit/JavaScriptReplyProxy;)V',
  'name': ['UUID'],
  'num': 29,
  'source_class': 'Landroidx/webkit/WebMessageCompat;',
  'source_method': 'getData()Ljava/lang/String;'},
 {'clss': 'Lcom/google/ads/interactivemedia/v3/internal/zzff;',
  'method': 'zzd(Ljava/lang/String;)Lcom/google/ads/interactivemedia/v3/internal/zzff;',
  'name': ['UUID'],
  'num': 194,
  'source_class': None,
  'source_method': None},
 {'clss': 'Lcom/google/ads/interactivemedia/v3/internal/zzff;',
  'method': 'zzd(Ljava/lang/String;)Lcom/google/ads/interactivemedia/v3/internal/zzff;',
  'name': ['UUID'],
  'num': 216,
  'source_class': None,
  'source_method': None},
 {'clss': 'Lcom/google/ads/interactivemedia/v3/internal/zzff;',
  'method': 'toString()Ljava/lang/String;',
  'name': ['UUID'],
  'num': 395,
  'source_class': 'Ljava/lang/String;',
  'source_method': 'format(Ljava/lang/String;[Ljava/lang/Object;)Ljava/lang/String;'},
 {'clss': 'Lcom/google/ads/interactivemedia/v3/internal/zzft;',
  'method': 'zzf(Ljava/lang/String;Ljava/lang/String;)V',
  'name': ['UUID'],
  'num': 396,
  'source_class': 'Ljava/lang/StringBuilder;',
  'source_method': 'toString()Ljava/lang/String;'},
 {'clss': 'Lcom/google/ads/interactivemedia/v3/internal/zzfp;',
  'method': 'onPostMessage(Landroid/webkit/WebView;Landroidx/webkit/WebMessageCompat;Landroid/net/Uri;ZLandroidx/webkit/JavaScriptReplyProxy;)V',
  'name': ['UUID'],
  'num': 29,
  'source_class': 'Landroidx/webkit/WebMessageCompat;',
  'source_method': 'getData()Ljava/lang/String;'},
 {'clss': 'Lcom/google/ads/interactivemedia/v3/internal/zzff;',
  'method': 'zzd(Ljava/lang/String;)Lcom/google/ads/interactivemedia/v3/internal/zzff;',
  'name': ['UUID'],
  'num': 194,
  'source_class': None,
  'source_method': None},
 {'clss': 'Lcom/google/ads/interactivemedia/v3/internal/zzff;',
  'method': 'zzd(Ljava/lang/String;)Lcom/google/ads/interactivemedia/v3/internal/zzff;',
  'name': ['UUID'],
  'num': 216,
  'source_class': None,
  'source_method': None},
 {'clss': 'Lcom/google/ads/interactivemedia/v3/internal/zzff;',
  'method': 'toString()Ljava/lang/String;',
  'name': ['UUID'],
  'num': 395,
  'source_class': 'Ljava/lang/String;',
  'source_method': 'format(Ljava/lang/String;[Ljava/lang/Object;)Ljava/lang/String;'},
 {'clss': 'Lcom/google/ads/interactivemedia/v3/internal/zzft;',
  'method': 'zzf(Ljava/lang/String;Ljava/lang/String;)V',
  'name': ['UUID'],
  'num': 396,
  'source_class': 'Ljava/lang/StringBuilder;',
  'source_method': 'toString()Ljava/lang/String;'},
 {'clss': 'Lcom/google/ads/interactivemedia/v3/internal/zzfp;',
  'method': 'onPostMessage(Landroid/webkit/WebView;Landroidx/webkit/WebMessageCompat;Landroid/net/Uri;ZLandroidx/webkit/JavaScriptReplyProxy;)V',
  'name': ['UUID'],
  'num': 29,
  'source_class': 'Landroidx/webkit/WebMessageCompat;',
  'source_method': 'getData()Ljava/lang/String;'},
 {'clss': 'Lcom/google/ads/interactivemedia/v3/internal/zzff;',
  'method': 'zzd(Ljava/lang/String;)Lcom/google/ads/interactivemedia/v3/internal/zzff;',
  'name': ['UUID'],
  'num': 194,
  'source_class': None,
  'source_method': None},
 {'clss': 'Lcom/google/ads/interactivemedia/v3/internal/zzff;',
  'method': 'zzd(Ljava/lang/String;)Lcom/google/ads/interactivemedia/v3/internal/zzff;',
  'name': ['UUID'],
  'num': 216,
  'source_class': None,
  'source_method': None},
 {'clss': 'Lcom/google/ads/interactivemedia/v3/internal/zzff;',
  'method': 'toString()Ljava/lang/String;',
  'name': ['UUID'],
  'num': 395,
  'source_class': 'Ljava/lang/String;',
  'source_method': 'format(Ljava/lang/String;[Ljava/lang/Object;)Ljava/lang/String;'},
 {'clss': 'Lcom/google/ads/interactivemedia/v3/internal/zzft;',
  'method': 'zzf(Ljava/lang/String;Ljava/lang/String;)V',
  'name': ['UUID'],
  'num': 396,
  'source_class': 'Ljava/lang/StringBuilder;',
  'source_method': 'toString()Ljava/lang/String;'},
 {'clss': 'Lcom/google/ads/interactivemedia/v3/internal/zzfp;',
  'method': 'onPostMessage(Landroid/webkit/WebView;Landroidx/webkit/WebMessageCompat;Landroid/net/Uri;ZLandroidx/webkit/JavaScriptReplyProxy;)V',
  'name': ['UUID'],
  'num': 29,
  'source_class': 'Landroidx/webkit/WebMessageCompat;',
  'source_method': 'getData()Ljava/lang/String;'},
 {'clss': 'Lcom/google/ads/interactivemedia/v3/internal/zzff;',
  'method': 'zzd(Ljava/lang/String;)Lcom/google/ads/interactivemedia/v3/internal/zzff;',
  'name': ['UUID'],
  'num': 194,
  'source_class': None,
  'source_method': None},
 {'clss': 'Lcom/google/ads/interactivemedia/v3/internal/zzff;',
  'method': 'zzd(Ljava/lang/String;)Lcom/google/ads/interactivemedia/v3/internal/zzff;',
  'name': ['UUID'],
  'num': 216,
  'source_class': None,
  'source_method': None},
 {'clss': 'Lcom/google/ads/interactivemedia/v3/internal/zzff;',
  'method': 'toString()Ljava/lang/String;',
  'name': ['UUID'],
  'num': 395,
  'source_class': 'Ljava/lang/String;',
  'source_method': 'format(Ljava/lang/String;[Ljava/lang/Object;)Ljava/lang/String;'},
 {'clss': 'Lcom/google/ads/interactivemedia/v3/internal/zzft;',
  'method': 'zzf(Ljava/lang/String;Ljava/lang/String;)V',
  'name': ['UUID'],
  'num': 396,
  'source_class': 'Ljava/lang/StringBuilder;',
  'source_method': 'toString()Ljava/lang/String;'},
 {'clss': 'Lcom/google/ads/interactivemedia/v3/internal/zzfp;',
  'method': 'onPostMessage(Landroid/webkit/WebView;Landroidx/webkit/WebMessageCompat;Landroid/net/Uri;ZLandroidx/webkit/JavaScriptReplyProxy;)V',
  'name': ['UUID'],
  'num': 29,
  'source_class': 'Landroidx/webkit/WebMessageCompat;',
  'source_method': 'getData()Ljava/lang/String;'},
 {'clss': 'Lcom/google/ads/interactivemedia/v3/internal/zzff;',
  'method': 'zzd(Ljava/lang/String;)Lcom/google/ads/interactivemedia/v3/internal/zzff;',
  'name': ['UUID'],
  'num': 194,
  'source_class': None,
  'source_method': None},
 {'clss': 'Lcom/google/ads/interactivemedia/v3/internal/zzff;',
  'method': 'zzd(Ljava/lang/String;)Lcom/google/ads/interactivemedia/v3/internal/zzff;',
  'name': ['UUID'],
  'num': 216,
  'source_class': None,
  'source_method': None},
 {'clss': 'Lcom/google/ads/interactivemedia/v3/internal/zzff;',
  'method': 'toString()Ljava/lang/String;',
  'name': ['UUID'],
  'num': 395,
  'source_class': 'Ljava/lang/String;',
  'source_method': 'format(Ljava/lang/String;[Ljava/lang/Object;)Ljava/lang/String;'},
 {'clss': 'Lcom/google/ads/interactivemedia/v3/internal/zzft;',
  'method': 'zzf(Ljava/lang/String;Ljava/lang/String;)V',
  'name': ['UUID'],
  'num': 396,
  'source_class': 'Ljava/lang/StringBuilder;',
  'source_method': 'toString()Ljava/lang/String;'},
 {'clss': 'Lcom/google/ads/interactivemedia/v3/internal/zzfp;',
  'method': 'onPostMessage(Landroid/webkit/WebView;Landroidx/webkit/WebMessageCompat;Landroid/net/Uri;ZLandroidx/webkit/JavaScriptReplyProxy;)V',
  'name': ['UUID'],
  'num': 29,
  'source_class': 'Landroidx/webkit/WebMessageCompat;',
  'source_method': 'getData()Ljava/lang/String;'},
 {'clss': 'Lcom/google/ads/interactivemedia/v3/internal/zzff;',
  'method': 'zzd(Ljava/lang/String;)Lcom/google/ads/interactivemedia/v3/internal/zzff;',
  'name': ['UUID'],
  'num': 194,
  'source_class': None,
  'source_method': None},
 {'clss': 'Lcom/google/ads/interactivemedia/v3/internal/zzff;',
  'method': 'zzd(Ljava/lang/String;)Lcom/google/ads/interactivemedia/v3/internal/zzff;',
  'name': ['UUID'],
  'num': 216,
  'source_class': None,
  'source_method': None},
 {'clss': 'Lcom/google/ads/interactivemedia/v3/internal/zzff;',
  'method': 'toString()Ljava/lang/String;',
  'name': ['UUID'],
  'num': 395,
  'source_class': 'Ljava/lang/String;',
  'source_method': 'format(Ljava/lang/String;[Ljava/lang/Object;)Ljava/lang/String;'},
 {'clss': 'Lcom/google/ads/interactivemedia/v3/internal/zzft;',
  'method': 'zzf(Ljava/lang/String;Ljava/lang/String;)V',
  'name': ['UUID'],
  'num': 396,
  'source_class': 'Ljava/lang/StringBuilder;',
  'source_method': 'toString()Ljava/lang/String;'},
 {'clss': 'Lcom/google/ads/interactivemedia/v3/internal/zzfp;',
  'method': 'onPostMessage(Landroid/webkit/WebView;Landroidx/webkit/WebMessageCompat;Landroid/net/Uri;ZLandroidx/webkit/JavaScriptReplyProxy;)V',
  'name': ['UUID'],
  'num': 29,
  'source_class': 'Landroidx/webkit/WebMessageCompat;',
  'source_method': 'getData()Ljava/lang/String;'},
 {'clss': 'Lcom/google/ads/interactivemedia/v3/internal/zzff;',
  'method': 'zzd(Ljava/lang/String;)Lcom/google/ads/interactivemedia/v3/internal/zzff;',
  'name': ['UUID'],
  'num': 194,
  'source_class': None,
  'source_method': None},
 {'clss': 'Lcom/google/ads/interactivemedia/v3/internal/zzff;',
  'method': 'zzd(Ljava/lang/String;)Lcom/google/ads/interactivemedia/v3/internal/zzff;',
  'name': ['UUID'],
  'num': 216,
  'source_class': None,
  'source_method': None},
 {'clss': 'Lcom/google/ads/interactivemedia/v3/internal/zzff;',
  'method': 'toString()Ljava/lang/String;',
  'name': ['UUID'],
  'num': 395,
  'source_class': 'Ljava/lang/String;',
  'source_method': 'format(Ljava/lang/String;[Ljava/lang/Object;)Ljava/lang/String;'},
 {'clss': 'Lcom/google/ads/interactivemedia/v3/internal/zzft;',
  'method': 'zzf(Ljava/lang/String;Ljava/lang/String;)V',
  'name': ['UUID'],
  'num': 396,
  'source_class': 'Ljava/lang/StringBuilder;',
  'source_method': 'toString()Ljava/lang/String;'},
 {'clss': 'Lcom/google/ads/interactivemedia/v3/internal/zzfp;',
  'method': 'onPostMessage(Landroid/webkit/WebView;Landroidx/webkit/WebMessageCompat;Landroid/net/Uri;ZLandroidx/webkit/JavaScriptReplyProxy;)V',
  'name': ['UUID'],
  'num': 29,
  'source_class': 'Landroidx/webkit/WebMessageCompat;',
  'source_method': 'getData()Ljava/lang/String;'},
 {'clss': 'Lcom/google/ads/interactivemedia/v3/internal/zzff;',
  'method': 'zzd(Ljava/lang/String;)Lcom/google/ads/interactivemedia/v3/internal/zzff;',
  'name': ['UUID'],
  'num': 194,
  'source_class': None,
  'source_method': None},
 {'clss': 'Lcom/google/ads/interactivemedia/v3/internal/zzff;',
  'method': 'zzd(Ljava/lang/String;)Lcom/google/ads/interactivemedia/v3/internal/zzff;',
  'name': ['UUID'],
  'num': 216,
  'source_class': None,
  'source_method': None},
 {'clss': 'Lcom/google/ads/interactivemedia/v3/internal/zzff;',
  'method': 'toString()Ljava/lang/String;',
  'name': ['UUID'],
  'num': 395,
  'source_class': 'Ljava/lang/String;',
  'source_method': 'format(Ljava/lang/String;[Ljava/lang/Object;)Ljava/lang/String;'},
 {'clss': 'Lcom/google/ads/interactivemedia/v3/internal/zzft;',
  'method': 'zzf(Ljava/lang/String;Ljava/lang/String;)V',
  'name': ['UUID'],
  'num': 396,
  'source_class': 'Ljava/lang/StringBuilder;',
  'source_method': 'toString()Ljava/lang/String;'},
 {'clss': 'Lcom/google/ads/interactivemedia/v3/internal/zzfp;',
  'method': 'onPostMessage(Landroid/webkit/WebView;Landroidx/webkit/WebMessageCompat;Landroid/net/Uri;ZLandroidx/webkit/JavaScriptReplyProxy;)V',
  'name': ['UUID'],
  'num': 29,
  'source_class': 'Landroidx/webkit/WebMessageCompat;',
  'source_method': 'getData()Ljava/lang/String;'},
 {'clss': 'Lcom/google/ads/interactivemedia/v3/internal/zzff;',
  'method': 'zzd(Ljava/lang/String;)Lcom/google/ads/interactivemedia/v3/internal/zzff;',
  'name': ['UUID'],
  'num': 194,
  'source_class': None,
  'source_method': None},
 {'clss': 'Lcom/google/ads/interactivemedia/v3/internal/zzff;',
  'method': 'zzd(Ljava/lang/String;)Lcom/google/ads/interactivemedia/v3/internal/zzff;',
  'name': ['UUID'],
  'num': 216,
  'source_class': None,
  'source_method': None},
 {'clss': 'Lcom/google/ads/interactivemedia/v3/internal/zzff;',
  'method': 'toString()Ljava/lang/String;',
  'name': ['UUID'],
  'num': 395,
  'source_class': 'Ljava/lang/String;',
  'source_method': 'format(Ljava/lang/String;[Ljava/lang/Object;)Ljava/lang/String;'},
 {'clss': 'Lcom/google/ads/interactivemedia/v3/internal/zzft;',
  'method': 'zzf(Ljava/lang/String;Ljava/lang/String;)V',
  'name': ['UUID'],
  'num': 396,
  'source_class': 'Ljava/lang/StringBuilder;',
  'source_method': 'toString()Ljava/lang/String;'},
 {'clss': 'Lcom/google/ads/interactivemedia/v3/internal/zzfp;',
  'method': 'onPostMessage(Landroid/webkit/WebView;Landroidx/webkit/WebMessageCompat;Landroid/net/Uri;ZLandroidx/webkit/JavaScriptReplyProxy;)V',
  'name': ['UUID'],
  'num': 29,
  'source_class': 'Landroidx/webkit/WebMessageCompat;',
  'source_method': 'getData()Ljava/lang/String;'},
 {'clss': 'Lcom/google/ads/interactivemedia/v3/internal/zzff;',
  'method': 'zzd(Ljava/lang/String;)Lcom/google/ads/interactivemedia/v3/internal/zzff;',
  'name': ['UUID'],
  'num': 194,
  'source_class': None,
  'source_method': None},
 {'clss': 'Lcom/google/ads/interactivemedia/v3/internal/zzff;',
  'method': 'zzd(Ljava/lang/String;)Lcom/google/ads/interactivemedia/v3/internal/zzff;',
  'name': ['UUID'],
  'num': 216,
  'source_class': None,
  'source_method': None},
 {'clss': 'Lcom/google/ads/interactivemedia/v3/internal/zzff;',
  'method': 'toString()Ljava/lang/String;',
  'name': ['UUID'],
  'num': 395,
  'source_class': 'Ljava/lang/String;',
  'source_method': 'format(Ljava/lang/String;[Ljava/lang/Object;)Ljava/lang/String;'},
 {'clss': 'Lcom/google/ads/interactivemedia/v3/internal/zzft;',
  'method': 'zzf(Ljava/lang/String;Ljava/lang/String;)V',
  'name': ['UUID'],
  'num': 396,
  'source_class': 'Ljava/lang/StringBuilder;',
  'source_method': 'toString()Ljava/lang/String;'},
 {'clss': 'Lcom/google/ads/interactivemedia/v3/internal/zzfp;',
  'method': 'onPostMessage(Landroid/webkit/WebView;Landroidx/webkit/WebMessageCompat;Landroid/net/Uri;ZLandroidx/webkit/JavaScriptReplyProxy;)V',
  'name': ['UUID'],
  'num': 29,
  'source_class': 'Landroidx/webkit/WebMessageCompat;',
  'source_method': 'getData()Ljava/lang/String;'},
 {'clss': 'Lcom/google/ads/interactivemedia/v3/internal/zzff;',
  'method': 'zzd(Ljava/lang/String;)Lcom/google/ads/interactivemedia/v3/internal/zzff;',
  'name': ['UUID'],
  'num': 194,
  'source_class': None,
  'source_method': None},
 {'clss': 'Lcom/google/ads/interactivemedia/v3/internal/zzff;',
  'method': 'zzd(Ljava/lang/String;)Lcom/google/ads/interactivemedia/v3/internal/zzff;',
  'name': ['UUID'],
  'num': 216,
  'source_class': None,
  'source_method': None},
 {'clss': 'Lcom/google/ads/interactivemedia/v3/internal/zzff;',
  'method': 'toString()Ljava/lang/String;',
  'name': ['UUID'],
  'num': 395,
  'source_class': 'Ljava/lang/String;',
  'source_method': 'format(Ljava/lang/String;[Ljava/lang/Object;)Ljava/lang/String;'},
 {'clss': 'Lcom/google/ads/interactivemedia/v3/internal/zzft;',
  'method': 'zzf(Ljava/lang/String;Ljava/lang/String;)V',
  'name': ['UUID'],
  'num': 396,
  'source_class': 'Ljava/lang/StringBuilder;',
  'source_method': 'toString()Ljava/lang/String;'},
 {'clss': 'Lcom/google/ads/interactivemedia/v3/internal/zzfp;',
  'method': 'onPostMessage(Landroid/webkit/WebView;Landroidx/webkit/WebMessageCompat;Landroid/net/Uri;ZLandroidx/webkit/JavaScriptReplyProxy;)V',
  'name': ['UUID'],
  'num': 29,
  'source_class': 'Landroidx/webkit/WebMessageCompat;',
  'source_method': 'getData()Ljava/lang/String;'},
 {'clss': 'Lcom/google/ads/interactivemedia/v3/internal/zzff;',
  'method': 'zzd(Ljava/lang/String;)Lcom/google/ads/interactivemedia/v3/internal/zzff;',
  'name': ['UUID'],
  'num': 194,
  'source_class': None,
  'source_method': None},
 {'clss': 'Lcom/google/ads/interactivemedia/v3/internal/zzff;',
  'method': 'zzd(Ljava/lang/String;)Lcom/google/ads/interactivemedia/v3/internal/zzff;',
  'name': ['UUID'],
  'num': 216,
  'source_class': None,
  'source_method': None},
 {'clss': 'Lcom/google/ads/interactivemedia/v3/internal/zzff;',
  'method': 'toString()Ljava/lang/String;',
  'name': ['UUID'],
  'num': 395,
  'source_class': 'Ljava/lang/String;',
  'source_method': 'format(Ljava/lang/String;[Ljava/lang/Object;)Ljava/lang/String;'},
 {'clss': 'Lcom/google/ads/interactivemedia/v3/internal/zzft;',
  'method': 'zzf(Ljava/lang/String;Ljava/lang/String;)V',
  'name': ['UUID'],
  'num': 396,
  'source_class': 'Ljava/lang/StringBuilder;',
  'source_method': 'toString()Ljava/lang/String;'},
 {'clss': 'Lcom/google/ads/interactivemedia/v3/internal/zzfp;',
  'method': 'onPostMessage(Landroid/webkit/WebView;Landroidx/webkit/WebMessageCompat;Landroid/net/Uri;ZLandroidx/webkit/JavaScriptReplyProxy;)V',
  'name': ['UUID'],
  'num': 29,
  'source_class': 'Landroidx/webkit/WebMessageCompat;',
  'source_method': 'getData()Ljava/lang/String;'},
 {'clss': 'Lcom/google/ads/interactivemedia/v3/internal/zzff;',
  'method': 'zzd(Ljava/lang/String;)Lcom/google/ads/interactivemedia/v3/internal/zzff;',
  'name': ['UUID'],
  'num': 194,
  'source_class': None,
  'source_method': None},
 {'clss': 'Lcom/google/ads/interactivemedia/v3/internal/zzff;',
  'method': 'zzd(Ljava/lang/String;)Lcom/google/ads/interactivemedia/v3/internal/zzff;',
  'name': ['UUID'],
  'num': 216,
  'source_class': None,
  'source_method': None},
 {'clss': 'Lcom/google/ads/interactivemedia/v3/internal/zzff;',
  'method': 'toString()Ljava/lang/String;',
  'name': ['UUID'],
  'num': 395,
  'source_class': 'Ljava/lang/String;',
  'source_method': 'format(Ljava/lang/String;[Ljava/lang/Object;)Ljava/lang/String;'},
 {'clss': 'Lcom/google/ads/interactivemedia/v3/internal/zzft;',
  'method': 'zzf(Ljava/lang/String;Ljava/lang/String;)V',
  'name': ['UUID'],
  'num': 396,
  'source_class': 'Ljava/lang/StringBuilder;',
  'source_method': 'toString()Ljava/lang/String;'},
 {'clss': 'Lcom/google/ads/interactivemedia/v3/internal/zzfp;',
  'method': 'onPostMessage(Landroid/webkit/WebView;Landroidx/webkit/WebMessageCompat;Landroid/net/Uri;ZLandroidx/webkit/JavaScriptReplyProxy;)V',
  'name': ['UUID'],
  'num': 29,
  'source_class': 'Landroidx/webkit/WebMessageCompat;',
  'source_method': 'getData()Ljava/lang/String;'},
 {'clss': 'Lcom/google/ads/interactivemedia/v3/internal/zzff;',
  'method': 'zzd(Ljava/lang/String;)Lcom/google/ads/interactivemedia/v3/internal/zzff;',
  'name': ['UUID'],
  'num': 194,
  'source_class': None,
  'source_method': None},
 {'clss': 'Lcom/google/ads/interactivemedia/v3/internal/zzff;',
  'method': 'zzd(Ljava/lang/String;)Lcom/google/ads/interactivemedia/v3/internal/zzff;',
  'name': ['UUID'],
  'num': 216,
  'source_class': None,
  'source_method': None},
 {'clss': 'Lcom/google/ads/interactivemedia/v3/internal/zzff;',
  'method': 'toString()Ljava/lang/String;',
  'name': ['UUID'],
  'num': 395,
  'source_class': 'Ljava/lang/String;',
  'source_method': 'format(Ljava/lang/String;[Ljava/lang/Object;)Ljava/lang/String;'},
 {'clss': 'Lcom/google/ads/interactivemedia/v3/internal/zzft;',
  'method': 'zzf(Ljava/lang/String;Ljava/lang/String;)V',
  'name': ['UUID'],
  'num': 396,
  'source_class': 'Ljava/lang/StringBuilder;',
  'source_method': 'toString()Ljava/lang/String;'},
 {'clss': 'Lcom/google/ads/interactivemedia/v3/internal/zzfp;',
  'method': 'onPostMessage(Landroid/webkit/WebView;Landroidx/webkit/WebMessageCompat;Landroid/net/Uri;ZLandroidx/webkit/JavaScriptReplyProxy;)V',
  'name': ['UUID'],
  'num': 29,
  'source_class': 'Landroidx/webkit/WebMessageCompat;',
  'source_method': 'getData()Ljava/lang/String;'},
 {'clss': 'Lcom/google/ads/interactivemedia/v3/internal/zzff;',
  'method': 'zzd(Ljava/lang/String;)Lcom/google/ads/interactivemedia/v3/internal/zzff;',
  'name': ['UUID'],
  'num': 194,
  'source_class': None,
  'source_method': None},
 {'clss': 'Lcom/google/ads/interactivemedia/v3/internal/zzff;',
  'method': 'zzd(Ljava/lang/String;)Lcom/google/ads/interactivemedia/v3/internal/zzff;',
  'name': ['UUID'],
  'num': 216,
  'source_class': None,
  'source_method': None},
 {'clss': 'Lcom/google/ads/interactivemedia/v3/internal/zzff;',
  'method': 'toString()Ljava/lang/String;',
  'name': ['UUID'],
  'num': 395,
  'source_class': 'Ljava/lang/String;',
  'source_method': 'format(Ljava/lang/String;[Ljava/lang/Object;)Ljava/lang/String;'},
 {'clss': 'Lcom/google/ads/interactivemedia/v3/internal/zzft;',
  'method': 'zzf(Ljava/lang/String;Ljava/lang/String;)V',
  'name': ['UUID'],
  'num': 396,
  'source_class': 'Ljava/lang/StringBuilder;',
  'source_method': 'toString()Ljava/lang/String;'},
 {'clss': 'Lcom/google/ads/interactivemedia/v3/internal/zzfp;',
  'method': 'onPostMessage(Landroid/webkit/WebView;Landroidx/webkit/WebMessageCompat;Landroid/net/Uri;ZLandroidx/webkit/JavaScriptReplyProxy;)V',
  'name': ['UUID'],
  'num': 29,
  'source_class': 'Landroidx/webkit/WebMessageCompat;',
  'source_method': 'getData()Ljava/lang/String;'},
 {'clss': 'Lcom/google/ads/interactivemedia/v3/internal/zzff;',
  'method': 'zzd(Ljava/lang/String;)Lcom/google/ads/interactivemedia/v3/internal/zzff;',
  'name': ['UUID'],
  'num': 194,
  'source_class': None,
  'source_method': None},
 {'clss': 'Lcom/google/ads/interactivemedia/v3/internal/zzff;',
  'method': 'zzd(Ljava/lang/String;)Lcom/google/ads/interactivemedia/v3/internal/zzff;',
  'name': ['UUID'],
  'num': 216,
  'source_class': None,
  'source_method': None},
 {'clss': 'Lcom/google/ads/interactivemedia/v3/internal/zzff;',
  'method': 'toString()Ljava/lang/String;',
  'name': ['UUID'],
  'num': 395,
  'source_class': 'Ljava/lang/String;',
  'source_method': 'format(Ljava/lang/String;[Ljava/lang/Object;)Ljava/lang/String;'},
 {'clss': 'Lcom/google/ads/interactivemedia/v3/internal/zzft;',
  'method': 'zzf(Ljava/lang/String;Ljava/lang/String;)V',
  'name': ['UUID'],
  'num': 396,
  'source_class': 'Ljava/lang/StringBuilder;',
  'source_method': 'toString()Ljava/lang/String;'},
 {'clss': 'Lcom/google/ads/interactivemedia/v3/internal/zzfp;',
  'method': 'onPostMessage(Landroid/webkit/WebView;Landroidx/webkit/WebMessageCompat;Landroid/net/Uri;ZLandroidx/webkit/JavaScriptReplyProxy;)V',
  'name': ['UUID'],
  'num': 29,
  'source_class': 'Landroidx/webkit/WebMessageCompat;',
  'source_method': 'getData()Ljava/lang/String;'},
 {'clss': 'Lcom/google/ads/interactivemedia/v3/internal/zzff;',
  'method': 'zzd(Ljava/lang/String;)Lcom/google/ads/interactivemedia/v3/internal/zzff;',
  'name': ['UUID'],
  'num': 194,
  'source_class': None,
  'source_method': None},
 {'clss': 'Lcom/google/ads/interactivemedia/v3/internal/zzff;',
  'method': 'zzd(Ljava/lang/String;)Lcom/google/ads/interactivemedia/v3/internal/zzff;',
  'name': ['UUID'],
  'num': 216,
  'source_class': None,
  'source_method': None},
 {'clss': 'Lcom/google/ads/interactivemedia/v3/internal/zzff;',
  'method': 'toString()Ljava/lang/String;',
  'name': ['UUID'],
  'num': 395,
  'source_class': 'Ljava/lang/String;',
  'source_method': 'format(Ljava/lang/String;[Ljava/lang/Object;)Ljava/lang/String;'},
 {'clss': 'Lcom/google/ads/interactivemedia/v3/internal/zzft;',
  'method': 'zzf(Ljava/lang/String;Ljava/lang/String;)V',
  'name': ['UUID'],
  'num': 396,
  'source_class': 'Ljava/lang/StringBuilder;',
  'source_method': 'toString()Ljava/lang/String;'},
 {'clss': 'Lcom/google/ads/interactivemedia/v3/internal/zzfp;',
  'method': 'onPostMessage(Landroid/webkit/WebView;Landroidx/webkit/WebMessageCompat;Landroid/net/Uri;ZLandroidx/webkit/JavaScriptReplyProxy;)V',
  'name': ['UUID'],
  'num': 29,
  'source_class': 'Landroidx/webkit/WebMessageCompat;',
  'source_method': 'getData()Ljava/lang/String;'},
 {'clss': 'Lcom/google/ads/interactivemedia/v3/internal/zzff;',
  'method': 'zzd(Ljava/lang/String;)Lcom/google/ads/interactivemedia/v3/internal/zzff;',
  'name': ['UUID'],
  'num': 194,
  'source_class': None,
  'source_method': None},
 {'clss': 'Lcom/google/ads/interactivemedia/v3/internal/zzff;',
  'method': 'zzd(Ljava/lang/String;)Lcom/google/ads/interactivemedia/v3/internal/zzff;',
  'name': ['UUID'],
  'num': 216,
  'source_class': None,
  'source_method': None},
 {'clss': 'Lcom/google/ads/interactivemedia/v3/internal/zzff;',
  'method': 'toString()Ljava/lang/String;',
  'name': ['UUID'],
  'num': 395,
  'source_class': 'Ljava/lang/String;',
  'source_method': 'format(Ljava/lang/String;[Ljava/lang/Object;)Ljava/lang/String;'},
 {'clss': 'Lcom/google/ads/interactivemedia/v3/internal/zzft;',
  'method': 'zzf(Ljava/lang/String;Ljava/lang/String;)V',
  'name': ['UUID'],
  'num': 396,
  'source_class': 'Ljava/lang/StringBuilder;',
  'source_method': 'toString()Ljava/lang/String;'},
 {'clss': 'Lcom/google/ads/interactivemedia/v3/internal/zzfp;',
  'method': 'onPostMessage(Landroid/webkit/WebView;Landroidx/webkit/WebMessageCompat;Landroid/net/Uri;ZLandroidx/webkit/JavaScriptReplyProxy;)V',
  'name': ['UUID'],
  'num': 29,
  'source_class': 'Landroidx/webkit/WebMessageCompat;',
  'source_method': 'getData()Ljava/lang/String;'},
 {'clss': 'Lcom/google/ads/interactivemedia/v3/internal/zzff;',
  'method': 'zzd(Ljava/lang/String;)Lcom/google/ads/interactivemedia/v3/internal/zzff;',
  'name': ['UUID'],
  'num': 194,
  'source_class': None,
  'source_method': None},
 {'clss': 'Lcom/google/ads/interactivemedia/v3/internal/zzff;',
  'method': 'zzd(Ljava/lang/String;)Lcom/google/ads/interactivemedia/v3/internal/zzff;',
  'name': ['UUID'],
  'num': 216,
  'source_class': None,
  'source_method': None},
 {'clss': 'Lcom/google/ads/interactivemedia/v3/internal/zzff;',
  'method': 'toString()Ljava/lang/String;',
  'name': ['UUID'],
  'num': 395,
  'source_class': 'Ljava/lang/String;',
  'source_method': 'format(Ljava/lang/String;[Ljava/lang/Object;)Ljava/lang/String;'},
 {'clss': 'Lcom/google/ads/interactivemedia/v3/internal/zzft;',
  'method': 'zzf(Ljava/lang/String;Ljava/lang/String;)V',
  'name': ['UUID'],
  'num': 396,
  'source_class': 'Ljava/lang/StringBuilder;',
  'source_method': 'toString()Ljava/lang/String;'},
 {'clss': 'Lcom/google/ads/interactivemedia/v3/internal/zzfp;',
  'method': 'onPostMessage(Landroid/webkit/WebView;Landroidx/webkit/WebMessageCompat;Landroid/net/Uri;ZLandroidx/webkit/JavaScriptReplyProxy;)V',
  'name': ['UUID'],
  'num': 29,
  'source_class': 'Landroidx/webkit/WebMessageCompat;',
  'source_method': 'getData()Ljava/lang/String;'},
 {'clss': 'Lcom/google/ads/interactivemedia/v3/internal/zzff;',
  'method': 'zzd(Ljava/lang/String;)Lcom/google/ads/interactivemedia/v3/internal/zzff;',
  'name': ['UUID'],
  'num': 194,
  'source_class': None,
  'source_method': None},
 {'clss': 'Lcom/google/ads/interactivemedia/v3/internal/zzff;',
  'method': 'zzd(Ljava/lang/String;)Lcom/google/ads/interactivemedia/v3/internal/zzff;',
  'name': ['UUID'],
  'num': 216,
  'source_class': None,
  'source_method': None},
 {'clss': 'Lcom/google/ads/interactivemedia/v3/internal/zzff;',
  'method': 'toString()Ljava/lang/String;',
  'name': ['UUID'],
  'num': 395,
  'source_class': 'Ljava/lang/String;',
  'source_method': 'format(Ljava/lang/String;[Ljava/lang/Object;)Ljava/lang/String;'},
 {'clss': 'Lcom/google/ads/interactivemedia/v3/internal/zzft;',
  'method': 'zzf(Ljava/lang/String;Ljava/lang/String;)V',
  'name': ['UUID'],
  'num': 396,
  'source_class': 'Ljava/lang/StringBuilder;',
  'source_method': 'toString()Ljava/lang/String;'},
 {'clss': 'Lcom/google/ads/interactivemedia/v3/internal/zzfp;',
  'method': 'onPostMessage(Landroid/webkit/WebView;Landroidx/webkit/WebMessageCompat;Landroid/net/Uri;ZLandroidx/webkit/JavaScriptReplyProxy;)V',
  'name': ['UUID'],
  'num': 29,
  'source_class': 'Landroidx/webkit/WebMessageCompat;',
  'source_method': 'getData()Ljava/lang/String;'},
 {'clss': 'Lcom/google/ads/interactivemedia/v3/internal/zzff;',
  'method': 'zzd(Ljava/lang/String;)Lcom/google/ads/interactivemedia/v3/internal/zzff;',
  'name': ['UUID'],
  'num': 194,
  'source_class': None,
  'source_method': None},
 {'clss': 'Lcom/google/ads/interactivemedia/v3/internal/zzff;',
  'method': 'zzd(Ljava/lang/String;)Lcom/google/ads/interactivemedia/v3/internal/zzff;',
  'name': ['UUID'],
  'num': 216,
  'source_class': None,
  'source_method': None},
 {'clss': 'Lcom/google/ads/interactivemedia/v3/internal/zzff;',
  'method': 'toString()Ljava/lang/String;',
  'name': ['UUID'],
  'num': 395,
  'source_class': 'Ljava/lang/String;',
  'source_method': 'format(Ljava/lang/String;[Ljava/lang/Object;)Ljava/lang/String;'},
 {'clss': 'Lcom/google/ads/interactivemedia/v3/internal/zzft;',
  'method': 'zzf(Ljava/lang/String;Ljava/lang/String;)V',
  'name': ['UUID'],
  'num': 396,
  'source_class': 'Ljava/lang/StringBuilder;',
  'source_method': 'toString()Ljava/lang/String;'},
 {'clss': 'Lcom/google/ads/interactivemedia/v3/internal/zzfp;',
  'method': 'onPostMessage(Landroid/webkit/WebView;Landroidx/webkit/WebMessageCompat;Landroid/net/Uri;ZLandroidx/webkit/JavaScriptReplyProxy;)V',
  'name': ['UUID'],
  'num': 29,
  'source_class': 'Landroidx/webkit/WebMessageCompat;',
  'source_method': 'getData()Ljava/lang/String;'},
 {'clss': 'Lcom/google/ads/interactivemedia/v3/internal/zzff;',
  'method': 'zzd(Ljava/lang/String;)Lcom/google/ads/interactivemedia/v3/internal/zzff;',
  'name': ['UUID'],
  'num': 194,
  'source_class': None,
  'source_method': None},
 {'clss': 'Lcom/google/ads/interactivemedia/v3/internal/zzff;',
  'method': 'zzd(Ljava/lang/String;)Lcom/google/ads/interactivemedia/v3/internal/zzff;',
  'name': ['UUID'],
  'num': 216,
  'source_class': None,
  'source_method': None},
 {'clss': 'Lcom/google/ads/interactivemedia/v3/internal/zzff;',
  'method': 'toString()Ljava/lang/String;',
  'name': ['UUID'],
  'num': 395,
  'source_class': 'Ljava/lang/String;',
  'source_method': 'format(Ljava/lang/String;[Ljava/lang/Object;)Ljava/lang/String;'},
 {'clss': 'Lcom/google/ads/interactivemedia/v3/internal/zzft;',
  'method': 'zzf(Ljava/lang/String;Ljava/lang/String;)V',
  'name': ['UUID'],
  'num': 396,
  'source_class': 'Ljava/lang/StringBuilder;',
  'source_method': 'toString()Ljava/lang/String;'},
 {'clss': 'Lcom/google/ads/interactivemedia/v3/internal/zzfp;',
  'method': 'onPostMessage(Landroid/webkit/WebView;Landroidx/webkit/WebMessageCompat;Landroid/net/Uri;ZLandroidx/webkit/JavaScriptReplyProxy;)V',
  'name': ['UUID'],
  'num': 29,
  'source_class': 'Landroidx/webkit/WebMessageCompat;',
  'source_method': 'getData()Ljava/lang/String;'},
 {'clss': 'Lcom/google/ads/interactivemedia/v3/internal/zzff;',
  'method': 'zzd(Ljava/lang/String;)Lcom/google/ads/interactivemedia/v3/internal/zzff;',
  'name': ['UUID'],
  'num': 194,
  'source_class': None,
  'source_method': None},
 {'clss': 'Lcom/google/ads/interactivemedia/v3/internal/zzff;',
  'method': 'zzd(Ljava/lang/String;)Lcom/google/ads/interactivemedia/v3/internal/zzff;',
  'name': ['UUID'],
  'num': 216,
  'source_class': None,
  'source_method': None}]
Sinks
[]