project.emulator.get_num_leaks() = 2
Sources
[{'clss': 'Lcom/facebook/appevents/internal/SessionInfo;',
  'method': 'writeSessionToDisk()V',
  'name': ['UUID'],
  'num': 472,
  'source_class': 'Ljava/util/UUID;',
  'source_method': 'toString()Ljava/lang/String;'},
 {'clss': 'Lcom/facebook/appevents/AppEvent;',
  'method': 'calculateChecksum()Ljava/lang/String;',
  'name': ['UUID'],
  'num': 271,
  'source_class': 'Lorg/json/JSONObject;',
  'source_method': 'toString()Ljava/lang/String;'},
 {'clss': 'Lcom/facebook/appevents/SessionEventsState;',
  'method': 'populateRequest(Lcom/facebook/GraphRequest;Landroid/content/Context;ILorg/json/JSONArray;Z)V',
  'name': ['UUID'],
  'num': 293,
  'source_class': 'Lorg/json/JSONArray;',
  'source_method': 'toString()Ljava/lang/String;'},
 {'clss': 'Lcom/facebook/GraphRequest$Serializer;',
  'method': 'write(Ljava/lang/String;[Ljava/lang/Object;)V',
  'name': ['UUID'],
  'num': 307,
  'source_class': 'Ljava/lang/String;',
  'source_method': 'format(Ljava/util/Locale;Ljava/lang/String;[Ljava/lang/Object;)Ljava/lang/String;'},
 {'clss': 'Lcom/facebook/GraphRequest$Serializer;',
  'method': 'write(Ljava/lang/String;[Ljava/lang/Object;)V',
  'name': ['UUID'],
  'num': 317,
  'source_class': 'Ljava/net/URLEncoder;',
  'source_method': 'encode(Ljava/lang/String;Ljava/lang/String;)Ljava/lang/String;'},
 {'clss': 'Lcom/facebook/appevents/internal/SessionInfo;',
  'method': 'writeSessionToDisk()V',
  'name': ['UUID'],
  'num': 472,
  'source_class': 'Ljava/util/UUID;',
  'source_method': 'toString()Ljava/lang/String;'},
 {'clss': 'Lcom/facebook/appevents/internal/SessionInfo;',
  'method': 'writeSessionToDisk()V',
  'name': ['UUID'],
  'num': 472,
  'source_class': 'Ljava/util/UUID;',
  'source_method': 'toString()Ljava/lang/String;'},
 {'clss': 'Lcom/facebook/appevents/AppEvent;',
  'method': 'writeReplace()Ljava/lang/Object;',
  'name': ['UUID'],
  'num': 754,
  'source_class': 'Lorg/json/JSONObject;',
  'source_method': 'toString()Ljava/lang/String;'},
 {'clss': 'Lcom/facebook/appevents/AppEvent$SerializationProxyV2;', 'method': 'readResolve()Ljava/lang/Object;', 'name': ['UUID'], 'num': 126, 'source_class': None, 'source_method': None},
 {'clss': 'Lcom/facebook/appevents/AppEvent;',
  'method': 'calculateChecksum()Ljava/lang/String;',
  'name': ['UUID'],
  'num': 271,
  'source_class': 'Lorg/json/JSONObject;',
  'source_method': 'toString()Ljava/lang/String;'},
 {'clss': 'Lcom/facebook/appevents/SessionEventsState;',
  'method': 'populateRequest(Lcom/facebook/GraphRequest;Landroid/content/Context;ILorg/json/JSONArray;Z)V',
  'name': ['UUID'],
  'num': 293,
  'source_class': 'Lorg/json/JSONArray;',
  'source_method': 'toString()Ljava/lang/String;'},
 {'clss': 'Lcom/facebook/GraphRequest$Serializer;',
  'method': 'write(Ljava/lang/String;[Ljava/lang/Object;)V',
  'name': ['UUID'],
  'num': 307,
  'source_class': 'Ljava/lang/String;',
  'source_method': 'format(Ljava/util/Locale;Ljava/lang/String;[Ljava/lang/Object;)Ljava/lang/String;'},
 {'clss': 'Lcom/facebook/GraphRequest$Serializer;',
  'method': 'write(Ljava/lang/String;[Ljava/lang/Object;)V',
  'name': ['UUID'],
  'num': 317,
  'source_class': 'Ljava/net/URLEncoder;',
  'source_method': 'encode(Ljava/lang/String;Ljava/lang/String;)Ljava/lang/String;'}]
Sinks
[{"smali_tag": "10952_4491", "clss": "Lcom/facebook/GraphRequest$Companion;", "method": "toHttpConnection(Lcom/facebook/GraphRequestBatch;)Ljava/net/HttpURLConnection;", "num": 4491, "sink_class": "Ljava/net/URL;", "sink_method": "<init>(Ljava/lang/String;)V", "sink_values": ["https://graph.facebook.com/v13.0/REPLACE_ME/activities"], "sources": ["UUID"], "returned_value": null}, {"smali_tag": "11049_317", "clss": "Lcom/facebook/GraphRequest$Serializer;", "method": "write(Ljava/lang/String;[Ljava/lang/Object;)V", "num": 317, "sink_class": "Ljava/net/URLEncoder;", "sink_method": "encode(Ljava/lang/String;Ljava/lang/String;)Ljava/lang/String;", "sink_values": ["json"], "sources": ["UUID"], "returned_value": null}, {"smali_tag": "11049_317", "clss": "Lcom/facebook/GraphRequest$Serializer;", "method": "write(Ljava/lang/String;[Ljava/lang/Object;)V", "num": 317, "sink_class": "Ljava/net/URLEncoder;", "sink_method": "encode(Ljava/lang/String;Ljava/lang/String;)Ljava/lang/String;", "sink_values": ["android"], "sources": ["UUID"], "returned_value": null}, {"smali_tag": "11049_317", "clss": "Lcom/facebook/GraphRequest$Serializer;", "method": "write(Ljava/lang/String;[Ljava/lang/Object;)V", "num": 317, "sink_class": "Ljava/net/URLEncoder;", "sink_method": "encode(Ljava/lang/String;Ljava/lang/String;)Ljava/lang/String;", "sink_values": ["[{\"_eventName\":\"fb_mobile_activate_app\",\"_eventName_md5\":\"cb7f3b6cd294afce05ece615d43ea7b9\",\"_logTime\":1696844721,\"_ui\":\"EntryChoiceActivity\",\"_session_id\":\"eb2edd9a-6ea0-4364-9235-56d31695f423\",\"fb_mobile_launch_source\":\"Unclassified\",\"fb_mobile_pckg_fp\":\"af2e064764757bc37e273e82d07c5f4e\",\"fb_mobile_app_cert_hash\":\"ZxeuLZcVSqh\\/eyRMSuL3q72MO8g=\\n\"}]"], "sources": ["UUID"], "returned_value": null}, {"smali_tag": "10952_4491", "clss": "Lcom/facebook/GraphRequest$Companion;", "method": "toHttpConnection(Lcom/facebook/GraphRequestBatch;)Ljava/net/HttpURLConnection;", "num": 4491, "sink_class": "Ljava/net/URL;", "sink_method": "<init>(Ljava/lang/String;)V", "sink_values": ["https://graph.facebook.com/v13.0/app/mobile_sdk_gk?access_token=REPLACE_ME%7CREPLACE_ME&fields=gatekeepers&format=json&sdk_version=13.2.0&sdk=android&platform=android"], "sources": ["UUID"], "returned_value": null}, {"smali_tag": "10952_4491", "clss": "Lcom/facebook/GraphRequest$Companion;", "method": "toHttpConnection(Lcom/facebook/GraphRequestBatch;)Ljava/net/HttpURLConnection;", "num": 4491, "sink_class": "Ljava/net/URL;", "sink_method": "<init>(Ljava/lang/String;)V", "sink_values": ["https://graph.facebook.com/v13.0/REPLACE_ME/activities"], "sources": ["UUID"], "returned_value": null}, {"smali_tag": "11049_317", "clss": "Lcom/facebook/GraphRequest$Serializer;", "method": "write(Ljava/lang/String;[Ljava/lang/Object;)V", "num": 317, "sink_class": "Ljava/net/URLEncoder;", "sink_method": "encode(Ljava/lang/String;Ljava/lang/String;)Ljava/lang/String;", "sink_values": ["json"], "sources": ["UUID"], "returned_value": null}, {"smali_tag": "11049_317", "clss": "Lcom/facebook/GraphRequest$Serializer;", "method": "write(Ljava/lang/String;[Ljava/lang/Object;)V", "num": 317, "sink_class": "Ljava/net/URLEncoder;", "sink_method": "encode(Ljava/lang/String;Ljava/lang/String;)Ljava/lang/String;", "sink_values": ["android"], "sources": ["UUID"], "returned_value": null}, {"smali_tag": "10952_4491", "clss": "Lcom/facebook/GraphRequest$Companion;", "method": "toHttpConnection(Lcom/facebook/GraphRequestBatch;)Ljava/net/HttpURLConnection;", "num": 4491, "sink_class": "Ljava/net/URL;", "sink_method": "<init>(Ljava/lang/String;)V", "sink_values": ["https://graph.facebook.com/v13.0/app/mobile_sdk_gk?access_token=REPLACE_ME%7CREPLACE_ME&fields=gatekeepers&format=json&sdk_version=13.2.0&sdk=android&platform=android"], "sources": ["UUID"], "returned_value": null}, {"smali_tag": "10952_4491", "clss": "Lcom/facebook/GraphRequest$Companion;", "method": "toHttpConnection(Lcom/facebook/GraphRequestBatch;)Ljava/net/HttpURLConnection;", "num": 4491, "sink_class": "Ljava/net/URL;", "sink_method": "<init>(Ljava/lang/String;)V", "sink_values": ["https://graph.facebook.com/v13.0/app/mobile_sdk_gk?access_token=REPLACE_ME%7CREPLACE_ME&fields=gatekeepers&format=json&sdk_version=13.2.0&sdk=android&platform=android"], "sources": ["UUID"], "returned_value": null}, {"smali_tag": "10952_4491", "clss": "Lcom/facebook/GraphRequest$Companion;", "method": "toHttpConnection(Lcom/facebook/GraphRequestBatch;)Ljava/net/HttpURLConnection;", "num": 4491, "sink_class": "Ljava/net/URL;", "sink_method": "<init>(Ljava/lang/String;)V", "sink_values": ["https://graph.facebook.com/v13.0/app/mobile_sdk_gk?access_token=REPLACE_ME%7CREPLACE_ME&fields=gatekeepers&format=json&sdk_version=13.2.0&sdk=android&platform=android"], "sources": ["UUID"], "returned_value": null}, {"smali_tag": "10952_4491", "clss": "Lcom/facebook/GraphRequest$Companion;", "method": "toHttpConnection(Lcom/facebook/GraphRequestBatch;)Ljava/net/HttpURLConnection;", "num": 4491, "sink_class": "Ljava/net/URL;", "sink_method": "<init>(Ljava/lang/String;)V", "sink_values": ["https://graph.facebook.com/v13.0/app/mobile_sdk_gk?access_token=REPLACE_ME%7CREPLACE_ME&fields=gatekeepers&format=json&sdk_version=13.2.0&sdk=android&platform=android"], "sources": ["UUID"], "returned_value": null}, {"smali_tag": "10952_4491", "clss": "Lcom/facebook/GraphRequest$Companion;", "method": "toHttpConnection(Lcom/facebook/GraphRequestBatch;)Ljava/net/HttpURLConnection;", "num": 4491, "sink_class": "Ljava/net/URL;", "sink_method": "<init>(Ljava/lang/String;)V", "sink_values": ["https://graph.facebook.com/v13.0/app/mobile_sdk_gk?access_token=REPLACE_ME%7CREPLACE_ME&fields=gatekeepers&format=json&sdk_version=13.2.0&sdk=android&platform=android"], "sources": ["UUID"], "returned_value": null}, {"smali_tag": "10952_4491", "clss": "Lcom/facebook/GraphRequest$Companion;", "method": "toHttpConnection(Lcom/facebook/GraphRequestBatch;)Ljava/net/HttpURLConnection;", "num": 4491, "sink_class": "Ljava/net/URL;", "sink_method": "<init>(Ljava/lang/String;)V", "sink_values": ["https://graph.facebook.com/v13.0/REPLACE_ME/activities"], "sources": ["UUID"], "returned_value": null}, {"smali_tag": "11049_317", "clss": "Lcom/facebook/GraphRequest$Serializer;", "method": "write(Ljava/lang/String;[Ljava/lang/Object;)V", "num": 317, "sink_class": "Ljava/net/URLEncoder;", "sink_method": "encode(Ljava/lang/String;Ljava/lang/String;)Ljava/lang/String;", "sink_values": ["json"], "sources": ["UUID"], "returned_value": null}, {"smali_tag": "11049_317", "clss": "Lcom/facebook/GraphRequest$Serializer;", "method": "write(Ljava/lang/String;[Ljava/lang/Object;)V", "num": 317, "sink_class": "Ljava/net/URLEncoder;", "sink_method": "encode(Ljava/lang/String;Ljava/lang/String;)Ljava/lang/String;", "sink_values": ["android"], "sources": ["UUID"], "returned_value": null}, {"smali_tag": "11049_317", "clss": "Lcom/facebook/GraphRequest$Serializer;", "method": "write(Ljava/lang/String;[Ljava/lang/Object;)V", "num": 317, "sink_class": "Ljava/net/URLEncoder;", "sink_method": "encode(Ljava/lang/String;Ljava/lang/String;)Ljava/lang/String;", "sink_values": ["[{\"_eventName\":\"fb_mobile_activate_app\",\"_eventName_md5\":\"cb7f3b6cd294afce05ece615d43ea7b9\",\"_logTime\":1696844721,\"_ui\":\"EntryChoiceActivity\",\"_session_id\":\"eb2edd9a-6ea0-4364-9235-56d31695f423\",\"fb_mobile_launch_source\":\"Unclassified\",\"fb_mobile_pckg_fp\":\"af2e064764757bc37e273e82d07c5f4e\",\"fb_mobile_app_cert_hash\":\"ZxeuLZcVSqh\\/eyRMSuL3q72MO8g=\\n\"}]"], "sources": ["UUID"], "returned_value": null}, {"smali_tag": "10952_4491", "clss": "Lcom/facebook/GraphRequest$Companion;", "method": "toHttpConnection(Lcom/facebook/GraphRequestBatch;)Ljava/net/HttpURLConnection;", "num": 4491, "sink_class": "Ljava/net/URL;", "sink_method": "<init>(Ljava/lang/String;)V", "sink_values": ["https://graph.facebook.com/v13.0/app/mobile_sdk_gk?access_token=REPLACE_ME%7CREPLACE_ME&fields=gatekeepers&format=json&sdk_version=13.2.0&sdk=android&platform=android"], "sources": ["UUID"], "returned_value": null}, {"smali_tag": "10952_4491", "clss": "Lcom/facebook/GraphRequest$Companion;", "method": "toHttpConnection(Lcom/facebook/GraphRequestBatch;)Ljava/net/HttpURLConnection;", "num": 4491, "sink_class": "Ljava/net/URL;", "sink_method": "<init>(Ljava/lang/String;)V", "sink_values": ["https://graph.facebook.com/v13.0/app/mobile_sdk_gk?access_token=REPLACE_ME%7CREPLACE_ME&fields=gatekeepers&format=json&sdk_version=13.2.0&sdk=android&platform=android"], "sources": ["UUID"], "returned_value": null}]