project.emulator.get_num_leaks() = 2
Sources
[{'clss': 'Lcom/adcolony/sdk/z0;', 'method': 'a()Ljava/lang/String;', 'name': ['UUID'], 'num': 483, 'source_class': 'Ljava/util/UUID;', 'source_method': 'toString()Ljava/lang/String;'},
 {'clss': 'Lcom/adcolony/sdk/f1;', 'method': 'toString()Ljava/lang/String;', 'name': ['UUID'], 'num': 1734, 'source_class': 'Lorg/json/JSONObject;', 'source_method': 'toString()Ljava/lang/String;'},
 {'clss': 'Lcom/adcolony/sdk/q$c;',
  'method': 'run()V',
  'name': ['AAID'],
  'num': 76,
  'source_class': 'Lcom/google/android/gms/ads/identifier/AdvertisingIdClient$Info;',
  'source_method': 'getId()Ljava/lang/String;'},
 {'clss': 'Lcom/adcolony/sdk/f1;',
  'method': 'toString()Ljava/lang/String;',
  'name': ['AAID', 'UUID'],
  'num': 1734,
  'source_class': 'Lorg/json/JSONObject;',
  'source_method': 'toString()Ljava/lang/String;'},
 {'clss': 'Lcom/adcolony/sdk/f1;',
  'method': 'p(Ljava/lang/String;)Ljava/lang/String;',
  'name': ['AAID', 'UUID'],
  'num': 1607,
  'source_class': 'Lorg/json/JSONObject;',
  'source_method': 'optString(Ljava/lang/String;)Ljava/lang/String;'},
 {'clss': 'Lcom/adcolony/sdk/z0;', 'method': 'a()Ljava/lang/String;', 'name': ['UUID'], 'num': 483, 'source_class': 'Ljava/util/UUID;', 'source_method': 'toString()Ljava/lang/String;'},
 {'clss': 'Lcom/adcolony/sdk/f1;', 'method': 'toString()Ljava/lang/String;', 'name': ['UUID'], 'num': 1734, 'source_class': 'Lorg/json/JSONObject;', 'source_method': 'toString()Ljava/lang/String;'},
 {'clss': 'Lcom/adcolony/sdk/c1$l;', 'method': 'a()V', 'name': ['UUID'], 'num': 135, 'source_class': 'Ljava/lang/StringBuilder;', 'source_method': 'toString()Ljava/lang/String;'},
 {'clss': 'Lcom/adcolony/sdk/c1$m;',
  'method': 'onMessage(Landroid/webkit/WebMessagePort;Landroid/webkit/WebMessage;)V',
  'name': ['UUID'],
  'num': 43,
  'source_class': 'Landroid/webkit/WebMessage;',
  'source_method': 'getData()Ljava/lang/String;'},
 {'clss': 'Lcom/adcolony/sdk/z0;', 'method': 'a()Ljava/lang/String;', 'name': ['UUID'], 'num': 483, 'source_class': 'Ljava/util/UUID;', 'source_method': 'toString()Ljava/lang/String;'},
 {'clss': 'Lcom/adcolony/sdk/z0;', 'method': 'a()Ljava/lang/String;', 'name': ['UUID'], 'num': 483, 'source_class': 'Ljava/util/UUID;', 'source_method': 'toString()Ljava/lang/String;'},
 {'clss': 'Lcom/adcolony/sdk/e1;', 'method': 'toString()Ljava/lang/String;', 'name': ['UUID'], 'num': 563, 'source_class': 'Lorg/json/JSONArray;', 'source_method': 'toString()Ljava/lang/String;'},
 {'clss': 'Lcom/adcolony/sdk/c1$m;',
  'method': 'onMessage(Landroid/webkit/WebMessagePort;Landroid/webkit/WebMessage;)V',
  'name': ['UUID'],
  'num': 43,
  'source_class': 'Landroid/webkit/WebMessage;',
  'source_method': 'getData()Ljava/lang/String;'},
 {'clss': 'Lcom/adcolony/sdk/c1$m;',
  'method': 'onMessage(Landroid/webkit/WebMessagePort;Landroid/webkit/WebMessage;)V',
  'name': ['UUID'],
  'num': 43,
  'source_class': 'Landroid/webkit/WebMessage;',
  'source_method': 'getData()Ljava/lang/String;'},
 {'clss': 'Lcom/adcolony/sdk/c1$m;',
  'method': 'onMessage(Landroid/webkit/WebMessagePort;Landroid/webkit/WebMessage;)V',
  'name': ['UUID'],
  'num': 43,
  'source_class': 'Landroid/webkit/WebMessage;',
  'source_method': 'getData()Ljava/lang/String;'},
 {'clss': 'Lcom/adcolony/sdk/c1$m;',
  'method': 'onMessage(Landroid/webkit/WebMessagePort;Landroid/webkit/WebMessage;)V',
  'name': ['UUID'],
  'num': 43,
  'source_class': 'Landroid/webkit/WebMessage;',
  'source_method': 'getData()Ljava/lang/String;'},
 {'clss': 'Lcom/adcolony/sdk/w;',
  'method': 'a(Ljava/lang/String;Z)Ljava/lang/StringBuilder;',
  'name': ['UUID'],
  'num': 1642,
  'source_class': 'Ljava/io/BufferedReader;',
  'source_method': 'readLine()Ljava/lang/String;'},
 {'clss': 'Lcom/adcolony/sdk/c0;',
  'method': 'c(Ljava/lang/String;)Lcom/adcolony/sdk/f1;',
  'name': ['UUID'],
  'num': 918,
  'source_class': 'Ljava/lang/StringBuilder;',
  'source_method': 'toString()Ljava/lang/String;'},
 {'clss': 'Lcom/adcolony/sdk/f1;',
  'method': 'p(Ljava/lang/String;)Ljava/lang/String;',
  'name': ['UUID'],
  'num': 1607,
  'source_class': 'Lorg/json/JSONObject;',
  'source_method': 'optString(Ljava/lang/String;)Ljava/lang/String;'},
 {'clss': 'Lcom/adcolony/sdk/e1;',
  'method': 'toString()Ljava/lang/String;',
  'name': ['AAID', 'UUID'],
  'num': 563,
  'source_class': 'Lorg/json/JSONArray;',
  'source_method': 'toString()Ljava/lang/String;'},
 {'clss': 'Lcom/adcolony/sdk/c1$m;',
  'method': 'onMessage(Landroid/webkit/WebMessagePort;Landroid/webkit/WebMessage;)V',
  'name': ['UUID'],
  'num': 43,
  'source_class': 'Landroid/webkit/WebMessage;',
  'source_method': 'getData()Ljava/lang/String;'},
 {'clss': 'Lcom/adcolony/sdk/c1$m;',
  'method': 'onMessage(Landroid/webkit/WebMessagePort;Landroid/webkit/WebMessage;)V',
  'name': ['UUID'],
  'num': 43,
  'source_class': 'Landroid/webkit/WebMessage;',
  'source_method': 'getData()Ljava/lang/String;'},
 {'clss': 'Lcom/adcolony/sdk/c1$m;',
  'method': 'onMessage(Landroid/webkit/WebMessagePort;Landroid/webkit/WebMessage;)V',
  'name': ['UUID'],
  'num': 43,
  'source_class': 'Landroid/webkit/WebMessage;',
  'source_method': 'getData()Ljava/lang/String;'},
 {'clss': 'Lcom/adcolony/sdk/w;',
  'method': 'a(Ljava/lang/String;Z)Ljava/lang/StringBuilder;',
  'name': ['UUID'],
  'num': 1642,
  'source_class': 'Ljava/io/BufferedReader;',
  'source_method': 'readLine()Ljava/lang/String;'},
 {'clss': 'Lcom/adcolony/sdk/w;',
  'method': 'e(Lcom/adcolony/sdk/h0;)Ljava/lang/String;',
  'name': ['UUID'],
  'num': 906,
  'source_class': 'Ljava/lang/StringBuilder;',
  'source_method': 'toString()Ljava/lang/String;'},
 {'clss': 'Lcom/adcolony/sdk/e1;', 'method': 'toString()Ljava/lang/String;', 'name': ['UUID'], 'num': 563, 'source_class': 'Lorg/json/JSONArray;', 'source_method': 'toString()Ljava/lang/String;'},
 {'clss': 'Lcom/adcolony/sdk/w;',
  'method': 'e(Lcom/adcolony/sdk/h0;)Ljava/lang/String;',
  'name': ['UUID'],
  'num': 920,
  'source_class': 'Ljava/lang/StringBuilder;',
  'source_method': 'toString()Ljava/lang/String;'},
 {'clss': 'Lcom/adcolony/sdk/c1$m;',
  'method': 'onMessage(Landroid/webkit/WebMessagePort;Landroid/webkit/WebMessage;)V',
  'name': ['UUID'],
  'num': 43,
  'source_class': 'Landroid/webkit/WebMessage;',
  'source_method': 'getData()Ljava/lang/String;'},
 {'clss': 'Lcom/adcolony/sdk/c1$m;',
  'method': 'onMessage(Landroid/webkit/WebMessagePort;Landroid/webkit/WebMessage;)V',
  'name': ['UUID'],
  'num': 43,
  'source_class': 'Landroid/webkit/WebMessage;',
  'source_method': 'getData()Ljava/lang/String;'},
 {'clss': 'Lcom/adcolony/sdk/c1$m;',
  'method': 'onMessage(Landroid/webkit/WebMessagePort;Landroid/webkit/WebMessage;)V',
  'name': ['UUID'],
  'num': 43,
  'source_class': 'Landroid/webkit/WebMessage;',
  'source_method': 'getData()Ljava/lang/String;'},
 {'clss': 'Lcom/adcolony/sdk/c1$m;',
  'method': 'onMessage(Landroid/webkit/WebMessagePort;Landroid/webkit/WebMessage;)V',
  'name': ['UUID'],
  'num': 43,
  'source_class': 'Landroid/webkit/WebMessage;',
  'source_method': 'getData()Ljava/lang/String;'},
 {'clss': 'Lcom/adcolony/sdk/c1$m;',
  'method': 'onMessage(Landroid/webkit/WebMessagePort;Landroid/webkit/WebMessage;)V',
  'name': ['UUID'],
  'num': 43,
  'source_class': 'Landroid/webkit/WebMessage;',
  'source_method': 'getData()Ljava/lang/String;'},
 {'clss': 'Lcom/adcolony/sdk/c1$m;',
  'method': 'onMessage(Landroid/webkit/WebMessagePort;Landroid/webkit/WebMessage;)V',
  'name': ['UUID'],
  'num': 43,
  'source_class': 'Landroid/webkit/WebMessage;',
  'source_method': 'getData()Ljava/lang/String;'},
 {'clss': 'Lcom/adcolony/sdk/c1$m;',
  'method': 'onMessage(Landroid/webkit/WebMessagePort;Landroid/webkit/WebMessage;)V',
  'name': ['UUID'],
  'num': 43,
  'source_class': 'Landroid/webkit/WebMessage;',
  'source_method': 'getData()Ljava/lang/String;'},
 {'clss': 'Lcom/adcolony/sdk/c1$m;',
  'method': 'onMessage(Landroid/webkit/WebMessagePort;Landroid/webkit/WebMessage;)V',
  'name': ['UUID'],
  'num': 43,
  'source_class': 'Landroid/webkit/WebMessage;',
  'source_method': 'getData()Ljava/lang/String;'},
 {'clss': 'Lcom/adcolony/sdk/c1$m;',
  'method': 'onMessage(Landroid/webkit/WebMessagePort;Landroid/webkit/WebMessage;)V',
  'name': ['UUID'],
  'num': 43,
  'source_class': 'Landroid/webkit/WebMessage;',
  'source_method': 'getData()Ljava/lang/String;'},
 {'clss': 'Lcom/adcolony/sdk/c1$m;',
  'method': 'onMessage(Landroid/webkit/WebMessagePort;Landroid/webkit/WebMessage;)V',
  'name': ['UUID'],
  'num': 43,
  'source_class': 'Landroid/webkit/WebMessage;',
  'source_method': 'getData()Ljava/lang/String;'},
 {'clss': 'Lcom/adcolony/sdk/c1$m;',
  'method': 'onMessage(Landroid/webkit/WebMessagePort;Landroid/webkit/WebMessage;)V',
  'name': ['UUID'],
  'num': 43,
  'source_class': 'Landroid/webkit/WebMessage;',
  'source_method': 'getData()Ljava/lang/String;'},
 {'clss': 'Lcom/adcolony/sdk/c1$m;',
  'method': 'onMessage(Landroid/webkit/WebMessagePort;Landroid/webkit/WebMessage;)V',
  'name': ['UUID'],
  'num': 43,
  'source_class': 'Landroid/webkit/WebMessage;',
  'source_method': 'getData()Ljava/lang/String;'},
 {'clss': 'Lcom/adcolony/sdk/c1$m;',
  'method': 'onMessage(Landroid/webkit/WebMessagePort;Landroid/webkit/WebMessage;)V',
  'name': ['UUID'],
  'num': 43,
  'source_class': 'Landroid/webkit/WebMessage;',
  'source_method': 'getData()Ljava/lang/String;'},
 {'clss': 'Lcom/adcolony/sdk/c1$m;',
  'method': 'onMessage(Landroid/webkit/WebMessagePort;Landroid/webkit/WebMessage;)V',
  'name': ['UUID'],
  'num': 43,
  'source_class': 'Landroid/webkit/WebMessage;',
  'source_method': 'getData()Ljava/lang/String;'},
 {'clss': 'Lcom/adcolony/sdk/c1$m;',
  'method': 'onMessage(Landroid/webkit/WebMessagePort;Landroid/webkit/WebMessage;)V',
  'name': ['UUID'],
  'num': 43,
  'source_class': 'Landroid/webkit/WebMessage;',
  'source_method': 'getData()Ljava/lang/String;'},
 {'clss': 'Lcom/adcolony/sdk/c1$m;',
  'method': 'onMessage(Landroid/webkit/WebMessagePort;Landroid/webkit/WebMessage;)V',
  'name': ['UUID'],
  'num': 43,
  'source_class': 'Landroid/webkit/WebMessage;',
  'source_method': 'getData()Ljava/lang/String;'},
 {'clss': 'Lcom/adcolony/sdk/c1$m;',
  'method': 'onMessage(Landroid/webkit/WebMessagePort;Landroid/webkit/WebMessage;)V',
  'name': ['UUID'],
  'num': 43,
  'source_class': 'Landroid/webkit/WebMessage;',
  'source_method': 'getData()Ljava/lang/String;'},
 {'clss': 'Lcom/adcolony/sdk/c1$m;',
  'method': 'onMessage(Landroid/webkit/WebMessagePort;Landroid/webkit/WebMessage;)V',
  'name': ['UUID'],
  'num': 43,
  'source_class': 'Landroid/webkit/WebMessage;',
  'source_method': 'getData()Ljava/lang/String;'},
 {'clss': 'Lcom/adcolony/sdk/w;',
  'method': 'a(Ljava/lang/String;Z)Ljava/lang/StringBuilder;',
  'name': ['UUID'],
  'num': 1642,
  'source_class': 'Ljava/io/BufferedReader;',
  'source_method': 'readLine()Ljava/lang/String;'},
 {'clss': 'Lcom/adcolony/sdk/c0;',
  'method': 'c(Ljava/lang/String;)Lcom/adcolony/sdk/f1;',
  'name': ['UUID'],
  'num': 918,
  'source_class': 'Ljava/lang/StringBuilder;',
  'source_method': 'toString()Ljava/lang/String;'},
 {'clss': 'Lcom/adcolony/sdk/f1;',
  'method': 'p(Ljava/lang/String;)Ljava/lang/String;',
  'name': ['UUID'],
  'num': 1607,
  'source_class': 'Lorg/json/JSONObject;',
  'source_method': 'optString(Ljava/lang/String;)Ljava/lang/String;'},
 {'clss': 'Lcom/adcolony/sdk/e1;',
  'method': 'toString()Ljava/lang/String;',
  'name': ['AAID', 'UUID'],
  'num': 563,
  'source_class': 'Lorg/json/JSONArray;',
  'source_method': 'toString()Ljava/lang/String;'},
 {'clss': 'Lcom/adcolony/sdk/c1$m;',
  'method': 'onMessage(Landroid/webkit/WebMessagePort;Landroid/webkit/WebMessage;)V',
  'name': ['UUID'],
  'num': 43,
  'source_class': 'Landroid/webkit/WebMessage;',
  'source_method': 'getData()Ljava/lang/String;'},
 {'clss': 'Lcom/adcolony/sdk/c1$m;',
  'method': 'onMessage(Landroid/webkit/WebMessagePort;Landroid/webkit/WebMessage;)V',
  'name': ['AAID', 'UUID'],
  'num': 43,
  'source_class': 'Landroid/webkit/WebMessage;',
  'source_method': 'getData()Ljava/lang/String;'},
 {'clss': 'Lcom/adcolony/sdk/c1$m;',
  'method': 'onMessage(Landroid/webkit/WebMessagePort;Landroid/webkit/WebMessage;)V',
  'name': ['AAID', 'UUID'],
  'num': 93,
  'source_class': 'Ljava/util/List;',
  'source_method': 'get(I)Ljava/lang/Object;'},
 {'clss': 'Lcom/adcolony/sdk/c1$m;',
  'method': 'onMessage(Landroid/webkit/WebMessagePort;Landroid/webkit/WebMessage;)V',
  'name': ['UUID'],
  'num': 43,
  'source_class': 'Landroid/webkit/WebMessage;',
  'source_method': 'getData()Ljava/lang/String;'},
 {'clss': 'Lcom/adcolony/sdk/f1;',
  'method': 'p(Ljava/lang/String;)Ljava/lang/String;',
  'name': ['AAID', 'UUID'],
  'num': 1607,
  'source_class': 'Lorg/json/JSONObject;',
  'source_method': 'optString(Ljava/lang/String;)Ljava/lang/String;'},
 {'clss': 'Lcom/adcolony/sdk/z0;', 'method': 'a()Ljava/lang/String;', 'name': ['UUID'], 'num': 483, 'source_class': 'Ljava/util/UUID;', 'source_method': 'toString()Ljava/lang/String;'},
 {'clss': 'Lcom/adcolony/sdk/e1;', 'method': 'toString()Ljava/lang/String;', 'name': ['UUID'], 'num': 563, 'source_class': 'Lorg/json/JSONArray;', 'source_method': 'toString()Ljava/lang/String;'},
 {'clss': 'Lcom/adcolony/sdk/c1$m;',
  'method': 'onMessage(Landroid/webkit/WebMessagePort;Landroid/webkit/WebMessage;)V',
  'name': ['AAID', 'UUID'],
  'num': 43,
  'source_class': 'Landroid/webkit/WebMessage;',
  'source_method': 'getData()Ljava/lang/String;'},
 {'clss': 'Lcom/adcolony/sdk/c1$m;',
  'method': 'onMessage(Landroid/webkit/WebMessagePort;Landroid/webkit/WebMessage;)V',
  'name': ['AAID', 'UUID'],
  'num': 93,
  'source_class': 'Ljava/util/List;',
  'source_method': 'get(I)Ljava/lang/Object;'},
 {'clss': 'Lcom/adcolony/sdk/f1;',
  'method': 'p(Ljava/lang/String;)Ljava/lang/String;',
  'name': ['AAID', 'UUID'],
  'num': 1607,
  'source_class': 'Lorg/json/JSONObject;',
  'source_method': 'optString(Ljava/lang/String;)Ljava/lang/String;'},
 {'clss': 'Lcom/adcolony/sdk/c1$m;',
  'method': 'onMessage(Landroid/webkit/WebMessagePort;Landroid/webkit/WebMessage;)V',
  'name': ['AAID', 'UUID'],
  'num': 43,
  'source_class': 'Landroid/webkit/WebMessage;',
  'source_method': 'getData()Ljava/lang/String;'},
 {'clss': 'Lcom/adcolony/sdk/c1$m;',
  'method': 'onMessage(Landroid/webkit/WebMessagePort;Landroid/webkit/WebMessage;)V',
  'name': ['AAID', 'UUID'],
  'num': 93,
  'source_class': 'Ljava/util/List;',
  'source_method': 'get(I)Ljava/lang/Object;'},
 {'clss': 'Lcom/adcolony/sdk/c1$m;',
  'method': 'onMessage(Landroid/webkit/WebMessagePort;Landroid/webkit/WebMessage;)V',
  'name': ['AAID', 'UUID'],
  'num': 43,
  'source_class': 'Landroid/webkit/WebMessage;',
  'source_method': 'getData()Ljava/lang/String;'},
 {'clss': 'Lcom/adcolony/sdk/c1$m;',
  'method': 'onMessage(Landroid/webkit/WebMessagePort;Landroid/webkit/WebMessage;)V',
  'name': ['AAID', 'UUID'],
  'num': 93,
  'source_class': 'Ljava/util/List;',
  'source_method': 'get(I)Ljava/lang/Object;'},
 {'clss': 'Lcom/adcolony/sdk/f1;',
  'method': 'p(Ljava/lang/String;)Ljava/lang/String;',
  'name': ['AAID', 'UUID'],
  'num': 1607,
  'source_class': 'Lorg/json/JSONObject;',
  'source_method': 'optString(Ljava/lang/String;)Ljava/lang/String;'},
 {'clss': 'Lcom/adcolony/sdk/f1;',
  'method': 'p(Ljava/lang/String;)Ljava/lang/String;',
  'name': ['AAID', 'UUID'],
  'num': 1607,
  'source_class': 'Lorg/json/JSONObject;',
  'source_method': 'optString(Ljava/lang/String;)Ljava/lang/String;'},
 {'clss': 'Lcom/adcolony/sdk/c1$m;',
  'method': 'onMessage(Landroid/webkit/WebMessagePort;Landroid/webkit/WebMessage;)V',
  'name': ['UUID'],
  'num': 43,
  'source_class': 'Landroid/webkit/WebMessage;',
  'source_method': 'getData()Ljava/lang/String;'}]
Sinks
[{"smali_tag": "2782_815", "clss": "Lcom/adcolony/sdk/s;", "method": "c()Z", "num": 815, "sink_class": "Ljava/net/URL;", "sink_method": "<init>(Ljava/lang/String;)V", "sink_values": ["https://adc3-launch.adcolony.com/v4/launch"], "sources": ["UUID", "AAID"], "returned_value": null}, {"smali_tag": "2782_815", "clss": "Lcom/adcolony/sdk/s;", "method": "c()Z", "num": 815, "sink_class": "Ljava/net/URL;", "sink_method": "<init>(Ljava/lang/String;)V", "sink_values": ["https://androidads4-8.adcolony.com/configure"], "sources": ["UUID", "AAID"], "returned_value": null}]