project.emulator.get_num_leaks() = 4
Sources
[{'clss': 'Lcom/appsflyer/AppsFlyerLib;',
  'method': 'addDeviceTracking(Landroid/content/Context;Ljava/util/Map;)V',
  'name': ['IMEI'],
  'num': 856,
  'source_class': 'Ljava/lang/reflect/Method;',
  'source_method': 'invoke(Ljava/lang/Object;[Ljava/lang/Object;)Ljava/lang/Object;'},
 {'clss': 'Lcom/appsflyer/AppsFlyerLib;',
  'method': 'addDeviceTracking(Landroid/content/Context;Ljava/util/Map;)V',
  'name': ['AndroidID'],
  'num': 919,
  'source_class': 'Landroid/provider/Settings$Secure;',
  'source_method': 'getString(Landroid/content/ContentResolver;Ljava/lang/String;)Ljava/lang/String;'},
 {'clss': 'Lcom/appsflyer/AppsFlyerLib$e;', 'method': 'run()V', 'name': ['AndroidID', 'IMEI'], 'num': 189, 'source_class': 'Lorg/json/JSONObject;', 'source_method': 'toString()Ljava/lang/String;'},
 {'clss': 'Lcom/appsflyer/AppsFlyerLib;',
  'method': 'sendRequestToServer(Ljava/lang/String;Ljava/lang/String;Ljava/lang/String;Ljava/lang/ref/WeakReference;Ljava/lang/String;Z)V',
  'name': ['AndroidID', 'IMEI'],
  'num': 5234,
  'source_class': 'Ljava/lang/StringBuilder;',
  'source_method': 'toString()Ljava/lang/String;'},
 {'clss': 'Lcom/appsflyer/a;',
  'method': 'logMessageMaskKey(Ljava/lang/String;)V',
  'name': ['AndroidID', 'IMEI'],
  'num': 1649,
  'source_class': 'Ljava/lang/String;',
  'source_method': 'replace(Ljava/lang/CharSequence;Ljava/lang/CharSequence;)Ljava/lang/String;'},
 {'clss': 'Lcom/appsflyer/AFLogger;',
  'method': 'getMessage(Ljava/lang/String;Z)Ljava/lang/String;',
  'name': ['AndroidID', 'IMEI'],
  'num': 461,
  'source_class': 'Ljava/lang/StringBuilder;',
  'source_method': 'toString()Ljava/lang/String;'},
 {'clss': 'Lcom/appsflyer/u;',
  'method': 'addEvent(Ljava/lang/String;Ljava/lang/String;[Ljava/lang/String;)V',
  'name': ['AndroidID', 'IMEI'],
  'num': 321,
  'source_class': 'Ljava/lang/StringBuilder;',
  'source_method': 'toString()Ljava/lang/String;'},
 {'clss': 'Lcom/appsflyer/u;',
  'method': 'addEvent(Ljava/lang/String;Ljava/lang/String;[Ljava/lang/String;)V',
  'name': ['AndroidID', 'IMEI'],
  'num': 464,
  'source_class': 'Ljava/lang/String;',
  'source_method': 'format(Ljava/lang/String;[Ljava/lang/Object;)Ljava/lang/String;'},
 {'clss': 'Lcom/appsflyer/u;',
  'method': 'addEvent(Ljava/lang/String;Ljava/lang/String;[Ljava/lang/String;)V',
  'name': ['AndroidID', 'IMEI'],
  'num': 321,
  'source_class': 'Ljava/lang/StringBuilder;',
  'source_method': 'toString()Ljava/lang/String;'},
 {'clss': 'Lcom/appsflyer/u;',
  'method': 'addEvent(Ljava/lang/String;Ljava/lang/String;[Ljava/lang/String;)V',
  'name': ['AndroidID', 'IMEI'],
  'num': 391,
  'source_class': 'Ljava/lang/String;',
  'source_method': 'format(Ljava/lang/String;[Ljava/lang/Object;)Ljava/lang/String;'},
 {'clss': 'Lcom/appsflyer/AppsFlyerLib;',
  'method': 'addDeviceTracking(Landroid/content/Context;Ljava/util/Map;)V',
  'name': ['IMEI'],
  'num': 813,
  'source_class': 'Landroid/content/SharedPreferences;',
  'source_method': 'getString(Ljava/lang/String;Ljava/lang/String;)Ljava/lang/String;'},
 {'clss': 'Lcom/appsflyer/AppsFlyerLib;',
  'method': 'addDeviceTracking(Landroid/content/Context;Ljava/util/Map;)V',
  'name': ['IMEI'],
  'num': 856,
  'source_class': 'Ljava/lang/reflect/Method;',
  'source_method': 'invoke(Ljava/lang/Object;[Ljava/lang/Object;)Ljava/lang/Object;'},
 {'clss': 'Lcom/appsflyer/AppsFlyerLib;',
  'method': 'addDeviceTracking(Landroid/content/Context;Ljava/util/Map;)V',
  'name': ['AndroidID'],
  'num': 897,
  'source_class': 'Landroid/content/SharedPreferences;',
  'source_method': 'getString(Ljava/lang/String;Ljava/lang/String;)Ljava/lang/String;'},
 {'clss': 'Lcom/appsflyer/AppsFlyerLib;',
  'method': 'addDeviceTracking(Landroid/content/Context;Ljava/util/Map;)V',
  'name': ['AndroidID'],
  'num': 919,
  'source_class': 'Landroid/provider/Settings$Secure;',
  'source_method': 'getString(Landroid/content/ContentResolver;Ljava/lang/String;)Ljava/lang/String;'},
 {'clss': 'Lcom/appsflyer/AppsFlyerLib$e;', 'method': 'run()V', 'name': ['AndroidID', 'IMEI'], 'num': 189, 'source_class': 'Lorg/json/JSONObject;', 'source_method': 'toString()Ljava/lang/String;'},
 {'clss': 'Lcom/appsflyer/AppsFlyerLib;',
  'method': 'sendRequestToServer(Ljava/lang/String;Ljava/lang/String;Ljava/lang/String;Ljava/lang/ref/WeakReference;Ljava/lang/String;Z)V',
  'name': ['AndroidID', 'IMEI'],
  'num': 5234,
  'source_class': 'Ljava/lang/StringBuilder;',
  'source_method': 'toString()Ljava/lang/String;'},
 {'clss': 'Lcom/appsflyer/a;',
  'method': 'logMessageMaskKey(Ljava/lang/String;)V',
  'name': ['AndroidID', 'IMEI'],
  'num': 1649,
  'source_class': 'Ljava/lang/String;',
  'source_method': 'replace(Ljava/lang/CharSequence;Ljava/lang/CharSequence;)Ljava/lang/String;'},
 {'clss': 'Lcom/appsflyer/AFLogger;',
  'method': 'getMessage(Ljava/lang/String;Z)Ljava/lang/String;',
  'name': ['AndroidID', 'IMEI'],
  'num': 461,
  'source_class': 'Ljava/lang/StringBuilder;',
  'source_method': 'toString()Ljava/lang/String;'},
 {'clss': 'Lcom/appsflyer/u;',
  'method': 'addEvent(Ljava/lang/String;Ljava/lang/String;[Ljava/lang/String;)V',
  'name': ['AndroidID', 'IMEI'],
  'num': 321,
  'source_class': 'Ljava/lang/StringBuilder;',
  'source_method': 'toString()Ljava/lang/String;'},
 {'clss': 'Lcom/appsflyer/u;',
  'method': 'addEvent(Ljava/lang/String;Ljava/lang/String;[Ljava/lang/String;)V',
  'name': ['AndroidID', 'IMEI'],
  'num': 464,
  'source_class': 'Ljava/lang/String;',
  'source_method': 'format(Ljava/lang/String;[Ljava/lang/Object;)Ljava/lang/String;'},
 {'clss': 'Lcom/appsflyer/u;',
  'method': 'addEvent(Ljava/lang/String;Ljava/lang/String;[Ljava/lang/String;)V',
  'name': ['AndroidID', 'IMEI'],
  'num': 321,
  'source_class': 'Ljava/lang/StringBuilder;',
  'source_method': 'toString()Ljava/lang/String;'},
 {'clss': 'Lcom/appsflyer/u;',
  'method': 'addEvent(Ljava/lang/String;Ljava/lang/String;[Ljava/lang/String;)V',
  'name': ['AndroidID', 'IMEI'],
  'num': 391,
  'source_class': 'Ljava/lang/String;',
  'source_method': 'format(Ljava/lang/String;[Ljava/lang/Object;)Ljava/lang/String;'},
 {'clss': 'Lcom/appsflyer/AppsFlyerLib;',
  'method': 'addDeviceTracking(Landroid/content/Context;Ljava/util/Map;)V',
  'name': ['IMEI'],
  'num': 813,
  'source_class': 'Landroid/content/SharedPreferences;',
  'source_method': 'getString(Ljava/lang/String;Ljava/lang/String;)Ljava/lang/String;'},
 {'clss': 'Lcom/appsflyer/AppsFlyerLib;',
  'method': 'addDeviceTracking(Landroid/content/Context;Ljava/util/Map;)V',
  'name': ['IMEI'],
  'num': 856,
  'source_class': 'Ljava/lang/reflect/Method;',
  'source_method': 'invoke(Ljava/lang/Object;[Ljava/lang/Object;)Ljava/lang/Object;'},
 {'clss': 'Lcom/appsflyer/AppsFlyerLib;',
  'method': 'addDeviceTracking(Landroid/content/Context;Ljava/util/Map;)V',
  'name': ['AndroidID'],
  'num': 897,
  'source_class': 'Landroid/content/SharedPreferences;',
  'source_method': 'getString(Ljava/lang/String;Ljava/lang/String;)Ljava/lang/String;'},
 {'clss': 'Lcom/appsflyer/AppsFlyerLib;',
  'method': 'addDeviceTracking(Landroid/content/Context;Ljava/util/Map;)V',
  'name': ['AndroidID'],
  'num': 919,
  'source_class': 'Landroid/provider/Settings$Secure;',
  'source_method': 'getString(Landroid/content/ContentResolver;Ljava/lang/String;)Ljava/lang/String;'},
 {'clss': 'Lcom/appsflyer/AppsFlyerLib$e;', 'method': 'run()V', 'name': ['AndroidID', 'IMEI'], 'num': 189, 'source_class': 'Lorg/json/JSONObject;', 'source_method': 'toString()Ljava/lang/String;'},
 {'clss': 'Lcom/appsflyer/AppsFlyerLib;',
  'method': 'sendRequestToServer(Ljava/lang/String;Ljava/lang/String;Ljava/lang/String;Ljava/lang/ref/WeakReference;Ljava/lang/String;Z)V',
  'name': ['AndroidID', 'IMEI'],
  'num': 5234,
  'source_class': 'Ljava/lang/StringBuilder;',
  'source_method': 'toString()Ljava/lang/String;'},
 {'clss': 'Lcom/appsflyer/a;',
  'method': 'logMessageMaskKey(Ljava/lang/String;)V',
  'name': ['AndroidID', 'IMEI'],
  'num': 1649,
  'source_class': 'Ljava/lang/String;',
  'source_method': 'replace(Ljava/lang/CharSequence;Ljava/lang/CharSequence;)Ljava/lang/String;'},
 {'clss': 'Lcom/appsflyer/AFLogger;',
  'method': 'getMessage(Ljava/lang/String;Z)Ljava/lang/String;',
  'name': ['AndroidID', 'IMEI'],
  'num': 461,
  'source_class': 'Ljava/lang/StringBuilder;',
  'source_method': 'toString()Ljava/lang/String;'},
 {'clss': 'Lcom/appsflyer/u;',
  'method': 'addEvent(Ljava/lang/String;Ljava/lang/String;[Ljava/lang/String;)V',
  'name': ['AndroidID', 'IMEI'],
  'num': 321,
  'source_class': 'Ljava/lang/StringBuilder;',
  'source_method': 'toString()Ljava/lang/String;'},
 {'clss': 'Lcom/appsflyer/u;',
  'method': 'addEvent(Ljava/lang/String;Ljava/lang/String;[Ljava/lang/String;)V',
  'name': ['AndroidID', 'IMEI'],
  'num': 464,
  'source_class': 'Ljava/lang/String;',
  'source_method': 'format(Ljava/lang/String;[Ljava/lang/Object;)Ljava/lang/String;'},
 {'clss': 'Lcom/appsflyer/u;',
  'method': 'addEvent(Ljava/lang/String;Ljava/lang/String;[Ljava/lang/String;)V',
  'name': ['AndroidID', 'IMEI'],
  'num': 321,
  'source_class': 'Ljava/lang/StringBuilder;',
  'source_method': 'toString()Ljava/lang/String;'},
 {'clss': 'Lcom/appsflyer/u;',
  'method': 'addEvent(Ljava/lang/String;Ljava/lang/String;[Ljava/lang/String;)V',
  'name': ['AndroidID', 'IMEI'],
  'num': 391,
  'source_class': 'Ljava/lang/String;',
  'source_method': 'format(Ljava/lang/String;[Ljava/lang/Object;)Ljava/lang/String;'},
 {'clss': 'Lcom/appsflyer/AppsFlyerLib;',
  'method': 'addDeviceTracking(Landroid/content/Context;Ljava/util/Map;)V',
  'name': ['IMEI'],
  'num': 813,
  'source_class': 'Landroid/content/SharedPreferences;',
  'source_method': 'getString(Ljava/lang/String;Ljava/lang/String;)Ljava/lang/String;'},
 {'clss': 'Lcom/appsflyer/AppsFlyerLib;',
  'method': 'addDeviceTracking(Landroid/content/Context;Ljava/util/Map;)V',
  'name': ['IMEI'],
  'num': 856,
  'source_class': 'Ljava/lang/reflect/Method;',
  'source_method': 'invoke(Ljava/lang/Object;[Ljava/lang/Object;)Ljava/lang/Object;'},
 {'clss': 'Lcom/appsflyer/AppsFlyerLib;',
  'method': 'addDeviceTracking(Landroid/content/Context;Ljava/util/Map;)V',
  'name': ['AndroidID'],
  'num': 897,
  'source_class': 'Landroid/content/SharedPreferences;',
  'source_method': 'getString(Ljava/lang/String;Ljava/lang/String;)Ljava/lang/String;'},
 {'clss': 'Lcom/appsflyer/AppsFlyerLib;',
  'method': 'addDeviceTracking(Landroid/content/Context;Ljava/util/Map;)V',
  'name': ['AndroidID'],
  'num': 919,
  'source_class': 'Landroid/provider/Settings$Secure;',
  'source_method': 'getString(Landroid/content/ContentResolver;Ljava/lang/String;)Ljava/lang/String;'}]
Sinks
[{"smali_tag": "1641_348", "clss": "Lcom/appsflyer/AppsFlyerLib$a;", "method": "run()V", "num": 348, "sink_class": "Ljava/net/URL;", "sink_method": "<init>(Ljava/lang/String;)V", "sink_values": ["https://api.appsflyer.com/install_data/v3/com.appsflyer.androidsampleapp?devkey=K2aMGPY3SkC9WckYUgHJ99&device_id=1696655270937-8666612243722168354"], "sources": ["IMEI", "AndroidID"], "returned_value": null}, {"smali_tag": "1631_5200", "clss": "Lcom/appsflyer/AppsFlyerLib;", "method": "sendRequestToServer(Ljava/lang/String;Ljava/lang/String;Ljava/lang/String;Ljava/lang/ref/WeakReference;Ljava/lang/String;Z)V", "num": 5200, "sink_class": "Ljava/net/URL;", "sink_method": "<init>(Ljava/lang/String;)V", "sink_values": ["https://events.appsflyer.com/api/v4/androidevent?buildnumber=4.8.7&app_id=com.appsflyer.androidsampleapp"], "sources": ["IMEI", "AndroidID"], "returned_value": null}, {"smali_tag": "1631_5200", "clss": "Lcom/appsflyer/AppsFlyerLib;", "method": "sendRequestToServer(Ljava/lang/String;Ljava/lang/String;Ljava/lang/String;Ljava/lang/ref/WeakReference;Ljava/lang/String;Z)V", "num": 5200, "sink_class": "Ljava/net/URL;", "sink_method": "<init>(Ljava/lang/String;)V", "sink_values": ["https://events.appsflyer.com/api/v4/androidevent?buildnumber=4.8.7&app_id=com.appsflyer.androidsampleapp"], "sources": ["IMEI", "AndroidID"], "returned_value": null}]