project.emulator.get_num_leaks() = 1
Sources
[{'clss': 'Lcom/google/android/gms/internal/ads/zzbzm;',
  'method': 'zzy(Landroid/content/Context;)Ljava/lang/String;',
  'name': ['AndroidID'],
  'num': 1557,
  'source_class': 'Landroid/provider/Settings$Secure;',
  'source_method': 'getString(Landroid/content/ContentResolver;Ljava/lang/String;)Ljava/lang/String;'},
 {'clss': 'Lcom/google/android/gms/internal/ads/zzbzm;',
  'method': 'zzy(Landroid/content/Context;)Ljava/lang/String;',
  'name': ['AndroidID'],
  'num': 1557,
  'source_class': 'Landroid/provider/Settings$Secure;',
  'source_method': 'getString(Landroid/content/ContentResolver;Ljava/lang/String;)Ljava/lang/String;'},
 {'clss': 'Lcom/google/android/gms/internal/ads/zzduu;',
  'method': 'zzb()Ljava/lang/Object;',
  'name': ['UUID'],
  'num': 40,
  'source_class': 'Ljava/util/UUID;',
  'source_method': 'toString()Ljava/lang/String;'},
 {'clss': 'Lcom/google/android/gms/internal/ads/zzflx;', 'method': '<clinit>()V', 'name': ['UUID'], 'num': 34, 'source_class': 'Ljava/util/UUID;', 'source_method': 'toString()Ljava/lang/String;'},
 {'clss': 'Lcom/google/android/gms/internal/ads/zzbnc;',
  'method': 'zzd(Lcom/google/android/gms/internal/ads/zzbnc;Lcom/google/android/gms/internal/ads/zzbme;Lcom/google/android/gms/internal/ads/zzbml;Ljava/lang/Object;Lcom/google/android/gms/internal/ads/zzcal;)V',
  'name': ['UUID'],
  'num': 60,
  'source_class': 'Ljava/util/UUID;',
  'source_method': 'toString()Ljava/lang/String;'},
 {'clss': 'Lcom/google/android/gms/internal/ads/zzblc;',
  'method': 'zzd(Lcom/google/android/gms/internal/ads/zzbld;Ljava/lang/String;Lorg/json/JSONObject;)V',
  'name': ['UUID'],
  'num': 128,
  'source_class': 'Lorg/json/JSONObject;',
  'source_method': 'toString()Ljava/lang/String;'},
 {'clss': 'Lcom/google/android/gms/internal/ads/zzblc;',
  'method': 'zzc(Lcom/google/android/gms/internal/ads/zzbld;Ljava/lang/String;Ljava/lang/String;)V',
  'name': ['UUID'],
  'num': 114,
  'source_class': 'Ljava/lang/StringBuilder;',
  'source_method': 'toString()Ljava/lang/String;'},
 {'clss': 'Lcom/google/android/gms/internal/ads/zzcfz;', 'method': 'run()V', 'name': ['UUID'], 'num': 34, 'source_class': None, 'source_method': None},
 {'clss': 'Lcom/google/android/gms/internal/ads/zzcfi;',
  'method': 'zzj(Landroid/net/Uri;)V',
  'name': ['UUID'],
  'num': 2927,
  'source_class': 'Landroid/net/Uri;',
  'source_method': 'getEncodedQuery()Ljava/lang/String;'},
 {'clss': 'Lcom/google/android/gms/ads/internal/util/zzs;',
  'method': 'zzL(Landroid/net/Uri;)Ljava/util/Map;',
  'name': ['UUID'],
  'num': 1011,
  'source_class': 'Landroid/net/Uri;',
  'source_method': 'getQueryParameter(Ljava/lang/String;)Ljava/lang/String;'},
 {'clss': 'Lcom/google/android/gms/ads/internal/util/zzs;',
  'method': 'zzL(Landroid/net/Uri;)Ljava/util/Map;',
  'name': ['UUID'],
  'num': 1011,
  'source_class': 'Landroid/net/Uri;',
  'source_method': 'getQueryParameter(Ljava/lang/String;)Ljava/lang/String;'},
 {'clss': 'Lcom/google/android/gms/internal/ads/zzbiw;',
  'method': 'zza(Ljava/lang/Object;Ljava/util/Map;)V',
  'name': ['UUID'],
  'num': 49,
  'source_class': 'Ljava/util/Map;',
  'source_method': 'get(Ljava/lang/Object;)Ljava/lang/Object;'},
 {'clss': 'Lcom/google/android/gms/internal/ads/zzcod;',
  'method': 'zzb()Ljava/lang/Object;',
  'name': ['UUID'],
  'num': 83,
  'source_class': 'Ljava/util/UUID;',
  'source_method': 'toString()Ljava/lang/String;'},
 {'clss': 'Lcom/google/android/gms/internal/ads/zzfgs;',
  'method': '<init>(Lcom/google/android/gms/internal/ads/zzfgp;Lcom/google/android/gms/internal/ads/zzfgq;)V',
  'name': ['UUID'],
  'num': 69,
  'source_class': 'Ljava/util/UUID;',
  'source_method': 'toString()Ljava/lang/String;'},
 {'clss': 'Lcom/google/android/gms/internal/ads/zzfhi;',
  'method': 'zzb(Landroid/webkit/WebView;Ljava/lang/String;[Ljava/lang/Object;)V',
  'name': ['UUID'],
  'num': 160,
  'source_class': 'Ljava/lang/StringBuilder;',
  'source_method': 'toString()Ljava/lang/String;'},
 {'clss': 'Lcom/google/android/gms/internal/ads/zzbnk;',
  'method': 'zzc(Ljava/lang/Object;Lcom/google/android/gms/internal/ads/zzbml;)Lcom/google/android/gms/internal/ads/zzfwb;',
  'name': ['UUID'],
  'num': 96,
  'source_class': 'Ljava/util/UUID;',
  'source_method': 'toString()Ljava/lang/String;'},
 {'clss': 'Lcom/google/android/gms/internal/ads/zzblc;',
  'method': 'zzd(Lcom/google/android/gms/internal/ads/zzbld;Ljava/lang/String;Lorg/json/JSONObject;)V',
  'name': ['UUID'],
  'num': 128,
  'source_class': 'Lorg/json/JSONObject;',
  'source_method': 'toString()Ljava/lang/String;'},
 {'clss': 'Lcom/google/android/gms/internal/ads/zzblc;',
  'method': 'zzc(Lcom/google/android/gms/internal/ads/zzbld;Ljava/lang/String;Ljava/lang/String;)V',
  'name': ['UUID'],
  'num': 114,
  'source_class': 'Ljava/lang/StringBuilder;',
  'source_method': 'toString()Ljava/lang/String;'},
 {'clss': 'Lcom/google/android/gms/internal/ads/zzfhy;',
  'method': 'zzd(Landroid/view/View;)Ljava/lang/String;',
  'name': ['UUID'],
  'num': 165,
  'source_class': 'Ljava/util/HashMap;',
  'source_method': 'get(Ljava/lang/Object;)Ljava/lang/Object;'},
 {'clss': 'Lcom/google/android/gms/internal/ads/zzbnk;',
  'method': 'zzc(Ljava/lang/Object;Lcom/google/android/gms/internal/ads/zzbml;)Lcom/google/android/gms/internal/ads/zzfwb;',
  'name': ['UUID'],
  'num': 96,
  'source_class': 'Ljava/util/UUID;',
  'source_method': 'toString()Ljava/lang/String;'},
 {'clss': 'Lcom/google/android/gms/internal/ads/zzblc;',
  'method': 'zzd(Lcom/google/android/gms/internal/ads/zzbld;Ljava/lang/String;Lorg/json/JSONObject;)V',
  'name': ['UUID'],
  'num': 128,
  'source_class': 'Lorg/json/JSONObject;',
  'source_method': 'toString()Ljava/lang/String;'},
 {'clss': 'Lcom/google/android/gms/internal/ads/zzblc;',
  'method': 'zzc(Lcom/google/android/gms/internal/ads/zzbld;Ljava/lang/String;Ljava/lang/String;)V',
  'name': ['UUID'],
  'num': 114,
  'source_class': 'Ljava/lang/StringBuilder;',
  'source_method': 'toString()Ljava/lang/String;'},
 {'clss': 'Lcom/google/android/gms/internal/ads/zzbnk;',
  'method': 'zzc(Ljava/lang/Object;Lcom/google/android/gms/internal/ads/zzbml;)Lcom/google/android/gms/internal/ads/zzfwb;',
  'name': ['UUID'],
  'num': 96,
  'source_class': 'Ljava/util/UUID;',
  'source_method': 'toString()Ljava/lang/String;'},
 {'clss': 'Lcom/google/android/gms/internal/ads/zzblc;',
  'method': 'zzd(Lcom/google/android/gms/internal/ads/zzbld;Ljava/lang/String;Lorg/json/JSONObject;)V',
  'name': ['UUID'],
  'num': 128,
  'source_class': 'Lorg/json/JSONObject;',
  'source_method': 'toString()Ljava/lang/String;'},
 {'clss': 'Lcom/google/android/gms/internal/ads/zzblc;',
  'method': 'zzc(Lcom/google/android/gms/internal/ads/zzbld;Ljava/lang/String;Ljava/lang/String;)V',
  'name': ['UUID'],
  'num': 114,
  'source_class': 'Ljava/lang/StringBuilder;',
  'source_method': 'toString()Ljava/lang/String;'},
 {'clss': 'Lcom/google/android/gms/internal/ads/zzfhi;',
  'method': 'zzb(Landroid/webkit/WebView;Ljava/lang/String;[Ljava/lang/Object;)V',
  'name': ['UUID'],
  'num': 160,
  'source_class': 'Ljava/lang/StringBuilder;',
  'source_method': 'toString()Ljava/lang/String;'},
 {'clss': 'Lcom/google/android/gms/internal/ads/zzcfz;', 'method': 'run()V', 'name': ['UUID'], 'num': 34, 'source_class': None, 'source_method': None},
 {'clss': 'Lcom/google/android/gms/internal/ads/zzcfi;',
  'method': 'zzj(Landroid/net/Uri;)V',
  'name': ['UUID'],
  'num': 3032,
  'source_class': 'Ljava/lang/String;',
  'source_method': 'valueOf(Ljava/lang/Object;)Ljava/lang/String;'},
 {'clss': 'Lcom/google/android/gms/internal/ads/zzcfi;',
  'method': 'zzj(Landroid/net/Uri;)V',
  'name': ['UUID'],
  'num': 3042,
  'source_class': 'Ljava/lang/String;',
  'source_method': 'concat(Ljava/lang/String;)Ljava/lang/String;'},
 {'clss': 'Lcom/google/android/gms/internal/ads/zzcfz;', 'method': 'run()V', 'name': ['UUID'], 'num': 34, 'source_class': None, 'source_method': None},
 {'clss': 'Lcom/google/android/gms/internal/ads/zzcfi;',
  'method': 'zzj(Landroid/net/Uri;)V',
  'name': ['UUID'],
  'num': 3032,
  'source_class': 'Ljava/lang/String;',
  'source_method': 'valueOf(Ljava/lang/Object;)Ljava/lang/String;'},
 {'clss': 'Lcom/google/android/gms/internal/ads/zzcfi;',
  'method': 'zzj(Landroid/net/Uri;)V',
  'name': ['UUID'],
  'num': 3042,
  'source_class': 'Ljava/lang/String;',
  'source_method': 'concat(Ljava/lang/String;)Ljava/lang/String;'},
 {'clss': 'Lcom/google/android/gms/internal/ads/zzcfz;', 'method': 'run()V', 'name': ['UUID'], 'num': 34, 'source_class': None, 'source_method': None},
 {'clss': 'Lcom/google/android/gms/internal/ads/zzcfi;',
  'method': 'zzj(Landroid/net/Uri;)V',
  'name': ['UUID'],
  'num': 2927,
  'source_class': 'Landroid/net/Uri;',
  'source_method': 'getEncodedQuery()Ljava/lang/String;'},
 {'clss': 'Lcom/google/android/gms/ads/internal/util/zzs;',
  'method': 'zzL(Landroid/net/Uri;)Ljava/util/Map;',
  'name': ['UUID'],
  'num': 1011,
  'source_class': 'Landroid/net/Uri;',
  'source_method': 'getQueryParameter(Ljava/lang/String;)Ljava/lang/String;'},
 {'clss': 'Lcom/google/android/gms/ads/internal/util/zzs;',
  'method': 'zzL(Landroid/net/Uri;)Ljava/util/Map;',
  'name': ['UUID'],
  'num': 1011,
  'source_class': 'Landroid/net/Uri;',
  'source_method': 'getQueryParameter(Ljava/lang/String;)Ljava/lang/String;'},
 {'clss': 'Lcom/google/android/gms/internal/ads/zzbiw;',
  'method': 'zza(Ljava/lang/Object;Ljava/util/Map;)V',
  'name': ['UUID'],
  'num': 49,
  'source_class': 'Ljava/util/Map;',
  'source_method': 'get(Ljava/lang/Object;)Ljava/lang/Object;'},
 {'clss': 'Lcom/google/android/gms/internal/ads/zzbnk;',
  'method': 'zzc(Ljava/lang/Object;Lcom/google/android/gms/internal/ads/zzbml;)Lcom/google/android/gms/internal/ads/zzfwb;',
  'name': ['UUID'],
  'num': 96,
  'source_class': 'Ljava/util/UUID;',
  'source_method': 'toString()Ljava/lang/String;'},
 {'clss': 'Lcom/google/android/gms/internal/ads/zzblc;',
  'method': 'zzd(Lcom/google/android/gms/internal/ads/zzbld;Ljava/lang/String;Lorg/json/JSONObject;)V',
  'name': ['UUID'],
  'num': 128,
  'source_class': 'Lorg/json/JSONObject;',
  'source_method': 'toString()Ljava/lang/String;'},
 {'clss': 'Lcom/google/android/gms/internal/ads/zzblc;',
  'method': 'zzc(Lcom/google/android/gms/internal/ads/zzbld;Ljava/lang/String;Ljava/lang/String;)V',
  'name': ['UUID'],
  'num': 114,
  'source_class': 'Ljava/lang/StringBuilder;',
  'source_method': 'toString()Ljava/lang/String;'},
 {'clss': 'Lcom/google/android/gms/internal/ads/zzcfz;', 'method': 'run()V', 'name': ['UUID'], 'num': 34, 'source_class': None, 'source_method': None},
 {'clss': 'Lcom/google/android/gms/internal/ads/zzcfi;',
  'method': 'zzj(Landroid/net/Uri;)V',
  'name': ['UUID'],
  'num': 2927,
  'source_class': 'Landroid/net/Uri;',
  'source_method': 'getEncodedQuery()Ljava/lang/String;'},
 {'clss': 'Lcom/google/android/gms/ads/internal/util/zzs;',
  'method': 'zzL(Landroid/net/Uri;)Ljava/util/Map;',
  'name': ['UUID'],
  'num': 1011,
  'source_class': 'Landroid/net/Uri;',
  'source_method': 'getQueryParameter(Ljava/lang/String;)Ljava/lang/String;'},
 {'clss': 'Lcom/google/android/gms/ads/internal/util/zzs;',
  'method': 'zzL(Landroid/net/Uri;)Ljava/util/Map;',
  'name': ['UUID'],
  'num': 1011,
  'source_class': 'Landroid/net/Uri;',
  'source_method': 'getQueryParameter(Ljava/lang/String;)Ljava/lang/String;'},
 {'clss': 'Lcom/google/android/gms/internal/ads/zzbiw;',
  'method': 'zza(Ljava/lang/Object;Ljava/util/Map;)V',
  'name': ['UUID'],
  'num': 49,
  'source_class': 'Ljava/util/Map;',
  'source_method': 'get(Ljava/lang/Object;)Ljava/lang/Object;'},
 {'clss': 'Lcom/google/android/gms/internal/ads/zzbnk;',
  'method': 'zzc(Ljava/lang/Object;Lcom/google/android/gms/internal/ads/zzbml;)Lcom/google/android/gms/internal/ads/zzfwb;',
  'name': ['UUID'],
  'num': 96,
  'source_class': 'Ljava/util/UUID;',
  'source_method': 'toString()Ljava/lang/String;'},
 {'clss': 'Lcom/google/android/gms/internal/ads/zzcfz;', 'method': 'run()V', 'name': ['UUID'], 'num': 34, 'source_class': None, 'source_method': None},
 {'clss': 'Lcom/google/android/gms/internal/ads/zzcfi;',
  'method': 'zzj(Landroid/net/Uri;)V',
  'name': ['UUID'],
  'num': 2927,
  'source_class': 'Landroid/net/Uri;',
  'source_method': 'getEncodedQuery()Ljava/lang/String;'},
 {'clss': 'Lcom/google/android/gms/internal/ads/zzblc;',
  'method': 'zzd(Lcom/google/android/gms/internal/ads/zzbld;Ljava/lang/String;Lorg/json/JSONObject;)V',
  'name': ['UUID'],
  'num': 128,
  'source_class': 'Lorg/json/JSONObject;',
  'source_method': 'toString()Ljava/lang/String;'},
 {'clss': 'Lcom/google/android/gms/internal/ads/zzblc;',
  'method': 'zzc(Lcom/google/android/gms/internal/ads/zzbld;Ljava/lang/String;Ljava/lang/String;)V',
  'name': ['UUID'],
  'num': 114,
  'source_class': 'Ljava/lang/StringBuilder;',
  'source_method': 'toString()Ljava/lang/String;'},
 {'clss': 'Lcom/google/android/gms/ads/internal/util/zzs;',
  'method': 'zzL(Landroid/net/Uri;)Ljava/util/Map;',
  'name': ['UUID'],
  'num': 1011,
  'source_class': 'Landroid/net/Uri;',
  'source_method': 'getQueryParameter(Ljava/lang/String;)Ljava/lang/String;'},
 {'clss': 'Lcom/google/android/gms/ads/internal/util/zzs;',
  'method': 'zzL(Landroid/net/Uri;)Ljava/util/Map;',
  'name': ['UUID'],
  'num': 1011,
  'source_class': 'Landroid/net/Uri;',
  'source_method': 'getQueryParameter(Ljava/lang/String;)Ljava/lang/String;'},
 {'clss': 'Lcom/google/android/gms/internal/ads/zzbiw;',
  'method': 'zza(Ljava/lang/Object;Ljava/util/Map;)V',
  'name': ['UUID'],
  'num': 49,
  'source_class': 'Ljava/util/Map;',
  'source_method': 'get(Ljava/lang/Object;)Ljava/lang/Object;'},
 {'clss': 'Lcom/google/android/gms/internal/ads/zzcfz;', 'method': 'run()V', 'name': ['UUID'], 'num': 34, 'source_class': None, 'source_method': None},
 {'clss': 'Lcom/google/android/gms/internal/ads/zzcfi;',
  'method': 'zzj(Landroid/net/Uri;)V',
  'name': ['UUID'],
  'num': 2927,
  'source_class': 'Landroid/net/Uri;',
  'source_method': 'getEncodedQuery()Ljava/lang/String;'},
 {'clss': 'Lcom/google/android/gms/ads/internal/util/zzs;',
  'method': 'zzL(Landroid/net/Uri;)Ljava/util/Map;',
  'name': ['UUID'],
  'num': 1011,
  'source_class': 'Landroid/net/Uri;',
  'source_method': 'getQueryParameter(Ljava/lang/String;)Ljava/lang/String;'},
 {'clss': 'Lcom/google/android/gms/ads/internal/util/zzs;',
  'method': 'zzL(Landroid/net/Uri;)Ljava/util/Map;',
  'name': ['UUID'],
  'num': 1011,
  'source_class': 'Landroid/net/Uri;',
  'source_method': 'getQueryParameter(Ljava/lang/String;)Ljava/lang/String;'},
 {'clss': 'Lcom/google/android/gms/internal/ads/zzbiw;',
  'method': 'zza(Ljava/lang/Object;Ljava/util/Map;)V',
  'name': ['UUID'],
  'num': 49,
  'source_class': 'Ljava/util/Map;',
  'source_method': 'get(Ljava/lang/Object;)Ljava/lang/Object;'},
 {'clss': 'Lcom/google/android/gms/internal/ads/zzbnk;',
  'method': 'zzc(Ljava/lang/Object;Lcom/google/android/gms/internal/ads/zzbml;)Lcom/google/android/gms/internal/ads/zzfwb;',
  'name': ['UUID'],
  'num': 96,
  'source_class': 'Ljava/util/UUID;',
  'source_method': 'toString()Ljava/lang/String;'},
 {'clss': 'Lcom/google/android/gms/internal/ads/zzcfz;', 'method': 'run()V', 'name': ['UUID'], 'num': 34, 'source_class': None, 'source_method': None},
 {'clss': 'Lcom/google/android/gms/internal/ads/zzcfi;',
  'method': 'zzj(Landroid/net/Uri;)V',
  'name': ['UUID'],
  'num': 2927,
  'source_class': 'Landroid/net/Uri;',
  'source_method': 'getEncodedQuery()Ljava/lang/String;'},
 {'clss': 'Lcom/google/android/gms/internal/ads/zzblc;',
  'method': 'zzd(Lcom/google/android/gms/internal/ads/zzbld;Ljava/lang/String;Lorg/json/JSONObject;)V',
  'name': ['UUID'],
  'num': 128,
  'source_class': 'Lorg/json/JSONObject;',
  'source_method': 'toString()Ljava/lang/String;'},
 {'clss': 'Lcom/google/android/gms/internal/ads/zzblc;',
  'method': 'zzc(Lcom/google/android/gms/internal/ads/zzbld;Ljava/lang/String;Ljava/lang/String;)V',
  'name': ['UUID'],
  'num': 114,
  'source_class': 'Ljava/lang/StringBuilder;',
  'source_method': 'toString()Ljava/lang/String;'},
 {'clss': 'Lcom/google/android/gms/ads/internal/util/zzs;',
  'method': 'zzL(Landroid/net/Uri;)Ljava/util/Map;',
  'name': ['UUID'],
  'num': 1011,
  'source_class': 'Landroid/net/Uri;',
  'source_method': 'getQueryParameter(Ljava/lang/String;)Ljava/lang/String;'},
 {'clss': 'Lcom/google/android/gms/ads/internal/util/zzs;',
  'method': 'zzL(Landroid/net/Uri;)Ljava/util/Map;',
  'name': ['UUID'],
  'num': 1011,
  'source_class': 'Landroid/net/Uri;',
  'source_method': 'getQueryParameter(Ljava/lang/String;)Ljava/lang/String;'},
 {'clss': 'Lcom/google/android/gms/internal/ads/zzbiw;',
  'method': 'zza(Ljava/lang/Object;Ljava/util/Map;)V',
  'name': ['UUID'],
  'num': 49,
  'source_class': 'Ljava/util/Map;',
  'source_method': 'get(Ljava/lang/Object;)Ljava/lang/Object;'},
 {'clss': 'Lcom/google/android/gms/internal/ads/zzfhy;',
  'method': 'zzd(Landroid/view/View;)Ljava/lang/String;',
  'name': ['UUID'],
  'num': 165,
  'source_class': 'Ljava/util/HashMap;',
  'source_method': 'get(Ljava/lang/Object;)Ljava/lang/Object;'},
 {'clss': 'Lcom/google/android/gms/internal/ads/zzcfz;', 'method': 'run()V', 'name': ['UUID'], 'num': 34, 'source_class': None, 'source_method': None},
 {'clss': 'Lcom/google/android/gms/internal/ads/zzcfi;',
  'method': 'zzj(Landroid/net/Uri;)V',
  'name': ['UUID'],
  'num': 2927,
  'source_class': 'Landroid/net/Uri;',
  'source_method': 'getEncodedQuery()Ljava/lang/String;'},
 {'clss': 'Lcom/google/android/gms/ads/internal/util/zzs;',
  'method': 'zzL(Landroid/net/Uri;)Ljava/util/Map;',
  'name': ['UUID'],
  'num': 1011,
  'source_class': 'Landroid/net/Uri;',
  'source_method': 'getQueryParameter(Ljava/lang/String;)Ljava/lang/String;'},
 {'clss': 'Lcom/google/android/gms/ads/internal/util/zzs;',
  'method': 'zzL(Landroid/net/Uri;)Ljava/util/Map;',
  'name': ['UUID'],
  'num': 1011,
  'source_class': 'Landroid/net/Uri;',
  'source_method': 'getQueryParameter(Ljava/lang/String;)Ljava/lang/String;'},
 {'clss': 'Lcom/google/android/gms/internal/ads/zzbiw;',
  'method': 'zza(Ljava/lang/Object;Ljava/util/Map;)V',
  'name': ['UUID'],
  'num': 49,
  'source_class': 'Ljava/util/Map;',
  'source_method': 'get(Ljava/lang/Object;)Ljava/lang/Object;'},
 {'clss': 'Lcom/google/android/gms/internal/ads/zzfil;',
  'method': 'doInBackground([Ljava/lang/Object;)Ljava/lang/Object;',
  'name': ['UUID'],
  'num': 50,
  'source_class': 'Lorg/json/JSONObject;',
  'source_method': 'toString()Ljava/lang/String;'},
 {'clss': 'Lcom/google/android/gms/internal/ads/zzfht;',
  'method': 'zzg(Lorg/json/JSONObject;Lorg/json/JSONObject;)Z',
  'name': ['UUID'],
  'num': 419,
  'source_class': 'Lorg/json/JSONObject;',
  'source_method': 'optString(Ljava/lang/String;Ljava/lang/String;)Ljava/lang/String;'},
 {'clss': 'Lcom/google/android/gms/internal/ads/zzfht;',
  'method': 'zzg(Lorg/json/JSONObject;Lorg/json/JSONObject;)Z',
  'name': ['UUID'],
  'num': 424,
  'source_class': 'Lorg/json/JSONObject;',
  'source_method': 'optString(Ljava/lang/String;Ljava/lang/String;)Ljava/lang/String;'},
 {'clss': 'Lcom/google/android/gms/internal/ads/zzfhy;',
  'method': 'zzd(Landroid/view/View;)Ljava/lang/String;',
  'name': ['UUID'],
  'num': 165,
  'source_class': 'Ljava/util/HashMap;',
  'source_method': 'get(Ljava/lang/Object;)Ljava/lang/Object;'},
 {'clss': 'Lcom/google/android/gms/internal/ads/zzcfz;', 'method': 'run()V', 'name': ['UUID'], 'num': 34, 'source_class': None, 'source_method': None},
 {'clss': 'Lcom/google/android/gms/internal/ads/zzcfi;',
  'method': 'zzj(Landroid/net/Uri;)V',
  'name': ['UUID'],
  'num': 2927,
  'source_class': 'Landroid/net/Uri;',
  'source_method': 'getEncodedQuery()Ljava/lang/String;'},
 {'clss': 'Lcom/google/android/gms/ads/internal/util/zzs;',
  'method': 'zzL(Landroid/net/Uri;)Ljava/util/Map;',
  'name': ['UUID'],
  'num': 1011,
  'source_class': 'Landroid/net/Uri;',
  'source_method': 'getQueryParameter(Ljava/lang/String;)Ljava/lang/String;'},
 {'clss': 'Lcom/google/android/gms/internal/ads/zzcnu;',
  'method': 'zzg(Lcom/google/android/gms/internal/ads/zzcnu;Ljava/util/Map;)Z',
  'name': ['UUID'],
  'num': 73,
  'source_class': 'Ljava/util/Map;',
  'source_method': 'get(Ljava/lang/Object;)Ljava/lang/Object;'},
 {'clss': 'Lcom/google/android/gms/internal/ads/zzfht;',
  'method': 'zzg(Lorg/json/JSONObject;Lorg/json/JSONObject;)Z',
  'name': ['UUID'],
  'num': 419,
  'source_class': 'Lorg/json/JSONObject;',
  'source_method': 'optString(Ljava/lang/String;Ljava/lang/String;)Ljava/lang/String;'},
 {'clss': 'Lcom/google/android/gms/internal/ads/zzfht;',
  'method': 'zzg(Lorg/json/JSONObject;Lorg/json/JSONObject;)Z',
  'name': ['UUID'],
  'num': 424,
  'source_class': 'Lorg/json/JSONObject;',
  'source_method': 'optString(Ljava/lang/String;Ljava/lang/String;)Ljava/lang/String;'},
 {'clss': 'Lcom/google/android/gms/internal/ads/zzbnk;',
  'method': 'zzc(Ljava/lang/Object;Lcom/google/android/gms/internal/ads/zzbml;)Lcom/google/android/gms/internal/ads/zzfwb;',
  'name': ['UUID'],
  'num': 96,
  'source_class': 'Ljava/util/UUID;',
  'source_method': 'toString()Ljava/lang/String;'},
 {'clss': 'Lcom/google/android/gms/internal/ads/zzblc;',
  'method': 'zzd(Lcom/google/android/gms/internal/ads/zzbld;Ljava/lang/String;Lorg/json/JSONObject;)V',
  'name': ['UUID'],
  'num': 128,
  'source_class': 'Lorg/json/JSONObject;',
  'source_method': 'toString()Ljava/lang/String;'},
 {'clss': 'Lcom/google/android/gms/internal/ads/zzblc;',
  'method': 'zzc(Lcom/google/android/gms/internal/ads/zzbld;Ljava/lang/String;Ljava/lang/String;)V',
  'name': ['UUID'],
  'num': 114,
  'source_class': 'Ljava/lang/StringBuilder;',
  'source_method': 'toString()Ljava/lang/String;'},
 {'clss': 'Lcom/google/android/gms/internal/ads/zzcfz;', 'method': 'run()V', 'name': ['UUID'], 'num': 34, 'source_class': None, 'source_method': None},
 {'clss': 'Lcom/google/android/gms/internal/ads/zzcfi;',
  'method': 'zzj(Landroid/net/Uri;)V',
  'name': ['UUID'],
  'num': 2927,
  'source_class': 'Landroid/net/Uri;',
  'source_method': 'getEncodedQuery()Ljava/lang/String;'},
 {'clss': 'Lcom/google/android/gms/ads/internal/util/zzs;',
  'method': 'zzL(Landroid/net/Uri;)Ljava/util/Map;',
  'name': ['UUID'],
  'num': 1011,
  'source_class': 'Landroid/net/Uri;',
  'source_method': 'getQueryParameter(Ljava/lang/String;)Ljava/lang/String;'},
 {'clss': 'Lcom/google/android/gms/ads/internal/util/zzs;',
  'method': 'zzL(Landroid/net/Uri;)Ljava/util/Map;',
  'name': ['UUID'],
  'num': 1011,
  'source_class': 'Landroid/net/Uri;',
  'source_method': 'getQueryParameter(Ljava/lang/String;)Ljava/lang/String;'},
 {'clss': 'Lcom/google/android/gms/internal/ads/zzbiw;',
  'method': 'zza(Ljava/lang/Object;Ljava/util/Map;)V',
  'name': ['UUID'],
  'num': 49,
  'source_class': 'Ljava/util/Map;',
  'source_method': 'get(Ljava/lang/Object;)Ljava/lang/Object;'},
 {'clss': 'Lcom/google/android/gms/internal/ads/zzfhy;',
  'method': 'zzd(Landroid/view/View;)Ljava/lang/String;',
  'name': ['UUID'],
  'num': 165,
  'source_class': 'Ljava/util/HashMap;',
  'source_method': 'get(Ljava/lang/Object;)Ljava/lang/Object;'},
 {'clss': 'Lcom/google/android/gms/internal/ads/zzfht;',
  'method': 'zzg(Lorg/json/JSONObject;Lorg/json/JSONObject;)Z',
  'name': ['UUID'],
  'num': 419,
  'source_class': 'Lorg/json/JSONObject;',
  'source_method': 'optString(Ljava/lang/String;Ljava/lang/String;)Ljava/lang/String;'},
 {'clss': 'Lcom/google/android/gms/internal/ads/zzfht;',
  'method': 'zzg(Lorg/json/JSONObject;Lorg/json/JSONObject;)Z',
  'name': ['UUID'],
  'num': 424,
  'source_class': 'Lorg/json/JSONObject;',
  'source_method': 'optString(Ljava/lang/String;Ljava/lang/String;)Ljava/lang/String;'},
 {'clss': 'Lcom/google/android/gms/internal/ads/zzcfz;', 'method': 'run()V', 'name': ['UUID'], 'num': 34, 'source_class': None, 'source_method': None},
 {'clss': 'Lcom/google/android/gms/internal/ads/zzcfi;',
  'method': 'zzj(Landroid/net/Uri;)V',
  'name': ['UUID'],
  'num': 2927,
  'source_class': 'Landroid/net/Uri;',
  'source_method': 'getEncodedQuery()Ljava/lang/String;'},
 {'clss': 'Lcom/google/android/gms/ads/internal/util/zzs;',
  'method': 'zzL(Landroid/net/Uri;)Ljava/util/Map;',
  'name': ['UUID'],
  'num': 1011,
  'source_class': 'Landroid/net/Uri;',
  'source_method': 'getQueryParameter(Ljava/lang/String;)Ljava/lang/String;'},
 {'clss': 'Lcom/google/android/gms/internal/ads/zzcnu;',
  'method': 'zzg(Lcom/google/android/gms/internal/ads/zzcnu;Ljava/util/Map;)Z',
  'name': ['UUID'],
  'num': 73,
  'source_class': 'Ljava/util/Map;',
  'source_method': 'get(Ljava/lang/Object;)Ljava/lang/Object;'},
 {'clss': 'Lcom/google/android/gms/internal/ads/zzbnk;',
  'method': 'zzc(Ljava/lang/Object;Lcom/google/android/gms/internal/ads/zzbml;)Lcom/google/android/gms/internal/ads/zzfwb;',
  'name': ['UUID'],
  'num': 96,
  'source_class': 'Ljava/util/UUID;',
  'source_method': 'toString()Ljava/lang/String;'},
 {'clss': 'Lcom/google/android/gms/internal/ads/zzblc;',
  'method': 'zzd(Lcom/google/android/gms/internal/ads/zzbld;Ljava/lang/String;Lorg/json/JSONObject;)V',
  'name': ['UUID'],
  'num': 128,
  'source_class': 'Lorg/json/JSONObject;',
  'source_method': 'toString()Ljava/lang/String;'},
 {'clss': 'Lcom/google/android/gms/internal/ads/zzblc;',
  'method': 'zzc(Lcom/google/android/gms/internal/ads/zzbld;Ljava/lang/String;Ljava/lang/String;)V',
  'name': ['UUID'],
  'num': 114,
  'source_class': 'Ljava/lang/StringBuilder;',
  'source_method': 'toString()Ljava/lang/String;'},
 {'clss': 'Lcom/google/android/gms/internal/ads/zzcfz;', 'method': 'run()V', 'name': ['UUID'], 'num': 34, 'source_class': None, 'source_method': None},
 {'clss': 'Lcom/google/android/gms/internal/ads/zzcfi;',
  'method': 'zzj(Landroid/net/Uri;)V',
  'name': ['UUID'],
  'num': 2927,
  'source_class': 'Landroid/net/Uri;',
  'source_method': 'getEncodedQuery()Ljava/lang/String;'},
 {'clss': 'Lcom/google/android/gms/ads/internal/util/zzs;',
  'method': 'zzL(Landroid/net/Uri;)Ljava/util/Map;',
  'name': ['UUID'],
  'num': 1011,
  'source_class': 'Landroid/net/Uri;',
  'source_method': 'getQueryParameter(Ljava/lang/String;)Ljava/lang/String;'},
 {'clss': 'Lcom/google/android/gms/ads/internal/util/zzs;',
  'method': 'zzL(Landroid/net/Uri;)Ljava/util/Map;',
  'name': ['UUID'],
  'num': 1011,
  'source_class': 'Landroid/net/Uri;',
  'source_method': 'getQueryParameter(Ljava/lang/String;)Ljava/lang/String;'},
 {'clss': 'Lcom/google/android/gms/internal/ads/zzbiw;',
  'method': 'zza(Ljava/lang/Object;Ljava/util/Map;)V',
  'name': ['UUID'],
  'num': 49,
  'source_class': 'Ljava/util/Map;',
  'source_method': 'get(Ljava/lang/Object;)Ljava/lang/Object;'},
 {'clss': 'Lcom/google/android/gms/internal/ads/zzfhy;',
  'method': 'zzd(Landroid/view/View;)Ljava/lang/String;',
  'name': ['UUID'],
  'num': 165,
  'source_class': 'Ljava/util/HashMap;',
  'source_method': 'get(Ljava/lang/Object;)Ljava/lang/Object;'},
 {'clss': 'Lcom/google/android/gms/internal/ads/zzfht;',
  'method': 'zzg(Lorg/json/JSONObject;Lorg/json/JSONObject;)Z',
  'name': ['UUID'],
  'num': 419,
  'source_class': 'Lorg/json/JSONObject;',
  'source_method': 'optString(Ljava/lang/String;Ljava/lang/String;)Ljava/lang/String;'},
 {'clss': 'Lcom/google/android/gms/internal/ads/zzfht;',
  'method': 'zzg(Lorg/json/JSONObject;Lorg/json/JSONObject;)Z',
  'name': ['UUID'],
  'num': 424,
  'source_class': 'Lorg/json/JSONObject;',
  'source_method': 'optString(Ljava/lang/String;Ljava/lang/String;)Ljava/lang/String;'},
 {'clss': 'Lcom/google/android/gms/internal/ads/zzcfz;', 'method': 'run()V', 'name': ['UUID'], 'num': 34, 'source_class': None, 'source_method': None},
 {'clss': 'Lcom/google/android/gms/internal/ads/zzcfi;',
  'method': 'zzj(Landroid/net/Uri;)V',
  'name': ['UUID'],
  'num': 2927,
  'source_class': 'Landroid/net/Uri;',
  'source_method': 'getEncodedQuery()Ljava/lang/String;'},
 {'clss': 'Lcom/google/android/gms/ads/internal/util/zzs;',
  'method': 'zzL(Landroid/net/Uri;)Ljava/util/Map;',
  'name': ['UUID'],
  'num': 1011,
  'source_class': 'Landroid/net/Uri;',
  'source_method': 'getQueryParameter(Ljava/lang/String;)Ljava/lang/String;'},
 {'clss': 'Lcom/google/android/gms/internal/ads/zzcnu;',
  'method': 'zzg(Lcom/google/android/gms/internal/ads/zzcnu;Ljava/util/Map;)Z',
  'name': ['UUID'],
  'num': 73,
  'source_class': 'Ljava/util/Map;',
  'source_method': 'get(Ljava/lang/Object;)Ljava/lang/Object;'},
 {'clss': 'Lcom/google/android/gms/internal/ads/zzbnk;',
  'method': 'zzc(Ljava/lang/Object;Lcom/google/android/gms/internal/ads/zzbml;)Lcom/google/android/gms/internal/ads/zzfwb;',
  'name': ['UUID'],
  'num': 96,
  'source_class': 'Ljava/util/UUID;',
  'source_method': 'toString()Ljava/lang/String;'},
 {'clss': 'Lcom/google/android/gms/internal/ads/zzblc;',
  'method': 'zzd(Lcom/google/android/gms/internal/ads/zzbld;Ljava/lang/String;Lorg/json/JSONObject;)V',
  'name': ['UUID'],
  'num': 128,
  'source_class': 'Lorg/json/JSONObject;',
  'source_method': 'toString()Ljava/lang/String;'},
 {'clss': 'Lcom/google/android/gms/internal/ads/zzblc;',
  'method': 'zzc(Lcom/google/android/gms/internal/ads/zzbld;Ljava/lang/String;Ljava/lang/String;)V',
  'name': ['UUID'],
  'num': 114,
  'source_class': 'Ljava/lang/StringBuilder;',
  'source_method': 'toString()Ljava/lang/String;'},
 {'clss': 'Lcom/google/android/gms/internal/ads/zzcfz;', 'method': 'run()V', 'name': ['UUID'], 'num': 34, 'source_class': None, 'source_method': None},
 {'clss': 'Lcom/google/android/gms/internal/ads/zzcfi;',
  'method': 'zzj(Landroid/net/Uri;)V',
  'name': ['UUID'],
  'num': 2927,
  'source_class': 'Landroid/net/Uri;',
  'source_method': 'getEncodedQuery()Ljava/lang/String;'},
 {'clss': 'Lcom/google/android/gms/ads/internal/util/zzs;',
  'method': 'zzL(Landroid/net/Uri;)Ljava/util/Map;',
  'name': ['UUID'],
  'num': 1011,
  'source_class': 'Landroid/net/Uri;',
  'source_method': 'getQueryParameter(Ljava/lang/String;)Ljava/lang/String;'},
 {'clss': 'Lcom/google/android/gms/ads/internal/util/zzs;',
  'method': 'zzL(Landroid/net/Uri;)Ljava/util/Map;',
  'name': ['UUID'],
  'num': 1011,
  'source_class': 'Landroid/net/Uri;',
  'source_method': 'getQueryParameter(Ljava/lang/String;)Ljava/lang/String;'},
 {'clss': 'Lcom/google/android/gms/internal/ads/zzbiw;',
  'method': 'zza(Ljava/lang/Object;Ljava/util/Map;)V',
  'name': ['UUID'],
  'num': 49,
  'source_class': 'Ljava/util/Map;',
  'source_method': 'get(Ljava/lang/Object;)Ljava/lang/Object;'},
 {'clss': 'Lcom/google/android/gms/internal/ads/zzfhy;',
  'method': 'zzd(Landroid/view/View;)Ljava/lang/String;',
  'name': ['UUID'],
  'num': 165,
  'source_class': 'Ljava/util/HashMap;',
  'source_method': 'get(Ljava/lang/Object;)Ljava/lang/Object;'},
 {'clss': 'Lcom/google/android/gms/internal/ads/zzfht;',
  'method': 'zzg(Lorg/json/JSONObject;Lorg/json/JSONObject;)Z',
  'name': ['UUID'],
  'num': 419,
  'source_class': 'Lorg/json/JSONObject;',
  'source_method': 'optString(Ljava/lang/String;Ljava/lang/String;)Ljava/lang/String;'},
 {'clss': 'Lcom/google/android/gms/internal/ads/zzfht;',
  'method': 'zzg(Lorg/json/JSONObject;Lorg/json/JSONObject;)Z',
  'name': ['UUID'],
  'num': 424,
  'source_class': 'Lorg/json/JSONObject;',
  'source_method': 'optString(Ljava/lang/String;Ljava/lang/String;)Ljava/lang/String;'},
 {'clss': 'Lcom/google/android/gms/internal/ads/zzcfz;', 'method': 'run()V', 'name': ['UUID'], 'num': 34, 'source_class': None, 'source_method': None},
 {'clss': 'Lcom/google/android/gms/internal/ads/zzcfi;',
  'method': 'zzj(Landroid/net/Uri;)V',
  'name': ['UUID'],
  'num': 2927,
  'source_class': 'Landroid/net/Uri;',
  'source_method': 'getEncodedQuery()Ljava/lang/String;'},
 {'clss': 'Lcom/google/android/gms/ads/internal/util/zzs;',
  'method': 'zzL(Landroid/net/Uri;)Ljava/util/Map;',
  'name': ['UUID'],
  'num': 1011,
  'source_class': 'Landroid/net/Uri;',
  'source_method': 'getQueryParameter(Ljava/lang/String;)Ljava/lang/String;'},
 {'clss': 'Lcom/google/android/gms/internal/ads/zzcnu;',
  'method': 'zzg(Lcom/google/android/gms/internal/ads/zzcnu;Ljava/util/Map;)Z',
  'name': ['UUID'],
  'num': 73,
  'source_class': 'Ljava/util/Map;',
  'source_method': 'get(Ljava/lang/Object;)Ljava/lang/Object;'},
 {'clss': 'Lcom/google/android/gms/internal/ads/zzbnk;',
  'method': 'zzc(Ljava/lang/Object;Lcom/google/android/gms/internal/ads/zzbml;)Lcom/google/android/gms/internal/ads/zzfwb;',
  'name': ['UUID'],
  'num': 96,
  'source_class': 'Ljava/util/UUID;',
  'source_method': 'toString()Ljava/lang/String;'},
 {'clss': 'Lcom/google/android/gms/internal/ads/zzblc;',
  'method': 'zzd(Lcom/google/android/gms/internal/ads/zzbld;Ljava/lang/String;Lorg/json/JSONObject;)V',
  'name': ['UUID'],
  'num': 128,
  'source_class': 'Lorg/json/JSONObject;',
  'source_method': 'toString()Ljava/lang/String;'},
 {'clss': 'Lcom/google/android/gms/internal/ads/zzblc;',
  'method': 'zzc(Lcom/google/android/gms/internal/ads/zzbld;Ljava/lang/String;Ljava/lang/String;)V',
  'name': ['UUID'],
  'num': 114,
  'source_class': 'Ljava/lang/StringBuilder;',
  'source_method': 'toString()Ljava/lang/String;'},
 {'clss': 'Lcom/google/android/gms/internal/ads/zzcfz;', 'method': 'run()V', 'name': ['UUID'], 'num': 34, 'source_class': None, 'source_method': None},
 {'clss': 'Lcom/google/android/gms/internal/ads/zzcfi;',
  'method': 'zzj(Landroid/net/Uri;)V',
  'name': ['UUID'],
  'num': 3032,
  'source_class': 'Ljava/lang/String;',
  'source_method': 'valueOf(Ljava/lang/Object;)Ljava/lang/String;'},
 {'clss': 'Lcom/google/android/gms/internal/ads/zzcfi;',
  'method': 'zzj(Landroid/net/Uri;)V',
  'name': ['UUID'],
  'num': 3042,
  'source_class': 'Ljava/lang/String;',
  'source_method': 'concat(Ljava/lang/String;)Ljava/lang/String;'},
 {'clss': 'Lcom/google/android/gms/internal/ads/zzcfz;', 'method': 'run()V', 'name': ['UUID'], 'num': 34, 'source_class': None, 'source_method': None},
 {'clss': 'Lcom/google/android/gms/internal/ads/zzcfi;',
  'method': 'zzj(Landroid/net/Uri;)V',
  'name': ['UUID'],
  'num': 2927,
  'source_class': 'Landroid/net/Uri;',
  'source_method': 'getEncodedQuery()Ljava/lang/String;'},
 {'clss': 'Lcom/google/android/gms/ads/internal/util/zzs;',
  'method': 'zzL(Landroid/net/Uri;)Ljava/util/Map;',
  'name': ['UUID'],
  'num': 1011,
  'source_class': 'Landroid/net/Uri;',
  'source_method': 'getQueryParameter(Ljava/lang/String;)Ljava/lang/String;'},
 {'clss': 'Lcom/google/android/gms/ads/internal/util/zzs;',
  'method': 'zzL(Landroid/net/Uri;)Ljava/util/Map;',
  'name': ['UUID'],
  'num': 1011,
  'source_class': 'Landroid/net/Uri;',
  'source_method': 'getQueryParameter(Ljava/lang/String;)Ljava/lang/String;'},
 {'clss': 'Lcom/google/android/gms/internal/ads/zzbiw;',
  'method': 'zza(Ljava/lang/Object;Ljava/util/Map;)V',
  'name': ['UUID'],
  'num': 49,
  'source_class': 'Ljava/util/Map;',
  'source_method': 'get(Ljava/lang/Object;)Ljava/lang/Object;'},
 {'clss': 'Lcom/google/android/gms/internal/ads/zzfhy;',
  'method': 'zzd(Landroid/view/View;)Ljava/lang/String;',
  'name': ['UUID'],
  'num': 165,
  'source_class': 'Ljava/util/HashMap;',
  'source_method': 'get(Ljava/lang/Object;)Ljava/lang/Object;'},
 {'clss': 'Lcom/google/android/gms/internal/ads/zzfht;',
  'method': 'zzg(Lorg/json/JSONObject;Lorg/json/JSONObject;)Z',
  'name': ['UUID'],
  'num': 419,
  'source_class': 'Lorg/json/JSONObject;',
  'source_method': 'optString(Ljava/lang/String;Ljava/lang/String;)Ljava/lang/String;'},
 {'clss': 'Lcom/google/android/gms/internal/ads/zzfht;',
  'method': 'zzg(Lorg/json/JSONObject;Lorg/json/JSONObject;)Z',
  'name': ['UUID'],
  'num': 424,
  'source_class': 'Lorg/json/JSONObject;',
  'source_method': 'optString(Ljava/lang/String;Ljava/lang/String;)Ljava/lang/String;'},
 {'clss': 'Lcom/google/android/gms/internal/ads/zzfhy;',
  'method': 'zzd(Landroid/view/View;)Ljava/lang/String;',
  'name': ['UUID'],
  'num': 165,
  'source_class': 'Ljava/util/HashMap;',
  'source_method': 'get(Ljava/lang/Object;)Ljava/lang/Object;'},
 {'clss': 'Lcom/google/android/gms/internal/ads/zzfht;',
  'method': 'zzg(Lorg/json/JSONObject;Lorg/json/JSONObject;)Z',
  'name': ['UUID'],
  'num': 419,
  'source_class': 'Lorg/json/JSONObject;',
  'source_method': 'optString(Ljava/lang/String;Ljava/lang/String;)Ljava/lang/String;'},
 {'clss': 'Lcom/google/android/gms/internal/ads/zzfht;',
  'method': 'zzg(Lorg/json/JSONObject;Lorg/json/JSONObject;)Z',
  'name': ['UUID'],
  'num': 424,
  'source_class': 'Lorg/json/JSONObject;',
  'source_method': 'optString(Ljava/lang/String;Ljava/lang/String;)Ljava/lang/String;'},
 {'clss': 'Lcom/google/android/gms/internal/ads/zzcfz;', 'method': 'run()V', 'name': ['UUID'], 'num': 34, 'source_class': None, 'source_method': None},
 {'clss': 'Lcom/google/android/gms/internal/ads/zzcfi;',
  'method': 'zzj(Landroid/net/Uri;)V',
  'name': ['UUID'],
  'num': 2927,
  'source_class': 'Landroid/net/Uri;',
  'source_method': 'getEncodedQuery()Ljava/lang/String;'},
 {'clss': 'Lcom/google/android/gms/ads/internal/util/zzs;',
  'method': 'zzL(Landroid/net/Uri;)Ljava/util/Map;',
  'name': ['UUID'],
  'num': 1011,
  'source_class': 'Landroid/net/Uri;',
  'source_method': 'getQueryParameter(Ljava/lang/String;)Ljava/lang/String;'},
 {'clss': 'Lcom/google/android/gms/internal/ads/zzcnu;',
  'method': 'zzg(Lcom/google/android/gms/internal/ads/zzcnu;Ljava/util/Map;)Z',
  'name': ['UUID'],
  'num': 73,
  'source_class': 'Ljava/util/Map;',
  'source_method': 'get(Ljava/lang/Object;)Ljava/lang/Object;'},
 {'clss': 'Lcom/google/android/gms/internal/ads/zzbnk;',
  'method': 'zzc(Ljava/lang/Object;Lcom/google/android/gms/internal/ads/zzbml;)Lcom/google/android/gms/internal/ads/zzfwb;',
  'name': ['UUID'],
  'num': 96,
  'source_class': 'Ljava/util/UUID;',
  'source_method': 'toString()Ljava/lang/String;'},
 {'clss': 'Lcom/google/android/gms/internal/ads/zzblc;',
  'method': 'zzd(Lcom/google/android/gms/internal/ads/zzbld;Ljava/lang/String;Lorg/json/JSONObject;)V',
  'name': ['UUID'],
  'num': 128,
  'source_class': 'Lorg/json/JSONObject;',
  'source_method': 'toString()Ljava/lang/String;'},
 {'clss': 'Lcom/google/android/gms/internal/ads/zzblc;',
  'method': 'zzc(Lcom/google/android/gms/internal/ads/zzbld;Ljava/lang/String;Ljava/lang/String;)V',
  'name': ['UUID'],
  'num': 114,
  'source_class': 'Ljava/lang/StringBuilder;',
  'source_method': 'toString()Ljava/lang/String;'},
 {'clss': 'Lcom/google/android/gms/internal/ads/zzcfz;', 'method': 'run()V', 'name': ['UUID'], 'num': 34, 'source_class': None, 'source_method': None},
 {'clss': 'Lcom/google/android/gms/internal/ads/zzcfi;',
  'method': 'zzj(Landroid/net/Uri;)V',
  'name': ['UUID'],
  'num': 2927,
  'source_class': 'Landroid/net/Uri;',
  'source_method': 'getEncodedQuery()Ljava/lang/String;'},
 {'clss': 'Lcom/google/android/gms/ads/internal/util/zzs;',
  'method': 'zzL(Landroid/net/Uri;)Ljava/util/Map;',
  'name': ['UUID'],
  'num': 1011,
  'source_class': 'Landroid/net/Uri;',
  'source_method': 'getQueryParameter(Ljava/lang/String;)Ljava/lang/String;'},
 {'clss': 'Lcom/google/android/gms/ads/internal/util/zzs;',
  'method': 'zzL(Landroid/net/Uri;)Ljava/util/Map;',
  'name': ['UUID'],
  'num': 1011,
  'source_class': 'Landroid/net/Uri;',
  'source_method': 'getQueryParameter(Ljava/lang/String;)Ljava/lang/String;'},
 {'clss': 'Lcom/google/android/gms/internal/ads/zzbiw;',
  'method': 'zza(Ljava/lang/Object;Ljava/util/Map;)V',
  'name': ['UUID'],
  'num': 49,
  'source_class': 'Ljava/util/Map;',
  'source_method': 'get(Ljava/lang/Object;)Ljava/lang/Object;'},
 {'clss': 'Lcom/google/android/gms/internal/ads/zzfhy;',
  'method': 'zzd(Landroid/view/View;)Ljava/lang/String;',
  'name': ['UUID'],
  'num': 165,
  'source_class': 'Ljava/util/HashMap;',
  'source_method': 'get(Ljava/lang/Object;)Ljava/lang/Object;'},
 {'clss': 'Lcom/google/android/gms/internal/ads/zzfht;',
  'method': 'zzg(Lorg/json/JSONObject;Lorg/json/JSONObject;)Z',
  'name': ['UUID'],
  'num': 419,
  'source_class': 'Lorg/json/JSONObject;',
  'source_method': 'optString(Ljava/lang/String;Ljava/lang/String;)Ljava/lang/String;'},
 {'clss': 'Lcom/google/android/gms/internal/ads/zzfht;',
  'method': 'zzg(Lorg/json/JSONObject;Lorg/json/JSONObject;)Z',
  'name': ['UUID'],
  'num': 424,
  'source_class': 'Lorg/json/JSONObject;',
  'source_method': 'optString(Ljava/lang/String;Ljava/lang/String;)Ljava/lang/String;'},
 {'clss': 'Lcom/google/android/gms/internal/ads/zzfhy;',
  'method': 'zzd(Landroid/view/View;)Ljava/lang/String;',
  'name': ['UUID'],
  'num': 165,
  'source_class': 'Ljava/util/HashMap;',
  'source_method': 'get(Ljava/lang/Object;)Ljava/lang/Object;'},
 {'clss': 'Lcom/google/android/gms/internal/ads/zzfht;',
  'method': 'zzg(Lorg/json/JSONObject;Lorg/json/JSONObject;)Z',
  'name': ['UUID'],
  'num': 419,
  'source_class': 'Lorg/json/JSONObject;',
  'source_method': 'optString(Ljava/lang/String;Ljava/lang/String;)Ljava/lang/String;'},
 {'clss': 'Lcom/google/android/gms/internal/ads/zzfht;',
  'method': 'zzg(Lorg/json/JSONObject;Lorg/json/JSONObject;)Z',
  'name': ['UUID'],
  'num': 424,
  'source_class': 'Lorg/json/JSONObject;',
  'source_method': 'optString(Ljava/lang/String;Ljava/lang/String;)Ljava/lang/String;'},
 {'clss': 'Lcom/google/android/gms/internal/ads/zzfhy;',
  'method': 'zzd(Landroid/view/View;)Ljava/lang/String;',
  'name': ['UUID'],
  'num': 165,
  'source_class': 'Ljava/util/HashMap;',
  'source_method': 'get(Ljava/lang/Object;)Ljava/lang/Object;'},
 {'clss': 'Lcom/google/android/gms/internal/ads/zzfht;',
  'method': 'zzg(Lorg/json/JSONObject;Lorg/json/JSONObject;)Z',
  'name': ['UUID'],
  'num': 419,
  'source_class': 'Lorg/json/JSONObject;',
  'source_method': 'optString(Ljava/lang/String;Ljava/lang/String;)Ljava/lang/String;'},
 {'clss': 'Lcom/google/android/gms/internal/ads/zzfht;',
  'method': 'zzg(Lorg/json/JSONObject;Lorg/json/JSONObject;)Z',
  'name': ['UUID'],
  'num': 424,
  'source_class': 'Lorg/json/JSONObject;',
  'source_method': 'optString(Ljava/lang/String;Ljava/lang/String;)Ljava/lang/String;'},
 {'clss': 'Lcom/google/android/gms/internal/ads/zzfhy;',
  'method': 'zzd(Landroid/view/View;)Ljava/lang/String;',
  'name': ['UUID'],
  'num': 165,
  'source_class': 'Ljava/util/HashMap;',
  'source_method': 'get(Ljava/lang/Object;)Ljava/lang/Object;'},
 {'clss': 'Lcom/google/android/gms/internal/ads/zzfht;',
  'method': 'zzg(Lorg/json/JSONObject;Lorg/json/JSONObject;)Z',
  'name': ['UUID'],
  'num': 419,
  'source_class': 'Lorg/json/JSONObject;',
  'source_method': 'optString(Ljava/lang/String;Ljava/lang/String;)Ljava/lang/String;'},
 {'clss': 'Lcom/google/android/gms/internal/ads/zzfht;',
  'method': 'zzg(Lorg/json/JSONObject;Lorg/json/JSONObject;)Z',
  'name': ['UUID'],
  'num': 424,
  'source_class': 'Lorg/json/JSONObject;',
  'source_method': 'optString(Ljava/lang/String;Ljava/lang/String;)Ljava/lang/String;'},
 {'clss': 'Lcom/google/android/gms/internal/ads/zzcfz;', 'method': 'run()V', 'name': ['UUID'], 'num': 34, 'source_class': None, 'source_method': None},
 {'clss': 'Lcom/google/android/gms/internal/ads/zzcfi;',
  'method': 'zzj(Landroid/net/Uri;)V',
  'name': ['UUID'],
  'num': 2927,
  'source_class': 'Landroid/net/Uri;',
  'source_method': 'getEncodedQuery()Ljava/lang/String;'},
 {'clss': 'Lcom/google/android/gms/ads/internal/util/zzs;',
  'method': 'zzL(Landroid/net/Uri;)Ljava/util/Map;',
  'name': ['UUID'],
  'num': 1011,
  'source_class': 'Landroid/net/Uri;',
  'source_method': 'getQueryParameter(Ljava/lang/String;)Ljava/lang/String;'},
 {'clss': 'Lcom/google/android/gms/internal/ads/zzcnu;',
  'method': 'zzg(Lcom/google/android/gms/internal/ads/zzcnu;Ljava/util/Map;)Z',
  'name': ['UUID'],
  'num': 73,
  'source_class': 'Ljava/util/Map;',
  'source_method': 'get(Ljava/lang/Object;)Ljava/lang/Object;'},
 {'clss': 'Lcom/google/android/gms/internal/ads/zzbnk;',
  'method': 'zzc(Ljava/lang/Object;Lcom/google/android/gms/internal/ads/zzbml;)Lcom/google/android/gms/internal/ads/zzfwb;',
  'name': ['UUID'],
  'num': 96,
  'source_class': 'Ljava/util/UUID;',
  'source_method': 'toString()Ljava/lang/String;'},
 {'clss': 'Lcom/google/android/gms/internal/ads/zzblc;',
  'method': 'zzd(Lcom/google/android/gms/internal/ads/zzbld;Ljava/lang/String;Lorg/json/JSONObject;)V',
  'name': ['UUID'],
  'num': 128,
  'source_class': 'Lorg/json/JSONObject;',
  'source_method': 'toString()Ljava/lang/String;'},
 {'clss': 'Lcom/google/android/gms/internal/ads/zzblc;',
  'method': 'zzc(Lcom/google/android/gms/internal/ads/zzbld;Ljava/lang/String;Ljava/lang/String;)V',
  'name': ['UUID'],
  'num': 114,
  'source_class': 'Ljava/lang/StringBuilder;',
  'source_method': 'toString()Ljava/lang/String;'},
 {'clss': 'Lcom/google/android/gms/internal/ads/zzcfz;', 'method': 'run()V', 'name': ['UUID'], 'num': 34, 'source_class': None, 'source_method': None},
 {'clss': 'Lcom/google/android/gms/internal/ads/zzcfi;',
  'method': 'zzj(Landroid/net/Uri;)V',
  'name': ['UUID'],
  'num': 2927,
  'source_class': 'Landroid/net/Uri;',
  'source_method': 'getEncodedQuery()Ljava/lang/String;'},
 {'clss': 'Lcom/google/android/gms/ads/internal/util/zzs;',
  'method': 'zzL(Landroid/net/Uri;)Ljava/util/Map;',
  'name': ['UUID'],
  'num': 1011,
  'source_class': 'Landroid/net/Uri;',
  'source_method': 'getQueryParameter(Ljava/lang/String;)Ljava/lang/String;'},
 {'clss': 'Lcom/google/android/gms/ads/internal/util/zzs;',
  'method': 'zzL(Landroid/net/Uri;)Ljava/util/Map;',
  'name': ['UUID'],
  'num': 1011,
  'source_class': 'Landroid/net/Uri;',
  'source_method': 'getQueryParameter(Ljava/lang/String;)Ljava/lang/String;'},
 {'clss': 'Lcom/google/android/gms/internal/ads/zzbiw;',
  'method': 'zza(Ljava/lang/Object;Ljava/util/Map;)V',
  'name': ['UUID'],
  'num': 49,
  'source_class': 'Ljava/util/Map;',
  'source_method': 'get(Ljava/lang/Object;)Ljava/lang/Object;'},
 {'clss': 'Lcom/google/android/gms/internal/ads/zzfhy;',
  'method': 'zzd(Landroid/view/View;)Ljava/lang/String;',
  'name': ['UUID'],
  'num': 165,
  'source_class': 'Ljava/util/HashMap;',
  'source_method': 'get(Ljava/lang/Object;)Ljava/lang/Object;'},
 {'clss': 'Lcom/google/android/gms/internal/ads/zzfht;',
  'method': 'zzg(Lorg/json/JSONObject;Lorg/json/JSONObject;)Z',
  'name': ['UUID'],
  'num': 419,
  'source_class': 'Lorg/json/JSONObject;',
  'source_method': 'optString(Ljava/lang/String;Ljava/lang/String;)Ljava/lang/String;'},
 {'clss': 'Lcom/google/android/gms/internal/ads/zzfht;',
  'method': 'zzg(Lorg/json/JSONObject;Lorg/json/JSONObject;)Z',
  'name': ['UUID'],
  'num': 424,
  'source_class': 'Lorg/json/JSONObject;',
  'source_method': 'optString(Ljava/lang/String;Ljava/lang/String;)Ljava/lang/String;'},
 {'clss': 'Lcom/google/android/gms/internal/ads/zzfhy;',
  'method': 'zzd(Landroid/view/View;)Ljava/lang/String;',
  'name': ['UUID'],
  'num': 165,
  'source_class': 'Ljava/util/HashMap;',
  'source_method': 'get(Ljava/lang/Object;)Ljava/lang/Object;'},
 {'clss': 'Lcom/google/android/gms/internal/ads/zzfht;',
  'method': 'zzg(Lorg/json/JSONObject;Lorg/json/JSONObject;)Z',
  'name': ['UUID'],
  'num': 419,
  'source_class': 'Lorg/json/JSONObject;',
  'source_method': 'optString(Ljava/lang/String;Ljava/lang/String;)Ljava/lang/String;'},
 {'clss': 'Lcom/google/android/gms/internal/ads/zzfht;',
  'method': 'zzg(Lorg/json/JSONObject;Lorg/json/JSONObject;)Z',
  'name': ['UUID'],
  'num': 424,
  'source_class': 'Lorg/json/JSONObject;',
  'source_method': 'optString(Ljava/lang/String;Ljava/lang/String;)Ljava/lang/String;'},
 {'clss': 'Lcom/google/android/gms/internal/ads/zzfhy;',
  'method': 'zzd(Landroid/view/View;)Ljava/lang/String;',
  'name': ['UUID'],
  'num': 165,
  'source_class': 'Ljava/util/HashMap;',
  'source_method': 'get(Ljava/lang/Object;)Ljava/lang/Object;'},
 {'clss': 'Lcom/google/android/gms/internal/ads/zzfht;',
  'method': 'zzg(Lorg/json/JSONObject;Lorg/json/JSONObject;)Z',
  'name': ['UUID'],
  'num': 419,
  'source_class': 'Lorg/json/JSONObject;',
  'source_method': 'optString(Ljava/lang/String;Ljava/lang/String;)Ljava/lang/String;'},
 {'clss': 'Lcom/google/android/gms/internal/ads/zzfht;',
  'method': 'zzg(Lorg/json/JSONObject;Lorg/json/JSONObject;)Z',
  'name': ['UUID'],
  'num': 424,
  'source_class': 'Lorg/json/JSONObject;',
  'source_method': 'optString(Ljava/lang/String;Ljava/lang/String;)Ljava/lang/String;'},
 {'clss': 'Lcom/google/android/gms/internal/ads/zzfhy;',
  'method': 'zzd(Landroid/view/View;)Ljava/lang/String;',
  'name': ['UUID'],
  'num': 165,
  'source_class': 'Ljava/util/HashMap;',
  'source_method': 'get(Ljava/lang/Object;)Ljava/lang/Object;'},
 {'clss': 'Lcom/google/android/gms/internal/ads/zzfht;',
  'method': 'zzg(Lorg/json/JSONObject;Lorg/json/JSONObject;)Z',
  'name': ['UUID'],
  'num': 419,
  'source_class': 'Lorg/json/JSONObject;',
  'source_method': 'optString(Ljava/lang/String;Ljava/lang/String;)Ljava/lang/String;'},
 {'clss': 'Lcom/google/android/gms/internal/ads/zzfht;',
  'method': 'zzg(Lorg/json/JSONObject;Lorg/json/JSONObject;)Z',
  'name': ['UUID'],
  'num': 424,
  'source_class': 'Lorg/json/JSONObject;',
  'source_method': 'optString(Ljava/lang/String;Ljava/lang/String;)Ljava/lang/String;'},
 {'clss': 'Lcom/google/android/gms/internal/ads/zzfhy;',
  'method': 'zzd(Landroid/view/View;)Ljava/lang/String;',
  'name': ['UUID'],
  'num': 165,
  'source_class': 'Ljava/util/HashMap;',
  'source_method': 'get(Ljava/lang/Object;)Ljava/lang/Object;'},
 {'clss': 'Lcom/google/android/gms/internal/ads/zzfht;',
  'method': 'zzg(Lorg/json/JSONObject;Lorg/json/JSONObject;)Z',
  'name': ['UUID'],
  'num': 419,
  'source_class': 'Lorg/json/JSONObject;',
  'source_method': 'optString(Ljava/lang/String;Ljava/lang/String;)Ljava/lang/String;'},
 {'clss': 'Lcom/google/android/gms/internal/ads/zzfht;',
  'method': 'zzg(Lorg/json/JSONObject;Lorg/json/JSONObject;)Z',
  'name': ['UUID'],
  'num': 424,
  'source_class': 'Lorg/json/JSONObject;',
  'source_method': 'optString(Ljava/lang/String;Ljava/lang/String;)Ljava/lang/String;'},
 {'clss': 'Lcom/google/android/gms/internal/ads/zzfhy;',
  'method': 'zzd(Landroid/view/View;)Ljava/lang/String;',
  'name': ['UUID'],
  'num': 165,
  'source_class': 'Ljava/util/HashMap;',
  'source_method': 'get(Ljava/lang/Object;)Ljava/lang/Object;'},
 {'clss': 'Lcom/google/android/gms/internal/ads/zzfht;',
  'method': 'zzg(Lorg/json/JSONObject;Lorg/json/JSONObject;)Z',
  'name': ['UUID'],
  'num': 419,
  'source_class': 'Lorg/json/JSONObject;',
  'source_method': 'optString(Ljava/lang/String;Ljava/lang/String;)Ljava/lang/String;'},
 {'clss': 'Lcom/google/android/gms/internal/ads/zzfht;',
  'method': 'zzg(Lorg/json/JSONObject;Lorg/json/JSONObject;)Z',
  'name': ['UUID'],
  'num': 424,
  'source_class': 'Lorg/json/JSONObject;',
  'source_method': 'optString(Ljava/lang/String;Ljava/lang/String;)Ljava/lang/String;'},
 {'clss': 'Lcom/google/android/gms/internal/ads/zzfhy;',
  'method': 'zzd(Landroid/view/View;)Ljava/lang/String;',
  'name': ['UUID'],
  'num': 165,
  'source_class': 'Ljava/util/HashMap;',
  'source_method': 'get(Ljava/lang/Object;)Ljava/lang/Object;'},
 {'clss': 'Lcom/google/android/gms/internal/ads/zzfht;',
  'method': 'zzg(Lorg/json/JSONObject;Lorg/json/JSONObject;)Z',
  'name': ['UUID'],
  'num': 419,
  'source_class': 'Lorg/json/JSONObject;',
  'source_method': 'optString(Ljava/lang/String;Ljava/lang/String;)Ljava/lang/String;'},
 {'clss': 'Lcom/google/android/gms/internal/ads/zzfht;',
  'method': 'zzg(Lorg/json/JSONObject;Lorg/json/JSONObject;)Z',
  'name': ['UUID'],
  'num': 424,
  'source_class': 'Lorg/json/JSONObject;',
  'source_method': 'optString(Ljava/lang/String;Ljava/lang/String;)Ljava/lang/String;'},
 {'clss': 'Lcom/google/android/gms/internal/ads/zzfhy;',
  'method': 'zzd(Landroid/view/View;)Ljava/lang/String;',
  'name': ['UUID'],
  'num': 165,
  'source_class': 'Ljava/util/HashMap;',
  'source_method': 'get(Ljava/lang/Object;)Ljava/lang/Object;'},
 {'clss': 'Lcom/google/android/gms/internal/ads/zzfht;',
  'method': 'zzg(Lorg/json/JSONObject;Lorg/json/JSONObject;)Z',
  'name': ['UUID'],
  'num': 419,
  'source_class': 'Lorg/json/JSONObject;',
  'source_method': 'optString(Ljava/lang/String;Ljava/lang/String;)Ljava/lang/String;'},
 {'clss': 'Lcom/google/android/gms/internal/ads/zzfht;',
  'method': 'zzg(Lorg/json/JSONObject;Lorg/json/JSONObject;)Z',
  'name': ['UUID'],
  'num': 424,
  'source_class': 'Lorg/json/JSONObject;',
  'source_method': 'optString(Ljava/lang/String;Ljava/lang/String;)Ljava/lang/String;'},
 {'clss': 'Lcom/google/android/gms/internal/ads/zzcfz;', 'method': 'run()V', 'name': ['UUID'], 'num': 34, 'source_class': None, 'source_method': None},
 {'clss': 'Lcom/google/android/gms/internal/ads/zzcfi;',
  'method': 'zzj(Landroid/net/Uri;)V',
  'name': ['UUID'],
  'num': 2927,
  'source_class': 'Landroid/net/Uri;',
  'source_method': 'getEncodedQuery()Ljava/lang/String;'},
 {'clss': 'Lcom/google/android/gms/ads/internal/util/zzs;',
  'method': 'zzL(Landroid/net/Uri;)Ljava/util/Map;',
  'name': ['UUID'],
  'num': 1011,
  'source_class': 'Landroid/net/Uri;',
  'source_method': 'getQueryParameter(Ljava/lang/String;)Ljava/lang/String;'},
 {'clss': 'Lcom/google/android/gms/internal/ads/zzcnu;',
  'method': 'zzg(Lcom/google/android/gms/internal/ads/zzcnu;Ljava/util/Map;)Z',
  'name': ['UUID'],
  'num': 73,
  'source_class': 'Ljava/util/Map;',
  'source_method': 'get(Ljava/lang/Object;)Ljava/lang/Object;'},
 {'clss': 'Lcom/google/android/gms/internal/ads/zzbnk;',
  'method': 'zzc(Ljava/lang/Object;Lcom/google/android/gms/internal/ads/zzbml;)Lcom/google/android/gms/internal/ads/zzfwb;',
  'name': ['UUID'],
  'num': 96,
  'source_class': 'Ljava/util/UUID;',
  'source_method': 'toString()Ljava/lang/String;'},
 {'clss': 'Lcom/google/android/gms/internal/ads/zzblc;',
  'method': 'zzd(Lcom/google/android/gms/internal/ads/zzbld;Ljava/lang/String;Lorg/json/JSONObject;)V',
  'name': ['UUID'],
  'num': 128,
  'source_class': 'Lorg/json/JSONObject;',
  'source_method': 'toString()Ljava/lang/String;'},
 {'clss': 'Lcom/google/android/gms/internal/ads/zzblc;',
  'method': 'zzc(Lcom/google/android/gms/internal/ads/zzbld;Ljava/lang/String;Ljava/lang/String;)V',
  'name': ['UUID'],
  'num': 114,
  'source_class': 'Ljava/lang/StringBuilder;',
  'source_method': 'toString()Ljava/lang/String;'},
 {'clss': 'Lcom/google/android/gms/internal/ads/zzcfz;', 'method': 'run()V', 'name': ['UUID'], 'num': 34, 'source_class': None, 'source_method': None},
 {'clss': 'Lcom/google/android/gms/internal/ads/zzcfi;',
  'method': 'zzj(Landroid/net/Uri;)V',
  'name': ['UUID'],
  'num': 2927,
  'source_class': 'Landroid/net/Uri;',
  'source_method': 'getEncodedQuery()Ljava/lang/String;'},
 {'clss': 'Lcom/google/android/gms/ads/internal/util/zzs;',
  'method': 'zzL(Landroid/net/Uri;)Ljava/util/Map;',
  'name': ['UUID'],
  'num': 1011,
  'source_class': 'Landroid/net/Uri;',
  'source_method': 'getQueryParameter(Ljava/lang/String;)Ljava/lang/String;'},
 {'clss': 'Lcom/google/android/gms/ads/internal/util/zzs;',
  'method': 'zzL(Landroid/net/Uri;)Ljava/util/Map;',
  'name': ['UUID'],
  'num': 1011,
  'source_class': 'Landroid/net/Uri;',
  'source_method': 'getQueryParameter(Ljava/lang/String;)Ljava/lang/String;'},
 {'clss': 'Lcom/google/android/gms/internal/ads/zzbiw;',
  'method': 'zza(Ljava/lang/Object;Ljava/util/Map;)V',
  'name': ['UUID'],
  'num': 49,
  'source_class': 'Ljava/util/Map;',
  'source_method': 'get(Ljava/lang/Object;)Ljava/lang/Object;'},
 {'clss': 'Lcom/google/android/gms/internal/ads/zzfhy;',
  'method': 'zzd(Landroid/view/View;)Ljava/lang/String;',
  'name': ['UUID'],
  'num': 165,
  'source_class': 'Ljava/util/HashMap;',
  'source_method': 'get(Ljava/lang/Object;)Ljava/lang/Object;'},
 {'clss': 'Lcom/google/android/gms/internal/ads/zzfht;',
  'method': 'zzg(Lorg/json/JSONObject;Lorg/json/JSONObject;)Z',
  'name': ['UUID'],
  'num': 419,
  'source_class': 'Lorg/json/JSONObject;',
  'source_method': 'optString(Ljava/lang/String;Ljava/lang/String;)Ljava/lang/String;'},
 {'clss': 'Lcom/google/android/gms/internal/ads/zzfht;',
  'method': 'zzg(Lorg/json/JSONObject;Lorg/json/JSONObject;)Z',
  'name': ['UUID'],
  'num': 424,
  'source_class': 'Lorg/json/JSONObject;',
  'source_method': 'optString(Ljava/lang/String;Ljava/lang/String;)Ljava/lang/String;'},
 {'clss': 'Lcom/google/android/gms/internal/ads/zzfhy;',
  'method': 'zzd(Landroid/view/View;)Ljava/lang/String;',
  'name': ['UUID'],
  'num': 165,
  'source_class': 'Ljava/util/HashMap;',
  'source_method': 'get(Ljava/lang/Object;)Ljava/lang/Object;'},
 {'clss': 'Lcom/google/android/gms/internal/ads/zzfht;',
  'method': 'zzg(Lorg/json/JSONObject;Lorg/json/JSONObject;)Z',
  'name': ['UUID'],
  'num': 419,
  'source_class': 'Lorg/json/JSONObject;',
  'source_method': 'optString(Ljava/lang/String;Ljava/lang/String;)Ljava/lang/String;'},
 {'clss': 'Lcom/google/android/gms/internal/ads/zzfht;',
  'method': 'zzg(Lorg/json/JSONObject;Lorg/json/JSONObject;)Z',
  'name': ['UUID'],
  'num': 424,
  'source_class': 'Lorg/json/JSONObject;',
  'source_method': 'optString(Ljava/lang/String;Ljava/lang/String;)Ljava/lang/String;'},
 {'clss': 'Lcom/google/android/gms/internal/ads/zzfhy;',
  'method': 'zzd(Landroid/view/View;)Ljava/lang/String;',
  'name': ['UUID'],
  'num': 165,
  'source_class': 'Ljava/util/HashMap;',
  'source_method': 'get(Ljava/lang/Object;)Ljava/lang/Object;'},
 {'clss': 'Lcom/google/android/gms/internal/ads/zzfht;',
  'method': 'zzg(Lorg/json/JSONObject;Lorg/json/JSONObject;)Z',
  'name': ['UUID'],
  'num': 419,
  'source_class': 'Lorg/json/JSONObject;',
  'source_method': 'optString(Ljava/lang/String;Ljava/lang/String;)Ljava/lang/String;'},
 {'clss': 'Lcom/google/android/gms/internal/ads/zzfht;',
  'method': 'zzg(Lorg/json/JSONObject;Lorg/json/JSONObject;)Z',
  'name': ['UUID'],
  'num': 424,
  'source_class': 'Lorg/json/JSONObject;',
  'source_method': 'optString(Ljava/lang/String;Ljava/lang/String;)Ljava/lang/String;'},
 {'clss': 'Lcom/google/android/gms/internal/ads/zzfhy;',
  'method': 'zzd(Landroid/view/View;)Ljava/lang/String;',
  'name': ['UUID'],
  'num': 165,
  'source_class': 'Ljava/util/HashMap;',
  'source_method': 'get(Ljava/lang/Object;)Ljava/lang/Object;'},
 {'clss': 'Lcom/google/android/gms/internal/ads/zzfht;',
  'method': 'zzg(Lorg/json/JSONObject;Lorg/json/JSONObject;)Z',
  'name': ['UUID'],
  'num': 419,
  'source_class': 'Lorg/json/JSONObject;',
  'source_method': 'optString(Ljava/lang/String;Ljava/lang/String;)Ljava/lang/String;'},
 {'clss': 'Lcom/google/android/gms/internal/ads/zzfht;',
  'method': 'zzg(Lorg/json/JSONObject;Lorg/json/JSONObject;)Z',
  'name': ['UUID'],
  'num': 424,
  'source_class': 'Lorg/json/JSONObject;',
  'source_method': 'optString(Ljava/lang/String;Ljava/lang/String;)Ljava/lang/String;'},
 {'clss': 'Lcom/google/android/gms/internal/ads/zzfhy;',
  'method': 'zzd(Landroid/view/View;)Ljava/lang/String;',
  'name': ['UUID'],
  'num': 165,
  'source_class': 'Ljava/util/HashMap;',
  'source_method': 'get(Ljava/lang/Object;)Ljava/lang/Object;'},
 {'clss': 'Lcom/google/android/gms/internal/ads/zzfht;',
  'method': 'zzg(Lorg/json/JSONObject;Lorg/json/JSONObject;)Z',
  'name': ['UUID'],
  'num': 419,
  'source_class': 'Lorg/json/JSONObject;',
  'source_method': 'optString(Ljava/lang/String;Ljava/lang/String;)Ljava/lang/String;'},
 {'clss': 'Lcom/google/android/gms/internal/ads/zzfht;',
  'method': 'zzg(Lorg/json/JSONObject;Lorg/json/JSONObject;)Z',
  'name': ['UUID'],
  'num': 424,
  'source_class': 'Lorg/json/JSONObject;',
  'source_method': 'optString(Ljava/lang/String;Ljava/lang/String;)Ljava/lang/String;'},
 {'clss': 'Lcom/google/android/gms/internal/ads/zzfhy;',
  'method': 'zzd(Landroid/view/View;)Ljava/lang/String;',
  'name': ['UUID'],
  'num': 165,
  'source_class': 'Ljava/util/HashMap;',
  'source_method': 'get(Ljava/lang/Object;)Ljava/lang/Object;'},
 {'clss': 'Lcom/google/android/gms/internal/ads/zzfht;',
  'method': 'zzg(Lorg/json/JSONObject;Lorg/json/JSONObject;)Z',
  'name': ['UUID'],
  'num': 419,
  'source_class': 'Lorg/json/JSONObject;',
  'source_method': 'optString(Ljava/lang/String;Ljava/lang/String;)Ljava/lang/String;'},
 {'clss': 'Lcom/google/android/gms/internal/ads/zzfht;',
  'method': 'zzg(Lorg/json/JSONObject;Lorg/json/JSONObject;)Z',
  'name': ['UUID'],
  'num': 424,
  'source_class': 'Lorg/json/JSONObject;',
  'source_method': 'optString(Ljava/lang/String;Ljava/lang/String;)Ljava/lang/String;'},
 {'clss': 'Lcom/google/android/gms/internal/ads/zzfhy;',
  'method': 'zzd(Landroid/view/View;)Ljava/lang/String;',
  'name': ['UUID'],
  'num': 165,
  'source_class': 'Ljava/util/HashMap;',
  'source_method': 'get(Ljava/lang/Object;)Ljava/lang/Object;'},
 {'clss': 'Lcom/google/android/gms/internal/ads/zzfht;',
  'method': 'zzg(Lorg/json/JSONObject;Lorg/json/JSONObject;)Z',
  'name': ['UUID'],
  'num': 419,
  'source_class': 'Lorg/json/JSONObject;',
  'source_method': 'optString(Ljava/lang/String;Ljava/lang/String;)Ljava/lang/String;'},
 {'clss': 'Lcom/google/android/gms/internal/ads/zzfht;',
  'method': 'zzg(Lorg/json/JSONObject;Lorg/json/JSONObject;)Z',
  'name': ['UUID'],
  'num': 424,
  'source_class': 'Lorg/json/JSONObject;',
  'source_method': 'optString(Ljava/lang/String;Ljava/lang/String;)Ljava/lang/String;'},
 {'clss': 'Lcom/google/android/gms/internal/ads/zzfhy;',
  'method': 'zzd(Landroid/view/View;)Ljava/lang/String;',
  'name': ['UUID'],
  'num': 165,
  'source_class': 'Ljava/util/HashMap;',
  'source_method': 'get(Ljava/lang/Object;)Ljava/lang/Object;'},
 {'clss': 'Lcom/google/android/gms/internal/ads/zzfht;',
  'method': 'zzg(Lorg/json/JSONObject;Lorg/json/JSONObject;)Z',
  'name': ['UUID'],
  'num': 419,
  'source_class': 'Lorg/json/JSONObject;',
  'source_method': 'optString(Ljava/lang/String;Ljava/lang/String;)Ljava/lang/String;'},
 {'clss': 'Lcom/google/android/gms/internal/ads/zzfht;',
  'method': 'zzg(Lorg/json/JSONObject;Lorg/json/JSONObject;)Z',
  'name': ['UUID'],
  'num': 424,
  'source_class': 'Lorg/json/JSONObject;',
  'source_method': 'optString(Ljava/lang/String;Ljava/lang/String;)Ljava/lang/String;'},
 {'clss': 'Lcom/google/android/gms/internal/ads/zzfhy;',
  'method': 'zzd(Landroid/view/View;)Ljava/lang/String;',
  'name': ['UUID'],
  'num': 165,
  'source_class': 'Ljava/util/HashMap;',
  'source_method': 'get(Ljava/lang/Object;)Ljava/lang/Object;'},
 {'clss': 'Lcom/google/android/gms/internal/ads/zzfht;',
  'method': 'zzg(Lorg/json/JSONObject;Lorg/json/JSONObject;)Z',
  'name': ['UUID'],
  'num': 419,
  'source_class': 'Lorg/json/JSONObject;',
  'source_method': 'optString(Ljava/lang/String;Ljava/lang/String;)Ljava/lang/String;'},
 {'clss': 'Lcom/google/android/gms/internal/ads/zzfht;',
  'method': 'zzg(Lorg/json/JSONObject;Lorg/json/JSONObject;)Z',
  'name': ['UUID'],
  'num': 424,
  'source_class': 'Lorg/json/JSONObject;',
  'source_method': 'optString(Ljava/lang/String;Ljava/lang/String;)Ljava/lang/String;'},
 {'clss': 'Lcom/google/android/gms/internal/ads/zzfhy;',
  'method': 'zzd(Landroid/view/View;)Ljava/lang/String;',
  'name': ['UUID'],
  'num': 165,
  'source_class': 'Ljava/util/HashMap;',
  'source_method': 'get(Ljava/lang/Object;)Ljava/lang/Object;'},
 {'clss': 'Lcom/google/android/gms/internal/ads/zzfht;',
  'method': 'zzg(Lorg/json/JSONObject;Lorg/json/JSONObject;)Z',
  'name': ['UUID'],
  'num': 419,
  'source_class': 'Lorg/json/JSONObject;',
  'source_method': 'optString(Ljava/lang/String;Ljava/lang/String;)Ljava/lang/String;'},
 {'clss': 'Lcom/google/android/gms/internal/ads/zzfht;',
  'method': 'zzg(Lorg/json/JSONObject;Lorg/json/JSONObject;)Z',
  'name': ['UUID'],
  'num': 424,
  'source_class': 'Lorg/json/JSONObject;',
  'source_method': 'optString(Ljava/lang/String;Ljava/lang/String;)Ljava/lang/String;'},
 {'clss': 'Lcom/google/android/gms/internal/ads/zzcfz;', 'method': 'run()V', 'name': ['UUID'], 'num': 34, 'source_class': None, 'source_method': None},
 {'clss': 'Lcom/google/android/gms/internal/ads/zzcfi;',
  'method': 'zzj(Landroid/net/Uri;)V',
  'name': ['UUID'],
  'num': 2927,
  'source_class': 'Landroid/net/Uri;',
  'source_method': 'getEncodedQuery()Ljava/lang/String;'},
 {'clss': 'Lcom/google/android/gms/ads/internal/util/zzs;',
  'method': 'zzL(Landroid/net/Uri;)Ljava/util/Map;',
  'name': ['UUID'],
  'num': 1011,
  'source_class': 'Landroid/net/Uri;',
  'source_method': 'getQueryParameter(Ljava/lang/String;)Ljava/lang/String;'},
 {'clss': 'Lcom/google/android/gms/internal/ads/zzcnu;',
  'method': 'zzg(Lcom/google/android/gms/internal/ads/zzcnu;Ljava/util/Map;)Z',
  'name': ['UUID'],
  'num': 73,
  'source_class': 'Ljava/util/Map;',
  'source_method': 'get(Ljava/lang/Object;)Ljava/lang/Object;'},
 {'clss': 'Lcom/google/android/gms/internal/ads/zzbnk;',
  'method': 'zzc(Ljava/lang/Object;Lcom/google/android/gms/internal/ads/zzbml;)Lcom/google/android/gms/internal/ads/zzfwb;',
  'name': ['UUID'],
  'num': 96,
  'source_class': 'Ljava/util/UUID;',
  'source_method': 'toString()Ljava/lang/String;'},
 {'clss': 'Lcom/google/android/gms/internal/ads/zzblc;',
  'method': 'zzd(Lcom/google/android/gms/internal/ads/zzbld;Ljava/lang/String;Lorg/json/JSONObject;)V',
  'name': ['UUID'],
  'num': 128,
  'source_class': 'Lorg/json/JSONObject;',
  'source_method': 'toString()Ljava/lang/String;'},
 {'clss': 'Lcom/google/android/gms/internal/ads/zzblc;',
  'method': 'zzc(Lcom/google/android/gms/internal/ads/zzbld;Ljava/lang/String;Ljava/lang/String;)V',
  'name': ['UUID'],
  'num': 114,
  'source_class': 'Ljava/lang/StringBuilder;',
  'source_method': 'toString()Ljava/lang/String;'},
 {'clss': 'Lcom/google/android/gms/internal/ads/zzcfz;', 'method': 'run()V', 'name': ['UUID'], 'num': 34, 'source_class': None, 'source_method': None},
 {'clss': 'Lcom/google/android/gms/internal/ads/zzcfi;',
  'method': 'zzj(Landroid/net/Uri;)V',
  'name': ['UUID'],
  'num': 2927,
  'source_class': 'Landroid/net/Uri;',
  'source_method': 'getEncodedQuery()Ljava/lang/String;'},
 {'clss': 'Lcom/google/android/gms/ads/internal/util/zzs;',
  'method': 'zzL(Landroid/net/Uri;)Ljava/util/Map;',
  'name': ['UUID'],
  'num': 1011,
  'source_class': 'Landroid/net/Uri;',
  'source_method': 'getQueryParameter(Ljava/lang/String;)Ljava/lang/String;'},
 {'clss': 'Lcom/google/android/gms/ads/internal/util/zzs;',
  'method': 'zzL(Landroid/net/Uri;)Ljava/util/Map;',
  'name': ['UUID'],
  'num': 1011,
  'source_class': 'Landroid/net/Uri;',
  'source_method': 'getQueryParameter(Ljava/lang/String;)Ljava/lang/String;'},
 {'clss': 'Lcom/google/android/gms/internal/ads/zzbiw;',
  'method': 'zza(Ljava/lang/Object;Ljava/util/Map;)V',
  'name': ['UUID'],
  'num': 49,
  'source_class': 'Ljava/util/Map;',
  'source_method': 'get(Ljava/lang/Object;)Ljava/lang/Object;'},
 {'clss': 'Lcom/google/android/gms/internal/ads/zzfhy;',
  'method': 'zzd(Landroid/view/View;)Ljava/lang/String;',
  'name': ['UUID'],
  'num': 165,
  'source_class': 'Ljava/util/HashMap;',
  'source_method': 'get(Ljava/lang/Object;)Ljava/lang/Object;'},
 {'clss': 'Lcom/google/android/gms/internal/ads/zzfht;',
  'method': 'zzg(Lorg/json/JSONObject;Lorg/json/JSONObject;)Z',
  'name': ['UUID'],
  'num': 419,
  'source_class': 'Lorg/json/JSONObject;',
  'source_method': 'optString(Ljava/lang/String;Ljava/lang/String;)Ljava/lang/String;'},
 {'clss': 'Lcom/google/android/gms/internal/ads/zzfht;',
  'method': 'zzg(Lorg/json/JSONObject;Lorg/json/JSONObject;)Z',
  'name': ['UUID'],
  'num': 424,
  'source_class': 'Lorg/json/JSONObject;',
  'source_method': 'optString(Ljava/lang/String;Ljava/lang/String;)Ljava/lang/String;'},
 {'clss': 'Lcom/google/android/gms/internal/ads/zzfhy;',
  'method': 'zzd(Landroid/view/View;)Ljava/lang/String;',
  'name': ['UUID'],
  'num': 165,
  'source_class': 'Ljava/util/HashMap;',
  'source_method': 'get(Ljava/lang/Object;)Ljava/lang/Object;'},
 {'clss': 'Lcom/google/android/gms/internal/ads/zzfht;',
  'method': 'zzg(Lorg/json/JSONObject;Lorg/json/JSONObject;)Z',
  'name': ['UUID'],
  'num': 419,
  'source_class': 'Lorg/json/JSONObject;',
  'source_method': 'optString(Ljava/lang/String;Ljava/lang/String;)Ljava/lang/String;'},
 {'clss': 'Lcom/google/android/gms/internal/ads/zzfht;',
  'method': 'zzg(Lorg/json/JSONObject;Lorg/json/JSONObject;)Z',
  'name': ['UUID'],
  'num': 424,
  'source_class': 'Lorg/json/JSONObject;',
  'source_method': 'optString(Ljava/lang/String;Ljava/lang/String;)Ljava/lang/String;'},
 {'clss': 'Lcom/google/android/gms/internal/ads/zzfhy;',
  'method': 'zzd(Landroid/view/View;)Ljava/lang/String;',
  'name': ['UUID'],
  'num': 165,
  'source_class': 'Ljava/util/HashMap;',
  'source_method': 'get(Ljava/lang/Object;)Ljava/lang/Object;'},
 {'clss': 'Lcom/google/android/gms/internal/ads/zzfht;',
  'method': 'zzg(Lorg/json/JSONObject;Lorg/json/JSONObject;)Z',
  'name': ['UUID'],
  'num': 419,
  'source_class': 'Lorg/json/JSONObject;',
  'source_method': 'optString(Ljava/lang/String;Ljava/lang/String;)Ljava/lang/String;'},
 {'clss': 'Lcom/google/android/gms/internal/ads/zzfht;',
  'method': 'zzg(Lorg/json/JSONObject;Lorg/json/JSONObject;)Z',
  'name': ['UUID'],
  'num': 424,
  'source_class': 'Lorg/json/JSONObject;',
  'source_method': 'optString(Ljava/lang/String;Ljava/lang/String;)Ljava/lang/String;'},
 {'clss': 'Lcom/google/android/gms/internal/ads/zzfhy;',
  'method': 'zzd(Landroid/view/View;)Ljava/lang/String;',
  'name': ['UUID'],
  'num': 165,
  'source_class': 'Ljava/util/HashMap;',
  'source_method': 'get(Ljava/lang/Object;)Ljava/lang/Object;'},
 {'clss': 'Lcom/google/android/gms/internal/ads/zzfht;',
  'method': 'zzg(Lorg/json/JSONObject;Lorg/json/JSONObject;)Z',
  'name': ['UUID'],
  'num': 419,
  'source_class': 'Lorg/json/JSONObject;',
  'source_method': 'optString(Ljava/lang/String;Ljava/lang/String;)Ljava/lang/String;'},
 {'clss': 'Lcom/google/android/gms/internal/ads/zzfht;',
  'method': 'zzg(Lorg/json/JSONObject;Lorg/json/JSONObject;)Z',
  'name': ['UUID'],
  'num': 424,
  'source_class': 'Lorg/json/JSONObject;',
  'source_method': 'optString(Ljava/lang/String;Ljava/lang/String;)Ljava/lang/String;'},
 {'clss': 'Lcom/google/android/gms/internal/ads/zzfhy;',
  'method': 'zzd(Landroid/view/View;)Ljava/lang/String;',
  'name': ['UUID'],
  'num': 165,
  'source_class': 'Ljava/util/HashMap;',
  'source_method': 'get(Ljava/lang/Object;)Ljava/lang/Object;'},
 {'clss': 'Lcom/google/android/gms/internal/ads/zzfht;',
  'method': 'zzg(Lorg/json/JSONObject;Lorg/json/JSONObject;)Z',
  'name': ['UUID'],
  'num': 419,
  'source_class': 'Lorg/json/JSONObject;',
  'source_method': 'optString(Ljava/lang/String;Ljava/lang/String;)Ljava/lang/String;'},
 {'clss': 'Lcom/google/android/gms/internal/ads/zzfht;',
  'method': 'zzg(Lorg/json/JSONObject;Lorg/json/JSONObject;)Z',
  'name': ['UUID'],
  'num': 424,
  'source_class': 'Lorg/json/JSONObject;',
  'source_method': 'optString(Ljava/lang/String;Ljava/lang/String;)Ljava/lang/String;'},
 {'clss': 'Lcom/google/android/gms/internal/ads/zzfhy;',
  'method': 'zzd(Landroid/view/View;)Ljava/lang/String;',
  'name': ['UUID'],
  'num': 165,
  'source_class': 'Ljava/util/HashMap;',
  'source_method': 'get(Ljava/lang/Object;)Ljava/lang/Object;'},
 {'clss': 'Lcom/google/android/gms/internal/ads/zzfht;',
  'method': 'zzg(Lorg/json/JSONObject;Lorg/json/JSONObject;)Z',
  'name': ['UUID'],
  'num': 419,
  'source_class': 'Lorg/json/JSONObject;',
  'source_method': 'optString(Ljava/lang/String;Ljava/lang/String;)Ljava/lang/String;'},
 {'clss': 'Lcom/google/android/gms/internal/ads/zzfht;',
  'method': 'zzg(Lorg/json/JSONObject;Lorg/json/JSONObject;)Z',
  'name': ['UUID'],
  'num': 424,
  'source_class': 'Lorg/json/JSONObject;',
  'source_method': 'optString(Ljava/lang/String;Ljava/lang/String;)Ljava/lang/String;'},
 {'clss': 'Lcom/google/android/gms/internal/ads/zzfhy;',
  'method': 'zzd(Landroid/view/View;)Ljava/lang/String;',
  'name': ['UUID'],
  'num': 165,
  'source_class': 'Ljava/util/HashMap;',
  'source_method': 'get(Ljava/lang/Object;)Ljava/lang/Object;'},
 {'clss': 'Lcom/google/android/gms/internal/ads/zzfht;',
  'method': 'zzg(Lorg/json/JSONObject;Lorg/json/JSONObject;)Z',
  'name': ['UUID'],
  'num': 419,
  'source_class': 'Lorg/json/JSONObject;',
  'source_method': 'optString(Ljava/lang/String;Ljava/lang/String;)Ljava/lang/String;'},
 {'clss': 'Lcom/google/android/gms/internal/ads/zzfht;',
  'method': 'zzg(Lorg/json/JSONObject;Lorg/json/JSONObject;)Z',
  'name': ['UUID'],
  'num': 424,
  'source_class': 'Lorg/json/JSONObject;',
  'source_method': 'optString(Ljava/lang/String;Ljava/lang/String;)Ljava/lang/String;'},
 {'clss': 'Lcom/google/android/gms/internal/ads/zzfhy;',
  'method': 'zzd(Landroid/view/View;)Ljava/lang/String;',
  'name': ['UUID'],
  'num': 165,
  'source_class': 'Ljava/util/HashMap;',
  'source_method': 'get(Ljava/lang/Object;)Ljava/lang/Object;'},
 {'clss': 'Lcom/google/android/gms/internal/ads/zzfht;',
  'method': 'zzg(Lorg/json/JSONObject;Lorg/json/JSONObject;)Z',
  'name': ['UUID'],
  'num': 419,
  'source_class': 'Lorg/json/JSONObject;',
  'source_method': 'optString(Ljava/lang/String;Ljava/lang/String;)Ljava/lang/String;'},
 {'clss': 'Lcom/google/android/gms/internal/ads/zzfht;',
  'method': 'zzg(Lorg/json/JSONObject;Lorg/json/JSONObject;)Z',
  'name': ['UUID'],
  'num': 424,
  'source_class': 'Lorg/json/JSONObject;',
  'source_method': 'optString(Ljava/lang/String;Ljava/lang/String;)Ljava/lang/String;'},
 {'clss': 'Lcom/google/android/gms/internal/ads/zzfhy;',
  'method': 'zzd(Landroid/view/View;)Ljava/lang/String;',
  'name': ['UUID'],
  'num': 165,
  'source_class': 'Ljava/util/HashMap;',
  'source_method': 'get(Ljava/lang/Object;)Ljava/lang/Object;'},
 {'clss': 'Lcom/google/android/gms/internal/ads/zzfht;',
  'method': 'zzg(Lorg/json/JSONObject;Lorg/json/JSONObject;)Z',
  'name': ['UUID'],
  'num': 419,
  'source_class': 'Lorg/json/JSONObject;',
  'source_method': 'optString(Ljava/lang/String;Ljava/lang/String;)Ljava/lang/String;'},
 {'clss': 'Lcom/google/android/gms/internal/ads/zzfht;',
  'method': 'zzg(Lorg/json/JSONObject;Lorg/json/JSONObject;)Z',
  'name': ['UUID'],
  'num': 424,
  'source_class': 'Lorg/json/JSONObject;',
  'source_method': 'optString(Ljava/lang/String;Ljava/lang/String;)Ljava/lang/String;'},
 {'clss': 'Lcom/google/android/gms/internal/ads/zzfhy;',
  'method': 'zzd(Landroid/view/View;)Ljava/lang/String;',
  'name': ['UUID'],
  'num': 165,
  'source_class': 'Ljava/util/HashMap;',
  'source_method': 'get(Ljava/lang/Object;)Ljava/lang/Object;'},
 {'clss': 'Lcom/google/android/gms/internal/ads/zzfht;',
  'method': 'zzg(Lorg/json/JSONObject;Lorg/json/JSONObject;)Z',
  'name': ['UUID'],
  'num': 419,
  'source_class': 'Lorg/json/JSONObject;',
  'source_method': 'optString(Ljava/lang/String;Ljava/lang/String;)Ljava/lang/String;'},
 {'clss': 'Lcom/google/android/gms/internal/ads/zzfht;',
  'method': 'zzg(Lorg/json/JSONObject;Lorg/json/JSONObject;)Z',
  'name': ['UUID'],
  'num': 424,
  'source_class': 'Lorg/json/JSONObject;',
  'source_method': 'optString(Ljava/lang/String;Ljava/lang/String;)Ljava/lang/String;'},
 {'clss': 'Lcom/google/android/gms/internal/ads/zzcfz;', 'method': 'run()V', 'name': ['UUID'], 'num': 34, 'source_class': None, 'source_method': None},
 {'clss': 'Lcom/google/android/gms/internal/ads/zzcfi;',
  'method': 'zzj(Landroid/net/Uri;)V',
  'name': ['UUID'],
  'num': 2927,
  'source_class': 'Landroid/net/Uri;',
  'source_method': 'getEncodedQuery()Ljava/lang/String;'},
 {'clss': 'Lcom/google/android/gms/ads/internal/util/zzs;',
  'method': 'zzL(Landroid/net/Uri;)Ljava/util/Map;',
  'name': ['UUID'],
  'num': 1011,
  'source_class': 'Landroid/net/Uri;',
  'source_method': 'getQueryParameter(Ljava/lang/String;)Ljava/lang/String;'},
 {'clss': 'Lcom/google/android/gms/internal/ads/zzcnu;',
  'method': 'zzg(Lcom/google/android/gms/internal/ads/zzcnu;Ljava/util/Map;)Z',
  'name': ['UUID'],
  'num': 73,
  'source_class': 'Ljava/util/Map;',
  'source_method': 'get(Ljava/lang/Object;)Ljava/lang/Object;'},
 {'clss': 'Lcom/google/android/gms/internal/ads/zzbnk;',
  'method': 'zzc(Ljava/lang/Object;Lcom/google/android/gms/internal/ads/zzbml;)Lcom/google/android/gms/internal/ads/zzfwb;',
  'name': ['UUID'],
  'num': 96,
  'source_class': 'Ljava/util/UUID;',
  'source_method': 'toString()Ljava/lang/String;'},
 {'clss': 'Lcom/google/android/gms/internal/ads/zzblc;',
  'method': 'zzd(Lcom/google/android/gms/internal/ads/zzbld;Ljava/lang/String;Lorg/json/JSONObject;)V',
  'name': ['UUID'],
  'num': 128,
  'source_class': 'Lorg/json/JSONObject;',
  'source_method': 'toString()Ljava/lang/String;'},
 {'clss': 'Lcom/google/android/gms/internal/ads/zzblc;',
  'method': 'zzc(Lcom/google/android/gms/internal/ads/zzbld;Ljava/lang/String;Ljava/lang/String;)V',
  'name': ['UUID'],
  'num': 114,
  'source_class': 'Ljava/lang/StringBuilder;',
  'source_method': 'toString()Ljava/lang/String;'},
 {'clss': 'Lcom/google/android/gms/internal/ads/zzcfz;', 'method': 'run()V', 'name': ['UUID'], 'num': 34, 'source_class': None, 'source_method': None},
 {'clss': 'Lcom/google/android/gms/internal/ads/zzcfi;',
  'method': 'zzj(Landroid/net/Uri;)V',
  'name': ['UUID'],
  'num': 2927,
  'source_class': 'Landroid/net/Uri;',
  'source_method': 'getEncodedQuery()Ljava/lang/String;'},
 {'clss': 'Lcom/google/android/gms/ads/internal/util/zzs;',
  'method': 'zzL(Landroid/net/Uri;)Ljava/util/Map;',
  'name': ['UUID'],
  'num': 1011,
  'source_class': 'Landroid/net/Uri;',
  'source_method': 'getQueryParameter(Ljava/lang/String;)Ljava/lang/String;'},
 {'clss': 'Lcom/google/android/gms/ads/internal/util/zzs;',
  'method': 'zzL(Landroid/net/Uri;)Ljava/util/Map;',
  'name': ['UUID'],
  'num': 1011,
  'source_class': 'Landroid/net/Uri;',
  'source_method': 'getQueryParameter(Ljava/lang/String;)Ljava/lang/String;'},
 {'clss': 'Lcom/google/android/gms/internal/ads/zzbiw;',
  'method': 'zza(Ljava/lang/Object;Ljava/util/Map;)V',
  'name': ['UUID'],
  'num': 49,
  'source_class': 'Ljava/util/Map;',
  'source_method': 'get(Ljava/lang/Object;)Ljava/lang/Object;'},
 {'clss': 'Lcom/google/android/gms/internal/ads/zzfhy;',
  'method': 'zzd(Landroid/view/View;)Ljava/lang/String;',
  'name': ['UUID'],
  'num': 165,
  'source_class': 'Ljava/util/HashMap;',
  'source_method': 'get(Ljava/lang/Object;)Ljava/lang/Object;'},
 {'clss': 'Lcom/google/android/gms/internal/ads/zzfht;',
  'method': 'zzg(Lorg/json/JSONObject;Lorg/json/JSONObject;)Z',
  'name': ['UUID'],
  'num': 419,
  'source_class': 'Lorg/json/JSONObject;',
  'source_method': 'optString(Ljava/lang/String;Ljava/lang/String;)Ljava/lang/String;'},
 {'clss': 'Lcom/google/android/gms/internal/ads/zzfht;',
  'method': 'zzg(Lorg/json/JSONObject;Lorg/json/JSONObject;)Z',
  'name': ['UUID'],
  'num': 424,
  'source_class': 'Lorg/json/JSONObject;',
  'source_method': 'optString(Ljava/lang/String;Ljava/lang/String;)Ljava/lang/String;'},
 {'clss': 'Lcom/google/android/gms/internal/ads/zzfhy;',
  'method': 'zzd(Landroid/view/View;)Ljava/lang/String;',
  'name': ['UUID'],
  'num': 165,
  'source_class': 'Ljava/util/HashMap;',
  'source_method': 'get(Ljava/lang/Object;)Ljava/lang/Object;'},
 {'clss': 'Lcom/google/android/gms/internal/ads/zzfht;',
  'method': 'zzg(Lorg/json/JSONObject;Lorg/json/JSONObject;)Z',
  'name': ['UUID'],
  'num': 419,
  'source_class': 'Lorg/json/JSONObject;',
  'source_method': 'optString(Ljava/lang/String;Ljava/lang/String;)Ljava/lang/String;'},
 {'clss': 'Lcom/google/android/gms/internal/ads/zzfht;',
  'method': 'zzg(Lorg/json/JSONObject;Lorg/json/JSONObject;)Z',
  'name': ['UUID'],
  'num': 424,
  'source_class': 'Lorg/json/JSONObject;',
  'source_method': 'optString(Ljava/lang/String;Ljava/lang/String;)Ljava/lang/String;'},
 {'clss': 'Lcom/google/android/gms/internal/ads/zzfhy;',
  'method': 'zzd(Landroid/view/View;)Ljava/lang/String;',
  'name': ['UUID'],
  'num': 165,
  'source_class': 'Ljava/util/HashMap;',
  'source_method': 'get(Ljava/lang/Object;)Ljava/lang/Object;'},
 {'clss': 'Lcom/google/android/gms/internal/ads/zzfht;',
  'method': 'zzg(Lorg/json/JSONObject;Lorg/json/JSONObject;)Z',
  'name': ['UUID'],
  'num': 419,
  'source_class': 'Lorg/json/JSONObject;',
  'source_method': 'optString(Ljava/lang/String;Ljava/lang/String;)Ljava/lang/String;'},
 {'clss': 'Lcom/google/android/gms/internal/ads/zzfht;',
  'method': 'zzg(Lorg/json/JSONObject;Lorg/json/JSONObject;)Z',
  'name': ['UUID'],
  'num': 424,
  'source_class': 'Lorg/json/JSONObject;',
  'source_method': 'optString(Ljava/lang/String;Ljava/lang/String;)Ljava/lang/String;'},
 {'clss': 'Lcom/google/android/gms/internal/ads/zzfhy;',
  'method': 'zzd(Landroid/view/View;)Ljava/lang/String;',
  'name': ['UUID'],
  'num': 165,
  'source_class': 'Ljava/util/HashMap;',
  'source_method': 'get(Ljava/lang/Object;)Ljava/lang/Object;'},
 {'clss': 'Lcom/google/android/gms/internal/ads/zzfht;',
  'method': 'zzg(Lorg/json/JSONObject;Lorg/json/JSONObject;)Z',
  'name': ['UUID'],
  'num': 419,
  'source_class': 'Lorg/json/JSONObject;',
  'source_method': 'optString(Ljava/lang/String;Ljava/lang/String;)Ljava/lang/String;'},
 {'clss': 'Lcom/google/android/gms/internal/ads/zzfht;',
  'method': 'zzg(Lorg/json/JSONObject;Lorg/json/JSONObject;)Z',
  'name': ['UUID'],
  'num': 424,
  'source_class': 'Lorg/json/JSONObject;',
  'source_method': 'optString(Ljava/lang/String;Ljava/lang/String;)Ljava/lang/String;'},
 {'clss': 'Lcom/google/android/gms/internal/ads/zzfhy;',
  'method': 'zzd(Landroid/view/View;)Ljava/lang/String;',
  'name': ['UUID'],
  'num': 165,
  'source_class': 'Ljava/util/HashMap;',
  'source_method': 'get(Ljava/lang/Object;)Ljava/lang/Object;'},
 {'clss': 'Lcom/google/android/gms/internal/ads/zzfht;',
  'method': 'zzg(Lorg/json/JSONObject;Lorg/json/JSONObject;)Z',
  'name': ['UUID'],
  'num': 419,
  'source_class': 'Lorg/json/JSONObject;',
  'source_method': 'optString(Ljava/lang/String;Ljava/lang/String;)Ljava/lang/String;'},
 {'clss': 'Lcom/google/android/gms/internal/ads/zzfht;',
  'method': 'zzg(Lorg/json/JSONObject;Lorg/json/JSONObject;)Z',
  'name': ['UUID'],
  'num': 424,
  'source_class': 'Lorg/json/JSONObject;',
  'source_method': 'optString(Ljava/lang/String;Ljava/lang/String;)Ljava/lang/String;'},
 {'clss': 'Lcom/google/android/gms/internal/ads/zzfhy;',
  'method': 'zzd(Landroid/view/View;)Ljava/lang/String;',
  'name': ['UUID'],
  'num': 165,
  'source_class': 'Ljava/util/HashMap;',
  'source_method': 'get(Ljava/lang/Object;)Ljava/lang/Object;'},
 {'clss': 'Lcom/google/android/gms/internal/ads/zzfht;',
  'method': 'zzg(Lorg/json/JSONObject;Lorg/json/JSONObject;)Z',
  'name': ['UUID'],
  'num': 419,
  'source_class': 'Lorg/json/JSONObject;',
  'source_method': 'optString(Ljava/lang/String;Ljava/lang/String;)Ljava/lang/String;'},
 {'clss': 'Lcom/google/android/gms/internal/ads/zzfht;',
  'method': 'zzg(Lorg/json/JSONObject;Lorg/json/JSONObject;)Z',
  'name': ['UUID'],
  'num': 424,
  'source_class': 'Lorg/json/JSONObject;',
  'source_method': 'optString(Ljava/lang/String;Ljava/lang/String;)Ljava/lang/String;'},
 {'clss': 'Lcom/google/android/gms/internal/ads/zzfhy;',
  'method': 'zzd(Landroid/view/View;)Ljava/lang/String;',
  'name': ['UUID'],
  'num': 165,
  'source_class': 'Ljava/util/HashMap;',
  'source_method': 'get(Ljava/lang/Object;)Ljava/lang/Object;'},
 {'clss': 'Lcom/google/android/gms/internal/ads/zzfht;',
  'method': 'zzg(Lorg/json/JSONObject;Lorg/json/JSONObject;)Z',
  'name': ['UUID'],
  'num': 419,
  'source_class': 'Lorg/json/JSONObject;',
  'source_method': 'optString(Ljava/lang/String;Ljava/lang/String;)Ljava/lang/String;'},
 {'clss': 'Lcom/google/android/gms/internal/ads/zzfht;',
  'method': 'zzg(Lorg/json/JSONObject;Lorg/json/JSONObject;)Z',
  'name': ['UUID'],
  'num': 424,
  'source_class': 'Lorg/json/JSONObject;',
  'source_method': 'optString(Ljava/lang/String;Ljava/lang/String;)Ljava/lang/String;'},
 {'clss': 'Lcom/google/android/gms/internal/ads/zzfhy;',
  'method': 'zzd(Landroid/view/View;)Ljava/lang/String;',
  'name': ['UUID'],
  'num': 165,
  'source_class': 'Ljava/util/HashMap;',
  'source_method': 'get(Ljava/lang/Object;)Ljava/lang/Object;'},
 {'clss': 'Lcom/google/android/gms/internal/ads/zzfht;',
  'method': 'zzg(Lorg/json/JSONObject;Lorg/json/JSONObject;)Z',
  'name': ['UUID'],
  'num': 419,
  'source_class': 'Lorg/json/JSONObject;',
  'source_method': 'optString(Ljava/lang/String;Ljava/lang/String;)Ljava/lang/String;'},
 {'clss': 'Lcom/google/android/gms/internal/ads/zzfht;',
  'method': 'zzg(Lorg/json/JSONObject;Lorg/json/JSONObject;)Z',
  'name': ['UUID'],
  'num': 424,
  'source_class': 'Lorg/json/JSONObject;',
  'source_method': 'optString(Ljava/lang/String;Ljava/lang/String;)Ljava/lang/String;'},
 {'clss': 'Lcom/google/android/gms/internal/ads/zzfhy;',
  'method': 'zzd(Landroid/view/View;)Ljava/lang/String;',
  'name': ['UUID'],
  'num': 165,
  'source_class': 'Ljava/util/HashMap;',
  'source_method': 'get(Ljava/lang/Object;)Ljava/lang/Object;'},
 {'clss': 'Lcom/google/android/gms/internal/ads/zzfht;',
  'method': 'zzg(Lorg/json/JSONObject;Lorg/json/JSONObject;)Z',
  'name': ['UUID'],
  'num': 419,
  'source_class': 'Lorg/json/JSONObject;',
  'source_method': 'optString(Ljava/lang/String;Ljava/lang/String;)Ljava/lang/String;'},
 {'clss': 'Lcom/google/android/gms/internal/ads/zzfht;',
  'method': 'zzg(Lorg/json/JSONObject;Lorg/json/JSONObject;)Z',
  'name': ['UUID'],
  'num': 424,
  'source_class': 'Lorg/json/JSONObject;',
  'source_method': 'optString(Ljava/lang/String;Ljava/lang/String;)Ljava/lang/String;'},
 {'clss': 'Lcom/google/android/gms/internal/ads/zzfhy;',
  'method': 'zzd(Landroid/view/View;)Ljava/lang/String;',
  'name': ['UUID'],
  'num': 165,
  'source_class': 'Ljava/util/HashMap;',
  'source_method': 'get(Ljava/lang/Object;)Ljava/lang/Object;'},
 {'clss': 'Lcom/google/android/gms/internal/ads/zzfht;',
  'method': 'zzg(Lorg/json/JSONObject;Lorg/json/JSONObject;)Z',
  'name': ['UUID'],
  'num': 419,
  'source_class': 'Lorg/json/JSONObject;',
  'source_method': 'optString(Ljava/lang/String;Ljava/lang/String;)Ljava/lang/String;'},
 {'clss': 'Lcom/google/android/gms/internal/ads/zzfht;',
  'method': 'zzg(Lorg/json/JSONObject;Lorg/json/JSONObject;)Z',
  'name': ['UUID'],
  'num': 424,
  'source_class': 'Lorg/json/JSONObject;',
  'source_method': 'optString(Ljava/lang/String;Ljava/lang/String;)Ljava/lang/String;'},
 {'clss': 'Lcom/google/android/gms/internal/ads/zzfhy;',
  'method': 'zzd(Landroid/view/View;)Ljava/lang/String;',
  'name': ['UUID'],
  'num': 165,
  'source_class': 'Ljava/util/HashMap;',
  'source_method': 'get(Ljava/lang/Object;)Ljava/lang/Object;'},
 {'clss': 'Lcom/google/android/gms/internal/ads/zzcfz;', 'method': 'run()V', 'name': ['UUID'], 'num': 34, 'source_class': None, 'source_method': None},
 {'clss': 'Lcom/google/android/gms/internal/ads/zzcfi;',
  'method': 'zzj(Landroid/net/Uri;)V',
  'name': ['UUID'],
  'num': 2927,
  'source_class': 'Landroid/net/Uri;',
  'source_method': 'getEncodedQuery()Ljava/lang/String;'},
 {'clss': 'Lcom/google/android/gms/ads/internal/util/zzs;',
  'method': 'zzL(Landroid/net/Uri;)Ljava/util/Map;',
  'name': ['UUID'],
  'num': 1011,
  'source_class': 'Landroid/net/Uri;',
  'source_method': 'getQueryParameter(Ljava/lang/String;)Ljava/lang/String;'},
 {'clss': 'Lcom/google/android/gms/internal/ads/zzcnu;',
  'method': 'zzg(Lcom/google/android/gms/internal/ads/zzcnu;Ljava/util/Map;)Z',
  'name': ['UUID'],
  'num': 73,
  'source_class': 'Ljava/util/Map;',
  'source_method': 'get(Ljava/lang/Object;)Ljava/lang/Object;'},
 {'clss': 'Lcom/google/android/gms/internal/ads/zzfht;',
  'method': 'zzg(Lorg/json/JSONObject;Lorg/json/JSONObject;)Z',
  'name': ['UUID'],
  'num': 419,
  'source_class': 'Lorg/json/JSONObject;',
  'source_method': 'optString(Ljava/lang/String;Ljava/lang/String;)Ljava/lang/String;'},
 {'clss': 'Lcom/google/android/gms/internal/ads/zzfht;',
  'method': 'zzg(Lorg/json/JSONObject;Lorg/json/JSONObject;)Z',
  'name': ['UUID'],
  'num': 424,
  'source_class': 'Lorg/json/JSONObject;',
  'source_method': 'optString(Ljava/lang/String;Ljava/lang/String;)Ljava/lang/String;'},
 {'clss': 'Lcom/google/android/gms/internal/ads/zzbnk;',
  'method': 'zzc(Ljava/lang/Object;Lcom/google/android/gms/internal/ads/zzbml;)Lcom/google/android/gms/internal/ads/zzfwb;',
  'name': ['UUID'],
  'num': 96,
  'source_class': 'Ljava/util/UUID;',
  'source_method': 'toString()Ljava/lang/String;'},
 {'clss': 'Lcom/google/android/gms/internal/ads/zzblc;',
  'method': 'zzd(Lcom/google/android/gms/internal/ads/zzbld;Ljava/lang/String;Lorg/json/JSONObject;)V',
  'name': ['UUID'],
  'num': 128,
  'source_class': 'Lorg/json/JSONObject;',
  'source_method': 'toString()Ljava/lang/String;'},
 {'clss': 'Lcom/google/android/gms/internal/ads/zzblc;',
  'method': 'zzc(Lcom/google/android/gms/internal/ads/zzbld;Ljava/lang/String;Ljava/lang/String;)V',
  'name': ['UUID'],
  'num': 114,
  'source_class': 'Ljava/lang/StringBuilder;',
  'source_method': 'toString()Ljava/lang/String;'},
 {'clss': 'Lcom/google/android/gms/internal/ads/zzcfz;', 'method': 'run()V', 'name': ['UUID'], 'num': 34, 'source_class': None, 'source_method': None},
 {'clss': 'Lcom/google/android/gms/internal/ads/zzcfi;',
  'method': 'zzj(Landroid/net/Uri;)V',
  'name': ['UUID'],
  'num': 2927,
  'source_class': 'Landroid/net/Uri;',
  'source_method': 'getEncodedQuery()Ljava/lang/String;'},
 {'clss': 'Lcom/google/android/gms/ads/internal/util/zzs;',
  'method': 'zzL(Landroid/net/Uri;)Ljava/util/Map;',
  'name': ['UUID'],
  'num': 1011,
  'source_class': 'Landroid/net/Uri;',
  'source_method': 'getQueryParameter(Ljava/lang/String;)Ljava/lang/String;'},
 {'clss': 'Lcom/google/android/gms/ads/internal/util/zzs;',
  'method': 'zzL(Landroid/net/Uri;)Ljava/util/Map;',
  'name': ['UUID'],
  'num': 1011,
  'source_class': 'Landroid/net/Uri;',
  'source_method': 'getQueryParameter(Ljava/lang/String;)Ljava/lang/String;'},
 {'clss': 'Lcom/google/android/gms/internal/ads/zzbiw;',
  'method': 'zza(Ljava/lang/Object;Ljava/util/Map;)V',
  'name': ['UUID'],
  'num': 49,
  'source_class': 'Ljava/util/Map;',
  'source_method': 'get(Ljava/lang/Object;)Ljava/lang/Object;'}]
Sinks
[{"smali_tag": "3077_79", "clss": "Lcom/google/android/gms/internal/ads/zzbzy;", "method": "zza(Ljava/lang/String;)Z", "num": 79, "sink_class": "Ljava/net/URL;", "sink_method": "<init>(Ljava/lang/String;)V", "sink_values": ["https://googleads.g.doubleclick.net/pagead/adview?ai=CqCXwXtUjZebaHM6B8wO-oL7IBwCksO2yqxJkEAEgwuzcIGCJA4gBAaABoKXo8ALIAQmoAwHIA4oEmAQIqgT_Ak_Q7bOnpozpHqyKzyCqj6YnE2jFc0UjJtMC8i_ZYm_bBXAzURumxayBH2hILBELxbmf2Wt-Wi1GtNW0S5eRO51TddlpoKtwMJv_S58zYQOgQrGORZz1Hj3Tkp1SognEWD9JvSM9UfJxE7meAyQj6y5UyLomd_qrTKp-c94ZWUKIuXR9HBI_9Qw6FEIDPS8cUM_srF7uQEFCkTjRXPaGfk_le-e1ltjed93cVkZSMq9nSp3rXe8z_y4PCCBdRzSe3k8HqJeIdHDc4Qg9naYzPbdpuBKezHCNSqPjZs5OADNnXydYDbgddHYRvcSYi8iYeJYRfRlK7uKj_fiHA8nx3guxYN5l14kd8ZThFM83g9NRPw4wMX9BqLjPSboeYKTpjtAbVCAq8szKRzYOKlFazsMUMry3NtR_vdfn-7zeRXejss1m9toY2J3k17wRagr05hRa4k3JGWZSUQdJcp-sLYjbXphGYPwVYqYNmXTTcKigcTuXAJkdJpHnYd-yZXy8wATYk6G-mwSIBaSA1JVFkAYBoAYu2AYCgAfI2pePAZgHAagH2baxAqgHjs4bqAeT2BuoB-6WsQKoB_6esQKoB6SjsQKoB6a-G9gHAPIHBRDOhMhooAjYErAIAtIIFAiAYRABGF8yAooCOgKAQEi9_cE6mgkXaHR0cHM6Ly90cmFuc3dhbi5jb20uY26ACgLICwHaDBAKChCg0Jr8zfGh4GkSAgEDuBPuA9gTC4IUQxpBbW9iaWxlYXBwOjoyLWNvbS5nb29nbGUuYW5kcm9pZC5nbXMuZXhhbXBsZS5hZGFwdGl2ZWJhbm5lcmV4YW1wbGXQFQGYFgGAFwGyFxwKGggAEhRwdWItMzk0MDI1NjA5OTk0MjU0NBgA&sigh=dSarR9vZppg&cmd=ChtjYS1hcHAtcHViLTM5NDAyNTYwOTk5NDI1NDQQ7gMYAQ&uach_m=[UACH]&ase=2&nis=4&cid=CAQShgEAyAmmjYdcXrxuHHo8oo5q7vj68s9g6XXGO71eOzlKT6GaU2UapTUgD_QdKNt_tXdzhg-qhhDgst5YED8UbKHfCtCcQzS-miTTWJMihvKYR7uAm93ojIE-gPkb-arZ4Zc0OpE3ctTaWDyUxbKVXBkzGK4N030FBCjZjwQX-1PEsx4KaU-f8RgB&template_id=494&ms=CoACDzcBCYW7oveo8debk_Dgwo5lTkRT3L2NYzcatvFUB8KjC49KqFxKwacjc5TIBYaxI2g95iopLsqYockSYXgGA0BUR5M3gbTiMGzjypdQiX2u-m94W9JL5wqBstLz-aajJjCLJir3-ZRKuVLTYdPPdnqZcwJlodQnBJRdQH7Z89BvP9_5a3qhAGm7kU5gYUjr8skOGF5c5mTh_hYKZqMtZ8p9KAmJMsLdLspSwEMcgDSxubvNcz_2ank-kqRD-RpvNyV9qgkYvmagn9LzNfkpDUyB9BLk6O1_k5Kq1No1QUHE2qhhFPBKh21FXwiNXx144mtWSaaMrK5X_d8tN3m6VgqAAmxAHMwh7jgZHVMI7xTyXdv6u3irwUbCMGXoV2DgFIMb2fhkNGSHXI2TlgxvV_9_hr8wb_d9i6YkF_dbUuJEKlwA9hF6lSkM5oPeSSszD2ZGg360URcdtK-Ym8hlj0FTkPPZSPpBU1P4QijdKrDyGkdGp8cbJEZo8JB6lpOqJna3n2GAsooWTHMqY32W9KvKIyJXLCXfX2oztzwi1hrzm2Zxqru5894TDT1OTYjoFumsd4DUmGC-bwp0OGKvj4x9RLuhEGd7KXZNwBs4Xg8UBEFkJvQFlyZvGZgPNOl1hNIw_JfuHaE5oD1StDO1o4c3u0oSC2SI9HUI0KkO8nb4mtoSEBRDadeDDrgOAtb_KAICeX4"], "sources": ["UUID"], "returned_value": null}]