project.emulator.get_num_leaks() = 2
Sources
[{'clss': 'Lcom/adjust/sdk/Util;', 'method': 'createUuid()Ljava/lang/String;', 'name': ['UUID'], 'num': 246, 'source_class': 'Ljava/util/UUID;', 'source_method': 'toString()Ljava/lang/String;'},
 {'clss': 'Lcom/adjust/sdk/Util;',
  'method': 'getFireAdvertisingId(Landroid/content/ContentResolver;)Ljava/lang/String;',
  'name': ['AndroidID'],
  'num': 722,
  'source_class': 'Landroid/provider/Settings$Secure;',
  'source_method': 'getString(Landroid/content/ContentResolver;Ljava/lang/String;)Ljava/lang/String;'},
 {'clss': 'Lcom/adjust/sdk/Util;',
  'method': 'formatString(Ljava/lang/String;[Ljava/lang/Object;)Ljava/lang/String;',
  'name': ['UUID'],
  'num': 426,
  'source_class': 'Ljava/lang/String;',
  'source_method': 'format(Ljava/util/Locale;Ljava/lang/String;[Ljava/lang/Object;)Ljava/lang/String;'},
 {'clss': 'Lcom/adjust/sdk/ActivityPackage;',
  'method': 'getExtendedString()Ljava/lang/String;',
  'name': ['UUID'],
  'num': 665,
  'source_class': 'Ljava/lang/StringBuilder;',
  'source_method': 'toString()Ljava/lang/String;'},
 {'clss': 'Lcom/adjust/sdk/Util;',
  'method': 'formatString(Ljava/lang/String;[Ljava/lang/Object;)Ljava/lang/String;',
  'name': ['UUID'],
  'num': 426,
  'source_class': 'Ljava/lang/String;',
  'source_method': 'format(Ljava/util/Locale;Ljava/lang/String;[Ljava/lang/Object;)Ljava/lang/String;'},
 {'clss': 'Lcom/adjust/sdk/Util;',
  'method': 'formatString(Ljava/lang/String;[Ljava/lang/Object;)Ljava/lang/String;',
  'name': ['UUID'],
  'num': 426,
  'source_class': 'Ljava/lang/String;',
  'source_method': 'format(Ljava/util/Locale;Ljava/lang/String;[Ljava/lang/Object;)Ljava/lang/String;'},
 {'clss': 'Lcom/adjust/sdk/Util;',
  'method': 'formatString(Ljava/lang/String;[Ljava/lang/Object;)Ljava/lang/String;',
  'name': ['UUID'],
  'num': 426,
  'source_class': 'Ljava/lang/String;',
  'source_method': 'format(Ljava/util/Locale;Ljava/lang/String;[Ljava/lang/Object;)Ljava/lang/String;'},
 {'clss': 'Lcom/adjust/sdk/network/ActivityPackageSender;',
  'method': 'injectParametersToPOSTStringBuilder(Ljava/util/Map;Ljava/lang/StringBuilder;)V',
  'name': ['UUID'],
  'num': 1652,
  'source_class': 'Ljava/util/Map$Entry;',
  'source_method': 'getValue()Ljava/lang/Object;'},
 {'clss': 'Lcom/adjust/sdk/network/ActivityPackageSender;',
  'method': 'injectParametersToPOSTStringBuilder(Ljava/util/Map;Ljava/lang/StringBuilder;)V',
  'name': ['UUID'],
  'num': 1663,
  'source_class': 'Ljava/net/URLEncoder;',
  'source_method': 'encode(Ljava/lang/String;Ljava/lang/String;)Ljava/lang/String;'},
 {'clss': 'Lcom/adjust/sdk/network/ActivityPackageSender;',
  'method': 'generatePOSTBodyString(Ljava/util/Map;Ljava/util/Map;)Ljava/lang/String;',
  'name': ['UUID'],
  'num': 957,
  'source_class': 'Ljava/lang/StringBuilder;',
  'source_method': 'toString()Ljava/lang/String;'},
 {'clss': 'Lcom/adjust/sdk/Util;',
  'method': 'getFireAdvertisingId(Landroid/content/ContentResolver;)Ljava/lang/String;',
  'name': ['AndroidID'],
  'num': 722,
  'source_class': 'Landroid/provider/Settings$Secure;',
  'source_method': 'getString(Landroid/content/ContentResolver;Ljava/lang/String;)Ljava/lang/String;'},
 {'clss': 'Lcom/adjust/sdk/Util;',
  'method': 'formatString(Ljava/lang/String;[Ljava/lang/Object;)Ljava/lang/String;',
  'name': ['UUID'],
  'num': 426,
  'source_class': 'Ljava/lang/String;',
  'source_method': 'format(Ljava/util/Locale;Ljava/lang/String;[Ljava/lang/Object;)Ljava/lang/String;'},
 {'clss': 'Lcom/adjust/sdk/ActivityPackage;',
  'method': 'getExtendedString()Ljava/lang/String;',
  'name': ['UUID'],
  'num': 665,
  'source_class': 'Ljava/lang/StringBuilder;',
  'source_method': 'toString()Ljava/lang/String;'},
 {'clss': 'Lcom/adjust/sdk/Util;',
  'method': 'formatString(Ljava/lang/String;[Ljava/lang/Object;)Ljava/lang/String;',
  'name': ['UUID'],
  'num': 426,
  'source_class': 'Ljava/lang/String;',
  'source_method': 'format(Ljava/util/Locale;Ljava/lang/String;[Ljava/lang/Object;)Ljava/lang/String;'},
 {'clss': 'Lcom/adjust/sdk/network/ActivityPackageSender;',
  'method': 'injectParametersToPOSTStringBuilder(Ljava/util/Map;Ljava/lang/StringBuilder;)V',
  'name': ['UUID'],
  'num': 1652,
  'source_class': 'Ljava/util/Map$Entry;',
  'source_method': 'getValue()Ljava/lang/Object;'},
 {'clss': 'Lcom/adjust/sdk/network/ActivityPackageSender;',
  'method': 'injectParametersToPOSTStringBuilder(Ljava/util/Map;Ljava/lang/StringBuilder;)V',
  'name': ['UUID'],
  'num': 1663,
  'source_class': 'Ljava/net/URLEncoder;',
  'source_method': 'encode(Ljava/lang/String;Ljava/lang/String;)Ljava/lang/String;'},
 {'clss': 'Lcom/adjust/sdk/network/ActivityPackageSender;',
  'method': 'generatePOSTBodyString(Ljava/util/Map;Ljava/util/Map;)Ljava/lang/String;',
  'name': ['UUID'],
  'num': 957,
  'source_class': 'Ljava/lang/StringBuilder;',
  'source_method': 'toString()Ljava/lang/String;'},
 {'clss': 'Lcom/adjust/sdk/Util;',
  'method': 'formatString(Ljava/lang/String;[Ljava/lang/Object;)Ljava/lang/String;',
  'name': ['UUID'],
  'num': 426,
  'source_class': 'Ljava/lang/String;',
  'source_method': 'format(Ljava/util/Locale;Ljava/lang/String;[Ljava/lang/Object;)Ljava/lang/String;'},
 {'clss': 'Lcom/adjust/sdk/Util;',
  'method': 'formatString(Ljava/lang/String;[Ljava/lang/Object;)Ljava/lang/String;',
  'name': ['UUID'],
  'num': 426,
  'source_class': 'Ljava/lang/String;',
  'source_method': 'format(Ljava/util/Locale;Ljava/lang/String;[Ljava/lang/Object;)Ljava/lang/String;'},
 {'clss': 'Lcom/adjust/sdk/Util;',
  'method': 'getFireAdvertisingId(Landroid/content/ContentResolver;)Ljava/lang/String;',
  'name': ['AndroidID'],
  'num': 722,
  'source_class': 'Landroid/provider/Settings$Secure;',
  'source_method': 'getString(Landroid/content/ContentResolver;Ljava/lang/String;)Ljava/lang/String;'},
 {'clss': 'Lcom/adjust/sdk/Util;',
  'method': 'formatString(Ljava/lang/String;[Ljava/lang/Object;)Ljava/lang/String;',
  'name': ['UUID'],
  'num': 426,
  'source_class': 'Ljava/lang/String;',
  'source_method': 'format(Ljava/util/Locale;Ljava/lang/String;[Ljava/lang/Object;)Ljava/lang/String;'},
 {'clss': 'Lcom/adjust/sdk/ActivityPackage;',
  'method': 'getExtendedString()Ljava/lang/String;',
  'name': ['UUID'],
  'num': 665,
  'source_class': 'Ljava/lang/StringBuilder;',
  'source_method': 'toString()Ljava/lang/String;'},
 {'clss': 'Lcom/adjust/sdk/Util;',
  'method': 'formatString(Ljava/lang/String;[Ljava/lang/Object;)Ljava/lang/String;',
  'name': ['UUID'],
  'num': 426,
  'source_class': 'Ljava/lang/String;',
  'source_method': 'format(Ljava/util/Locale;Ljava/lang/String;[Ljava/lang/Object;)Ljava/lang/String;'},
 {'clss': 'Lcom/adjust/sdk/network/ActivityPackageSender;',
  'method': 'generateUrlStringForGET(Lcom/adjust/sdk/ActivityKind;Ljava/lang/String;Ljava/util/Map;Ljava/util/Map;)Ljava/lang/String;',
  'name': ['UUID'],
  'num': 1095,
  'source_class': 'Ljava/util/Map$Entry;',
  'source_method': 'getValue()Ljava/lang/Object;'},
 {'clss': 'Lcom/adjust/sdk/network/ActivityPackageSender;',
  'method': 'generateUrlStringForGET(Lcom/adjust/sdk/ActivityKind;Ljava/lang/String;Ljava/util/Map;Ljava/util/Map;)Ljava/lang/String;',
  'name': ['UUID'],
  'num': 1159,
  'source_class': 'Landroid/net/Uri;',
  'source_method': 'toString()Ljava/lang/String;'},
 {'clss': 'Lcom/adjust/sdk/Util;',
  'method': 'formatString(Ljava/lang/String;[Ljava/lang/Object;)Ljava/lang/String;',
  'name': ['UUID'],
  'num': 426,
  'source_class': 'Ljava/lang/String;',
  'source_method': 'format(Ljava/util/Locale;Ljava/lang/String;[Ljava/lang/Object;)Ljava/lang/String;'},
 {'clss': 'Lcom/adjust/sdk/Util;',
  'method': 'formatString(Ljava/lang/String;[Ljava/lang/Object;)Ljava/lang/String;',
  'name': ['UUID'],
  'num': 426,
  'source_class': 'Ljava/lang/String;',
  'source_method': 'format(Ljava/util/Locale;Ljava/lang/String;[Ljava/lang/Object;)Ljava/lang/String;'},
 {'clss': 'Lcom/adjust/sdk/Util;',
  'method': 'formatString(Ljava/lang/String;[Ljava/lang/Object;)Ljava/lang/String;',
  'name': ['UUID'],
  'num': 426,
  'source_class': 'Ljava/lang/String;',
  'source_method': 'format(Ljava/util/Locale;Ljava/lang/String;[Ljava/lang/Object;)Ljava/lang/String;'},
 {'clss': 'Lcom/adjust/sdk/Util;',
  'method': 'formatString(Ljava/lang/String;[Ljava/lang/Object;)Ljava/lang/String;',
  'name': ['UUID'],
  'num': 426,
  'source_class': 'Ljava/lang/String;',
  'source_method': 'format(Ljava/util/Locale;Ljava/lang/String;[Ljava/lang/Object;)Ljava/lang/String;'},
 {'clss': 'Lcom/adjust/sdk/Util;',
  'method': 'formatString(Ljava/lang/String;[Ljava/lang/Object;)Ljava/lang/String;',
  'name': ['UUID'],
  'num': 426,
  'source_class': 'Ljava/lang/String;',
  'source_method': 'format(Ljava/util/Locale;Ljava/lang/String;[Ljava/lang/Object;)Ljava/lang/String;'},
 {'clss': 'Lcom/adjust/sdk/Util;',
  'method': 'formatString(Ljava/lang/String;[Ljava/lang/Object;)Ljava/lang/String;',
  'name': ['UUID'],
  'num': 426,
  'source_class': 'Ljava/lang/String;',
  'source_method': 'format(Ljava/util/Locale;Ljava/lang/String;[Ljava/lang/Object;)Ljava/lang/String;'},
 {'clss': 'Lcom/adjust/sdk/Util;',
  'method': 'formatString(Ljava/lang/String;[Ljava/lang/Object;)Ljava/lang/String;',
  'name': ['UUID'],
  'num': 426,
  'source_class': 'Ljava/lang/String;',
  'source_method': 'format(Ljava/util/Locale;Ljava/lang/String;[Ljava/lang/Object;)Ljava/lang/String;'},
 {'clss': 'Lcom/adjust/sdk/Util;',
  'method': 'formatString(Ljava/lang/String;[Ljava/lang/Object;)Ljava/lang/String;',
  'name': ['UUID'],
  'num': 426,
  'source_class': 'Ljava/lang/String;',
  'source_method': 'format(Ljava/util/Locale;Ljava/lang/String;[Ljava/lang/Object;)Ljava/lang/String;'},
 {'clss': 'Lcom/adjust/sdk/Util;',
  'method': 'getFireAdvertisingId(Landroid/content/ContentResolver;)Ljava/lang/String;',
  'name': ['AndroidID'],
  'num': 722,
  'source_class': 'Landroid/provider/Settings$Secure;',
  'source_method': 'getString(Landroid/content/ContentResolver;Ljava/lang/String;)Ljava/lang/String;'},
 {'clss': 'Lcom/adjust/sdk/Util;',
  'method': 'formatString(Ljava/lang/String;[Ljava/lang/Object;)Ljava/lang/String;',
  'name': ['UUID'],
  'num': 426,
  'source_class': 'Ljava/lang/String;',
  'source_method': 'format(Ljava/util/Locale;Ljava/lang/String;[Ljava/lang/Object;)Ljava/lang/String;'},
 {'clss': 'Lcom/adjust/sdk/Util;',
  'method': 'formatString(Ljava/lang/String;[Ljava/lang/Object;)Ljava/lang/String;',
  'name': ['UUID'],
  'num': 426,
  'source_class': 'Ljava/lang/String;',
  'source_method': 'format(Ljava/util/Locale;Ljava/lang/String;[Ljava/lang/Object;)Ljava/lang/String;'},
 {'clss': 'Lcom/adjust/sdk/Util;',
  'method': 'formatString(Ljava/lang/String;[Ljava/lang/Object;)Ljava/lang/String;',
  'name': ['UUID'],
  'num': 426,
  'source_class': 'Ljava/lang/String;',
  'source_method': 'format(Ljava/util/Locale;Ljava/lang/String;[Ljava/lang/Object;)Ljava/lang/String;'},
 {'clss': 'Lcom/adjust/sdk/ActivityPackage;',
  'method': 'getExtendedString()Ljava/lang/String;',
  'name': ['UUID'],
  'num': 665,
  'source_class': 'Ljava/lang/StringBuilder;',
  'source_method': 'toString()Ljava/lang/String;'},
 {'clss': 'Lcom/adjust/sdk/Util;',
  'method': 'formatString(Ljava/lang/String;[Ljava/lang/Object;)Ljava/lang/String;',
  'name': ['UUID'],
  'num': 426,
  'source_class': 'Ljava/lang/String;',
  'source_method': 'format(Ljava/util/Locale;Ljava/lang/String;[Ljava/lang/Object;)Ljava/lang/String;'},
 {'clss': 'Lcom/adjust/sdk/network/ActivityPackageSender;',
  'method': 'injectParametersToPOSTStringBuilder(Ljava/util/Map;Ljava/lang/StringBuilder;)V',
  'name': ['UUID'],
  'num': 1652,
  'source_class': 'Ljava/util/Map$Entry;',
  'source_method': 'getValue()Ljava/lang/Object;'},
 {'clss': 'Lcom/adjust/sdk/network/ActivityPackageSender;',
  'method': 'injectParametersToPOSTStringBuilder(Ljava/util/Map;Ljava/lang/StringBuilder;)V',
  'name': ['UUID'],
  'num': 1663,
  'source_class': 'Ljava/net/URLEncoder;',
  'source_method': 'encode(Ljava/lang/String;Ljava/lang/String;)Ljava/lang/String;'},
 {'clss': 'Lcom/adjust/sdk/network/ActivityPackageSender;',
  'method': 'generatePOSTBodyString(Ljava/util/Map;Ljava/util/Map;)Ljava/lang/String;',
  'name': ['UUID'],
  'num': 957,
  'source_class': 'Ljava/lang/StringBuilder;',
  'source_method': 'toString()Ljava/lang/String;'},
 {'clss': 'Lcom/adjust/sdk/Util;',
  'method': 'getFireAdvertisingId(Landroid/content/ContentResolver;)Ljava/lang/String;',
  'name': ['AndroidID'],
  'num': 722,
  'source_class': 'Landroid/provider/Settings$Secure;',
  'source_method': 'getString(Landroid/content/ContentResolver;Ljava/lang/String;)Ljava/lang/String;'},
 {'clss': 'Lcom/adjust/sdk/Util;',
  'method': 'formatString(Ljava/lang/String;[Ljava/lang/Object;)Ljava/lang/String;',
  'name': ['UUID'],
  'num': 426,
  'source_class': 'Ljava/lang/String;',
  'source_method': 'format(Ljava/util/Locale;Ljava/lang/String;[Ljava/lang/Object;)Ljava/lang/String;'},
 {'clss': 'Lcom/adjust/sdk/Util;',
  'method': 'formatString(Ljava/lang/String;[Ljava/lang/Object;)Ljava/lang/String;',
  'name': ['UUID'],
  'num': 426,
  'source_class': 'Ljava/lang/String;',
  'source_method': 'format(Ljava/util/Locale;Ljava/lang/String;[Ljava/lang/Object;)Ljava/lang/String;'},
 {'clss': 'Lcom/adjust/sdk/Util;',
  'method': 'formatString(Ljava/lang/String;[Ljava/lang/Object;)Ljava/lang/String;',
  'name': ['UUID'],
  'num': 426,
  'source_class': 'Ljava/lang/String;',
  'source_method': 'format(Ljava/util/Locale;Ljava/lang/String;[Ljava/lang/Object;)Ljava/lang/String;'},
 {'clss': 'Lcom/adjust/sdk/ActivityPackage;',
  'method': 'getExtendedString()Ljava/lang/String;',
  'name': ['UUID'],
  'num': 665,
  'source_class': 'Ljava/lang/StringBuilder;',
  'source_method': 'toString()Ljava/lang/String;'},
 {'clss': 'Lcom/adjust/sdk/Util;',
  'method': 'formatString(Ljava/lang/String;[Ljava/lang/Object;)Ljava/lang/String;',
  'name': ['UUID'],
  'num': 426,
  'source_class': 'Ljava/lang/String;',
  'source_method': 'format(Ljava/util/Locale;Ljava/lang/String;[Ljava/lang/Object;)Ljava/lang/String;'},
 {'clss': 'Lcom/adjust/sdk/network/ActivityPackageSender;',
  'method': 'injectParametersToPOSTStringBuilder(Ljava/util/Map;Ljava/lang/StringBuilder;)V',
  'name': ['UUID'],
  'num': 1652,
  'source_class': 'Ljava/util/Map$Entry;',
  'source_method': 'getValue()Ljava/lang/Object;'},
 {'clss': 'Lcom/adjust/sdk/network/ActivityPackageSender;',
  'method': 'injectParametersToPOSTStringBuilder(Ljava/util/Map;Ljava/lang/StringBuilder;)V',
  'name': ['UUID'],
  'num': 1663,
  'source_class': 'Ljava/net/URLEncoder;',
  'source_method': 'encode(Ljava/lang/String;Ljava/lang/String;)Ljava/lang/String;'},
 {'clss': 'Lcom/adjust/sdk/network/ActivityPackageSender;',
  'method': 'generatePOSTBodyString(Ljava/util/Map;Ljava/util/Map;)Ljava/lang/String;',
  'name': ['UUID'],
  'num': 957,
  'source_class': 'Ljava/lang/StringBuilder;',
  'source_method': 'toString()Ljava/lang/String;'},
 {'clss': 'Lcom/adjust/sdk/Util;',
  'method': 'getFireAdvertisingId(Landroid/content/ContentResolver;)Ljava/lang/String;',
  'name': ['AndroidID'],
  'num': 722,
  'source_class': 'Landroid/provider/Settings$Secure;',
  'source_method': 'getString(Landroid/content/ContentResolver;Ljava/lang/String;)Ljava/lang/String;'},
 {'clss': 'Lcom/adjust/sdk/Util;',
  'method': 'formatString(Ljava/lang/String;[Ljava/lang/Object;)Ljava/lang/String;',
  'name': ['UUID'],
  'num': 426,
  'source_class': 'Ljava/lang/String;',
  'source_method': 'format(Ljava/util/Locale;Ljava/lang/String;[Ljava/lang/Object;)Ljava/lang/String;'},
 {'clss': 'Lcom/adjust/sdk/Util;',
  'method': 'formatString(Ljava/lang/String;[Ljava/lang/Object;)Ljava/lang/String;',
  'name': ['UUID'],
  'num': 426,
  'source_class': 'Ljava/lang/String;',
  'source_method': 'format(Ljava/util/Locale;Ljava/lang/String;[Ljava/lang/Object;)Ljava/lang/String;'},
 {'clss': 'Lcom/adjust/sdk/Util;',
  'method': 'formatString(Ljava/lang/String;[Ljava/lang/Object;)Ljava/lang/String;',
  'name': ['UUID'],
  'num': 426,
  'source_class': 'Ljava/lang/String;',
  'source_method': 'format(Ljava/util/Locale;Ljava/lang/String;[Ljava/lang/Object;)Ljava/lang/String;'},
 {'clss': 'Lcom/adjust/sdk/ActivityPackage;',
  'method': 'getExtendedString()Ljava/lang/String;',
  'name': ['UUID'],
  'num': 665,
  'source_class': 'Ljava/lang/StringBuilder;',
  'source_method': 'toString()Ljava/lang/String;'},
 {'clss': 'Lcom/adjust/sdk/Util;',
  'method': 'formatString(Ljava/lang/String;[Ljava/lang/Object;)Ljava/lang/String;',
  'name': ['UUID'],
  'num': 426,
  'source_class': 'Ljava/lang/String;',
  'source_method': 'format(Ljava/util/Locale;Ljava/lang/String;[Ljava/lang/Object;)Ljava/lang/String;'},
 {'clss': 'Lcom/adjust/sdk/network/ActivityPackageSender;',
  'method': 'injectParametersToPOSTStringBuilder(Ljava/util/Map;Ljava/lang/StringBuilder;)V',
  'name': ['UUID'],
  'num': 1652,
  'source_class': 'Ljava/util/Map$Entry;',
  'source_method': 'getValue()Ljava/lang/Object;'},
 {'clss': 'Lcom/adjust/sdk/network/ActivityPackageSender;',
  'method': 'injectParametersToPOSTStringBuilder(Ljava/util/Map;Ljava/lang/StringBuilder;)V',
  'name': ['UUID'],
  'num': 1663,
  'source_class': 'Ljava/net/URLEncoder;',
  'source_method': 'encode(Ljava/lang/String;Ljava/lang/String;)Ljava/lang/String;'},
 {'clss': 'Lcom/adjust/sdk/network/ActivityPackageSender;',
  'method': 'generatePOSTBodyString(Ljava/util/Map;Ljava/util/Map;)Ljava/lang/String;',
  'name': ['UUID'],
  'num': 957,
  'source_class': 'Ljava/lang/StringBuilder;',
  'source_method': 'toString()Ljava/lang/String;'},
 {'clss': 'Lcom/adjust/sdk/Util;',
  'method': 'getFireAdvertisingId(Landroid/content/ContentResolver;)Ljava/lang/String;',
  'name': ['AndroidID'],
  'num': 722,
  'source_class': 'Landroid/provider/Settings$Secure;',
  'source_method': 'getString(Landroid/content/ContentResolver;Ljava/lang/String;)Ljava/lang/String;'},
 {'clss': 'Lcom/adjust/sdk/Util;',
  'method': 'formatString(Ljava/lang/String;[Ljava/lang/Object;)Ljava/lang/String;',
  'name': ['UUID'],
  'num': 426,
  'source_class': 'Ljava/lang/String;',
  'source_method': 'format(Ljava/util/Locale;Ljava/lang/String;[Ljava/lang/Object;)Ljava/lang/String;'},
 {'clss': 'Lcom/adjust/sdk/Util;',
  'method': 'formatString(Ljava/lang/String;[Ljava/lang/Object;)Ljava/lang/String;',
  'name': ['UUID'],
  'num': 426,
  'source_class': 'Ljava/lang/String;',
  'source_method': 'format(Ljava/util/Locale;Ljava/lang/String;[Ljava/lang/Object;)Ljava/lang/String;'},
 {'clss': 'Lcom/adjust/sdk/Util;',
  'method': 'formatString(Ljava/lang/String;[Ljava/lang/Object;)Ljava/lang/String;',
  'name': ['UUID'],
  'num': 426,
  'source_class': 'Ljava/lang/String;',
  'source_method': 'format(Ljava/util/Locale;Ljava/lang/String;[Ljava/lang/Object;)Ljava/lang/String;'},
 {'clss': 'Lcom/adjust/sdk/ActivityPackage;',
  'method': 'getExtendedString()Ljava/lang/String;',
  'name': ['UUID'],
  'num': 665,
  'source_class': 'Ljava/lang/StringBuilder;',
  'source_method': 'toString()Ljava/lang/String;'},
 {'clss': 'Lcom/adjust/sdk/Util;',
  'method': 'formatString(Ljava/lang/String;[Ljava/lang/Object;)Ljava/lang/String;',
  'name': ['UUID'],
  'num': 426,
  'source_class': 'Ljava/lang/String;',
  'source_method': 'format(Ljava/util/Locale;Ljava/lang/String;[Ljava/lang/Object;)Ljava/lang/String;'}]
Sinks
[{"smali_tag": "2183_1663", "clss": "Lcom/adjust/sdk/network/ActivityPackageSender;", "method": "injectParametersToPOSTStringBuilder(Ljava/util/Map;Ljava/lang/StringBuilder;)V", "num": 1663, "sink_class": "Ljava/net/URLEncoder;", "sink_method": "encode(Ljava/lang/String;Ljava/lang/String;)Ljava/lang/String;", "sink_values": ["5f5bd35e-37c8-4e70-8f39-2402b2af19be"], "sources": ["UUID"], "returned_value": null}, {"smali_tag": "2183_1663", "clss": "Lcom/adjust/sdk/network/ActivityPackageSender;", "method": "injectParametersToPOSTStringBuilder(Ljava/util/Map;Ljava/lang/StringBuilder;)V", "num": 1663, "sink_class": "Ljava/net/URLEncoder;", "sink_method": "encode(Ljava/lang/String;Ljava/lang/String;)Ljava/lang/String;", "sink_values": ["5f5bd35e-37c8-4e70-8f39-2402b2af19be"], "sources": ["UUID"], "returned_value": null}, {"smali_tag": "2183_2165", "clss": "Lcom/adjust/sdk/network/ActivityPackageSender;", "method": "tryToGetResponse(Lcom/adjust/sdk/ResponseData;)V", "num": 2165, "sink_class": "Ljava/net/URL;", "sink_method": "<init>(Ljava/lang/String;)V", "sink_values": ["https://app.adjust.com/attribution?initiated_by=sdk&gps_adid_attempt=1&api_level=28&event_buffering_enabled=0&app_version=1.0&app_token=2fm9gkqubvpc&os_version=9&created_at=2023-10-07T13%3A59%3A52.841Z%2B0900&device_type=phone&gps_adid=434ceb01-7f34-44db-bf40-aac89d9fb38e&android_uuid=5f5bd35e-37c8-4e70-8f39-2402b2af19be&google_app_set_id=5e5ad8fc-ac74-015d-6d92-45bc235513ef&device_name=Pixel%203&environment=sandbox&needs_response_details=1&attribution_deeplink=1&package_name=com.example.examples&os_name=android&ui_mode=1&gps_adid_src=service&tracking_enabled=1&sent_at=2023-10-07T13%3A59%3A52.973Z%2B0900"], "sources": ["UUID"], "returned_value": null}, {"smali_tag": "2183_1663", "clss": "Lcom/adjust/sdk/network/ActivityPackageSender;", "method": "injectParametersToPOSTStringBuilder(Ljava/util/Map;Ljava/lang/StringBuilder;)V", "num": 1663, "sink_class": "Ljava/net/URLEncoder;", "sink_method": "encode(Ljava/lang/String;Ljava/lang/String;)Ljava/lang/String;", "sink_values": ["5f5bd35e-37c8-4e70-8f39-2402b2af19be"], "sources": ["UUID"], "returned_value": null}, {"smali_tag": "2183_1663", "clss": "Lcom/adjust/sdk/network/ActivityPackageSender;", "method": "injectParametersToPOSTStringBuilder(Ljava/util/Map;Ljava/lang/StringBuilder;)V", "num": 1663, "sink_class": "Ljava/net/URLEncoder;", "sink_method": "encode(Ljava/lang/String;Ljava/lang/String;)Ljava/lang/String;", "sink_values": ["5f5bd35e-37c8-4e70-8f39-2402b2af19be"], "sources": ["UUID"], "returned_value": null}, {"smali_tag": "2183_1663", "clss": "Lcom/adjust/sdk/network/ActivityPackageSender;", "method": "injectParametersToPOSTStringBuilder(Ljava/util/Map;Ljava/lang/StringBuilder;)V", "num": 1663, "sink_class": "Ljava/net/URLEncoder;", "sink_method": "encode(Ljava/lang/String;Ljava/lang/String;)Ljava/lang/String;", "sink_values": ["5f5bd35e-37c8-4e70-8f39-2402b2af19be"], "sources": ["UUID"], "returned_value": null}]