project.emulator.get_num_leaks() = 2
Sources
[{'clss': 'Lcom/adjust/sdk/GooglePlayServicesClient$GooglePlayServicesInterface;',
  'method': 'getGpsAdid()Ljava/lang/String;',
  'name': ['AAID'],
  'num': 88,
  'source_class': 'Landroid/os/Parcel;',
  'source_method': 'readString()Ljava/lang/String;'},
 {'clss': 'Lcom/adjust/sdk/Util;', 'method': 'createUuid()Ljava/lang/String;', 'name': ['UUID'], 'num': 246, 'source_class': 'Ljava/util/UUID;', 'source_method': 'toString()Ljava/lang/String;'},
 {'clss': 'Lcom/adjust/sdk/GooglePlayServicesClient$GooglePlayServicesInterface;',
  'method': 'getGpsAdid()Ljava/lang/String;',
  'name': ['AAID'],
  'num': 88,
  'source_class': 'Landroid/os/Parcel;',
  'source_method': 'readString()Ljava/lang/String;'},
 {'clss': 'Lcom/adjust/sdk/Util;',
  'method': 'getFireAdvertisingId(Landroid/content/ContentResolver;)Ljava/lang/String;',
  'name': ['AndroidID'],
  'num': 722,
  'source_class': 'Landroid/provider/Settings$Secure;',
  'source_method': 'getString(Landroid/content/ContentResolver;Ljava/lang/String;)Ljava/lang/String;'},
 {'clss': 'Lcom/adjust/sdk/Util;',
  'method': 'formatString(Ljava/lang/String;[Ljava/lang/Object;)Ljava/lang/String;',
  'name': ['UUID'],
  'num': 426,
  'source_class': 'Ljava/lang/String;',
  'source_method': 'format(Ljava/util/Locale;Ljava/lang/String;[Ljava/lang/Object;)Ljava/lang/String;'},
 {'clss': 'Lcom/adjust/sdk/Util;',
  'method': 'formatString(Ljava/lang/String;[Ljava/lang/Object;)Ljava/lang/String;',
  'name': ['AAID'],
  'num': 426,
  'source_class': 'Ljava/lang/String;',
  'source_method': 'format(Ljava/util/Locale;Ljava/lang/String;[Ljava/lang/Object;)Ljava/lang/String;'},
 {'clss': 'Lcom/adjust/sdk/ActivityPackage;',
  'method': 'getExtendedString()Ljava/lang/String;',
  'name': ['AAID', 'UUID'],
  'num': 665,
  'source_class': 'Ljava/lang/StringBuilder;',
  'source_method': 'toString()Ljava/lang/String;'},
 {'clss': 'Lcom/adjust/sdk/Util;',
  'method': 'formatString(Ljava/lang/String;[Ljava/lang/Object;)Ljava/lang/String;',
  'name': ['AAID', 'UUID'],
  'num': 426,
  'source_class': 'Ljava/lang/String;',
  'source_method': 'format(Ljava/util/Locale;Ljava/lang/String;[Ljava/lang/Object;)Ljava/lang/String;'},
 {'clss': 'Lcom/adjust/sdk/Util;',
  'method': 'formatString(Ljava/lang/String;[Ljava/lang/Object;)Ljava/lang/String;',
  'name': ['UUID'],
  'num': 426,
  'source_class': 'Ljava/lang/String;',
  'source_method': 'format(Ljava/util/Locale;Ljava/lang/String;[Ljava/lang/Object;)Ljava/lang/String;'},
 {'clss': 'Lcom/adjust/sdk/Util;',
  'method': 'formatString(Ljava/lang/String;[Ljava/lang/Object;)Ljava/lang/String;',
  'name': ['UUID'],
  'num': 426,
  'source_class': 'Ljava/lang/String;',
  'source_method': 'format(Ljava/util/Locale;Ljava/lang/String;[Ljava/lang/Object;)Ljava/lang/String;'},
 {'clss': 'Lcom/adjust/sdk/network/ActivityPackageSender;',
  'method': 'injectParametersToPOSTStringBuilder(Ljava/util/Map;Ljava/lang/StringBuilder;)V',
  'name': ['AAID'],
  'num': 1652,
  'source_class': 'Ljava/util/Map$Entry;',
  'source_method': 'getValue()Ljava/lang/Object;'},
 {'clss': 'Lcom/adjust/sdk/network/ActivityPackageSender;',
  'method': 'injectParametersToPOSTStringBuilder(Ljava/util/Map;Ljava/lang/StringBuilder;)V',
  'name': ['AAID'],
  'num': 1663,
  'source_class': 'Ljava/net/URLEncoder;',
  'source_method': 'encode(Ljava/lang/String;Ljava/lang/String;)Ljava/lang/String;'},
 {'clss': 'Lcom/adjust/sdk/network/ActivityPackageSender;',
  'method': 'injectParametersToPOSTStringBuilder(Ljava/util/Map;Ljava/lang/StringBuilder;)V',
  'name': ['UUID'],
  'num': 1652,
  'source_class': 'Ljava/util/Map$Entry;',
  'source_method': 'getValue()Ljava/lang/Object;'},
 {'clss': 'Lcom/adjust/sdk/network/ActivityPackageSender;',
  'method': 'injectParametersToPOSTStringBuilder(Ljava/util/Map;Ljava/lang/StringBuilder;)V',
  'name': ['UUID'],
  'num': 1663,
  'source_class': 'Ljava/net/URLEncoder;',
  'source_method': 'encode(Ljava/lang/String;Ljava/lang/String;)Ljava/lang/String;'},
 {'clss': 'Lcom/adjust/sdk/network/ActivityPackageSender;',
  'method': 'generatePOSTBodyString(Ljava/util/Map;Ljava/util/Map;)Ljava/lang/String;',
  'name': ['AAID', 'UUID'],
  'num': 957,
  'source_class': 'Ljava/lang/StringBuilder;',
  'source_method': 'toString()Ljava/lang/String;'}]
Sinks
[{"smali_tag": "2170_1663", "clss": "Lcom/adjust/sdk/network/ActivityPackageSender;", "method": "injectParametersToPOSTStringBuilder(Ljava/util/Map;Ljava/lang/StringBuilder;)V", "num": 1663, "sink_class": "Ljava/net/URLEncoder;", "sink_method": "encode(Ljava/lang/String;Ljava/lang/String;)Ljava/lang/String;", "sink_values": ["4a16ccc6-e9d6-4d9a-885a-6259b15a2aed"], "sources": ["AAID"], "returned_value": null}, {"smali_tag": "2170_1663", "clss": "Lcom/adjust/sdk/network/ActivityPackageSender;", "method": "injectParametersToPOSTStringBuilder(Ljava/util/Map;Ljava/lang/StringBuilder;)V", "num": 1663, "sink_class": "Ljava/net/URLEncoder;", "sink_method": "encode(Ljava/lang/String;Ljava/lang/String;)Ljava/lang/String;", "sink_values": ["cafa7391-ec91-4324-bb21-aa75d9220389"], "sources": ["UUID"], "returned_value": null}]