project.emulator.get_num_leaks() = 4
Sources
[{'clss': 'Lcom/facebook/login/widget/LoginButton;',
  'method': '<init>(Landroid/content/Context;Landroid/util/AttributeSet;IILjava/lang/String;Ljava/lang/String;)V',
  'name': ['UUID'],
  'num': 541,
  'source_class': 'Ljava/util/UUID;',
  'source_method': 'toString()Ljava/lang/String;'},
 {'clss': 'Lcom/facebook/appevents/internal/SessionInfo;',
  'method': 'writeSessionToDisk()V',
  'name': ['UUID'],
  'num': 472,
  'source_class': 'Ljava/util/UUID;',
  'source_method': 'toString()Ljava/lang/String;'},
 {'clss': 'Lcom/facebook/appevents/AppEvent;',
  'method': 'calculateChecksum()Ljava/lang/String;',
  'name': ['UUID'],
  'num': 271,
  'source_class': 'Lorg/json/JSONObject;',
  'source_method': 'toString()Ljava/lang/String;'},
 {'clss': 'Lcom/facebook/appevents/AppEvent;',
  'method': 'calculateChecksum()Ljava/lang/String;',
  'name': ['UUID'],
  'num': 271,
  'source_class': 'Lorg/json/JSONObject;',
  'source_method': 'toString()Ljava/lang/String;'},
 {'clss': 'Lcom/facebook/appevents/SessionEventsState;',
  'method': 'populateRequest(Lcom/facebook/GraphRequest;Landroid/content/Context;ILorg/json/JSONArray;Z)V',
  'name': ['UUID'],
  'num': 256,
  'source_class': 'Lorg/json/JSONArray;',
  'source_method': 'toString()Ljava/lang/String;'},
 {'clss': 'Lcom/facebook/GraphRequest$Serializer;',
  'method': 'write(Ljava/lang/String;[Ljava/lang/Object;)V',
  'name': ['UUID'],
  'num': 307,
  'source_class': 'Ljava/lang/String;',
  'source_method': 'format(Ljava/util/Locale;Ljava/lang/String;[Ljava/lang/Object;)Ljava/lang/String;'},
 {'clss': 'Lcom/facebook/GraphRequest$Serializer;',
  'method': 'write(Ljava/lang/String;[Ljava/lang/Object;)V',
  'name': ['UUID'],
  'num': 317,
  'source_class': 'Ljava/net/URLEncoder;',
  'source_method': 'encode(Ljava/lang/String;Ljava/lang/String;)Ljava/lang/String;'},
 {'clss': 'Lcom/facebook/appevents/internal/SessionInfo;',
  'method': 'writeSessionToDisk()V',
  'name': ['UUID'],
  'num': 472,
  'source_class': 'Ljava/util/UUID;',
  'source_method': 'toString()Ljava/lang/String;'},
 {'clss': 'Lcom/facebook/appevents/internal/SessionInfo;',
  'method': 'writeSessionToDisk()V',
  'name': ['UUID'],
  'num': 472,
  'source_class': 'Ljava/util/UUID;',
  'source_method': 'toString()Ljava/lang/String;'},
 {'clss': 'Lcom/facebook/appevents/AppEvent;',
  'method': 'calculateChecksum()Ljava/lang/String;',
  'name': ['UUID'],
  'num': 271,
  'source_class': 'Lorg/json/JSONObject;',
  'source_method': 'toString()Ljava/lang/String;'},
 {'clss': 'Lcom/facebook/appevents/internal/SessionInfo;',
  'method': 'writeSessionToDisk()V',
  'name': ['UUID'],
  'num': 472,
  'source_class': 'Ljava/util/UUID;',
  'source_method': 'toString()Ljava/lang/String;'},
 {'clss': 'Lcom/facebook/appevents/internal/SessionInfo;',
  'method': 'writeSessionToDisk()V',
  'name': ['UUID'],
  'num': 472,
  'source_class': 'Ljava/util/UUID;',
  'source_method': 'toString()Ljava/lang/String;'},
 {'clss': 'Lcom/facebook/appevents/internal/SessionInfo;',
  'method': 'writeSessionToDisk()V',
  'name': ['UUID'],
  'num': 472,
  'source_class': 'Ljava/util/UUID;',
  'source_method': 'toString()Ljava/lang/String;'},
 {'clss': 'Lcom/facebook/appevents/AppEvent;',
  'method': 'writeReplace()Ljava/lang/Object;',
  'name': ['UUID'],
  'num': 748,
  'source_class': 'Lorg/json/JSONObject;',
  'source_method': 'toString()Ljava/lang/String;'},
 {'clss': 'Lcom/facebook/appevents/AppEvent;',
  'method': 'writeReplace()Ljava/lang/Object;',
  'name': ['UUID'],
  'num': 748,
  'source_class': 'Lorg/json/JSONObject;',
  'source_method': 'toString()Ljava/lang/String;'},
 {'clss': 'Lcom/facebook/appevents/AppEvent;',
  'method': 'writeReplace()Ljava/lang/Object;',
  'name': ['UUID'],
  'num': 748,
  'source_class': 'Lorg/json/JSONObject;',
  'source_method': 'toString()Ljava/lang/String;'},
 {'clss': 'Lcom/facebook/appevents/AppEvent;',
  'method': 'writeReplace()Ljava/lang/Object;',
  'name': ['UUID'],
  'num': 748,
  'source_class': 'Lorg/json/JSONObject;',
  'source_method': 'toString()Ljava/lang/String;'},
 {'clss': 'Lcom/facebook/appevents/AppEvent$SerializationProxyV2;', 'method': 'readResolve()Ljava/lang/Object;', 'name': ['UUID'], 'num': 126, 'source_class': None, 'source_method': None},
 {'clss': 'Lcom/facebook/appevents/AppEvent$SerializationProxyV2;', 'method': 'readResolve()Ljava/lang/Object;', 'name': ['UUID'], 'num': 126, 'source_class': None, 'source_method': None},
 {'clss': 'Lcom/facebook/appevents/AppEvent$SerializationProxyV2;', 'method': 'readResolve()Ljava/lang/Object;', 'name': ['UUID'], 'num': 126, 'source_class': None, 'source_method': None},
 {'clss': 'Lcom/facebook/appevents/AppEvent$SerializationProxyV2;', 'method': 'readResolve()Ljava/lang/Object;', 'name': ['UUID'], 'num': 126, 'source_class': None, 'source_method': None},
 {'clss': 'Lcom/facebook/appevents/AppEvent;',
  'method': 'writeReplace()Ljava/lang/Object;',
  'name': ['UUID'],
  'num': 748,
  'source_class': 'Lorg/json/JSONObject;',
  'source_method': 'toString()Ljava/lang/String;'},
 {'clss': 'Lcom/facebook/appevents/AppEvent;',
  'method': 'writeReplace()Ljava/lang/Object;',
  'name': ['UUID'],
  'num': 748,
  'source_class': 'Lorg/json/JSONObject;',
  'source_method': 'toString()Ljava/lang/String;'},
 {'clss': 'Lcom/facebook/appevents/AppEvent;',
  'method': 'writeReplace()Ljava/lang/Object;',
  'name': ['UUID'],
  'num': 748,
  'source_class': 'Lorg/json/JSONObject;',
  'source_method': 'toString()Ljava/lang/String;'},
 {'clss': 'Lcom/facebook/appevents/AppEvent;',
  'method': 'writeReplace()Ljava/lang/Object;',
  'name': ['UUID'],
  'num': 748,
  'source_class': 'Lorg/json/JSONObject;',
  'source_method': 'toString()Ljava/lang/String;'},
 {'clss': 'Lcom/facebook/appevents/AppEvent$SerializationProxyV2;', 'method': 'readResolve()Ljava/lang/Object;', 'name': ['UUID'], 'num': 126, 'source_class': None, 'source_method': None},
 {'clss': 'Lcom/facebook/appevents/AppEvent$SerializationProxyV2;', 'method': 'readResolve()Ljava/lang/Object;', 'name': ['UUID'], 'num': 126, 'source_class': None, 'source_method': None},
 {'clss': 'Lcom/facebook/appevents/AppEvent$SerializationProxyV2;', 'method': 'readResolve()Ljava/lang/Object;', 'name': ['UUID'], 'num': 126, 'source_class': None, 'source_method': None},
 {'clss': 'Lcom/facebook/appevents/AppEvent$SerializationProxyV2;', 'method': 'readResolve()Ljava/lang/Object;', 'name': ['UUID'], 'num': 126, 'source_class': None, 'source_method': None},
 {'clss': 'Lcom/facebook/appevents/AppEvent;',
  'method': 'writeReplace()Ljava/lang/Object;',
  'name': ['UUID'],
  'num': 748,
  'source_class': 'Lorg/json/JSONObject;',
  'source_method': 'toString()Ljava/lang/String;'},
 {'clss': 'Lcom/facebook/appevents/AppEvent;',
  'method': 'writeReplace()Ljava/lang/Object;',
  'name': ['UUID'],
  'num': 748,
  'source_class': 'Lorg/json/JSONObject;',
  'source_method': 'toString()Ljava/lang/String;'},
 {'clss': 'Lcom/facebook/appevents/AppEvent;',
  'method': 'writeReplace()Ljava/lang/Object;',
  'name': ['UUID'],
  'num': 748,
  'source_class': 'Lorg/json/JSONObject;',
  'source_method': 'toString()Ljava/lang/String;'},
 {'clss': 'Lcom/facebook/appevents/AppEvent;',
  'method': 'writeReplace()Ljava/lang/Object;',
  'name': ['UUID'],
  'num': 748,
  'source_class': 'Lorg/json/JSONObject;',
  'source_method': 'toString()Ljava/lang/String;'},
 {'clss': 'Lcom/facebook/appevents/internal/SessionInfo;',
  'method': 'writeSessionToDisk()V',
  'name': ['UUID'],
  'num': 472,
  'source_class': 'Ljava/util/UUID;',
  'source_method': 'toString()Ljava/lang/String;'},
 {'clss': 'Lcom/facebook/appevents/internal/SessionInfo;',
  'method': 'writeSessionToDisk()V',
  'name': ['UUID'],
  'num': 472,
  'source_class': 'Ljava/util/UUID;',
  'source_method': 'toString()Ljava/lang/String;'},
 {'clss': 'Lcom/facebook/appevents/internal/SessionInfo;',
  'method': 'writeSessionToDisk()V',
  'name': ['UUID'],
  'num': 472,
  'source_class': 'Ljava/util/UUID;',
  'source_method': 'toString()Ljava/lang/String;'},
 {'clss': 'Lcom/facebook/appevents/AppEvent$SerializationProxyV2;', 'method': 'readResolve()Ljava/lang/Object;', 'name': ['UUID'], 'num': 126, 'source_class': None, 'source_method': None},
 {'clss': 'Lcom/facebook/appevents/AppEvent$SerializationProxyV2;', 'method': 'readResolve()Ljava/lang/Object;', 'name': ['UUID'], 'num': 126, 'source_class': None, 'source_method': None},
 {'clss': 'Lcom/facebook/appevents/AppEvent$SerializationProxyV2;', 'method': 'readResolve()Ljava/lang/Object;', 'name': ['UUID'], 'num': 126, 'source_class': None, 'source_method': None},
 {'clss': 'Lcom/facebook/appevents/AppEvent$SerializationProxyV2;', 'method': 'readResolve()Ljava/lang/Object;', 'name': ['UUID'], 'num': 126, 'source_class': None, 'source_method': None},
 {'clss': 'Lcom/facebook/appevents/AppEvent;',
  'method': 'writeReplace()Ljava/lang/Object;',
  'name': ['UUID'],
  'num': 748,
  'source_class': 'Lorg/json/JSONObject;',
  'source_method': 'toString()Ljava/lang/String;'},
 {'clss': 'Lcom/facebook/appevents/AppEvent;',
  'method': 'writeReplace()Ljava/lang/Object;',
  'name': ['UUID'],
  'num': 748,
  'source_class': 'Lorg/json/JSONObject;',
  'source_method': 'toString()Ljava/lang/String;'},
 {'clss': 'Lcom/facebook/appevents/AppEvent;',
  'method': 'writeReplace()Ljava/lang/Object;',
  'name': ['UUID'],
  'num': 748,
  'source_class': 'Lorg/json/JSONObject;',
  'source_method': 'toString()Ljava/lang/String;'},
 {'clss': 'Lcom/facebook/appevents/AppEvent;',
  'method': 'writeReplace()Ljava/lang/Object;',
  'name': ['UUID'],
  'num': 748,
  'source_class': 'Lorg/json/JSONObject;',
  'source_method': 'toString()Ljava/lang/String;'},
 {'clss': 'Lcom/facebook/appevents/AppEvent;',
  'method': 'writeReplace()Ljava/lang/Object;',
  'name': ['UUID'],
  'num': 748,
  'source_class': 'Lorg/json/JSONObject;',
  'source_method': 'toString()Ljava/lang/String;'},
 {'clss': 'Lcom/facebook/appevents/AppEvent;',
  'method': 'writeReplace()Ljava/lang/Object;',
  'name': ['UUID'],
  'num': 748,
  'source_class': 'Lorg/json/JSONObject;',
  'source_method': 'toString()Ljava/lang/String;'},
 {'clss': 'Lcom/facebook/appevents/AppEvent$SerializationProxyV2;', 'method': 'readResolve()Ljava/lang/Object;', 'name': ['UUID'], 'num': 126, 'source_class': None, 'source_method': None},
 {'clss': 'Lcom/facebook/appevents/AppEvent$SerializationProxyV2;', 'method': 'readResolve()Ljava/lang/Object;', 'name': ['UUID'], 'num': 126, 'source_class': None, 'source_method': None},
 {'clss': 'Lcom/facebook/appevents/AppEvent$SerializationProxyV2;', 'method': 'readResolve()Ljava/lang/Object;', 'name': ['UUID'], 'num': 126, 'source_class': None, 'source_method': None},
 {'clss': 'Lcom/facebook/appevents/AppEvent$SerializationProxyV2;', 'method': 'readResolve()Ljava/lang/Object;', 'name': ['UUID'], 'num': 126, 'source_class': None, 'source_method': None},
 {'clss': 'Lcom/facebook/appevents/AppEvent$SerializationProxyV2;', 'method': 'readResolve()Ljava/lang/Object;', 'name': ['UUID'], 'num': 126, 'source_class': None, 'source_method': None},
 {'clss': 'Lcom/facebook/appevents/AppEvent$SerializationProxyV2;', 'method': 'readResolve()Ljava/lang/Object;', 'name': ['UUID'], 'num': 126, 'source_class': None, 'source_method': None},
 {'clss': 'Lcom/facebook/appevents/AppEvent;',
  'method': 'calculateChecksum()Ljava/lang/String;',
  'name': ['UUID'],
  'num': 271,
  'source_class': 'Lorg/json/JSONObject;',
  'source_method': 'toString()Ljava/lang/String;'},
 {'clss': 'Lcom/facebook/appevents/AppEvent;',
  'method': 'calculateChecksum()Ljava/lang/String;',
  'name': ['UUID'],
  'num': 271,
  'source_class': 'Lorg/json/JSONObject;',
  'source_method': 'toString()Ljava/lang/String;'},
 {'clss': 'Lcom/facebook/appevents/AppEvent;',
  'method': 'calculateChecksum()Ljava/lang/String;',
  'name': ['UUID'],
  'num': 271,
  'source_class': 'Lorg/json/JSONObject;',
  'source_method': 'toString()Ljava/lang/String;'},
 {'clss': 'Lcom/facebook/appevents/AppEvent;',
  'method': 'calculateChecksum()Ljava/lang/String;',
  'name': ['UUID'],
  'num': 271,
  'source_class': 'Lorg/json/JSONObject;',
  'source_method': 'toString()Ljava/lang/String;'},
 {'clss': 'Lcom/facebook/appevents/AppEvent;',
  'method': 'calculateChecksum()Ljava/lang/String;',
  'name': ['UUID'],
  'num': 271,
  'source_class': 'Lorg/json/JSONObject;',
  'source_method': 'toString()Ljava/lang/String;'},
 {'clss': 'Lcom/facebook/appevents/AppEvent;',
  'method': 'calculateChecksum()Ljava/lang/String;',
  'name': ['UUID'],
  'num': 271,
  'source_class': 'Lorg/json/JSONObject;',
  'source_method': 'toString()Ljava/lang/String;'},
 {'clss': 'Lcom/facebook/appevents/AppEvent;',
  'method': 'calculateChecksum()Ljava/lang/String;',
  'name': ['UUID'],
  'num': 271,
  'source_class': 'Lorg/json/JSONObject;',
  'source_method': 'toString()Ljava/lang/String;'},
 {'clss': 'Lcom/facebook/appevents/SessionEventsState;',
  'method': 'populateRequest(Lcom/facebook/GraphRequest;Landroid/content/Context;ILorg/json/JSONArray;Z)V',
  'name': ['UUID'],
  'num': 256,
  'source_class': 'Lorg/json/JSONArray;',
  'source_method': 'toString()Ljava/lang/String;'},
 {'clss': 'Lcom/facebook/GraphRequest$Serializer;',
  'method': 'write(Ljava/lang/String;[Ljava/lang/Object;)V',
  'name': ['UUID'],
  'num': 307,
  'source_class': 'Ljava/lang/String;',
  'source_method': 'format(Ljava/util/Locale;Ljava/lang/String;[Ljava/lang/Object;)Ljava/lang/String;'},
 {'clss': 'Lcom/facebook/GraphRequest$Serializer;',
  'method': 'write(Ljava/lang/String;[Ljava/lang/Object;)V',
  'name': ['UUID'],
  'num': 317,
  'source_class': 'Ljava/net/URLEncoder;',
  'source_method': 'encode(Ljava/lang/String;Ljava/lang/String;)Ljava/lang/String;'}]
Sinks
[{"smali_tag": "9098_4469", "clss": "Lcom/facebook/GraphRequest$Companion;", "method": "toHttpConnection(Lcom/facebook/GraphRequestBatch;)Ljava/net/HttpURLConnection;", "num": 4469, "sink_class": "Ljava/net/URL;", "sink_method": "<init>(Ljava/lang/String;)V", "sink_values": ["https://graph.facebook.com/v16.0/app/model_asset?access_token=230081766446920%7C01e85dd986417fb24a476bfa5a494d92&fields=use_case%2Cversion_id%2Casset_uri%2Crules_uri%2Cthresholds&format=json&sdk=android"], "sources": ["UUID"], "returned_value": null}, {"smali_tag": "9098_4469", "clss": "Lcom/facebook/GraphRequest$Companion;", "method": "toHttpConnection(Lcom/facebook/GraphRequestBatch;)Ljava/net/HttpURLConnection;", "num": 4469, "sink_class": "Ljava/net/URL;", "sink_method": "<init>(Ljava/lang/String;)V", "sink_values": ["https://graph.facebook.com/v16.0/230081766446920/activities"], "sources": ["UUID"], "returned_value": null}, {"smali_tag": "9192_334", "clss": "Lcom/facebook/GraphRequest$Serializer;", "method": "write(Ljava/lang/String;[Ljava/lang/Object;)V", "num": 334, "sink_class": "Ljava/io/OutputStream;", "sink_method": "write([B)V", "sink_values": [[37, 53, 66, 37, 55, 66, 37, 50, 50, 95, 101, 118, 101, 110, 116, 78, 97, 109, 101, 37, 50, 50, 37, 51, 65, 37, 50, 50, 102, 98, 95, 115, 100, 107, 95, 105, 110, 105, 116, 105, 97, 108, 105, 122, 101, 37, 50, 50, 37, 50, 67, 37, 50, 50, 95, 101, 118, 101, 110, 116, 78, 97, 109, 101, 95, 109, 100, 53, 37, 50, 50, 37, 51, 65, 37, 50, 50, 100, 52, 55, 48, 100, 50, 50, 102, 50, 51, 55, 97, 101, 101, 54, 57, 56, 52, 51, 51, 53, 53, 101, 100, 98, 97, 53, 97, 56, 49, 55, 56, 37, 50, 50, 37, 50, 67, 37, 50, 50, 95, 108, 111, 103, 84, 105, 109, 101, 37, 50, 50, 37, 51, 65, 49, 54, 57, 55, 49, 55, 56, 48, 51, 49, 37, 50, 67, 37, 50, 50, 95, 117, 105, 37, 50, 50, 37, 51, 65, 37, 50, 50, 117, 110, 107, 110, 111, 119, 110, 37, 50, 50, 37, 50, 67, 37, 50, 50, 115, 104, 97, 114, 101, 95, 108, 105, 98, 95, 105, 110, 99, 108, 117, 100, 101, 100, 37, 50, 50, 37, 51, 65, 37, 50, 50, 49, 37, 50, 50, 37, 50, 67, 37, 50, 50, 97, 112, 112, 108, 105, 110, 107, 115, 95, 108, 105, 98, 95, 105, 110, 99, 108, 117, 100, 101, 100, 37, 50, 50, 37, 51, 65, 37, 50, 50, 49, 37, 50, 50, 37, 50, 67, 37, 50, 50, 103, 97, 109, 105, 110, 103, 115, 101, 114, 118, 105, 99, 101, 115, 95, 108, 105, 98, 95, 105, 110, 99, 108, 117, 100, 101, 100, 37, 50, 50, 37, 51, 65, 37, 50, 50, 49, 37, 50, 50, 37, 50, 67, 37, 50, 50, 109, 101, 115, 115, 101, 110, 103, 101, 114, 95, 108, 105, 98, 95, 105, 110, 99, 108, 117, 100, 101, 100, 37, 50, 50, 37, 51, 65, 37, 50, 50, 49, 37, 50, 50, 37, 50, 67, 37, 50, 50, 108, 111, 103, 105, 110, 95, 108, 105, 98, 95, 105, 110, 99, 108, 117, 100, 101, 100, 37, 50, 50, 37, 51, 65, 37, 50, 50, 49, 37, 50, 50, 37, 50, 67, 37, 50, 50, 97, 108, 108, 95, 108, 105, 98, 95, 105, 110, 99, 108, 117, 100, 101, 100, 37, 50, 50, 37, 51, 65, 37, 50, 50, 49, 37, 50, 50, 37, 50, 67, 37, 50, 50, 99, 111, 114, 101, 95, 108, 105, 98, 95, 105, 110, 99, 108, 117, 100, 101, 100, 37, 50, 50, 37, 51, 65, 37, 50, 50, 49, 37, 50, 50, 37, 50, 67, 37, 50, 50, 95, 105, 110, 66, 97, 99, 107, 103, 114, 111, 117, 110, 100, 37, 50, 50, 37, 51, 65, 37, 50, 50, 49, 37, 50, 50, 37, 50, 67, 37, 50, 50, 95, 105, 109, 112, 108, 105, 99, 105, 116, 108, 121, 76, 111, 103, 103, 101, 100, 37, 50, 50, 37, 51, 65, 37, 50, 50, 49, 37, 50, 50, 37, 55, 68, 37, 50, 67, 37, 55, 66, 37, 50, 50, 95, 101, 118, 101, 110, 116, 78, 97, 109, 101, 37, 50, 50, 37, 51, 65, 37, 50, 50, 102, 98, 95, 108, 111, 103, 105, 110, 95, 98, 117, 116, 116, 111, 110, 95, 99, 114, 101, 97, 116, 101, 37, 50, 50, 37, 50, 67, 37, 50, 50, 95, 101, 118, 101, 110, 116, 78, 97, 109, 101, 95, 109, 100, 53, 37, 50, 50, 37, 51, 65, 37, 50, 50, 48, 100, 98, 55, 102, 101, 100, 53, 100, 54, 56, 57, 52, 48, 101, 97, 101, 48, 56, 57, 56, 57, 99, 102, 101, 99, 57, 102, 52, 101, 102, 55, 37, 50, 50, 37, 50, 67, 37, 50, 50, 95, 108, 111, 103, 84, 105, 109, 101, 37, 50, 50, 37, 51, 65, 49, 54, 57, 55, 49, 55, 56, 48, 51, 51, 37, 50, 67, 37, 50, 50, 95, 117, 105, 37, 50, 50, 37, 51, 65, 37, 50, 50, 77, 97, 105, 110, 65, 99, 116, 105, 118, 105, 116, 121, 37, 50, 50, 37, 50, 67, 37, 50, 50, 95, 115, 101, 115, 115, 105, 111, 110, 95, 105, 100, 37, 50, 50, 37, 51, 65, 37, 50, 50, 49, 56, 97, 99, 57, 102, 98, 101, 45, 101, 54, 56, 97, 45, 52, 100, 51, 55, 45, 98, 97, 99, 99, 45, 102, 54, 53, 54, 48, 99, 99, 50, 57, 53, 98, 48, 37, 50, 50, 37, 50, 67, 37, 50, 50, 95, 105, 109, 112, 108, 105, 99, 105, 116, 108, 121, 76, 111, 103, 103, 101, 100, 37, 50, 50, 37, 51, 65, 37, 50, 50, 49, 37, 50, 50, 37, 55, 68, 37, 50, 67, 37, 55, 66, 37, 50, 50, 95, 101, 118, 101, 110, 116, 78, 97, 109, 101, 37, 50, 50, 37, 51, 65, 37, 50, 50, 102, 98, 95, 109, 111, 98, 105, 108, 101, 95, 97, 99, 116, 105, 118, 97, 116, 101, 95, 97, 112, 112, 37, 50, 50, 37, 50, 67, 37, 50, 50, 95, 101, 118, 101, 110, 116, 78, 97, 109, 101, 95, 109, 100, 53, 37, 50, 50, 37, 51, 65, 37, 50, 50, 99, 98, 55, 102, 51, 98, 54, 99, 100, 50, 57, 52, 97, 102, 99, 101, 48, 53, 101, 99, 101, 54, 49, 53, 100, 52, 51, 101, 97, 55, 98, 57, 37, 50, 50, 37, 50, 67, 37, 50, 50, 95, 108, 111, 103, 84, 105, 109, 101, 37, 50, 50, 37, 51, 65, 49, 54, 57, 55, 49, 55, 56, 48, 51, 55, 37, 50, 67, 37, 50, 50, 95, 117, 105, 37, 50, 50, 37, 51, 65, 37, 50, 50, 77, 97, 105, 110, 65, 99, 116, 105, 118, 105, 116, 121, 37, 50, 50, 37, 50, 67, 37, 50, 50, 95, 115, 101, 115, 115, 105, 111, 110, 95, 105, 100, 37, 50, 50, 37, 51, 65, 37, 50, 50, 49, 56, 97, 99, 57, 102, 98, 101, 45, 101, 54, 56, 97, 45, 52, 100, 51, 55, 45, 98, 97, 99, 99, 45, 102, 54, 53, 54, 48, 99, 99, 50, 57, 53, 98, 48, 37, 50, 50, 37, 50, 67, 37, 50, 50, 102, 98, 95, 109, 111, 98, 105, 108, 101, 95, 108, 97, 117, 110, 99, 104, 95, 115, 111, 117, 114, 99, 101, 37, 50, 50, 37, 51, 65, 37, 50, 50, 85, 110, 99, 108, 97, 115, 115, 105, 102, 105, 101, 100, 37, 50, 50, 37, 50, 67, 37, 50, 50, 102, 98, 95, 109, 111, 98, 105, 108, 101, 95, 112, 99, 107, 103, 95, 102, 112, 37, 50, 50, 37, 51, 65, 37, 50, 50, 55, 97, 98, 54, 50, 102, 57, 99, 57, 100, 51, 102, 97, 53, 57, 50, 53, 97, 102, 100, 50, 56, 102, 55, 53, 49, 97, 101, 52, 55, 102, 101, 37, 50, 50, 37, 50, 67, 37, 50, 50, 102, 98, 95, 109, 111, 98, 105, 108, 101, 95, 97, 112, 112, 95, 99, 101, 114, 116, 95, 104, 97, 115, 104, 37, 50, 50, 37, 51, 65, 37, 50, 50, 90, 120, 101, 117, 76, 90, 99, 86, 83, 113, 104, 37, 53, 67, 37, 50, 70, 101, 121, 82, 77, 83, 117, 76, 51, 113, 55, 50, 77, 79, 56, 103, 37, 51, 68, 37, 53, 67, 110, 37, 50, 50, 37, 55, 68, 37, 53, 68]], "sources": ["UUID"], "returned_value": null}, {"smali_tag": "9098_4469", "clss": "Lcom/facebook/GraphRequest$Companion;", "method": "toHttpConnection(Lcom/facebook/GraphRequestBatch;)Ljava/net/HttpURLConnection;", "num": 4469, "sink_class": "Ljava/net/URL;", "sink_method": "<init>(Ljava/lang/String;)V", "sink_values": ["https://graph.facebook.com/v16.0/230081766446920/activities"], "sources": ["UUID"], "returned_value": null}, {"smali_tag": "9192_595", "clss": "Lcom/facebook/GraphRequest$Serializer;", "method": "writeContentDisposition(Ljava/lang/String;Ljava/lang/String;Ljava/lang/String;)V", "num": 595, "sink_class": "Ljava/io/OutputStream;", "sink_method": "write([B)V", "sink_values": [[102, 111, 114, 109, 97, 116, 61]], "sources": ["UUID"], "returned_value": null}, {"smali_tag": "9192_317", "clss": "Lcom/facebook/GraphRequest$Serializer;", "method": "write(Ljava/lang/String;[Ljava/lang/Object;)V", "num": 317, "sink_class": "Ljava/net/URLEncoder;", "sink_method": "encode(Ljava/lang/String;Ljava/lang/String;)Ljava/lang/String;", "sink_values": ["json"], "sources": ["UUID"], "returned_value": null}, {"smali_tag": "9192_334", "clss": "Lcom/facebook/GraphRequest$Serializer;", "method": "write(Ljava/lang/String;[Ljava/lang/Object;)V", "num": 334, "sink_class": "Ljava/io/OutputStream;", "sink_method": "write([B)V", "sink_values": [[106, 115, 111, 110]], "sources": ["UUID"], "returned_value": null}, {"smali_tag": "9192_595", "clss": "Lcom/facebook/GraphRequest$Serializer;", "method": "writeContentDisposition(Ljava/lang/String;Ljava/lang/String;Ljava/lang/String;)V", "num": 595, "sink_class": "Ljava/io/OutputStream;", "sink_method": "write([B)V", "sink_values": [[115, 100, 107, 61]], "sources": ["UUID"], "returned_value": null}, {"smali_tag": "9192_317", "clss": "Lcom/facebook/GraphRequest$Serializer;", "method": "write(Ljava/lang/String;[Ljava/lang/Object;)V", "num": 317, "sink_class": "Ljava/net/URLEncoder;", "sink_method": "encode(Ljava/lang/String;Ljava/lang/String;)Ljava/lang/String;", "sink_values": ["android"], "sources": ["UUID"], "returned_value": null}, {"smali_tag": "9192_334", "clss": "Lcom/facebook/GraphRequest$Serializer;", "method": "write(Ljava/lang/String;[Ljava/lang/Object;)V", "num": 334, "sink_class": "Ljava/io/OutputStream;", "sink_method": "write([B)V", "sink_values": [[97, 110, 100, 114, 111, 105, 100]], "sources": ["UUID"], "returned_value": null}, {"smali_tag": "9192_595", "clss": "Lcom/facebook/GraphRequest$Serializer;", "method": "writeContentDisposition(Ljava/lang/String;Ljava/lang/String;Ljava/lang/String;)V", "num": 595, "sink_class": "Ljava/io/OutputStream;", "sink_method": "write([B)V", "sink_values": [[99, 117, 115, 116, 111, 109, 95, 101, 118, 101, 110, 116, 115, 61]], "sources": ["UUID"], "returned_value": null}, {"smali_tag": "9192_317", "clss": "Lcom/facebook/GraphRequest$Serializer;", "method": "write(Ljava/lang/String;[Ljava/lang/Object;)V", "num": 317, "sink_class": "Ljava/net/URLEncoder;", "sink_method": "encode(Ljava/lang/String;Ljava/lang/String;)Ljava/lang/String;", "sink_values": ["[{\"_eventName\":\"fb_login_button_create\",\"_eventName_md5\":\"0db7fed5d68940eae08989cfec9f4ef7\",\"_logTime\":1697178044,\"_ui\":\"MainActivity\",\"_session_id\":\"18ac9fbe-e68a-4d37-bacc-f6560cc295b0\",\"_implicitlyLogged\":\"1\"},{\"_eventName\":\"fb_mobile_login_start\",\"_eventName_md5\":\"e9f3097032a75b742d1962ff2169d7d9\",\"_logTime\":1697178040,\"_ui\":\"MainActivity\",\"_session_id\":\"18ac9fbe-e68a-4d37-bacc-f6560cc295b0\",\"2_result\":\"\",\"1_timestamp_ms\":\"1697178040422\",\"6_extras\":\"{\\\"login_behavior\\\":\\\"NATIVE_WITH_FALLBACK\\\",\\\"request_code\\\":64206,\\\"permissions\\\":\\\"openid,email\\\",\\\"default_audience\\\":\\\"FRIENDS\\\",\\\"isReauthorize\\\":false,\\\"target_app\\\":\\\"facebook\\\"}\",\"0_auth_logger_id\":\"ad813189-daed-45db-a77b-c2a6cd8b8e38\",\"3_method\":\"\",\"5_error_message\":\"\",\"4_error_code\":\"\",\"_implicitlyLogged\":\"1\"},{\"_eventName\":\"fb_mobile_login_method_not_tried\",\"_eventName_md5\":\"f6d3c3524039c6cca0dfc467073e50bc\",\"_logTime\":1697178040,\"_ui\":\"FacebookActivity\",\"_session_id\":\"18ac9fbe-e68a-4d37-bacc-f6560cc295b0\",\"2_result\":\"\",\"1_timestamp_ms\":\"1697178040943\",\"6_extras\":\"\",\"0_auth_logger_id\":\"ad813189-daed-45db-a77b-c2a6cd8b8e38\",\"3_method\":\"get_token\",\"5_error_message\":\"\",\"4_error_code\":\"\",\"_implicitlyLogged\":\"1\"},{\"_eventName\":\"fb_mobile_login_method_not_tried\",\"_eventName_md5\":\"f6d3c3524039c6cca0dfc467073e50bc\",\"_logTime\":1697178041,\"_ui\":\"FacebookActivity\",\"_session_id\":\"18ac9fbe-e68a-4d37-bacc-f6560cc295b0\",\"2_result\":\"\",\"1_timestamp_ms\":\"1697178041084\",\"6_extras\":\"\",\"0_auth_logger_id\":\"ad813189-daed-45db-a77b-c2a6cd8b8e38\",\"3_method\":\"katana_proxy_auth\",\"5_error_message\":\"\",\"4_error_code\":\"\",\"_implicitlyLogged\":\"1\"},{\"_eventName\":\"fb_mobile_login_method_start\",\"_eventName_md5\":\"17f438476db1980d34a2bb7c8b65143c\",\"_logTime\":1697178041,\"_ui\":\"FacebookActivity\",\"_session_id\":\"18ac9fbe-e68a-4d37-bacc-f6560cc295b0\",\"2_result\":\"\",\"1_timestamp_ms\":\"1697178041300\",\"6_extras\":\"\",\"0_auth_logger_id\":\"ad813189-daed-45db-a77b-c2a6cd8b8e38\",\"3_method\":\"custom_tab\",\"5_error_message\":\"\",\"4_error_code\":\"\",\"_implicitlyLogged\":\"1\"},{\"_eventName\":\"fb_mobile_login_method_complete\",\"_eventName_md5\":\"4d8fec8321e23d8d98f1b39f1508ce8a\",\"_logTime\":1697178043,\"_ui\":\"FacebookActivity\",\"_session_id\":\"18ac9fbe-e68a-4d37-bacc-f6560cc295b0\",\"2_result\":\"cancel\",\"1_timestamp_ms\":\"1697178043378\",\"6_extras\":\"{\\\"access_token\\\":\\\"0\\\",\\\"scope\\\":\\\"openid,email\\\"}\",\"0_auth_logger_id\":\"ad813189-daed-45db-a77b-c2a6cd8b8e38\",\"3_method\":\"custom_tab\",\"5_error_message\":\"User canceled log in.\",\"4_error_code\":\"\",\"_implicitlyLogged\":\"1\"},{\"_eventName\":\"fb_mobile_login_complete\",\"_eventName_md5\":\"e5d0b0253d3b938be1902c407f36de89\",\"_logTime\":1697178043,\"_ui\":\"MainActivity\",\"_session_id\":\"18ac9fbe-e68a-4d37-bacc-f6560cc295b0\",\"2_result\":\"cancel\",\"1_timestamp_ms\":\"1697178043565\",\"6_extras\":\"{\\\"try_login_activity\\\":\\\"1\\\",\\\"not_tried\\\":\\\"get_token,katana_proxy_auth\\\"}\",\"0_auth_logger_id\":\"ad813189-daed-45db-a77b-c2a6cd8b8e38\",\"3_method\":\"\",\"5_error_message\":\"\",\"4_error_code\":\"\",\"_implicitlyLogged\":\"1\"}]"], "sources": ["UUID"], "returned_value": null}, {"smali_tag": "9192_334", "clss": "Lcom/facebook/GraphRequest$Serializer;", "method": "write(Ljava/lang/String;[Ljava/lang/Object;)V", "num": 334, "sink_class": "Ljava/io/OutputStream;", "sink_method": "write([B)V", "sink_values": [[37, 53, 66, 37, 55, 66, 37, 50, 50, 95, 101, 118, 101, 110, 116, 78, 97, 109, 101, 37, 50, 50, 37, 51, 65, 37, 50, 50, 102, 98, 95, 108, 111, 103, 105, 110, 95, 98, 117, 116, 116, 111, 110, 95, 99, 114, 101, 97, 116, 101, 37, 50, 50, 37, 50, 67, 37, 50, 50, 95, 101, 118, 101, 110, 116, 78, 97, 109, 101, 95, 109, 100, 53, 37, 50, 50, 37, 51, 65, 37, 50, 50, 48, 100, 98, 55, 102, 101, 100, 53, 100, 54, 56, 57, 52, 48, 101, 97, 101, 48, 56, 57, 56, 57, 99, 102, 101, 99, 57, 102, 52, 101, 102, 55, 37, 50, 50, 37, 50, 67, 37, 50, 50, 95, 108, 111, 103, 84, 105, 109, 101, 37, 50, 50, 37, 51, 65, 49, 54, 57, 55, 49, 55, 56, 48, 52, 52, 37, 50, 67, 37, 50, 50, 95, 117, 105, 37, 50, 50, 37, 51, 65, 37, 50, 50, 77, 97, 105, 110, 65, 99, 116, 105, 118, 105, 116, 121, 37, 50, 50, 37, 50, 67, 37, 50, 50, 95, 115, 101, 115, 115, 105, 111, 110, 95, 105, 100, 37, 50, 50, 37, 51, 65, 37, 50, 50, 49, 56, 97, 99, 57, 102, 98, 101, 45, 101, 54, 56, 97, 45, 52, 100, 51, 55, 45, 98, 97, 99, 99, 45, 102, 54, 53, 54, 48, 99, 99, 50, 57, 53, 98, 48, 37, 50, 50, 37, 50, 67, 37, 50, 50, 95, 105, 109, 112, 108, 105, 99, 105, 116, 108, 121, 76, 111, 103, 103, 101, 100, 37, 50, 50, 37, 51, 65, 37, 50, 50, 49, 37, 50, 50, 37, 55, 68, 37, 50, 67, 37, 55, 66, 37, 50, 50, 95, 101, 118, 101, 110, 116, 78, 97, 109, 101, 37, 50, 50, 37, 51, 65, 37, 50, 50, 102, 98, 95, 109, 111, 98, 105, 108, 101, 95, 108, 111, 103, 105, 110, 95, 115, 116, 97, 114, 116, 37, 50, 50, 37, 50, 67, 37, 50, 50, 95, 101, 118, 101, 110, 116, 78, 97, 109, 101, 95, 109, 100, 53, 37, 50, 50, 37, 51, 65, 37, 50, 50, 101, 57, 102, 51, 48, 57, 55, 48, 51, 50, 97, 55, 53, 98, 55, 52, 50, 100, 49, 57, 54, 50, 102, 102, 50, 49, 54, 57, 100, 55, 100, 57, 37, 50, 50, 37, 50, 67, 37, 50, 50, 95, 108, 111, 103, 84, 105, 109, 101, 37, 50, 50, 37, 51, 65, 49, 54, 57, 55, 49, 55, 56, 48, 52, 48, 37, 50, 67, 37, 50, 50, 95, 117, 105, 37, 50, 50, 37, 51, 65, 37, 50, 50, 77, 97, 105, 110, 65, 99, 116, 105, 118, 105, 116, 121, 37, 50, 50, 37, 50, 67, 37, 50, 50, 95, 115, 101, 115, 115, 105, 111, 110, 95, 105, 100, 37, 50, 50, 37, 51, 65, 37, 50, 50, 49, 56, 97, 99, 57, 102, 98, 101, 45, 101, 54, 56, 97, 45, 52, 100, 51, 55, 45, 98, 97, 99, 99, 45, 102, 54, 53, 54, 48, 99, 99, 50, 57, 53, 98, 48, 37, 50, 50, 37, 50, 67, 37, 50, 50, 50, 95, 114, 101, 115, 117, 108, 116, 37, 50, 50, 37, 51, 65, 37, 50, 50, 37, 50, 50, 37, 50, 67, 37, 50, 50, 49, 95, 116, 105, 109, 101, 115, 116, 97, 109, 112, 95, 109, 115, 37, 50, 50, 37, 51, 65, 37, 50, 50, 49, 54, 57, 55, 49, 55, 56, 48, 52, 48, 52, 50, 50, 37, 50, 50, 37, 50, 67, 37, 50, 50, 54, 95, 101, 120, 116, 114, 97, 115, 37, 50, 50, 37, 51, 65, 37, 50, 50, 37, 55, 66, 37, 53, 67, 37, 50, 50, 108, 111, 103, 105, 110, 95, 98, 101, 104, 97, 118, 105, 111, 114, 37, 53, 67, 37, 50, 50, 37, 51, 65, 37, 53, 67, 37, 50, 50, 78, 65, 84, 73, 86, 69, 95, 87, 73, 84, 72, 95, 70, 65, 76, 76, 66, 65, 67, 75, 37, 53, 67, 37, 50, 50, 37, 50, 67, 37, 53, 67, 37, 50, 50, 114, 101, 113, 117, 101, 115, 116, 95, 99, 111, 100, 101, 37, 53, 67, 37, 50, 50, 37, 51, 65, 54, 52, 50, 48, 54, 37, 50, 67, 37, 53, 67, 37, 50, 50, 112, 101, 114, 109, 105, 115, 115, 105, 111, 110, 115, 37, 53, 67, 37, 50, 50, 37, 51, 65, 37, 53, 67, 37, 50, 50, 111, 112, 101, 110, 105, 100, 37, 50, 67, 101, 109, 97, 105, 108, 37, 53, 67, 37, 50, 50, 37, 50, 67, 37, 53, 67, 37, 50, 50, 100, 101, 102, 97, 117, 108, 116, 95, 97, 117, 100, 105, 101, 110, 99, 101, 37, 53, 67, 37, 50, 50, 37, 51, 65, 37, 53, 67, 37, 50, 50, 70, 82, 73, 69, 78, 68, 83, 37, 53, 67, 37, 50, 50, 37, 50, 67, 37, 53, 67, 37, 50, 50, 105, 115, 82, 101, 97, 117, 116, 104, 111, 114, 105, 122, 101, 37, 53, 67, 37, 50, 50, 37, 51, 65, 102, 97, 108, 115, 101, 37, 50, 67, 37, 53, 67, 37, 50, 50, 116, 97, 114, 103, 101, 116, 95, 97, 112, 112, 37, 53, 67, 37, 50, 50, 37, 51, 65, 37, 53, 67, 37, 50, 50, 102, 97, 99, 101, 98, 111, 111, 107, 37, 53, 67, 37, 50, 50, 37, 55, 68, 37, 50, 50, 37, 50, 67, 37, 50, 50, 48, 95, 97, 117, 116, 104, 95, 108, 111, 103, 103, 101, 114, 95, 105, 100, 37, 50, 50, 37, 51, 65, 37, 50, 50, 97, 100, 56, 49, 51, 49, 56, 57, 45, 100, 97, 101, 100, 45, 52, 53, 100, 98, 45, 97, 55, 55, 98, 45, 99, 50, 97, 54, 99, 100, 56, 98, 56, 101, 51, 56, 37, 50, 50, 37, 50, 67, 37, 50, 50, 51, 95, 109, 101, 116, 104, 111, 100, 37, 50, 50, 37, 51, 65, 37, 50, 50, 37, 50, 50, 37, 50, 67, 37, 50, 50, 53, 95, 101, 114, 114, 111, 114, 95, 109, 101, 115, 115, 97, 103, 101, 37, 50, 50, 37, 51, 65, 37, 50, 50, 37, 50, 50, 37, 50, 67, 37, 50, 50, 52, 95, 101, 114, 114, 111, 114, 95, 99, 111, 100, 101, 37, 50, 50, 37, 51, 65, 37, 50, 50, 37, 50, 50, 37, 50, 67, 37, 50, 50, 95, 105, 109, 112, 108, 105, 99, 105, 116, 108, 121, 76, 111, 103, 103, 101, 100, 37, 50, 50, 37, 51, 65, 37, 50, 50, 49, 37, 50, 50, 37, 55, 68, 37, 50, 67, 37, 55, 66, 37, 50, 50, 95, 101, 118, 101, 110, 116, 78, 97, 109, 101, 37, 50, 50, 37, 51, 65, 37, 50, 50, 102, 98, 95, 109, 111, 98, 105, 108, 101, 95, 108, 111, 103, 105, 110, 95, 109, 101, 116, 104, 111, 100, 95, 110, 111, 116, 95, 116, 114, 105, 101, 100, 37, 50, 50, 37, 50, 67, 37, 50, 50, 95, 101, 118, 101, 110, 116, 78, 97, 109, 101, 95, 109, 100, 53, 37, 50, 50, 37, 51, 65, 37, 50, 50, 102, 54, 100, 51, 99, 51, 53, 50, 52, 48, 51, 57, 99, 54, 99, 99, 97, 48, 100, 102, 99, 52, 54, 55, 48, 55, 51, 101, 53, 48, 98, 99, 37, 50, 50, 37, 50, 67, 37, 50, 50, 95, 108, 111, 103, 84, 105, 109, 101, 37, 50, 50, 37, 51, 65, 49, 54, 57, 55, 49, 55, 56, 48, 52, 48, 37, 50, 67, 37, 50, 50, 95, 117, 105, 37, 50, 50, 37, 51, 65, 37, 50, 50, 70, 97, 99, 101, 98, 111, 111, 107, 65, 99, 116, 105, 118, 105, 116, 121, 37, 50, 50, 37, 50, 67, 37, 50, 50, 95, 115, 101, 115, 115, 105, 111, 110, 95, 105, 100, 37, 50, 50, 37, 51, 65, 37, 50, 50, 49, 56, 97, 99, 57, 102, 98, 101, 45, 101, 54, 56, 97, 45, 52, 100, 51, 55, 45, 98, 97, 99, 99, 45, 102, 54, 53, 54, 48, 99, 99, 50, 57, 53, 98, 48, 37, 50, 50, 37, 50, 67, 37, 50, 50, 50, 95, 114, 101, 115, 117, 108, 116, 37, 50, 50, 37, 51, 65, 37, 50, 50, 37, 50, 50, 37, 50, 67, 37, 50, 50, 49, 95, 116, 105, 109, 101, 115, 116, 97, 109, 112, 95, 109, 115, 37, 50, 50, 37, 51, 65, 37, 50, 50, 49, 54, 57, 55, 49, 55, 56, 48, 52, 48, 57, 52, 51, 37, 50, 50, 37, 50, 67, 37, 50, 50, 54, 95, 101, 120, 116, 114, 97, 115, 37, 50, 50, 37, 51, 65, 37, 50, 50, 37, 50, 50, 37, 50, 67, 37, 50, 50, 48, 95, 97, 117, 116, 104, 95, 108, 111, 103, 103, 101, 114, 95, 105, 100, 37, 50, 50, 37, 51, 65, 37, 50, 50, 97, 100, 56, 49, 51, 49, 56, 57, 45, 100, 97, 101, 100, 45, 52, 53, 100, 98, 45, 97, 55, 55, 98, 45, 99, 50, 97, 54, 99, 100, 56, 98, 56, 101, 51, 56, 37, 50, 50, 37, 50, 67, 37, 50, 50, 51, 95, 109, 101, 116, 104, 111, 100, 37, 50, 50, 37, 51, 65, 37, 50, 50, 103, 101, 116, 95, 116, 111, 107, 101, 110, 37, 50, 50, 37, 50, 67, 37, 50, 50, 53, 95, 101, 114, 114, 111, 114, 95, 109, 101, 115, 115, 97, 103, 101, 37, 50, 50, 37, 51, 65, 37, 50, 50, 37, 50, 50, 37, 50, 67, 37, 50, 50, 52, 95, 101, 114, 114, 111, 114, 95, 99, 111, 100, 101, 37, 50, 50, 37, 51, 65, 37, 50, 50, 37, 50, 50, 37, 50, 67, 37, 50, 50, 95, 105, 109, 112, 108, 105, 99, 105, 116, 108, 121, 76, 111, 103, 103, 101, 100, 37, 50, 50, 37, 51, 65, 37, 50, 50, 49, 37, 50, 50, 37, 55, 68, 37, 50, 67, 37, 55, 66, 37, 50, 50, 95, 101, 118, 101, 110, 116, 78, 97, 109, 101, 37, 50, 50, 37, 51, 65, 37, 50, 50, 102, 98, 95, 109, 111, 98, 105, 108, 101, 95, 108, 111, 103, 105, 110, 95, 109, 101, 116, 104, 111, 100, 95, 110, 111, 116, 95, 116, 114, 105, 101, 100, 37, 50, 50, 37, 50, 67, 37, 50, 50, 95, 101, 118, 101, 110, 116, 78, 97, 109, 101, 95, 109, 100, 53, 37, 50, 50, 37, 51, 65, 37, 50, 50, 102, 54, 100, 51, 99, 51, 53, 50, 52, 48, 51, 57, 99, 54, 99, 99, 97, 48, 100, 102, 99, 52, 54, 55, 48, 55, 51, 101, 53, 48, 98, 99, 37, 50, 50, 37, 50, 67, 37, 50, 50, 95, 108, 111, 103, 84, 105, 109, 101, 37, 50, 50, 37, 51, 65, 49, 54, 57, 55, 49, 55, 56, 48, 52, 49, 37, 50, 67, 37, 50, 50, 95, 117, 105, 37, 50, 50, 37, 51, 65, 37, 50, 50, 70, 97, 99, 101, 98, 111, 111, 107, 65, 99, 116, 105, 118, 105, 116, 121, 37, 50, 50, 37, 50, 67, 37, 50, 50, 95, 115, 101, 115, 115, 105, 111, 110, 95, 105, 100, 37, 50, 50, 37, 51, 65, 37, 50, 50, 49, 56, 97, 99, 57, 102, 98, 101, 45, 101, 54, 56, 97, 45, 52, 100, 51, 55, 45, 98, 97, 99, 99, 45, 102, 54, 53, 54, 48, 99, 99, 50, 57, 53, 98, 48, 37, 50, 50, 37, 50, 67, 37, 50, 50, 50, 95, 114, 101, 115, 117, 108, 116, 37, 50, 50, 37, 51, 65, 37, 50, 50, 37, 50, 50, 37, 50, 67, 37, 50, 50, 49, 95, 116, 105, 109, 101, 115, 116, 97, 109, 112, 95, 109, 115, 37, 50, 50, 37, 51, 65, 37, 50, 50, 49, 54, 57, 55, 49, 55, 56, 48, 52, 49, 48, 56, 52, 37, 50, 50, 37, 50, 67, 37, 50, 50, 54, 95, 101, 120, 116, 114, 97, 115, 37, 50, 50, 37, 51, 65, 37, 50, 50, 37, 50, 50, 37, 50, 67, 37, 50, 50, 48, 95, 97, 117, 116, 104, 95, 108, 111, 103, 103, 101, 114, 95, 105, 100, 37, 50, 50, 37, 51, 65, 37, 50, 50, 97, 100, 56, 49, 51, 49, 56, 57, 45, 100, 97, 101, 100, 45, 52, 53, 100, 98, 45, 97, 55, 55, 98, 45, 99, 50, 97, 54, 99, 100, 56, 98, 56, 101, 51, 56, 37, 50, 50, 37, 50, 67, 37, 50, 50, 51, 95, 109, 101, 116, 104, 111, 100, 37, 50, 50, 37, 51, 65, 37, 50, 50, 107, 97, 116, 97, 110, 97, 95, 112, 114, 111, 120, 121, 95, 97, 117, 116, 104, 37, 50, 50, 37, 50, 67, 37, 50, 50, 53, 95, 101, 114, 114, 111, 114, 95, 109, 101, 115, 115, 97, 103, 101, 37, 50, 50, 37, 51, 65, 37, 50, 50, 37, 50, 50, 37, 50, 67, 37, 50, 50, 52, 95, 101, 114, 114, 111, 114, 95, 99, 111, 100, 101, 37, 50, 50, 37, 51, 65, 37, 50, 50, 37, 50, 50, 37, 50, 67, 37, 50, 50, 95, 105, 109, 112, 108, 105, 99, 105, 116, 108, 121, 76, 111, 103, 103, 101, 100, 37, 50, 50, 37, 51, 65, 37, 50, 50, 49, 37, 50, 50, 37, 55, 68, 37, 50, 67, 37, 55, 66, 37, 50, 50, 95, 101, 118, 101, 110, 116, 78, 97, 109, 101, 37, 50, 50, 37, 51, 65, 37, 50, 50, 102, 98, 95, 109, 111, 98, 105, 108, 101, 95, 108, 111, 103, 105, 110, 95, 109, 101, 116, 104, 111, 100, 95, 115, 116, 97, 114, 116, 37, 50, 50, 37, 50, 67, 37, 50, 50, 95, 101, 118, 101, 110, 116, 78, 97, 109, 101, 95, 109, 100, 53, 37, 50, 50, 37, 51, 65, 37, 50, 50, 49, 55, 102, 52, 51, 56, 52, 55, 54, 100, 98, 49, 57, 56, 48, 100, 51, 52, 97, 50, 98, 98, 55, 99, 56, 98, 54, 53, 49, 52, 51, 99, 37, 50, 50, 37, 50, 67, 37, 50, 50, 95, 108, 111, 103, 84, 105, 109, 101, 37, 50, 50, 37, 51, 65, 49, 54, 57, 55, 49, 55, 56, 48, 52, 49, 37, 50, 67, 37, 50, 50, 95, 117, 105, 37, 50, 50, 37, 51, 65, 37, 50, 50, 70, 97, 99, 101, 98, 111, 111, 107, 65, 99, 116, 105, 118, 105, 116, 121, 37, 50, 50, 37, 50, 67, 37, 50, 50, 95, 115, 101, 115, 115, 105, 111, 110, 95, 105, 100, 37, 50, 50, 37, 51, 65, 37, 50, 50, 49, 56, 97, 99, 57, 102, 98, 101, 45, 101, 54, 56, 97, 45, 52, 100, 51, 55, 45, 98, 97, 99, 99, 45, 102, 54, 53, 54, 48, 99, 99, 50, 57, 53, 98, 48, 37, 50, 50, 37, 50, 67, 37, 50, 50, 50, 95, 114, 101, 115, 117, 108, 116, 37, 50, 50, 37, 51, 65, 37, 50, 50, 37, 50, 50, 37, 50, 67, 37, 50, 50, 49, 95, 116, 105, 109, 101, 115, 116, 97, 109, 112, 95, 109, 115, 37, 50, 50, 37, 51, 65, 37, 50, 50, 49, 54, 57, 55, 49, 55, 56, 48, 52, 49, 51, 48, 48, 37, 50, 50, 37, 50, 67, 37, 50, 50, 54, 95, 101, 120, 116, 114, 97, 115, 37, 50, 50, 37, 51, 65, 37, 50, 50, 37, 50, 50, 37, 50, 67, 37, 50, 50, 48, 95, 97, 117, 116, 104, 95, 108, 111, 103, 103, 101, 114, 95, 105, 100, 37, 50, 50, 37, 51, 65, 37, 50, 50, 97, 100, 56, 49, 51, 49, 56, 57, 45, 100, 97, 101, 100, 45, 52, 53, 100, 98, 45, 97, 55, 55, 98, 45, 99, 50, 97, 54, 99, 100, 56, 98, 56, 101, 51, 56, 37, 50, 50, 37, 50, 67, 37, 50, 50, 51, 95, 109, 101, 116, 104, 111, 100, 37, 50, 50, 37, 51, 65, 37, 50, 50, 99, 117, 115, 116, 111, 109, 95, 116, 97, 98, 37, 50, 50, 37, 50, 67, 37, 50, 50, 53, 95, 101, 114, 114, 111, 114, 95, 109, 101, 115, 115, 97, 103, 101, 37, 50, 50, 37, 51, 65, 37, 50, 50, 37, 50, 50, 37, 50, 67, 37, 50, 50, 52, 95, 101, 114, 114, 111, 114, 95, 99, 111, 100, 101, 37, 50, 50, 37, 51, 65, 37, 50, 50, 37, 50, 50, 37, 50, 67, 37, 50, 50, 95, 105, 109, 112, 108, 105, 99, 105, 116, 108, 121, 76, 111, 103, 103, 101, 100, 37, 50, 50, 37, 51, 65, 37, 50, 50, 49, 37, 50, 50, 37, 55, 68, 37, 50, 67, 37, 55, 66, 37, 50, 50, 95, 101, 118, 101, 110, 116, 78, 97, 109, 101, 37, 50, 50, 37, 51, 65, 37, 50, 50, 102, 98, 95, 109, 111, 98, 105, 108, 101, 95, 108, 111, 103, 105, 110, 95, 109, 101, 116, 104, 111, 100, 95, 99, 111, 109, 112, 108, 101, 116, 101, 37, 50, 50, 37, 50, 67, 37, 50, 50, 95, 101, 118, 101, 110, 116, 78, 97, 109, 101, 95, 109, 100, 53, 37, 50, 50, 37, 51, 65, 37, 50, 50, 52, 100, 56, 102, 101, 99, 56, 51, 50, 49, 101, 50, 51, 100, 56, 100, 57, 56, 102, 49, 98, 51, 57, 102, 49, 53, 48, 56, 99, 101, 56, 97, 37, 50, 50, 37, 50, 67, 37, 50, 50, 95, 108, 111, 103, 84, 105, 109, 101, 37, 50, 50, 37, 51, 65, 49, 54, 57, 55, 49, 55, 56, 48, 52, 51, 37, 50, 67, 37, 50, 50, 95, 117, 105, 37, 50, 50, 37, 51, 65, 37, 50, 50, 70, 97, 99, 101, 98, 111, 111, 107, 65, 99, 116, 105, 118, 105, 116, 121, 37, 50, 50, 37, 50, 67, 37, 50, 50, 95, 115, 101, 115, 115, 105, 111, 110, 95, 105, 100, 37, 50, 50, 37, 51, 65, 37, 50, 50, 49, 56, 97, 99, 57, 102, 98, 101, 45, 101, 54, 56, 97, 45, 52, 100, 51, 55, 45, 98, 97, 99, 99, 45, 102, 54, 53, 54, 48, 99, 99, 50, 57, 53, 98, 48, 37, 50, 50, 37, 50, 67, 37, 50, 50, 50, 95, 114, 101, 115, 117, 108, 116, 37, 50, 50, 37, 51, 65, 37, 50, 50, 99, 97, 110, 99, 101, 108, 37, 50, 50, 37, 50, 67, 37, 50, 50, 49, 95, 116, 105, 109, 101, 115, 116, 97, 109, 112, 95, 109, 115, 37, 50, 50, 37, 51, 65, 37, 50, 50, 49, 54, 57, 55, 49, 55, 56, 48, 52, 51, 51, 55, 56, 37, 50, 50, 37, 50, 67, 37, 50, 50, 54, 95, 101, 120, 116, 114, 97, 115, 37, 50, 50, 37, 51, 65, 37, 50, 50, 37, 55, 66, 37, 53, 67, 37, 50, 50, 97, 99, 99, 101, 115, 115, 95, 116, 111, 107, 101, 110, 37, 53, 67, 37, 50, 50, 37, 51, 65, 37, 53, 67, 37, 50, 50, 48, 37, 53, 67, 37, 50, 50, 37, 50, 67, 37, 53, 67, 37, 50, 50, 115, 99, 111, 112, 101, 37, 53, 67, 37, 50, 50, 37, 51, 65, 37, 53, 67, 37, 50, 50, 111, 112, 101, 110, 105, 100, 37, 50, 67, 101, 109, 97, 105, 108, 37, 53, 67, 37, 50, 50, 37, 55, 68, 37, 50, 50, 37, 50, 67, 37, 50, 50, 48, 95, 97, 117, 116, 104, 95, 108, 111, 103, 103, 101, 114, 95, 105, 100, 37, 50, 50, 37, 51, 65, 37, 50, 50, 97, 100, 56, 49, 51, 49, 56, 57, 45, 100, 97, 101, 100, 45, 52, 53, 100, 98, 45, 97, 55, 55, 98, 45, 99, 50, 97, 54, 99, 100, 56, 98, 56, 101, 51, 56, 37, 50, 50, 37, 50, 67, 37, 50, 50, 51, 95, 109, 101, 116, 104, 111, 100, 37, 50, 50, 37, 51, 65, 37, 50, 50, 99, 117, 115, 116, 111, 109, 95, 116, 97, 98, 37, 50, 50, 37, 50, 67, 37, 50, 50, 53, 95, 101, 114, 114, 111, 114, 95, 109, 101, 115, 115, 97, 103, 101, 37, 50, 50, 37, 51, 65, 37, 50, 50, 85, 115, 101, 114, 43, 99, 97, 110, 99, 101, 108, 101, 100, 43, 108, 111, 103, 43, 105, 110, 46, 37, 50, 50, 37, 50, 67, 37, 50, 50, 52, 95, 101, 114, 114, 111, 114, 95, 99, 111, 100, 101, 37, 50, 50, 37, 51, 65, 37, 50, 50, 37, 50, 50, 37, 50, 67, 37, 50, 50, 95, 105, 109, 112, 108, 105, 99, 105, 116, 108, 121, 76, 111, 103, 103, 101, 100, 37, 50, 50, 37, 51, 65, 37, 50, 50, 49, 37, 50, 50, 37, 55, 68, 37, 50, 67, 37, 55, 66, 37, 50, 50, 95, 101, 118, 101, 110, 116, 78, 97, 109, 101, 37, 50, 50, 37, 51, 65, 37, 50, 50, 102, 98, 95, 109, 111, 98, 105, 108, 101, 95, 108, 111, 103, 105, 110, 95, 99, 111, 109, 112, 108, 101, 116, 101, 37, 50, 50, 37, 50, 67, 37, 50, 50, 95, 101, 118, 101, 110, 116, 78, 97, 109, 101, 95, 109, 100, 53, 37, 50, 50, 37, 51, 65, 37, 50, 50, 101, 53, 100, 48, 98, 48, 50, 53, 51, 100, 51, 98, 57, 51, 56, 98, 101, 49, 57, 48, 50, 99, 52, 48, 55, 102, 51, 54, 100, 101, 56, 57, 37, 50, 50, 37, 50, 67, 37, 50, 50, 95, 108, 111, 103, 84, 105, 109, 101, 37, 50, 50, 37, 51, 65, 49, 54, 57, 55, 49, 55, 56, 48, 52, 51, 37, 50, 67, 37, 50, 50, 95, 117, 105, 37, 50, 50, 37, 51, 65, 37, 50, 50, 77, 97, 105, 110, 65, 99, 116, 105, 118, 105, 116, 121, 37, 50, 50, 37, 50, 67, 37, 50, 50, 95, 115, 101, 115, 115, 105, 111, 110, 95, 105, 100, 37, 50, 50, 37, 51, 65, 37, 50, 50, 49, 56, 97, 99, 57, 102, 98, 101, 45, 101, 54, 56, 97, 45, 52, 100, 51, 55, 45, 98, 97, 99, 99, 45, 102, 54, 53, 54, 48, 99, 99, 50, 57, 53, 98, 48, 37, 50, 50, 37, 50, 67, 37, 50, 50, 50, 95, 114, 101, 115, 117, 108, 116, 37, 50, 50, 37, 51, 65, 37, 50, 50, 99, 97, 110, 99, 101, 108, 37, 50, 50, 37, 50, 67, 37, 50, 50, 49, 95, 116, 105, 109, 101, 115, 116, 97, 109, 112, 95, 109, 115, 37, 50, 50, 37, 51, 65, 37, 50, 50, 49, 54, 57, 55, 49, 55, 56, 48, 52, 51, 53, 54, 53, 37, 50, 50, 37, 50, 67, 37, 50, 50, 54, 95, 101, 120, 116, 114, 97, 115, 37, 50, 50, 37, 51, 65, 37, 50, 50, 37, 55, 66, 37, 53, 67, 37, 50, 50, 116, 114, 121, 95, 108, 111, 103, 105, 110, 95, 97, 99, 116, 105, 118, 105, 116, 121, 37, 53, 67, 37, 50, 50, 37, 51, 65, 37, 53, 67, 37, 50, 50, 49, 37, 53, 67, 37, 50, 50, 37, 50, 67, 37, 53, 67, 37, 50, 50, 110, 111, 116, 95, 116, 114, 105, 101, 100, 37, 53, 67, 37, 50, 50, 37, 51, 65, 37, 53, 67, 37, 50, 50, 103, 101, 116, 95, 116, 111, 107, 101, 110, 37, 50, 67, 107, 97, 116, 97, 110, 97, 95, 112, 114, 111, 120, 121, 95, 97, 117, 116, 104, 37, 53, 67, 37, 50, 50, 37, 55, 68, 37, 50, 50, 37, 50, 67, 37, 50, 50, 48, 95, 97, 117, 116, 104, 95, 108, 111, 103, 103, 101, 114, 95, 105, 100, 37, 50, 50, 37, 51, 65, 37, 50, 50, 97, 100, 56, 49, 51, 49, 56, 57, 45, 100, 97, 101, 100, 45, 52, 53, 100, 98, 45, 97, 55, 55, 98, 45, 99, 50, 97, 54, 99, 100, 56, 98, 56, 101, 51, 56, 37, 50, 50, 37, 50, 67, 37, 50, 50, 51, 95, 109, 101, 116, 104, 111, 100, 37, 50, 50, 37, 51, 65, 37, 50, 50, 37, 50, 50, 37, 50, 67, 37, 50, 50, 53, 95, 101, 114, 114, 111, 114, 95, 109, 101, 115, 115, 97, 103, 101, 37, 50, 50, 37, 51, 65, 37, 50, 50, 37, 50, 50, 37, 50, 67, 37, 50, 50, 52, 95, 101, 114, 114, 111, 114, 95, 99, 111, 100, 101, 37, 50, 50, 37, 51, 65, 37, 50, 50, 37, 50, 50, 37, 50, 67, 37, 50, 50, 95, 105, 109, 112, 108, 105, 99, 105, 116, 108, 121, 76, 111, 103, 103, 101, 100, 37, 50, 50, 37, 51, 65, 37, 50, 50, 49, 37, 50, 50, 37, 55, 68, 37, 53, 68]], "sources": ["UUID"], "returned_value": null}]