project.emulator.get_num_leaks() = 2
Sources
[{'clss': 'Lcom/yandex/metrica/impl/ob/U3;', 'method': '<clinit>()V', 'name': ['UUID'], 'num': 37, 'source_class': 'Ljava/util/UUID;', 'source_method': 'toString()Ljava/lang/String;'},
 {'clss': 'Lcom/yandex/metrica/impl/ob/Rm;', 'method': 'a()Ljava/lang/String;', 'name': ['UUID'], 'num': 25, 'source_class': 'Ljava/util/UUID;', 'source_method': 'toString()Ljava/lang/String;'},
 {'clss': 'Lcom/yandex/metrica/impl/ob/U3;', 'method': '<clinit>()V', 'name': ['UUID'], 'num': 37, 'source_class': 'Ljava/util/UUID;', 'source_method': 'toString()Ljava/lang/String;'},
 {'clss': 'Lcom/yandex/metrica/impl/ob/U3;',
  'method': 'h()Ljava/lang/String;',
  'name': ['UUID'],
  'num': 679,
  'source_class': 'Landroid/content/ContentValues;',
  'source_method': 'getAsString(Ljava/lang/String;)Ljava/lang/String;'},
 {'clss': 'Lcom/yandex/metrica/impl/ob/U3;',
  'method': 'h()Ljava/lang/String;',
  'name': ['UUID'],
  'num': 679,
  'source_class': 'Landroid/content/ContentValues;',
  'source_method': 'getAsString(Ljava/lang/String;)Ljava/lang/String;'},
 {'clss': 'Lcom/yandex/metrica/impl/ob/U3;',
  'method': 'h()Ljava/lang/String;',
  'name': ['UUID'],
  'num': 679,
  'source_class': 'Landroid/content/ContentValues;',
  'source_method': 'getAsString(Ljava/lang/String;)Ljava/lang/String;'},
 {'clss': 'Lcom/yandex/metrica/impl/ob/U3;',
  'method': 'h()Ljava/lang/String;',
  'name': ['UUID'],
  'num': 679,
  'source_class': 'Landroid/content/ContentValues;',
  'source_method': 'getAsString(Ljava/lang/String;)Ljava/lang/String;'},
 {'clss': 'Lcom/yandex/metrica/impl/ob/U3;',
  'method': 'h()Ljava/lang/String;',
  'name': ['UUID'],
  'num': 679,
  'source_class': 'Landroid/content/ContentValues;',
  'source_method': 'getAsString(Ljava/lang/String;)Ljava/lang/String;'},
 {'clss': 'Lcom/yandex/metrica/impl/ob/U3;',
  'method': 'h()Ljava/lang/String;',
  'name': ['UUID'],
  'num': 679,
  'source_class': 'Landroid/content/ContentValues;',
  'source_method': 'getAsString(Ljava/lang/String;)Ljava/lang/String;'},
 {'clss': 'Lcom/yandex/metrica/impl/ob/U3;',
  'method': 'h()Ljava/lang/String;',
  'name': ['UUID'],
  'num': 679,
  'source_class': 'Landroid/content/ContentValues;',
  'source_method': 'getAsString(Ljava/lang/String;)Ljava/lang/String;'},
 {'clss': 'Lcom/yandex/metrica/impl/ob/U3;',
  'method': 'h()Ljava/lang/String;',
  'name': ['UUID'],
  'num': 679,
  'source_class': 'Landroid/content/ContentValues;',
  'source_method': 'getAsString(Ljava/lang/String;)Ljava/lang/String;'},
 {'clss': 'Lcom/yandex/metrica/impl/ob/U3;',
  'method': 'h()Ljava/lang/String;',
  'name': ['UUID'],
  'num': 679,
  'source_class': 'Landroid/content/ContentValues;',
  'source_method': 'getAsString(Ljava/lang/String;)Ljava/lang/String;'},
 {'clss': 'Lcom/yandex/metrica/impl/ob/U3;',
  'method': 'h()Ljava/lang/String;',
  'name': ['UUID'],
  'num': 679,
  'source_class': 'Landroid/content/ContentValues;',
  'source_method': 'getAsString(Ljava/lang/String;)Ljava/lang/String;'},
 {'clss': 'Lcom/yandex/metrica/impl/ob/U3;',
  'method': 'h()Ljava/lang/String;',
  'name': ['UUID'],
  'num': 679,
  'source_class': 'Landroid/content/ContentValues;',
  'source_method': 'getAsString(Ljava/lang/String;)Ljava/lang/String;'},
 {'clss': 'Lcom/yandex/metrica/impl/ob/U3;',
  'method': 'h()Ljava/lang/String;',
  'name': ['UUID'],
  'num': 679,
  'source_class': 'Landroid/content/ContentValues;',
  'source_method': 'getAsString(Ljava/lang/String;)Ljava/lang/String;'},
 {'clss': 'Lcom/yandex/metrica/impl/ob/U3;',
  'method': 'h()Ljava/lang/String;',
  'name': ['UUID'],
  'num': 679,
  'source_class': 'Landroid/content/ContentValues;',
  'source_method': 'getAsString(Ljava/lang/String;)Ljava/lang/String;'},
 {'clss': 'Lcom/yandex/metrica/impl/ob/U3;',
  'method': 'h()Ljava/lang/String;',
  'name': ['UUID'],
  'num': 679,
  'source_class': 'Landroid/content/ContentValues;',
  'source_method': 'getAsString(Ljava/lang/String;)Ljava/lang/String;'},
 {'clss': 'Lcom/yandex/metrica/impl/ob/U3;',
  'method': 'h()Ljava/lang/String;',
  'name': ['UUID'],
  'num': 679,
  'source_class': 'Landroid/content/ContentValues;',
  'source_method': 'getAsString(Ljava/lang/String;)Ljava/lang/String;'},
 {'clss': 'Lcom/yandex/metrica/impl/ob/U3;',
  'method': 'h()Ljava/lang/String;',
  'name': ['UUID'],
  'num': 679,
  'source_class': 'Landroid/content/ContentValues;',
  'source_method': 'getAsString(Ljava/lang/String;)Ljava/lang/String;'},
 {'clss': 'Lcom/yandex/metrica/impl/ob/U3;',
  'method': 'h()Ljava/lang/String;',
  'name': ['UUID'],
  'num': 679,
  'source_class': 'Landroid/content/ContentValues;',
  'source_method': 'getAsString(Ljava/lang/String;)Ljava/lang/String;'},
 {'clss': 'Lcom/yandex/metrica/impl/ob/U3;',
  'method': 'h()Ljava/lang/String;',
  'name': ['UUID'],
  'num': 679,
  'source_class': 'Landroid/content/ContentValues;',
  'source_method': 'getAsString(Ljava/lang/String;)Ljava/lang/String;'},
 {'clss': 'Lcom/yandex/metrica/impl/ob/U3;',
  'method': 'h()Ljava/lang/String;',
  'name': ['UUID'],
  'num': 679,
  'source_class': 'Landroid/content/ContentValues;',
  'source_method': 'getAsString(Ljava/lang/String;)Ljava/lang/String;'},
 {'clss': 'Lcom/yandex/metrica/impl/ob/U3;',
  'method': 'h()Ljava/lang/String;',
  'name': ['UUID'],
  'num': 679,
  'source_class': 'Landroid/content/ContentValues;',
  'source_method': 'getAsString(Ljava/lang/String;)Ljava/lang/String;'},
 {'clss': 'Lcom/yandex/metrica/impl/ob/U3;',
  'method': 'h()Ljava/lang/String;',
  'name': ['UUID'],
  'num': 679,
  'source_class': 'Landroid/content/ContentValues;',
  'source_method': 'getAsString(Ljava/lang/String;)Ljava/lang/String;'},
 {'clss': 'Lcom/yandex/metrica/impl/ob/U3;',
  'method': 'h()Ljava/lang/String;',
  'name': ['UUID'],
  'num': 679,
  'source_class': 'Landroid/content/ContentValues;',
  'source_method': 'getAsString(Ljava/lang/String;)Ljava/lang/String;'},
 {'clss': 'Lcom/yandex/metrica/impl/ob/U3;',
  'method': 'h()Ljava/lang/String;',
  'name': ['UUID'],
  'num': 679,
  'source_class': 'Landroid/content/ContentValues;',
  'source_method': 'getAsString(Ljava/lang/String;)Ljava/lang/String;'},
 {'clss': 'Lcom/yandex/metrica/impl/ob/U3;',
  'method': 'h()Ljava/lang/String;',
  'name': ['UUID'],
  'num': 679,
  'source_class': 'Landroid/content/ContentValues;',
  'source_method': 'getAsString(Ljava/lang/String;)Ljava/lang/String;'},
 {'clss': 'Lcom/yandex/metrica/impl/ob/U3;',
  'method': 'h()Ljava/lang/String;',
  'name': ['UUID'],
  'num': 679,
  'source_class': 'Landroid/content/ContentValues;',
  'source_method': 'getAsString(Ljava/lang/String;)Ljava/lang/String;'},
 {'clss': 'Lcom/yandex/metrica/impl/ob/U3;',
  'method': 'h()Ljava/lang/String;',
  'name': ['UUID'],
  'num': 679,
  'source_class': 'Landroid/content/ContentValues;',
  'source_method': 'getAsString(Ljava/lang/String;)Ljava/lang/String;'},
 {'clss': 'Lcom/yandex/metrica/impl/ob/U3;',
  'method': 'h()Ljava/lang/String;',
  'name': ['UUID'],
  'num': 679,
  'source_class': 'Landroid/content/ContentValues;',
  'source_method': 'getAsString(Ljava/lang/String;)Ljava/lang/String;'},
 {'clss': 'Lcom/yandex/metrica/impl/ob/B1;',
  'method': 'b(Landroid/content/Intent;)V',
  'name': ['UUID'],
  'num': 1429,
  'source_class': 'Landroid/net/Uri;',
  'source_method': 'getQueryParameter(Ljava/lang/String;)Ljava/lang/String;'},
 {'clss': 'Lcom/yandex/metrica/impl/ob/U3;',
  'method': 'h()Ljava/lang/String;',
  'name': ['UUID'],
  'num': 679,
  'source_class': 'Landroid/content/ContentValues;',
  'source_method': 'getAsString(Ljava/lang/String;)Ljava/lang/String;'},
 {'clss': 'Lcom/yandex/metrica/impl/ob/U3;',
  'method': 'h()Ljava/lang/String;',
  'name': ['UUID'],
  'num': 679,
  'source_class': 'Landroid/content/ContentValues;',
  'source_method': 'getAsString(Ljava/lang/String;)Ljava/lang/String;'},
 {'clss': 'Lcom/yandex/metrica/impl/ob/U3;',
  'method': 'h()Ljava/lang/String;',
  'name': ['UUID'],
  'num': 679,
  'source_class': 'Landroid/content/ContentValues;',
  'source_method': 'getAsString(Ljava/lang/String;)Ljava/lang/String;'},
 {'clss': 'Lcom/yandex/metrica/impl/ob/U3;',
  'method': 'h()Ljava/lang/String;',
  'name': ['UUID'],
  'num': 679,
  'source_class': 'Landroid/content/ContentValues;',
  'source_method': 'getAsString(Ljava/lang/String;)Ljava/lang/String;'},
 {'clss': 'Lcom/yandex/metrica/impl/ob/U3;',
  'method': 'h()Ljava/lang/String;',
  'name': ['UUID'],
  'num': 679,
  'source_class': 'Landroid/content/ContentValues;',
  'source_method': 'getAsString(Ljava/lang/String;)Ljava/lang/String;'},
 {'clss': 'Lcom/yandex/metrica/impl/ob/U3;',
  'method': 'h()Ljava/lang/String;',
  'name': ['UUID'],
  'num': 679,
  'source_class': 'Landroid/content/ContentValues;',
  'source_method': 'getAsString(Ljava/lang/String;)Ljava/lang/String;'},
 {'clss': 'Lcom/yandex/metrica/impl/ob/U3;',
  'method': 'h()Ljava/lang/String;',
  'name': ['UUID'],
  'num': 679,
  'source_class': 'Landroid/content/ContentValues;',
  'source_method': 'getAsString(Ljava/lang/String;)Ljava/lang/String;'},
 {'clss': 'Lcom/yandex/metrica/impl/ob/U3;',
  'method': 'h()Ljava/lang/String;',
  'name': ['UUID'],
  'num': 679,
  'source_class': 'Landroid/content/ContentValues;',
  'source_method': 'getAsString(Ljava/lang/String;)Ljava/lang/String;'},
 {'clss': 'Lcom/yandex/metrica/impl/ob/U3;',
  'method': 'h()Ljava/lang/String;',
  'name': ['UUID'],
  'num': 679,
  'source_class': 'Landroid/content/ContentValues;',
  'source_method': 'getAsString(Ljava/lang/String;)Ljava/lang/String;'},
 {'clss': 'Lcom/yandex/metrica/impl/ob/U3;',
  'method': 'h()Ljava/lang/String;',
  'name': ['UUID'],
  'num': 679,
  'source_class': 'Landroid/content/ContentValues;',
  'source_method': 'getAsString(Ljava/lang/String;)Ljava/lang/String;'},
 {'clss': 'Lcom/yandex/metrica/impl/ob/C4;', 'method': 'equals(Ljava/lang/Object;)Z', 'name': ['UUID'], 'num': 243, 'source_class': None, 'source_method': None},
 {'clss': 'Lcom/yandex/metrica/impl/ob/U3;',
  'method': 'h()Ljava/lang/String;',
  'name': ['UUID'],
  'num': 679,
  'source_class': 'Landroid/content/ContentValues;',
  'source_method': 'getAsString(Ljava/lang/String;)Ljava/lang/String;'},
 {'clss': 'Lcom/yandex/metrica/impl/ob/C4;', 'method': 'equals(Ljava/lang/Object;)Z', 'name': ['UUID'], 'num': 243, 'source_class': None, 'source_method': None},
 {'clss': 'Lcom/yandex/metrica/impl/ob/U3;',
  'method': 'h()Ljava/lang/String;',
  'name': ['UUID'],
  'num': 679,
  'source_class': 'Landroid/content/ContentValues;',
  'source_method': 'getAsString(Ljava/lang/String;)Ljava/lang/String;'},
 {'clss': 'Lcom/yandex/metrica/impl/ob/U3;',
  'method': 'h()Ljava/lang/String;',
  'name': ['UUID'],
  'num': 679,
  'source_class': 'Landroid/content/ContentValues;',
  'source_method': 'getAsString(Ljava/lang/String;)Ljava/lang/String;'},
 {'clss': 'Lcom/yandex/metrica/impl/ob/C4;', 'method': 'equals(Ljava/lang/Object;)Z', 'name': ['UUID'], 'num': 243, 'source_class': None, 'source_method': None},
 {'clss': 'Lcom/yandex/metrica/impl/ob/U3;',
  'method': 'h()Ljava/lang/String;',
  'name': ['UUID'],
  'num': 679,
  'source_class': 'Landroid/content/ContentValues;',
  'source_method': 'getAsString(Ljava/lang/String;)Ljava/lang/String;'},
 {'clss': 'Lcom/yandex/metrica/impl/ob/U3;',
  'method': 'h()Ljava/lang/String;',
  'name': ['UUID'],
  'num': 679,
  'source_class': 'Landroid/content/ContentValues;',
  'source_method': 'getAsString(Ljava/lang/String;)Ljava/lang/String;'},
 {'clss': 'Lcom/yandex/metrica/impl/ob/C4;', 'method': 'equals(Ljava/lang/Object;)Z', 'name': ['UUID'], 'num': 243, 'source_class': None, 'source_method': None},
 {'clss': 'Lcom/yandex/metrica/impl/ob/U3;',
  'method': 'h()Ljava/lang/String;',
  'name': ['UUID'],
  'num': 679,
  'source_class': 'Landroid/content/ContentValues;',
  'source_method': 'getAsString(Ljava/lang/String;)Ljava/lang/String;'},
 {'clss': 'Lcom/yandex/metrica/impl/ob/C4;', 'method': 'equals(Ljava/lang/Object;)Z', 'name': ['UUID'], 'num': 243, 'source_class': None, 'source_method': None},
 {'clss': 'Lcom/yandex/metrica/impl/ob/U3;',
  'method': 'h()Ljava/lang/String;',
  'name': ['UUID'],
  'num': 679,
  'source_class': 'Landroid/content/ContentValues;',
  'source_method': 'getAsString(Ljava/lang/String;)Ljava/lang/String;'},
 {'clss': 'Lcom/yandex/metrica/impl/ob/C4;', 'method': 'equals(Ljava/lang/Object;)Z', 'name': ['UUID'], 'num': 243, 'source_class': None, 'source_method': None},
 {'clss': 'Lcom/yandex/metrica/impl/ob/B1;',
  'method': 'b(Landroid/content/Intent;)V',
  'name': ['UUID'],
  'num': 1429,
  'source_class': 'Landroid/net/Uri;',
  'source_method': 'getQueryParameter(Ljava/lang/String;)Ljava/lang/String;'},
 {'clss': 'Lcom/yandex/metrica/impl/ob/D4$a;', 'method': 'equals(Ljava/lang/Object;)Z', 'name': ['UUID'], 'num': 115, 'source_class': None, 'source_method': None},
 {'clss': 'Lcom/yandex/metrica/impl/ob/C4;', 'method': 'hashCode()I', 'name': ['UUID'], 'num': 335, 'source_class': None, 'source_method': None},
 {'clss': 'Lcom/yandex/metrica/impl/ob/C4;', 'method': 'hashCode()I', 'name': ['UUID'], 'num': 335, 'source_class': None, 'source_method': None},
 {'clss': 'Lcom/yandex/metrica/impl/ob/U3;',
  'method': 'h()Ljava/lang/String;',
  'name': ['UUID'],
  'num': 679,
  'source_class': 'Landroid/content/ContentValues;',
  'source_method': 'getAsString(Ljava/lang/String;)Ljava/lang/String;'}]
Sinks
[{"smali_tag": "4399_720", "clss": "Lcom/yandex/metrica/impl/ob/V0;", "method": "b([B)[B", "num": 720, "sink_class": "Ljava/util/zip/GZIPOutputStream;", "sink_method": "write([B)V", "sink_values": [[26, 102, 8, -128, -56, -81, -96, 37, 18, 23, 10, 12, 8, -36, -54, -113, -87, 6, 16, -96, -6, 3, 32, 1, 18, 5, 101, 110, 95, 85, 83, 40, 1, 26, 21, 8, 0, 16, 0, 24, 13, 58, 2, 24, 1, 104, 0, -112, 1, 2, -104, 1, 2, -96, 1, 0, 26, 24, 8, 1, 16, 0, 24, 2, 58, 2, 24, 1, 104, 0, -128, 1, 1, -112, 1, 2, -104, 1, 2, -96, 1, 0, 26, 20, 8, 2, 16, 0, 24, 7, 104, 0, -128, 1, 2, -112, 1, 2, -104, 1, 2, -96, 1, 0, 26, 105, 8, -127, -56, -81, -96, 37, 18, 21, 10, 12, 8, -36, -54, -113, -87, 6, 16, -96, -6, 3, 32, 1, 18, 5, 101, 110, 95, 85, 83, 26, 27, 8, 0, 16, 0, 24, 2, 58, 2, 24, 1, 104, 0, -128, 1, 3, -120, 1, 1, -112, 1, 2, -104, 1, 2, -96, 1, 0, 26, 45, 8, 1, 16, 0, 24, 1, 42, 19, 123, 34, 97, 112, 112, 73, 110, 115, 116, 97, 108, 108, 101, 114, 34, 58, 34, 34, 125, 58, 2, 24, 1, 104, 0, -128, 1, 4, -112, 1, 2, -104, 1, 2, -96, 1, 0, 34, 68, 10, 32, 52, 98, 52, 97, 101, 56, 99, 101, 55, 50, 54, 97, 52, 102, 54, 48, 97, 54, 100, 101, 100, 55, 101, 52, 52, 55, 101, 101, 99, 101, 98, 49, 18, 32, 97, 55, 51, 48, 55, 48, 101, 102, 53, 54, 100, 102, 52, 98, 101, 100, 98, 49, 54, 51, 101, 102, 55, 56, 101, 98, 101, 102, 101, 54, 50, 55, 90, 59, 54, 55, 58, 49, 55, 58, 65, 69, 58, 50, 68, 58, 57, 55, 58, 49, 53, 58, 52, 65, 58, 65, 56, 58, 55, 70, 58, 55, 66, 58, 50, 52, 58, 52, 67, 58, 52, 65, 58, 69, 50, 58, 70, 55, 58, 65, 66, 58, 66, 68, 58, 56, 67, 58, 51, 66, 58, 67, 56]], "sources": ["UUID"], "returned_value": null}, {"smali_tag": "4791_55", "clss": "Lcom/yandex/metrica/impl/ob/Zd;", "method": "a(Ljava/lang/String;)Ljavax/net/ssl/HttpsURLConnection;", "num": 55, "sink_class": "Ljava/net/URL;", "sink_method": "<init>(Ljava/lang/String;)V", "sink_values": ["https://report.appmetrica.yandex.net/report?encrypted_request=1&deviceid=a73070ef56df4bedb163ef78ebefe627&uuid=4b4ae8ce726a4f60a6ded7e447eeceb1&analytics_sdk_version_name=5.0.0&app_version_name=3.0&app_build_number=3&os_version=12&os_api_level=32&analytics_sdk_build_number=45001354&analytics_sdk_build_type=public_binary&app_debuggable=1&locale=en_US&is_rooted=0&app_framework=native&attribution_id=1&api_key_128=fdcdb071-8fa1-4dee-b3ee-1adc1858ec7f&app_id=com.yandex.sample.metrica&app_platform=android&model=AOSP%20on%20Oriole&manufacturer=Google&screen_width=2400&screen_height=1080&screen_dpi=420&scalefactor=2.625&device_type=phone&app_set_id=a73070ef-56df-4bed-b163-ef78ebefe627&app_set_id_scope=app&adv_id=&limit_ad_tracking=&oaid=&limit_oaid_tracking=&yandex_adv_id=&limit_yandex_adv_id_tracking=&request_id=0"], "sources": ["UUID"], "returned_value": null}]