project.emulator.get_num_leaks() = 2
Sources
[{'clss': 'Lcom/applovin/impl/sdk/utils/d;',
  'method': 'e(Landroid/content/Context;)Lcom/applovin/impl/sdk/utils/d$a;',
  'name': ['AndroidID'],
  'num': 436,
  'source_class': 'Landroid/provider/Settings$Secure;',
  'source_method': 'getString(Landroid/content/ContentResolver;Ljava/lang/String;)Ljava/lang/String;'},
 {'clss': 'Lcom/unity3d/services/identifiers/installationid/b;', 'method': 'a()V', 'name': ['UUID'], 'num': 147, 'source_class': 'Ljava/util/UUID;', 'source_method': 'toString()Ljava/lang/String;'},
 {'clss': 'Lcom/tradplus/ads/base/common/TPDataManager;', 'method': '<init>()V', 'name': ['UUID'], 'num': 337, 'source_class': 'Ljava/util/UUID;', 'source_method': 'toString()Ljava/lang/String;'},
 {'clss': 'Lcom/tradplus/ads/base/common/TPDataManager;',
  'method': '<init>()V',
  'name': ['UUID'],
  'num': 343,
  'source_class': 'Ljava/lang/StringBuilder;',
  'source_method': 'toString()Ljava/lang/String;'},
 {'clss': 'Lcom/tradplus/ads/base/common/SPUtil;',
  'method': 'putString(Landroid/content/Context;Ljava/lang/String;Ljava/lang/String;Ljava/lang/String;)V',
  'name': ['UUID'],
  'num': 425,
  'source_class': 'Ljava/lang/String;',
  'source_method': 'valueOf(Ljava/lang/Object;)Ljava/lang/String;'},
 {'clss': 'Lcom/tradplus/ads/base/network/TPAdUrlGenerator;',
  'method': 'getParamData()Ljava/lang/String;',
  'name': ['UUID'],
  'num': 972,
  'source_class': 'Ljava/net/URLEncoder;',
  'source_method': 'encode(Ljava/lang/String;Ljava/lang/String;)Ljava/lang/String;'},
 {'clss': 'Lcom/tradplus/ads/base/network/TPAdUrlGenerator;',
  'method': 'getParamData()Ljava/lang/String;',
  'name': ['UUID'],
  'num': 995,
  'source_class': 'Ljava/lang/StringBuilder;',
  'source_method': 'toString()Ljava/lang/String;'},
 {'clss': 'Lcom/tradplus/ads/base/network/TPHttpBuilder;',
  'method': '<init>(Ljava/lang/String;Ljava/lang/String;Ljava/lang/String;Z)V',
  'name': ['UUID'],
  'num': 173,
  'source_class': 'Ljava/lang/StringBuilder;',
  'source_method': 'toString()Ljava/lang/String;'},
 {'clss': 'Lcom/tradplus/ads/base/network/TPHttpGetRequest;',
  'method': 'generateURL()Ljava/lang/String;',
  'name': ['UUID'],
  'num': 71,
  'source_class': 'Ljava/lang/StringBuilder;',
  'source_method': 'toString()Ljava/lang/String;'},
 {'clss': 'Lcom/tradplus/ads/base/network/TPHttpGetRequest;',
  'method': 'generateURL()Ljava/lang/String;',
  'name': ['UUID'],
  'num': 83,
  'source_class': 'Ljava/lang/StringBuilder;',
  'source_method': 'toString()Ljava/lang/String;'},
 {'clss': 'Lcom/tradplus/ads/base/network/TPHttpGetRequest;',
  'method': 'generateURL()Ljava/lang/String;',
  'name': ['UUID'],
  'num': 87,
  'source_class': 'Ljava/lang/String;',
  'source_method': 'valueOf(Ljava/lang/Object;)Ljava/lang/String;'},
 {'clss': 'Lcom/tradplus/ads/base/network/TPHttpGetRequest;',
  'method': 'generateURL()Ljava/lang/String;',
  'name': ['UUID'],
  'num': 93,
  'source_class': 'Ljava/lang/String;',
  'source_method': 'concat(Ljava/lang/String;)Ljava/lang/String;'},
 {'clss': 'Lcom/tradplus/ads/pushcenter/reqeust/BaseRequest;',
  'method': 'initBaseRequest(Landroid/content/Context;Ljava/lang/String;)V',
  'name': ['UUID'],
  'num': 691,
  'source_class': 'Ljava/util/UUID;',
  'source_method': 'toString()Ljava/lang/String;'},
 {'clss': 'Lcom/tradplus/ads/pushcenter/reqeust/BaseRequest;',
  'method': 'initBaseRequest(Landroid/content/Context;Ljava/lang/String;)V',
  'name': ['UUID'],
  'num': 691,
  'source_class': 'Ljava/util/UUID;',
  'source_method': 'toString()Ljava/lang/String;'},
 {'clss': 'Lcom/tradplus/ads/core/track/LoadLifecycleCallback;',
  'method': '<init>(Ljava/lang/String;Lcom/tradplus/ads/core/track/LoadAdListener;)V',
  'name': ['UUID'],
  'num': 46,
  'source_class': 'Ljava/util/UUID;',
  'source_method': 'toString()Ljava/lang/String;'},
 {'clss': 'Lcom/tradplus/ads/pushcenter/reqeust/BaseRequest;',
  'method': 'initBaseRequest(Landroid/content/Context;Ljava/lang/String;)V',
  'name': ['UUID'],
  'num': 691,
  'source_class': 'Ljava/util/UUID;',
  'source_method': 'toString()Ljava/lang/String;'},
 {'clss': 'Lcom/tradplus/ads/core/track/LoadLifecycleCallback;',
  'method': '<init>(Ljava/lang/String;Lcom/tradplus/ads/core/track/LoadAdListener;)V',
  'name': ['UUID'],
  'num': 46,
  'source_class': 'Ljava/util/UUID;',
  'source_method': 'toString()Ljava/lang/String;'},
 {'clss': 'Lcom/tradplus/ads/pushcenter/reqeust/BaseRequest;',
  'method': 'initBaseRequest(Landroid/content/Context;Ljava/lang/String;)V',
  'name': ['UUID'],
  'num': 691,
  'source_class': 'Ljava/util/UUID;',
  'source_method': 'toString()Ljava/lang/String;'},
 {'clss': 'Lcom/tradplus/ads/base/network/TPAdUrlGenerator;',
  'method': 'getParamData()Ljava/lang/String;',
  'name': ['UUID'],
  'num': 995,
  'source_class': 'Ljava/lang/StringBuilder;',
  'source_method': 'toString()Ljava/lang/String;'},
 {'clss': 'Lcom/tradplus/ads/base/network/TPHttpBuilder;',
  'method': '<init>(Ljava/lang/String;Ljava/lang/String;Ljava/lang/String;Z)V',
  'name': ['UUID'],
  'num': 173,
  'source_class': 'Ljava/lang/StringBuilder;',
  'source_method': 'toString()Ljava/lang/String;'},
 {'clss': 'Lcom/tradplus/ads/base/network/TPHttpGetRequest;',
  'method': 'generateURL()Ljava/lang/String;',
  'name': ['UUID'],
  'num': 71,
  'source_class': 'Ljava/lang/StringBuilder;',
  'source_method': 'toString()Ljava/lang/String;'},
 {'clss': 'Lcom/tradplus/ads/base/network/TPHttpGetRequest;',
  'method': 'generateURL()Ljava/lang/String;',
  'name': ['UUID'],
  'num': 83,
  'source_class': 'Ljava/lang/StringBuilder;',
  'source_method': 'toString()Ljava/lang/String;'},
 {'clss': 'Lcom/tradplus/ads/base/network/TPHttpGetRequest;',
  'method': 'generateURL()Ljava/lang/String;',
  'name': ['UUID'],
  'num': 87,
  'source_class': 'Ljava/lang/String;',
  'source_method': 'valueOf(Ljava/lang/Object;)Ljava/lang/String;'},
 {'clss': 'Lcom/tradplus/ads/base/network/TPHttpGetRequest;',
  'method': 'generateURL()Ljava/lang/String;',
  'name': ['UUID'],
  'num': 93,
  'source_class': 'Ljava/lang/String;',
  'source_method': 'concat(Ljava/lang/String;)Ljava/lang/String;'},
 {'clss': 'Lcom/tradplus/ads/core/track/LoadLifecycleCallback;',
  'method': '<init>(Ljava/lang/String;Lcom/tradplus/ads/core/track/LoadAdListener;)V',
  'name': ['UUID'],
  'num': 46,
  'source_class': 'Ljava/util/UUID;',
  'source_method': 'toString()Ljava/lang/String;'},
 {'clss': 'Lcom/tradplus/ads/pushcenter/reqeust/BaseRequest;',
  'method': 'initBaseRequest(Landroid/content/Context;Ljava/lang/String;)V',
  'name': ['UUID'],
  'num': 691,
  'source_class': 'Ljava/util/UUID;',
  'source_method': 'toString()Ljava/lang/String;'},
 {'clss': 'Lcom/tradplus/ads/pushcenter/reqeust/BaseRequest;',
  'method': 'initBaseRequest(Landroid/content/Context;Ljava/lang/String;)V',
  'name': ['UUID'],
  'num': 691,
  'source_class': 'Ljava/util/UUID;',
  'source_method': 'toString()Ljava/lang/String;'},
 {'clss': 'Lcom/tradplus/ads/pushcenter/reqeust/BaseRequest;',
  'method': 'initBaseRequest(Landroid/content/Context;Ljava/lang/String;)V',
  'name': ['UUID'],
  'num': 691,
  'source_class': 'Ljava/util/UUID;',
  'source_method': 'toString()Ljava/lang/String;'},
 {'clss': 'Lcom/tradplus/ads/pushcenter/reqeust/BaseRequest;',
  'method': 'initBaseRequest(Landroid/content/Context;Ljava/lang/String;)V',
  'name': ['UUID'],
  'num': 691,
  'source_class': 'Ljava/util/UUID;',
  'source_method': 'toString()Ljava/lang/String;'},
 {'clss': 'Lcom/tradplus/ads/base/network/TPAdUrlGenerator;',
  'method': 'getParamData()Ljava/lang/String;',
  'name': ['UUID'],
  'num': 995,
  'source_class': 'Ljava/lang/StringBuilder;',
  'source_method': 'toString()Ljava/lang/String;'},
 {'clss': 'Lcom/tradplus/ads/base/network/TPAdUrlGenerator;',
  'method': 'getParamData()Ljava/lang/String;',
  'name': ['UUID'],
  'num': 995,
  'source_class': 'Ljava/lang/StringBuilder;',
  'source_method': 'toString()Ljava/lang/String;'},
 {'clss': 'Lcom/tradplus/ads/base/network/TPHttpBuilder;',
  'method': '<init>(Ljava/lang/String;Ljava/lang/String;Ljava/lang/String;Z)V',
  'name': ['UUID'],
  'num': 173,
  'source_class': 'Ljava/lang/StringBuilder;',
  'source_method': 'toString()Ljava/lang/String;'},
 {'clss': 'Lcom/tradplus/ads/base/network/TPHttpBuilder;',
  'method': '<init>(Ljava/lang/String;Ljava/lang/String;Ljava/lang/String;Z)V',
  'name': ['UUID'],
  'num': 173,
  'source_class': 'Ljava/lang/StringBuilder;',
  'source_method': 'toString()Ljava/lang/String;'},
 {'clss': 'Lcom/tradplus/ads/base/network/TPHttpGetRequest;',
  'method': 'generateURL()Ljava/lang/String;',
  'name': ['UUID'],
  'num': 71,
  'source_class': 'Ljava/lang/StringBuilder;',
  'source_method': 'toString()Ljava/lang/String;'},
 {'clss': 'Lcom/tradplus/ads/base/network/TPHttpGetRequest;',
  'method': 'generateURL()Ljava/lang/String;',
  'name': ['UUID'],
  'num': 71,
  'source_class': 'Ljava/lang/StringBuilder;',
  'source_method': 'toString()Ljava/lang/String;'},
 {'clss': 'Lcom/tradplus/ads/base/network/TPHttpGetRequest;',
  'method': 'generateURL()Ljava/lang/String;',
  'name': ['UUID'],
  'num': 83,
  'source_class': 'Ljava/lang/StringBuilder;',
  'source_method': 'toString()Ljava/lang/String;'},
 {'clss': 'Lcom/tradplus/ads/base/network/TPHttpGetRequest;',
  'method': 'generateURL()Ljava/lang/String;',
  'name': ['UUID'],
  'num': 83,
  'source_class': 'Ljava/lang/StringBuilder;',
  'source_method': 'toString()Ljava/lang/String;'},
 {'clss': 'Lcom/tradplus/ads/base/network/TPHttpGetRequest;',
  'method': 'generateURL()Ljava/lang/String;',
  'name': ['UUID'],
  'num': 87,
  'source_class': 'Ljava/lang/String;',
  'source_method': 'valueOf(Ljava/lang/Object;)Ljava/lang/String;'},
 {'clss': 'Lcom/tradplus/ads/base/network/TPHttpGetRequest;',
  'method': 'generateURL()Ljava/lang/String;',
  'name': ['UUID'],
  'num': 87,
  'source_class': 'Ljava/lang/String;',
  'source_method': 'valueOf(Ljava/lang/Object;)Ljava/lang/String;'},
 {'clss': 'Lcom/tradplus/ads/base/network/TPHttpGetRequest;',
  'method': 'generateURL()Ljava/lang/String;',
  'name': ['UUID'],
  'num': 93,
  'source_class': 'Ljava/lang/String;',
  'source_method': 'concat(Ljava/lang/String;)Ljava/lang/String;'},
 {'clss': 'Lcom/tradplus/ads/base/network/TPHttpGetRequest;',
  'method': 'generateURL()Ljava/lang/String;',
  'name': ['UUID'],
  'num': 93,
  'source_class': 'Ljava/lang/String;',
  'source_method': 'concat(Ljava/lang/String;)Ljava/lang/String;'},
 {'clss': 'Lcom/tradplus/ads/core/track/LoadLifecycleCallback;',
  'method': '<init>(Ljava/lang/String;Lcom/tradplus/ads/core/track/LoadAdListener;)V',
  'name': ['UUID'],
  'num': 46,
  'source_class': 'Ljava/util/UUID;',
  'source_method': 'toString()Ljava/lang/String;'},
 {'clss': 'Lcom/tradplus/ads/pushcenter/reqeust/BaseRequest;',
  'method': 'initBaseRequest(Landroid/content/Context;Ljava/lang/String;)V',
  'name': ['UUID'],
  'num': 691,
  'source_class': 'Ljava/util/UUID;',
  'source_method': 'toString()Ljava/lang/String;'},
 {'clss': 'Lcom/tradplus/ads/core/track/LoadLifecycleCallback;',
  'method': '<init>(Ljava/lang/String;Lcom/tradplus/ads/core/track/LoadAdListener;)V',
  'name': ['UUID'],
  'num': 46,
  'source_class': 'Ljava/util/UUID;',
  'source_method': 'toString()Ljava/lang/String;'},
 {'clss': 'Lcom/tradplus/ads/pushcenter/reqeust/BaseRequest;',
  'method': 'initBaseRequest(Landroid/content/Context;Ljava/lang/String;)V',
  'name': ['UUID'],
  'num': 691,
  'source_class': 'Ljava/util/UUID;',
  'source_method': 'toString()Ljava/lang/String;'},
 {'clss': 'Lcom/tradplus/ads/pushcenter/reqeust/BaseRequest;',
  'method': 'initBaseRequest(Landroid/content/Context;Ljava/lang/String;)V',
  'name': ['UUID'],
  'num': 691,
  'source_class': 'Ljava/util/UUID;',
  'source_method': 'toString()Ljava/lang/String;'},
 {'clss': 'Lcom/tradplus/ads/pushcenter/reqeust/BaseRequest;',
  'method': 'initBaseRequest(Landroid/content/Context;Ljava/lang/String;)V',
  'name': ['UUID'],
  'num': 691,
  'source_class': 'Ljava/util/UUID;',
  'source_method': 'toString()Ljava/lang/String;'},
 {'clss': 'Lcom/tradplus/ads/core/track/LoadLifecycleCallback;',
  'method': '<init>(Ljava/lang/String;Lcom/tradplus/ads/core/track/LoadAdListener;)V',
  'name': ['UUID'],
  'num': 46,
  'source_class': 'Ljava/util/UUID;',
  'source_method': 'toString()Ljava/lang/String;'},
 {'clss': 'Lcom/tradplus/ads/pushcenter/reqeust/BaseRequest;',
  'method': 'initBaseRequest(Landroid/content/Context;Ljava/lang/String;)V',
  'name': ['UUID'],
  'num': 691,
  'source_class': 'Ljava/util/UUID;',
  'source_method': 'toString()Ljava/lang/String;'},
 {'clss': 'Lcom/tradplus/ads/core/track/LoadLifecycleCallback;',
  'method': '<init>(Ljava/lang/String;Lcom/tradplus/ads/core/track/LoadAdListener;)V',
  'name': ['UUID'],
  'num': 46,
  'source_class': 'Ljava/util/UUID;',
  'source_method': 'toString()Ljava/lang/String;'},
 {'clss': 'Lcom/tradplus/ads/pushcenter/reqeust/BaseRequest;',
  'method': 'initBaseRequest(Landroid/content/Context;Ljava/lang/String;)V',
  'name': ['UUID'],
  'num': 691,
  'source_class': 'Ljava/util/UUID;',
  'source_method': 'toString()Ljava/lang/String;'},
 {'clss': 'Lcom/tradplus/ads/base/network/TPAdUrlGenerator;',
  'method': 'getParamData()Ljava/lang/String;',
  'name': ['UUID'],
  'num': 995,
  'source_class': 'Ljava/lang/StringBuilder;',
  'source_method': 'toString()Ljava/lang/String;'},
 {'clss': 'Lcom/tradplus/ads/base/network/TPHttpBuilder;',
  'method': '<init>(Ljava/lang/String;Ljava/lang/String;Ljava/lang/String;Z)V',
  'name': ['UUID'],
  'num': 173,
  'source_class': 'Ljava/lang/StringBuilder;',
  'source_method': 'toString()Ljava/lang/String;'},
 {'clss': 'Lcom/tradplus/ads/core/track/LoadLifecycleCallback;',
  'method': '<init>(Ljava/lang/String;Lcom/tradplus/ads/core/track/LoadAdListener;)V',
  'name': ['UUID'],
  'num': 46,
  'source_class': 'Ljava/util/UUID;',
  'source_method': 'toString()Ljava/lang/String;'},
 {'clss': 'Lcom/tradplus/ads/pushcenter/reqeust/BaseRequest;',
  'method': 'initBaseRequest(Landroid/content/Context;Ljava/lang/String;)V',
  'name': ['UUID'],
  'num': 691,
  'source_class': 'Ljava/util/UUID;',
  'source_method': 'toString()Ljava/lang/String;'},
 {'clss': 'Lcom/tradplus/ads/pushcenter/reqeust/BaseRequest;',
  'method': 'initBaseRequest(Landroid/content/Context;Ljava/lang/String;)V',
  'name': ['UUID'],
  'num': 691,
  'source_class': 'Ljava/util/UUID;',
  'source_method': 'toString()Ljava/lang/String;'},
 {'clss': 'Lcom/tradplus/ads/base/network/TPAdUrlGenerator;',
  'method': 'getParamData()Ljava/lang/String;',
  'name': ['UUID'],
  'num': 995,
  'source_class': 'Ljava/lang/StringBuilder;',
  'source_method': 'toString()Ljava/lang/String;'},
 {'clss': 'Lcom/tradplus/ads/base/network/TPHttpBuilder;',
  'method': '<init>(Ljava/lang/String;Ljava/lang/String;Ljava/lang/String;Z)V',
  'name': ['UUID'],
  'num': 173,
  'source_class': 'Ljava/lang/StringBuilder;',
  'source_method': 'toString()Ljava/lang/String;'},
 {'clss': 'Lcom/tradplus/ads/core/track/LoadLifecycleCallback;',
  'method': '<init>(Ljava/lang/String;Lcom/tradplus/ads/core/track/LoadAdListener;)V',
  'name': ['UUID'],
  'num': 46,
  'source_class': 'Ljava/util/UUID;',
  'source_method': 'toString()Ljava/lang/String;'},
 {'clss': 'Lcom/tradplus/ads/pushcenter/reqeust/BaseRequest;',
  'method': 'initBaseRequest(Landroid/content/Context;Ljava/lang/String;)V',
  'name': ['UUID'],
  'num': 691,
  'source_class': 'Ljava/util/UUID;',
  'source_method': 'toString()Ljava/lang/String;'},
 {'clss': 'Lcom/tradplus/ads/pushcenter/reqeust/BaseRequest;',
  'method': 'initBaseRequest(Landroid/content/Context;Ljava/lang/String;)V',
  'name': ['UUID'],
  'num': 691,
  'source_class': 'Ljava/util/UUID;',
  'source_method': 'toString()Ljava/lang/String;'},
 {'clss': 'Lcom/tradplus/ads/pushcenter/reqeust/BaseRequest;',
  'method': 'initBaseRequest(Landroid/content/Context;Ljava/lang/String;)V',
  'name': ['UUID'],
  'num': 691,
  'source_class': 'Ljava/util/UUID;',
  'source_method': 'toString()Ljava/lang/String;'},
 {'clss': 'Lcom/tradplus/ads/core/track/LoadLifecycleCallback;',
  'method': '<init>(Ljava/lang/String;Lcom/tradplus/ads/core/track/LoadAdListener;)V',
  'name': ['UUID'],
  'num': 46,
  'source_class': 'Ljava/util/UUID;',
  'source_method': 'toString()Ljava/lang/String;'},
 {'clss': 'Lcom/tradplus/ads/pushcenter/reqeust/BaseRequest;',
  'method': 'initBaseRequest(Landroid/content/Context;Ljava/lang/String;)V',
  'name': ['UUID'],
  'num': 691,
  'source_class': 'Ljava/util/UUID;',
  'source_method': 'toString()Ljava/lang/String;'},
 {'clss': 'Lcom/tradplus/ads/core/track/LoadLifecycleCallback;',
  'method': '<init>(Ljava/lang/String;Lcom/tradplus/ads/core/track/LoadAdListener;)V',
  'name': ['UUID'],
  'num': 46,
  'source_class': 'Ljava/util/UUID;',
  'source_method': 'toString()Ljava/lang/String;'},
 {'clss': 'Lcom/tradplus/ads/pushcenter/reqeust/BaseRequest;',
  'method': 'initBaseRequest(Landroid/content/Context;Ljava/lang/String;)V',
  'name': ['UUID'],
  'num': 691,
  'source_class': 'Ljava/util/UUID;',
  'source_method': 'toString()Ljava/lang/String;'},
 {'clss': 'Lcom/tradplus/ads/base/network/TPAdUrlGenerator;',
  'method': 'getParamData()Ljava/lang/String;',
  'name': ['UUID'],
  'num': 995,
  'source_class': 'Ljava/lang/StringBuilder;',
  'source_method': 'toString()Ljava/lang/String;'},
 {'clss': 'Lcom/tradplus/ads/base/network/TPHttpBuilder;',
  'method': '<init>(Ljava/lang/String;Ljava/lang/String;Ljava/lang/String;Z)V',
  'name': ['UUID'],
  'num': 173,
  'source_class': 'Ljava/lang/StringBuilder;',
  'source_method': 'toString()Ljava/lang/String;'},
 {'clss': 'Lcom/tradplus/ads/core/track/LoadLifecycleCallback;',
  'method': '<init>(Ljava/lang/String;Lcom/tradplus/ads/core/track/LoadAdListener;)V',
  'name': ['UUID'],
  'num': 46,
  'source_class': 'Ljava/util/UUID;',
  'source_method': 'toString()Ljava/lang/String;'},
 {'clss': 'Lcom/tradplus/ads/pushcenter/reqeust/BaseRequest;',
  'method': 'initBaseRequest(Landroid/content/Context;Ljava/lang/String;)V',
  'name': ['UUID'],
  'num': 691,
  'source_class': 'Ljava/util/UUID;',
  'source_method': 'toString()Ljava/lang/String;'},
 {'clss': 'Lcom/tradplus/ads/core/track/LoadLifecycleCallback;',
  'method': '<init>(Ljava/lang/String;Lcom/tradplus/ads/core/track/LoadAdListener;)V',
  'name': ['UUID'],
  'num': 46,
  'source_class': 'Ljava/util/UUID;',
  'source_method': 'toString()Ljava/lang/String;'},
 {'clss': 'Lcom/tradplus/ads/pushcenter/reqeust/BaseRequest;',
  'method': 'initBaseRequest(Landroid/content/Context;Ljava/lang/String;)V',
  'name': ['UUID'],
  'num': 691,
  'source_class': 'Ljava/util/UUID;',
  'source_method': 'toString()Ljava/lang/String;'},
 {'clss': 'Lcom/tradplus/ads/pushcenter/reqeust/BaseRequest;',
  'method': 'initBaseRequest(Landroid/content/Context;Ljava/lang/String;)V',
  'name': ['UUID'],
  'num': 691,
  'source_class': 'Ljava/util/UUID;',
  'source_method': 'toString()Ljava/lang/String;'},
 {'clss': 'Lcom/tradplus/ads/base/network/TPAdUrlGenerator;',
  'method': 'getParamData()Ljava/lang/String;',
  'name': ['UUID'],
  'num': 995,
  'source_class': 'Ljava/lang/StringBuilder;',
  'source_method': 'toString()Ljava/lang/String;'},
 {'clss': 'Lcom/tradplus/ads/base/network/TPHttpBuilder;',
  'method': '<init>(Ljava/lang/String;Ljava/lang/String;Ljava/lang/String;Z)V',
  'name': ['UUID'],
  'num': 173,
  'source_class': 'Ljava/lang/StringBuilder;',
  'source_method': 'toString()Ljava/lang/String;'},
 {'clss': 'Lcom/tradplus/ads/pushcenter/reqeust/BaseRequest;',
  'method': 'initBaseRequest(Landroid/content/Context;Ljava/lang/String;)V',
  'name': ['UUID'],
  'num': 691,
  'source_class': 'Ljava/util/UUID;',
  'source_method': 'toString()Ljava/lang/String;'},
 {'clss': 'Lcom/tradplus/ads/pushcenter/reqeust/BaseRequest;',
  'method': 'initBaseRequest(Landroid/content/Context;Ljava/lang/String;)V',
  'name': ['UUID'],
  'num': 691,
  'source_class': 'Ljava/util/UUID;',
  'source_method': 'toString()Ljava/lang/String;'},
 {'clss': 'Lcom/tradplus/ads/core/track/LoadLifecycleCallback;',
  'method': '<init>(Ljava/lang/String;Lcom/tradplus/ads/core/track/LoadAdListener;)V',
  'name': ['UUID'],
  'num': 46,
  'source_class': 'Ljava/util/UUID;',
  'source_method': 'toString()Ljava/lang/String;'},
 {'clss': 'Lcom/tradplus/ads/pushcenter/reqeust/BaseRequest;',
  'method': 'initBaseRequest(Landroid/content/Context;Ljava/lang/String;)V',
  'name': ['UUID'],
  'num': 691,
  'source_class': 'Ljava/util/UUID;',
  'source_method': 'toString()Ljava/lang/String;'},
 {'clss': 'Lcom/tradplus/ads/pushcenter/reqeust/BaseRequest;',
  'method': 'initBaseRequest(Landroid/content/Context;Ljava/lang/String;)V',
  'name': ['UUID'],
  'num': 691,
  'source_class': 'Ljava/util/UUID;',
  'source_method': 'toString()Ljava/lang/String;'},
 {'clss': 'Lcom/tradplus/ads/base/network/TPAdUrlGenerator;',
  'method': 'getParamData()Ljava/lang/String;',
  'name': ['UUID'],
  'num': 995,
  'source_class': 'Ljava/lang/StringBuilder;',
  'source_method': 'toString()Ljava/lang/String;'},
 {'clss': 'Lcom/tradplus/ads/base/network/TPHttpBuilder;',
  'method': '<init>(Ljava/lang/String;Ljava/lang/String;Ljava/lang/String;Z)V',
  'name': ['UUID'],
  'num': 173,
  'source_class': 'Ljava/lang/StringBuilder;',
  'source_method': 'toString()Ljava/lang/String;'},
 {'clss': 'Lcom/tradplus/ads/base/network/TPAdUrlGenerator;',
  'method': 'getParamData()Ljava/lang/String;',
  'name': ['UUID'],
  'num': 995,
  'source_class': 'Ljava/lang/StringBuilder;',
  'source_method': 'toString()Ljava/lang/String;'},
 {'clss': 'Lcom/tradplus/ads/base/network/TPHttpBuilder;',
  'method': '<init>(Ljava/lang/String;Ljava/lang/String;Ljava/lang/String;Z)V',
  'name': ['UUID'],
  'num': 173,
  'source_class': 'Ljava/lang/StringBuilder;',
  'source_method': 'toString()Ljava/lang/String;'},
 {'clss': 'Lcom/tradplus/ads/base/network/TPHttpGetRequest;',
  'method': 'generateURL()Ljava/lang/String;',
  'name': ['UUID'],
  'num': 71,
  'source_class': 'Ljava/lang/StringBuilder;',
  'source_method': 'toString()Ljava/lang/String;'},
 {'clss': 'Lcom/tradplus/ads/base/network/TPHttpGetRequest;',
  'method': 'generateURL()Ljava/lang/String;',
  'name': ['UUID'],
  'num': 83,
  'source_class': 'Ljava/lang/StringBuilder;',
  'source_method': 'toString()Ljava/lang/String;'},
 {'clss': 'Lcom/tradplus/ads/base/network/TPHttpGetRequest;',
  'method': 'generateURL()Ljava/lang/String;',
  'name': ['UUID'],
  'num': 87,
  'source_class': 'Ljava/lang/String;',
  'source_method': 'valueOf(Ljava/lang/Object;)Ljava/lang/String;'},
 {'clss': 'Lcom/tradplus/ads/pushcenter/reqeust/BaseRequest;',
  'method': 'initBaseRequest(Landroid/content/Context;Ljava/lang/String;)V',
  'name': ['UUID'],
  'num': 691,
  'source_class': 'Ljava/util/UUID;',
  'source_method': 'toString()Ljava/lang/String;'},
 {'clss': 'Lcom/tradplus/ads/pushcenter/reqeust/BaseRequest;',
  'method': 'initBaseRequest(Landroid/content/Context;Ljava/lang/String;)V',
  'name': ['UUID'],
  'num': 691,
  'source_class': 'Ljava/util/UUID;',
  'source_method': 'toString()Ljava/lang/String;'},
 {'clss': 'Lcom/tradplus/ads/base/network/TPHttpGetRequest;',
  'method': 'generateURL()Ljava/lang/String;',
  'name': ['UUID'],
  'num': 93,
  'source_class': 'Ljava/lang/String;',
  'source_method': 'concat(Ljava/lang/String;)Ljava/lang/String;'},
 {'clss': 'Lcom/tradplus/ads/base/network/TPAdUrlGenerator;',
  'method': 'getParamData()Ljava/lang/String;',
  'name': ['UUID'],
  'num': 995,
  'source_class': 'Ljava/lang/StringBuilder;',
  'source_method': 'toString()Ljava/lang/String;'},
 {'clss': 'Lcom/tradplus/ads/base/network/TPHttpBuilder;',
  'method': '<init>(Ljava/lang/String;Ljava/lang/String;Ljava/lang/String;Z)V',
  'name': ['UUID'],
  'num': 173,
  'source_class': 'Ljava/lang/StringBuilder;',
  'source_method': 'toString()Ljava/lang/String;'},
 {'clss': 'Lcom/tradplus/ads/base/network/TPAdUrlGenerator;',
  'method': 'getParamData()Ljava/lang/String;',
  'name': ['UUID'],
  'num': 995,
  'source_class': 'Ljava/lang/StringBuilder;',
  'source_method': 'toString()Ljava/lang/String;'},
 {'clss': 'Lcom/tradplus/ads/base/network/TPHttpBuilder;',
  'method': '<init>(Ljava/lang/String;Ljava/lang/String;Ljava/lang/String;Z)V',
  'name': ['UUID'],
  'num': 173,
  'source_class': 'Ljava/lang/StringBuilder;',
  'source_method': 'toString()Ljava/lang/String;'},
 {'clss': 'Lcom/tradplus/ads/pushcenter/http/PushCenterHttpUtils;',
  'method': 'pushSingleMessage(Ljava/lang/String;Ljava/lang/Object;Lcom/tradplus/ads/pushcenter/http/Listener;)V',
  'name': ['UUID'],
  'num': 325,
  'source_class': 'Ljava/lang/StringBuilder;',
  'source_method': 'toString()Ljava/lang/String;'},
 {'clss': 'Lcom/tradplus/ads/base/network/TPHttpBuilder;',
  'method': '<init>(Ljava/lang/String;Ljava/lang/String;Ljava/lang/String;Z)V',
  'name': ['UUID'],
  'num': 173,
  'source_class': 'Ljava/lang/StringBuilder;',
  'source_method': 'toString()Ljava/lang/String;'},
 {'clss': 'Lcom/tradplus/ads/base/db/StoreManager;',
  'method': 'saveEvent(Lcom/tradplus/ads/pushcenter/reqeust/BaseRequest;)V',
  'name': ['UUID'],
  'num': 1652,
  'source_class': 'Ljava/util/UUID;',
  'source_method': 'toString()Ljava/lang/String;'}]
Sinks
[{"smali_tag": "24339_119", "clss": "Lcom/tradplus/ads/base/network/BaseHttpRequest;", "method": "requestWithUrl(Ljava/lang/String;)V", "num": 119, "sink_class": "Ljava/net/URL;", "sink_method": "<init>(Ljava/lang/String;)V", "sink_values": ["https"], "sources": ["UUID"], "returned_value": null}, {"smali_tag": "24334_972", "clss": "Lcom/tradplus/ads/base/network/TPAdUrlGenerator;", "method": "getParamData()Ljava/lang/String;", "num": 972, "sink_class": "Ljava/net/URLEncoder;", "sink_method": "encode(Ljava/lang/String;Ljava/lang/String;)Ljava/lang/String;", "sink_values": ["US"], "sources": ["UUID"], "returned_value": null}, {"smali_tag": "24334_972", "clss": "Lcom/tradplus/ads/base/network/TPAdUrlGenerator;", "method": "getParamData()Ljava/lang/String;", "num": 972, "sink_class": "Ljava/net/URLEncoder;", "sink_method": "encode(Ljava/lang/String;Ljava/lang/String;)Ljava/lang/String;", "sink_values": ["9.8.0.1"], "sources": ["UUID"], "returned_value": null}, {"smali_tag": "24334_972", "clss": "Lcom/tradplus/ads/base/network/TPAdUrlGenerator;", "method": "getParamData()Ljava/lang/String;", "num": 972, "sink_class": "Ljava/net/URLEncoder;", "sink_method": "encode(Ljava/lang/String;Ljava/lang/String;)Ljava/lang/String;", "sink_values": ["1"], "sources": ["UUID"], "returned_value": null}, {"smali_tag": "24334_972", "clss": "Lcom/tradplus/ads/base/network/TPAdUrlGenerator;", "method": "getParamData()Ljava/lang/String;", "num": 972, "sink_class": "Ljava/net/URLEncoder;", "sink_method": "encode(Ljava/lang/String;Ljava/lang/String;)Ljava/lang/String;", "sink_values": ["1"], "sources": ["UUID"], "returned_value": null}, {"smali_tag": "24334_972", "clss": "Lcom/tradplus/ads/base/network/TPAdUrlGenerator;", "method": "getParamData()Ljava/lang/String;", "num": 972, "sink_class": "Ljava/net/URLEncoder;", "sink_method": "encode(Ljava/lang/String;Ljava/lang/String;)Ljava/lang/String;", "sink_values": ["com.tradplus.demo"], "sources": ["UUID"], "returned_value": null}, {"smali_tag": "24334_972", "clss": "Lcom/tradplus/ads/base/network/TPAdUrlGenerator;", "method": "getParamData()Ljava/lang/String;", "num": 972, "sink_class": "Ljava/net/URLEncoder;", "sink_method": "encode(Ljava/lang/String;Ljava/lang/String;)Ljava/lang/String;", "sink_values": ["Android"], "sources": ["UUID"], "returned_value": null}, {"smali_tag": "24334_972", "clss": "Lcom/tradplus/ads/base/network/TPAdUrlGenerator;", "method": "getParamData()Ljava/lang/String;", "num": 972, "sink_class": "Ljava/net/URLEncoder;", "sink_method": "encode(Ljava/lang/String;Ljava/lang/String;)Ljava/lang/String;", "sink_values": ["UID-61514569-43b4-4d11-b2c5-1233c7669914"], "sources": ["UUID"], "returned_value": null}, {"smali_tag": "24334_972", "clss": "Lcom/tradplus/ads/base/network/TPAdUrlGenerator;", "method": "getParamData()Ljava/lang/String;", "num": 972, "sink_class": "Ljava/net/URLEncoder;", "sink_method": "encode(Ljava/lang/String;Ljava/lang/String;)Ljava/lang/String;", "sink_values": ["UID-61514569-43b4-4d11-b2c5-1233c7669914"], "sources": ["UUID"], "returned_value": null}, {"smali_tag": "24339_119", "clss": "Lcom/tradplus/ads/base/network/BaseHttpRequest;", "method": "requestWithUrl(Ljava/lang/String;)V", "num": 119, "sink_class": "Ljava/net/URL;", "sink_method": "<init>(Ljava/lang/String;)V", "sink_values": ["https"], "sources": ["UUID"], "returned_value": null}, {"smali_tag": "24334_972", "clss": "Lcom/tradplus/ads/base/network/TPAdUrlGenerator;", "method": "getParamData()Ljava/lang/String;", "num": 972, "sink_class": "Ljava/net/URLEncoder;", "sink_method": "encode(Ljava/lang/String;Ljava/lang/String;)Ljava/lang/String;", "sink_values": ["8"], "sources": ["UUID"], "returned_value": null}, {"smali_tag": "24334_972", "clss": "Lcom/tradplus/ads/base/network/TPAdUrlGenerator;", "method": "getParamData()Ljava/lang/String;", "num": 972, "sink_class": "Ljava/net/URLEncoder;", "sink_method": "encode(Ljava/lang/String;Ljava/lang/String;)Ljava/lang/String;", "sink_values": ["US"], "sources": ["UUID"], "returned_value": null}, {"smali_tag": "24334_972", "clss": "Lcom/tradplus/ads/base/network/TPAdUrlGenerator;", "method": "getParamData()Ljava/lang/String;", "num": 972, "sink_class": "Ljava/net/URLEncoder;", "sink_method": "encode(Ljava/lang/String;Ljava/lang/String;)Ljava/lang/String;", "sink_values": ["9.8.0.1"], "sources": ["UUID"], "returned_value": null}, {"smali_tag": "24334_972", "clss": "Lcom/tradplus/ads/base/network/TPAdUrlGenerator;", "method": "getParamData()Ljava/lang/String;", "num": 972, "sink_class": "Ljava/net/URLEncoder;", "sink_method": "encode(Ljava/lang/String;Ljava/lang/String;)Ljava/lang/String;", "sink_values": ["US"], "sources": ["UUID"], "returned_value": null}, {"smali_tag": "24334_972", "clss": "Lcom/tradplus/ads/base/network/TPAdUrlGenerator;", "method": "getParamData()Ljava/lang/String;", "num": 972, "sink_class": "Ljava/net/URLEncoder;", "sink_method": "encode(Ljava/lang/String;Ljava/lang/String;)Ljava/lang/String;", "sink_values": ["9.8.0.1"], "sources": ["UUID"], "returned_value": null}, {"smali_tag": "24334_972", "clss": "Lcom/tradplus/ads/base/network/TPAdUrlGenerator;", "method": "getParamData()Ljava/lang/String;", "num": 972, "sink_class": "Ljava/net/URLEncoder;", "sink_method": "encode(Ljava/lang/String;Ljava/lang/String;)Ljava/lang/String;", "sink_values": ["1"], "sources": ["UUID"], "returned_value": null}, {"smali_tag": "24334_972", "clss": "Lcom/tradplus/ads/base/network/TPAdUrlGenerator;", "method": "getParamData()Ljava/lang/String;", "num": 972, "sink_class": "Ljava/net/URLEncoder;", "sink_method": "encode(Ljava/lang/String;Ljava/lang/String;)Ljava/lang/String;", "sink_values": ["en"], "sources": ["UUID"], "returned_value": null}, {"smali_tag": "24334_972", "clss": "Lcom/tradplus/ads/base/network/TPAdUrlGenerator;", "method": "getParamData()Ljava/lang/String;", "num": 972, "sink_class": "Ljava/net/URLEncoder;", "sink_method": "encode(Ljava/lang/String;Ljava/lang/String;)Ljava/lang/String;", "sink_values": ["com.tradplus.demo"], "sources": ["UUID"], "returned_value": null}, {"smali_tag": "24334_972", "clss": "Lcom/tradplus/ads/base/network/TPAdUrlGenerator;", "method": "getParamData()Ljava/lang/String;", "num": 972, "sink_class": "Ljava/net/URLEncoder;", "sink_method": "encode(Ljava/lang/String;Ljava/lang/String;)Ljava/lang/String;", "sink_values": ["8"], "sources": ["UUID"], "returned_value": null}, {"smali_tag": "24334_972", "clss": "Lcom/tradplus/ads/base/network/TPAdUrlGenerator;", "method": "getParamData()Ljava/lang/String;", "num": 972, "sink_class": "Ljava/net/URLEncoder;", "sink_method": "encode(Ljava/lang/String;Ljava/lang/String;)Ljava/lang/String;", "sink_values": ["1696849982"], "sources": ["UUID"], "returned_value": null}, {"smali_tag": "24334_972", "clss": "Lcom/tradplus/ads/base/network/TPAdUrlGenerator;", "method": "getParamData()Ljava/lang/String;", "num": 972, "sink_class": "Ljava/net/URLEncoder;", "sink_method": "encode(Ljava/lang/String;Ljava/lang/String;)Ljava/lang/String;", "sink_values": ["en"], "sources": ["UUID"], "returned_value": null}, {"smali_tag": "24334_972", "clss": "Lcom/tradplus/ads/base/network/TPAdUrlGenerator;", "method": "getParamData()Ljava/lang/String;", "num": 972, "sink_class": "Ljava/net/URLEncoder;", "sink_method": "encode(Ljava/lang/String;Ljava/lang/String;)Ljava/lang/String;", "sink_values": ["com.tradplus.demo"], "sources": ["UUID"], "returned_value": null}, {"smali_tag": "24334_972", "clss": "Lcom/tradplus/ads/base/network/TPAdUrlGenerator;", "method": "getParamData()Ljava/lang/String;", "num": 972, "sink_class": "Ljava/net/URLEncoder;", "sink_method": "encode(Ljava/lang/String;Ljava/lang/String;)Ljava/lang/String;", "sink_values": ["UID-61514569-43b4-4d11-b2c5-1233c7669914"], "sources": ["UUID"], "returned_value": null}, {"smali_tag": "24334_972", "clss": "Lcom/tradplus/ads/base/network/TPAdUrlGenerator;", "method": "getParamData()Ljava/lang/String;", "num": 972, "sink_class": "Ljava/net/URLEncoder;", "sink_method": "encode(Ljava/lang/String;Ljava/lang/String;)Ljava/lang/String;", "sink_values": ["UID-61514569-43b4-4d11-b2c5-1233c7669914"], "sources": ["UUID"], "returned_value": null}, {"smali_tag": "24334_972", "clss": "Lcom/tradplus/ads/base/network/TPAdUrlGenerator;", "method": "getParamData()Ljava/lang/String;", "num": 972, "sink_class": "Ljava/net/URLEncoder;", "sink_method": "encode(Ljava/lang/String;Ljava/lang/String;)Ljava/lang/String;", "sink_values": ["9.8.0.1"], "sources": ["UUID"], "returned_value": null}, {"smali_tag": "24334_972", "clss": "Lcom/tradplus/ads/base/network/TPAdUrlGenerator;", "method": "getParamData()Ljava/lang/String;", "num": 972, "sink_class": "Ljava/net/URLEncoder;", "sink_method": "encode(Ljava/lang/String;Ljava/lang/String;)Ljava/lang/String;", "sink_values": ["E609A0A67AF53299F2176C3A7783C46D"], "sources": ["UUID"], "returned_value": null}, {"smali_tag": "24334_972", "clss": "Lcom/tradplus/ads/base/network/TPAdUrlGenerator;", "method": "getParamData()Ljava/lang/String;", "num": 972, "sink_class": "Ljava/net/URLEncoder;", "sink_method": "encode(Ljava/lang/String;Ljava/lang/String;)Ljava/lang/String;", "sink_values": ["UID-61514569-43b4-4d11-b2c5-1233c7669914"], "sources": ["UUID"], "returned_value": null}, {"smali_tag": "24334_972", "clss": "Lcom/tradplus/ads/base/network/TPAdUrlGenerator;", "method": "getParamData()Ljava/lang/String;", "num": 972, "sink_class": "Ljava/net/URLEncoder;", "sink_method": "encode(Ljava/lang/String;Ljava/lang/String;)Ljava/lang/String;", "sink_values": ["12"], "sources": ["UUID"], "returned_value": null}, {"smali_tag": "24334_972", "clss": "Lcom/tradplus/ads/base/network/TPAdUrlGenerator;", "method": "getParamData()Ljava/lang/String;", "num": 972, "sink_class": "Ljava/net/URLEncoder;", "sink_method": "encode(Ljava/lang/String;Ljava/lang/String;)Ljava/lang/String;", "sink_values": ["UID-61514569-43b4-4d11-b2c5-1233c7669914"], "sources": ["UUID"], "returned_value": null}, {"smali_tag": "24339_119", "clss": "Lcom/tradplus/ads/base/network/BaseHttpRequest;", "method": "requestWithUrl(Ljava/lang/String;)V", "num": 119, "sink_class": "Ljava/net/URL;", "sink_method": "<init>(Ljava/lang/String;)V", "sink_values": ["https"], "sources": ["UUID"], "returned_value": null}, {"smali_tag": "24339_119", "clss": "Lcom/tradplus/ads/base/network/BaseHttpRequest;", "method": "requestWithUrl(Ljava/lang/String;)V", "num": 119, "sink_class": "Ljava/net/URL;", "sink_method": "<init>(Ljava/lang/String;)V", "sink_values": ["https"], "sources": ["UUID"], "returned_value": null}, {"smali_tag": "24334_972", "clss": "Lcom/tradplus/ads/base/network/TPAdUrlGenerator;", "method": "getParamData()Ljava/lang/String;", "num": 972, "sink_class": "Ljava/net/URLEncoder;", "sink_method": "encode(Ljava/lang/String;Ljava/lang/String;)Ljava/lang/String;", "sink_values": ["US"], "sources": ["UUID"], "returned_value": null}, {"smali_tag": "24334_972", "clss": "Lcom/tradplus/ads/base/network/TPAdUrlGenerator;", "method": "getParamData()Ljava/lang/String;", "num": 972, "sink_class": "Ljava/net/URLEncoder;", "sink_method": "encode(Ljava/lang/String;Ljava/lang/String;)Ljava/lang/String;", "sink_values": ["9.8.0.1"], "sources": ["UUID"], "returned_value": null}, {"smali_tag": "24334_972", "clss": "Lcom/tradplus/ads/base/network/TPAdUrlGenerator;", "method": "getParamData()Ljava/lang/String;", "num": 972, "sink_class": "Ljava/net/URLEncoder;", "sink_method": "encode(Ljava/lang/String;Ljava/lang/String;)Ljava/lang/String;", "sink_values": ["1"], "sources": ["UUID"], "returned_value": null}, {"smali_tag": "24334_972", "clss": "Lcom/tradplus/ads/base/network/TPAdUrlGenerator;", "method": "getParamData()Ljava/lang/String;", "num": 972, "sink_class": "Ljava/net/URLEncoder;", "sink_method": "encode(Ljava/lang/String;Ljava/lang/String;)Ljava/lang/String;", "sink_values": ["8"], "sources": ["UUID"], "returned_value": null}, {"smali_tag": "24334_972", "clss": "Lcom/tradplus/ads/base/network/TPAdUrlGenerator;", "method": "getParamData()Ljava/lang/String;", "num": 972, "sink_class": "Ljava/net/URLEncoder;", "sink_method": "encode(Ljava/lang/String;Ljava/lang/String;)Ljava/lang/String;", "sink_values": ["1"], "sources": ["UUID"], "returned_value": null}, {"smali_tag": "24334_972", "clss": "Lcom/tradplus/ads/base/network/TPAdUrlGenerator;", "method": "getParamData()Ljava/lang/String;", "num": 972, "sink_class": "Ljava/net/URLEncoder;", "sink_method": "encode(Ljava/lang/String;Ljava/lang/String;)Ljava/lang/String;", "sink_values": ["1696849982"], "sources": ["UUID"], "returned_value": null}, {"smali_tag": "24334_972", "clss": "Lcom/tradplus/ads/base/network/TPAdUrlGenerator;", "method": "getParamData()Ljava/lang/String;", "num": 972, "sink_class": "Ljava/net/URLEncoder;", "sink_method": "encode(Ljava/lang/String;Ljava/lang/String;)Ljava/lang/String;", "sink_values": ["en"], "sources": ["UUID"], "returned_value": null}, {"smali_tag": "24334_972", "clss": "Lcom/tradplus/ads/base/network/TPAdUrlGenerator;", "method": "getParamData()Ljava/lang/String;", "num": 972, "sink_class": "Ljava/net/URLEncoder;", "sink_method": "encode(Ljava/lang/String;Ljava/lang/String;)Ljava/lang/String;", "sink_values": ["com.tradplus.demo"], "sources": ["UUID"], "returned_value": null}, {"smali_tag": "24334_972", "clss": "Lcom/tradplus/ads/base/network/TPAdUrlGenerator;", "method": "getParamData()Ljava/lang/String;", "num": 972, "sink_class": "Ljava/net/URLEncoder;", "sink_method": "encode(Ljava/lang/String;Ljava/lang/String;)Ljava/lang/String;", "sink_values": ["9.8.0.1"], "sources": ["UUID"], "returned_value": null}, {"smali_tag": "24334_972", "clss": "Lcom/tradplus/ads/base/network/TPAdUrlGenerator;", "method": "getParamData()Ljava/lang/String;", "num": 972, "sink_class": "Ljava/net/URLEncoder;", "sink_method": "encode(Ljava/lang/String;Ljava/lang/String;)Ljava/lang/String;", "sink_values": ["UID-61514569-43b4-4d11-b2c5-1233c7669914"], "sources": ["UUID"], "returned_value": null}, {"smali_tag": "24334_972", "clss": "Lcom/tradplus/ads/base/network/TPAdUrlGenerator;", "method": "getParamData()Ljava/lang/String;", "num": 972, "sink_class": "Ljava/net/URLEncoder;", "sink_method": "encode(Ljava/lang/String;Ljava/lang/String;)Ljava/lang/String;", "sink_values": ["12"], "sources": ["UUID"], "returned_value": null}, {"smali_tag": "24334_972", "clss": "Lcom/tradplus/ads/base/network/TPAdUrlGenerator;", "method": "getParamData()Ljava/lang/String;", "num": 972, "sink_class": "Ljava/net/URLEncoder;", "sink_method": "encode(Ljava/lang/String;Ljava/lang/String;)Ljava/lang/String;", "sink_values": ["UID-61514569-43b4-4d11-b2c5-1233c7669914"], "sources": ["UUID"], "returned_value": null}, {"smali_tag": "24334_972", "clss": "Lcom/tradplus/ads/base/network/TPAdUrlGenerator;", "method": "getParamData()Ljava/lang/String;", "num": 972, "sink_class": "Ljava/net/URLEncoder;", "sink_method": "encode(Ljava/lang/String;Ljava/lang/String;)Ljava/lang/String;", "sink_values": ["US"], "sources": ["UUID"], "returned_value": null}, {"smali_tag": "24334_972", "clss": "Lcom/tradplus/ads/base/network/TPAdUrlGenerator;", "method": "getParamData()Ljava/lang/String;", "num": 972, "sink_class": "Ljava/net/URLEncoder;", "sink_method": "encode(Ljava/lang/String;Ljava/lang/String;)Ljava/lang/String;", "sink_values": ["9.8.0.1"], "sources": ["UUID"], "returned_value": null}, {"smali_tag": "24334_972", "clss": "Lcom/tradplus/ads/base/network/TPAdUrlGenerator;", "method": "getParamData()Ljava/lang/String;", "num": 972, "sink_class": "Ljava/net/URLEncoder;", "sink_method": "encode(Ljava/lang/String;Ljava/lang/String;)Ljava/lang/String;", "sink_values": ["1"], "sources": ["UUID"], "returned_value": null}, {"smali_tag": "24334_972", "clss": "Lcom/tradplus/ads/base/network/TPAdUrlGenerator;", "method": "getParamData()Ljava/lang/String;", "num": 972, "sink_class": "Ljava/net/URLEncoder;", "sink_method": "encode(Ljava/lang/String;Ljava/lang/String;)Ljava/lang/String;", "sink_values": ["8"], "sources": ["UUID"], "returned_value": null}, {"smali_tag": "24334_972", "clss": "Lcom/tradplus/ads/base/network/TPAdUrlGenerator;", "method": "getParamData()Ljava/lang/String;", "num": 972, "sink_class": "Ljava/net/URLEncoder;", "sink_method": "encode(Ljava/lang/String;Ljava/lang/String;)Ljava/lang/String;", "sink_values": ["1"], "sources": ["UUID"], "returned_value": null}, {"smali_tag": "24334_972", "clss": "Lcom/tradplus/ads/base/network/TPAdUrlGenerator;", "method": "getParamData()Ljava/lang/String;", "num": 972, "sink_class": "Ljava/net/URLEncoder;", "sink_method": "encode(Ljava/lang/String;Ljava/lang/String;)Ljava/lang/String;", "sink_values": ["1696849982"], "sources": ["UUID"], "returned_value": null}, {"smali_tag": "24334_972", "clss": "Lcom/tradplus/ads/base/network/TPAdUrlGenerator;", "method": "getParamData()Ljava/lang/String;", "num": 972, "sink_class": "Ljava/net/URLEncoder;", "sink_method": "encode(Ljava/lang/String;Ljava/lang/String;)Ljava/lang/String;", "sink_values": ["en"], "sources": ["UUID"], "returned_value": null}, {"smali_tag": "24334_972", "clss": "Lcom/tradplus/ads/base/network/TPAdUrlGenerator;", "method": "getParamData()Ljava/lang/String;", "num": 972, "sink_class": "Ljava/net/URLEncoder;", "sink_method": "encode(Ljava/lang/String;Ljava/lang/String;)Ljava/lang/String;", "sink_values": ["com.tradplus.demo"], "sources": ["UUID"], "returned_value": null}, {"smali_tag": "24334_972", "clss": "Lcom/tradplus/ads/base/network/TPAdUrlGenerator;", "method": "getParamData()Ljava/lang/String;", "num": 972, "sink_class": "Ljava/net/URLEncoder;", "sink_method": "encode(Ljava/lang/String;Ljava/lang/String;)Ljava/lang/String;", "sink_values": ["9.8.0.1"], "sources": ["UUID"], "returned_value": null}, {"smali_tag": "24334_972", "clss": "Lcom/tradplus/ads/base/network/TPAdUrlGenerator;", "method": "getParamData()Ljava/lang/String;", "num": 972, "sink_class": "Ljava/net/URLEncoder;", "sink_method": "encode(Ljava/lang/String;Ljava/lang/String;)Ljava/lang/String;", "sink_values": ["39DAC7EAC046676C5404004A311D1DB1"], "sources": ["UUID"], "returned_value": null}, {"smali_tag": "24334_972", "clss": "Lcom/tradplus/ads/base/network/TPAdUrlGenerator;", "method": "getParamData()Ljava/lang/String;", "num": 972, "sink_class": "Ljava/net/URLEncoder;", "sink_method": "encode(Ljava/lang/String;Ljava/lang/String;)Ljava/lang/String;", "sink_values": ["UID-61514569-43b4-4d11-b2c5-1233c7669914"], "sources": ["UUID"], "returned_value": null}, {"smali_tag": "24334_972", "clss": "Lcom/tradplus/ads/base/network/TPAdUrlGenerator;", "method": "getParamData()Ljava/lang/String;", "num": 972, "sink_class": "Ljava/net/URLEncoder;", "sink_method": "encode(Ljava/lang/String;Ljava/lang/String;)Ljava/lang/String;", "sink_values": ["12"], "sources": ["UUID"], "returned_value": null}, {"smali_tag": "24334_972", "clss": "Lcom/tradplus/ads/base/network/TPAdUrlGenerator;", "method": "getParamData()Ljava/lang/String;", "num": 972, "sink_class": "Ljava/net/URLEncoder;", "sink_method": "encode(Ljava/lang/String;Ljava/lang/String;)Ljava/lang/String;", "sink_values": ["UID-61514569-43b4-4d11-b2c5-1233c7669914"], "sources": ["UUID"], "returned_value": null}, {"smali_tag": "24334_972", "clss": "Lcom/tradplus/ads/base/network/TPAdUrlGenerator;", "method": "getParamData()Ljava/lang/String;", "num": 972, "sink_class": "Ljava/net/URLEncoder;", "sink_method": "encode(Ljava/lang/String;Ljava/lang/String;)Ljava/lang/String;", "sink_values": ["US"], "sources": ["UUID"], "returned_value": null}, {"smali_tag": "24334_972", "clss": "Lcom/tradplus/ads/base/network/TPAdUrlGenerator;", "method": "getParamData()Ljava/lang/String;", "num": 972, "sink_class": "Ljava/net/URLEncoder;", "sink_method": "encode(Ljava/lang/String;Ljava/lang/String;)Ljava/lang/String;", "sink_values": ["9.8.0.1"], "sources": ["UUID"], "returned_value": null}, {"smali_tag": "24334_972", "clss": "Lcom/tradplus/ads/base/network/TPAdUrlGenerator;", "method": "getParamData()Ljava/lang/String;", "num": 972, "sink_class": "Ljava/net/URLEncoder;", "sink_method": "encode(Ljava/lang/String;Ljava/lang/String;)Ljava/lang/String;", "sink_values": ["1"], "sources": ["UUID"], "returned_value": null}, {"smali_tag": "24334_972", "clss": "Lcom/tradplus/ads/base/network/TPAdUrlGenerator;", "method": "getParamData()Ljava/lang/String;", "num": 972, "sink_class": "Ljava/net/URLEncoder;", "sink_method": "encode(Ljava/lang/String;Ljava/lang/String;)Ljava/lang/String;", "sink_values": ["8"], "sources": ["UUID"], "returned_value": null}, {"smali_tag": "24334_972", "clss": "Lcom/tradplus/ads/base/network/TPAdUrlGenerator;", "method": "getParamData()Ljava/lang/String;", "num": 972, "sink_class": "Ljava/net/URLEncoder;", "sink_method": "encode(Ljava/lang/String;Ljava/lang/String;)Ljava/lang/String;", "sink_values": ["1"], "sources": ["UUID"], "returned_value": null}, {"smali_tag": "24334_972", "clss": "Lcom/tradplus/ads/base/network/TPAdUrlGenerator;", "method": "getParamData()Ljava/lang/String;", "num": 972, "sink_class": "Ljava/net/URLEncoder;", "sink_method": "encode(Ljava/lang/String;Ljava/lang/String;)Ljava/lang/String;", "sink_values": ["1696849982"], "sources": ["UUID"], "returned_value": null}, {"smali_tag": "24334_972", "clss": "Lcom/tradplus/ads/base/network/TPAdUrlGenerator;", "method": "getParamData()Ljava/lang/String;", "num": 972, "sink_class": "Ljava/net/URLEncoder;", "sink_method": "encode(Ljava/lang/String;Ljava/lang/String;)Ljava/lang/String;", "sink_values": ["en"], "sources": ["UUID"], "returned_value": null}, {"smali_tag": "24334_972", "clss": "Lcom/tradplus/ads/base/network/TPAdUrlGenerator;", "method": "getParamData()Ljava/lang/String;", "num": 972, "sink_class": "Ljava/net/URLEncoder;", "sink_method": "encode(Ljava/lang/String;Ljava/lang/String;)Ljava/lang/String;", "sink_values": ["com.tradplus.demo"], "sources": ["UUID"], "returned_value": null}, {"smali_tag": "24334_972", "clss": "Lcom/tradplus/ads/base/network/TPAdUrlGenerator;", "method": "getParamData()Ljava/lang/String;", "num": 972, "sink_class": "Ljava/net/URLEncoder;", "sink_method": "encode(Ljava/lang/String;Ljava/lang/String;)Ljava/lang/String;", "sink_values": ["9.8.0.1"], "sources": ["UUID"], "returned_value": null}, {"smali_tag": "24334_972", "clss": "Lcom/tradplus/ads/base/network/TPAdUrlGenerator;", "method": "getParamData()Ljava/lang/String;", "num": 972, "sink_class": "Ljava/net/URLEncoder;", "sink_method": "encode(Ljava/lang/String;Ljava/lang/String;)Ljava/lang/String;", "sink_values": ["UID-61514569-43b4-4d11-b2c5-1233c7669914"], "sources": ["UUID"], "returned_value": null}, {"smali_tag": "24334_972", "clss": "Lcom/tradplus/ads/base/network/TPAdUrlGenerator;", "method": "getParamData()Ljava/lang/String;", "num": 972, "sink_class": "Ljava/net/URLEncoder;", "sink_method": "encode(Ljava/lang/String;Ljava/lang/String;)Ljava/lang/String;", "sink_values": ["12"], "sources": ["UUID"], "returned_value": null}, {"smali_tag": "24334_972", "clss": "Lcom/tradplus/ads/base/network/TPAdUrlGenerator;", "method": "getParamData()Ljava/lang/String;", "num": 972, "sink_class": "Ljava/net/URLEncoder;", "sink_method": "encode(Ljava/lang/String;Ljava/lang/String;)Ljava/lang/String;", "sink_values": ["UID-61514569-43b4-4d11-b2c5-1233c7669914"], "sources": ["UUID"], "returned_value": null}, {"smali_tag": "24334_972", "clss": "Lcom/tradplus/ads/base/network/TPAdUrlGenerator;", "method": "getParamData()Ljava/lang/String;", "num": 972, "sink_class": "Ljava/net/URLEncoder;", "sink_method": "encode(Ljava/lang/String;Ljava/lang/String;)Ljava/lang/String;", "sink_values": ["US"], "sources": ["UUID"], "returned_value": null}, {"smali_tag": "24334_972", "clss": "Lcom/tradplus/ads/base/network/TPAdUrlGenerator;", "method": "getParamData()Ljava/lang/String;", "num": 972, "sink_class": "Ljava/net/URLEncoder;", "sink_method": "encode(Ljava/lang/String;Ljava/lang/String;)Ljava/lang/String;", "sink_values": ["9.8.0.1"], "sources": ["UUID"], "returned_value": null}, {"smali_tag": "24334_972", "clss": "Lcom/tradplus/ads/base/network/TPAdUrlGenerator;", "method": "getParamData()Ljava/lang/String;", "num": 972, "sink_class": "Ljava/net/URLEncoder;", "sink_method": "encode(Ljava/lang/String;Ljava/lang/String;)Ljava/lang/String;", "sink_values": ["1"], "sources": ["UUID"], "returned_value": null}, {"smali_tag": "24334_972", "clss": "Lcom/tradplus/ads/base/network/TPAdUrlGenerator;", "method": "getParamData()Ljava/lang/String;", "num": 972, "sink_class": "Ljava/net/URLEncoder;", "sink_method": "encode(Ljava/lang/String;Ljava/lang/String;)Ljava/lang/String;", "sink_values": ["8"], "sources": ["UUID"], "returned_value": null}, {"smali_tag": "24334_972", "clss": "Lcom/tradplus/ads/base/network/TPAdUrlGenerator;", "method": "getParamData()Ljava/lang/String;", "num": 972, "sink_class": "Ljava/net/URLEncoder;", "sink_method": "encode(Ljava/lang/String;Ljava/lang/String;)Ljava/lang/String;", "sink_values": ["1"], "sources": ["UUID"], "returned_value": null}, {"smali_tag": "24334_972", "clss": "Lcom/tradplus/ads/base/network/TPAdUrlGenerator;", "method": "getParamData()Ljava/lang/String;", "num": 972, "sink_class": "Ljava/net/URLEncoder;", "sink_method": "encode(Ljava/lang/String;Ljava/lang/String;)Ljava/lang/String;", "sink_values": ["1696849982"], "sources": ["UUID"], "returned_value": null}, {"smali_tag": "24334_972", "clss": "Lcom/tradplus/ads/base/network/TPAdUrlGenerator;", "method": "getParamData()Ljava/lang/String;", "num": 972, "sink_class": "Ljava/net/URLEncoder;", "sink_method": "encode(Ljava/lang/String;Ljava/lang/String;)Ljava/lang/String;", "sink_values": ["en"], "sources": ["UUID"], "returned_value": null}, {"smali_tag": "24334_972", "clss": "Lcom/tradplus/ads/base/network/TPAdUrlGenerator;", "method": "getParamData()Ljava/lang/String;", "num": 972, "sink_class": "Ljava/net/URLEncoder;", "sink_method": "encode(Ljava/lang/String;Ljava/lang/String;)Ljava/lang/String;", "sink_values": ["com.tradplus.demo"], "sources": ["UUID"], "returned_value": null}, {"smali_tag": "24334_972", "clss": "Lcom/tradplus/ads/base/network/TPAdUrlGenerator;", "method": "getParamData()Ljava/lang/String;", "num": 972, "sink_class": "Ljava/net/URLEncoder;", "sink_method": "encode(Ljava/lang/String;Ljava/lang/String;)Ljava/lang/String;", "sink_values": ["9.8.0.1"], "sources": ["UUID"], "returned_value": null}, {"smali_tag": "24334_972", "clss": "Lcom/tradplus/ads/base/network/TPAdUrlGenerator;", "method": "getParamData()Ljava/lang/String;", "num": 972, "sink_class": "Ljava/net/URLEncoder;", "sink_method": "encode(Ljava/lang/String;Ljava/lang/String;)Ljava/lang/String;", "sink_values": ["4F7F1B9288B2FD513C8549A4A9F5D60F"], "sources": ["UUID"], "returned_value": null}, {"smali_tag": "24334_972", "clss": "Lcom/tradplus/ads/base/network/TPAdUrlGenerator;", "method": "getParamData()Ljava/lang/String;", "num": 972, "sink_class": "Ljava/net/URLEncoder;", "sink_method": "encode(Ljava/lang/String;Ljava/lang/String;)Ljava/lang/String;", "sink_values": ["UID-61514569-43b4-4d11-b2c5-1233c7669914"], "sources": ["UUID"], "returned_value": null}, {"smali_tag": "24334_972", "clss": "Lcom/tradplus/ads/base/network/TPAdUrlGenerator;", "method": "getParamData()Ljava/lang/String;", "num": 972, "sink_class": "Ljava/net/URLEncoder;", "sink_method": "encode(Ljava/lang/String;Ljava/lang/String;)Ljava/lang/String;", "sink_values": ["12"], "sources": ["UUID"], "returned_value": null}, {"smali_tag": "24334_972", "clss": "Lcom/tradplus/ads/base/network/TPAdUrlGenerator;", "method": "getParamData()Ljava/lang/String;", "num": 972, "sink_class": "Ljava/net/URLEncoder;", "sink_method": "encode(Ljava/lang/String;Ljava/lang/String;)Ljava/lang/String;", "sink_values": ["UID-61514569-43b4-4d11-b2c5-1233c7669914"], "sources": ["UUID"], "returned_value": null}, {"smali_tag": "24334_972", "clss": "Lcom/tradplus/ads/base/network/TPAdUrlGenerator;", "method": "getParamData()Ljava/lang/String;", "num": 972, "sink_class": "Ljava/net/URLEncoder;", "sink_method": "encode(Ljava/lang/String;Ljava/lang/String;)Ljava/lang/String;", "sink_values": ["US"], "sources": ["UUID"], "returned_value": null}, {"smali_tag": "24334_972", "clss": "Lcom/tradplus/ads/base/network/TPAdUrlGenerator;", "method": "getParamData()Ljava/lang/String;", "num": 972, "sink_class": "Ljava/net/URLEncoder;", "sink_method": "encode(Ljava/lang/String;Ljava/lang/String;)Ljava/lang/String;", "sink_values": ["9.8.0.1"], "sources": ["UUID"], "returned_value": null}, {"smali_tag": "24334_972", "clss": "Lcom/tradplus/ads/base/network/TPAdUrlGenerator;", "method": "getParamData()Ljava/lang/String;", "num": 972, "sink_class": "Ljava/net/URLEncoder;", "sink_method": "encode(Ljava/lang/String;Ljava/lang/String;)Ljava/lang/String;", "sink_values": ["1"], "sources": ["UUID"], "returned_value": null}, {"smali_tag": "24334_972", "clss": "Lcom/tradplus/ads/base/network/TPAdUrlGenerator;", "method": "getParamData()Ljava/lang/String;", "num": 972, "sink_class": "Ljava/net/URLEncoder;", "sink_method": "encode(Ljava/lang/String;Ljava/lang/String;)Ljava/lang/String;", "sink_values": ["8"], "sources": ["UUID"], "returned_value": null}, {"smali_tag": "24334_972", "clss": "Lcom/tradplus/ads/base/network/TPAdUrlGenerator;", "method": "getParamData()Ljava/lang/String;", "num": 972, "sink_class": "Ljava/net/URLEncoder;", "sink_method": "encode(Ljava/lang/String;Ljava/lang/String;)Ljava/lang/String;", "sink_values": ["1"], "sources": ["UUID"], "returned_value": null}, {"smali_tag": "24334_972", "clss": "Lcom/tradplus/ads/base/network/TPAdUrlGenerator;", "method": "getParamData()Ljava/lang/String;", "num": 972, "sink_class": "Ljava/net/URLEncoder;", "sink_method": "encode(Ljava/lang/String;Ljava/lang/String;)Ljava/lang/String;", "sink_values": ["1696849982"], "sources": ["UUID"], "returned_value": null}, {"smali_tag": "24334_972", "clss": "Lcom/tradplus/ads/base/network/TPAdUrlGenerator;", "method": "getParamData()Ljava/lang/String;", "num": 972, "sink_class": "Ljava/net/URLEncoder;", "sink_method": "encode(Ljava/lang/String;Ljava/lang/String;)Ljava/lang/String;", "sink_values": ["en"], "sources": ["UUID"], "returned_value": null}, {"smali_tag": "24334_972", "clss": "Lcom/tradplus/ads/base/network/TPAdUrlGenerator;", "method": "getParamData()Ljava/lang/String;", "num": 972, "sink_class": "Ljava/net/URLEncoder;", "sink_method": "encode(Ljava/lang/String;Ljava/lang/String;)Ljava/lang/String;", "sink_values": ["com.tradplus.demo"], "sources": ["UUID"], "returned_value": null}, {"smali_tag": "24334_972", "clss": "Lcom/tradplus/ads/base/network/TPAdUrlGenerator;", "method": "getParamData()Ljava/lang/String;", "num": 972, "sink_class": "Ljava/net/URLEncoder;", "sink_method": "encode(Ljava/lang/String;Ljava/lang/String;)Ljava/lang/String;", "sink_values": ["9.8.0.1"], "sources": ["UUID"], "returned_value": null}, {"smali_tag": "24334_972", "clss": "Lcom/tradplus/ads/base/network/TPAdUrlGenerator;", "method": "getParamData()Ljava/lang/String;", "num": 972, "sink_class": "Ljava/net/URLEncoder;", "sink_method": "encode(Ljava/lang/String;Ljava/lang/String;)Ljava/lang/String;", "sink_values": ["UID-61514569-43b4-4d11-b2c5-1233c7669914"], "sources": ["UUID"], "returned_value": null}, {"smali_tag": "24334_972", "clss": "Lcom/tradplus/ads/base/network/TPAdUrlGenerator;", "method": "getParamData()Ljava/lang/String;", "num": 972, "sink_class": "Ljava/net/URLEncoder;", "sink_method": "encode(Ljava/lang/String;Ljava/lang/String;)Ljava/lang/String;", "sink_values": ["12"], "sources": ["UUID"], "returned_value": null}, {"smali_tag": "24334_972", "clss": "Lcom/tradplus/ads/base/network/TPAdUrlGenerator;", "method": "getParamData()Ljava/lang/String;", "num": 972, "sink_class": "Ljava/net/URLEncoder;", "sink_method": "encode(Ljava/lang/String;Ljava/lang/String;)Ljava/lang/String;", "sink_values": ["UID-61514569-43b4-4d11-b2c5-1233c7669914"], "sources": ["UUID"], "returned_value": null}, {"smali_tag": "24334_972", "clss": "Lcom/tradplus/ads/base/network/TPAdUrlGenerator;", "method": "getParamData()Ljava/lang/String;", "num": 972, "sink_class": "Ljava/net/URLEncoder;", "sink_method": "encode(Ljava/lang/String;Ljava/lang/String;)Ljava/lang/String;", "sink_values": ["US"], "sources": ["UUID"], "returned_value": null}, {"smali_tag": "24334_972", "clss": "Lcom/tradplus/ads/base/network/TPAdUrlGenerator;", "method": "getParamData()Ljava/lang/String;", "num": 972, "sink_class": "Ljava/net/URLEncoder;", "sink_method": "encode(Ljava/lang/String;Ljava/lang/String;)Ljava/lang/String;", "sink_values": ["9.8.0.1"], "sources": ["UUID"], "returned_value": null}, {"smali_tag": "24334_972", "clss": "Lcom/tradplus/ads/base/network/TPAdUrlGenerator;", "method": "getParamData()Ljava/lang/String;", "num": 972, "sink_class": "Ljava/net/URLEncoder;", "sink_method": "encode(Ljava/lang/String;Ljava/lang/String;)Ljava/lang/String;", "sink_values": ["1"], "sources": ["UUID"], "returned_value": null}, {"smali_tag": "24334_972", "clss": "Lcom/tradplus/ads/base/network/TPAdUrlGenerator;", "method": "getParamData()Ljava/lang/String;", "num": 972, "sink_class": "Ljava/net/URLEncoder;", "sink_method": "encode(Ljava/lang/String;Ljava/lang/String;)Ljava/lang/String;", "sink_values": ["8"], "sources": ["UUID"], "returned_value": null}, {"smali_tag": "24334_972", "clss": "Lcom/tradplus/ads/base/network/TPAdUrlGenerator;", "method": "getParamData()Ljava/lang/String;", "num": 972, "sink_class": "Ljava/net/URLEncoder;", "sink_method": "encode(Ljava/lang/String;Ljava/lang/String;)Ljava/lang/String;", "sink_values": ["1"], "sources": ["UUID"], "returned_value": null}, {"smali_tag": "24334_972", "clss": "Lcom/tradplus/ads/base/network/TPAdUrlGenerator;", "method": "getParamData()Ljava/lang/String;", "num": 972, "sink_class": "Ljava/net/URLEncoder;", "sink_method": "encode(Ljava/lang/String;Ljava/lang/String;)Ljava/lang/String;", "sink_values": ["1696849982"], "sources": ["UUID"], "returned_value": null}, {"smali_tag": "24334_972", "clss": "Lcom/tradplus/ads/base/network/TPAdUrlGenerator;", "method": "getParamData()Ljava/lang/String;", "num": 972, "sink_class": "Ljava/net/URLEncoder;", "sink_method": "encode(Ljava/lang/String;Ljava/lang/String;)Ljava/lang/String;", "sink_values": ["en"], "sources": ["UUID"], "returned_value": null}, {"smali_tag": "24334_972", "clss": "Lcom/tradplus/ads/base/network/TPAdUrlGenerator;", "method": "getParamData()Ljava/lang/String;", "num": 972, "sink_class": "Ljava/net/URLEncoder;", "sink_method": "encode(Ljava/lang/String;Ljava/lang/String;)Ljava/lang/String;", "sink_values": ["com.tradplus.demo"], "sources": ["UUID"], "returned_value": null}, {"smali_tag": "24334_972", "clss": "Lcom/tradplus/ads/base/network/TPAdUrlGenerator;", "method": "getParamData()Ljava/lang/String;", "num": 972, "sink_class": "Ljava/net/URLEncoder;", "sink_method": "encode(Ljava/lang/String;Ljava/lang/String;)Ljava/lang/String;", "sink_values": ["9.8.0.1"], "sources": ["UUID"], "returned_value": null}, {"smali_tag": "24334_972", "clss": "Lcom/tradplus/ads/base/network/TPAdUrlGenerator;", "method": "getParamData()Ljava/lang/String;", "num": 972, "sink_class": "Ljava/net/URLEncoder;", "sink_method": "encode(Ljava/lang/String;Ljava/lang/String;)Ljava/lang/String;", "sink_values": ["59FFF246664BFB28925A5BC7F8466206"], "sources": ["UUID"], "returned_value": null}, {"smali_tag": "24334_972", "clss": "Lcom/tradplus/ads/base/network/TPAdUrlGenerator;", "method": "getParamData()Ljava/lang/String;", "num": 972, "sink_class": "Ljava/net/URLEncoder;", "sink_method": "encode(Ljava/lang/String;Ljava/lang/String;)Ljava/lang/String;", "sink_values": ["UID-61514569-43b4-4d11-b2c5-1233c7669914"], "sources": ["UUID"], "returned_value": null}, {"smali_tag": "24334_972", "clss": "Lcom/tradplus/ads/base/network/TPAdUrlGenerator;", "method": "getParamData()Ljava/lang/String;", "num": 972, "sink_class": "Ljava/net/URLEncoder;", "sink_method": "encode(Ljava/lang/String;Ljava/lang/String;)Ljava/lang/String;", "sink_values": ["12"], "sources": ["UUID"], "returned_value": null}, {"smali_tag": "24334_972", "clss": "Lcom/tradplus/ads/base/network/TPAdUrlGenerator;", "method": "getParamData()Ljava/lang/String;", "num": 972, "sink_class": "Ljava/net/URLEncoder;", "sink_method": "encode(Ljava/lang/String;Ljava/lang/String;)Ljava/lang/String;", "sink_values": ["UID-61514569-43b4-4d11-b2c5-1233c7669914"], "sources": ["UUID"], "returned_value": null}, {"smali_tag": "24334_972", "clss": "Lcom/tradplus/ads/base/network/TPAdUrlGenerator;", "method": "getParamData()Ljava/lang/String;", "num": 972, "sink_class": "Ljava/net/URLEncoder;", "sink_method": "encode(Ljava/lang/String;Ljava/lang/String;)Ljava/lang/String;", "sink_values": ["8"], "sources": ["UUID"], "returned_value": null}, {"smali_tag": "24334_972", "clss": "Lcom/tradplus/ads/base/network/TPAdUrlGenerator;", "method": "getParamData()Ljava/lang/String;", "num": 972, "sink_class": "Ljava/net/URLEncoder;", "sink_method": "encode(Ljava/lang/String;Ljava/lang/String;)Ljava/lang/String;", "sink_values": ["US"], "sources": ["UUID"], "returned_value": null}, {"smali_tag": "24334_972", "clss": "Lcom/tradplus/ads/base/network/TPAdUrlGenerator;", "method": "getParamData()Ljava/lang/String;", "num": 972, "sink_class": "Ljava/net/URLEncoder;", "sink_method": "encode(Ljava/lang/String;Ljava/lang/String;)Ljava/lang/String;", "sink_values": ["9.8.0.1"], "sources": ["UUID"], "returned_value": null}, {"smali_tag": "24334_972", "clss": "Lcom/tradplus/ads/base/network/TPAdUrlGenerator;", "method": "getParamData()Ljava/lang/String;", "num": 972, "sink_class": "Ljava/net/URLEncoder;", "sink_method": "encode(Ljava/lang/String;Ljava/lang/String;)Ljava/lang/String;", "sink_values": ["en"], "sources": ["UUID"], "returned_value": null}, {"smali_tag": "24334_972", "clss": "Lcom/tradplus/ads/base/network/TPAdUrlGenerator;", "method": "getParamData()Ljava/lang/String;", "num": 972, "sink_class": "Ljava/net/URLEncoder;", "sink_method": "encode(Ljava/lang/String;Ljava/lang/String;)Ljava/lang/String;", "sink_values": ["com.tradplus.demo"], "sources": ["UUID"], "returned_value": null}, {"smali_tag": "24339_119", "clss": "Lcom/tradplus/ads/base/network/BaseHttpRequest;", "method": "requestWithUrl(Ljava/lang/String;)V", "num": 119, "sink_class": "Ljava/net/URL;", "sink_method": "<init>(Ljava/lang/String;)V", "sink_values": ["https"], "sources": ["UUID"], "returned_value": null}, {"smali_tag": "24334_972", "clss": "Lcom/tradplus/ads/base/network/TPAdUrlGenerator;", "method": "getParamData()Ljava/lang/String;", "num": 972, "sink_class": "Ljava/net/URLEncoder;", "sink_method": "encode(Ljava/lang/String;Ljava/lang/String;)Ljava/lang/String;", "sink_values": ["UID-61514569-43b4-4d11-b2c5-1233c7669914"], "sources": ["UUID"], "returned_value": null}, {"smali_tag": "24334_972", "clss": "Lcom/tradplus/ads/base/network/TPAdUrlGenerator;", "method": "getParamData()Ljava/lang/String;", "num": 972, "sink_class": "Ljava/net/URLEncoder;", "sink_method": "encode(Ljava/lang/String;Ljava/lang/String;)Ljava/lang/String;", "sink_values": ["UID-61514569-43b4-4d11-b2c5-1233c7669914"], "sources": ["UUID"], "returned_value": null}, {"smali_tag": "24334_972", "clss": "Lcom/tradplus/ads/base/network/TPAdUrlGenerator;", "method": "getParamData()Ljava/lang/String;", "num": 972, "sink_class": "Ljava/net/URLEncoder;", "sink_method": "encode(Ljava/lang/String;Ljava/lang/String;)Ljava/lang/String;", "sink_values": ["US"], "sources": ["UUID"], "returned_value": null}, {"smali_tag": "24334_972", "clss": "Lcom/tradplus/ads/base/network/TPAdUrlGenerator;", "method": "getParamData()Ljava/lang/String;", "num": 972, "sink_class": "Ljava/net/URLEncoder;", "sink_method": "encode(Ljava/lang/String;Ljava/lang/String;)Ljava/lang/String;", "sink_values": ["9.8.0.1"], "sources": ["UUID"], "returned_value": null}, {"smali_tag": "24334_972", "clss": "Lcom/tradplus/ads/base/network/TPAdUrlGenerator;", "method": "getParamData()Ljava/lang/String;", "num": 972, "sink_class": "Ljava/net/URLEncoder;", "sink_method": "encode(Ljava/lang/String;Ljava/lang/String;)Ljava/lang/String;", "sink_values": ["1"], "sources": ["UUID"], "returned_value": null}, {"smali_tag": "24334_972", "clss": "Lcom/tradplus/ads/base/network/TPAdUrlGenerator;", "method": "getParamData()Ljava/lang/String;", "num": 972, "sink_class": "Ljava/net/URLEncoder;", "sink_method": "encode(Ljava/lang/String;Ljava/lang/String;)Ljava/lang/String;", "sink_values": ["8"], "sources": ["UUID"], "returned_value": null}, {"smali_tag": "24334_972", "clss": "Lcom/tradplus/ads/base/network/TPAdUrlGenerator;", "method": "getParamData()Ljava/lang/String;", "num": 972, "sink_class": "Ljava/net/URLEncoder;", "sink_method": "encode(Ljava/lang/String;Ljava/lang/String;)Ljava/lang/String;", "sink_values": ["1"], "sources": ["UUID"], "returned_value": null}, {"smali_tag": "24334_972", "clss": "Lcom/tradplus/ads/base/network/TPAdUrlGenerator;", "method": "getParamData()Ljava/lang/String;", "num": 972, "sink_class": "Ljava/net/URLEncoder;", "sink_method": "encode(Ljava/lang/String;Ljava/lang/String;)Ljava/lang/String;", "sink_values": ["1696849982"], "sources": ["UUID"], "returned_value": null}, {"smali_tag": "24334_972", "clss": "Lcom/tradplus/ads/base/network/TPAdUrlGenerator;", "method": "getParamData()Ljava/lang/String;", "num": 972, "sink_class": "Ljava/net/URLEncoder;", "sink_method": "encode(Ljava/lang/String;Ljava/lang/String;)Ljava/lang/String;", "sink_values": ["en"], "sources": ["UUID"], "returned_value": null}, {"smali_tag": "24334_972", "clss": "Lcom/tradplus/ads/base/network/TPAdUrlGenerator;", "method": "getParamData()Ljava/lang/String;", "num": 972, "sink_class": "Ljava/net/URLEncoder;", "sink_method": "encode(Ljava/lang/String;Ljava/lang/String;)Ljava/lang/String;", "sink_values": ["com.tradplus.demo"], "sources": ["UUID"], "returned_value": null}, {"smali_tag": "24334_972", "clss": "Lcom/tradplus/ads/base/network/TPAdUrlGenerator;", "method": "getParamData()Ljava/lang/String;", "num": 972, "sink_class": "Ljava/net/URLEncoder;", "sink_method": "encode(Ljava/lang/String;Ljava/lang/String;)Ljava/lang/String;", "sink_values": ["44273068BFF4D8A8AFF3D5B11CBA3ADE"], "sources": ["UUID"], "returned_value": null}, {"smali_tag": "24334_972", "clss": "Lcom/tradplus/ads/base/network/TPAdUrlGenerator;", "method": "getParamData()Ljava/lang/String;", "num": 972, "sink_class": "Ljava/net/URLEncoder;", "sink_method": "encode(Ljava/lang/String;Ljava/lang/String;)Ljava/lang/String;", "sink_values": ["9.8.0.1"], "sources": ["UUID"], "returned_value": null}, {"smali_tag": "24334_972", "clss": "Lcom/tradplus/ads/base/network/TPAdUrlGenerator;", "method": "getParamData()Ljava/lang/String;", "num": 972, "sink_class": "Ljava/net/URLEncoder;", "sink_method": "encode(Ljava/lang/String;Ljava/lang/String;)Ljava/lang/String;", "sink_values": ["UID-61514569-43b4-4d11-b2c5-1233c7669914"], "sources": ["UUID"], "returned_value": null}, {"smali_tag": "24334_972", "clss": "Lcom/tradplus/ads/base/network/TPAdUrlGenerator;", "method": "getParamData()Ljava/lang/String;", "num": 972, "sink_class": "Ljava/net/URLEncoder;", "sink_method": "encode(Ljava/lang/String;Ljava/lang/String;)Ljava/lang/String;", "sink_values": ["12"], "sources": ["UUID"], "returned_value": null}, {"smali_tag": "24334_972", "clss": "Lcom/tradplus/ads/base/network/TPAdUrlGenerator;", "method": "getParamData()Ljava/lang/String;", "num": 972, "sink_class": "Ljava/net/URLEncoder;", "sink_method": "encode(Ljava/lang/String;Ljava/lang/String;)Ljava/lang/String;", "sink_values": ["UID-61514569-43b4-4d11-b2c5-1233c7669914"], "sources": ["UUID"], "returned_value": null}]