project.emulator.get_num_leaks() = 0
Sources
[{'clss': 'Lcom/yandex/metrica/impl/ob/U3;', 'method': '<clinit>()V', 'name': ['UUID'], 'num': 37, 'source_class': 'Ljava/util/UUID;', 'source_method': 'toString()Ljava/lang/String;'},
 {'clss': 'Lcom/yandex/metrica/impl/ob/Rm;', 'method': 'a()Ljava/lang/String;', 'name': ['UUID'], 'num': 25, 'source_class': 'Ljava/util/UUID;', 'source_method': 'toString()Ljava/lang/String;'},
 {'clss': 'Lcom/yandex/metrica/identifiers/impl/k;',
  'method': 'a(Landroid/content/Context;)Lcom/yandex/metrica/identifiers/impl/g;',
  'name': ['AAID'],
  'num': 51,
  'source_class': 'Lcom/google/android/gms/ads/identifier/AdvertisingIdClient$Info;',
  'source_method': 'getId()Ljava/lang/String;'},
 {'clss': 'Lcom/yandex/metrica/identifiers/impl/f;', 'method': 'a()Landroid/os/Bundle;', 'name': ['AAID'], 'num': 47, 'source_class': None, 'source_method': None},
 {'clss': 'Lcom/yandex/metrica/impl/ob/rc;',
  'method': 'b(Landroid/content/Context;)Lcom/yandex/metrica/impl/ob/bc;',
  'name': ['AAID'],
  'num': 142,
  'source_class': 'Landroid/os/Bundle;',
  'source_method': 'getString(Ljava/lang/String;)Ljava/lang/String;'},
 {'clss': 'Lcom/yandex/metrica/impl/ob/U3;', 'method': '<clinit>()V', 'name': ['UUID'], 'num': 37, 'source_class': 'Ljava/util/UUID;', 'source_method': 'toString()Ljava/lang/String;'},
 {'clss': 'Lcom/yandex/metrica/impl/ob/U3;',
  'method': 'h()Ljava/lang/String;',
  'name': ['UUID'],
  'num': 679,
  'source_class': 'Landroid/content/ContentValues;',
  'source_method': 'getAsString(Ljava/lang/String;)Ljava/lang/String;'},
 {'clss': 'Lcom/yandex/metrica/identifiers/impl/k;',
  'method': 'a(Landroid/content/Context;)Lcom/yandex/metrica/identifiers/impl/g;',
  'name': ['AAID'],
  'num': 51,
  'source_class': 'Lcom/google/android/gms/ads/identifier/AdvertisingIdClient$Info;',
  'source_method': 'getId()Ljava/lang/String;'},
 {'clss': 'Lcom/yandex/metrica/impl/ob/rc;',
  'method': 'b(Landroid/content/Context;)Lcom/yandex/metrica/impl/ob/bc;',
  'name': ['AAID'],
  'num': 142,
  'source_class': 'Landroid/os/Bundle;',
  'source_method': 'getString(Ljava/lang/String;)Ljava/lang/String;'},
 {'clss': 'Lcom/yandex/metrica/impl/ob/U3;',
  'method': 'h()Ljava/lang/String;',
  'name': ['UUID'],
  'num': 679,
  'source_class': 'Landroid/content/ContentValues;',
  'source_method': 'getAsString(Ljava/lang/String;)Ljava/lang/String;'},
 {'clss': 'Lcom/yandex/metrica/impl/ob/U3;',
  'method': 'h()Ljava/lang/String;',
  'name': ['UUID'],
  'num': 679,
  'source_class': 'Landroid/content/ContentValues;',
  'source_method': 'getAsString(Ljava/lang/String;)Ljava/lang/String;'}]
Sinks
[]