project.emulator.get_num_leaks() = 1
Sources
[{'clss': 'Lcom/appsflyer/AppsFlyerLibCore;',
  'method': 'ॱ(Lcom/appsflyer/internal/j;)Ljava/util/Map;',
  'name': ['IMEI'],
  'num': 15237,
  'source_class': 'Ljava/lang/reflect/Method;',
  'source_method': 'invoke(Ljava/lang/Object;[Ljava/lang/Object;)Ljava/lang/Object;'},
 {'clss': 'Lcom/appsflyer/AppsFlyerLibCore;',
  'method': 'ॱ(Lcom/appsflyer/internal/j;)Ljava/util/Map;',
  'name': ['AndroidID'],
  'num': 15321,
  'source_class': 'Landroid/provider/Settings$Secure;',
  'source_method': 'getString(Landroid/content/ContentResolver;Ljava/lang/String;)Ljava/lang/String;'},
 {'clss': 'Lcom/appsflyer/AppsFlyerLibCore;',
  'method': 'ˏ(Lcom/appsflyer/AppsFlyerLibCore;Lcom/appsflyer/internal/j;)V',
  'name': ['AndroidID'],
  'num': 3179,
  'source_class': 'Lorg/json/JSONObject;',
  'source_method': 'toString()Ljava/lang/String;'},
 {'clss': 'Lcom/appsflyer/AppsFlyerLibCore;',
  'method': 'ˏ(Lcom/appsflyer/AppsFlyerLibCore;Lcom/appsflyer/internal/j;)V',
  'name': ['AndroidID'],
  'num': 3186,
  'source_class': 'Ljava/lang/String;',
  'source_method': 'valueOf(Ljava/lang/Object;)Ljava/lang/String;'},
 {'clss': 'Lcom/appsflyer/AppsFlyerLibCore;',
  'method': 'ˏ(Lcom/appsflyer/AppsFlyerLibCore;Lcom/appsflyer/internal/j;)V',
  'name': ['AndroidID'],
  'num': 3190,
  'source_class': 'Ljava/lang/String;',
  'source_method': 'concat(Ljava/lang/String;)Ljava/lang/String;'},
 {'clss': 'Lcom/appsflyer/AFFacebookDeferredDeeplink$3;',
  'method': 'ॱ(Ljava/lang/String;)V',
  'name': ['AndroidID'],
  'num': 164,
  'source_class': 'Ljava/lang/String;',
  'source_method': 'replace(Ljava/lang/CharSequence;Ljava/lang/CharSequence;)Ljava/lang/String;'},
 {'clss': 'Lcom/appsflyer/AFLogger;',
  'method': 'ˏ(Ljava/lang/String;Z)Ljava/lang/String;',
  'name': ['AndroidID'],
  'num': 582,
  'source_class': 'Ljava/lang/Object;',
  'source_method': 'toString()Ljava/lang/String;'},
 {'clss': 'Lcom/appsflyer/internal/ae;',
  'method': 'ˋ(Ljava/lang/String;Ljava/lang/String;[Ljava/lang/String;)V',
  'name': ['AndroidID'],
  'num': 1004,
  'source_class': 'Ljava/lang/Object;',
  'source_method': 'toString()Ljava/lang/String;'},
 {'clss': 'Lcom/appsflyer/internal/ae;',
  'method': 'ˋ(Ljava/lang/String;Ljava/lang/String;[Ljava/lang/String;)V',
  'name': ['AndroidID'],
  'num': 1147,
  'source_class': 'Ljava/lang/String;',
  'source_method': 'format(Ljava/lang/String;[Ljava/lang/Object;)Ljava/lang/String;'},
 {'clss': 'Lcom/appsflyer/internal/ae;',
  'method': 'ˋ(Ljava/lang/String;Ljava/lang/String;[Ljava/lang/String;)V',
  'name': ['AndroidID'],
  'num': 1004,
  'source_class': 'Ljava/lang/Object;',
  'source_method': 'toString()Ljava/lang/String;'},
 {'clss': 'Lcom/appsflyer/internal/ae;',
  'method': 'ˋ(Ljava/lang/String;Ljava/lang/String;[Ljava/lang/String;)V',
  'name': ['AndroidID'],
  'num': 1074,
  'source_class': 'Ljava/lang/String;',
  'source_method': 'format(Ljava/lang/String;[Ljava/lang/Object;)Ljava/lang/String;'},
 {'clss': 'Lcom/appsflyer/AppsFlyerLibCore;',
  'method': 'ॱ(Lcom/appsflyer/internal/j;)Ljava/util/Map;',
  'name': ['IMEI'],
  'num': 15237,
  'source_class': 'Ljava/lang/reflect/Method;',
  'source_method': 'invoke(Ljava/lang/Object;[Ljava/lang/Object;)Ljava/lang/Object;'},
 {'clss': 'Lcom/appsflyer/AppsFlyerLibCore;',
  'method': 'ॱ(Lcom/appsflyer/internal/j;)Ljava/util/Map;',
  'name': ['AndroidID'],
  'num': 15284,
  'source_class': 'Landroid/content/SharedPreferences;',
  'source_method': 'getString(Ljava/lang/String;Ljava/lang/String;)Ljava/lang/String;'},
 {'clss': 'Lcom/appsflyer/AppsFlyerLibCore;',
  'method': 'ॱ(Lcom/appsflyer/internal/j;)Ljava/util/Map;',
  'name': ['AndroidID'],
  'num': 15321,
  'source_class': 'Landroid/provider/Settings$Secure;',
  'source_method': 'getString(Landroid/content/ContentResolver;Ljava/lang/String;)Ljava/lang/String;'},
 {'clss': 'Lcom/appsflyer/AppsFlyerLibCore;',
  'method': 'ˏ(Lcom/appsflyer/AppsFlyerLibCore;Lcom/appsflyer/internal/j;)V',
  'name': ['AndroidID'],
  'num': 3179,
  'source_class': 'Lorg/json/JSONObject;',
  'source_method': 'toString()Ljava/lang/String;'},
 {'clss': 'Lcom/appsflyer/AppsFlyerLibCore;',
  'method': 'ˏ(Lcom/appsflyer/AppsFlyerLibCore;Lcom/appsflyer/internal/j;)V',
  'name': ['AndroidID'],
  'num': 3186,
  'source_class': 'Ljava/lang/String;',
  'source_method': 'valueOf(Ljava/lang/Object;)Ljava/lang/String;'},
 {'clss': 'Lcom/appsflyer/AppsFlyerLibCore;',
  'method': 'ˏ(Lcom/appsflyer/AppsFlyerLibCore;Lcom/appsflyer/internal/j;)V',
  'name': ['AndroidID'],
  'num': 3190,
  'source_class': 'Ljava/lang/String;',
  'source_method': 'concat(Ljava/lang/String;)Ljava/lang/String;'},
 {'clss': 'Lcom/appsflyer/AFFacebookDeferredDeeplink$3;',
  'method': 'ॱ(Ljava/lang/String;)V',
  'name': ['AndroidID'],
  'num': 164,
  'source_class': 'Ljava/lang/String;',
  'source_method': 'replace(Ljava/lang/CharSequence;Ljava/lang/CharSequence;)Ljava/lang/String;'},
 {'clss': 'Lcom/appsflyer/AFLogger;',
  'method': 'ˏ(Ljava/lang/String;Z)Ljava/lang/String;',
  'name': ['AndroidID'],
  'num': 582,
  'source_class': 'Ljava/lang/Object;',
  'source_method': 'toString()Ljava/lang/String;'},
 {'clss': 'Lcom/appsflyer/internal/ae;',
  'method': 'ˋ(Ljava/lang/String;Ljava/lang/String;[Ljava/lang/String;)V',
  'name': ['AndroidID'],
  'num': 1004,
  'source_class': 'Ljava/lang/Object;',
  'source_method': 'toString()Ljava/lang/String;'},
 {'clss': 'Lcom/appsflyer/internal/ae;',
  'method': 'ˋ(Ljava/lang/String;Ljava/lang/String;[Ljava/lang/String;)V',
  'name': ['AndroidID'],
  'num': 1147,
  'source_class': 'Ljava/lang/String;',
  'source_method': 'format(Ljava/lang/String;[Ljava/lang/Object;)Ljava/lang/String;'},
 {'clss': 'Lcom/appsflyer/internal/ae;',
  'method': 'ˋ(Ljava/lang/String;Ljava/lang/String;[Ljava/lang/String;)V',
  'name': ['AndroidID'],
  'num': 1004,
  'source_class': 'Ljava/lang/Object;',
  'source_method': 'toString()Ljava/lang/String;'},
 {'clss': 'Lcom/appsflyer/internal/ae;',
  'method': 'ˋ(Ljava/lang/String;Ljava/lang/String;[Ljava/lang/String;)V',
  'name': ['AndroidID'],
  'num': 1074,
  'source_class': 'Ljava/lang/String;',
  'source_method': 'format(Ljava/lang/String;[Ljava/lang/Object;)Ljava/lang/String;'},
 {'clss': 'Lcom/appsflyer/AppsFlyerLibCore;',
  'method': 'ॱ(Lcom/appsflyer/internal/j;)Ljava/util/Map;',
  'name': ['IMEI'],
  'num': 15237,
  'source_class': 'Ljava/lang/reflect/Method;',
  'source_method': 'invoke(Ljava/lang/Object;[Ljava/lang/Object;)Ljava/lang/Object;'},
 {'clss': 'Lcom/appsflyer/AppsFlyerLibCore;',
  'method': 'ॱ(Lcom/appsflyer/internal/j;)Ljava/util/Map;',
  'name': ['AndroidID'],
  'num': 15284,
  'source_class': 'Landroid/content/SharedPreferences;',
  'source_method': 'getString(Ljava/lang/String;Ljava/lang/String;)Ljava/lang/String;'},
 {'clss': 'Lcom/appsflyer/AppsFlyerLibCore;',
  'method': 'ॱ(Lcom/appsflyer/internal/j;)Ljava/util/Map;',
  'name': ['AndroidID'],
  'num': 15321,
  'source_class': 'Landroid/provider/Settings$Secure;',
  'source_method': 'getString(Landroid/content/ContentResolver;Ljava/lang/String;)Ljava/lang/String;'},
 {'clss': 'Lcom/appsflyer/AppsFlyerLibCore;',
  'method': 'ˏ(Lcom/appsflyer/AppsFlyerLibCore;Lcom/appsflyer/internal/j;)V',
  'name': ['AndroidID'],
  'num': 3179,
  'source_class': 'Lorg/json/JSONObject;',
  'source_method': 'toString()Ljava/lang/String;'},
 {'clss': 'Lcom/appsflyer/AppsFlyerLibCore;',
  'method': 'ˏ(Lcom/appsflyer/AppsFlyerLibCore;Lcom/appsflyer/internal/j;)V',
  'name': ['AndroidID'],
  'num': 3186,
  'source_class': 'Ljava/lang/String;',
  'source_method': 'valueOf(Ljava/lang/Object;)Ljava/lang/String;'},
 {'clss': 'Lcom/appsflyer/AppsFlyerLibCore;',
  'method': 'ˏ(Lcom/appsflyer/AppsFlyerLibCore;Lcom/appsflyer/internal/j;)V',
  'name': ['AndroidID'],
  'num': 3190,
  'source_class': 'Ljava/lang/String;',
  'source_method': 'concat(Ljava/lang/String;)Ljava/lang/String;'},
 {'clss': 'Lcom/appsflyer/AFFacebookDeferredDeeplink$3;',
  'method': 'ॱ(Ljava/lang/String;)V',
  'name': ['AndroidID'],
  'num': 164,
  'source_class': 'Ljava/lang/String;',
  'source_method': 'replace(Ljava/lang/CharSequence;Ljava/lang/CharSequence;)Ljava/lang/String;'},
 {'clss': 'Lcom/appsflyer/AFLogger;',
  'method': 'ˏ(Ljava/lang/String;Z)Ljava/lang/String;',
  'name': ['AndroidID'],
  'num': 582,
  'source_class': 'Ljava/lang/Object;',
  'source_method': 'toString()Ljava/lang/String;'},
 {'clss': 'Lcom/appsflyer/internal/ae;',
  'method': 'ˋ(Ljava/lang/String;Ljava/lang/String;[Ljava/lang/String;)V',
  'name': ['AndroidID'],
  'num': 1004,
  'source_class': 'Ljava/lang/Object;',
  'source_method': 'toString()Ljava/lang/String;'},
 {'clss': 'Lcom/appsflyer/internal/ae;',
  'method': 'ˋ(Ljava/lang/String;Ljava/lang/String;[Ljava/lang/String;)V',
  'name': ['AndroidID'],
  'num': 1147,
  'source_class': 'Ljava/lang/String;',
  'source_method': 'format(Ljava/lang/String;[Ljava/lang/Object;)Ljava/lang/String;'},
 {'clss': 'Lcom/appsflyer/internal/ae;',
  'method': 'ˋ(Ljava/lang/String;Ljava/lang/String;[Ljava/lang/String;)V',
  'name': ['AndroidID'],
  'num': 1004,
  'source_class': 'Ljava/lang/Object;',
  'source_method': 'toString()Ljava/lang/String;'},
 {'clss': 'Lcom/appsflyer/internal/ae;',
  'method': 'ˋ(Ljava/lang/String;Ljava/lang/String;[Ljava/lang/String;)V',
  'name': ['AndroidID'],
  'num': 1074,
  'source_class': 'Ljava/lang/String;',
  'source_method': 'format(Ljava/lang/String;[Ljava/lang/Object;)Ljava/lang/String;'}]
Sinks
[{"smali_tag": "1638_520", "clss": "Lcom/appsflyer/AppsFlyerLibCore$a;", "method": "run()V", "num": 520, "sink_class": "Ljava/net/URL;", "sink_method": "<init>(Ljava/lang/String;)V", "sink_values": ["https://gcdsdk.appsflyer.com/install_data/v4.0/com.appsflyer.androidsampleapp?devkey=AF_DEV_KEY&device_id=1696842833936-7431961691581663176"], "sources": ["AndroidID"], "returned_value": null}]