project.emulator.get_num_leaks() = 1
Sources
[{'clss': 'Lcom/taboola/android/global_components/AppSession;',
  'method': '<init>(Landroid/content/Context;)V',
  'name': ['UUID'],
  'num': 37,
  'source_class': 'Ljava/util/UUID;',
  'source_method': 'toString()Ljava/lang/String;'},
 {'clss': 'Lcom/taboola/android/global_components/AppSession;',
  'method': '<init>(Landroid/content/Context;)V',
  'name': ['UUID'],
  'num': 59,
  'source_class': 'Ljava/lang/StringBuilder;',
  'source_method': 'toString()Ljava/lang/String;'},
 {'clss': 'Lcom/taboola/android/utils/TBLSharedPrefUtil;',
  'method': 'getString(Landroid/content/Context;Ljava/lang/String;Ljava/lang/String;)Ljava/lang/String;',
  'name': ['UUID'],
  'num': 1036,
  'source_class': 'Landroid/content/SharedPreferences;',
  'source_method': 'getString(Ljava/lang/String;Ljava/lang/String;)Ljava/lang/String;'},
 {'clss': 'Lcom/taboola/android/global_components/AppSession;',
  'method': 'getAppSessionString(Landroid/content/Context;)Ljava/lang/String;',
  'name': ['UUID'],
  'num': 101,
  'source_class': 'Ljava/lang/StringBuilder;',
  'source_method': 'toString()Ljava/lang/String;'},
 {'clss': 'Lcom/taboola/android/tblweb/TBLWebViewManager;',
  'method': 'getDeviceData()Ljava/lang/String;',
  'name': ['UUID'],
  'num': 1819,
  'source_class': 'Lorg/json/JSONObject;',
  'source_method': 'toString()Ljava/lang/String;'},
 {'clss': 'Lcom/taboola/android/tblweb/TBLInjectedObject;',
  'method': 'getDeviceData()Ljava/lang/String;',
  'name': ['UUID'],
  'num': 970,
  'source_class': 'Ljava/lang/StringBuilder;',
  'source_method': 'toString()Ljava/lang/String;'},
 {'clss': 'Lcom/taboola/android/global_components/configuration/TBLConfigManager;',
  'method': 'getConfigFromRemote(Lcom/taboola/android/global_components/configuration/TBLConfigResponse;)V',
  'name': ['UUID'],
  'num': 303,
  'source_class': 'Ljava/util/UUID;',
  'source_method': 'toString()Ljava/lang/String;'},
 {'clss': 'Lcom/taboola/android/utils/TBLSharedPrefUtil;',
  'method': 'getString(Landroid/content/Context;Ljava/lang/String;Ljava/lang/String;)Ljava/lang/String;',
  'name': ['UUID'],
  'num': 1036,
  'source_class': 'Landroid/content/SharedPreferences;',
  'source_method': 'getString(Ljava/lang/String;Ljava/lang/String;)Ljava/lang/String;'},
 {'clss': 'Lcom/taboola/android/global_components/AppSession;',
  'method': 'getAppSessionString(Landroid/content/Context;)Ljava/lang/String;',
  'name': ['UUID'],
  'num': 101,
  'source_class': 'Ljava/lang/StringBuilder;',
  'source_method': 'toString()Ljava/lang/String;'},
 {'clss': 'Lcom/taboola/android/tblweb/TBLWebViewManager;',
  'method': 'getDeviceData()Ljava/lang/String;',
  'name': ['UUID'],
  'num': 1819,
  'source_class': 'Lorg/json/JSONObject;',
  'source_method': 'toString()Ljava/lang/String;'},
 {'clss': 'Lcom/taboola/android/tblweb/TBLInjectedObject;',
  'method': 'getDeviceData()Ljava/lang/String;',
  'name': ['UUID'],
  'num': 970,
  'source_class': 'Ljava/lang/StringBuilder;',
  'source_method': 'toString()Ljava/lang/String;'},
 {'clss': 'Lcom/taboola/android/tblnative/TBLNativePageNetworkOrchestrator;',
  'method': 'fetchRecommendations(Lcom/taboola/android/tblnative/TBLRecommendationsRequest;Lcom/taboola/android/tblnative/TBLRecommendationRequestCallback;Lcom/taboola/android/tblnative/TBLNativeUnit;Landroid/os/Handler;)V',
  'name': ['UUID'],
  'num': 430,
  'source_class': 'Ljava/util/UUID;',
  'source_method': 'toString()Ljava/lang/String;'},
 {'clss': 'Lcom/taboola/android/global_components/network/handlers/TBLRecommendationsHandler;',
  'method': 'performRequest(Ljava/lang/String;Ljava/lang/String;Ljava/util/Map;Ljava/lang/String;Lcom/taboola/android/global_components/network/handlers/TBLRecommendationsHandler$RecommendationsResponse;)Ljava/lang/String;',
  'name': ['UUID'],
  'num': 507,
  'source_class': 'Ljava/lang/String;',
  'source_method': 'valueOf(Ljava/lang/Object;)Ljava/lang/String;'},
 {'clss': 'Lcom/taboola/lightnetwork/url_components/UrlParameter;',
  'method': '<init>(Ljava/lang/Object;Ljava/lang/Object;)V',
  'name': ['UUID'],
  'num': 28,
  'source_class': 'Ljava/lang/String;',
  'source_method': 'valueOf(Ljava/lang/Object;)Ljava/lang/String;'},
 {'clss': 'Lcom/taboola/lightnetwork/url_components/UrlParameters;',
  'method': 'getString(Z)Ljava/lang/String;',
  'name': ['UUID'],
  'num': 275,
  'source_class': 'Ljava/lang/String;',
  'source_method': 'format(Ljava/lang/String;[Ljava/lang/Object;)Ljava/lang/String;'},
 {'clss': 'Lcom/taboola/lightnetwork/url_components/UrlParameters;',
  'method': 'getString(Z)Ljava/lang/String;',
  'name': ['UUID'],
  'num': 289,
  'source_class': 'Ljava/lang/StringBuilder;',
  'source_method': 'toString()Ljava/lang/String;'},
 {'clss': 'Lcom/taboola/lightnetwork/url_components/MutableUrl;',
  'method': 'getQueryParams()Ljava/lang/String;',
  'name': ['UUID'],
  'num': 179,
  'source_class': 'Ljava/lang/StringBuilder;',
  'source_method': 'toString()Ljava/lang/String;'},
 {'clss': 'Lcom/taboola/lightnetwork/url_components/MutableUrl;',
  'method': 'getUrl()Ljava/lang/String;',
  'name': ['UUID'],
  'num': 281,
  'source_class': 'Ljava/lang/String;',
  'source_method': 'format(Ljava/lang/String;[Ljava/lang/Object;)Ljava/lang/String;'},
 {'clss': 'Lcom/taboola/lightnetwork/protocols/http/HttpRequest;',
  'method': 'performRequest(Lcom/taboola/lightnetwork/protocols/http/HttpManager$NetworkResponse;Z)V',
  'name': ['UUID'],
  'num': 450,
  'source_class': 'Ljava/lang/String;',
  'source_method': 'toLowerCase()Ljava/lang/String;'},
 {'clss': 'Lcom/taboola/android/tblnative/TBLNativePageNetworkOrchestrator$1;',
  'method': 'onResponse(Lcom/taboola/lightnetwork/protocols/http/HttpResponse;Ljava/lang/String;)V',
  'name': ['UUID'],
  'num': 115,
  'source_class': 'Ljava/lang/StringBuilder;',
  'source_method': 'toString()Ljava/lang/String;'},
 {'clss': 'Lcom/taboola/android/utils/TBLSharedPrefUtil;',
  'method': 'getString(Landroid/content/Context;Ljava/lang/String;Ljava/lang/String;)Ljava/lang/String;',
  'name': ['UUID'],
  'num': 1036,
  'source_class': 'Landroid/content/SharedPreferences;',
  'source_method': 'getString(Ljava/lang/String;Ljava/lang/String;)Ljava/lang/String;'},
 {'clss': 'Lcom/taboola/android/global_components/AppSession;',
  'method': 'getAppSessionString(Landroid/content/Context;)Ljava/lang/String;',
  'name': ['UUID'],
  'num': 101,
  'source_class': 'Ljava/lang/StringBuilder;',
  'source_method': 'toString()Ljava/lang/String;'},
 {'clss': 'Lcom/taboola/android/tblweb/TBLWebViewManager;',
  'method': 'getDeviceData()Ljava/lang/String;',
  'name': ['UUID'],
  'num': 1819,
  'source_class': 'Lorg/json/JSONObject;',
  'source_method': 'toString()Ljava/lang/String;'},
 {'clss': 'Lcom/taboola/android/tblweb/TBLInjectedObject;',
  'method': 'getDeviceData()Ljava/lang/String;',
  'name': ['UUID'],
  'num': 970,
  'source_class': 'Ljava/lang/StringBuilder;',
  'source_method': 'toString()Ljava/lang/String;'}]
Sinks
[{"smali_tag": "7708_467", "clss": "Lcom/taboola/lightnetwork/protocols/http/HttpRequest;", "method": "performRequest(Lcom/taboola/lightnetwork/protocols/http/HttpManager$NetworkResponse;Z)V", "num": 467, "sink_class": "Ljava/net/URL;", "sink_method": "<init>(Ljava/lang/String;)V", "sink_values": ["https://cdn.taboola.com/mobile-config/sdk-tester-rnd/confV1_0/taboolaConfig.json?ui=tci991e6-8c74-44b2-b780-2bfaecc869b7&appv=1.0&sdkv=3.7.0-rc1&osv=9"], "sources": ["UUID"], "returned_value": null}, {"smali_tag": "7708_467", "clss": "Lcom/taboola/lightnetwork/protocols/http/HttpRequest;", "method": "performRequest(Lcom/taboola/lightnetwork/protocols/http/HttpManager$NetworkResponse;Z)V", "num": 467, "sink_class": "Ljava/net/URL;", "sink_method": "<init>(Ljava/lang/String;)V", "sink_values": ["https://api.taboola.com/1.2/json/sdk-tester-rnd/recommendations.multiple-get?placement1.available=true&ad=%7B%22sdkd%22%3A%7B%22appv%22%3A%221.0%22%2C%22appid%22%3A%22com.taboola.kotlin.examples%22%2C%22sdkt%22%3A%22Taboola%20Android%20SDK%20-%20API%22%2C%22os%22%3A%22Android%22%2C%22osv%22%3A%229%22%2C%22sdkv%22%3A%223.7.0-rc1%22%2C%22app%22%3A%22TaboolaSdkExamples%22%2C%22model%22%3A%22Google%20Pixel%203%22%2C%22lng%22%3A%7B%22main%22%3A%22jpn%22%2C%22locale%22%3A%22ja_JP%22%2C%22dsplng%22%3A%22%E6%97%A5%E6%9C%AC%E8%AA%9E%22%2C%22sim%22%3A%22jp%22%2C%22netw%22%3A%22jp%22%2C%22kbd%22%3A%5B%22%22%5D%7D%2C%22androidx%22%3Atrue%2C%22net%22%3A%22wifi%22%2C%22mem%22%3A%223633704%22%2C%22scr%22%3A%7B%22wd%22%3A1080%2C%22ht%22%3A2028%7D%7D%7D&user.opt_out=false&device.id=434ceb01-7f34-44db-bf40-aac89d9fb38e&source.id=%2F&app.type=mobile&app.apikey=c4c6a04f0b48c7992ff477c89a28ef8d41932d12&app.name=TaboolaSdkExamples&placement1.organic-type=mix&source.type=text&req_id=4a7a0bb2-44fc-4c28-83bc-cde18f8817b5&placement1.name=list_item&source.url=https%3A%2F%2Fblog.taboola.com&user.session=init&placement1.visible=false&view.id=1696663345649&placement1.rec-count=10"], "sources": ["UUID"], "returned_value": null}, {"smali_tag": "7708_467", "clss": "Lcom/taboola/lightnetwork/protocols/http/HttpRequest;", "method": "performRequest(Lcom/taboola/lightnetwork/protocols/http/HttpManager$NetworkResponse;Z)V", "num": 467, "sink_class": "Ljava/net/URL;", "sink_method": "<init>(Ljava/lang/String;)V", "sink_values": ["https://api.taboola.com/1.2/json/sdk-tester-rnd/recommendations.notify-visible?response.session=v2_43a53fb482d009fb1d24375327baca61_434ceb01-7f34-44db-bf40-aac89d9fb38e_1696663342_1696663342_CNawjgYQ5OxKGNLDjcrH0KrsKyABKAUwbziWrQtAurcLSIL61gNQ____________AVgAYABogcXJ89nKh9oHcAE&response.id=__5d4c756593f0bfcc01d6d3a8989bac03__d2bc51d0fa09b6fe824bd4a651014a99__~~V1~~5394624854547749505~~X5ntVHepqQ6Fpshtf7cuPaUiC96duT1jSIPSckHTOvhw6cLzOYgYTH58zK8cIqqSJixgLU9KG2GdS6FsD2gifaN_ENqBzc02815sbcw9YKzEdKEMOZZY3kEpwlTSizuWudjkAD4cpxqf0a1NDBILUt_4ElRM4g0yVvWVIfGnagjVtrES8X3kvj2iqUlDUir8RdbgwlJdnqyroTPEQNNEnyrGgfXraZfkqzxVI8YJiN0%2C~~V1~~-2844217271000554715~~jYY8d2B1fqxQ8a_Ue_9dnq0WdZb1NDxq2rtQTPG4O89yNpbgedRdYuhjTdtdbeHkJixgLU9KG2GdS6FsD2gifaN_ENqBzc02815sbcw9YKzEdKEMOZZY3kEpwlTSizuWudjkAD4cpxqf0a1NDBILUnDwRdenCrUOFx67TpSZOAAxPAuBiTpuMdc5G0CN2s5nRdbgwlJdnqyroTPEQNNEn_YqqLzEJy6JxdsC2DExKIA%2C~~V1~~-6048363399147918964~~8FPVq28SI6FbLZmyBytRsA6k6G4JnzzChmekmPhQNeb3eIVmnNpyhOtqV5-Ij_GFTIqFvNqQyFBte-Rcs7ar6hL-4g9_bCFd-EeKn5O6C7nnIZVql9ceDMBmpJsl6zXJstRLe0YG73MkvIcYjRMTJPE9L4Qb8K2nPIYrv18wv36PF8C2yPvlmbo_NIFLjI3JL_oNwT2ar9yKzDrB3_L1ng%2C~~V1~~8274520441670583582~~NIlfEAm1m1fgOvkIc8nFzmPFbyIvy-VYi2rF6siquKHB6wGpPWu_F_-PRJzQTUkvJixgLU9KG2GdS6FsD2gifaN_ENqBzc02815sbcw9YKzEdKEMOZZY3kEpwlTSizuWudjkAD4cpxqf0a1NDBILUkMkXZLaQ1G_q8uhSRGnuuRqSqANMqDJ8_ozvMEGqdhGxcTw3bwyxjnJQk0rVupDpsjHquE0SK_XFvkhyT520c0%2C~~V1~~-101391881285989085~~rX-E8lMaf2PIMkQ_ydt2dA9AvvUe7nBVRoOkvThVlMZ_IyVF-PUMhnzhEnt6YC70SZcbp1_oI8st5sGHBZn5E6OHxH9r0289lD3PqY2o24Z1QOWWaHcd0vag_bZOxXlF3_Y1sM87T3CcO6Tum8kzY_1MorEvmlCzuXhZtO8D58MoXSL9-tLZIXmus9A_ZSvmtomlwkogpDQVbi_HSv12LUjhJZ_OO04DTg2UW4mcR5ANqTPKKUvDPfvB4JWACXZ5%2Challoween-trends-to-follow-for-scary-good-campaigns%2Cfive-content-marketing-tips-for-online-fashion-brands%2C%2Fcreate-holiday-marketing-content%2F%2Ccontent-marketing-strategies-for-breakthrough-results%2C%2Fincrease-brand-awareness-today%2F__text%2Ctext%2Ctext%2Cphoto%2Ctext%2Ctext%2Ctext%2Ctext%2Ctext%2Ctext&app.apikey=c4c6a04f0b48c7992ff477c89a28ef8d41932d12&app.type=mobile"], "sources": ["UUID"], "returned_value": null}]