project.emulator.get_num_leaks() = 2
Sources
[{'clss': 'Lcom/bugfender/sdk/c3;', 'method': 'e()Ljava/lang/String;', 'name': ['UUID'], 'num': 310, 'source_class': 'Ljava/util/UUID;', 'source_method': 'toString()Ljava/lang/String;'},
 {'clss': 'Lcom/bugfender/sdk/c3;',
  'method': 'k()Z',
  'name': ['AndroidID'],
  'num': 435,
  'source_class': 'Landroid/provider/Settings$System;',
  'source_method': 'getString(Landroid/content/ContentResolver;Ljava/lang/String;)Ljava/lang/String;'},
 {'clss': 'Lcom/bugfender/sdk/c3;',
  'method': 'e()Ljava/lang/String;',
  'name': ['UUID'],
  'num': 300,
  'source_class': 'Landroid/content/SharedPreferences;',
  'source_method': 'getString(Ljava/lang/String;Ljava/lang/String;)Ljava/lang/String;'},
 {'clss': 'Lcom/bugfender/sdk/g3;', 'method': 'b(Ljava/util/UUID;)Ljava/util/UUID;', 'name': ['UUID'], 'num': 415, 'source_class': 'Ljava/util/UUID;', 'source_method': 'toString()Ljava/lang/String;'},
 {'clss': 'Lcom/bugfender/sdk/m1;',
  'method': 'a(Ljava/lang/String;J)Lcom/bugfender/sdk/o2;',
  'name': ['UUID'],
  'num': 372,
  'source_class': 'Ljava/util/UUID;',
  'source_method': 'toString()Ljava/lang/String;'},
 {'clss': 'Lcom/bugfender/sdk/r2;',
  'method': 'a(Lcom/bugfender/sdk/o2;)Ljava/lang/String;',
  'name': ['UUID'],
  'num': 754,
  'source_class': 'Lorg/json/JSONObject;',
  'source_method': 'toString()Ljava/lang/String;'},
 {'clss': 'Lcom/bugfender/sdk/c3;',
  'method': 'j()Ljava/lang/String;',
  'name': ['AndroidID'],
  'num': 399,
  'source_class': 'Landroid/provider/Settings$Secure;',
  'source_method': 'getString(Landroid/content/ContentResolver;Ljava/lang/String;)Ljava/lang/String;'},
 {'clss': 'Lcom/bugfender/sdk/m1;', 'method': 'a(Lcom/bugfender/sdk/y;)V', 'name': ['AndroidID'], 'num': 730, 'source_class': 'Lcom/bugfender/sdk/b3;', 'source_method': 'j()Ljava/lang/String;'},
 {'clss': 'Lcom/bugfender/sdk/b1;', 'method': 'b()Ljava/lang/Object;', 'name': ['AndroidID'], 'num': 66, 'source_class': None, 'source_method': None},
 {'clss': 'Lcom/bugfender/sdk/m1$b;',
  'method': 'a(Ljava/lang/Boolean;)V',
  'name': ['AndroidID'],
  'num': 90,
  'source_class': 'Ljava/lang/StringBuilder;',
  'source_method': 'toString()Ljava/lang/String;'},
 {'clss': 'Lcom/bugfender/sdk/i1;',
  'method': 'a(Lcom/bugfender/sdk/g1;)Ljava/lang/String;',
  'name': ['AndroidID'],
  'num': 400,
  'source_class': 'Lorg/json/JSONObject;',
  'source_method': 'toString()Ljava/lang/String;'},
 {'clss': 'Lcom/bugfender/sdk/c3;',
  'method': 'e()Ljava/lang/String;',
  'name': ['UUID'],
  'num': 300,
  'source_class': 'Landroid/content/SharedPreferences;',
  'source_method': 'getString(Ljava/lang/String;Ljava/lang/String;)Ljava/lang/String;'},
 {'clss': 'Lcom/bugfender/sdk/g3;', 'method': 'b(Ljava/util/UUID;)Ljava/util/UUID;', 'name': ['UUID'], 'num': 415, 'source_class': 'Ljava/util/UUID;', 'source_method': 'toString()Ljava/lang/String;'},
 {'clss': 'Lcom/bugfender/sdk/m1;',
  'method': 'a(Ljava/lang/String;Ljava/lang/String;Ljava/lang/String;Ljava/lang/String;)Ljava/util/UUID;',
  'name': ['UUID'],
  'num': 504,
  'source_class': 'Ljava/util/UUID;',
  'source_method': 'toString()Ljava/lang/String;'},
 {'clss': 'Lcom/bugfender/sdk/m1;',
  'method': 'g(Ljava/lang/String;Ljava/lang/String;)Ljava/net/URL;',
  'name': ['UUID'],
  'num': 2308,
  'source_class': 'Ljava/util/UUID;',
  'source_method': 'toString()Ljava/lang/String;'},
 {'clss': 'Lcom/bugfender/sdk/i3;',
  'method': 'a(Ljava/lang/String;Ljava/lang/String;)Ljava/net/URL;',
  'name': ['UUID'],
  'num': 80,
  'source_class': 'Ljava/lang/StringBuilder;',
  'source_method': 'toString()Ljava/lang/String;'},
 {'clss': 'Lcom/bugfender/sdk/h0;',
  'method': 'a(Ljava/io/File;)Ljava/lang/String;',
  'name': ['UUID'],
  'num': 60,
  'source_class': 'Ljava/util/Scanner;',
  'source_method': 'nextLine()Ljava/lang/String;'},
 {'clss': 'Lcom/bugfender/sdk/h0;',
  'method': 'a(Ljava/io/File;)Ljava/lang/String;',
  'name': ['UUID'],
  'num': 69,
  'source_class': 'Ljava/lang/StringBuilder;',
  'source_method': 'toString()Ljava/lang/String;'},
 {'clss': 'Lcom/bugfender/sdk/r2;',
  'method': 'a(Ljava/lang/String;)Lcom/bugfender/sdk/o2;',
  'name': ['UUID'],
  'num': 235,
  'source_class': 'Lorg/json/JSONObject;',
  'source_method': 'getString(Ljava/lang/String;)Ljava/lang/String;'},
 {'clss': 'Lcom/bugfender/sdk/c3;',
  'method': 'e()Ljava/lang/String;',
  'name': ['UUID'],
  'num': 300,
  'source_class': 'Landroid/content/SharedPreferences;',
  'source_method': 'getString(Ljava/lang/String;Ljava/lang/String;)Ljava/lang/String;'},
 {'clss': 'Lcom/bugfender/sdk/i3;',
  'method': 'a(Ljava/lang/String;Ljava/lang/String;)Ljava/net/URL;',
  'name': ['UUID'],
  'num': 80,
  'source_class': 'Ljava/lang/StringBuilder;',
  'source_method': 'toString()Ljava/lang/String;'},
 {'clss': 'Lcom/bugfender/sample/MainActivity;',
  'method': 'onCreate(Landroid/os/Bundle;)V',
  'name': ['UUID'],
  'num': 80,
  'source_class': 'Ljava/net/URL;',
  'source_method': 'getPath()Ljava/lang/String;'},
 {'clss': 'Lcom/bugfender/sample/MainActivity;',
  'method': 'onCreate(Landroid/os/Bundle;)V',
  'name': ['UUID'],
  'num': 86,
  'source_class': 'Ljava/lang/StringBuilder;',
  'source_method': 'toString()Ljava/lang/String;'},
 {'clss': 'Lcom/bugfender/sdk/r2;',
  'method': 'a(Ljava/lang/String;)Lcom/bugfender/sdk/o2;',
  'name': ['UUID'],
  'num': 569,
  'source_class': 'Lorg/json/JSONObject;',
  'source_method': 'optString(Ljava/lang/String;)Ljava/lang/String;'},
 {'clss': 'Lcom/bugfender/sdk/c3;',
  'method': 'e()Ljava/lang/String;',
  'name': ['UUID'],
  'num': 300,
  'source_class': 'Landroid/content/SharedPreferences;',
  'source_method': 'getString(Ljava/lang/String;Ljava/lang/String;)Ljava/lang/String;'},
 {'clss': 'Lcom/bugfender/sdk/c3;',
  'method': 'k()Z',
  'name': ['AndroidID'],
  'num': 435,
  'source_class': 'Landroid/provider/Settings$System;',
  'source_method': 'getString(Landroid/content/ContentResolver;Ljava/lang/String;)Ljava/lang/String;'},
 {'clss': 'Lcom/bugfender/sdk/a1$c$a;',
  'method': 'a(Lcom/bugfender/sdk/o2;Ljava/lang/Boolean;)Ljava/lang/String;',
  'name': ['UUID'],
  'num': 296,
  'source_class': 'Lorg/json/JSONObject;',
  'source_method': 'toString()Ljava/lang/String;'},
 {'clss': 'Lcom/bugfender/sdk/z0;',
  'method': 'b(Lcom/bugfender/sdk/w0;)Ljava/lang/String;',
  'name': ['UUID'],
  'num': 292,
  'source_class': 'Ljava/util/UUID;',
  'source_method': 'toString()Ljava/lang/String;'},
 {'clss': 'Lcom/bugfender/sdk/j1;', 'method': 'c()V', 'name': ['UUID'], 'num': 108, 'source_class': 'Ljava/io/BufferedReader;', 'source_method': 'readLine()Ljava/lang/String;'},
 {'clss': 'Lcom/bugfender/sdk/e3;',
  'method': 'a(Ljava/lang/String;I)Lcom/bugfender/sdk/e3;',
  'name': ['UUID'],
  'num': 94,
  'source_class': 'Ljava/util/regex/Matcher;',
  'source_method': 'group(I)Ljava/lang/String;'},
 {'clss': 'Lcom/bugfender/sdk/z0;',
  'method': 'b(Lcom/bugfender/sdk/w0;)Ljava/lang/String;',
  'name': ['UUID'],
  'num': 342,
  'source_class': 'Lorg/json/JSONObject;',
  'source_method': 'toString()Ljava/lang/String;'},
 {'clss': 'Lcom/bugfender/sdk/i1;',
  'method': 'a(Lcom/bugfender/sdk/g1;)Ljava/lang/String;',
  'name': ['UUID'],
  'num': 400,
  'source_class': 'Lorg/json/JSONObject;',
  'source_method': 'toString()Ljava/lang/String;'},
 {'clss': 'Lcom/bugfender/sdk/i1;',
  'method': 'a(Lcom/bugfender/sdk/g1;)Ljava/lang/String;',
  'name': ['UUID'],
  'num': 400,
  'source_class': 'Lorg/json/JSONObject;',
  'source_method': 'toString()Ljava/lang/String;'},
 {'clss': 'Lcom/bugfender/sdk/h0;',
  'method': 'a(Ljava/io/File;)Ljava/lang/String;',
  'name': ['UUID'],
  'num': 60,
  'source_class': 'Ljava/util/Scanner;',
  'source_method': 'nextLine()Ljava/lang/String;'},
 {'clss': 'Lcom/bugfender/sdk/h0;',
  'method': 'a(Ljava/io/File;)Ljava/lang/String;',
  'name': ['UUID'],
  'num': 69,
  'source_class': 'Ljava/lang/StringBuilder;',
  'source_method': 'toString()Ljava/lang/String;'},
 {'clss': 'Lcom/bugfender/sdk/r2;',
  'method': 'a(Ljava/lang/String;)Lcom/bugfender/sdk/o2;',
  'name': ['UUID'],
  'num': 235,
  'source_class': 'Lorg/json/JSONObject;',
  'source_method': 'getString(Ljava/lang/String;)Ljava/lang/String;'},
 {'clss': 'Lcom/bugfender/sdk/r2;',
  'method': 'a(Ljava/lang/String;)Lcom/bugfender/sdk/o2;',
  'name': ['UUID'],
  'num': 569,
  'source_class': 'Lorg/json/JSONObject;',
  'source_method': 'optString(Ljava/lang/String;)Ljava/lang/String;'},
 {'clss': 'Lcom/bugfender/sdk/r2;',
  'method': 'a(Lcom/bugfender/sdk/o2;)Ljava/lang/String;',
  'name': ['UUID'],
  'num': 754,
  'source_class': 'Lorg/json/JSONObject;',
  'source_method': 'toString()Ljava/lang/String;'},
 {'clss': 'Lcom/bugfender/sdk/h1;',
  'method': 'c(Ljava/io/File;)Ljava/util/List;',
  'name': ['AndroidID'],
  'num': 79,
  'source_class': 'Ljava/util/Scanner;',
  'source_method': 'nextLine()Ljava/lang/String;'},
 {'clss': 'Lcom/bugfender/sdk/i1;',
  'method': 'a(Ljava/lang/String;)Lcom/bugfender/sdk/g1;',
  'name': ['AndroidID'],
  'num': 159,
  'source_class': 'Lorg/json/JSONObject;',
  'source_method': 'getString(Ljava/lang/String;)Ljava/lang/String;'},
 {'clss': 'Lcom/bugfender/sdk/g1$b;', 'method': 'a()Lcom/bugfender/sdk/g1;', 'name': ['AndroidID'], 'num': 100, 'source_class': None, 'source_method': None},
 {'clss': 'Lcom/bugfender/sdk/h1;', 'method': 'c(Ljava/io/File;)Ljava/util/List;', 'name': ['UUID'], 'num': 79, 'source_class': 'Ljava/util/Scanner;', 'source_method': 'nextLine()Ljava/lang/String;'},
 {'clss': 'Lcom/bugfender/sdk/i1;',
  'method': 'a(Ljava/lang/String;)Lcom/bugfender/sdk/g1;',
  'name': ['UUID'],
  'num': 159,
  'source_class': 'Lorg/json/JSONObject;',
  'source_method': 'getString(Ljava/lang/String;)Ljava/lang/String;'},
 {'clss': 'Lcom/bugfender/sdk/a1$c$a;',
  'method': 'a(Lcom/bugfender/sdk/o2;Ljava/lang/Boolean;)Ljava/lang/String;',
  'name': ['UUID'],
  'num': 296,
  'source_class': 'Lorg/json/JSONObject;',
  'source_method': 'toString()Ljava/lang/String;'},
 {'clss': 'Lcom/bugfender/sdk/a1$c$a;',
  'method': 'a(Lcom/bugfender/sdk/o2;Ljava/lang/Boolean;)Ljava/lang/String;',
  'name': ['UUID'],
  'num': 296,
  'source_class': 'Lorg/json/JSONObject;',
  'source_method': 'toString()Ljava/lang/String;'},
 {'clss': 'Lcom/bugfender/sdk/a1$c$a;',
  'method': 'a(Lcom/bugfender/sdk/o2;Ljava/lang/Boolean;)Ljava/lang/String;',
  'name': ['UUID'],
  'num': 296,
  'source_class': 'Lorg/json/JSONObject;',
  'source_method': 'toString()Ljava/lang/String;'},
 {'clss': 'Lcom/bugfender/sdk/a1$c$a;',
  'method': 'a(Lcom/bugfender/sdk/o2;Ljava/lang/Boolean;)Ljava/lang/String;',
  'name': ['UUID'],
  'num': 296,
  'source_class': 'Lorg/json/JSONObject;',
  'source_method': 'toString()Ljava/lang/String;'},
 {'clss': 'Lcom/bugfender/sdk/a1$c$a;',
  'method': 'a(Lcom/bugfender/sdk/o2;Ljava/lang/Boolean;)Ljava/lang/String;',
  'name': ['UUID'],
  'num': 296,
  'source_class': 'Lorg/json/JSONObject;',
  'source_method': 'toString()Ljava/lang/String;'},
 {'clss': 'Lcom/bugfender/sdk/a1$c$a;',
  'method': 'a(Lcom/bugfender/sdk/o2;Ljava/lang/Boolean;)Ljava/lang/String;',
  'name': ['UUID'],
  'num': 296,
  'source_class': 'Lorg/json/JSONObject;',
  'source_method': 'toString()Ljava/lang/String;'},
 {'clss': 'Lcom/bugfender/sdk/a1$c$a;',
  'method': 'a(Lcom/bugfender/sdk/o2;Ljava/lang/Boolean;)Ljava/lang/String;',
  'name': ['UUID'],
  'num': 296,
  'source_class': 'Lorg/json/JSONObject;',
  'source_method': 'toString()Ljava/lang/String;'},
 {'clss': 'Lcom/bugfender/sdk/a1$c$a;',
  'method': 'a(Lcom/bugfender/sdk/o2;Ljava/lang/Boolean;)Ljava/lang/String;',
  'name': ['UUID'],
  'num': 296,
  'source_class': 'Lorg/json/JSONObject;',
  'source_method': 'toString()Ljava/lang/String;'},
 {'clss': 'Lcom/bugfender/sdk/a1$c$a;',
  'method': 'a(Lcom/bugfender/sdk/o2;Ljava/lang/Boolean;)Ljava/lang/String;',
  'name': ['UUID'],
  'num': 296,
  'source_class': 'Lorg/json/JSONObject;',
  'source_method': 'toString()Ljava/lang/String;'},
 {'clss': 'Lcom/bugfender/sdk/a1$c$a;',
  'method': 'a(Lcom/bugfender/sdk/o2;Ljava/lang/Boolean;)Ljava/lang/String;',
  'name': ['UUID'],
  'num': 296,
  'source_class': 'Lorg/json/JSONObject;',
  'source_method': 'toString()Ljava/lang/String;'},
 {'clss': 'Lcom/bugfender/sdk/a1$c$a;',
  'method': 'a(Lcom/bugfender/sdk/o2;Ljava/lang/Boolean;)Ljava/lang/String;',
  'name': ['UUID'],
  'num': 296,
  'source_class': 'Lorg/json/JSONObject;',
  'source_method': 'toString()Ljava/lang/String;'},
 {'clss': 'Lcom/bugfender/sdk/a1$c$a;',
  'method': 'a(Lcom/bugfender/sdk/o2;Ljava/lang/Boolean;)Ljava/lang/String;',
  'name': ['UUID'],
  'num': 296,
  'source_class': 'Lorg/json/JSONObject;',
  'source_method': 'toString()Ljava/lang/String;'},
 {'clss': 'Lcom/bugfender/sdk/a1$c$a;',
  'method': 'a(Lcom/bugfender/sdk/o2;Ljava/lang/Boolean;)Ljava/lang/String;',
  'name': ['UUID'],
  'num': 296,
  'source_class': 'Lorg/json/JSONObject;',
  'source_method': 'toString()Ljava/lang/String;'},
 {'clss': 'Lcom/bugfender/sdk/a1$c$a;',
  'method': 'a(Lcom/bugfender/sdk/o2;Ljava/lang/Boolean;)Ljava/lang/String;',
  'name': ['UUID'],
  'num': 296,
  'source_class': 'Lorg/json/JSONObject;',
  'source_method': 'toString()Ljava/lang/String;'},
 {'clss': 'Lcom/bugfender/sdk/a1$c$a;',
  'method': 'a(Lcom/bugfender/sdk/o2;Ljava/lang/Boolean;)Ljava/lang/String;',
  'name': ['UUID'],
  'num': 296,
  'source_class': 'Lorg/json/JSONObject;',
  'source_method': 'toString()Ljava/lang/String;'},
 {'clss': 'Lcom/bugfender/sdk/a1$c$a;',
  'method': 'a(Lcom/bugfender/sdk/o2;Ljava/lang/Boolean;)Ljava/lang/String;',
  'name': ['UUID'],
  'num': 296,
  'source_class': 'Lorg/json/JSONObject;',
  'source_method': 'toString()Ljava/lang/String;'},
 {'clss': 'Lcom/bugfender/sdk/a1$c$a;',
  'method': 'a(Lcom/bugfender/sdk/o2;Ljava/lang/Boolean;)Ljava/lang/String;',
  'name': ['UUID'],
  'num': 296,
  'source_class': 'Lorg/json/JSONObject;',
  'source_method': 'toString()Ljava/lang/String;'},
 {'clss': 'Lcom/bugfender/sdk/a1$c$a;',
  'method': 'a(Lcom/bugfender/sdk/o2;Ljava/lang/Boolean;)Ljava/lang/String;',
  'name': ['UUID'],
  'num': 296,
  'source_class': 'Lorg/json/JSONObject;',
  'source_method': 'toString()Ljava/lang/String;'},
 {'clss': 'Lcom/bugfender/sdk/a1$c$a;',
  'method': 'a(Lcom/bugfender/sdk/o2;Ljava/lang/Boolean;)Ljava/lang/String;',
  'name': ['UUID'],
  'num': 296,
  'source_class': 'Lorg/json/JSONObject;',
  'source_method': 'toString()Ljava/lang/String;'},
 {'clss': 'Lcom/bugfender/sdk/a1$c$a;',
  'method': 'a(Lcom/bugfender/sdk/o2;Ljava/lang/Boolean;)Ljava/lang/String;',
  'name': ['UUID'],
  'num': 296,
  'source_class': 'Lorg/json/JSONObject;',
  'source_method': 'toString()Ljava/lang/String;'},
 {'clss': 'Lcom/bugfender/sdk/a1$c$a;',
  'method': 'a(Lcom/bugfender/sdk/o2;Ljava/lang/Boolean;)Ljava/lang/String;',
  'name': ['UUID'],
  'num': 296,
  'source_class': 'Lorg/json/JSONObject;',
  'source_method': 'toString()Ljava/lang/String;'},
 {'clss': 'Lcom/bugfender/sdk/a1$e$a;',
  'method': 'a(Ljava/util/List;Lcom/bugfender/sdk/o2;)Ljava/lang/String;',
  'name': ['AndroidID', 'UUID'],
  'num': 192,
  'source_class': 'Lorg/json/JSONObject;',
  'source_method': 'toString()Ljava/lang/String;'},
 {'clss': 'Lcom/bugfender/sdk/a1$c$a;',
  'method': 'a(Lcom/bugfender/sdk/o2;Ljava/lang/Boolean;)Ljava/lang/String;',
  'name': ['UUID'],
  'num': 296,
  'source_class': 'Lorg/json/JSONObject;',
  'source_method': 'toString()Ljava/lang/String;'},
 {'clss': 'Lcom/bugfender/sdk/a1$e$a;',
  'method': 'a(Ljava/util/List;Lcom/bugfender/sdk/o2;)Ljava/lang/String;',
  'name': ['UUID'],
  'num': 192,
  'source_class': 'Lorg/json/JSONObject;',
  'source_method': 'toString()Ljava/lang/String;'},
 {'clss': 'Lcom/bugfender/sdk/h0;',
  'method': 'a(Ljava/io/File;)Ljava/lang/String;',
  'name': ['UUID'],
  'num': 60,
  'source_class': 'Ljava/util/Scanner;',
  'source_method': 'nextLine()Ljava/lang/String;'},
 {'clss': 'Lcom/bugfender/sdk/h0;',
  'method': 'a(Ljava/io/File;)Ljava/lang/String;',
  'name': ['UUID'],
  'num': 69,
  'source_class': 'Ljava/lang/StringBuilder;',
  'source_method': 'toString()Ljava/lang/String;'},
 {'clss': 'Lcom/bugfender/sdk/r2;',
  'method': 'a(Ljava/lang/String;)Lcom/bugfender/sdk/o2;',
  'name': ['UUID'],
  'num': 235,
  'source_class': 'Lorg/json/JSONObject;',
  'source_method': 'getString(Ljava/lang/String;)Ljava/lang/String;'},
 {'clss': 'Lcom/bugfender/sdk/r2;',
  'method': 'a(Ljava/lang/String;)Lcom/bugfender/sdk/o2;',
  'name': ['UUID'],
  'num': 569,
  'source_class': 'Lorg/json/JSONObject;',
  'source_method': 'optString(Ljava/lang/String;)Ljava/lang/String;'},
 {'clss': 'Lcom/bugfender/sdk/x0;', 'method': 'c(Ljava/io/File;)Ljava/util/List;', 'name': ['UUID'], 'num': 81, 'source_class': 'Ljava/util/Scanner;', 'source_method': 'nextLine()Ljava/lang/String;'},
 {'clss': 'Lcom/bugfender/sdk/z0;',
  'method': 'a(Ljava/lang/String;)Lcom/bugfender/sdk/w0;',
  'name': ['UUID'],
  'num': 82,
  'source_class': 'Lorg/json/JSONObject;',
  'source_method': 'optString(Ljava/lang/String;)Ljava/lang/String;'},
 {'clss': 'Lcom/bugfender/sdk/a1$b$a;',
  'method': 'a(Lcom/bugfender/sdk/w0;Lcom/bugfender/sdk/o2;)Ljava/lang/String;',
  'name': ['UUID'],
  'num': 67,
  'source_class': 'Ljava/util/UUID;',
  'source_method': 'toString()Ljava/lang/String;'},
 {'clss': 'Lcom/bugfender/sdk/a1$c$a;',
  'method': 'a(Lcom/bugfender/sdk/o2;Ljava/lang/Boolean;)Ljava/lang/String;',
  'name': ['UUID'],
  'num': 296,
  'source_class': 'Lorg/json/JSONObject;',
  'source_method': 'toString()Ljava/lang/String;'},
 {'clss': 'Lcom/bugfender/sdk/a1$b$a;',
  'method': 'a(Lcom/bugfender/sdk/w0;Lcom/bugfender/sdk/o2;)Ljava/lang/String;',
  'name': ['UUID'],
  'num': 145,
  'source_class': 'Lorg/json/JSONObject;',
  'source_method': 'toString()Ljava/lang/String;'},
 {'clss': 'Lcom/bugfender/sdk/h0;',
  'method': 'a(Ljava/io/File;)Ljava/lang/String;',
  'name': ['UUID'],
  'num': 60,
  'source_class': 'Ljava/util/Scanner;',
  'source_method': 'nextLine()Ljava/lang/String;'},
 {'clss': 'Lcom/bugfender/sdk/h0;',
  'method': 'a(Ljava/io/File;)Ljava/lang/String;',
  'name': ['UUID'],
  'num': 69,
  'source_class': 'Ljava/lang/StringBuilder;',
  'source_method': 'toString()Ljava/lang/String;'},
 {'clss': 'Lcom/bugfender/sdk/r2;',
  'method': 'a(Ljava/lang/String;)Lcom/bugfender/sdk/o2;',
  'name': ['UUID'],
  'num': 235,
  'source_class': 'Lorg/json/JSONObject;',
  'source_method': 'getString(Ljava/lang/String;)Ljava/lang/String;'},
 {'clss': 'Lcom/bugfender/sdk/r2;',
  'method': 'a(Ljava/lang/String;)Lcom/bugfender/sdk/o2;',
  'name': ['UUID'],
  'num': 569,
  'source_class': 'Lorg/json/JSONObject;',
  'source_method': 'optString(Ljava/lang/String;)Ljava/lang/String;'},
 {'clss': 'Lcom/bugfender/sdk/h1;', 'method': 'c(Ljava/io/File;)Ljava/util/List;', 'name': ['UUID'], 'num': 79, 'source_class': 'Ljava/util/Scanner;', 'source_method': 'nextLine()Ljava/lang/String;'},
 {'clss': 'Lcom/bugfender/sdk/i1;',
  'method': 'a(Ljava/lang/String;)Lcom/bugfender/sdk/g1;',
  'name': ['UUID'],
  'num': 159,
  'source_class': 'Lorg/json/JSONObject;',
  'source_method': 'getString(Ljava/lang/String;)Ljava/lang/String;'},
 {'clss': 'Lcom/bugfender/sdk/a1$c$a;',
  'method': 'a(Lcom/bugfender/sdk/o2;Ljava/lang/Boolean;)Ljava/lang/String;',
  'name': ['UUID'],
  'num': 296,
  'source_class': 'Lorg/json/JSONObject;',
  'source_method': 'toString()Ljava/lang/String;'},
 {'clss': 'Lcom/bugfender/sdk/a1$c$a;',
  'method': 'a(Lcom/bugfender/sdk/o2;Ljava/lang/Boolean;)Ljava/lang/String;',
  'name': ['UUID'],
  'num': 296,
  'source_class': 'Lorg/json/JSONObject;',
  'source_method': 'toString()Ljava/lang/String;'},
 {'clss': 'Lcom/bugfender/sdk/a1$c$a;',
  'method': 'a(Lcom/bugfender/sdk/o2;Ljava/lang/Boolean;)Ljava/lang/String;',
  'name': ['UUID'],
  'num': 296,
  'source_class': 'Lorg/json/JSONObject;',
  'source_method': 'toString()Ljava/lang/String;'},
 {'clss': 'Lcom/bugfender/sdk/a1$c$a;',
  'method': 'a(Lcom/bugfender/sdk/o2;Ljava/lang/Boolean;)Ljava/lang/String;',
  'name': ['UUID'],
  'num': 296,
  'source_class': 'Lorg/json/JSONObject;',
  'source_method': 'toString()Ljava/lang/String;'},
 {'clss': 'Lcom/bugfender/sdk/a1$c$a;',
  'method': 'a(Lcom/bugfender/sdk/o2;Ljava/lang/Boolean;)Ljava/lang/String;',
  'name': ['UUID'],
  'num': 296,
  'source_class': 'Lorg/json/JSONObject;',
  'source_method': 'toString()Ljava/lang/String;'},
 {'clss': 'Lcom/bugfender/sdk/a1$c$a;',
  'method': 'a(Lcom/bugfender/sdk/o2;Ljava/lang/Boolean;)Ljava/lang/String;',
  'name': ['UUID'],
  'num': 296,
  'source_class': 'Lorg/json/JSONObject;',
  'source_method': 'toString()Ljava/lang/String;'},
 {'clss': 'Lcom/bugfender/sdk/a1$c$a;',
  'method': 'a(Lcom/bugfender/sdk/o2;Ljava/lang/Boolean;)Ljava/lang/String;',
  'name': ['UUID'],
  'num': 296,
  'source_class': 'Lorg/json/JSONObject;',
  'source_method': 'toString()Ljava/lang/String;'},
 {'clss': 'Lcom/bugfender/sdk/a1$c$a;',
  'method': 'a(Lcom/bugfender/sdk/o2;Ljava/lang/Boolean;)Ljava/lang/String;',
  'name': ['UUID'],
  'num': 296,
  'source_class': 'Lorg/json/JSONObject;',
  'source_method': 'toString()Ljava/lang/String;'},
 {'clss': 'Lcom/bugfender/sdk/a1$c$a;',
  'method': 'a(Lcom/bugfender/sdk/o2;Ljava/lang/Boolean;)Ljava/lang/String;',
  'name': ['UUID'],
  'num': 296,
  'source_class': 'Lorg/json/JSONObject;',
  'source_method': 'toString()Ljava/lang/String;'},
 {'clss': 'Lcom/bugfender/sdk/a1$c$a;',
  'method': 'a(Lcom/bugfender/sdk/o2;Ljava/lang/Boolean;)Ljava/lang/String;',
  'name': ['UUID'],
  'num': 296,
  'source_class': 'Lorg/json/JSONObject;',
  'source_method': 'toString()Ljava/lang/String;'},
 {'clss': 'Lcom/bugfender/sdk/a1$c$a;',
  'method': 'a(Lcom/bugfender/sdk/o2;Ljava/lang/Boolean;)Ljava/lang/String;',
  'name': ['UUID'],
  'num': 296,
  'source_class': 'Lorg/json/JSONObject;',
  'source_method': 'toString()Ljava/lang/String;'},
 {'clss': 'Lcom/bugfender/sdk/a1$c$a;',
  'method': 'a(Lcom/bugfender/sdk/o2;Ljava/lang/Boolean;)Ljava/lang/String;',
  'name': ['UUID'],
  'num': 296,
  'source_class': 'Lorg/json/JSONObject;',
  'source_method': 'toString()Ljava/lang/String;'},
 {'clss': 'Lcom/bugfender/sdk/a1$c$a;',
  'method': 'a(Lcom/bugfender/sdk/o2;Ljava/lang/Boolean;)Ljava/lang/String;',
  'name': ['UUID'],
  'num': 296,
  'source_class': 'Lorg/json/JSONObject;',
  'source_method': 'toString()Ljava/lang/String;'},
 {'clss': 'Lcom/bugfender/sdk/a1$c$a;',
  'method': 'a(Lcom/bugfender/sdk/o2;Ljava/lang/Boolean;)Ljava/lang/String;',
  'name': ['UUID'],
  'num': 296,
  'source_class': 'Lorg/json/JSONObject;',
  'source_method': 'toString()Ljava/lang/String;'},
 {'clss': 'Lcom/bugfender/sdk/a1$c$a;',
  'method': 'a(Lcom/bugfender/sdk/o2;Ljava/lang/Boolean;)Ljava/lang/String;',
  'name': ['UUID'],
  'num': 296,
  'source_class': 'Lorg/json/JSONObject;',
  'source_method': 'toString()Ljava/lang/String;'},
 {'clss': 'Lcom/bugfender/sdk/a1$c$a;',
  'method': 'a(Lcom/bugfender/sdk/o2;Ljava/lang/Boolean;)Ljava/lang/String;',
  'name': ['UUID'],
  'num': 296,
  'source_class': 'Lorg/json/JSONObject;',
  'source_method': 'toString()Ljava/lang/String;'},
 {'clss': 'Lcom/bugfender/sdk/a1$c$a;',
  'method': 'a(Lcom/bugfender/sdk/o2;Ljava/lang/Boolean;)Ljava/lang/String;',
  'name': ['UUID'],
  'num': 296,
  'source_class': 'Lorg/json/JSONObject;',
  'source_method': 'toString()Ljava/lang/String;'},
 {'clss': 'Lcom/bugfender/sdk/a1$c$a;',
  'method': 'a(Lcom/bugfender/sdk/o2;Ljava/lang/Boolean;)Ljava/lang/String;',
  'name': ['UUID'],
  'num': 296,
  'source_class': 'Lorg/json/JSONObject;',
  'source_method': 'toString()Ljava/lang/String;'},
 {'clss': 'Lcom/bugfender/sdk/a1$c$a;',
  'method': 'a(Lcom/bugfender/sdk/o2;Ljava/lang/Boolean;)Ljava/lang/String;',
  'name': ['UUID'],
  'num': 296,
  'source_class': 'Lorg/json/JSONObject;',
  'source_method': 'toString()Ljava/lang/String;'},
 {'clss': 'Lcom/bugfender/sdk/a1$c$a;',
  'method': 'a(Lcom/bugfender/sdk/o2;Ljava/lang/Boolean;)Ljava/lang/String;',
  'name': ['UUID'],
  'num': 296,
  'source_class': 'Lorg/json/JSONObject;',
  'source_method': 'toString()Ljava/lang/String;'},
 {'clss': 'Lcom/bugfender/sdk/a1$c$a;',
  'method': 'a(Lcom/bugfender/sdk/o2;Ljava/lang/Boolean;)Ljava/lang/String;',
  'name': ['UUID'],
  'num': 296,
  'source_class': 'Lorg/json/JSONObject;',
  'source_method': 'toString()Ljava/lang/String;'},
 {'clss': 'Lcom/bugfender/sdk/a1$c$a;',
  'method': 'a(Lcom/bugfender/sdk/o2;Ljava/lang/Boolean;)Ljava/lang/String;',
  'name': ['UUID'],
  'num': 296,
  'source_class': 'Lorg/json/JSONObject;',
  'source_method': 'toString()Ljava/lang/String;'},
 {'clss': 'Lcom/bugfender/sdk/a1$c$a;',
  'method': 'a(Lcom/bugfender/sdk/o2;Ljava/lang/Boolean;)Ljava/lang/String;',
  'name': ['UUID'],
  'num': 296,
  'source_class': 'Lorg/json/JSONObject;',
  'source_method': 'toString()Ljava/lang/String;'},
 {'clss': 'Lcom/bugfender/sdk/a1$c$a;',
  'method': 'a(Lcom/bugfender/sdk/o2;Ljava/lang/Boolean;)Ljava/lang/String;',
  'name': ['UUID'],
  'num': 296,
  'source_class': 'Lorg/json/JSONObject;',
  'source_method': 'toString()Ljava/lang/String;'},
 {'clss': 'Lcom/bugfender/sdk/a1$c$a;',
  'method': 'a(Lcom/bugfender/sdk/o2;Ljava/lang/Boolean;)Ljava/lang/String;',
  'name': ['UUID'],
  'num': 296,
  'source_class': 'Lorg/json/JSONObject;',
  'source_method': 'toString()Ljava/lang/String;'},
 {'clss': 'Lcom/bugfender/sdk/a1$c$a;',
  'method': 'a(Lcom/bugfender/sdk/o2;Ljava/lang/Boolean;)Ljava/lang/String;',
  'name': ['UUID'],
  'num': 296,
  'source_class': 'Lorg/json/JSONObject;',
  'source_method': 'toString()Ljava/lang/String;'},
 {'clss': 'Lcom/bugfender/sdk/a1$e$a;',
  'method': 'a(Ljava/util/List;Lcom/bugfender/sdk/o2;)Ljava/lang/String;',
  'name': ['UUID'],
  'num': 192,
  'source_class': 'Lorg/json/JSONObject;',
  'source_method': 'toString()Ljava/lang/String;'},
 {'clss': 'Lcom/bugfender/sdk/h0;',
  'method': 'a(Ljava/io/File;)Ljava/lang/String;',
  'name': ['UUID'],
  'num': 60,
  'source_class': 'Ljava/util/Scanner;',
  'source_method': 'nextLine()Ljava/lang/String;'},
 {'clss': 'Lcom/bugfender/sdk/h0;',
  'method': 'a(Ljava/io/File;)Ljava/lang/String;',
  'name': ['UUID'],
  'num': 69,
  'source_class': 'Ljava/lang/StringBuilder;',
  'source_method': 'toString()Ljava/lang/String;'},
 {'clss': 'Lcom/bugfender/sdk/r2;',
  'method': 'a(Ljava/lang/String;)Lcom/bugfender/sdk/o2;',
  'name': ['UUID'],
  'num': 235,
  'source_class': 'Lorg/json/JSONObject;',
  'source_method': 'getString(Ljava/lang/String;)Ljava/lang/String;'},
 {'clss': 'Lcom/bugfender/sdk/r2;',
  'method': 'a(Ljava/lang/String;)Lcom/bugfender/sdk/o2;',
  'name': ['UUID'],
  'num': 569,
  'source_class': 'Lorg/json/JSONObject;',
  'source_method': 'optString(Ljava/lang/String;)Ljava/lang/String;'},
 {'clss': 'Lcom/bugfender/sdk/h0;',
  'method': 'a(Ljava/io/File;)Ljava/lang/String;',
  'name': ['UUID'],
  'num': 60,
  'source_class': 'Ljava/util/Scanner;',
  'source_method': 'nextLine()Ljava/lang/String;'},
 {'clss': 'Lcom/bugfender/sdk/h0;',
  'method': 'a(Ljava/io/File;)Ljava/lang/String;',
  'name': ['UUID'],
  'num': 69,
  'source_class': 'Ljava/lang/StringBuilder;',
  'source_method': 'toString()Ljava/lang/String;'},
 {'clss': 'Lcom/bugfender/sdk/r2;',
  'method': 'a(Ljava/lang/String;)Lcom/bugfender/sdk/o2;',
  'name': ['UUID'],
  'num': 235,
  'source_class': 'Lorg/json/JSONObject;',
  'source_method': 'getString(Ljava/lang/String;)Ljava/lang/String;'},
 {'clss': 'Lcom/bugfender/sdk/r2;',
  'method': 'a(Ljava/lang/String;)Lcom/bugfender/sdk/o2;',
  'name': ['UUID'],
  'num': 569,
  'source_class': 'Lorg/json/JSONObject;',
  'source_method': 'optString(Ljava/lang/String;)Ljava/lang/String;'},
 {'clss': 'Lcom/bugfender/sdk/h0;',
  'method': 'a(Ljava/io/File;)Ljava/lang/String;',
  'name': ['UUID'],
  'num': 60,
  'source_class': 'Ljava/util/Scanner;',
  'source_method': 'nextLine()Ljava/lang/String;'},
 {'clss': 'Lcom/bugfender/sdk/h0;',
  'method': 'a(Ljava/io/File;)Ljava/lang/String;',
  'name': ['UUID'],
  'num': 69,
  'source_class': 'Ljava/lang/StringBuilder;',
  'source_method': 'toString()Ljava/lang/String;'},
 {'clss': 'Lcom/bugfender/sdk/r2;',
  'method': 'a(Ljava/lang/String;)Lcom/bugfender/sdk/o2;',
  'name': ['UUID'],
  'num': 235,
  'source_class': 'Lorg/json/JSONObject;',
  'source_method': 'getString(Ljava/lang/String;)Ljava/lang/String;'},
 {'clss': 'Lcom/bugfender/sdk/r2;',
  'method': 'a(Ljava/lang/String;)Lcom/bugfender/sdk/o2;',
  'name': ['UUID'],
  'num': 569,
  'source_class': 'Lorg/json/JSONObject;',
  'source_method': 'optString(Ljava/lang/String;)Ljava/lang/String;'},
 {'clss': 'Lcom/bugfender/sdk/a1$d$a;',
  'method': 'a(Ljava/lang/String;Ljava/lang/String;Lcom/bugfender/sdk/b1;)Ljava/lang/String;',
  'name': ['UUID'],
  'num': 87,
  'source_class': 'Lorg/json/JSONObject;',
  'source_method': 'toString()Ljava/lang/String;'},
 {'clss': 'Lcom/bugfender/sdk/u2;',
  'method': 'a(Ljava/io/InputStream;)Ljava/lang/String;',
  'name': ['UUID'],
  'num': 81,
  'source_class': 'Ljava/io/StringWriter;',
  'source_method': 'toString()Ljava/lang/String;'},
 {'clss': 'Lcom/bugfender/sdk/c3;',
  'method': 'e()Ljava/lang/String;',
  'name': ['UUID'],
  'num': 300,
  'source_class': 'Landroid/content/SharedPreferences;',
  'source_method': 'getString(Ljava/lang/String;Ljava/lang/String;)Ljava/lang/String;'},
 {'clss': 'Lcom/bugfender/sdk/h0;',
  'method': 'a(Ljava/io/File;)Ljava/lang/String;',
  'name': ['UUID'],
  'num': 60,
  'source_class': 'Ljava/util/Scanner;',
  'source_method': 'nextLine()Ljava/lang/String;'},
 {'clss': 'Lcom/bugfender/sdk/h0;',
  'method': 'a(Ljava/io/File;)Ljava/lang/String;',
  'name': ['UUID'],
  'num': 69,
  'source_class': 'Ljava/lang/StringBuilder;',
  'source_method': 'toString()Ljava/lang/String;'},
 {'clss': 'Lcom/bugfender/sdk/r2;',
  'method': 'a(Ljava/lang/String;)Lcom/bugfender/sdk/o2;',
  'name': ['UUID'],
  'num': 235,
  'source_class': 'Lorg/json/JSONObject;',
  'source_method': 'getString(Ljava/lang/String;)Ljava/lang/String;'},
 {'clss': 'Lcom/bugfender/sdk/c3;',
  'method': 'k()Z',
  'name': ['AndroidID'],
  'num': 435,
  'source_class': 'Landroid/provider/Settings$System;',
  'source_method': 'getString(Landroid/content/ContentResolver;Ljava/lang/String;)Ljava/lang/String;'},
 {'clss': 'Lcom/bugfender/sdk/r2;',
  'method': 'a(Ljava/lang/String;)Lcom/bugfender/sdk/o2;',
  'name': ['UUID'],
  'num': 569,
  'source_class': 'Lorg/json/JSONObject;',
  'source_method': 'optString(Ljava/lang/String;)Ljava/lang/String;'},
 {'clss': 'Lcom/bugfender/sdk/a1$a$a;',
  'method': 'a(Ljava/lang/String;Lcom/bugfender/sdk/w;Ljava/util/Map;)Ljava/lang/String;',
  'name': ['AndroidID', 'UUID'],
  'num': 64,
  'source_class': 'Lorg/json/JSONObject;',
  'source_method': 'toString()Ljava/lang/String;'},
 {'clss': 'Lcom/bugfender/sdk/q1;',
  'method': 'a(Ljava/lang/String;Lcom/bugfender/sdk/w;Ljava/util/Map;)Lcom/bugfender/sdk/y;',
  'name': ['AndroidID'],
  'num': 221,
  'source_class': 'Lcom/bugfender/sdk/a1$a$a;',
  'source_method': 'a(Ljava/lang/String;Lcom/bugfender/sdk/w;Ljava/util/Map;)Ljava/lang/String;'},
 {'clss': 'Lcom/bugfender/sdk/h0;',
  'method': 'a(Ljava/io/File;)Ljava/lang/String;',
  'name': ['UUID'],
  'num': 60,
  'source_class': 'Ljava/util/Scanner;',
  'source_method': 'nextLine()Ljava/lang/String;'},
 {'clss': 'Lcom/bugfender/sdk/h0;',
  'method': 'a(Ljava/io/File;)Ljava/lang/String;',
  'name': ['UUID'],
  'num': 69,
  'source_class': 'Ljava/lang/StringBuilder;',
  'source_method': 'toString()Ljava/lang/String;'},
 {'clss': 'Lcom/bugfender/sdk/r2;',
  'method': 'a(Ljava/lang/String;)Lcom/bugfender/sdk/o2;',
  'name': ['UUID'],
  'num': 235,
  'source_class': 'Lorg/json/JSONObject;',
  'source_method': 'getString(Ljava/lang/String;)Ljava/lang/String;'},
 {'clss': 'Lcom/bugfender/sdk/r2;',
  'method': 'a(Ljava/lang/String;)Lcom/bugfender/sdk/o2;',
  'name': ['UUID'],
  'num': 569,
  'source_class': 'Lorg/json/JSONObject;',
  'source_method': 'optString(Ljava/lang/String;)Ljava/lang/String;'},
 {'clss': 'Lcom/bugfender/sdk/h0;',
  'method': 'a(Ljava/io/File;)Ljava/lang/String;',
  'name': ['UUID'],
  'num': 60,
  'source_class': 'Ljava/util/Scanner;',
  'source_method': 'nextLine()Ljava/lang/String;'},
 {'clss': 'Lcom/bugfender/sdk/h0;',
  'method': 'a(Ljava/io/File;)Ljava/lang/String;',
  'name': ['UUID'],
  'num': 69,
  'source_class': 'Ljava/lang/StringBuilder;',
  'source_method': 'toString()Ljava/lang/String;'},
 {'clss': 'Lcom/bugfender/sdk/r2;',
  'method': 'a(Ljava/lang/String;)Lcom/bugfender/sdk/o2;',
  'name': ['UUID'],
  'num': 235,
  'source_class': 'Lorg/json/JSONObject;',
  'source_method': 'getString(Ljava/lang/String;)Ljava/lang/String;'},
 {'clss': 'Lcom/bugfender/sdk/r2;',
  'method': 'a(Ljava/lang/String;)Lcom/bugfender/sdk/o2;',
  'name': ['UUID'],
  'num': 569,
  'source_class': 'Lorg/json/JSONObject;',
  'source_method': 'optString(Ljava/lang/String;)Ljava/lang/String;'},
 {'clss': 'Lcom/bugfender/sdk/h0;',
  'method': 'a(Ljava/io/File;)Ljava/lang/String;',
  'name': ['UUID'],
  'num': 60,
  'source_class': 'Ljava/util/Scanner;',
  'source_method': 'nextLine()Ljava/lang/String;'},
 {'clss': 'Lcom/bugfender/sdk/h0;',
  'method': 'a(Ljava/io/File;)Ljava/lang/String;',
  'name': ['UUID'],
  'num': 69,
  'source_class': 'Ljava/lang/StringBuilder;',
  'source_method': 'toString()Ljava/lang/String;'},
 {'clss': 'Lcom/bugfender/sdk/r2;',
  'method': 'a(Ljava/lang/String;)Lcom/bugfender/sdk/o2;',
  'name': ['UUID'],
  'num': 235,
  'source_class': 'Lorg/json/JSONObject;',
  'source_method': 'getString(Ljava/lang/String;)Ljava/lang/String;'},
 {'clss': 'Lcom/bugfender/sdk/r2;',
  'method': 'a(Ljava/lang/String;)Lcom/bugfender/sdk/o2;',
  'name': ['UUID'],
  'num': 569,
  'source_class': 'Lorg/json/JSONObject;',
  'source_method': 'optString(Ljava/lang/String;)Ljava/lang/String;'},
 {'clss': 'Lcom/bugfender/sdk/c3;',
  'method': 'e()Ljava/lang/String;',
  'name': ['UUID'],
  'num': 300,
  'source_class': 'Landroid/content/SharedPreferences;',
  'source_method': 'getString(Ljava/lang/String;Ljava/lang/String;)Ljava/lang/String;'},
 {'clss': 'Lcom/bugfender/sdk/c3;',
  'method': 'k()Z',
  'name': ['AndroidID'],
  'num': 435,
  'source_class': 'Landroid/provider/Settings$System;',
  'source_method': 'getString(Landroid/content/ContentResolver;Ljava/lang/String;)Ljava/lang/String;'},
 {'clss': 'Lcom/bugfender/sdk/a1$d$a;',
  'method': 'a(Ljava/lang/String;Ljava/lang/String;Lcom/bugfender/sdk/b1;)Ljava/lang/String;',
  'name': ['UUID'],
  'num': 87,
  'source_class': 'Lorg/json/JSONObject;',
  'source_method': 'toString()Ljava/lang/String;'},
 {'clss': 'Lcom/bugfender/sdk/u2;',
  'method': 'a(Ljava/io/InputStream;)Ljava/lang/String;',
  'name': ['UUID'],
  'num': 81,
  'source_class': 'Ljava/io/StringWriter;',
  'source_method': 'toString()Ljava/lang/String;'},
 {'clss': 'Lcom/bugfender/sdk/a1$d$a;',
  'method': 'a(Ljava/lang/String;Ljava/lang/String;Lcom/bugfender/sdk/b1;)Ljava/lang/String;',
  'name': ['UUID'],
  'num': 87,
  'source_class': 'Lorg/json/JSONObject;',
  'source_method': 'toString()Ljava/lang/String;'},
 {'clss': 'Lcom/bugfender/sdk/u2;',
  'method': 'a(Ljava/io/InputStream;)Ljava/lang/String;',
  'name': ['UUID'],
  'num': 81,
  'source_class': 'Ljava/io/StringWriter;',
  'source_method': 'toString()Ljava/lang/String;'},
 {'clss': 'Lcom/bugfender/sdk/a1$d$a;',
  'method': 'a(Ljava/lang/String;Ljava/lang/String;Lcom/bugfender/sdk/b1;)Ljava/lang/String;',
  'name': ['UUID'],
  'num': 87,
  'source_class': 'Lorg/json/JSONObject;',
  'source_method': 'toString()Ljava/lang/String;'},
 {'clss': 'Lcom/bugfender/sdk/u2;',
  'method': 'a(Ljava/io/InputStream;)Ljava/lang/String;',
  'name': ['UUID'],
  'num': 81,
  'source_class': 'Ljava/io/StringWriter;',
  'source_method': 'toString()Ljava/lang/String;'},
 {'clss': 'Lcom/bugfender/sdk/a1$d$a;',
  'method': 'a(Ljava/lang/String;Ljava/lang/String;Lcom/bugfender/sdk/b1;)Ljava/lang/String;',
  'name': ['UUID'],
  'num': 87,
  'source_class': 'Lorg/json/JSONObject;',
  'source_method': 'toString()Ljava/lang/String;'},
 {'clss': 'Lcom/bugfender/sdk/u2;',
  'method': 'a(Ljava/io/InputStream;)Ljava/lang/String;',
  'name': ['UUID'],
  'num': 81,
  'source_class': 'Ljava/io/StringWriter;',
  'source_method': 'toString()Ljava/lang/String;'},
 {'clss': 'Lcom/bugfender/sdk/a1$d$a;',
  'method': 'a(Ljava/lang/String;Ljava/lang/String;Lcom/bugfender/sdk/b1;)Ljava/lang/String;',
  'name': ['AndroidID', 'UUID'],
  'num': 87,
  'source_class': 'Lorg/json/JSONObject;',
  'source_method': 'toString()Ljava/lang/String;'},
 {'clss': 'Lcom/bugfender/sdk/q1;',
  'method': 'a(Ljava/lang/String;Ljava/lang/String;Lcom/bugfender/sdk/b1;)V',
  'name': ['AndroidID'],
  'num': 412,
  'source_class': 'Lcom/bugfender/sdk/a1$d$a;',
  'source_method': 'a(Ljava/lang/String;Ljava/lang/String;Lcom/bugfender/sdk/b1;)Ljava/lang/String;'},
 {'clss': 'Lcom/bugfender/sdk/u2;',
  'method': 'a(Ljava/io/InputStream;)Ljava/lang/String;',
  'name': ['AndroidID', 'UUID'],
  'num': 81,
  'source_class': 'Ljava/io/StringWriter;',
  'source_method': 'toString()Ljava/lang/String;'},
 {'clss': 'Lcom/bugfender/sdk/u2;',
  'method': 'a(Ljava/lang/String;Ljava/lang/String;J)Ljava/lang/String;',
  'name': ['AndroidID'],
  'num': 253,
  'source_class': 'Lcom/bugfender/sdk/u2;',
  'source_method': 'a(Ljava/io/InputStream;)Ljava/lang/String;'},
 {'clss': 'Lcom/bugfender/sdk/u2;',
  'method': 'a(Ljava/lang/String;Ljava/lang/String;)Ljava/lang/String;',
  'name': ['UUID'],
  'num': 100,
  'source_class': 'Lcom/bugfender/sdk/u2;',
  'source_method': 'a(Ljava/lang/String;Ljava/lang/String;J)Ljava/lang/String;'},
 {'clss': 'Lcom/bugfender/sdk/h0;',
  'method': 'a(Ljava/io/File;)Ljava/lang/String;',
  'name': ['UUID'],
  'num': 60,
  'source_class': 'Ljava/util/Scanner;',
  'source_method': 'nextLine()Ljava/lang/String;'},
 {'clss': 'Lcom/bugfender/sdk/h0;',
  'method': 'a(Ljava/io/File;)Ljava/lang/String;',
  'name': ['UUID'],
  'num': 69,
  'source_class': 'Ljava/lang/StringBuilder;',
  'source_method': 'toString()Ljava/lang/String;'},
 {'clss': 'Lcom/bugfender/sdk/r2;',
  'method': 'a(Ljava/lang/String;)Lcom/bugfender/sdk/o2;',
  'name': ['UUID'],
  'num': 235,
  'source_class': 'Lorg/json/JSONObject;',
  'source_method': 'getString(Ljava/lang/String;)Ljava/lang/String;'},
 {'clss': 'Lcom/bugfender/sdk/r2;',
  'method': 'a(Ljava/lang/String;)Lcom/bugfender/sdk/o2;',
  'name': ['UUID'],
  'num': 569,
  'source_class': 'Lorg/json/JSONObject;',
  'source_method': 'optString(Ljava/lang/String;)Ljava/lang/String;'},
 {'clss': 'Lcom/bugfender/sdk/a1$c$a;',
  'method': 'a(Lcom/bugfender/sdk/o2;Ljava/lang/Boolean;)Ljava/lang/String;',
  'name': ['UUID'],
  'num': 296,
  'source_class': 'Lorg/json/JSONObject;',
  'source_method': 'toString()Ljava/lang/String;'},
 {'clss': 'Lcom/bugfender/sdk/a1$c$a;',
  'method': 'a(Lcom/bugfender/sdk/o2;Ljava/lang/Boolean;)Ljava/lang/String;',
  'name': ['UUID'],
  'num': 296,
  'source_class': 'Lorg/json/JSONObject;',
  'source_method': 'toString()Ljava/lang/String;'},
 {'clss': 'Lcom/bugfender/sdk/a1$c$a;',
  'method': 'a(Lcom/bugfender/sdk/o2;Ljava/lang/Boolean;)Ljava/lang/String;',
  'name': ['UUID'],
  'num': 296,
  'source_class': 'Lorg/json/JSONObject;',
  'source_method': 'toString()Ljava/lang/String;'},
 {'clss': 'Lcom/bugfender/sdk/a1$c$a;',
  'method': 'a(Lcom/bugfender/sdk/o2;Ljava/lang/Boolean;)Ljava/lang/String;',
  'name': ['UUID'],
  'num': 296,
  'source_class': 'Lorg/json/JSONObject;',
  'source_method': 'toString()Ljava/lang/String;'},
 {'clss': 'Lcom/bugfender/sdk/a1$e$a;',
  'method': 'a(Ljava/util/List;Lcom/bugfender/sdk/o2;)Ljava/lang/String;',
  'name': ['UUID'],
  'num': 192,
  'source_class': 'Lorg/json/JSONObject;',
  'source_method': 'toString()Ljava/lang/String;'},
 {'clss': 'Lcom/bugfender/sdk/h0;',
  'method': 'a(Ljava/io/File;)Ljava/lang/String;',
  'name': ['UUID'],
  'num': 60,
  'source_class': 'Ljava/util/Scanner;',
  'source_method': 'nextLine()Ljava/lang/String;'},
 {'clss': 'Lcom/bugfender/sdk/h0;',
  'method': 'a(Ljava/io/File;)Ljava/lang/String;',
  'name': ['UUID'],
  'num': 69,
  'source_class': 'Ljava/lang/StringBuilder;',
  'source_method': 'toString()Ljava/lang/String;'},
 {'clss': 'Lcom/bugfender/sdk/r2;',
  'method': 'a(Ljava/lang/String;)Lcom/bugfender/sdk/o2;',
  'name': ['UUID'],
  'num': 235,
  'source_class': 'Lorg/json/JSONObject;',
  'source_method': 'getString(Ljava/lang/String;)Ljava/lang/String;'},
 {'clss': 'Lcom/bugfender/sdk/r2;',
  'method': 'a(Ljava/lang/String;)Lcom/bugfender/sdk/o2;',
  'name': ['UUID'],
  'num': 569,
  'source_class': 'Lorg/json/JSONObject;',
  'source_method': 'optString(Ljava/lang/String;)Ljava/lang/String;'},
 {'clss': 'Lcom/bugfender/sdk/h0;',
  'method': 'a(Ljava/io/File;)Ljava/lang/String;',
  'name': ['UUID'],
  'num': 60,
  'source_class': 'Ljava/util/Scanner;',
  'source_method': 'nextLine()Ljava/lang/String;'},
 {'clss': 'Lcom/bugfender/sdk/h0;',
  'method': 'a(Ljava/io/File;)Ljava/lang/String;',
  'name': ['UUID'],
  'num': 69,
  'source_class': 'Ljava/lang/StringBuilder;',
  'source_method': 'toString()Ljava/lang/String;'},
 {'clss': 'Lcom/bugfender/sdk/r2;',
  'method': 'a(Ljava/lang/String;)Lcom/bugfender/sdk/o2;',
  'name': ['UUID'],
  'num': 235,
  'source_class': 'Lorg/json/JSONObject;',
  'source_method': 'getString(Ljava/lang/String;)Ljava/lang/String;'},
 {'clss': 'Lcom/bugfender/sdk/r2;',
  'method': 'a(Ljava/lang/String;)Lcom/bugfender/sdk/o2;',
  'name': ['UUID'],
  'num': 569,
  'source_class': 'Lorg/json/JSONObject;',
  'source_method': 'optString(Ljava/lang/String;)Ljava/lang/String;'},
 {'clss': 'Lcom/bugfender/sdk/h0;',
  'method': 'a(Ljava/io/File;)Ljava/lang/String;',
  'name': ['UUID'],
  'num': 60,
  'source_class': 'Ljava/util/Scanner;',
  'source_method': 'nextLine()Ljava/lang/String;'},
 {'clss': 'Lcom/bugfender/sdk/h0;',
  'method': 'a(Ljava/io/File;)Ljava/lang/String;',
  'name': ['UUID'],
  'num': 69,
  'source_class': 'Ljava/lang/StringBuilder;',
  'source_method': 'toString()Ljava/lang/String;'},
 {'clss': 'Lcom/bugfender/sdk/r2;',
  'method': 'a(Ljava/lang/String;)Lcom/bugfender/sdk/o2;',
  'name': ['UUID'],
  'num': 235,
  'source_class': 'Lorg/json/JSONObject;',
  'source_method': 'getString(Ljava/lang/String;)Ljava/lang/String;'},
 {'clss': 'Lcom/bugfender/sdk/r2;',
  'method': 'a(Ljava/lang/String;)Lcom/bugfender/sdk/o2;',
  'name': ['UUID'],
  'num': 569,
  'source_class': 'Lorg/json/JSONObject;',
  'source_method': 'optString(Ljava/lang/String;)Ljava/lang/String;'},
 {'clss': 'Lcom/bugfender/sdk/c3;',
  'method': 'e()Ljava/lang/String;',
  'name': ['UUID'],
  'num': 300,
  'source_class': 'Landroid/content/SharedPreferences;',
  'source_method': 'getString(Ljava/lang/String;Ljava/lang/String;)Ljava/lang/String;'},
 {'clss': 'Lcom/bugfender/sdk/c3;',
  'method': 'k()Z',
  'name': ['AndroidID'],
  'num': 435,
  'source_class': 'Landroid/provider/Settings$System;',
  'source_method': 'getString(Landroid/content/ContentResolver;Ljava/lang/String;)Ljava/lang/String;'},
 {'clss': 'Lcom/bugfender/sdk/h0;',
  'method': 'a(Ljava/io/File;)Ljava/lang/String;',
  'name': ['UUID'],
  'num': 60,
  'source_class': 'Ljava/util/Scanner;',
  'source_method': 'nextLine()Ljava/lang/String;'},
 {'clss': 'Lcom/bugfender/sdk/h0;',
  'method': 'a(Ljava/io/File;)Ljava/lang/String;',
  'name': ['UUID'],
  'num': 69,
  'source_class': 'Ljava/lang/StringBuilder;',
  'source_method': 'toString()Ljava/lang/String;'},
 {'clss': 'Lcom/bugfender/sdk/r2;',
  'method': 'a(Ljava/lang/String;)Lcom/bugfender/sdk/o2;',
  'name': ['UUID'],
  'num': 235,
  'source_class': 'Lorg/json/JSONObject;',
  'source_method': 'getString(Ljava/lang/String;)Ljava/lang/String;'},
 {'clss': 'Lcom/bugfender/sdk/r2;',
  'method': 'a(Ljava/lang/String;)Lcom/bugfender/sdk/o2;',
  'name': ['UUID'],
  'num': 569,
  'source_class': 'Lorg/json/JSONObject;',
  'source_method': 'optString(Ljava/lang/String;)Ljava/lang/String;'},
 {'clss': 'Lcom/bugfender/sdk/h0;',
  'method': 'a(Ljava/io/File;)Ljava/lang/String;',
  'name': ['UUID'],
  'num': 60,
  'source_class': 'Ljava/util/Scanner;',
  'source_method': 'nextLine()Ljava/lang/String;'},
 {'clss': 'Lcom/bugfender/sdk/h0;',
  'method': 'a(Ljava/io/File;)Ljava/lang/String;',
  'name': ['UUID'],
  'num': 69,
  'source_class': 'Ljava/lang/StringBuilder;',
  'source_method': 'toString()Ljava/lang/String;'},
 {'clss': 'Lcom/bugfender/sdk/r2;',
  'method': 'a(Ljava/lang/String;)Lcom/bugfender/sdk/o2;',
  'name': ['UUID'],
  'num': 235,
  'source_class': 'Lorg/json/JSONObject;',
  'source_method': 'getString(Ljava/lang/String;)Ljava/lang/String;'},
 {'clss': 'Lcom/bugfender/sdk/r2;',
  'method': 'a(Ljava/lang/String;)Lcom/bugfender/sdk/o2;',
  'name': ['UUID'],
  'num': 569,
  'source_class': 'Lorg/json/JSONObject;',
  'source_method': 'optString(Ljava/lang/String;)Ljava/lang/String;'},
 {'clss': 'Lcom/bugfender/sdk/h0;',
  'method': 'a(Ljava/io/File;)Ljava/lang/String;',
  'name': ['UUID'],
  'num': 60,
  'source_class': 'Ljava/util/Scanner;',
  'source_method': 'nextLine()Ljava/lang/String;'},
 {'clss': 'Lcom/bugfender/sdk/h0;',
  'method': 'a(Ljava/io/File;)Ljava/lang/String;',
  'name': ['UUID'],
  'num': 69,
  'source_class': 'Ljava/lang/StringBuilder;',
  'source_method': 'toString()Ljava/lang/String;'},
 {'clss': 'Lcom/bugfender/sdk/r2;',
  'method': 'a(Ljava/lang/String;)Lcom/bugfender/sdk/o2;',
  'name': ['UUID'],
  'num': 235,
  'source_class': 'Lorg/json/JSONObject;',
  'source_method': 'getString(Ljava/lang/String;)Ljava/lang/String;'},
 {'clss': 'Lcom/bugfender/sdk/r2;',
  'method': 'a(Ljava/lang/String;)Lcom/bugfender/sdk/o2;',
  'name': ['UUID'],
  'num': 569,
  'source_class': 'Lorg/json/JSONObject;',
  'source_method': 'optString(Ljava/lang/String;)Ljava/lang/String;'},
 {'clss': 'Lcom/bugfender/sdk/h0;',
  'method': 'a(Ljava/io/File;)Ljava/lang/String;',
  'name': ['UUID'],
  'num': 60,
  'source_class': 'Ljava/util/Scanner;',
  'source_method': 'nextLine()Ljava/lang/String;'},
 {'clss': 'Lcom/bugfender/sdk/h0;',
  'method': 'a(Ljava/io/File;)Ljava/lang/String;',
  'name': ['UUID'],
  'num': 69,
  'source_class': 'Ljava/lang/StringBuilder;',
  'source_method': 'toString()Ljava/lang/String;'},
 {'clss': 'Lcom/bugfender/sdk/r2;',
  'method': 'a(Ljava/lang/String;)Lcom/bugfender/sdk/o2;',
  'name': ['UUID'],
  'num': 235,
  'source_class': 'Lorg/json/JSONObject;',
  'source_method': 'getString(Ljava/lang/String;)Ljava/lang/String;'},
 {'clss': 'Lcom/bugfender/sdk/r2;',
  'method': 'a(Ljava/lang/String;)Lcom/bugfender/sdk/o2;',
  'name': ['UUID'],
  'num': 569,
  'source_class': 'Lorg/json/JSONObject;',
  'source_method': 'optString(Ljava/lang/String;)Ljava/lang/String;'},
 {'clss': 'Lcom/bugfender/sdk/c3;',
  'method': 'e()Ljava/lang/String;',
  'name': ['UUID'],
  'num': 300,
  'source_class': 'Landroid/content/SharedPreferences;',
  'source_method': 'getString(Ljava/lang/String;Ljava/lang/String;)Ljava/lang/String;'},
 {'clss': 'Lcom/bugfender/sdk/c3;',
  'method': 'k()Z',
  'name': ['AndroidID'],
  'num': 435,
  'source_class': 'Landroid/provider/Settings$System;',
  'source_method': 'getString(Landroid/content/ContentResolver;Ljava/lang/String;)Ljava/lang/String;'},
 {'clss': 'Lcom/bugfender/sdk/h0;',
  'method': 'a(Ljava/io/File;)Ljava/lang/String;',
  'name': ['UUID'],
  'num': 60,
  'source_class': 'Ljava/util/Scanner;',
  'source_method': 'nextLine()Ljava/lang/String;'},
 {'clss': 'Lcom/bugfender/sdk/h0;',
  'method': 'a(Ljava/io/File;)Ljava/lang/String;',
  'name': ['UUID'],
  'num': 69,
  'source_class': 'Ljava/lang/StringBuilder;',
  'source_method': 'toString()Ljava/lang/String;'},
 {'clss': 'Lcom/bugfender/sdk/r2;',
  'method': 'a(Ljava/lang/String;)Lcom/bugfender/sdk/o2;',
  'name': ['UUID'],
  'num': 235,
  'source_class': 'Lorg/json/JSONObject;',
  'source_method': 'getString(Ljava/lang/String;)Ljava/lang/String;'},
 {'clss': 'Lcom/bugfender/sdk/r2;',
  'method': 'a(Ljava/lang/String;)Lcom/bugfender/sdk/o2;',
  'name': ['UUID'],
  'num': 569,
  'source_class': 'Lorg/json/JSONObject;',
  'source_method': 'optString(Ljava/lang/String;)Ljava/lang/String;'},
 {'clss': 'Lcom/bugfender/sdk/h0;',
  'method': 'a(Ljava/io/File;)Ljava/lang/String;',
  'name': ['UUID'],
  'num': 60,
  'source_class': 'Ljava/util/Scanner;',
  'source_method': 'nextLine()Ljava/lang/String;'},
 {'clss': 'Lcom/bugfender/sdk/h0;',
  'method': 'a(Ljava/io/File;)Ljava/lang/String;',
  'name': ['UUID'],
  'num': 69,
  'source_class': 'Ljava/lang/StringBuilder;',
  'source_method': 'toString()Ljava/lang/String;'},
 {'clss': 'Lcom/bugfender/sdk/r2;',
  'method': 'a(Ljava/lang/String;)Lcom/bugfender/sdk/o2;',
  'name': ['UUID'],
  'num': 235,
  'source_class': 'Lorg/json/JSONObject;',
  'source_method': 'getString(Ljava/lang/String;)Ljava/lang/String;'},
 {'clss': 'Lcom/bugfender/sdk/r2;',
  'method': 'a(Ljava/lang/String;)Lcom/bugfender/sdk/o2;',
  'name': ['UUID'],
  'num': 569,
  'source_class': 'Lorg/json/JSONObject;',
  'source_method': 'optString(Ljava/lang/String;)Ljava/lang/String;'},
 {'clss': 'Lcom/bugfender/sdk/h0;',
  'method': 'a(Ljava/io/File;)Ljava/lang/String;',
  'name': ['UUID'],
  'num': 60,
  'source_class': 'Ljava/util/Scanner;',
  'source_method': 'nextLine()Ljava/lang/String;'},
 {'clss': 'Lcom/bugfender/sdk/h0;',
  'method': 'a(Ljava/io/File;)Ljava/lang/String;',
  'name': ['UUID'],
  'num': 69,
  'source_class': 'Ljava/lang/StringBuilder;',
  'source_method': 'toString()Ljava/lang/String;'},
 {'clss': 'Lcom/bugfender/sdk/r2;',
  'method': 'a(Ljava/lang/String;)Lcom/bugfender/sdk/o2;',
  'name': ['UUID'],
  'num': 235,
  'source_class': 'Lorg/json/JSONObject;',
  'source_method': 'getString(Ljava/lang/String;)Ljava/lang/String;'},
 {'clss': 'Lcom/bugfender/sdk/r2;',
  'method': 'a(Ljava/lang/String;)Lcom/bugfender/sdk/o2;',
  'name': ['UUID'],
  'num': 569,
  'source_class': 'Lorg/json/JSONObject;',
  'source_method': 'optString(Ljava/lang/String;)Ljava/lang/String;'},
 {'clss': 'Lcom/bugfender/sdk/h0;',
  'method': 'a(Ljava/io/File;)Ljava/lang/String;',
  'name': ['UUID'],
  'num': 60,
  'source_class': 'Ljava/util/Scanner;',
  'source_method': 'nextLine()Ljava/lang/String;'},
 {'clss': 'Lcom/bugfender/sdk/h0;',
  'method': 'a(Ljava/io/File;)Ljava/lang/String;',
  'name': ['UUID'],
  'num': 69,
  'source_class': 'Ljava/lang/StringBuilder;',
  'source_method': 'toString()Ljava/lang/String;'},
 {'clss': 'Lcom/bugfender/sdk/r2;',
  'method': 'a(Ljava/lang/String;)Lcom/bugfender/sdk/o2;',
  'name': ['UUID'],
  'num': 235,
  'source_class': 'Lorg/json/JSONObject;',
  'source_method': 'getString(Ljava/lang/String;)Ljava/lang/String;'},
 {'clss': 'Lcom/bugfender/sdk/r2;',
  'method': 'a(Ljava/lang/String;)Lcom/bugfender/sdk/o2;',
  'name': ['UUID'],
  'num': 569,
  'source_class': 'Lorg/json/JSONObject;',
  'source_method': 'optString(Ljava/lang/String;)Ljava/lang/String;'},
 {'clss': 'Lcom/bugfender/sdk/c3;',
  'method': 'e()Ljava/lang/String;',
  'name': ['UUID'],
  'num': 300,
  'source_class': 'Landroid/content/SharedPreferences;',
  'source_method': 'getString(Ljava/lang/String;Ljava/lang/String;)Ljava/lang/String;'},
 {'clss': 'Lcom/bugfender/sdk/c3;',
  'method': 'k()Z',
  'name': ['AndroidID'],
  'num': 435,
  'source_class': 'Landroid/provider/Settings$System;',
  'source_method': 'getString(Landroid/content/ContentResolver;Ljava/lang/String;)Ljava/lang/String;'},
 {'clss': 'Lcom/bugfender/sdk/h0;',
  'method': 'a(Ljava/io/File;)Ljava/lang/String;',
  'name': ['UUID'],
  'num': 60,
  'source_class': 'Ljava/util/Scanner;',
  'source_method': 'nextLine()Ljava/lang/String;'},
 {'clss': 'Lcom/bugfender/sdk/h0;',
  'method': 'a(Ljava/io/File;)Ljava/lang/String;',
  'name': ['UUID'],
  'num': 69,
  'source_class': 'Ljava/lang/StringBuilder;',
  'source_method': 'toString()Ljava/lang/String;'},
 {'clss': 'Lcom/bugfender/sdk/r2;',
  'method': 'a(Ljava/lang/String;)Lcom/bugfender/sdk/o2;',
  'name': ['UUID'],
  'num': 235,
  'source_class': 'Lorg/json/JSONObject;',
  'source_method': 'getString(Ljava/lang/String;)Ljava/lang/String;'},
 {'clss': 'Lcom/bugfender/sdk/r2;',
  'method': 'a(Ljava/lang/String;)Lcom/bugfender/sdk/o2;',
  'name': ['UUID'],
  'num': 569,
  'source_class': 'Lorg/json/JSONObject;',
  'source_method': 'optString(Ljava/lang/String;)Ljava/lang/String;'},
 {'clss': 'Lcom/bugfender/sdk/h0;',
  'method': 'a(Ljava/io/File;)Ljava/lang/String;',
  'name': ['UUID'],
  'num': 60,
  'source_class': 'Ljava/util/Scanner;',
  'source_method': 'nextLine()Ljava/lang/String;'},
 {'clss': 'Lcom/bugfender/sdk/h0;',
  'method': 'a(Ljava/io/File;)Ljava/lang/String;',
  'name': ['UUID'],
  'num': 69,
  'source_class': 'Ljava/lang/StringBuilder;',
  'source_method': 'toString()Ljava/lang/String;'},
 {'clss': 'Lcom/bugfender/sdk/r2;',
  'method': 'a(Ljava/lang/String;)Lcom/bugfender/sdk/o2;',
  'name': ['UUID'],
  'num': 235,
  'source_class': 'Lorg/json/JSONObject;',
  'source_method': 'getString(Ljava/lang/String;)Ljava/lang/String;'},
 {'clss': 'Lcom/bugfender/sdk/r2;',
  'method': 'a(Ljava/lang/String;)Lcom/bugfender/sdk/o2;',
  'name': ['UUID'],
  'num': 569,
  'source_class': 'Lorg/json/JSONObject;',
  'source_method': 'optString(Ljava/lang/String;)Ljava/lang/String;'},
 {'clss': 'Lcom/bugfender/sdk/h0;',
  'method': 'a(Ljava/io/File;)Ljava/lang/String;',
  'name': ['UUID'],
  'num': 60,
  'source_class': 'Ljava/util/Scanner;',
  'source_method': 'nextLine()Ljava/lang/String;'},
 {'clss': 'Lcom/bugfender/sdk/h0;',
  'method': 'a(Ljava/io/File;)Ljava/lang/String;',
  'name': ['UUID'],
  'num': 69,
  'source_class': 'Ljava/lang/StringBuilder;',
  'source_method': 'toString()Ljava/lang/String;'},
 {'clss': 'Lcom/bugfender/sdk/r2;',
  'method': 'a(Ljava/lang/String;)Lcom/bugfender/sdk/o2;',
  'name': ['UUID'],
  'num': 235,
  'source_class': 'Lorg/json/JSONObject;',
  'source_method': 'getString(Ljava/lang/String;)Ljava/lang/String;'},
 {'clss': 'Lcom/bugfender/sdk/r2;',
  'method': 'a(Ljava/lang/String;)Lcom/bugfender/sdk/o2;',
  'name': ['UUID'],
  'num': 569,
  'source_class': 'Lorg/json/JSONObject;',
  'source_method': 'optString(Ljava/lang/String;)Ljava/lang/String;'},
 {'clss': 'Lcom/bugfender/sdk/h0;',
  'method': 'a(Ljava/io/File;)Ljava/lang/String;',
  'name': ['UUID'],
  'num': 60,
  'source_class': 'Ljava/util/Scanner;',
  'source_method': 'nextLine()Ljava/lang/String;'},
 {'clss': 'Lcom/bugfender/sdk/h0;',
  'method': 'a(Ljava/io/File;)Ljava/lang/String;',
  'name': ['UUID'],
  'num': 69,
  'source_class': 'Ljava/lang/StringBuilder;',
  'source_method': 'toString()Ljava/lang/String;'},
 {'clss': 'Lcom/bugfender/sdk/r2;',
  'method': 'a(Ljava/lang/String;)Lcom/bugfender/sdk/o2;',
  'name': ['UUID'],
  'num': 235,
  'source_class': 'Lorg/json/JSONObject;',
  'source_method': 'getString(Ljava/lang/String;)Ljava/lang/String;'},
 {'clss': 'Lcom/bugfender/sdk/r2;',
  'method': 'a(Ljava/lang/String;)Lcom/bugfender/sdk/o2;',
  'name': ['UUID'],
  'num': 569,
  'source_class': 'Lorg/json/JSONObject;',
  'source_method': 'optString(Ljava/lang/String;)Ljava/lang/String;'},
 {'clss': 'Lcom/bugfender/sdk/c3;',
  'method': 'e()Ljava/lang/String;',
  'name': ['UUID'],
  'num': 300,
  'source_class': 'Landroid/content/SharedPreferences;',
  'source_method': 'getString(Ljava/lang/String;Ljava/lang/String;)Ljava/lang/String;'},
 {'clss': 'Lcom/bugfender/sdk/c3;',
  'method': 'k()Z',
  'name': ['AndroidID'],
  'num': 435,
  'source_class': 'Landroid/provider/Settings$System;',
  'source_method': 'getString(Landroid/content/ContentResolver;Ljava/lang/String;)Ljava/lang/String;'},
 {'clss': 'Lcom/bugfender/sdk/h0;',
  'method': 'a(Ljava/io/File;)Ljava/lang/String;',
  'name': ['UUID'],
  'num': 60,
  'source_class': 'Ljava/util/Scanner;',
  'source_method': 'nextLine()Ljava/lang/String;'},
 {'clss': 'Lcom/bugfender/sdk/h0;',
  'method': 'a(Ljava/io/File;)Ljava/lang/String;',
  'name': ['UUID'],
  'num': 69,
  'source_class': 'Ljava/lang/StringBuilder;',
  'source_method': 'toString()Ljava/lang/String;'},
 {'clss': 'Lcom/bugfender/sdk/r2;',
  'method': 'a(Ljava/lang/String;)Lcom/bugfender/sdk/o2;',
  'name': ['UUID'],
  'num': 235,
  'source_class': 'Lorg/json/JSONObject;',
  'source_method': 'getString(Ljava/lang/String;)Ljava/lang/String;'},
 {'clss': 'Lcom/bugfender/sdk/r2;',
  'method': 'a(Ljava/lang/String;)Lcom/bugfender/sdk/o2;',
  'name': ['UUID'],
  'num': 569,
  'source_class': 'Lorg/json/JSONObject;',
  'source_method': 'optString(Ljava/lang/String;)Ljava/lang/String;'},
 {'clss': 'Lcom/bugfender/sdk/h0;',
  'method': 'a(Ljava/io/File;)Ljava/lang/String;',
  'name': ['UUID'],
  'num': 60,
  'source_class': 'Ljava/util/Scanner;',
  'source_method': 'nextLine()Ljava/lang/String;'},
 {'clss': 'Lcom/bugfender/sdk/h0;',
  'method': 'a(Ljava/io/File;)Ljava/lang/String;',
  'name': ['UUID'],
  'num': 69,
  'source_class': 'Ljava/lang/StringBuilder;',
  'source_method': 'toString()Ljava/lang/String;'},
 {'clss': 'Lcom/bugfender/sdk/r2;',
  'method': 'a(Ljava/lang/String;)Lcom/bugfender/sdk/o2;',
  'name': ['UUID'],
  'num': 235,
  'source_class': 'Lorg/json/JSONObject;',
  'source_method': 'getString(Ljava/lang/String;)Ljava/lang/String;'},
 {'clss': 'Lcom/bugfender/sdk/r2;',
  'method': 'a(Ljava/lang/String;)Lcom/bugfender/sdk/o2;',
  'name': ['UUID'],
  'num': 569,
  'source_class': 'Lorg/json/JSONObject;',
  'source_method': 'optString(Ljava/lang/String;)Ljava/lang/String;'},
 {'clss': 'Lcom/bugfender/sdk/h0;',
  'method': 'a(Ljava/io/File;)Ljava/lang/String;',
  'name': ['UUID'],
  'num': 60,
  'source_class': 'Ljava/util/Scanner;',
  'source_method': 'nextLine()Ljava/lang/String;'},
 {'clss': 'Lcom/bugfender/sdk/h0;',
  'method': 'a(Ljava/io/File;)Ljava/lang/String;',
  'name': ['UUID'],
  'num': 69,
  'source_class': 'Ljava/lang/StringBuilder;',
  'source_method': 'toString()Ljava/lang/String;'},
 {'clss': 'Lcom/bugfender/sdk/r2;',
  'method': 'a(Ljava/lang/String;)Lcom/bugfender/sdk/o2;',
  'name': ['UUID'],
  'num': 235,
  'source_class': 'Lorg/json/JSONObject;',
  'source_method': 'getString(Ljava/lang/String;)Ljava/lang/String;'},
 {'clss': 'Lcom/bugfender/sdk/r2;',
  'method': 'a(Ljava/lang/String;)Lcom/bugfender/sdk/o2;',
  'name': ['UUID'],
  'num': 569,
  'source_class': 'Lorg/json/JSONObject;',
  'source_method': 'optString(Ljava/lang/String;)Ljava/lang/String;'},
 {'clss': 'Lcom/bugfender/sdk/h0;',
  'method': 'a(Ljava/io/File;)Ljava/lang/String;',
  'name': ['UUID'],
  'num': 60,
  'source_class': 'Ljava/util/Scanner;',
  'source_method': 'nextLine()Ljava/lang/String;'},
 {'clss': 'Lcom/bugfender/sdk/h0;',
  'method': 'a(Ljava/io/File;)Ljava/lang/String;',
  'name': ['UUID'],
  'num': 69,
  'source_class': 'Ljava/lang/StringBuilder;',
  'source_method': 'toString()Ljava/lang/String;'},
 {'clss': 'Lcom/bugfender/sdk/r2;',
  'method': 'a(Ljava/lang/String;)Lcom/bugfender/sdk/o2;',
  'name': ['UUID'],
  'num': 235,
  'source_class': 'Lorg/json/JSONObject;',
  'source_method': 'getString(Ljava/lang/String;)Ljava/lang/String;'},
 {'clss': 'Lcom/bugfender/sdk/r2;',
  'method': 'a(Ljava/lang/String;)Lcom/bugfender/sdk/o2;',
  'name': ['UUID'],
  'num': 569,
  'source_class': 'Lorg/json/JSONObject;',
  'source_method': 'optString(Ljava/lang/String;)Ljava/lang/String;'},
 {'clss': 'Lcom/bugfender/sdk/c3;',
  'method': 'e()Ljava/lang/String;',
  'name': ['UUID'],
  'num': 300,
  'source_class': 'Landroid/content/SharedPreferences;',
  'source_method': 'getString(Ljava/lang/String;Ljava/lang/String;)Ljava/lang/String;'},
 {'clss': 'Lcom/bugfender/sdk/c3;',
  'method': 'k()Z',
  'name': ['AndroidID'],
  'num': 435,
  'source_class': 'Landroid/provider/Settings$System;',
  'source_method': 'getString(Landroid/content/ContentResolver;Ljava/lang/String;)Ljava/lang/String;'},
 {'clss': 'Lcom/bugfender/sdk/h0;',
  'method': 'a(Ljava/io/File;)Ljava/lang/String;',
  'name': ['UUID'],
  'num': 60,
  'source_class': 'Ljava/util/Scanner;',
  'source_method': 'nextLine()Ljava/lang/String;'},
 {'clss': 'Lcom/bugfender/sdk/h0;',
  'method': 'a(Ljava/io/File;)Ljava/lang/String;',
  'name': ['UUID'],
  'num': 69,
  'source_class': 'Ljava/lang/StringBuilder;',
  'source_method': 'toString()Ljava/lang/String;'},
 {'clss': 'Lcom/bugfender/sdk/r2;',
  'method': 'a(Ljava/lang/String;)Lcom/bugfender/sdk/o2;',
  'name': ['UUID'],
  'num': 235,
  'source_class': 'Lorg/json/JSONObject;',
  'source_method': 'getString(Ljava/lang/String;)Ljava/lang/String;'},
 {'clss': 'Lcom/bugfender/sdk/r2;',
  'method': 'a(Ljava/lang/String;)Lcom/bugfender/sdk/o2;',
  'name': ['UUID'],
  'num': 569,
  'source_class': 'Lorg/json/JSONObject;',
  'source_method': 'optString(Ljava/lang/String;)Ljava/lang/String;'},
 {'clss': 'Lcom/bugfender/sdk/h0;',
  'method': 'a(Ljava/io/File;)Ljava/lang/String;',
  'name': ['UUID'],
  'num': 60,
  'source_class': 'Ljava/util/Scanner;',
  'source_method': 'nextLine()Ljava/lang/String;'},
 {'clss': 'Lcom/bugfender/sdk/h0;',
  'method': 'a(Ljava/io/File;)Ljava/lang/String;',
  'name': ['UUID'],
  'num': 69,
  'source_class': 'Ljava/lang/StringBuilder;',
  'source_method': 'toString()Ljava/lang/String;'},
 {'clss': 'Lcom/bugfender/sdk/r2;',
  'method': 'a(Ljava/lang/String;)Lcom/bugfender/sdk/o2;',
  'name': ['UUID'],
  'num': 235,
  'source_class': 'Lorg/json/JSONObject;',
  'source_method': 'getString(Ljava/lang/String;)Ljava/lang/String;'},
 {'clss': 'Lcom/bugfender/sdk/r2;',
  'method': 'a(Ljava/lang/String;)Lcom/bugfender/sdk/o2;',
  'name': ['UUID'],
  'num': 569,
  'source_class': 'Lorg/json/JSONObject;',
  'source_method': 'optString(Ljava/lang/String;)Ljava/lang/String;'},
 {'clss': 'Lcom/bugfender/sdk/h0;',
  'method': 'a(Ljava/io/File;)Ljava/lang/String;',
  'name': ['UUID'],
  'num': 60,
  'source_class': 'Ljava/util/Scanner;',
  'source_method': 'nextLine()Ljava/lang/String;'},
 {'clss': 'Lcom/bugfender/sdk/h0;',
  'method': 'a(Ljava/io/File;)Ljava/lang/String;',
  'name': ['UUID'],
  'num': 69,
  'source_class': 'Ljava/lang/StringBuilder;',
  'source_method': 'toString()Ljava/lang/String;'},
 {'clss': 'Lcom/bugfender/sdk/r2;',
  'method': 'a(Ljava/lang/String;)Lcom/bugfender/sdk/o2;',
  'name': ['UUID'],
  'num': 235,
  'source_class': 'Lorg/json/JSONObject;',
  'source_method': 'getString(Ljava/lang/String;)Ljava/lang/String;'},
 {'clss': 'Lcom/bugfender/sdk/r2;',
  'method': 'a(Ljava/lang/String;)Lcom/bugfender/sdk/o2;',
  'name': ['UUID'],
  'num': 569,
  'source_class': 'Lorg/json/JSONObject;',
  'source_method': 'optString(Ljava/lang/String;)Ljava/lang/String;'},
 {'clss': 'Lcom/bugfender/sdk/h0;',
  'method': 'a(Ljava/io/File;)Ljava/lang/String;',
  'name': ['UUID'],
  'num': 60,
  'source_class': 'Ljava/util/Scanner;',
  'source_method': 'nextLine()Ljava/lang/String;'},
 {'clss': 'Lcom/bugfender/sdk/h0;',
  'method': 'a(Ljava/io/File;)Ljava/lang/String;',
  'name': ['UUID'],
  'num': 69,
  'source_class': 'Ljava/lang/StringBuilder;',
  'source_method': 'toString()Ljava/lang/String;'},
 {'clss': 'Lcom/bugfender/sdk/r2;',
  'method': 'a(Ljava/lang/String;)Lcom/bugfender/sdk/o2;',
  'name': ['UUID'],
  'num': 235,
  'source_class': 'Lorg/json/JSONObject;',
  'source_method': 'getString(Ljava/lang/String;)Ljava/lang/String;'},
 {'clss': 'Lcom/bugfender/sdk/r2;',
  'method': 'a(Ljava/lang/String;)Lcom/bugfender/sdk/o2;',
  'name': ['UUID'],
  'num': 569,
  'source_class': 'Lorg/json/JSONObject;',
  'source_method': 'optString(Ljava/lang/String;)Ljava/lang/String;'},
 {'clss': 'Lcom/bugfender/sdk/c3;',
  'method': 'e()Ljava/lang/String;',
  'name': ['UUID'],
  'num': 300,
  'source_class': 'Landroid/content/SharedPreferences;',
  'source_method': 'getString(Ljava/lang/String;Ljava/lang/String;)Ljava/lang/String;'},
 {'clss': 'Lcom/bugfender/sdk/c3;',
  'method': 'k()Z',
  'name': ['AndroidID'],
  'num': 435,
  'source_class': 'Landroid/provider/Settings$System;',
  'source_method': 'getString(Landroid/content/ContentResolver;Ljava/lang/String;)Ljava/lang/String;'}]
Sinks
[{"smali_tag": "1640_84", "clss": "Lcom/bugfender/sdk/i3;", "method": "a(Ljava/lang/String;Ljava/lang/String;)Ljava/net/URL;", "num": 84, "sink_class": "Ljava/net/URL;", "sink_method": "<init>(Ljava/lang/String;)V", "sink_values": ["https://dashboard.bugfender.com/intent/AqA1E6ck2G/issue/bc78c826-be08-5540-852a-a395a6447397"], "sources": ["UUID"], "returned_value": null}, {"smali_tag": "1640_84", "clss": "Lcom/bugfender/sdk/i3;", "method": "a(Ljava/lang/String;Ljava/lang/String;)Ljava/net/URL;", "num": 84, "sink_class": "Ljava/net/URL;", "sink_method": "<init>(Ljava/lang/String;)V", "sink_values": ["https://dashboard.bugfender.com/intent/AqA1E6ck2G/device/a3b3b4c8-d244-4080-91d7-213ed8b6cfeb"], "sources": ["UUID"], "returned_value": null}, {"smali_tag": "1734_122", "clss": "Lcom/bugfender/sdk/u2;", "method": "a(Ljava/lang/String;Ljava/lang/String;J)Ljava/lang/String;", "num": 122, "sink_class": "Ljava/net/URL;", "sink_method": "<init>(Ljava/net/URL;Ljava/lang/String;)V", "sink_values": ["119188879"], "sources": ["UUID"], "returned_value": null}, {"smali_tag": "1734_122", "clss": "Lcom/bugfender/sdk/u2;", "method": "a(Ljava/lang/String;Ljava/lang/String;J)Ljava/lang/String;", "num": 122, "sink_class": "Ljava/net/URL;", "sink_method": "<init>(Ljava/net/URL;Ljava/lang/String;)V", "sink_values": ["119188879"], "sources": ["UUID"], "returned_value": null}, {"smali_tag": "1734_122", "clss": "Lcom/bugfender/sdk/u2;", "method": "a(Ljava/lang/String;Ljava/lang/String;J)Ljava/lang/String;", "num": 122, "sink_class": "Ljava/net/URL;", "sink_method": "<init>(Ljava/net/URL;Ljava/lang/String;)V", "sink_values": ["119188879"], "sources": ["UUID"], "returned_value": null}, {"smali_tag": "1734_122", "clss": "Lcom/bugfender/sdk/u2;", "method": "a(Ljava/lang/String;Ljava/lang/String;J)Ljava/lang/String;", "num": 122, "sink_class": "Ljava/net/URL;", "sink_method": "<init>(Ljava/net/URL;Ljava/lang/String;)V", "sink_values": ["119188879"], "sources": ["UUID"], "returned_value": null}, {"smali_tag": "1734_122", "clss": "Lcom/bugfender/sdk/u2;", "method": "a(Ljava/lang/String;Ljava/lang/String;J)Ljava/lang/String;", "num": 122, "sink_class": "Ljava/net/URL;", "sink_method": "<init>(Ljava/net/URL;Ljava/lang/String;)V", "sink_values": ["119188879"], "sources": ["UUID"], "returned_value": null}, {"smali_tag": "1734_122", "clss": "Lcom/bugfender/sdk/u2;", "method": "a(Ljava/lang/String;Ljava/lang/String;J)Ljava/lang/String;", "num": 122, "sink_class": "Ljava/net/URL;", "sink_method": "<init>(Ljava/net/URL;Ljava/lang/String;)V", "sink_values": ["119188879"], "sources": ["UUID"], "returned_value": null}, {"smali_tag": "1734_122", "clss": "Lcom/bugfender/sdk/u2;", "method": "a(Ljava/lang/String;Ljava/lang/String;J)Ljava/lang/String;", "num": 122, "sink_class": "Ljava/net/URL;", "sink_method": "<init>(Ljava/net/URL;Ljava/lang/String;)V", "sink_values": ["119188879"], "sources": ["UUID"], "returned_value": null}, {"smali_tag": "1734_122", "clss": "Lcom/bugfender/sdk/u2;", "method": "a(Ljava/lang/String;Ljava/lang/String;J)Ljava/lang/String;", "num": 122, "sink_class": "Ljava/net/URL;", "sink_method": "<init>(Ljava/net/URL;Ljava/lang/String;)V", "sink_values": ["119188879"], "sources": ["UUID"], "returned_value": null}, {"smali_tag": "1734_122", "clss": "Lcom/bugfender/sdk/u2;", "method": "a(Ljava/lang/String;Ljava/lang/String;J)Ljava/lang/String;", "num": 122, "sink_class": "Ljava/net/URL;", "sink_method": "<init>(Ljava/net/URL;Ljava/lang/String;)V", "sink_values": ["119188879"], "sources": ["UUID"], "returned_value": null}, {"smali_tag": "1734_122", "clss": "Lcom/bugfender/sdk/u2;", "method": "a(Ljava/lang/String;Ljava/lang/String;J)Ljava/lang/String;", "num": 122, "sink_class": "Ljava/net/URL;", "sink_method": "<init>(Ljava/net/URL;Ljava/lang/String;)V", "sink_values": ["119188879"], "sources": ["UUID"], "returned_value": null}, {"smali_tag": "1734_122", "clss": "Lcom/bugfender/sdk/u2;", "method": "a(Ljava/lang/String;Ljava/lang/String;J)Ljava/lang/String;", "num": 122, "sink_class": "Ljava/net/URL;", "sink_method": "<init>(Ljava/net/URL;Ljava/lang/String;)V", "sink_values": ["119188879"], "sources": ["UUID"], "returned_value": null}, {"smali_tag": "1734_122", "clss": "Lcom/bugfender/sdk/u2;", "method": "a(Ljava/lang/String;Ljava/lang/String;J)Ljava/lang/String;", "num": 122, "sink_class": "Ljava/net/URL;", "sink_method": "<init>(Ljava/net/URL;Ljava/lang/String;)V", "sink_values": ["119188879"], "sources": ["UUID"], "returned_value": null}, {"smali_tag": "1734_122", "clss": "Lcom/bugfender/sdk/u2;", "method": "a(Ljava/lang/String;Ljava/lang/String;J)Ljava/lang/String;", "num": 122, "sink_class": "Ljava/net/URL;", "sink_method": "<init>(Ljava/net/URL;Ljava/lang/String;)V", "sink_values": ["119188879"], "sources": ["UUID"], "returned_value": null}]