project.emulator.get_num_leaks() = 0
Sources
[{'clss': 'Lcom/razorpay/Segment;',
  'method': 'ˊ()Ljava/lang/String;',
  'name': ['AndroidID'],
  'num': 1210,
  'source_class': 'Landroid/provider/Settings$Secure;',
  'source_method': 'getString(Landroid/content/ContentResolver;Ljava/lang/String;)Ljava/lang/String;'},
 {'clss': 'Lcom/razorpay/Segment;',
  'method': 'init(Landroid/content/Context;)V',
  'name': ['AndroidID'],
  'num': 748,
  'source_class': 'Ljava/lang/StringBuilder;',
  'source_method': 'toString()Ljava/lang/String;'},
 {'clss': 'Lcom/razorpay/Segment;',
  'method': 'ˊ()Ljava/lang/String;',
  'name': ['AndroidID'],
  'num': 1210,
  'source_class': 'Landroid/provider/Settings$Secure;',
  'source_method': 'getString(Landroid/content/ContentResolver;Ljava/lang/String;)Ljava/lang/String;'}]
Sinks
[]