project.emulator.get_num_leaks() = 2
Sources
[{'clss': 'Laa/a$a;', 'method': 'c()Ljava/lang/String;', 'name': ['UUID'], 'num': 67, 'source_class': 'Ljava/util/UUID;', 'source_method': 'toString()Ljava/lang/String;'},
 {'clss': 'Lhf/n1;', 'method': 'e([Ljava/lang/String;)Ljava/lang/Boolean;', 'name': ['UUID'], 'num': 141, 'source_class': 'Ljava/lang/StringBuilder;', 'source_method': 'toString()Ljava/lang/String;'},
 {'clss': 'Lye/i;', 'method': 'q()Ljava/lang/String;', 'name': ['UUID'], 'num': 561, 'source_class': 'Ljava/util/UUID;', 'source_method': 'toString()Ljava/lang/String;'},
 {'clss': 'Lpc/y;',
  'method': 'q(Lpc/y;Ljava/lang/String;Ljava/lang/String;)Ljava/lang/String;',
  'name': ['UUID'],
  'num': 268,
  'source_class': 'Landroid/content/SharedPreferences;',
  'source_method': 'getString(Ljava/lang/String;Ljava/lang/String;)Ljava/lang/String;'},
 {'clss': 'Lre/g;',
  'method': 'j()Ljava/lang/String;',
  'name': ['UUID'],
  'num': 1611,
  'source_class': 'Landroid/content/SharedPreferences;',
  'source_method': 'getString(Ljava/lang/String;Ljava/lang/String;)Ljava/lang/String;'},
 {'clss': 'Lcom/instabug/library/networkv2/service/synclogs/c;',
  'method': 'p(Ljava/lang/String;)Ljava/lang/String;',
  'name': ['UUID'],
  'num': 301,
  'source_class': 'Ljava/lang/StringBuilder;',
  'source_method': 'toString()Ljava/lang/String;'},
 {'clss': 'Lzd/h;', 'method': 'toString()Ljava/lang/String;', 'name': ['UUID'], 'num': 56, 'source_class': 'Landroid/net/Uri$Builder;', 'source_method': 'toString()Ljava/lang/String;'},
 {'clss': 'Lzd/h;', 'method': 'toString()Ljava/lang/String;', 'name': ['UUID'], 'num': 56, 'source_class': 'Landroid/net/Uri$Builder;', 'source_method': 'toString()Ljava/lang/String;'},
 {'clss': 'Lzd/e;', 'method': 'k()Ljava/lang/String;', 'name': ['UUID'], 'num': 720, 'source_class': 'Ljava/lang/StringBuilder;', 'source_method': 'toString()Ljava/lang/String;'},
 {'clss': 'Lzd/h;', 'method': 'toString()Ljava/lang/String;', 'name': ['UUID'], 'num': 56, 'source_class': 'Landroid/net/Uri$Builder;', 'source_method': 'toString()Ljava/lang/String;'},
 {'clss': 'Lzd/h;', 'method': 'toString()Ljava/lang/String;', 'name': ['UUID'], 'num': 56, 'source_class': 'Landroid/net/Uri$Builder;', 'source_method': 'toString()Ljava/lang/String;'},
 {'clss': 'Lzd/e;', 'method': 'k()Ljava/lang/String;', 'name': ['UUID'], 'num': 720, 'source_class': 'Ljava/lang/StringBuilder;', 'source_method': 'toString()Ljava/lang/String;'},
 {'clss': 'Lq5/f;', 'method': '<init>(Ljavax/net/ssl/HttpsURLConnection;)V', 'name': ['UUID'], 'num': 96, 'source_class': 'Ljava/net/URL;', 'source_method': 'toString()Ljava/lang/String;'},
 {'clss': 'Lwd/b;', 'method': 'd(Lzd/e;)Ljava/net/HttpURLConnection;', 'name': ['UUID'], 'num': 266, 'source_class': 'Ljava/net/URL;', 'source_method': 'toString()Ljava/lang/String;'},
 {'clss': 'Laa/c0;', 'method': 'd()Lsd/b;', 'name': ['UUID'], 'num': 251, 'source_class': 'Ljava/util/UUID;', 'source_method': 'toString()Ljava/lang/String;'},
 {'clss': 'Lbj/m;',
  'method': 'i(Ljava/lang/String;Ljava/lang/Object;)Ljava/lang/String;',
  'name': ['UUID'],
  'num': 318,
  'source_class': 'Ljava/lang/StringBuilder;',
  'source_method': 'toString()Ljava/lang/String;'},
 {'clss': 'La8/f;',
  'method': 'd(Ljava/io/File;Ljava/lang/String;)Ljava/io/File;',
  'name': ['UUID'],
  'num': 172,
  'source_class': 'Ljava/lang/StringBuilder;',
  'source_method': 'toString()Ljava/lang/String;'},
 {'clss': 'La8/f;', 'method': 'c(Ljava/io/File;J)Ljava/io/File;', 'name': ['UUID'], 'num': 113, 'source_class': 'Ljava/io/File;', 'source_method': 'getAbsolutePath()Ljava/lang/String;'},
 {'clss': 'La8/f;', 'method': 'c(Ljava/io/File;J)Ljava/io/File;', 'name': ['UUID'], 'num': 129, 'source_class': 'Ljava/lang/StringBuilder;', 'source_method': 'toString()Ljava/lang/String;'},
 {'clss': 'Lcom/instabug/library/networkv2/service/synclogs/c;',
  'method': 'p(Ljava/lang/String;)Ljava/lang/String;',
  'name': ['UUID'],
  'num': 301,
  'source_class': 'Ljava/lang/StringBuilder;',
  'source_method': 'toString()Ljava/lang/String;'},
 {'clss': 'Lq5/c;', 'method': 'd(Lr4/a;Lv4/a;)V', 'name': ['UUID'], 'num': 766, 'source_class': 'Ljava/lang/StringBuilder;', 'source_method': 'toString()Ljava/lang/String;'},
 {'clss': 'Lq5/c;', 'method': 'd(Lr4/a;Lv4/a;)V', 'name': ['UUID'], 'num': 766, 'source_class': 'Ljava/lang/StringBuilder;', 'source_method': 'toString()Ljava/lang/String;'},
 {'clss': 'Lq5/c;', 'method': 'd(Lr4/a;Lv4/a;)V', 'name': ['UUID'], 'num': 766, 'source_class': 'Ljava/lang/StringBuilder;', 'source_method': 'toString()Ljava/lang/String;'},
 {'clss': 'Lq5/c;', 'method': 'd(Lr4/a;Lv4/a;)V', 'name': ['UUID'], 'num': 766, 'source_class': 'Ljava/lang/StringBuilder;', 'source_method': 'toString()Ljava/lang/String;'},
 {'clss': 'Lec/m;',
  'method': 'c(Ljava/lang/String;Ljava/lang/String;Ljava/lang/String;)Ljava/util/List;',
  'name': ['UUID'],
  'num': 106,
  'source_class': 'Landroid/database/Cursor;',
  'source_method': 'getString(I)Ljava/lang/String;'},
 {'clss': 'Lpc/y;',
  'method': 'q(Lpc/y;Ljava/lang/String;Ljava/lang/String;)Ljava/lang/String;',
  'name': ['UUID'],
  'num': 268,
  'source_class': 'Landroid/content/SharedPreferences;',
  'source_method': 'getString(Ljava/lang/String;Ljava/lang/String;)Ljava/lang/String;'},
 {'clss': 'Lhf/n1;', 'method': 'e([Ljava/lang/String;)Ljava/lang/Boolean;', 'name': ['UUID'], 'num': 141, 'source_class': 'Ljava/lang/StringBuilder;', 'source_method': 'toString()Ljava/lang/String;'},
 {'clss': 'Lhf/n1;', 'method': 'e([Ljava/lang/String;)Ljava/lang/Boolean;', 'name': ['UUID'], 'num': 141, 'source_class': 'Ljava/lang/StringBuilder;', 'source_method': 'toString()Ljava/lang/String;'},
 {'clss': 'Lhf/n1;', 'method': 'e([Ljava/lang/String;)Ljava/lang/Boolean;', 'name': ['UUID'], 'num': 141, 'source_class': 'Ljava/lang/StringBuilder;', 'source_method': 'toString()Ljava/lang/String;'},
 {'clss': 'La8/v;', 'method': 'x(La8/v;Ljava/io/File;)Z', 'name': ['UUID'], 'num': 909, 'source_class': 'Ljava/io/File;', 'source_method': 'getName()Ljava/lang/String;'},
 {'clss': 'Lhf/n1;', 'method': 'e([Ljava/lang/String;)Ljava/lang/Boolean;', 'name': ['UUID'], 'num': 141, 'source_class': 'Ljava/lang/StringBuilder;', 'source_method': 'toString()Ljava/lang/String;'},
 {'clss': 'Lhf/n1;', 'method': 'e([Ljava/lang/String;)Ljava/lang/Boolean;', 'name': ['UUID'], 'num': 141, 'source_class': 'Ljava/lang/StringBuilder;', 'source_method': 'toString()Ljava/lang/String;'},
 {'clss': 'Lzd/h;', 'method': 'toString()Ljava/lang/String;', 'name': ['UUID'], 'num': 56, 'source_class': 'Landroid/net/Uri$Builder;', 'source_method': 'toString()Ljava/lang/String;'},
 {'clss': 'Lzd/h;', 'method': 'toString()Ljava/lang/String;', 'name': ['UUID'], 'num': 56, 'source_class': 'Landroid/net/Uri$Builder;', 'source_method': 'toString()Ljava/lang/String;'},
 {'clss': 'Lzd/e;', 'method': 'k()Ljava/lang/String;', 'name': ['UUID'], 'num': 720, 'source_class': 'Ljava/lang/StringBuilder;', 'source_method': 'toString()Ljava/lang/String;'},
 {'clss': 'Lzd/e;', 'method': 'toString()Ljava/lang/String;', 'name': ['UUID'], 'num': 839, 'source_class': 'Ljava/lang/StringBuilder;', 'source_method': 'toString()Ljava/lang/String;'},
 {'clss': 'Lwb/d;', 'method': 'c(Landroid/content/Context;Lzd/e$b;)V', 'name': ['UUID'], 'num': 125, 'source_class': 'Ljava/lang/StringBuilder;', 'source_method': 'toString()Ljava/lang/String;'},
 {'clss': 'Lq5/c;', 'method': 'd(Lr4/a;Lv4/a;)V', 'name': ['UUID'], 'num': 766, 'source_class': 'Ljava/lang/StringBuilder;', 'source_method': 'toString()Ljava/lang/String;'},
 {'clss': 'Lzd/h;', 'method': 'toString()Ljava/lang/String;', 'name': ['UUID'], 'num': 56, 'source_class': 'Landroid/net/Uri$Builder;', 'source_method': 'toString()Ljava/lang/String;'},
 {'clss': 'Lzd/h;', 'method': 'toString()Ljava/lang/String;', 'name': ['UUID'], 'num': 56, 'source_class': 'Landroid/net/Uri$Builder;', 'source_method': 'toString()Ljava/lang/String;'},
 {'clss': 'Lzd/e;', 'method': 'k()Ljava/lang/String;', 'name': ['UUID'], 'num': 720, 'source_class': 'Ljava/lang/StringBuilder;', 'source_method': 'toString()Ljava/lang/String;'},
 {'clss': 'Lzd/h;', 'method': 'toString()Ljava/lang/String;', 'name': ['UUID'], 'num': 56, 'source_class': 'Landroid/net/Uri$Builder;', 'source_method': 'toString()Ljava/lang/String;'},
 {'clss': 'Lzd/h;', 'method': 'toString()Ljava/lang/String;', 'name': ['UUID'], 'num': 56, 'source_class': 'Landroid/net/Uri$Builder;', 'source_method': 'toString()Ljava/lang/String;'},
 {'clss': 'Lzd/e;', 'method': 'k()Ljava/lang/String;', 'name': ['UUID'], 'num': 720, 'source_class': 'Ljava/lang/StringBuilder;', 'source_method': 'toString()Ljava/lang/String;'},
 {'clss': 'Lq5/f;', 'method': '<init>(Ljavax/net/ssl/HttpsURLConnection;)V', 'name': ['UUID'], 'num': 96, 'source_class': 'Ljava/net/URL;', 'source_method': 'toString()Ljava/lang/String;'},
 {'clss': 'Lwd/b;', 'method': 'd(Lzd/e;)Ljava/net/HttpURLConnection;', 'name': ['UUID'], 'num': 266, 'source_class': 'Ljava/net/URL;', 'source_method': 'toString()Ljava/lang/String;'},
 {'clss': 'Lcom/instabug/library/networkv2/authorization/NetworkOfficer;',
  'method': 'a()Ljava/lang/String;',
  'name': ['UUID'],
  'num': 37,
  'source_class': 'Ljava/util/UUID;',
  'source_method': 'toString()Ljava/lang/String;'},
 {'clss': 'Lzd/h;', 'method': 'toString()Ljava/lang/String;', 'name': ['UUID'], 'num': 56, 'source_class': 'Landroid/net/Uri$Builder;', 'source_method': 'toString()Ljava/lang/String;'},
 {'clss': 'Lzd/h;', 'method': 'toString()Ljava/lang/String;', 'name': ['UUID'], 'num': 56, 'source_class': 'Landroid/net/Uri$Builder;', 'source_method': 'toString()Ljava/lang/String;'},
 {'clss': 'Lzd/e;', 'method': 'k()Ljava/lang/String;', 'name': ['UUID'], 'num': 720, 'source_class': 'Ljava/lang/StringBuilder;', 'source_method': 'toString()Ljava/lang/String;'},
 {'clss': 'Lvd/a;',
  'method': 'a(Ljava/lang/String;)Ljava/lang/String;',
  'name': ['UUID'],
  'num': 13,
  'source_class': 'Ljava/net/URLEncoder;',
  'source_method': 'encode(Ljava/lang/String;Ljava/lang/String;)Ljava/lang/String;'},
 {'clss': 'Lcom/instabug/library/networkv2/authorization/NetworkOfficer;',
  'method': 'd(Lzd/e;Ljava/lang/String;Ljava/lang/String;J)Ljava/lang/String;',
  'name': ['UUID'],
  'num': 330,
  'source_class': 'Ljava/lang/StringBuilder;',
  'source_method': 'toString()Ljava/lang/String;'},
 {'clss': 'Lcom/instabug/library/networkv2/authorization/NetworkOfficer;',
  'method': 'c(Lzd/e;)Ljava/lang/String;',
  'name': ['UUID'],
  'num': 189,
  'source_class': 'Ljava/lang/StringBuilder;',
  'source_method': 'toString()Ljava/lang/String;'},
 {'clss': 'Lq5/f;', 'method': 'c(JLjava/lang/Long;Ljava/lang/Exception;)V', 'name': ['UUID'], 'num': 198, 'source_class': 'Lorg/json/JSONObject;', 'source_method': 'toString()Ljava/lang/String;'},
 {'clss': 'Lq5/f;', 'method': 'c(JLjava/lang/Long;Ljava/lang/Exception;)V', 'name': ['UUID'], 'num': 198, 'source_class': 'Lorg/json/JSONObject;', 'source_method': 'toString()Ljava/lang/String;'},
 {'clss': 'Lwd/b;', 'method': 'c(Ljava/net/HttpURLConnection;)Ljava/lang/Throwable;', 'name': ['UUID'], 'num': 84, 'source_class': 'Ljava/net/URL;', 'source_method': 'toString()Ljava/lang/String;'},
 {'clss': 'Lq5/c;', 'method': 'd(Lr4/a;Lv4/a;)V', 'name': ['UUID'], 'num': 766, 'source_class': 'Ljava/lang/StringBuilder;', 'source_method': 'toString()Ljava/lang/String;'},
 {'clss': 'Lq5/c;', 'method': 'd(Lr4/a;Lv4/a;)V', 'name': ['UUID'], 'num': 766, 'source_class': 'Ljava/lang/StringBuilder;', 'source_method': 'toString()Ljava/lang/String;'},
 {'clss': 'Lq5/f;', 'method': 'c(JLjava/lang/Long;Ljava/lang/Exception;)V', 'name': ['UUID'], 'num': 198, 'source_class': 'Lorg/json/JSONObject;', 'source_method': 'toString()Ljava/lang/String;'},
 {'clss': 'Lq5/c;', 'method': 'd(Lr4/a;Lv4/a;)V', 'name': ['UUID'], 'num': 766, 'source_class': 'Ljava/lang/StringBuilder;', 'source_method': 'toString()Ljava/lang/String;'},
 {'clss': 'Lq5/f;', 'method': 'c(JLjava/lang/Long;Ljava/lang/Exception;)V', 'name': ['UUID'], 'num': 198, 'source_class': 'Lorg/json/JSONObject;', 'source_method': 'toString()Ljava/lang/String;'},
 {'clss': 'Lq5/f;', 'method': 'c(JLjava/lang/Long;Ljava/lang/Exception;)V', 'name': ['UUID'], 'num': 198, 'source_class': 'Lorg/json/JSONObject;', 'source_method': 'toString()Ljava/lang/String;'},
 {'clss': 'Lq5/c;', 'method': 'd(Lr4/a;Lv4/a;)V', 'name': ['UUID'], 'num': 766, 'source_class': 'Ljava/lang/StringBuilder;', 'source_method': 'toString()Ljava/lang/String;'},
 {'clss': 'Lq5/f;', 'method': 'c(JLjava/lang/Long;Ljava/lang/Exception;)V', 'name': ['UUID'], 'num': 198, 'source_class': 'Lorg/json/JSONObject;', 'source_method': 'toString()Ljava/lang/String;'},
 {'clss': 'Lq5/c;', 'method': 'd(Lr4/a;Lv4/a;)V', 'name': ['UUID'], 'num': 766, 'source_class': 'Ljava/lang/StringBuilder;', 'source_method': 'toString()Ljava/lang/String;'},
 {'clss': 'Lq5/f;', 'method': 'c(JLjava/lang/Long;Ljava/lang/Exception;)V', 'name': ['UUID'], 'num': 198, 'source_class': 'Lorg/json/JSONObject;', 'source_method': 'toString()Ljava/lang/String;'},
 {'clss': 'Lq5/c;', 'method': 'd(Lr4/a;Lv4/a;)V', 'name': ['UUID'], 'num': 766, 'source_class': 'Ljava/lang/StringBuilder;', 'source_method': 'toString()Ljava/lang/String;'},
 {'clss': 'Lq5/f;', 'method': 'c(JLjava/lang/Long;Ljava/lang/Exception;)V', 'name': ['UUID'], 'num': 198, 'source_class': 'Lorg/json/JSONObject;', 'source_method': 'toString()Ljava/lang/String;'},
 {'clss': 'Lq5/c;', 'method': 'd(Lr4/a;Lv4/a;)V', 'name': ['UUID'], 'num': 766, 'source_class': 'Ljava/lang/StringBuilder;', 'source_method': 'toString()Ljava/lang/String;'},
 {'clss': 'Lq5/f;', 'method': 'c(JLjava/lang/Long;Ljava/lang/Exception;)V', 'name': ['UUID'], 'num': 198, 'source_class': 'Lorg/json/JSONObject;', 'source_method': 'toString()Ljava/lang/String;'},
 {'clss': 'Lq5/c;', 'method': 'd(Lr4/a;Lv4/a;)V', 'name': ['UUID'], 'num': 766, 'source_class': 'Ljava/lang/StringBuilder;', 'source_method': 'toString()Ljava/lang/String;'},
 {'clss': 'Lcom/instabug/library/networkv2/authorization/NetworkOfficer;',
  'method': 'a()Ljava/lang/String;',
  'name': ['UUID'],
  'num': 37,
  'source_class': 'Ljava/util/UUID;',
  'source_method': 'toString()Ljava/lang/String;'},
 {'clss': 'Lcom/instabug/library/networkv2/authorization/NetworkOfficer;',
  'method': 'd(Lzd/e;Ljava/lang/String;Ljava/lang/String;J)Ljava/lang/String;',
  'name': ['UUID'],
  'num': 330,
  'source_class': 'Ljava/lang/StringBuilder;',
  'source_method': 'toString()Ljava/lang/String;'},
 {'clss': 'Lcom/instabug/library/networkv2/authorization/NetworkOfficer;',
  'method': 'c(Lzd/e;)Ljava/lang/String;',
  'name': ['UUID'],
  'num': 189,
  'source_class': 'Ljava/lang/StringBuilder;',
  'source_method': 'toString()Ljava/lang/String;'},
 {'clss': 'Lq5/c;', 'method': 'd(Lr4/a;Lv4/a;)V', 'name': ['UUID'], 'num': 766, 'source_class': 'Ljava/lang/StringBuilder;', 'source_method': 'toString()Ljava/lang/String;'},
 {'clss': 'Lq5/f;', 'method': 'c(JLjava/lang/Long;Ljava/lang/Exception;)V', 'name': ['UUID'], 'num': 198, 'source_class': 'Lorg/json/JSONObject;', 'source_method': 'toString()Ljava/lang/String;'},
 {'clss': 'Lq5/f;', 'method': 'c(JLjava/lang/Long;Ljava/lang/Exception;)V', 'name': ['UUID'], 'num': 198, 'source_class': 'Lorg/json/JSONObject;', 'source_method': 'toString()Ljava/lang/String;'},
 {'clss': 'Lq5/f;', 'method': 'c(JLjava/lang/Long;Ljava/lang/Exception;)V', 'name': ['UUID'], 'num': 198, 'source_class': 'Lorg/json/JSONObject;', 'source_method': 'toString()Ljava/lang/String;'},
 {'clss': 'Lq5/f;', 'method': 'c(JLjava/lang/Long;Ljava/lang/Exception;)V', 'name': ['UUID'], 'num': 198, 'source_class': 'Lorg/json/JSONObject;', 'source_method': 'toString()Ljava/lang/String;'},
 {'clss': 'Lq5/f;', 'method': 'c(JLjava/lang/Long;Ljava/lang/Exception;)V', 'name': ['UUID'], 'num': 198, 'source_class': 'Lorg/json/JSONObject;', 'source_method': 'toString()Ljava/lang/String;'},
 {'clss': 'Lq5/f;', 'method': 'c(JLjava/lang/Long;Ljava/lang/Exception;)V', 'name': ['UUID'], 'num': 198, 'source_class': 'Lorg/json/JSONObject;', 'source_method': 'toString()Ljava/lang/String;'},
 {'clss': 'Lq5/f;', 'method': 'c(JLjava/lang/Long;Ljava/lang/Exception;)V', 'name': ['UUID'], 'num': 198, 'source_class': 'Lorg/json/JSONObject;', 'source_method': 'toString()Ljava/lang/String;'},
 {'clss': 'Lq5/f;', 'method': 'c(JLjava/lang/Long;Ljava/lang/Exception;)V', 'name': ['UUID'], 'num': 198, 'source_class': 'Lorg/json/JSONObject;', 'source_method': 'toString()Ljava/lang/String;'},
 {'clss': 'Lq5/f;', 'method': 'c(JLjava/lang/Long;Ljava/lang/Exception;)V', 'name': ['UUID'], 'num': 198, 'source_class': 'Lorg/json/JSONObject;', 'source_method': 'toString()Ljava/lang/String;'}]
Sinks
[{"smali_tag": "3992_218", "clss": "Lwd/b;", "method": "d(Lzd/e;)Ljava/net/HttpURLConnection;", "num": 218, "sink_class": "Ljava/net/URL;", "sink_method": "<init>(Ljava/lang/String;)V", "sink_values": ["https://api.instabug.com/api/sdk/v3/features?application_token=token&uuid=edc1fd0d-c46c-4212-9f60-590af75ef468"], "sources": ["UUID"], "returned_value": null}, {"smali_tag": "3992_218", "clss": "Lwd/b;", "method": "d(Lzd/e;)Ljava/net/HttpURLConnection;", "num": 218, "sink_class": "Ljava/net/URL;", "sink_method": "<init>(Ljava/lang/String;)V", "sink_values": ["https://api.instabug.com/api/sdk/v3/first_seen?application_token=token&uuid=edc1fd0d-c46c-4212-9f60-590af75ef468"], "sources": ["UUID"], "returned_value": null}, {"smali_tag": "1584_13", "clss": "Lvd/a;", "method": "a(Ljava/lang/String;)Ljava/lang/String;", "num": 13, "sink_class": "Ljava/net/URLEncoder;", "sink_method": "encode(Ljava/lang/String;Ljava/lang/String;)Ljava/lang/String;", "sink_values": ["https://api.instabug.com/api/sdk/v3/first_seen?application_token=token&uuid=edc1fd0d-c46c-4212-9f60-590af75ef468"], "sources": ["UUID"], "returned_value": null}, {"smali_tag": "3992_218", "clss": "Lwd/b;", "method": "d(Lzd/e;)Ljava/net/HttpURLConnection;", "num": 218, "sink_class": "Ljava/net/URL;", "sink_method": "<init>(Ljava/lang/String;)V", "sink_values": ["https://api.instabug.com/api/sdk/v3/application_categories?application_token=token"], "sources": ["UUID"], "returned_value": null}, {"smali_tag": "1584_13", "clss": "Lvd/a;", "method": "a(Ljava/lang/String;)Ljava/lang/String;", "num": 13, "sink_class": "Ljava/net/URLEncoder;", "sink_method": "encode(Ljava/lang/String;Ljava/lang/String;)Ljava/lang/String;", "sink_values": ["https://api.instabug.com/api/sdk/v3/application_categories?application_token=token"], "sources": ["UUID"], "returned_value": null}]