project.emulator.get_num_leaks() = 1
Sources
[{'clss': 'Lcom/taboola/android/global_components/AppSession;',
  'method': '<init>(Landroid/content/Context;)V',
  'name': ['UUID'],
  'num': 37,
  'source_class': 'Ljava/util/UUID;',
  'source_method': 'toString()Ljava/lang/String;'},
 {'clss': 'Lcom/taboola/android/global_components/AppSession;',
  'method': '<init>(Landroid/content/Context;)V',
  'name': ['UUID'],
  'num': 59,
  'source_class': 'Ljava/lang/StringBuilder;',
  'source_method': 'toString()Ljava/lang/String;'},
 {'clss': 'Lcom/taboola/android/utils/TBLSharedPrefUtil;',
  'method': 'getString(Landroid/content/Context;Ljava/lang/String;Ljava/lang/String;)Ljava/lang/String;',
  'name': ['UUID'],
  'num': 1036,
  'source_class': 'Landroid/content/SharedPreferences;',
  'source_method': 'getString(Ljava/lang/String;Ljava/lang/String;)Ljava/lang/String;'},
 {'clss': 'Lcom/taboola/android/global_components/AppSession;',
  'method': 'getAppSessionString(Landroid/content/Context;)Ljava/lang/String;',
  'name': ['UUID'],
  'num': 101,
  'source_class': 'Ljava/lang/StringBuilder;',
  'source_method': 'toString()Ljava/lang/String;'},
 {'clss': 'Lcom/taboola/android/tblweb/TBLWebViewManager;',
  'method': 'getDeviceData()Ljava/lang/String;',
  'name': ['UUID'],
  'num': 1819,
  'source_class': 'Lorg/json/JSONObject;',
  'source_method': 'toString()Ljava/lang/String;'},
 {'clss': 'Lcom/taboola/android/tblweb/TBLInjectedObject;',
  'method': 'getDeviceData()Ljava/lang/String;',
  'name': ['UUID'],
  'num': 970,
  'source_class': 'Ljava/lang/StringBuilder;',
  'source_method': 'toString()Ljava/lang/String;'},
 {'clss': 'Lcom/taboola/android/global_components/configuration/TBLConfigManager;',
  'method': 'getConfigFromRemote(Lcom/taboola/android/global_components/configuration/TBLConfigResponse;)V',
  'name': ['UUID'],
  'num': 303,
  'source_class': 'Ljava/util/UUID;',
  'source_method': 'toString()Ljava/lang/String;'},
 {'clss': 'Lcom/taboola/android/utils/TBLSharedPrefUtil;',
  'method': 'getString(Landroid/content/Context;Ljava/lang/String;Ljava/lang/String;)Ljava/lang/String;',
  'name': ['UUID'],
  'num': 1036,
  'source_class': 'Landroid/content/SharedPreferences;',
  'source_method': 'getString(Ljava/lang/String;Ljava/lang/String;)Ljava/lang/String;'},
 {'clss': 'Lcom/taboola/android/global_components/AppSession;',
  'method': 'getAppSessionString(Landroid/content/Context;)Ljava/lang/String;',
  'name': ['UUID'],
  'num': 101,
  'source_class': 'Ljava/lang/StringBuilder;',
  'source_method': 'toString()Ljava/lang/String;'},
 {'clss': 'Lcom/taboola/android/tblweb/TBLWebViewManager;',
  'method': 'getDeviceData()Ljava/lang/String;',
  'name': ['UUID'],
  'num': 1819,
  'source_class': 'Lorg/json/JSONObject;',
  'source_method': 'toString()Ljava/lang/String;'},
 {'clss': 'Lcom/taboola/android/tblweb/TBLInjectedObject;',
  'method': 'getDeviceData()Ljava/lang/String;',
  'name': ['UUID'],
  'num': 970,
  'source_class': 'Ljava/lang/StringBuilder;',
  'source_method': 'toString()Ljava/lang/String;'},
 {'clss': 'Lcom/taboola/android/tblnative/TBLNativePageNetworkOrchestrator;',
  'method': 'fetchRecommendations(Lcom/taboola/android/tblnative/TBLRecommendationsRequest;Lcom/taboola/android/tblnative/TBLRecommendationRequestCallback;Lcom/taboola/android/tblnative/TBLNativeUnit;Landroid/os/Handler;)V',
  'name': ['UUID'],
  'num': 430,
  'source_class': 'Ljava/util/UUID;',
  'source_method': 'toString()Ljava/lang/String;'},
 {'clss': 'Lcom/taboola/android/global_components/network/handlers/TBLRecommendationsHandler;',
  'method': 'performRequest(Ljava/lang/String;Ljava/lang/String;Ljava/util/Map;Ljava/lang/String;Lcom/taboola/android/global_components/network/handlers/TBLRecommendationsHandler$RecommendationsResponse;)Ljava/lang/String;',
  'name': ['UUID'],
  'num': 507,
  'source_class': 'Ljava/lang/String;',
  'source_method': 'valueOf(Ljava/lang/Object;)Ljava/lang/String;'},
 {'clss': 'Lcom/taboola/lightnetwork/url_components/UrlParameter;',
  'method': '<init>(Ljava/lang/Object;Ljava/lang/Object;)V',
  'name': ['UUID'],
  'num': 28,
  'source_class': 'Ljava/lang/String;',
  'source_method': 'valueOf(Ljava/lang/Object;)Ljava/lang/String;'},
 {'clss': 'Lcom/taboola/lightnetwork/url_components/UrlParameters;',
  'method': 'getString(Z)Ljava/lang/String;',
  'name': ['UUID'],
  'num': 275,
  'source_class': 'Ljava/lang/String;',
  'source_method': 'format(Ljava/lang/String;[Ljava/lang/Object;)Ljava/lang/String;'},
 {'clss': 'Lcom/taboola/lightnetwork/url_components/UrlParameters;',
  'method': 'getString(Z)Ljava/lang/String;',
  'name': ['UUID'],
  'num': 289,
  'source_class': 'Ljava/lang/StringBuilder;',
  'source_method': 'toString()Ljava/lang/String;'},
 {'clss': 'Lcom/taboola/lightnetwork/url_components/MutableUrl;',
  'method': 'getQueryParams()Ljava/lang/String;',
  'name': ['UUID'],
  'num': 179,
  'source_class': 'Ljava/lang/StringBuilder;',
  'source_method': 'toString()Ljava/lang/String;'},
 {'clss': 'Lcom/taboola/lightnetwork/url_components/MutableUrl;',
  'method': 'getUrl()Ljava/lang/String;',
  'name': ['UUID'],
  'num': 281,
  'source_class': 'Ljava/lang/String;',
  'source_method': 'format(Ljava/lang/String;[Ljava/lang/Object;)Ljava/lang/String;'},
 {'clss': 'Lcom/taboola/lightnetwork/protocols/http/HttpRequest;',
  'method': 'performRequest(Lcom/taboola/lightnetwork/protocols/http/HttpManager$NetworkResponse;Z)V',
  'name': ['UUID'],
  'num': 450,
  'source_class': 'Ljava/lang/String;',
  'source_method': 'toLowerCase()Ljava/lang/String;'},
 {'clss': 'Lcom/taboola/android/tblnative/TBLNativePageNetworkOrchestrator$1;',
  'method': 'onResponse(Lcom/taboola/lightnetwork/protocols/http/HttpResponse;Ljava/lang/String;)V',
  'name': ['UUID'],
  'num': 115,
  'source_class': 'Ljava/lang/StringBuilder;',
  'source_method': 'toString()Ljava/lang/String;'}]
Sinks
[{"smali_tag": "7708_467", "clss": "Lcom/taboola/lightnetwork/protocols/http/HttpRequest;", "method": "performRequest(Lcom/taboola/lightnetwork/protocols/http/HttpManager$NetworkResponse;Z)V", "num": 467, "sink_class": "Ljava/net/URL;", "sink_method": "<init>(Ljava/lang/String;)V", "sink_values": ["https://cdn.taboola.com/mobile-config/sdk-tester-rnd/confV1_0/taboolaConfig.json?ui=tci8c3a5-d838-4caa-9249-62ba77bdaebe&appv=1.0&sdkv=3.7.0-rc1&osv=12"], "sources": ["UUID"], "returned_value": null}, {"smali_tag": "7708_467", "clss": "Lcom/taboola/lightnetwork/protocols/http/HttpRequest;", "method": "performRequest(Lcom/taboola/lightnetwork/protocols/http/HttpManager$NetworkResponse;Z)V", "num": 467, "sink_class": "Ljava/net/URL;", "sink_method": "<init>(Ljava/lang/String;)V", "sink_values": ["https://api.taboola.com/1.2/json/sdk-tester-rnd/recommendations.multiple-get?placement1.available=true&ad=%7B%22sdkd%22%3A%7B%22appv%22%3A%221.0%22%2C%22appid%22%3A%22com.taboola.kotlin.examples%22%2C%22sdkt%22%3A%22Taboola%20Android%20SDK%20-%20API%22%2C%22os%22%3A%22Android%22%2C%22osv%22%3A%2212%22%2C%22sdkv%22%3A%223.7.0-rc1%22%2C%22app%22%3A%22TaboolaSdkExamples%22%2C%22model%22%3A%22Google%20AOSP%20on%20Oriole%22%2C%22lng%22%3A%7B%22main%22%3A%22eng%22%2C%22locale%22%3A%22en_US%22%2C%22dsplng%22%3A%22English%22%2C%22sim%22%3A%22jp%22%2C%22netw%22%3A%22jp%22%2C%22kbd%22%3A%5B%22en_US%22%5D%7D%2C%22androidx%22%3Atrue%2C%22net%22%3A%22wifi%22%2C%22mem%22%3A%227775076%22%2C%22scr%22%3A%7B%22wd%22%3A1080%2C%22ht%22%3A2156%7D%7D%7D&app.name=TaboolaSdkExamples&user.opt_out=false&placement1.rec-count=10&source.id=%2F&app.type=mobile&source.type=text&app.apikey=c4c6a04f0b48c7992ff477c89a28ef8d41932d12&placement1.visible=false&req_id=98189245-df18-4a5b-a578-c0c3787eae5c&source.url=https%3A%2F%2Fblog.taboola.com&user.session=init&placement1.organic-type=mix&view.id=1696849658555&placement1.name=list_item"], "sources": ["UUID"], "returned_value": null}, {"smali_tag": "7708_467", "clss": "Lcom/taboola/lightnetwork/protocols/http/HttpRequest;", "method": "performRequest(Lcom/taboola/lightnetwork/protocols/http/HttpManager$NetworkResponse;Z)V", "num": 467, "sink_class": "Ljava/net/URL;", "sink_method": "<init>(Ljava/lang/String;)V", "sink_values": ["https://api.taboola.com/1.2/json/sdk-tester-rnd/recommendations.notify-visible?response.session=v2_5fbcea349f0528dbeacc0d6c971d993a_64e1684d-937c-468b-9d5c-ae8e4e6bae4d-tuctc1d647a_1696849658_1696849658_CNawjgYQ5OxKGPSj44Sb-IuXcSABKAEwbziWrQtAurcLSIL61gNQ____________AVgAYABo1c_HzIag1_vwAXAB&response.id=__6f13ba606acb40c2a9471fbd39b3cef1__3030b1cd4885e101a471937f8157e5c3__~~V1~~-3861544045212001400~~zWSZK72glObWri46KAXvrpjKMOioyU2_kwj9KIuUEahw6cLzOYgYTH58zK8cIqqSJixgLU9KG2GdS6FsD2gifXRs4JVg81cu-dd4frosmb9RR6lcOgK9hPSicKcToU1zTS8Maux2jWC1gRU3nx5A7kBrj1pmvkNgEACPIvH9jvw%2C~~V1~~-4817560986594539869~~V5Xv7njVWMKU_-CVNfC8GJs0uCoyoxYYX-zj7azKLUTnoZueAsnM0UTkqRiz-o8uuKa2_rupL9I0kvx1XVufut2qKIJrSNJ_InWKPTfYcgzaXzWc0vY2-B5N-kofkML8tN99JaI0fJf4Cl8mImm9oNvwtSZAl2HBw8AWXXSSctk6t7dFKu-C7IDyA2W8cUVUYAlehcBI5ohr6it4ceFpgg_H_0sDKsCQ6CfOGJrVE54Q4SsjNwgLg11YZf1FEyiljrOGv-6iDoYLvQ6osB3pEQ%2C~~V1~~-1194302468170150094~~OFjhT-GjkvChLwRZGs4VrFQu-AN4A_RIxlbVFndcAKvkc1MwgRREHD_eZSuV_YDlJixgLU9KG2GdS6FsD2gifUwPLIiGdrnHwJ3bj5RzpooFzYpiKTSncLogRzvpwlmgNWhUw-pRgB1BHKah1f4T3ybPrgt_llpq1D_-dRcwIvgAfDEOQ8Eq8LowWsfWsllG%2C~~V1~~-6768269929085572530~~k26ZAZ6uYqAF32g3Z0H1DQCbdS4m30NtzyD7GBEPHVfB6wGpPWu_F_-PRJzQTUkvJixgLU9KG2GdS6FsD2gifVHK9jpYLXWfpaDHP1hte49X2gYxnC9xOR57J8wb0jEuTS8Maux2jWC1gRU3nx5A7kBrj1pmvkNgEACPIvH9jvw%2C~~V1~~3570908636208400960~~YNHtMjIt_hBCBAUdSRJaekaZdSRrot7aqzuf2RsLkiSJKXj05hAmitdyoIZhlGUCJixgLU9KG2GdS6FsD2gifauY7iLnSOXqaLSCVC0jdgS5ED9C2iPUFAVbhH66d838TS8Maux2jWC1gRU3nx5A7l8LvFRDSsi0lETL7DwqyhQ%2Cplan-your-fathers-day-campaign%2Cus-auto-industry%2Challoween-trends-to-follow-for-scary-good-campaigns%2C%2Ftvshowbiz%2Farticle-8495981%2FGemma-Collins-continues-showcase-3st-weight-loss-models-designs-range.html%2C%2Fapp-monetization-trends-in-app-advertising%2F__text%2Ctext%2Cphoto%2Ctext%2Ctext%2Ctext%2Ctext%2Ctext%2Ctext%2Ctext&app.apikey=c4c6a04f0b48c7992ff477c89a28ef8d41932d12&app.type=mobile"], "sources": ["UUID"], "returned_value": null}]